(VSCode) 2025-08-08 18:04:31.254 [INFO]: No proxy settings found
(VSCode) 2025-08-08 18:04:32.224 [INFO]: Checking network connection...
(VSCode) 2025-08-08 18:04:32.952 [INFO]: No Network Issue connecting to https://server.codeium.com/healthz
(VSCode) 2025-08-08 18:04:33.794 [INFO]: Creating manager directory: /tmp/aa94f45a-7c05-4700-acec-eb54cf63d0ce/codeium/manager
(VSCode) 2025-08-08 18:04:34.496 [INFO]: Using cached LS with valid crc32: /workspace/.vscode-remote/extensions/codeium.codeium-1.48.2-universal/dist/e03af6ebc40b844314d448f947c80b636d093049/language_server_linux_x64
(VSCode) 2025-08-08 18:04:34.510 [INFO]: Language server started
2025/08/08 18:04:34 maxprocs: Leaving GOMAXPROCS=16: CPU quota undefined
I0808 18:04:34.971397  4835 main.go:604] [Language Server Manager] Setting GOMAXPROCS to 4
I0808 18:04:34.971546  4835 main.go:829] [Language Server Manager] Starting language server manager with pid 4835
I0808 18:04:34.971686  4835 main.go:138] [Language Server Manager] Manager acquired its lock file /tmp/aa94f45a-7c05-4700-acec-eb54cf63d0ce/codeium/manager/locks/manager.lock
I0808 18:04:34.973391  4835 main.go:283] [Language Server Manager] Waiting for random port file in /tmp/aa94f45a-7c05-4700-acec-eb54cf63d0ce/codeium/manager/child_random_port_1754676274972062560_7906659772297781653 to be created
2025/08/08 18:04:35 maxprocs: Leaving GOMAXPROCS=16: CPU quota undefined
I0808 18:04:35.380002  4854 main.go:604] Setting GOMAXPROCS to 4
I0808 18:04:35.381404  4854 main.go:823] Starting language server process with pid 4854
I0808 18:04:35.381511  4854 server.go:296] Language server will attempt to listen on host 127.0.0.1
I0808 18:04:35.382799  4854 server.go:303] Language server listening on random port at 41219
I0808 18:04:36.135414  4854 web_server.go:256] Chat Web Server listening at ws://127.0.0.1:33909
I0808 18:04:36.604364  4854 server.go:955] Local search is enabled, will index local files.
I0808 18:04:36.604411  4854 server.go:959] Using 4 indexer workers
I0808 18:04:36.720297  4854 server.go:1196] Child process attempting to acquire lock file /tmp/aa94f45a-7c05-4700-acec-eb54cf63d0ce/codeium/manager/locks/child_lock_1754676274972171640_2630315672783537043
I0808 18:04:36.720369  4854 server.go:1204] Child process acquired lock file /tmp/aa94f45a-7c05-4700-acec-eb54cf63d0ce/codeium/manager/locks/child_lock_1754676274972171640_2630315672783537043
41329
I0808 18:04:36.787833  4835 main.go:319] [Language Server Manager] Found random server port 41219
I0808 18:04:36.787868  4835 main.go:320] [Language Server Manager] Found random lsp port 41329
I0808 18:04:36.787994  4835 main.go:327] [Language Server Manager] Attempting to connect to language server at 127.0.0.1:41219
I0808 18:04:36.801602  4835 main.go:192] [Language Server Manager] Fixing language server port at 41219
I0808 18:04:36.801644  4835 main.go:381] [Language Server Manager] Successfully connected to new language server at 127.0.0.1:41219
(VSCode) 2025-08-08 18:04:36.866 [INFO]: Found language server running on port 41219
(VSCode) 2025-08-08 18:04:38.345 [INFO]: openAllTextDocuments took 266.79897600000186ms
Playwright Host validation warning: 
╔══════════════════════════════════════════════════════╗
║ Host system is missing dependencies to run browsers. ║
║ Please install them with the following command:      ║
║                                                      ║
║     sudo npx playwright install-deps                 ║
║                                                      ║
║ Alternatively, use apt:                              ║
║     sudo apt-get install libatk1.0-0\                ║
║         libatk-bridge2.0-0\                          ║
║         libcups2\                                    ║
║         libxcomposite1\                              ║
║         libxdamage1\                                 ║
║         libxfixes3\                                  ║
║         libxrandr2\                                  ║
║         libgbm1\                                     ║
║         libxkbcommon0\                               ║
║         libatspi2.0-0                                ║
║                                                      ║
║ <3 Playwright Team                                   ║
╚══════════════════════════════════════════════════════╝
    at validateDependenciesLinux (/home/gitpod/.cache/ms-playwright-go/1.50.1/package/lib/server/registry/dependencies.js:216:9)
    at process.processTicksAndRejections (node:internal/process/task_queues:105:5)
    at async Registry._validateHostRequirements (/home/gitpod/.cache/ms-playwright-go/1.50.1/package/lib/server/registry/index.js:865:43)
    at async Registry._validateHostRequirementsForExecutableIfNeeded (/home/gitpod/.cache/ms-playwright-go/1.50.1/package/lib/server/registry/index.js:963:7)
    at async Registry.validateHostRequirementsForExecutablesIfNeeded (/home/gitpod/.cache/ms-playwright-go/1.50.1/package/lib/server/registry/index.js:952:43)
    at async t.<anonymous> (/home/gitpod/.cache/ms-playwright-go/1.50.1/package/lib/cli/program.js:122:7)
(VSCode) 2025-08-08 18:04:47.096 [WARN]: User not logged in
(VSCode) 2025-08-08 18:04:49.910 [WARN]: User not logged in
(VSCode) 2025-08-08 18:04:50.539 [WARN]: User not logged in
(VSCode) 2025-08-08 18:05:05.336 [WARN]: User not logged in
(VSCode) 2025-08-08 18:05:05.886 [WARN]: User not logged in
(VSCode) 2025-08-08 18:05:16.309 [WARN]: User not logged in
(VSCode) 2025-08-08 18:05:17.587 [WARN]: User not logged in
(VSCode) 2025-08-08 18:05:24.750 [WARN]: User not logged in
(VSCode) 2025-08-08 18:05:28.742 [WARN]: User not logged in
(VSCode) 2025-08-08 18:05:29.093 [WARN]: User not logged in
(VSCode) 2025-08-08 18:05:36.758 [WARN]: User not logged in
(VSCode) 2025-08-08 18:05:37.364 [WARN]: User not logged in
(VSCode) 2025-08-08 18:05:46.301 [WARN]: User not logged in
(VSCode) 2025-08-08 18:05:46.853 [WARN]: User not logged in
(VSCode) 2025-08-08 18:05:47.155 [WARN]: User not logged in
(VSCode) 2025-08-08 18:05:59.984 [WARN]: User not logged in
(VSCode) 2025-08-08 18:06:00.822 [WARN]: User not logged in
(VSCode) 2025-08-08 18:06:01.485 [WARN]: User not logged in
(VSCode) 2025-08-08 18:06:10.793 [WARN]: User not logged in
(VSCode) 2025-08-08 18:06:11.520 [WARN]: User not logged in
(VSCode) 2025-08-08 18:06:11.768 [WARN]: User not logged in
(VSCode) 2025-08-08 18:06:26.262 [WARN]: User not logged in
(VSCode) 2025-08-08 18:07:05.914 [WARN]: User not logged in
(VSCode) 2025-08-08 18:07:22.673 [WARN]: User not logged in
(VSCode) 2025-08-08 18:07:23.174 [WARN]: User not logged in
(VSCode) 2025-08-08 18:07:31.985 [WARN]: User not logged in
(VSCode) 2025-08-08 18:07:33.164 [WARN]: User not logged in
(VSCode) 2025-08-08 18:07:33.475 [WARN]: User not logged in
(VSCode) 2025-08-08 18:07:47.342 [WARN]: User not logged in
(VSCode) 2025-08-08 18:07:47.617 [WARN]: User not logged in
(VSCode) 2025-08-08 18:08:34.109 [WARN]: User not logged in
(VSCode) 2025-08-08 18:08:35.203 [WARN]: User not logged in
(VSCode) 2025-08-08 18:08:35.821 [WARN]: User not logged in
(VSCode) 2025-08-08 18:09:21.975 [WARN]: User not logged in
(VSCode) 2025-08-08 18:09:31.297 [WARN]: User not logged in
(VSCode) 2025-08-08 18:09:32.492 [WARN]: User not logged in
(VSCode) 2025-08-08 18:09:33.074 [WARN]: User not logged in
(VSCode) 2025-08-08 18:09:33.534 [WARN]: User not logged in
(VSCode) 2025-08-08 18:09:35.999 [WARN]: User not logged in
(VSCode) 2025-08-08 18:09:38.641 [WARN]: User not logged in
(VSCode) 2025-08-08 18:09:42.201 [WARN]: User not logged in
(VSCode) 2025-08-08 18:09:43.834 [WARN]: User not logged in
(VSCode) 2025-08-08 18:09:44.684 [WARN]: User not logged in
(VSCode) 2025-08-08 18:09:44.785 [WARN]: User not logged in
(VSCode) 2025-08-08 18:09:45.205 [WARN]: User not logged in
(VSCode) 2025-08-08 18:09:45.861 [WARN]: User not logged in
(VSCode) 2025-08-08 18:09:46.597 [WARN]: User not logged in
(VSCode) 2025-08-08 18:09:48.505 [WARN]: User not logged in
(VSCode) 2025-08-08 18:09:48.990 [WARN]: User not logged in
(VSCode) 2025-08-08 18:11:01.740 [WARN]: User not logged in
(VSCode) 2025-08-08 18:11:09.062 [WARN]: User not logged in
(VSCode) 2025-08-08 18:11:09.206 [WARN]: User not logged in
(VSCode) 2025-08-08 18:11:09.579 [WARN]: User not logged in
(VSCode) 2025-08-08 18:11:10.090 [WARN]: User not logged in
(VSCode) 2025-08-08 18:11:10.250 [WARN]: User not logged in
(VSCode) 2025-08-08 18:11:29.003 [WARN]: User not logged in
(VSCode) 2025-08-08 18:11:29.533 [WARN]: User not logged in
(VSCode) 2025-08-08 18:11:30.120 [WARN]: User not logged in
(VSCode) 2025-08-08 18:11:31.105 [WARN]: User not logged in
(VSCode) 2025-08-08 18:11:31.268 [WARN]: User not logged in
(VSCode) 2025-08-08 18:11:34.358 [WARN]: User not logged in
(VSCode) 2025-08-08 18:11:40.371 [WARN]: User not logged in
(VSCode) 2025-08-08 18:11:45.297 [WARN]: User not logged in
(VSCode) 2025-08-08 18:11:47.170 [WARN]: User not logged in
(VSCode) 2025-08-08 18:11:47.513 [WARN]: User not logged in
(VSCode) 2025-08-08 18:11:51.171 [WARN]: User not logged in
(VSCode) 2025-08-08 18:11:51.451 [WARN]: User not logged in
(VSCode) 2025-08-08 18:11:51.614 [WARN]: User not logged in
(VSCode) 2025-08-08 18:11:51.819 [WARN]: User not logged in
(VSCode) 2025-08-08 18:11:52.910 [WARN]: User not logged in
(VSCode) 2025-08-08 18:11:54.279 [WARN]: User not logged in
(VSCode) 2025-08-08 18:11:54.434 [WARN]: User not logged in
(VSCode) 2025-08-08 18:11:54.868 [WARN]: User not logged in
(VSCode) 2025-08-08 18:11:56.351 [WARN]: User not logged in
(VSCode) 2025-08-08 18:11:56.493 [WARN]: User not logged in
(VSCode) 2025-08-08 18:11:57.938 [WARN]: User not logged in
(VSCode) 2025-08-08 18:11:58.466 [WARN]: User not logged in
(VSCode) 2025-08-08 18:11:58.957 [WARN]: User not logged in
(VSCode) 2025-08-08 18:11:59.734 [WARN]: User not logged in
(VSCode) 2025-08-08 18:11:59.869 [WARN]: User not logged in
(VSCode) 2025-08-08 18:12:00.281 [WARN]: User not logged in
(VSCode) 2025-08-08 18:12:01.806 [WARN]: User not logged in
(VSCode) 2025-08-08 18:12:04.042 [WARN]: User not logged in
(VSCode) 2025-08-08 18:12:04.904 [WARN]: User not logged in
(VSCode) 2025-08-08 18:12:08.123 [WARN]: User not logged in
(VSCode) 2025-08-08 18:12:10.383 [WARN]: User not logged in
(VSCode) 2025-08-08 18:12:11.018 [WARN]: User not logged in
(VSCode) 2025-08-08 18:12:15.138 [WARN]: User not logged in
(VSCode) 2025-08-08 18:12:15.342 [WARN]: User not logged in
(VSCode) 2025-08-08 18:12:15.656 [WARN]: User not logged in
(VSCode) 2025-08-08 18:12:16.353 [WARN]: User not logged in
(VSCode) 2025-08-08 18:12:16.509 [WARN]: User not logged in
(VSCode) 2025-08-08 18:12:17.435 [WARN]: User not logged in
(VSCode) 2025-08-08 18:12:18.000 [WARN]: User not logged in
(VSCode) 2025-08-08 18:12:18.102 [WARN]: User not logged in
(VSCode) 2025-08-08 18:12:18.406 [WARN]: User not logged in
(VSCode) 2025-08-08 18:12:18.868 [WARN]: User not logged in
(VSCode) 2025-08-08 18:12:19.461 [WARN]: User not logged in
(VSCode) 2025-08-08 18:12:20.807 [WARN]: User not logged in
(VSCode) 2025-08-08 18:12:21.801 [WARN]: User not logged in
(VSCode) 2025-08-08 18:12:24.320 [WARN]: User not logged in
(VSCode) 2025-08-08 18:12:26.517 [WARN]: User not logged in
(VSCode) 2025-08-08 18:13:16.678 [WARN]: User not logged in
(VSCode) 2025-08-08 18:13:27.742 [WARN]: User not logged in
(VSCode) 2025-08-08 18:13:29.009 [WARN]: User not logged in
(VSCode) 2025-08-08 18:14:10.917 [WARN]: User not logged in
(VSCode) 2025-08-08 18:14:11.339 [WARN]: User not logged in
(VSCode) 2025-08-08 18:14:13.218 [WARN]: User not logged in
(VSCode) 2025-08-08 18:14:14.507 [WARN]: User not logged in
(VSCode) 2025-08-08 18:14:15.439 [WARN]: User not logged in
(VSCode) 2025-08-08 18:14:15.700 [WARN]: User not logged in
(VSCode) 2025-08-08 18:14:15.751 [WARN]: User not logged in
(VSCode) 2025-08-08 18:14:17.857 [WARN]: User not logged in
(VSCode) 2025-08-08 18:14:19.030 [WARN]: User not logged in
(VSCode) 2025-08-08 18:14:20.453 [WARN]: User not logged in
(VSCode) 2025-08-08 18:14:22.443 [WARN]: User not logged in
(VSCode) 2025-08-08 18:14:45.949 [WARN]: User not logged in
(VSCode) 2025-08-08 18:14:46.105 [WARN]: User not logged in
(VSCode) 2025-08-08 18:14:46.243 [WARN]: User not logged in
(VSCode) 2025-08-08 18:14:48.316 [WARN]: User not logged in
(VSCode) 2025-08-08 18:14:48.437 [WARN]: User not logged in
(VSCode) 2025-08-08 18:14:48.833 [WARN]: User not logged in
(VSCode) 2025-08-08 18:14:49.375 [WARN]: User not logged in
(VSCode) 2025-08-08 18:15:29.024 [WARN]: User not logged in
(VSCode) 2025-08-08 18:15:29.652 [WARN]: User not logged in
(VSCode) 2025-08-08 18:16:00.442 [WARN]: User not logged in
(VSCode) 2025-08-08 18:16:01.265 [WARN]: User not logged in
(VSCode) 2025-08-08 18:16:23.602 [WARN]: User not logged in
(VSCode) 2025-08-08 18:16:24.240 [WARN]: User not logged in
(VSCode) 2025-08-08 18:17:02.477 [WARN]: User not logged in
(VSCode) 2025-08-08 18:17:03.460 [WARN]: User not logged in
(VSCode) 2025-08-08 18:17:57.236 [WARN]: User not logged in
(VSCode) 2025-08-08 18:17:59.742 [WARN]: User not logged in
(VSCode) 2025-08-08 18:18:00.218 [WARN]: User not logged in
(VSCode) 2025-08-08 18:18:00.569 [WARN]: User not logged in
(VSCode) 2025-08-08 18:18:00.594 [WARN]: User not logged in
(VSCode) 2025-08-08 18:18:00.764 [WARN]: User not logged in
(VSCode) 2025-08-08 18:18:01.497 [WARN]: User not logged in
(VSCode) 2025-08-08 18:18:02.045 [WARN]: User not logged in
(VSCode) 2025-08-08 18:18:02.438 [WARN]: User not logged in
(VSCode) 2025-08-08 18:18:02.637 [WARN]: User not logged in
(VSCode) 2025-08-08 18:18:44.401 [WARN]: User not logged in
(VSCode) 2025-08-08 18:18:44.605 [WARN]: User not logged in
(VSCode) 2025-08-08 18:18:45.459 [WARN]: User not logged in
(VSCode) 2025-08-08 18:18:45.619 [WARN]: User not logged in
(VSCode) 2025-08-08 18:18:47.710 [WARN]: User not logged in
(VSCode) 2025-08-08 18:18:52.269 [WARN]: User not logged in
(VSCode) 2025-08-08 18:18:52.419 [WARN]: User not logged in
(VSCode) 2025-08-08 18:18:57.620 [WARN]: User not logged in
(VSCode) 2025-08-08 18:18:57.984 [WARN]: User not logged in
(VSCode) 2025-08-08 18:18:58.617 [WARN]: User not logged in
(VSCode) 2025-08-08 18:18:59.754 [WARN]: User not logged in
(VSCode) 2025-08-08 18:19:00.143 [WARN]: User not logged in
(VSCode) 2025-08-08 18:19:01.531 [WARN]: User not logged in
(VSCode) 2025-08-08 18:19:06.209 [WARN]: User not logged in
(VSCode) 2025-08-08 18:19:08.892 [WARN]: User not logged in
(VSCode) 2025-08-08 18:19:09.034 [WARN]: User not logged in
(VSCode) 2025-08-08 18:19:11.220 [WARN]: User not logged in
(VSCode) 2025-08-08 18:19:11.538 [WARN]: User not logged in
(VSCode) 2025-08-08 18:19:11.923 [WARN]: User not logged in
(VSCode) 2025-08-08 18:19:12.686 [WARN]: User not logged in
(VSCode) 2025-08-08 18:19:13.123 [WARN]: User not logged in
(VSCode) 2025-08-08 18:19:17.677 [WARN]: User not logged in
(VSCode) 2025-08-08 18:19:19.605 [WARN]: User not logged in
(VSCode) 2025-08-08 18:20:06.607 [WARN]: User not logged in
(VSCode) 2025-08-08 18:20:06.905 [WARN]: User not logged in
(VSCode) 2025-08-08 18:20:10.576 [WARN]: User not logged in
(VSCode) 2025-08-08 18:20:10.972 [WARN]: User not logged in
(VSCode) 2025-08-08 18:20:11.089 [WARN]: User not logged in
(VSCode) 2025-08-08 18:20:11.377 [WARN]: User not logged in
(VSCode) 2025-08-08 18:20:11.542 [WARN]: User not logged in
(VSCode) 2025-08-08 18:20:11.905 [WARN]: User not logged in
(VSCode) 2025-08-08 18:20:58.592 [WARN]: User not logged in
(VSCode) 2025-08-08 18:21:02.813 [WARN]: User not logged in
(VSCode) 2025-08-08 18:21:10.366 [WARN]: User not logged in
(VSCode) 2025-08-08 18:21:27.778 [WARN]: User not logged in
(VSCode) 2025-08-08 18:21:28.121 [WARN]: User not logged in
(VSCode) 2025-08-08 18:21:35.575 [WARN]: User not logged in
(VSCode) 2025-08-08 18:21:36.067 [WARN]: User not logged in
(VSCode) 2025-08-08 18:21:56.160 [WARN]: User not logged in
(VSCode) 2025-08-08 18:21:56.682 [WARN]: User not logged in
(VSCode) 2025-08-08 18:21:57.755 [WARN]: User not logged in
(VSCode) 2025-08-08 18:21:59.391 [WARN]: User not logged in
(VSCode) 2025-08-08 18:22:03.857 [WARN]: User not logged in
(VSCode) 2025-08-08 18:23:36.272 [WARN]: User not logged in
(VSCode) 2025-08-08 18:23:36.879 [WARN]: User not logged in
(VSCode) 2025-08-08 18:23:39.404 [WARN]: User not logged in
(VSCode) 2025-08-08 18:24:10.835 [WARN]: User not logged in
(VSCode) 2025-08-08 18:24:11.696 [WARN]: User not logged in
(VSCode) 2025-08-08 18:24:11.817 [WARN]: User not logged in
(VSCode) 2025-08-08 18:24:12.529 [WARN]: User not logged in
(VSCode) 2025-08-08 18:24:12.636 [WARN]: User not logged in
(VSCode) 2025-08-08 18:24:13.360 [WARN]: User not logged in
(VSCode) 2025-08-08 18:24:13.459 [WARN]: User not logged in
(VSCode) 2025-08-08 18:24:14.200 [WARN]: User not logged in
(VSCode) 2025-08-08 18:24:14.291 [WARN]: User not logged in
(VSCode) 2025-08-08 18:24:15.238 [WARN]: User not logged in
(VSCode) 2025-08-08 18:24:16.268 [WARN]: User not logged in
(VSCode) 2025-08-08 18:24:16.884 [WARN]: User not logged in
(VSCode) 2025-08-08 18:24:17.086 [WARN]: User not logged in
(VSCode) 2025-08-08 18:24:23.615 [WARN]: User not logged in
(VSCode) 2025-08-08 18:24:25.991 [WARN]: User not logged in
(VSCode) 2025-08-08 18:24:26.659 [WARN]: User not logged in
(VSCode) 2025-08-08 18:24:27.042 [WARN]: User not logged in
(VSCode) 2025-08-08 18:50:38.309 [WARN]: User not logged in
(VSCode) 2025-08-08 18:50:38.485 [WARN]: User not logged in
(VSCode) 2025-08-08 18:50:38.977 [WARN]: User not logged in
(VSCode) 2025-08-08 18:50:42.620 [WARN]: User not logged in
(VSCode) 2025-08-08 18:50:42.680 [WARN]: User not logged in
(VSCode) 2025-08-08 18:50:43.280 [WARN]: User not logged in
(VSCode) 2025-08-08 18:50:52.623 [WARN]: User not logged in
(VSCode) 2025-08-08 18:50:52.823 [WARN]: User not logged in
(VSCode) 2025-08-08 18:50:52.956 [WARN]: User not logged in
(VSCode) 2025-08-08 18:50:53.073 [WARN]: User not logged in
(VSCode) 2025-08-08 18:50:53.478 [WARN]: User not logged in
(VSCode) 2025-08-08 18:50:55.741 [WARN]: User not logged in
(VSCode) 2025-08-08 18:50:56.069 [WARN]: User not logged in
(VSCode) 2025-08-08 18:50:56.228 [WARN]: User not logged in
(VSCode) 2025-08-08 18:50:59.913 [WARN]: User not logged in
(VSCode) 2025-08-08 18:51:00.342 [WARN]: User not logged in
(VSCode) 2025-08-08 18:51:00.762 [WARN]: User not logged in
(VSCode) 2025-08-08 18:51:03.883 [WARN]: User not logged in
(VSCode) 2025-08-08 18:51:03.981 [WARN]: User not logged in
(VSCode) 2025-08-08 18:51:04.170 [WARN]: User not logged in
(VSCode) 2025-08-08 18:51:04.510 [WARN]: User not logged in
(VSCode) 2025-08-08 18:51:12.873 [WARN]: User not logged in
(VSCode) 2025-08-08 18:53:00.320 [WARN]: User not logged in
(VSCode) 2025-08-08 18:53:06.596 [WARN]: User not logged in
(VSCode) 2025-08-08 18:53:06.824 [WARN]: User not logged in
(VSCode) 2025-08-08 18:53:07.729 [WARN]: User not logged in
(VSCode) 2025-08-08 18:53:11.276 [WARN]: User not logged in
(VSCode) 2025-08-08 18:53:16.634 [WARN]: User not logged in
(VSCode) 2025-08-08 18:53:16.749 [WARN]: User not logged in
(VSCode) 2025-08-08 18:53:16.982 [WARN]: User not logged in
(VSCode) 2025-08-08 18:53:17.238 [WARN]: User not logged in
(VSCode) 2025-08-08 18:53:17.475 [WARN]: User not logged in
(VSCode) 2025-08-08 18:53:17.865 [WARN]: User not logged in
(VSCode) 2025-08-08 18:53:19.922 [WARN]: User not logged in
(VSCode) 2025-08-08 18:53:20.539 [WARN]: User not logged in
(VSCode) 2025-08-08 18:53:26.308 [WARN]: User not logged in
(VSCode) 2025-08-08 18:53:30.255 [WARN]: User not logged in
(VSCode) 2025-08-08 18:53:36.206 [WARN]: User not logged in
(VSCode) 2025-08-08 18:53:39.225 [WARN]: User not logged in
(VSCode) 2025-08-08 18:53:42.573 [WARN]: User not logged in
(VSCode) 2025-08-08 18:55:51.206 [WARN]: User not logged in
(VSCode) 2025-08-08 18:55:54.151 [WARN]: User not logged in
(VSCode) 2025-08-08 18:56:14.619 [WARN]: User not logged in
(VSCode) 2025-08-08 18:56:19.409 [WARN]: User not logged in
(VSCode) 2025-08-08 18:56:23.294 [WARN]: User not logged in
(VSCode) 2025-08-08 18:56:23.755 [WARN]: User not logged in
(VSCode) 2025-08-08 18:56:24.266 [WARN]: User not logged in
(VSCode) 2025-08-08 18:56:27.740 [WARN]: User not logged in
(VSCode) 2025-08-08 18:56:34.741 [WARN]: User not logged in
(VSCode) 2025-08-08 18:56:34.913 [WARN]: User not logged in
(VSCode) 2025-08-08 18:56:35.556 [WARN]: User not logged in
(VSCode) 2025-08-08 18:56:55.815 [WARN]: User not logged in
(VSCode) 2025-08-08 18:57:04.689 [WARN]: User not logged in
(VSCode) 2025-08-08 18:57:05.127 [WARN]: User not logged in
(VSCode) 2025-08-08 18:57:05.422 [WARN]: User not logged in
(VSCode) 2025-08-08 18:57:06.929 [WARN]: User not logged in
(VSCode) 2025-08-08 18:57:08.989 [WARN]: User not logged in
(VSCode) 2025-08-08 18:57:10.165 [WARN]: User not logged in
(VSCode) 2025-08-08 18:57:12.641 [WARN]: User not logged in
(VSCode) 2025-08-08 18:57:13.772 [WARN]: User not logged in
(VSCode) 2025-08-08 18:57:46.704 [WARN]: User not logged in
(VSCode) 2025-08-08 18:59:14.220 [WARN]: User not logged in
(VSCode) 2025-08-08 18:59:14.780 [WARN]: User not logged in
(VSCode) 2025-08-08 18:59:15.506 [WARN]: User not logged in
(VSCode) 2025-08-08 18:59:15.804 [WARN]: User not logged in
(VSCode) 2025-08-08 18:59:17.100 [WARN]: User not logged in
(VSCode) 2025-08-08 18:59:17.893 [WARN]: User not logged in
(VSCode) 2025-08-08 18:59:18.354 [WARN]: User not logged in
(VSCode) 2025-08-08 18:59:19.435 [WARN]: User not logged in
(VSCode) 2025-08-08 18:59:20.122 [WARN]: User not logged in
(VSCode) 2025-08-08 18:59:21.229 [WARN]: User not logged in
(VSCode) 2025-08-08 19:16:03.433 [WARN]: User not logged in
(VSCode) 2025-08-08 19:16:03.798 [WARN]: User not logged in
(VSCode) 2025-08-08 19:16:38.034 [WARN]: User not logged in
(VSCode) 2025-08-08 19:16:38.661 [WARN]: User not logged in
(VSCode) 2025-08-08 19:16:38.955 [WARN]: User not logged in
(VSCode) 2025-08-08 19:16:39.316 [WARN]: User not logged in
(VSCode) 2025-08-08 19:16:53.630 [WARN]: User not logged in
(VSCode) 2025-08-08 19:17:39.449 [WARN]: User not logged in
(VSCode) 2025-08-08 19:17:39.598 [WARN]: User not logged in
(VSCode) 2025-08-08 19:17:40.031 [WARN]: User not logged in
(VSCode) 2025-08-08 19:17:40.354 [WARN]: User not logged in
(VSCode) 2025-08-08 19:17:42.218 [WARN]: User not logged in
(VSCode) 2025-08-08 19:17:43.095 [WARN]: User not logged in
(VSCode) 2025-08-08 19:17:44.808 [WARN]: User not logged in
(VSCode) 2025-08-08 19:17:44.969 [WARN]: User not logged in
(VSCode) 2025-08-08 19:17:45.346 [WARN]: User not logged in
(VSCode) 2025-08-08 19:17:46.138 [WARN]: User not logged in
(VSCode) 2025-08-08 19:17:47.133 [WARN]: User not logged in
(VSCode) 2025-08-08 19:17:56.020 [WARN]: User not logged in
(VSCode) 2025-08-08 19:22:44.991 [WARN]: User not logged in
(VSCode) 2025-08-08 19:23:17.388 [WARN]: User not logged in
(VSCode) 2025-08-08 19:23:18.264 [WARN]: User not logged in
(VSCode) 2025-08-08 19:23:18.314 [WARN]: User not logged in
(VSCode) 2025-08-08 19:23:18.583 [WARN]: User not logged in
(VSCode) 2025-08-08 19:23:34.821 [WARN]: User not logged in
(VSCode) 2025-08-08 19:23:35.627 [WARN]: User not logged in
(VSCode) 2025-08-08 19:23:49.181 [WARN]: User not logged in
(VSCode) 2025-08-08 19:23:50.165 [WARN]: User not logged in
(VSCode) 2025-08-08 19:23:50.263 [WARN]: User not logged in
(VSCode) 2025-08-08 19:23:50.878 [WARN]: User not logged in
(VSCode) 2025-08-08 19:25:18.269 [WARN]: User not logged in
(VSCode) 2025-08-08 19:25:18.832 [WARN]: User not logged in
(VSCode) 2025-08-08 19:25:42.341 [WARN]: User not logged in
(VSCode) 2025-08-08 19:25:43.064 [WARN]: User not logged in
(VSCode) 2025-08-08 19:25:48.240 [WARN]: User not logged in
(VSCode) 2025-08-08 19:25:48.628 [WARN]: User not logged in
(VSCode) 2025-08-08 19:25:49.462 [WARN]: User not logged in
(VSCode) 2025-08-08 19:25:50.486 [WARN]: User not logged in
(VSCode) 2025-08-08 19:25:50.780 [WARN]: User not logged in
(VSCode) 2025-08-08 19:25:51.717 [WARN]: User not logged in
(VSCode) 2025-08-08 19:25:53.455 [WARN]: User not logged in
(VSCode) 2025-08-08 19:26:11.265 [WARN]: User not logged in
(VSCode) 2025-08-08 19:30:13.232 [WARN]: User not logged in
(VSCode) 2025-08-08 19:30:23.317 [WARN]: User not logged in
(VSCode) 2025-08-08 19:30:24.572 [WARN]: User not logged in
(VSCode) 2025-08-08 19:30:25.386 [WARN]: User not logged in
(VSCode) 2025-08-08 19:30:29.057 [WARN]: User not logged in
(VSCode) 2025-08-08 19:30:49.815 [WARN]: User not logged in
(VSCode) 2025-08-08 19:30:59.876 [WARN]: User not logged in
(VSCode) 2025-08-08 19:31:02.779 [WARN]: User not logged in
(VSCode) 2025-08-08 19:31:04.449 [WARN]: User not logged in
(VSCode) 2025-08-08 19:31:05.003 [WARN]: User not logged in
(VSCode) 2025-08-08 19:31:06.241 [WARN]: User not logged in
(VSCode) 2025-08-08 19:31:07.725 [WARN]: User not logged in
(VSCode) 2025-08-08 19:31:09.016 [WARN]: User not logged in
(VSCode) 2025-08-08 19:31:12.471 [WARN]: User not logged in
(VSCode) 2025-08-08 19:31:16.717 [WARN]: User not logged in
(VSCode) 2025-08-08 19:31:18.831 [WARN]: User not logged in
(VSCode) 2025-08-08 19:31:21.373 [WARN]: User not logged in
(VSCode) 2025-08-08 19:32:40.356 [WARN]: User not logged in
(VSCode) 2025-08-08 19:33:57.135 [WARN]: User not logged in
(VSCode) 2025-08-08 19:33:57.912 [WARN]: User not logged in
(VSCode) 2025-08-08 19:33:59.029 [WARN]: User not logged in
(VSCode) 2025-08-08 19:34:01.764 [WARN]: User not logged in
(VSCode) 2025-08-08 19:34:26.262 [WARN]: User not logged in
(VSCode) 2025-08-08 19:34:27.283 [WARN]: User not logged in
(VSCode) 2025-08-08 19:34:29.101 [WARN]: User not logged in
(VSCode) 2025-08-08 19:34:29.591 [WARN]: User not logged in
(VSCode) 2025-08-08 19:34:52.635 [WARN]: User not logged in
(VSCode) 2025-08-08 19:34:53.063 [WARN]: User not logged in
(VSCode) 2025-08-08 19:34:53.515 [WARN]: User not logged in
(VSCode) 2025-08-08 19:34:54.673 [WARN]: User not logged in
(VSCode) 2025-08-08 19:34:54.771 [WARN]: User not logged in
(VSCode) 2025-08-08 19:35:17.552 [WARN]: User not logged in
(VSCode) 2025-08-08 19:35:17.768 [WARN]: User not logged in
(VSCode) 2025-08-08 19:35:18.124 [WARN]: User not logged in
(VSCode) 2025-08-08 19:35:18.933 [WARN]: User not logged in
(VSCode) 2025-08-08 19:35:19.292 [WARN]: User not logged in
(VSCode) 2025-08-08 19:35:20.318 [WARN]: User not logged in
(VSCode) 2025-08-08 19:35:21.678 [WARN]: User not logged in
(VSCode) 2025-08-08 19:35:23.506 [WARN]: User not logged in
(VSCode) 2025-08-08 19:35:24.803 [WARN]: User not logged in
(VSCode) 2025-08-08 19:35:27.996 [WARN]: User not logged in
(VSCode) 2025-08-08 19:35:28.039 [WARN]: User not logged in
(VSCode) 2025-08-08 19:35:28.772 [WARN]: User not logged in
(VSCode) 2025-08-08 19:35:30.806 [WARN]: User not logged in
(VSCode) 2025-08-08 19:35:30.833 [WARN]: User not logged in
(VSCode) 2025-08-08 19:35:42.584 [WARN]: User not logged in
(VSCode) 2025-08-08 19:36:09.713 [WARN]: User not logged in
(VSCode) 2025-08-08 19:36:10.016 [WARN]: User not logged in
(VSCode) 2025-08-08 19:36:10.149 [WARN]: User not logged in
(VSCode) 2025-08-08 19:36:36.355 [WARN]: User not logged in
(VSCode) 2025-08-08 19:36:36.721 [WARN]: User not logged in
(VSCode) 2025-08-08 19:36:37.518 [WARN]: User not logged in
(VSCode) 2025-08-08 19:36:41.470 [WARN]: User not logged in
(VSCode) 2025-08-08 19:36:41.946 [WARN]: User not logged in
(VSCode) 2025-08-08 19:36:51.838 [WARN]: User not logged in
(VSCode) 2025-08-08 19:36:52.528 [WARN]: User not logged in
(VSCode) 2025-08-08 19:37:12.303 [WARN]: User not logged in
(VSCode) 2025-08-08 19:37:22.967 [WARN]: User not logged in
(VSCode) 2025-08-08 19:37:23.715 [WARN]: User not logged in
(VSCode) 2025-08-08 19:37:24.399 [WARN]: User not logged in
(VSCode) 2025-08-08 19:37:24.856 [WARN]: User not logged in
(VSCode) 2025-08-08 19:38:18.568 [WARN]: User not logged in
(VSCode) 2025-08-08 19:38:18.932 [WARN]: User not logged in
(VSCode) 2025-08-08 19:38:19.763 [WARN]: User not logged in
(VSCode) 2025-08-08 19:38:20.112 [WARN]: User not logged in
(VSCode) 2025-08-08 19:38:20.868 [WARN]: User not logged in
(VSCode) 2025-08-08 19:38:21.054 [WARN]: User not logged in
(VSCode) 2025-08-08 19:38:21.344 [WARN]: User not logged in
(VSCode) 2025-08-08 19:38:22.727 [WARN]: User not logged in
(VSCode) 2025-08-08 19:38:25.602 [WARN]: User not logged in
(VSCode) 2025-08-08 19:38:25.762 [WARN]: User not logged in
(VSCode) 2025-08-08 19:38:26.079 [WARN]: User not logged in
(VSCode) 2025-08-08 19:38:27.004 [WARN]: User not logged in
(VSCode) 2025-08-08 19:38:27.532 [WARN]: User not logged in
(VSCode) 2025-08-08 19:38:29.021 [WARN]: User not logged in
(VSCode) 2025-08-08 19:38:31.118 [WARN]: User not logged in
(VSCode) 2025-08-08 19:38:31.176 [WARN]: User not logged in
(VSCode) 2025-08-08 19:38:33.222 [WARN]: User not logged in
(VSCode) 2025-08-08 19:38:33.898 [WARN]: User not logged in
(VSCode) 2025-08-08 19:38:46.270 [WARN]: User not logged in
(VSCode) 2025-08-08 19:38:46.449 [WARN]: User not logged in
(VSCode) 2025-08-08 19:38:47.413 [WARN]: User not logged in
(VSCode) 2025-08-08 19:38:47.668 [WARN]: User not logged in
(VSCode) 2025-08-08 19:39:04.869 [WARN]: User not logged in
(VSCode) 2025-08-08 19:39:05.022 [WARN]: User not logged in
(VSCode) 2025-08-08 19:39:05.695 [WARN]: User not logged in
(VSCode) 2025-08-08 19:39:06.494 [WARN]: User not logged in
(VSCode) 2025-08-08 19:39:07.126 [WARN]: User not logged in
(VSCode) 2025-08-08 19:39:07.513 [WARN]: User not logged in
(VSCode) 2025-08-08 19:40:24.658 [WARN]: User not logged in
(VSCode) 2025-08-08 19:41:10.354 [WARN]: User not logged in
(VSCode) 2025-08-08 19:41:11.179 [WARN]: User not logged in
(VSCode) 2025-08-08 19:41:32.282 [WARN]: User not logged in
(VSCode) 2025-08-08 19:41:33.188 [WARN]: User not logged in
(VSCode) 2025-08-08 19:41:33.400 [WARN]: User not logged in
(VSCode) 2025-08-08 19:41:37.779 [WARN]: User not logged in
(VSCode) 2025-08-08 19:41:37.897 [WARN]: User not logged in
(VSCode) 2025-08-08 19:41:38.073 [WARN]: User not logged in
(VSCode) 2025-08-08 19:41:38.202 [WARN]: User not logged in
(VSCode) 2025-08-08 19:41:38.991 [WARN]: User not logged in
(VSCode) 2025-08-08 19:41:41.045 [WARN]: User not logged in
(VSCode) 2025-08-08 19:41:41.170 [WARN]: User not logged in
(VSCode) 2025-08-08 19:41:41.338 [WARN]: User not logged in
(VSCode) 2025-08-08 19:41:46.290 [WARN]: User not logged in
(VSCode) 2025-08-08 19:41:49.155 [WARN]: User not logged in
(VSCode) 2025-08-08 19:41:49.684 [WARN]: User not logged in
(VSCode) 2025-08-08 19:41:50.812 [WARN]: User not logged in
(VSCode) 2025-08-08 19:41:55.770 [WARN]: User not logged in
(VSCode) 2025-08-08 19:42:01.352 [WARN]: User not logged in
(VSCode) 2025-08-08 19:42:08.781 [WARN]: User not logged in
(VSCode) 2025-08-08 19:42:41.053 [WARN]: User not logged in
(VSCode) 2025-08-08 19:42:41.975 [WARN]: User not logged in
(VSCode) 2025-08-08 19:42:42.635 [WARN]: User not logged in
(VSCode) 2025-08-08 19:42:43.365 [WARN]: User not logged in
(VSCode) 2025-08-08 19:42:43.415 [WARN]: User not logged in
(VSCode) 2025-08-08 19:42:43.620 [WARN]: User not logged in
(VSCode) 2025-08-08 19:42:43.778 [WARN]: User not logged in
(VSCode) 2025-08-08 19:42:44.883 [WARN]: User not logged in
(VSCode) 2025-08-08 19:42:45.148 [WARN]: User not logged in
(VSCode) 2025-08-08 19:42:47.884 [WARN]: User not logged in
(VSCode) 2025-08-08 19:42:53.304 [WARN]: User not logged in
(VSCode) 2025-08-08 19:42:54.687 [WARN]: User not logged in
(VSCode) 2025-08-08 19:42:57.657 [WARN]: User not logged in
(VSCode) 2025-08-08 19:42:58.688 [WARN]: User not logged in
(VSCode) 2025-08-08 19:43:00.534 [WARN]: User not logged in
(VSCode) 2025-08-08 19:43:01.620 [WARN]: User not logged in
(VSCode) 2025-08-08 19:43:03.877 [WARN]: User not logged in
(VSCode) 2025-08-08 19:43:04.864 [WARN]: User not logged in
(VSCode) 2025-08-08 19:43:06.149 [WARN]: User not logged in
(VSCode) 2025-08-08 19:43:06.296 [WARN]: User not logged in
(VSCode) 2025-08-08 19:43:10.378 [WARN]: User not logged in
(VSCode) 2025-08-08 19:43:11.721 [WARN]: User not logged in
(VSCode) 2025-08-08 19:43:11.861 [WARN]: User not logged in
(VSCode) 2025-08-08 19:43:13.749 [WARN]: User not logged in
(VSCode) 2025-08-08 19:43:37.779 [WARN]: User not logged in
(VSCode) 2025-08-08 19:43:38.879 [WARN]: User not logged in
(VSCode) 2025-08-08 19:43:39.279 [WARN]: User not logged in
(VSCode) 2025-08-08 19:43:40.460 [WARN]: User not logged in
(VSCode) 2025-08-08 19:43:40.722 [WARN]: User not logged in
(VSCode) 2025-08-08 19:43:40.891 [WARN]: User not logged in
(VSCode) 2025-08-08 19:43:43.032 [WARN]: User not logged in
(VSCode) 2025-08-08 19:43:43.415 [WARN]: User not logged in
(VSCode) 2025-08-08 19:43:53.255 [WARN]: User not logged in
(VSCode) 2025-08-08 19:43:53.874 [WARN]: User not logged in
(VSCode) 2025-08-08 19:43:57.882 [WARN]: User not logged in
(VSCode) 2025-08-08 19:43:58.347 [WARN]: User not logged in
(VSCode) 2025-08-08 19:44:05.364 [WARN]: User not logged in
(VSCode) 2025-08-08 19:44:07.467 [WARN]: User not logged in
(VSCode) 2025-08-08 19:44:07.700 [WARN]: User not logged in
(VSCode) 2025-08-08 19:44:11.804 [WARN]: User not logged in
(VSCode) 2025-08-08 19:44:12.148 [WARN]: User not logged in
(VSCode) 2025-08-08 19:44:12.427 [WARN]: User not logged in
(VSCode) 2025-08-08 19:44:13.384 [WARN]: User not logged in
(VSCode) 2025-08-08 19:44:14.588 [WARN]: User not logged in
(VSCode) 2025-08-08 19:44:15.392 [WARN]: User not logged in
(VSCode) 2025-08-08 19:44:17.789 [WARN]: User not logged in
(VSCode) 2025-08-08 19:44:19.649 [WARN]: User not logged in
(VSCode) 2025-08-08 19:44:21.021 [WARN]: User not logged in
(VSCode) 2025-08-08 19:44:21.940 [WARN]: User not logged in
(VSCode) 2025-08-08 19:44:46.696 [WARN]: User not logged in
(VSCode) 2025-08-08 19:52:54.921 [WARN]: User not logged in
(VSCode) 2025-08-08 19:53:23.288 [WARN]: User not logged in
(VSCode) 2025-08-08 19:53:26.011 [WARN]: User not logged in
(VSCode) 2025-08-08 19:53:38.321 [WARN]: User not logged in
(VSCode) 2025-08-08 19:53:38.962 [WARN]: User not logged in
(VSCode) 2025-08-08 19:53:56.010 [WARN]: User not logged in
(VSCode) 2025-08-08 19:53:56.866 [WARN]: User not logged in
(VSCode) 2025-08-08 19:53:56.935 [WARN]: User not logged in
(VSCode) 2025-08-08 19:53:57.716 [WARN]: User not logged in
(VSCode) 2025-08-08 19:53:58.440 [WARN]: User not logged in
(VSCode) 2025-08-08 19:53:58.653 [WARN]: User not logged in
(VSCode) 2025-08-08 19:53:58.831 [WARN]: User not logged in
(VSCode) 2025-08-08 19:54:00.699 [WARN]: User not logged in
(VSCode) 2025-08-08 19:54:01.526 [WARN]: User not logged in
(VSCode) 2025-08-08 19:54:02.102 [WARN]: User not logged in
(VSCode) 2025-08-08 19:54:02.917 [WARN]: User not logged in
(VSCode) 2025-08-08 19:54:03.193 [WARN]: User not logged in
(VSCode) 2025-08-08 19:54:03.814 [WARN]: User not logged in
(VSCode) 2025-08-08 19:54:04.046 [WARN]: User not logged in
(VSCode) 2025-08-08 19:54:04.124 [WARN]: User not logged in
(VSCode) 2025-08-08 19:54:04.265 [WARN]: User not logged in
(VSCode) 2025-08-08 19:54:41.107 [WARN]: User not logged in
(VSCode) 2025-08-08 19:54:42.049 [WARN]: User not logged in
(VSCode) 2025-08-08 19:54:42.640 [WARN]: User not logged in
(VSCode) 2025-08-08 19:54:43.924 [WARN]: User not logged in
(VSCode) 2025-08-08 19:54:45.668 [WARN]: User not logged in
(VSCode) 2025-08-08 19:54:49.213 [WARN]: User not logged in
(VSCode) 2025-08-08 19:54:49.892 [WARN]: User not logged in
(VSCode) 2025-08-08 19:54:51.688 [WARN]: User not logged in
(VSCode) 2025-08-08 19:54:53.783 [WARN]: User not logged in
(VSCode) 2025-08-08 19:54:55.151 [WARN]: User not logged in
(VSCode) 2025-08-08 19:54:56.794 [WARN]: User not logged in
(VSCode) 2025-08-08 19:54:56.993 [WARN]: User not logged in
(VSCode) 2025-08-08 19:55:27.665 [WARN]: User not logged in
(VSCode) 2025-08-08 19:55:28.584 [WARN]: User not logged in
(VSCode) 2025-08-08 19:55:29.475 [WARN]: User not logged in
(VSCode) 2025-08-08 19:55:29.574 [WARN]: User not logged in
(VSCode) 2025-08-08 19:55:30.538 [WARN]: User not logged in
W0808 21:13:00.098038  4835 main.go:142] [Language Server Manager] Got signal terminated, shutting down
