2025-08-09 20:47:04.182 [info] [main] Log level: Info
2025-08-09 20:47:04.182 [info] [main] Validating found git in: "git"
2025-08-09 20:47:04.182 [info] [main] Using git "2.49.0" from "git"
2025-08-09 20:47:04.182 [info] [Model][doInitialScan] Initial repository scan started
2025-08-09 20:47:04.182 [info] > git rev-parse --show-toplevel [2ms]
2025-08-09 20:47:04.182 [info] > git rev-parse --git-dir --git-common-dir [2ms]
2025-08-09 20:47:04.182 [info] [Model][openRepository] Opened repository (path): /workspace/Website-starter
2025-08-09 20:47:04.182 [info] [Model][openRepository] Opened repository (real path): /workspace/Website-starter
2025-08-09 20:47:04.182 [info] > git rev-parse --show-toplevel [4ms]
2025-08-09 20:47:04.182 [info] > git config --get commit.template [9ms]
2025-08-09 20:47:04.182 [info] > git rev-parse --show-toplevel [8ms]
2025-08-09 20:47:04.182 [info] > git for-each-ref --format=%(refname)%00%(upstream:short)%00%(objectname)%00%(upstream:track)%00%(upstream:remotename)%00%(upstream:remoteref) refs/heads/main refs/remotes/main [7ms]
2025-08-09 20:47:04.182 [info] > git rev-parse --show-toplevel [2ms]
2025-08-09 20:47:04.182 [info] > git status -z -uall [14ms]
2025-08-09 20:47:04.182 [info] > git for-each-ref --sort -committerdate --format %(refname)%00%(objectname)%00%(*objectname) [9ms]
2025-08-09 20:47:04.182 [info] > git rev-parse --show-toplevel [35ms]
2025-08-09 20:47:04.182 [info] > git for-each-ref --format=%(refname)%00%(upstream:short)%00%(objectname)%00%(upstream:track)%00%(upstream:remotename)%00%(upstream:remoteref) refs/heads/main refs/remotes/main [25ms]
2025-08-09 20:47:04.182 [info] > git rev-parse --show-toplevel [53ms]
2025-08-09 20:47:04.182 [info] > git config --get commit.template [38ms]
2025-08-09 20:47:04.182 [info] > git config --get --local branch.main.vscode-merge-base [33ms]
2025-08-09 20:47:04.182 [info] > git rev-parse --show-toplevel [12ms]
2025-08-09 20:47:04.182 [info] > git for-each-ref --format=%(refname)%00%(upstream:short)%00%(objectname)%00%(upstream:track)%00%(upstream:remotename)%00%(upstream:remoteref) refs/heads/origin/main refs/remotes/origin/main [5ms]
2025-08-09 20:47:04.182 [info] > git for-each-ref --format=%(refname)%00%(upstream:short)%00%(objectname)%00%(upstream:track)%00%(upstream:remotename)%00%(upstream:remoteref) refs/heads/main refs/remotes/main [12ms]
2025-08-09 20:47:04.182 [info] > git merge-base refs/heads/main refs/remotes/origin/main [6ms]
2025-08-09 20:47:04.182 [info] > git rev-parse --show-toplevel [7ms]
2025-08-09 20:47:04.182 [info] [Model][doInitialScan] Initial repository scan completed - repositories (1), closed repositories (0), parent repositories (0), unsafe repositories (0)
2025-08-09 20:47:04.182 [info] > git diff --name-status -z --diff-filter=ADMR 0d7a3a898007be1d8200d8db99d59472a2da8d06...refs/remotes/origin/main [15ms]
2025-08-09 20:47:04.182 [info] > git for-each-ref --sort -committerdate --format %(refname)%00%(objectname)%00%(*objectname) [5ms]
2025-08-09 20:47:04.182 [info] > git status -z -uall [18ms]
2025-08-09 20:47:04.182 [info] > git fetch [343ms]
2025-08-09 20:47:04.182 [info] > git config --get commit.template [5ms]
2025-08-09 20:47:04.182 [info] > git for-each-ref --format=%(refname)%00%(upstream:short)%00%(objectname)%00%(upstream:track)%00%(upstream:remotename)%00%(upstream:remoteref) refs/heads/main refs/remotes/main [3ms]
2025-08-09 20:47:04.182 [info] > git for-each-ref --sort -committerdate --format %(refname)%00%(objectname)%00%(*objectname) [3ms]
2025-08-09 20:47:04.182 [info] > git status -z -uall [14ms]
2025-08-09 20:47:04.971 [info] > git config --get commit.template [6ms]
2025-08-09 20:47:04.972 [info] > git for-each-ref --format=%(refname)%00%(upstream:short)%00%(objectname)%00%(upstream:track)%00%(upstream:remotename)%00%(upstream:remoteref) refs/heads/main refs/remotes/main [2ms]
2025-08-09 20:47:04.985 [info] > git for-each-ref --sort -committerdate --format %(refname)%00%(objectname)%00%(*objectname) [3ms]
2025-08-09 20:47:04.991 [info] > git status -z -uall [14ms]
2025-08-09 20:47:05.147 [info] > git check-ignore -v -z --stdin [2ms]
2025-08-09 20:47:14.006 [info] > git config --get --local branch.main.github-pr-owner-number [2ms]
2025-08-09 20:47:14.006 [warning] [Git][config] git config failed: Failed to execute git
2025-08-09 20:47:32.257 [info] > git config --get commit.template [3ms]
2025-08-09 20:47:32.269 [info] > git for-each-ref --format=%(refname)%00%(upstream:short)%00%(objectname)%00%(upstream:track)%00%(upstream:remotename)%00%(upstream:remoteref) refs/heads/main refs/remotes/main [3ms]
2025-08-09 20:47:32.288 [info] > git for-each-ref --sort -committerdate --format %(refname)%00%(objectname)%00%(*objectname) [3ms]
2025-08-09 20:47:32.292 [info] > git status -z -uall [15ms]
2025-08-09 20:48:31.604 [info] > git config --get commit.template [11ms]
2025-08-09 20:48:31.605 [info] > git for-each-ref --format=%(refname)%00%(upstream:short)%00%(objectname)%00%(upstream:track)%00%(upstream:remotename)%00%(upstream:remoteref) refs/heads/main refs/remotes/main [4ms]
2025-08-09 20:48:31.627 [info] > git for-each-ref --sort -committerdate --format %(refname)%00%(objectname)%00%(*objectname) [3ms]
2025-08-09 20:48:31.629 [info] > git status -z -uall [14ms]
2025-08-09 20:48:36.654 [info] > git config --get commit.template [11ms]
2025-08-09 20:48:36.657 [info] > git for-each-ref --format=%(refname)%00%(upstream:short)%00%(objectname)%00%(upstream:track)%00%(upstream:remotename)%00%(upstream:remoteref) refs/heads/main refs/remotes/main [3ms]
2025-08-09 20:48:36.682 [info] > git for-each-ref --sort -committerdate --format %(refname)%00%(objectname)%00%(*objectname) [3ms]
2025-08-09 20:48:36.682 [info] > git status -z -uall [14ms]
2025-08-09 20:48:41.706 [info] > git config --get commit.template [10ms]
2025-08-09 20:48:41.708 [info] > git for-each-ref --format=%(refname)%00%(upstream:short)%00%(objectname)%00%(upstream:track)%00%(upstream:remotename)%00%(upstream:remoteref) refs/heads/main refs/remotes/main [3ms]
2025-08-09 20:48:41.728 [info] > git for-each-ref --sort -committerdate --format %(refname)%00%(objectname)%00%(*objectname) [3ms]
2025-08-09 20:48:41.732 [info] > git status -z -uall [15ms]
2025-08-09 20:49:04.636 [info] > git config --get commit.template [10ms]
2025-08-09 20:49:04.638 [info] > git for-each-ref --format=%(refname)%00%(upstream:short)%00%(objectname)%00%(upstream:track)%00%(upstream:remotename)%00%(upstream:remoteref) refs/heads/main refs/remotes/main [3ms]
2025-08-09 20:49:04.661 [info] > git for-each-ref --sort -committerdate --format %(refname)%00%(objectname)%00%(*objectname) [3ms]
2025-08-09 20:49:04.664 [info] > git status -z -uall [15ms]
2025-08-09 20:49:16.358 [info] > git config --get commit.template [12ms]
2025-08-09 20:49:16.359 [info] > git for-each-ref --format=%(refname)%00%(upstream:short)%00%(objectname)%00%(upstream:track)%00%(upstream:remotename)%00%(upstream:remoteref) refs/heads/main refs/remotes/main [3ms]
2025-08-09 20:49:16.383 [info] > git for-each-ref --sort -committerdate --format %(refname)%00%(objectname)%00%(*objectname) [4ms]
2025-08-09 20:49:16.383 [info] > git status -z -uall [14ms]
2025-08-09 20:49:21.415 [info] > git for-each-ref --format=%(refname)%00%(upstream:short)%00%(objectname)%00%(upstream:track)%00%(upstream:remotename)%00%(upstream:remoteref) refs/heads/main refs/remotes/main [4ms]
2025-08-09 20:49:21.415 [info] > git config --get commit.template [15ms]
2025-08-09 20:49:21.439 [info] > git for-each-ref --sort -committerdate --format %(refname)%00%(objectname)%00%(*objectname) [3ms]
2025-08-09 20:49:21.441 [info] > git status -z -uall [14ms]
2025-08-09 20:50:45.851 [info] > git fetch [323ms]
2025-08-09 20:50:45.870 [info] > git config --get commit.template [10ms]
2025-08-09 20:50:45.872 [info] > git for-each-ref --format=%(refname)%00%(upstream:short)%00%(objectname)%00%(upstream:track)%00%(upstream:remotename)%00%(upstream:remoteref) refs/heads/main refs/remotes/main [3ms]
2025-08-09 20:50:45.892 [info] > git for-each-ref --sort -committerdate --format %(refname)%00%(objectname)%00%(*objectname) [3ms]
2025-08-09 20:50:45.895 [info] > git status -z -uall [15ms]
2025-08-09 20:50:47.208 [info] > git config --get commit.template [9ms]
2025-08-09 20:50:47.209 [info] > git for-each-ref --format=%(refname)%00%(upstream:short)%00%(objectname)%00%(upstream:track)%00%(upstream:remotename)%00%(upstream:remoteref) refs/heads/main refs/remotes/main [2ms]
2025-08-09 20:50:47.231 [info] > git for-each-ref --sort -committerdate --format %(refname)%00%(objectname)%00%(*objectname) [4ms]
2025-08-09 20:50:47.233 [info] > git status -z -uall [14ms]
2025-08-09 20:50:58.203 [info] > git config --get commit.template [10ms]
2025-08-09 20:50:58.205 [info] > git for-each-ref --format=%(refname)%00%(upstream:short)%00%(objectname)%00%(upstream:track)%00%(upstream:remotename)%00%(upstream:remoteref) refs/heads/main refs/remotes/main [2ms]
2025-08-09 20:50:58.227 [info] > git for-each-ref --sort -committerdate --format %(refname)%00%(objectname)%00%(*objectname) [2ms]
2025-08-09 20:50:58.229 [info] > git status -z -uall [14ms]
2025-08-09 20:51:31.761 [info] > git config --get commit.template [12ms]
2025-08-09 20:51:31.762 [info] > git for-each-ref --format=%(refname)%00%(upstream:short)%00%(objectname)%00%(upstream:track)%00%(upstream:remotename)%00%(upstream:remoteref) refs/heads/main refs/remotes/main [3ms]
2025-08-09 20:51:31.793 [info] > git for-each-ref --sort -committerdate --format %(refname)%00%(objectname)%00%(*objectname) [3ms]
2025-08-09 20:51:31.797 [info] > git status -z -uall [14ms]
2025-08-09 20:51:36.821 [info] > git config --get commit.template [10ms]
2025-08-09 20:51:36.823 [info] > git for-each-ref --format=%(refname)%00%(upstream:short)%00%(objectname)%00%(upstream:track)%00%(upstream:remotename)%00%(upstream:remoteref) refs/heads/main refs/remotes/main [3ms]
2025-08-09 20:51:36.842 [info] > git for-each-ref --sort -committerdate --format %(refname)%00%(objectname)%00%(*objectname) [2ms]
2025-08-09 20:51:36.846 [info] > git status -z -uall [15ms]
2025-08-09 20:51:41.870 [info] > git config --get commit.template [11ms]
2025-08-09 20:51:41.870 [info] > git for-each-ref --format=%(refname)%00%(upstream:short)%00%(objectname)%00%(upstream:track)%00%(upstream:remotename)%00%(upstream:remoteref) refs/heads/main refs/remotes/main [2ms]
2025-08-09 20:51:41.892 [info] > git for-each-ref --sort -committerdate --format %(refname)%00%(objectname)%00%(*objectname) [3ms]
2025-08-09 20:51:41.894 [info] > git status -z -uall [14ms]
2025-08-09 20:51:57.122 [info] > git config --get commit.template [11ms]
2025-08-09 20:51:57.123 [info] > git for-each-ref --format=%(refname)%00%(upstream:short)%00%(objectname)%00%(upstream:track)%00%(upstream:remotename)%00%(upstream:remoteref) refs/heads/main refs/remotes/main [2ms]
2025-08-09 20:51:57.142 [info] > git for-each-ref --sort -committerdate --format %(refname)%00%(objectname)%00%(*objectname) [3ms]
2025-08-09 20:51:57.145 [info] > git status -z -uall [14ms]
2025-08-09 20:52:02.460 [info] > git config --get commit.template [11ms]
2025-08-09 20:52:02.462 [info] > git for-each-ref --format=%(refname)%00%(upstream:short)%00%(objectname)%00%(upstream:track)%00%(upstream:remotename)%00%(upstream:remoteref) refs/heads/main refs/remotes/main [3ms]
2025-08-09 20:52:02.488 [info] > git status -z -uall [16ms]
2025-08-09 20:52:02.488 [info] > git for-each-ref --sort -committerdate --format %(refname)%00%(objectname)%00%(*objectname) [7ms]
2025-08-09 20:52:07.512 [info] > git config --get commit.template [9ms]
2025-08-09 20:52:07.515 [info] > git for-each-ref --format=%(refname)%00%(upstream:short)%00%(objectname)%00%(upstream:track)%00%(upstream:remotename)%00%(upstream:remoteref) refs/heads/main refs/remotes/main [3ms]
2025-08-09 20:52:07.535 [info] > git for-each-ref --sort -committerdate --format %(refname)%00%(objectname)%00%(*objectname) [3ms]
2025-08-09 20:52:07.538 [info] > git status -z -uall [14ms]
2025-08-09 20:52:12.560 [info] > git config --get commit.template [9ms]
2025-08-09 20:52:12.562 [info] > git for-each-ref --format=%(refname)%00%(upstream:short)%00%(objectname)%00%(upstream:track)%00%(upstream:remotename)%00%(upstream:remoteref) refs/heads/main refs/remotes/main [3ms]
2025-08-09 20:52:12.583 [info] > git for-each-ref --sort -committerdate --format %(refname)%00%(objectname)%00%(*objectname) [3ms]
2025-08-09 20:52:12.585 [info] > git status -z -uall [14ms]
2025-08-09 20:52:17.607 [info] > git config --get commit.template [9ms]
2025-08-09 20:52:17.609 [info] > git for-each-ref --format=%(refname)%00%(upstream:short)%00%(objectname)%00%(upstream:track)%00%(upstream:remotename)%00%(upstream:remoteref) refs/heads/main refs/remotes/main [2ms]
2025-08-09 20:52:17.629 [info] > git for-each-ref --sort -committerdate --format %(refname)%00%(objectname)%00%(*objectname) [2ms]
2025-08-09 20:52:17.632 [info] > git status -z -uall [14ms]
2025-08-09 20:52:49.084 [info] > git config --get commit.template [10ms]
2025-08-09 20:52:49.086 [info] > git for-each-ref --format=%(refname)%00%(upstream:short)%00%(objectname)%00%(upstream:track)%00%(upstream:remotename)%00%(upstream:remoteref) refs/heads/main refs/remotes/main [3ms]
2025-08-09 20:52:49.107 [info] > git for-each-ref --sort -committerdate --format %(refname)%00%(objectname)%00%(*objectname) [3ms]
2025-08-09 20:52:49.110 [info] > git status -z -uall [14ms]
2025-08-09 20:52:58.716 [info] > git config --get commit.template [10ms]
2025-08-09 20:52:58.717 [info] > git for-each-ref --format=%(refname)%00%(upstream:short)%00%(objectname)%00%(upstream:track)%00%(upstream:remotename)%00%(upstream:remoteref) refs/heads/main refs/remotes/main [2ms]
2025-08-09 20:52:58.739 [info] > git for-each-ref --sort -committerdate --format %(refname)%00%(objectname)%00%(*objectname) [3ms]
2025-08-09 20:52:58.741 [info] > git status -z -uall [14ms]
2025-08-09 20:53:11.773 [info] > git config --get commit.template [10ms]
2025-08-09 20:53:11.776 [info] > git for-each-ref --format=%(refname)%00%(upstream:short)%00%(objectname)%00%(upstream:track)%00%(upstream:remotename)%00%(upstream:remoteref) refs/heads/main refs/remotes/main [3ms]
2025-08-09 20:53:11.797 [info] > git for-each-ref --sort -committerdate --format %(refname)%00%(objectname)%00%(*objectname) [2ms]
2025-08-09 20:53:11.800 [info] > git status -z -uall [14ms]
2025-08-09 20:53:43.721 [info] > git config --get commit.template [9ms]
2025-08-09 20:53:43.722 [info] > git for-each-ref --format=%(refname)%00%(upstream:short)%00%(objectname)%00%(upstream:track)%00%(upstream:remotename)%00%(upstream:remoteref) refs/heads/main refs/remotes/main [2ms]
2025-08-09 20:53:43.740 [info] > git for-each-ref --sort -committerdate --format %(refname)%00%(objectname)%00%(*objectname) [3ms]
2025-08-09 20:53:43.744 [info] > git status -z -uall [14ms]
2025-08-09 20:53:46.239 [info] > git fetch [333ms]
2025-08-09 20:53:46.258 [info] > git config --get commit.template [10ms]
2025-08-09 20:53:46.260 [info] > git for-each-ref --format=%(refname)%00%(upstream:short)%00%(objectname)%00%(upstream:track)%00%(upstream:remotename)%00%(upstream:remoteref) refs/heads/main refs/remotes/main [3ms]
2025-08-09 20:53:46.281 [info] > git for-each-ref --sort -committerdate --format %(refname)%00%(objectname)%00%(*objectname) [3ms]
2025-08-09 20:53:46.283 [info] > git status -z -uall [14ms]
2025-08-09 20:53:53.043 [info] > git config --get commit.template [9ms]
2025-08-09 20:53:53.045 [info] > git for-each-ref --format=%(refname)%00%(upstream:short)%00%(objectname)%00%(upstream:track)%00%(upstream:remotename)%00%(upstream:remoteref) refs/heads/main refs/remotes/main [3ms]
2025-08-09 20:53:53.063 [info] > git for-each-ref --sort -committerdate --format %(refname)%00%(objectname)%00%(*objectname) [2ms]
2025-08-09 20:53:53.068 [info] > git status -z -uall [15ms]
2025-08-09 20:53:58.091 [info] > git config --get commit.template [10ms]
2025-08-09 20:53:58.093 [info] > git for-each-ref --format=%(refname)%00%(upstream:short)%00%(objectname)%00%(upstream:track)%00%(upstream:remotename)%00%(upstream:remoteref) refs/heads/main refs/remotes/main [2ms]
2025-08-09 20:53:58.113 [info] > git for-each-ref --sort -committerdate --format %(refname)%00%(objectname)%00%(*objectname) [3ms]
2025-08-09 20:53:58.117 [info] > git status -z -uall [15ms]
2025-08-09 20:54:03.140 [info] > git config --get commit.template [10ms]
2025-08-09 20:54:03.142 [info] > git for-each-ref --format=%(refname)%00%(upstream:short)%00%(objectname)%00%(upstream:track)%00%(upstream:remotename)%00%(upstream:remoteref) refs/heads/main refs/remotes/main [3ms]
2025-08-09 20:54:03.160 [info] > git for-each-ref --sort -committerdate --format %(refname)%00%(objectname)%00%(*objectname) [2ms]
2025-08-09 20:54:03.164 [info] > git status -z -uall [14ms]
2025-08-09 20:55:05.751 [info] > git config --get commit.template [13ms]
2025-08-09 20:55:05.753 [info] > git for-each-ref --format=%(refname)%00%(upstream:short)%00%(objectname)%00%(upstream:track)%00%(upstream:remotename)%00%(upstream:remoteref) refs/heads/main refs/remotes/main [3ms]
2025-08-09 20:55:05.779 [info] > git for-each-ref --sort -committerdate --format %(refname)%00%(objectname)%00%(*objectname) [3ms]
2025-08-09 20:55:05.780 [info] > git status -z -uall [15ms]
2025-08-09 20:55:10.804 [info] > git config --get commit.template [10ms]
2025-08-09 20:55:10.806 [info] > git for-each-ref --format=%(refname)%00%(upstream:short)%00%(objectname)%00%(upstream:track)%00%(upstream:remotename)%00%(upstream:remoteref) refs/heads/main refs/remotes/main [2ms]
2025-08-09 20:55:10.833 [info] > git for-each-ref --sort -committerdate --format %(refname)%00%(objectname)%00%(*objectname) [6ms]
2025-08-09 20:55:10.837 [info] > git status -z -uall [20ms]
2025-08-09 20:55:15.864 [info] > git config --get commit.template [12ms]
2025-08-09 20:55:15.865 [info] > git for-each-ref --format=%(refname)%00%(upstream:short)%00%(objectname)%00%(upstream:track)%00%(upstream:remotename)%00%(upstream:remoteref) refs/heads/main refs/remotes/main [3ms]
2025-08-09 20:55:15.889 [info] > git for-each-ref --sort -committerdate --format %(refname)%00%(objectname)%00%(*objectname) [3ms]
2025-08-09 20:55:15.890 [info] > git status -z -uall [14ms]
2025-08-09 20:55:28.150 [info] > git config --get commit.template [11ms]
2025-08-09 20:55:28.151 [info] > git for-each-ref --format=%(refname)%00%(upstream:short)%00%(objectname)%00%(upstream:track)%00%(upstream:remotename)%00%(upstream:remoteref) refs/heads/main refs/remotes/main [3ms]
2025-08-09 20:55:28.172 [info] > git for-each-ref --sort -committerdate --format %(refname)%00%(objectname)%00%(*objectname) [3ms]
2025-08-09 20:55:28.175 [info] > git status -z -uall [16ms]
2025-08-09 20:56:15.973 [info] > git config --get commit.template [19ms]
2025-08-09 20:56:15.973 [info] > git for-each-ref --format=%(refname)%00%(upstream:short)%00%(objectname)%00%(upstream:track)%00%(upstream:remotename)%00%(upstream:remoteref) refs/heads/main refs/remotes/main [5ms]
2025-08-09 20:56:16.005 [info] > git for-each-ref --sort -committerdate --format %(refname)%00%(objectname)%00%(*objectname) [4ms]
2025-08-09 20:56:16.016 [info] > git status -z -uall [27ms]
2025-08-09 20:56:23.907 [info] > git config --get commit.template [14ms]
2025-08-09 20:56:23.910 [info] > git for-each-ref --format=%(refname)%00%(upstream:short)%00%(objectname)%00%(upstream:track)%00%(upstream:remotename)%00%(upstream:remoteref) refs/heads/main refs/remotes/main [3ms]
2025-08-09 20:56:23.936 [info] > git for-each-ref --sort -committerdate --format %(refname)%00%(objectname)%00%(*objectname) [5ms]
2025-08-09 20:56:23.983 [info] > git status -z -uall [62ms]
2025-08-09 20:56:29.009 [info] > git config --get commit.template [11ms]
2025-08-09 20:56:29.009 [info] > git for-each-ref --format=%(refname)%00%(upstream:short)%00%(objectname)%00%(upstream:track)%00%(upstream:remotename)%00%(upstream:remoteref) refs/heads/main refs/remotes/main [2ms]
2025-08-09 20:56:29.031 [info] > git for-each-ref --sort -committerdate --format %(refname)%00%(objectname)%00%(*objectname) [3ms]
2025-08-09 20:56:29.033 [info] > git status -z -uall [14ms]
