2025-08-09 12:01:59.310 [info] Log level: Info
2025-08-09 12:01:59.323 [info] VSCODE_MACHINE_ID: 10d3d877-fe56-442f-a117-f9035039c6e9
2025-08-09 12:01:59.323 [info] VSCODE_SESSION_ID: 7ad5d5fd-53a5-44f1-9ad4-687c5b70ed5a1754740910710
2025-08-09 12:01:59.323 [info] VSCODE_VERSION: 1.102.3
2025-08-09 12:01:59.323 [info] VSCODE_APP_NAME: Gitpod Code
2025-08-09 12:01:59.323 [info] VSCODE_APP_HOST: Gitpod
2025-08-09 12:01:59.323 [info] VSCODE_UI_KIND: web
2025-08-09 12:01:59.323 [info] GITPOD_WORKSPACE_CONTEXT_URL: https://github.com/Abdallah-Develop/Website-starter
2025-08-09 12:01:59.323 [info] GITPOD_INSTANCE_ID: fef437b8-4b22-4935-9935-454c9e9663ce
2025-08-09 12:01:59.323 [info] GITPOD_WORKSPACE_URL: https://abdallahdev-websitestar-esjdme0laxn.ws-eu120.gitpod.io
2025-08-09 12:01:59.331 [info] Gitpod Web 3953e81
2025-08-09 12:01:59.331 [info] Reading sessions from keychain...
2025-08-09 12:02:00.405 [info] Got stored sessions!
2025-08-09 12:02:00.405 [info] Verified session with the following scopes: function:accessCodeSyncStorage function:closePort function:controlAdmission function:deleteEnvVar function:generateNewGitpodToken function:getDefaultWorkspaceImage function:getGitpodTokenScopes function:getIDToken function:getLoggedInUser function:getOpenPorts function:getSupportedWorkspaceClasses function:getTeams function:getToken function:getWorkspace function:getWorkspaceEnvVars function:getWorkspaceOwner function:getWorkspaceTimeout function:getWorkspaceUsers function:guessGitTokenScopes function:isWorkspaceOwner function:openPort function:sendHeartBeat function:setEnvVar function:setWorkspaceTimeout function:stopWorkspace function:takeSnapshot function:trackEvent function:updateGitStatus function:waitForSnapshot resource:contentBlob::*::create/get resource:envVar::*/**::update resource:envVar::*/*::update resource:envVar::Abdallah-Develop/Website-starter::create/get/update/delete resource:gitpodToken::*::create resource:snapshot::ws-abdallahdev-websitestar-esjdme0laxn::create resource:token::*::get resource:userStorage::*::create/get/update resource:workspace::abdallahdev-websitestar-esjdme0laxn::get/update resource:workspaceInstance::fef437b8-4b22-4935-9935-454c9e9663ce::get/update/delete
2025-08-09 12:02:00.405 [info] Got 1 verified sessions.
2025-08-09 12:02:00.405 [info] Getting sessions for all scopes...
2025-08-09 12:02:00.406 [info] Getting GitHub sessions for all scopes...
2025-08-09 12:02:00.406 [info] Got 1 sessions for all scopes...
2025-08-09 12:02:00.406 [info] Getting sessions for all scopes...
2025-08-09 12:02:00.406 [info] Got 1 sessions for all scopes...
2025-08-09 12:02:00.406 [info] Getting sessions for all scopes...
2025-08-09 12:02:00.406 [info] Got 1 sessions for all scopes...
2025-08-09 12:02:00.406 [info] Getting sessions for function:accessCodeSyncStorage...
2025-08-09 12:02:00.406 [info] Got 1 sessions for function:accessCodeSyncStorage...
2025-08-09 12:02:02.202 [info] Got 1 GitHub sessions for all scopes...
2025-08-09 12:02:02.970 [info] Getting GitHub sessions for all scopes...
2025-08-09 12:02:02.970 [info] Getting sessions for all scopes...
2025-08-09 12:02:02.970 [info] Got 1 GitHub sessions for all scopes...
2025-08-09 12:02:02.970 [info] Got 1 sessions for all scopes...
2025-08-09 12:02:02.970 [info] Getting GitHub sessions for all scopes...
2025-08-09 12:02:02.970 [info] Got 1 GitHub sessions for all scopes...
2025-08-09 12:02:03.347 [info] Getting GitHub sessions for all scopes...
2025-08-09 12:02:03.347 [info] Got 1 GitHub sessions for all scopes...
2025-08-09 12:02:03.876 [info] Getting GitHub sessions for read:user,repo,user:email,workflow...
2025-08-09 12:02:03.876 [info] Got 0 GitHub sessions for read:user,repo,user:email,workflow...
2025-08-09 12:02:03.968 [info] Getting sessions for all scopes...
2025-08-09 12:02:03.968 [info] Getting GitHub sessions for all scopes...
2025-08-09 12:02:03.968 [info] Got 1 sessions for all scopes...
2025-08-09 12:02:03.968 [info] Got 1 GitHub sessions for all scopes...
2025-08-09 12:02:04.155 [info] Getting sessions for all scopes...
2025-08-09 12:02:04.155 [info] Getting GitHub sessions for all scopes...
2025-08-09 12:02:04.155 [info] Got 1 sessions for all scopes...
2025-08-09 12:02:04.155 [info] Got 1 GitHub sessions for all scopes...
2025-08-09 12:02:08.328 [info] Getting GitHub sessions for project,read:org,read:user,repo,user:email,workflow...
2025-08-09 12:02:08.328 [info] Got 0 GitHub sessions for project,read:org,read:user,repo,user:email,workflow...
2025-08-09 12:02:08.549 [info] Getting sessions for all scopes...
2025-08-09 12:02:08.549 [info] Getting GitHub sessions for all scopes...
2025-08-09 12:02:08.549 [info] Got 1 sessions for all scopes...
2025-08-09 12:02:08.549 [info] Got 1 GitHub sessions for all scopes...
2025-08-09 12:02:08.815 [info] Getting sessions for all scopes...
2025-08-09 12:02:08.815 [info] Getting GitHub sessions for all scopes...
2025-08-09 12:02:08.815 [info] Got 1 sessions for all scopes...
2025-08-09 12:02:08.815 [info] Got 1 GitHub sessions for all scopes...
2025-08-09 12:02:09.183 [info] Getting GitHub sessions for read:user,repo,user:email,workflow...
2025-08-09 12:02:09.183 [info] Got 0 GitHub sessions for read:user,repo,user:email,workflow...
2025-08-09 12:02:09.255 [info] Getting sessions for all scopes...
2025-08-09 12:02:09.255 [info] Getting GitHub sessions for all scopes...
2025-08-09 12:02:09.255 [info] Got 1 sessions for all scopes...
2025-08-09 12:02:09.255 [info] Got 1 GitHub sessions for all scopes...
2025-08-09 12:02:09.502 [info] Getting sessions for all scopes...
2025-08-09 12:02:09.502 [info] Getting GitHub sessions for all scopes...
2025-08-09 12:02:09.502 [info] Got 1 sessions for all scopes...
2025-08-09 12:02:09.502 [info] Got 1 GitHub sessions for all scopes...
2025-08-09 12:02:09.749 [info] Getting sessions for all scopes...
2025-08-09 12:02:09.749 [info] Getting GitHub sessions for all scopes...
2025-08-09 12:02:09.749 [info] Got 1 sessions for all scopes...
2025-08-09 12:02:09.749 [info] Got 1 GitHub sessions for all scopes...
2025-08-09 12:02:09.749 [info] Getting sessions for all scopes...
2025-08-09 12:02:09.749 [info] Getting GitHub sessions for all scopes...
2025-08-09 12:02:09.749 [info] Got 1 sessions for all scopes...
2025-08-09 12:02:09.749 [info] Got 1 GitHub sessions for all scopes...
2025-08-09 12:02:09.749 [info] Getting sessions for all scopes...
2025-08-09 12:02:09.749 [info] Getting GitHub sessions for all scopes...
2025-08-09 12:02:09.749 [info] Got 1 sessions for all scopes...
2025-08-09 12:02:09.749 [info] Got 1 GitHub sessions for all scopes...
2025-08-09 12:02:09.932 [info] Getting GitHub sessions for read:user,repo,user:email...
2025-08-09 12:02:09.941 [info] Got 0 GitHub sessions for read:user,repo,user:email...
2025-08-09 12:02:10.306 [info] Getting GitHub sessions for read:user,repo,user:email,workflow...
2025-08-09 12:02:10.306 [info] Got 0 GitHub sessions for read:user,repo,user:email,workflow...
2025-08-09 12:03:51.024 [info] Getting sessions for all scopes...
2025-08-09 12:03:51.024 [info] Getting GitHub sessions for all scopes...
2025-08-09 12:03:51.024 [info] Got 1 sessions for all scopes...
2025-08-09 12:03:51.024 [info] Got 1 GitHub sessions for all scopes...
2025-08-09 12:03:51.154 [info] Getting sessions for all scopes...
2025-08-09 12:03:51.154 [info] Getting GitHub sessions for all scopes...
2025-08-09 12:03:51.154 [info] Got 1 sessions for all scopes...
2025-08-09 12:03:51.154 [info] Got 1 GitHub sessions for all scopes...
2025-08-09 12:16:19.369 [info] Getting sessions for all scopes...
2025-08-09 12:16:19.370 [info] Getting GitHub sessions for all scopes...
2025-08-09 12:16:19.370 [info] Got 1 sessions for all scopes...
2025-08-09 12:16:19.370 [info] Got 1 GitHub sessions for all scopes...
2025-08-09 12:16:20.020 [info] Getting sessions for all scopes...
2025-08-09 12:16:20.020 [info] Getting GitHub sessions for all scopes...
2025-08-09 12:16:20.020 [info] Got 1 sessions for all scopes...
2025-08-09 12:16:20.020 [info] Got 1 GitHub sessions for all scopes...
2025-08-09 12:21:37.944 [info] Getting sessions for all scopes...
2025-08-09 12:21:37.944 [info] Getting GitHub sessions for all scopes...
2025-08-09 12:21:37.944 [info] Got 1 sessions for all scopes...
2025-08-09 12:21:37.944 [info] Got 1 GitHub sessions for all scopes...
2025-08-09 12:21:38.031 [info] Getting sessions for all scopes...
2025-08-09 12:21:38.031 [info] Getting GitHub sessions for all scopes...
2025-08-09 12:21:38.031 [info] Got 1 sessions for all scopes...
2025-08-09 12:21:38.031 [info] Got 1 GitHub sessions for all scopes...
