(VSCode) 2025-08-09 15:42:56.771 [INFO]: No proxy settings found
(VSCode) 2025-08-09 15:42:57.951 [INFO]: Checking network connection...
(VSCode) 2025-08-09 15:42:58.676 [INFO]: No Network Issue connecting to https://server.codeium.com/healthz
(VSCode) 2025-08-09 15:42:59.076 [INFO]: Creating manager directory: /tmp/ec752870-affe-411d-be56-81dd755c02f5/codeium/manager
(VSCode) 2025-08-09 15:42:59.508 [INFO]: Using cached LS with valid crc32: /workspace/.vscode-remote/extensions/codeium.codeium-1.48.2-universal/dist/e03af6ebc40b844314d448f947c80b636d093049/language_server_linux_x64
(VSCode) 2025-08-09 15:42:59.516 [INFO]: Language server started
2025/08/09 15:42:59 maxprocs: Leaving GOMAXPROCS=16: CPU quota undefined
I0809 15:42:59.748486  8182 main.go:604] [Language Server Manager] Setting GOMAXPROCS to 4
I0809 15:42:59.748593  8182 main.go:829] [Language Server Manager] Starting language server manager with pid 8182
I0809 15:42:59.748704  8182 main.go:138] [Language Server Manager] Manager acquired its lock file /tmp/ec752870-affe-411d-be56-81dd755c02f5/codeium/manager/locks/manager.lock
I0809 15:42:59.749690  8182 main.go:283] [Language Server Manager] Waiting for random port file in /tmp/ec752870-affe-411d-be56-81dd755c02f5/codeium/manager/child_random_port_1754754179748869202_3930277116419512288 to be created
2025/08/09 15:42:59 maxprocs: Leaving GOMAXPROCS=16: CPU quota undefined
I0809 15:43:00.022727  8203 main.go:604] Setting GOMAXPROCS to 4
I0809 15:43:00.022901  8203 main.go:823] Starting language server process with pid 8203
I0809 15:43:00.022959  8203 server.go:296] Language server will attempt to listen on host 127.0.0.1
I0809 15:43:00.023547  8203 server.go:303] Language server listening on random port at 46479
I0809 15:43:00.742296  8203 web_server.go:256] Chat Web Server listening at ws://127.0.0.1:41697
I0809 15:43:01.164806  8203 server.go:955] Local search is enabled, will index local files.
I0809 15:43:01.164837  8203 server.go:959] Using 4 indexer workers
I0809 15:43:01.289018  8203 server.go:1196] Child process attempting to acquire lock file /tmp/ec752870-affe-411d-be56-81dd755c02f5/codeium/manager/locks/child_lock_1754754179748907732_2707855414501589674
I0809 15:43:01.289182  8203 server.go:1204] Child process acquired lock file /tmp/ec752870-affe-411d-be56-81dd755c02f5/codeium/manager/locks/child_lock_1754754179748907732_2707855414501589674
40069
I0809 15:43:01.361583  8182 main.go:319] [Language Server Manager] Found random server port 46479
I0809 15:43:01.361637  8182 main.go:320] [Language Server Manager] Found random lsp port 40069
I0809 15:43:01.361658  8182 main.go:327] [Language Server Manager] Attempting to connect to language server at 127.0.0.1:46479
I0809 15:43:01.374553  8182 main.go:192] [Language Server Manager] Fixing language server port at 46479
I0809 15:43:01.374593  8182 main.go:381] [Language Server Manager] Successfully connected to new language server at 127.0.0.1:46479
(VSCode) 2025-08-09 15:43:01.459 [INFO]: Found language server running on port 46479
Playwright Host validation warning: 
╔══════════════════════════════════════════════════════╗
║ Host system is missing dependencies to run browsers. ║
║ Please install them with the following command:      ║
║                                                      ║
║     sudo npx playwright install-deps                 ║
║                                                      ║
║ Alternatively, use apt:                              ║
║     sudo apt-get install libatk1.0-0\                ║
║         libatk-bridge2.0-0\                          ║
║         libcups2\                                    ║
║         libxcomposite1\                              ║
║         libxdamage1\                                 ║
║         libxfixes3\                                  ║
║         libxrandr2\                                  ║
║         libgbm1\                                     ║
║         libxkbcommon0\                               ║
║         libatspi2.0-0                                ║
║                                                      ║
║ <3 Playwright Team                                   ║
╚══════════════════════════════════════════════════════╝
    at validateDependenciesLinux (/home/gitpod/.cache/ms-playwright-go/1.50.1/package/lib/server/registry/dependencies.js:216:9)
    at process.processTicksAndRejections (node:internal/process/task_queues:105:5)
    at async Registry._validateHostRequirements (/home/gitpod/.cache/ms-playwright-go/1.50.1/package/lib/server/registry/index.js:865:43)
    at async Registry._validateHostRequirementsForExecutableIfNeeded (/home/gitpod/.cache/ms-playwright-go/1.50.1/package/lib/server/registry/index.js:963:7)
    at async Registry.validateHostRequirementsForExecutablesIfNeeded (/home/gitpod/.cache/ms-playwright-go/1.50.1/package/lib/server/registry/index.js:952:43)
    at async t.<anonymous> (/home/gitpod/.cache/ms-playwright-go/1.50.1/package/lib/cli/program.js:122:7)
(VSCode) 2025-08-09 15:43:02.704 [INFO]: openAllTextDocuments took 448.2613649999985ms
(VSCode) 2025-08-09 15:57:32.555 [INFO]: Disposing language server process
(VSCode) 2025-08-09 15:57:32.555 [INFO]: Deleting manager directory: /tmp/ec752870-affe-411d-be56-81dd755c02f5/codeium/manager
(VSCode) 2025-08-09 15:57:32.556 [INFO]: Successfully disposed language server
W0809 15:57:32.555430  8182 main.go:142] [Language Server Manager] Got signal terminated, shutting down
I0809 15:57:32.918584  8203 server.go:1395] Language server shutting down
(VSCode) 2025-08-09 15:57:33.033 [ERROR]: Failed to stop lsp
(VSCode) 2025-08-09 15:57:33.039 [INFO]: Language server exited with code 0
(VSCode) 2025-08-09 15:57:33.043 [ERROR]: Failed to stop exit
(VSCode) 2025-08-09 15:57:33.044 [ERROR]: [unavailable] connect ECONNREFUSED 127.0.0.1:46479
