2025-08-07 23:42:38.094 [info] [main] Log level: Info
2025-08-07 23:42:38.094 [info] [main] Validating found git in: "git"
2025-08-07 23:42:38.094 [info] [main] Using git "2.49.0" from "git"
2025-08-07 23:42:38.094 [info] [Model][doInitialScan] Initial repository scan started
2025-08-07 23:42:38.094 [info] > git rev-parse --show-toplevel [27ms]
2025-08-07 23:42:38.094 [info] > git rev-parse --git-dir --git-common-dir [3ms]
2025-08-07 23:42:38.094 [info] [Model][openRepository] Opened repository (path): /workspace/Website-starter
2025-08-07 23:42:38.094 [info] [Model][openRepository] Opened repository (real path): /workspace/Website-starter
2025-08-07 23:42:38.094 [info] > git config --get commit.template [7ms]
2025-08-07 23:42:38.094 [info] > git rev-parse --show-toplevel [3ms]
2025-08-07 23:42:38.094 [info] > git rev-parse --show-toplevel [1ms]
2025-08-07 23:42:38.094 [info] > git for-each-ref --format=%(refname)%00%(upstream:short)%00%(objectname)%00%(upstream:track)%00%(upstream:remotename)%00%(upstream:remoteref) refs/heads/main refs/remotes/main [53ms]
2025-08-07 23:42:38.094 [info] > git rev-parse --show-toplevel [103ms]
2025-08-07 23:42:38.094 [info] > git for-each-ref --sort -committerdate --format %(refname)%00%(objectname)%00%(*objectname) [19ms]
2025-08-07 23:42:38.094 [info] > git status -z -uall [168ms]
2025-08-07 23:42:38.094 [info] > git rev-parse --show-toplevel [89ms]
2025-08-07 23:42:38.094 [info] > git for-each-ref --format=%(refname)%00%(upstream:short)%00%(objectname)%00%(upstream:track)%00%(upstream:remotename)%00%(upstream:remoteref) refs/heads/main refs/remotes/main [69ms]
2025-08-07 23:42:38.094 [info] > git config --get --local branch.main.vscode-merge-base [14ms]
2025-08-07 23:42:38.094 [info] > git config --get commit.template [80ms]
2025-08-07 23:42:38.094 [info] > git rev-parse --show-toplevel [85ms]
2025-08-07 23:42:38.094 [info] > git for-each-ref --format=%(refname)%00%(upstream:short)%00%(objectname)%00%(upstream:track)%00%(upstream:remotename)%00%(upstream:remoteref) refs/heads/origin/main refs/remotes/origin/main [13ms]
2025-08-07 23:42:38.094 [info] > git for-each-ref --format=%(refname)%00%(upstream:short)%00%(objectname)%00%(upstream:track)%00%(upstream:remotename)%00%(upstream:remoteref) refs/heads/main refs/remotes/main [8ms]
2025-08-07 23:42:38.094 [info] > git rev-parse --show-toplevel [14ms]
2025-08-07 23:42:38.094 [info] [Model][doInitialScan] Initial repository scan completed - repositories (1), closed repositories (0), parent repositories (0), unsafe repositories (0)
2025-08-07 23:42:38.094 [info] > git merge-base refs/heads/main refs/remotes/origin/main [262ms]
2025-08-07 23:42:38.094 [info] > git fetch [691ms]
2025-08-07 23:42:38.094 [info] > git merge-base refs/heads/main refs/remotes/origin/main [6ms]
2025-08-07 23:42:38.094 [info] > git diff --name-status -z --diff-filter=ADMR 0d7a3a898007be1d8200d8db99d59472a2da8d06...refs/remotes/origin/main [21ms]
2025-08-07 23:42:38.094 [info] > git config --get commit.template [11ms]
2025-08-07 23:42:38.094 [info] > git diff --name-status -z --diff-filter=ADMR 0d7a3a898007be1d8200d8db99d59472a2da8d06...refs/remotes/origin/main [9ms]
2025-08-07 23:42:38.094 [info] > git for-each-ref --format=%(refname)%00%(upstream:short)%00%(objectname)%00%(upstream:track)%00%(upstream:remotename)%00%(upstream:remoteref) refs/heads/main refs/remotes/main [2ms]
2025-08-07 23:42:38.094 [info] > git for-each-ref --sort -committerdate --format %(refname)%00%(objectname)%00%(*objectname) [5ms]
2025-08-07 23:42:38.094 [info] > git status -z -uall [61ms]
2025-08-07 23:42:38.665 [info] > git check-ignore -v -z --stdin [3ms]
2025-08-07 23:42:38.898 [info] > git config --get commit.template [7ms]
2025-08-07 23:42:38.955 [info] > git for-each-ref --format=%(refname)%00%(upstream:short)%00%(objectname)%00%(upstream:track)%00%(upstream:remotename)%00%(upstream:remoteref) refs/heads/main refs/remotes/main [58ms]
2025-08-07 23:42:38.979 [info] > git for-each-ref --sort -committerdate --format %(refname)%00%(objectname)%00%(*objectname) [8ms]
2025-08-07 23:42:38.982 [info] > git status -z -uall [18ms]
2025-08-07 23:42:43.174 [info] > git show --textconv :src/components/ui/icons/icons.ts [8ms]
2025-08-07 23:42:43.180 [info] > git ls-files --stage -- src/components/ui/icons/icons.ts [7ms]
2025-08-07 23:42:43.258 [info] > git cat-file -s 4d8da5dfc3ea0ca53c34f9b9e9a55446fbdcd0c3 [3ms]
2025-08-07 23:42:48.801 [info] > git show --textconv :src/components/ui/icons/Icon.astro [10ms]
2025-08-07 23:42:48.802 [info] > git ls-files --stage -- src/components/ui/icons/Icon.astro [2ms]
2025-08-07 23:42:48.812 [info] > git cat-file -s 67a96541a0ca20634afbe6121befbe7f5aa02c76 [3ms]
2025-08-07 23:42:49.405 [info] > git blame --root --incremental 0d7a3a898007be1d8200d8db99d59472a2da8d06 -- src/components/ui/icons/Icon.astro [4ms]
2025-08-07 23:42:51.200 [info] > git config --get --local branch.main.github-pr-owner-number [18ms]
2025-08-07 23:42:51.200 [warning] [Git][config] git config failed: Failed to execute git
2025-08-07 23:43:01.007 [info] > git config --get commit.template [4ms]
2025-08-07 23:43:01.021 [info] > git for-each-ref --format=%(refname)%00%(upstream:short)%00%(objectname)%00%(upstream:track)%00%(upstream:remotename)%00%(upstream:remoteref) refs/heads/main refs/remotes/main [2ms]
2025-08-07 23:43:01.046 [info] > git for-each-ref --sort -committerdate --format %(refname)%00%(objectname)%00%(*objectname) [4ms]
2025-08-07 23:43:01.056 [info] > git status -z -uall [25ms]
2025-08-07 23:43:27.798 [info] > git config --get commit.template [20ms]
2025-08-07 23:43:27.799 [info] > git for-each-ref --format=%(refname)%00%(upstream:short)%00%(objectname)%00%(upstream:track)%00%(upstream:remotename)%00%(upstream:remoteref) refs/heads/main refs/remotes/main [4ms]
2025-08-07 23:43:27.829 [info] > git status -z -uall [18ms]
2025-08-07 23:43:27.829 [info] > git for-each-ref --sort -committerdate --format %(refname)%00%(objectname)%00%(*objectname) [6ms]
2025-08-07 23:45:24.079 [info] > git config --get commit.template [14ms]
2025-08-07 23:45:24.080 [info] > git for-each-ref --format=%(refname)%00%(upstream:short)%00%(objectname)%00%(upstream:track)%00%(upstream:remotename)%00%(upstream:remoteref) refs/heads/main refs/remotes/main [3ms]
2025-08-07 23:45:24.254 [info] > git status -z -uall [85ms]
2025-08-07 23:45:24.256 [info] > git for-each-ref --sort -committerdate --format %(refname)%00%(objectname)%00%(*objectname) [74ms]
2025-08-07 23:45:29.281 [info] > git config --get commit.template [10ms]
2025-08-07 23:45:29.282 [info] > git for-each-ref --format=%(refname)%00%(upstream:short)%00%(objectname)%00%(upstream:track)%00%(upstream:remotename)%00%(upstream:remoteref) refs/heads/main refs/remotes/main [2ms]
2025-08-07 23:45:29.304 [info] > git for-each-ref --sort -committerdate --format %(refname)%00%(objectname)%00%(*objectname) [2ms]
2025-08-07 23:45:29.306 [info] > git status -z -uall [14ms]
2025-08-07 23:45:34.322 [info] > git config --get commit.template [2ms]
2025-08-07 23:45:34.334 [info] > git for-each-ref --format=%(refname)%00%(upstream:short)%00%(objectname)%00%(upstream:track)%00%(upstream:remotename)%00%(upstream:remoteref) refs/heads/main refs/remotes/main [2ms]
2025-08-07 23:45:34.355 [info] > git for-each-ref --sort -committerdate --format %(refname)%00%(objectname)%00%(*objectname) [2ms]
2025-08-07 23:45:34.357 [info] > git status -z -uall [14ms]
2025-08-07 23:45:36.807 [info] > git fetch [325ms]
2025-08-07 23:45:36.832 [info] > git config --get commit.template [15ms]
2025-08-07 23:45:36.833 [info] > git for-each-ref --format=%(refname)%00%(upstream:short)%00%(objectname)%00%(upstream:track)%00%(upstream:remotename)%00%(upstream:remoteref) refs/heads/main refs/remotes/main [5ms]
2025-08-07 23:45:36.855 [info] > git for-each-ref --sort -committerdate --format %(refname)%00%(objectname)%00%(*objectname) [3ms]
2025-08-07 23:45:36.857 [info] > git status -z -uall [14ms]
2025-08-07 23:45:43.926 [info] > git config --get commit.template [3ms]
2025-08-07 23:45:43.939 [info] > git for-each-ref --format=%(refname)%00%(upstream:short)%00%(objectname)%00%(upstream:track)%00%(upstream:remotename)%00%(upstream:remoteref) refs/heads/main refs/remotes/main [3ms]
2025-08-07 23:45:43.961 [info] > git for-each-ref --sort -committerdate --format %(refname)%00%(objectname)%00%(*objectname) [3ms]
2025-08-07 23:45:43.962 [info] > git status -z -uall [14ms]
2025-08-07 23:45:46.721 [info] > git show --textconv :src/components/ui/icons/Icon.astro [11ms]
2025-08-07 23:45:46.722 [info] > git ls-files --stage -- src/components/ui/icons/Icon.astro [2ms]
2025-08-07 23:45:46.733 [info] > git cat-file -s 67a96541a0ca20634afbe6121befbe7f5aa02c76 [3ms]
2025-08-07 23:46:27.540 [info] > git config --get commit.template [10ms]
2025-08-07 23:46:27.541 [info] > git for-each-ref --format=%(refname)%00%(upstream:short)%00%(objectname)%00%(upstream:track)%00%(upstream:remotename)%00%(upstream:remoteref) refs/heads/main refs/remotes/main [2ms]
2025-08-07 23:46:27.565 [info] > git for-each-ref --sort -committerdate --format %(refname)%00%(objectname)%00%(*objectname) [5ms]
2025-08-07 23:46:27.569 [info] > git status -z -uall [19ms]
2025-08-07 23:46:32.592 [info] > git config --get commit.template [10ms]
2025-08-07 23:46:32.594 [info] > git for-each-ref --format=%(refname)%00%(upstream:short)%00%(objectname)%00%(upstream:track)%00%(upstream:remotename)%00%(upstream:remoteref) refs/heads/main refs/remotes/main [3ms]
2025-08-07 23:46:32.616 [info] > git for-each-ref --sort -committerdate --format %(refname)%00%(objectname)%00%(*objectname) [3ms]
2025-08-07 23:46:32.618 [info] > git status -z -uall [14ms]
2025-08-07 23:46:40.382 [info] > git config --get commit.template [3ms]
2025-08-07 23:46:40.400 [info] > git for-each-ref --format=%(refname)%00%(upstream:short)%00%(objectname)%00%(upstream:track)%00%(upstream:remotename)%00%(upstream:remoteref) refs/heads/main refs/remotes/main [6ms]
2025-08-07 23:46:40.427 [info] > git for-each-ref --sort -committerdate --format %(refname)%00%(objectname)%00%(*objectname) [4ms]
2025-08-07 23:46:40.428 [info] > git status -z -uall [14ms]
2025-08-07 23:46:45.453 [info] > git config --get commit.template [10ms]
2025-08-07 23:46:45.455 [info] > git for-each-ref --format=%(refname)%00%(upstream:short)%00%(objectname)%00%(upstream:track)%00%(upstream:remotename)%00%(upstream:remoteref) refs/heads/main refs/remotes/main [3ms]
2025-08-07 23:46:45.478 [info] > git for-each-ref --sort -committerdate --format %(refname)%00%(objectname)%00%(*objectname) [3ms]
2025-08-07 23:46:45.479 [info] > git status -z -uall [14ms]
2025-08-07 23:46:50.501 [info] > git config --get commit.template [8ms]
2025-08-07 23:46:50.502 [info] > git for-each-ref --format=%(refname)%00%(upstream:short)%00%(objectname)%00%(upstream:track)%00%(upstream:remotename)%00%(upstream:remoteref) refs/heads/main refs/remotes/main [2ms]
2025-08-07 23:46:50.523 [info] > git for-each-ref --sort -committerdate --format %(refname)%00%(objectname)%00%(*objectname) [3ms]
2025-08-07 23:46:50.525 [info] > git status -z -uall [14ms]
2025-08-07 23:46:55.550 [info] > git config --get commit.template [12ms]
2025-08-07 23:46:55.552 [info] > git for-each-ref --format=%(refname)%00%(upstream:short)%00%(objectname)%00%(upstream:track)%00%(upstream:remotename)%00%(upstream:remoteref) refs/heads/main refs/remotes/main [3ms]
2025-08-07 23:46:55.578 [info] > git for-each-ref --sort -committerdate --format %(refname)%00%(objectname)%00%(*objectname) [4ms]
2025-08-07 23:46:55.582 [info] > git status -z -uall [20ms]
2025-08-07 23:47:00.609 [info] > git config --get commit.template [13ms]
2025-08-07 23:47:00.612 [info] > git for-each-ref --format=%(refname)%00%(upstream:short)%00%(objectname)%00%(upstream:track)%00%(upstream:remotename)%00%(upstream:remoteref) refs/heads/main refs/remotes/main [3ms]
2025-08-07 23:47:00.635 [info] > git for-each-ref --sort -committerdate --format %(refname)%00%(objectname)%00%(*objectname) [3ms]
2025-08-07 23:47:00.636 [info] > git status -z -uall [14ms]
2025-08-07 23:47:05.658 [info] > git config --get commit.template [10ms]
2025-08-07 23:47:05.659 [info] > git for-each-ref --format=%(refname)%00%(upstream:short)%00%(objectname)%00%(upstream:track)%00%(upstream:remotename)%00%(upstream:remoteref) refs/heads/main refs/remotes/main [2ms]
2025-08-07 23:47:05.682 [info] > git for-each-ref --sort -committerdate --format %(refname)%00%(objectname)%00%(*objectname) [3ms]
2025-08-07 23:47:05.683 [info] > git status -z -uall [14ms]
2025-08-07 23:47:10.710 [info] > git config --get commit.template [11ms]
2025-08-07 23:47:10.711 [info] > git for-each-ref --format=%(refname)%00%(upstream:short)%00%(objectname)%00%(upstream:track)%00%(upstream:remotename)%00%(upstream:remoteref) refs/heads/main refs/remotes/main [2ms]
2025-08-07 23:47:10.732 [info] > git for-each-ref --sort -committerdate --format %(refname)%00%(objectname)%00%(*objectname) [3ms]
2025-08-07 23:47:10.735 [info] > git status -z -uall [14ms]
2025-08-07 23:47:15.760 [info] > git config --get commit.template [11ms]
2025-08-07 23:47:15.762 [info] > git for-each-ref --format=%(refname)%00%(upstream:short)%00%(objectname)%00%(upstream:track)%00%(upstream:remotename)%00%(upstream:remoteref) refs/heads/main refs/remotes/main [3ms]
2025-08-07 23:47:15.783 [info] > git for-each-ref --sort -committerdate --format %(refname)%00%(objectname)%00%(*objectname) [3ms]
2025-08-07 23:47:15.786 [info] > git status -z -uall [14ms]
2025-08-07 23:47:21.123 [info] > git config --get commit.template [12ms]
2025-08-07 23:47:21.124 [info] > git for-each-ref --format=%(refname)%00%(upstream:short)%00%(objectname)%00%(upstream:track)%00%(upstream:remotename)%00%(upstream:remoteref) refs/heads/main refs/remotes/main [3ms]
2025-08-07 23:47:21.148 [info] > git for-each-ref --sort -committerdate --format %(refname)%00%(objectname)%00%(*objectname) [3ms]
2025-08-07 23:47:21.150 [info] > git status -z -uall [14ms]
2025-08-07 23:47:27.087 [info] > git config --get commit.template [11ms]
2025-08-07 23:47:27.089 [info] > git for-each-ref --format=%(refname)%00%(upstream:short)%00%(objectname)%00%(upstream:track)%00%(upstream:remotename)%00%(upstream:remoteref) refs/heads/main refs/remotes/main [3ms]
2025-08-07 23:47:27.111 [info] > git for-each-ref --sort -committerdate --format %(refname)%00%(objectname)%00%(*objectname) [3ms]
2025-08-07 23:47:27.113 [info] > git status -z -uall [14ms]
2025-08-07 23:47:34.528 [info] > git config --get commit.template [12ms]
2025-08-07 23:47:34.528 [info] > git for-each-ref --format=%(refname)%00%(upstream:short)%00%(objectname)%00%(upstream:track)%00%(upstream:remotename)%00%(upstream:remoteref) refs/heads/main refs/remotes/main [2ms]
2025-08-07 23:47:34.551 [info] > git for-each-ref --sort -committerdate --format %(refname)%00%(objectname)%00%(*objectname) [3ms]
2025-08-07 23:47:34.552 [info] > git status -z -uall [14ms]
2025-08-07 23:47:39.578 [info] > git config --get commit.template [12ms]
2025-08-07 23:47:39.580 [info] > git for-each-ref --format=%(refname)%00%(upstream:short)%00%(objectname)%00%(upstream:track)%00%(upstream:remotename)%00%(upstream:remoteref) refs/heads/main refs/remotes/main [3ms]
2025-08-07 23:47:39.604 [info] > git for-each-ref --sort -committerdate --format %(refname)%00%(objectname)%00%(*objectname) [4ms]
2025-08-07 23:47:39.608 [info] > git status -z -uall [18ms]
2025-08-07 23:47:44.632 [info] > git config --get commit.template [10ms]
2025-08-07 23:47:44.634 [info] > git for-each-ref --format=%(refname)%00%(upstream:short)%00%(objectname)%00%(upstream:track)%00%(upstream:remotename)%00%(upstream:remoteref) refs/heads/main refs/remotes/main [2ms]
2025-08-07 23:47:44.657 [info] > git for-each-ref --sort -committerdate --format %(refname)%00%(objectname)%00%(*objectname) [5ms]
2025-08-07 23:47:44.659 [info] > git status -z -uall [16ms]
2025-08-07 23:47:49.804 [info] > git config --get commit.template [2ms]
2025-08-07 23:47:49.817 [info] > git for-each-ref --format=%(refname)%00%(upstream:short)%00%(objectname)%00%(upstream:track)%00%(upstream:remotename)%00%(upstream:remoteref) refs/heads/main refs/remotes/main [3ms]
2025-08-07 23:47:49.839 [info] > git for-each-ref --sort -committerdate --format %(refname)%00%(objectname)%00%(*objectname) [3ms]
2025-08-07 23:47:49.841 [info] > git status -z -uall [14ms]
2025-08-07 23:47:54.866 [info] > git config --get commit.template [13ms]
2025-08-07 23:47:54.869 [info] > git for-each-ref --format=%(refname)%00%(upstream:short)%00%(objectname)%00%(upstream:track)%00%(upstream:remotename)%00%(upstream:remoteref) refs/heads/main refs/remotes/main [4ms]
2025-08-07 23:47:54.906 [info] > git for-each-ref --sort -committerdate --format %(refname)%00%(objectname)%00%(*objectname) [5ms]
2025-08-07 23:47:54.907 [info] > git status -z -uall [21ms]
2025-08-07 23:48:36.001 [info] > git config --get commit.template [10ms]
2025-08-07 23:48:36.002 [info] > git for-each-ref --format=%(refname)%00%(upstream:short)%00%(objectname)%00%(upstream:track)%00%(upstream:remotename)%00%(upstream:remoteref) refs/heads/main refs/remotes/main [2ms]
2025-08-07 23:48:36.022 [info] > git for-each-ref --sort -committerdate --format %(refname)%00%(objectname)%00%(*objectname) [4ms]
2025-08-07 23:48:36.025 [info] > git status -z -uall [15ms]
2025-08-07 23:48:37.185 [info] > git fetch [314ms]
2025-08-07 23:48:37.206 [info] > git config --get commit.template [11ms]
2025-08-07 23:48:37.207 [info] > git for-each-ref --format=%(refname)%00%(upstream:short)%00%(objectname)%00%(upstream:track)%00%(upstream:remotename)%00%(upstream:remoteref) refs/heads/main refs/remotes/main [2ms]
2025-08-07 23:48:37.228 [info] > git for-each-ref --sort -committerdate --format %(refname)%00%(objectname)%00%(*objectname) [3ms]
2025-08-07 23:48:37.230 [info] > git status -z -uall [14ms]
2025-08-07 23:48:38.724 [info] > git ls-files --stage -- src/components/ui/icons/Icon.astro [2ms]
2025-08-07 23:48:38.738 [info] > git cat-file -s 67a96541a0ca20634afbe6121befbe7f5aa02c76 [3ms]
2025-08-07 23:48:38.991 [info] > git show --textconv :src/components/ui/icons/Icon.astro [3ms]
2025-08-07 23:48:41.049 [info] > git config --get commit.template [11ms]
2025-08-07 23:48:41.051 [info] > git for-each-ref --format=%(refname)%00%(upstream:short)%00%(objectname)%00%(upstream:track)%00%(upstream:remotename)%00%(upstream:remoteref) refs/heads/main refs/remotes/main [2ms]
2025-08-07 23:48:41.074 [info] > git for-each-ref --sort -committerdate --format %(refname)%00%(objectname)%00%(*objectname) [3ms]
2025-08-07 23:48:41.076 [info] > git status -z -uall [13ms]
2025-08-07 23:48:46.103 [info] > git config --get commit.template [11ms]
2025-08-07 23:48:46.105 [info] > git for-each-ref --format=%(refname)%00%(upstream:short)%00%(objectname)%00%(upstream:track)%00%(upstream:remotename)%00%(upstream:remoteref) refs/heads/main refs/remotes/main [3ms]
2025-08-07 23:48:46.132 [info] > git for-each-ref --sort -committerdate --format %(refname)%00%(objectname)%00%(*objectname) [3ms]
2025-08-07 23:48:46.133 [info] > git status -z -uall [15ms]
2025-08-07 23:48:51.157 [info] > git config --get commit.template [10ms]
2025-08-07 23:48:51.158 [info] > git for-each-ref --format=%(refname)%00%(upstream:short)%00%(objectname)%00%(upstream:track)%00%(upstream:remotename)%00%(upstream:remoteref) refs/heads/main refs/remotes/main [2ms]
2025-08-07 23:48:51.182 [info] > git for-each-ref --sort -committerdate --format %(refname)%00%(objectname)%00%(*objectname) [2ms]
2025-08-07 23:48:51.184 [info] > git status -z -uall [15ms]
2025-08-07 23:48:56.209 [info] > git config --get commit.template [12ms]
2025-08-07 23:48:56.210 [info] > git for-each-ref --format=%(refname)%00%(upstream:short)%00%(objectname)%00%(upstream:track)%00%(upstream:remotename)%00%(upstream:remoteref) refs/heads/main refs/remotes/main [2ms]
2025-08-07 23:48:56.233 [info] > git for-each-ref --sort -committerdate --format %(refname)%00%(objectname)%00%(*objectname) [3ms]
2025-08-07 23:48:56.234 [info] > git status -z -uall [14ms]
2025-08-07 23:49:15.523 [info] > git show --textconv :src/components/ui/icons/icons.ts [9ms]
2025-08-07 23:49:15.524 [info] > git ls-files --stage -- src/components/ui/icons/icons.ts [2ms]
2025-08-07 23:49:15.534 [info] > git cat-file -s 4d8da5dfc3ea0ca53c34f9b9e9a55446fbdcd0c3 [2ms]
2025-08-07 23:49:16.261 [info] > git blame --root --incremental 0d7a3a898007be1d8200d8db99d59472a2da8d06 -- src/components/ui/icons/icons.ts [4ms]
2025-08-07 23:54:09.215 [info] > git fetch [336ms]
2025-08-07 23:54:09.235 [info] > git config --get commit.template [10ms]
2025-08-07 23:54:09.238 [info] > git for-each-ref --format=%(refname)%00%(upstream:short)%00%(objectname)%00%(upstream:track)%00%(upstream:remotename)%00%(upstream:remoteref) refs/heads/main refs/remotes/main [3ms]
2025-08-07 23:54:09.263 [info] > git for-each-ref --sort -committerdate --format %(refname)%00%(objectname)%00%(*objectname) [4ms]
2025-08-07 23:54:09.265 [info] > git status -z -uall [18ms]
2025-08-07 23:54:10.696 [info] > git config --get commit.template [10ms]
2025-08-07 23:54:10.698 [info] > git for-each-ref --format=%(refname)%00%(upstream:short)%00%(objectname)%00%(upstream:track)%00%(upstream:remotename)%00%(upstream:remoteref) refs/heads/main refs/remotes/main [2ms]
2025-08-07 23:54:10.725 [info] > git for-each-ref --sort -committerdate --format %(refname)%00%(objectname)%00%(*objectname) [4ms]
2025-08-07 23:54:10.726 [info] > git status -z -uall [17ms]
2025-08-07 23:54:11.139 [info] > git ls-files --stage -- src/components/ui/icons/icons.ts [2ms]
2025-08-07 23:54:11.151 [info] > git cat-file -s 4d8da5dfc3ea0ca53c34f9b9e9a55446fbdcd0c3 [2ms]
2025-08-07 23:54:11.380 [info] > git show --textconv :src/components/ui/icons/icons.ts [3ms]
