(VSCode) 2025-08-09 14:52:52.694 [INFO]: No proxy settings found
(VSCode) 2025-08-09 14:52:54.997 [INFO]: Checking network connection...
(VSCode) 2025-08-09 14:52:56.510 [INFO]: No Network Issue connecting to https://server.codeium.com/healthz
(VSCode) 2025-08-09 14:52:57.296 [INFO]: Creating manager directory: /tmp/4857706a-df35-41e7-8ffa-b888b4079eed/codeium/manager
(VSCode) 2025-08-09 14:52:57.738 [INFO]: Using cached LS with valid crc32: /workspace/.vscode-remote/extensions/codeium.codeium-1.48.2-universal/dist/e03af6ebc40b844314d448f947c80b636d093049/language_server_linux_x64
(VSCode) 2025-08-09 14:52:57.747 [INFO]: Language server started
2025/08/09 14:52:57 maxprocs: Leaving GOMAXPROCS=16: CPU quota undefined
I0809 14:52:57.986237  3548 main.go:604] [Language Server Manager] Setting GOMAXPROCS to 4
I0809 14:52:57.986345  3548 main.go:829] [Language Server Manager] Starting language server manager with pid 3548
I0809 14:52:57.986451  3548 main.go:138] [Language Server Manager] Manager acquired its lock file /tmp/4857706a-df35-41e7-8ffa-b888b4079eed/codeium/manager/locks/manager.lock
I0809 14:52:57.987321  3548 main.go:283] [Language Server Manager] Waiting for random port file in /tmp/4857706a-df35-41e7-8ffa-b888b4079eed/codeium/manager/child_random_port_1754751177986593691_7181811804550322852 to be created
2025/08/09 14:52:58 maxprocs: Leaving GOMAXPROCS=16: CPU quota undefined
I0809 14:52:58.249946  3568 main.go:604] Setting GOMAXPROCS to 4
I0809 14:52:58.250209  3568 main.go:823] Starting language server process with pid 3568
I0809 14:52:58.250261  3568 server.go:296] Language server will attempt to listen on host 127.0.0.1
I0809 14:52:58.251003  3568 server.go:303] Language server listening on random port at 35695
I0809 14:52:58.962676  3568 web_server.go:256] Chat Web Server listening at ws://127.0.0.1:39361
I0809 14:52:59.257637  3568 server.go:955] Local search is enabled, will index local files.
I0809 14:52:59.257666  3568 server.go:959] Using 4 indexer workers
I0809 14:52:59.429447  3568 server.go:1196] Child process attempting to acquire lock file /tmp/4857706a-df35-41e7-8ffa-b888b4079eed/codeium/manager/locks/child_lock_1754751177986637911_3843762777043088791
I0809 14:52:59.429580  3568 server.go:1204] Child process acquired lock file /tmp/4857706a-df35-41e7-8ffa-b888b4079eed/codeium/manager/locks/child_lock_1754751177986637911_3843762777043088791
39771
I0809 14:52:59.493931  3548 main.go:319] [Language Server Manager] Found random server port 35695
I0809 14:52:59.493969  3548 main.go:320] [Language Server Manager] Found random lsp port 39771
I0809 14:52:59.493993  3548 main.go:327] [Language Server Manager] Attempting to connect to language server at 127.0.0.1:35695
I0809 14:52:59.508670  3548 main.go:192] [Language Server Manager] Fixing language server port at 35695
I0809 14:52:59.508721  3548 main.go:381] [Language Server Manager] Successfully connected to new language server at 127.0.0.1:35695
(VSCode) 2025-08-09 14:52:59.555 [INFO]: Found language server running on port 35695
Playwright Host validation warning: 
╔══════════════════════════════════════════════════════╗
║ Host system is missing dependencies to run browsers. ║
║ Please install them with the following command:      ║
║                                                      ║
║     sudo npx playwright install-deps                 ║
║                                                      ║
║ Alternatively, use apt:                              ║
║     sudo apt-get install libatk1.0-0\                ║
║         libatk-bridge2.0-0\                          ║
║         libcups2\                                    ║
║         libxcomposite1\                              ║
║         libxdamage1\                                 ║
║         libxfixes3\                                  ║
║         libxrandr2\                                  ║
║         libgbm1\                                     ║
║         libxkbcommon0\                               ║
║         libatspi2.0-0                                ║
║                                                      ║
║ <3 Playwright Team                                   ║
╚══════════════════════════════════════════════════════╝
    at validateDependenciesLinux (/home/gitpod/.cache/ms-playwright-go/1.50.1/package/lib/server/registry/dependencies.js:216:9)
    at process.processTicksAndRejections (node:internal/process/task_queues:105:5)
    at async Registry._validateHostRequirements (/home/gitpod/.cache/ms-playwright-go/1.50.1/package/lib/server/registry/index.js:865:43)
    at async Registry._validateHostRequirementsForExecutableIfNeeded (/home/gitpod/.cache/ms-playwright-go/1.50.1/package/lib/server/registry/index.js:963:7)
    at async Registry.validateHostRequirementsForExecutablesIfNeeded (/home/gitpod/.cache/ms-playwright-go/1.50.1/package/lib/server/registry/index.js:952:43)
    at async t.<anonymous> (/home/gitpod/.cache/ms-playwright-go/1.50.1/package/lib/cli/program.js:122:7)
(VSCode) 2025-08-09 14:53:00.959 [INFO]: openAllTextDocuments took 494.27649799999926ms
(VSCode) 2025-08-09 14:53:08.238 [WARN]: User not logged in
(VSCode) 2025-08-09 14:59:51.234 [INFO]: Disposing language server process
(VSCode) 2025-08-09 14:59:51.234 [INFO]: Deleting manager directory: /tmp/4857706a-df35-41e7-8ffa-b888b4079eed/codeium/manager
(VSCode) 2025-08-09 14:59:51.235 [INFO]: Successfully disposed language server
W0809 14:59:51.234945  3548 main.go:142] [Language Server Manager] Got signal terminated, shutting down
I0809 14:59:51.307044  3568 server.go:1422] Exit requested on language server process 3568
I0809 14:59:51.307194  3568 server.go:1395] Language server shutting down
