2025-08-09 18:59:50.081 [info] Log level: Info
2025-08-09 18:59:50.081 [info] VSCODE_MACHINE_ID: 10d3d877-fe56-442f-a117-f9035039c6e9
2025-08-09 18:59:50.081 [info] VSCODE_SESSION_ID: 407ba593-5e43-49f6-b714-94993146ff471754765979421
2025-08-09 18:59:50.081 [info] VSCODE_VERSION: 1.102.3
2025-08-09 18:59:50.081 [info] VSCODE_APP_NAME: Gitpod Code
2025-08-09 18:59:50.081 [info] VSCODE_APP_HOST: Gitpod
2025-08-09 18:59:50.081 [info] VSCODE_UI_KIND: web
2025-08-09 18:59:50.081 [info] GITPOD_WORKSPACE_CONTEXT_URL: https://github.com/Abdallah-Develop/Website-starter
2025-08-09 18:59:50.081 [info] GITPOD_INSTANCE_ID: eb757465-6846-426d-ac63-2b34d3382057
2025-08-09 18:59:50.081 [info] GITPOD_WORKSPACE_URL: https://abdallahdev-websitestar-esjdme0laxn.ws-eu120.gitpod.io
2025-08-09 18:59:50.081 [info] Gitpod Web 3953e81
2025-08-09 18:59:50.081 [info] Reading sessions from keychain...
2025-08-09 18:59:50.274 [info] Got stored sessions!
2025-08-09 18:59:50.274 [info] Getting sessions for all scopes...
2025-08-09 18:59:50.274 [info] Getting GitHub sessions for all scopes...
2025-08-09 18:59:50.410 [info] Verified session with the following scopes: function:accessCodeSyncStorage function:closePort function:controlAdmission function:deleteEnvVar function:generateNewGitpodToken function:getDefaultWorkspaceImage function:getGitpodTokenScopes function:getIDToken function:getLoggedInUser function:getOpenPorts function:getSupportedWorkspaceClasses function:getTeams function:getToken function:getWorkspace function:getWorkspaceEnvVars function:getWorkspaceOwner function:getWorkspaceTimeout function:getWorkspaceUsers function:guessGitTokenScopes function:isWorkspaceOwner function:openPort function:sendHeartBeat function:setEnvVar function:setWorkspaceTimeout function:stopWorkspace function:takeSnapshot function:trackEvent function:updateGitStatus function:waitForSnapshot resource:contentBlob::*::create/get resource:envVar::*/**::update resource:envVar::*/*::update resource:envVar::Abdallah-Develop/Website-starter::create/get/update/delete resource:gitpodToken::*::create resource:snapshot::ws-abdallahdev-websitestar-esjdme0laxn::create resource:token::*::get resource:userStorage::*::create/get/update resource:workspace::abdallahdev-websitestar-esjdme0laxn::get/update resource:workspaceInstance::eb757465-6846-426d-ac63-2b34d3382057::get/update/delete
2025-08-09 18:59:50.410 [info] Got 1 verified sessions.
2025-08-09 18:59:50.410 [info] Got 1 sessions for all scopes...
2025-08-09 18:59:50.411 [info] Getting sessions for all scopes...
2025-08-09 18:59:50.411 [info] Got 1 sessions for all scopes...
2025-08-09 18:59:50.411 [info] Getting sessions for all scopes...
2025-08-09 18:59:50.411 [info] Got 1 sessions for all scopes...
2025-08-09 18:59:50.411 [info] Getting sessions for all scopes...
2025-08-09 18:59:50.411 [info] Got 1 sessions for all scopes...
2025-08-09 18:59:50.411 [info] Getting sessions for all scopes...
2025-08-09 18:59:50.411 [info] Got 1 sessions for all scopes...
2025-08-09 18:59:50.411 [info] Getting sessions for function:accessCodeSyncStorage...
2025-08-09 18:59:50.411 [info] Got 1 sessions for function:accessCodeSyncStorage...
2025-08-09 18:59:52.184 [info] Getting sessions for all scopes...
2025-08-09 18:59:52.184 [info] Got 1 sessions for all scopes...
2025-08-09 18:59:54.514 [info] Got 1 GitHub sessions for all scopes...
2025-08-09 18:59:54.514 [info] Getting GitHub sessions for all scopes...
2025-08-09 18:59:54.514 [info] Got 1 GitHub sessions for all scopes...
2025-08-09 18:59:54.514 [info] Getting GitHub sessions for all scopes...
2025-08-09 18:59:54.514 [info] Got 1 GitHub sessions for all scopes...
2025-08-09 18:59:54.887 [info] Getting GitHub sessions for all scopes...
2025-08-09 18:59:54.887 [info] Getting sessions for all scopes...
2025-08-09 18:59:54.887 [info] Got 1 GitHub sessions for all scopes...
2025-08-09 18:59:54.887 [info] Got 1 sessions for all scopes...
2025-08-09 18:59:54.887 [info] Getting GitHub sessions for all scopes...
2025-08-09 18:59:54.887 [info] Got 1 GitHub sessions for all scopes...
2025-08-09 18:59:55.087 [info] Getting sessions for all scopes...
2025-08-09 18:59:55.087 [info] Got 1 sessions for all scopes...
2025-08-09 18:59:55.695 [info] Getting GitHub sessions for all scopes...
2025-08-09 18:59:55.695 [info] Got 1 GitHub sessions for all scopes...
2025-08-09 18:59:55.695 [info] Getting GitHub sessions for all scopes...
2025-08-09 18:59:55.695 [info] Got 1 GitHub sessions for all scopes...
2025-08-09 18:59:55.696 [info] Getting GitHub sessions for read:user,repo,user:email,workflow...
2025-08-09 18:59:55.696 [info] Got 0 GitHub sessions for read:user,repo,user:email,workflow...
2025-08-09 18:59:56.804 [info] Getting sessions for all scopes...
2025-08-09 18:59:56.804 [info] Getting GitHub sessions for all scopes...
2025-08-09 18:59:56.804 [info] Got 1 sessions for all scopes...
2025-08-09 18:59:56.804 [info] Got 1 GitHub sessions for all scopes...
2025-08-09 18:59:57.289 [info] Getting sessions for all scopes...
2025-08-09 18:59:57.290 [info] Getting GitHub sessions for all scopes...
2025-08-09 18:59:57.290 [info] Got 1 sessions for all scopes...
2025-08-09 18:59:57.290 [info] Got 1 GitHub sessions for all scopes...
2025-08-09 18:59:57.583 [info] Getting GitHub sessions for project,read:org,read:user,repo,user:email,workflow...
2025-08-09 18:59:57.583 [info] Got 0 GitHub sessions for project,read:org,read:user,repo,user:email,workflow...
2025-08-09 18:59:57.781 [info] Getting sessions for all scopes...
2025-08-09 18:59:57.781 [info] Getting GitHub sessions for all scopes...
2025-08-09 18:59:57.781 [info] Got 1 sessions for all scopes...
2025-08-09 18:59:57.781 [info] Got 1 GitHub sessions for all scopes...
2025-08-09 18:59:58.838 [info] Getting GitHub sessions for read:user,repo,user:email,workflow...
2025-08-09 18:59:58.838 [info] Got 0 GitHub sessions for read:user,repo,user:email,workflow...
2025-08-09 19:00:00.902 [info] Getting GitHub sessions for read:user,repo,user:email...
2025-08-09 19:00:00.902 [info] Got 0 GitHub sessions for read:user,repo,user:email...
2025-08-09 19:00:05.082 [info] Getting GitHub sessions for read:user,repo,user:email,workflow...
2025-08-09 19:00:05.082 [info] Got 0 GitHub sessions for read:user,repo,user:email,workflow...
2025-08-09 19:00:15.118 [info] Getting sessions for all scopes...
2025-08-09 19:00:15.118 [info] Getting GitHub sessions for all scopes...
2025-08-09 19:00:15.118 [info] Got 1 sessions for all scopes...
2025-08-09 19:00:15.118 [info] Got 1 GitHub sessions for all scopes...
2025-08-09 19:00:16.098 [info] Getting sessions for all scopes...
2025-08-09 19:00:16.098 [info] Getting GitHub sessions for all scopes...
2025-08-09 19:00:16.098 [info] Got 1 sessions for all scopes...
2025-08-09 19:00:16.098 [info] Got 1 GitHub sessions for all scopes...
2025-08-09 19:00:17.209 [info] Getting sessions for all scopes...
2025-08-09 19:00:17.209 [info] Getting GitHub sessions for all scopes...
2025-08-09 19:00:17.209 [info] Got 1 sessions for all scopes...
2025-08-09 19:00:17.209 [info] Got 1 GitHub sessions for all scopes...
2025-08-09 19:00:17.458 [info] Getting sessions for all scopes...
2025-08-09 19:00:17.458 [info] Getting GitHub sessions for all scopes...
2025-08-09 19:00:17.458 [info] Got 1 sessions for all scopes...
2025-08-09 19:00:17.458 [info] Got 1 GitHub sessions for all scopes...
2025-08-09 19:01:11.840 [info] Getting sessions for all scopes...
2025-08-09 19:01:11.840 [info] Getting GitHub sessions for all scopes...
2025-08-09 19:01:11.840 [info] Got 1 sessions for all scopes...
2025-08-09 19:01:11.840 [info] Got 1 GitHub sessions for all scopes...
2025-08-09 19:01:15.617 [info] Getting sessions for all scopes...
2025-08-09 19:01:15.617 [info] Getting GitHub sessions for all scopes...
2025-08-09 19:01:15.617 [info] Got 1 sessions for all scopes...
2025-08-09 19:01:15.617 [info] Got 1 GitHub sessions for all scopes...
2025-08-09 19:01:32.242 [info] Getting sessions for all scopes...
2025-08-09 19:01:32.242 [info] Getting GitHub sessions for all scopes...
2025-08-09 19:01:32.242 [info] Got 1 sessions for all scopes...
2025-08-09 19:01:32.242 [info] Got 1 GitHub sessions for all scopes...
2025-08-09 19:01:32.497 [info] Getting sessions for all scopes...
2025-08-09 19:01:32.497 [info] Getting GitHub sessions for all scopes...
2025-08-09 19:01:32.497 [info] Got 1 sessions for all scopes...
2025-08-09 19:01:32.497 [info] Got 1 GitHub sessions for all scopes...
2025-08-09 19:36:51.106 [info] Getting GitHub sessions for project,read:org,read:user,repo,user:email,workflow...
2025-08-09 19:36:51.106 [info] Got 0 GitHub sessions for project,read:org,read:user,repo,user:email,workflow...
2025-08-09 19:36:53.915 [info] Getting GitHub sessions for read:user,repo,user:email,workflow...
2025-08-09 19:36:53.916 [info] Got 0 GitHub sessions for read:user,repo,user:email,workflow...
2025-08-09 19:36:56.426 [info] Getting GitHub sessions for read:user,repo,user:email...
2025-08-09 19:36:56.426 [info] Got 0 GitHub sessions for read:user,repo,user:email...
2025-08-09 19:36:57.458 [info] Getting GitHub sessions for read:user,repo,user:email,workflow...
2025-08-09 19:36:57.458 [info] Got 0 GitHub sessions for read:user,repo,user:email,workflow...
2025-08-09 19:39:25.325 [info] Getting sessions for all scopes...
2025-08-09 19:39:25.325 [info] Getting GitHub sessions for all scopes...
2025-08-09 19:39:25.325 [info] Got 1 sessions for all scopes...
2025-08-09 19:39:25.325 [info] Got 1 GitHub sessions for all scopes...
2025-08-09 19:39:30.675 [info] Getting sessions for all scopes...
2025-08-09 19:39:30.675 [info] Getting GitHub sessions for all scopes...
2025-08-09 19:39:30.675 [info] Got 1 sessions for all scopes...
2025-08-09 19:39:30.675 [info] Got 1 GitHub sessions for all scopes...
2025-08-09 19:40:51.508 [info] Getting sessions for all scopes...
2025-08-09 19:40:51.508 [info] Getting GitHub sessions for all scopes...
2025-08-09 19:40:51.508 [info] Got 1 sessions for all scopes...
2025-08-09 19:40:51.508 [info] Got 1 GitHub sessions for all scopes...
2025-08-09 19:40:52.076 [info] Getting sessions for all scopes...
2025-08-09 19:40:52.076 [info] Getting GitHub sessions for all scopes...
2025-08-09 19:40:52.076 [info] Got 1 sessions for all scopes...
2025-08-09 19:40:52.076 [info] Got 1 GitHub sessions for all scopes...
