2025-08-09 12:02:00.245 [info] [main] Log level: Info
2025-08-09 12:02:00.245 [info] [main] Validating found git in: "git"
2025-08-09 12:02:00.245 [info] [main] Using git "2.49.0" from "git"
2025-08-09 12:02:00.245 [info] [Model][doInitialScan] Initial repository scan started
2025-08-09 12:02:00.245 [info] > git rev-parse --show-toplevel [3ms]
2025-08-09 12:02:00.245 [info] > git rev-parse --git-dir --git-common-dir [33ms]
2025-08-09 12:02:00.245 [info] [Model][openRepository] Opened repository (path): /workspace/Website-starter
2025-08-09 12:02:00.245 [info] [Model][openRepository] Opened repository (real path): /workspace/Website-starter
2025-08-09 12:02:00.245 [info] > git rev-parse --show-toplevel [10ms]
2025-08-09 12:02:00.245 [info] > git config --get commit.template [17ms]
2025-08-09 12:02:00.245 [info] > git rev-parse --show-toplevel [108ms]
2025-08-09 12:02:00.245 [info] > git for-each-ref --format=%(refname)%00%(upstream:short)%00%(objectname)%00%(upstream:track)%00%(upstream:remotename)%00%(upstream:remoteref) refs/heads/main refs/remotes/main [112ms]
2025-08-09 12:02:00.245 [info] > git rev-parse --show-toplevel [6ms]
2025-08-09 12:02:00.245 [info] > git rev-parse --show-toplevel [18ms]
2025-08-09 12:02:00.245 [info] > git status -z -uall [21ms]
2025-08-09 12:02:00.245 [info] > git for-each-ref --sort -committerdate --format %(refname)%00%(objectname)%00%(*objectname) [14ms]
2025-08-09 12:02:00.245 [info] > git rev-parse --show-toplevel [5ms]
2025-08-09 12:02:00.245 [info] > git for-each-ref --format=%(refname)%00%(upstream:short)%00%(objectname)%00%(upstream:track)%00%(upstream:remotename)%00%(upstream:remoteref) refs/heads/main refs/remotes/main [10ms]
2025-08-09 12:02:00.245 [info] > git rev-parse --show-toplevel [23ms]
2025-08-09 12:02:00.245 [info] > git config --get commit.template [8ms]
2025-08-09 12:02:00.245 [info] > git config --get --local branch.main.vscode-merge-base [16ms]
2025-08-09 12:02:00.245 [info] > git for-each-ref --format=%(refname)%00%(upstream:short)%00%(objectname)%00%(upstream:track)%00%(upstream:remotename)%00%(upstream:remoteref) refs/heads/main refs/remotes/main [48ms]
2025-08-09 12:02:00.245 [info] > git rev-parse --show-toplevel [54ms]
2025-08-09 12:02:00.245 [info] [Model][doInitialScan] Initial repository scan completed - repositories (1), closed repositories (0), parent repositories (0), unsafe repositories (0)
2025-08-09 12:02:00.245 [info] > git for-each-ref --format=%(refname)%00%(upstream:short)%00%(objectname)%00%(upstream:track)%00%(upstream:remotename)%00%(upstream:remoteref) refs/heads/origin/main refs/remotes/origin/main [61ms]
2025-08-09 12:02:00.245 [info] > git fetch [384ms]
2025-08-09 12:02:00.245 [info] > git merge-base refs/heads/main refs/remotes/origin/main [10ms]
2025-08-09 12:02:00.245 [info] > git config --get commit.template [19ms]
2025-08-09 12:02:00.245 [info] > git diff --name-status -z --diff-filter=ADMR 0d7a3a898007be1d8200d8db99d59472a2da8d06...refs/remotes/origin/main [19ms]
2025-08-09 12:02:00.245 [info] > git merge-base refs/heads/main refs/remotes/origin/main [11ms]
2025-08-09 12:02:00.245 [info] > git for-each-ref --format=%(refname)%00%(upstream:short)%00%(objectname)%00%(upstream:track)%00%(upstream:remotename)%00%(upstream:remoteref) refs/heads/main refs/remotes/main [9ms]
2025-08-09 12:02:00.245 [info] > git diff --name-status -z --diff-filter=ADMR 0d7a3a898007be1d8200d8db99d59472a2da8d06...refs/remotes/origin/main [41ms]
2025-08-09 12:02:00.245 [info] > git for-each-ref --sort -committerdate --format %(refname)%00%(objectname)%00%(*objectname) [4ms]
2025-08-09 12:02:00.245 [info] > git status -z -uall [20ms]
2025-08-09 12:02:00.853 [info] > git check-ignore -v -z --stdin [3ms]
2025-08-09 12:02:02.083 [info] > git check-ignore -v -z --stdin [2ms]
2025-08-09 12:02:07.161 [info] > git check-ignore -v -z --stdin [21ms]
2025-08-09 12:02:08.112 [info] > git check-ignore -v -z --stdin [2ms]
2025-08-09 12:02:10.646 [info] > git config --get --local branch.main.github-pr-owner-number [2ms]
2025-08-09 12:02:10.646 [warning] [Git][config] git config failed: Failed to execute git
2025-08-09 12:02:11.561 [info] > git check-ignore -v -z --stdin [2ms]
2025-08-09 12:02:25.336 [info] > git check-ignore -v -z --stdin [2ms]
2025-08-09 12:02:25.658 [info] > git config --get commit.template [4ms]
2025-08-09 12:02:25.670 [info] > git for-each-ref --format=%(refname)%00%(upstream:short)%00%(objectname)%00%(upstream:track)%00%(upstream:remotename)%00%(upstream:remoteref) refs/heads/main refs/remotes/main [3ms]
2025-08-09 12:02:25.689 [info] > git for-each-ref --sort -committerdate --format %(refname)%00%(objectname)%00%(*objectname) [2ms]
2025-08-09 12:02:25.695 [info] > git status -z -uall [16ms]
2025-08-09 12:02:52.312 [info] > git config --get commit.template [10ms]
2025-08-09 12:02:52.314 [info] > git for-each-ref --format=%(refname)%00%(upstream:short)%00%(objectname)%00%(upstream:track)%00%(upstream:remotename)%00%(upstream:remoteref) refs/heads/main refs/remotes/main [3ms]
2025-08-09 12:02:52.342 [info] > git for-each-ref --sort -committerdate --format %(refname)%00%(objectname)%00%(*objectname) [5ms]
2025-08-09 12:02:52.347 [info] > git status -z -uall [20ms]
2025-08-09 12:02:57.370 [info] > git config --get commit.template [10ms]
2025-08-09 12:02:57.371 [info] > git for-each-ref --format=%(refname)%00%(upstream:short)%00%(objectname)%00%(upstream:track)%00%(upstream:remotename)%00%(upstream:remoteref) refs/heads/main refs/remotes/main [2ms]
2025-08-09 12:02:57.389 [info] > git for-each-ref --sort -committerdate --format %(refname)%00%(objectname)%00%(*objectname) [3ms]
2025-08-09 12:02:57.394 [info] > git status -z -uall [15ms]
2025-08-09 12:03:02.416 [info] > git config --get commit.template [10ms]
2025-08-09 12:03:02.418 [info] > git for-each-ref --format=%(refname)%00%(upstream:short)%00%(objectname)%00%(upstream:track)%00%(upstream:remotename)%00%(upstream:remoteref) refs/heads/main refs/remotes/main [3ms]
2025-08-09 12:03:02.444 [info] > git for-each-ref --sort -committerdate --format %(refname)%00%(objectname)%00%(*objectname) [3ms]
2025-08-09 12:03:02.448 [info] > git status -z -uall [19ms]
2025-08-09 12:03:07.479 [info] > git config --get commit.template [15ms]
2025-08-09 12:03:07.482 [info] > git for-each-ref --format=%(refname)%00%(upstream:short)%00%(objectname)%00%(upstream:track)%00%(upstream:remotename)%00%(upstream:remoteref) refs/heads/main refs/remotes/main [4ms]
2025-08-09 12:03:07.501 [info] > git for-each-ref --sort -committerdate --format %(refname)%00%(objectname)%00%(*objectname) [3ms]
2025-08-09 12:03:07.505 [info] > git status -z -uall [14ms]
2025-08-09 12:03:12.532 [info] > git config --get commit.template [13ms]
2025-08-09 12:03:12.534 [info] > git for-each-ref --format=%(refname)%00%(upstream:short)%00%(objectname)%00%(upstream:track)%00%(upstream:remotename)%00%(upstream:remoteref) refs/heads/main refs/remotes/main [4ms]
2025-08-09 12:03:12.561 [info] > git for-each-ref --sort -committerdate --format %(refname)%00%(objectname)%00%(*objectname) [4ms]
2025-08-09 12:03:12.567 [info] > git status -z -uall [21ms]
2025-08-09 12:03:19.686 [info] > git config --get commit.template [11ms]
2025-08-09 12:03:19.688 [info] > git for-each-ref --format=%(refname)%00%(upstream:short)%00%(objectname)%00%(upstream:track)%00%(upstream:remotename)%00%(upstream:remoteref) refs/heads/main refs/remotes/main [3ms]
2025-08-09 12:03:19.709 [info] > git for-each-ref --sort -committerdate --format %(refname)%00%(objectname)%00%(*objectname) [3ms]
2025-08-09 12:03:19.714 [info] > git status -z -uall [17ms]
2025-08-09 12:03:24.744 [info] > git config --get commit.template [14ms]
2025-08-09 12:03:24.746 [info] > git for-each-ref --format=%(refname)%00%(upstream:short)%00%(objectname)%00%(upstream:track)%00%(upstream:remotename)%00%(upstream:remoteref) refs/heads/main refs/remotes/main [3ms]
2025-08-09 12:03:24.770 [info] > git for-each-ref --sort -committerdate --format %(refname)%00%(objectname)%00%(*objectname) [4ms]
2025-08-09 12:03:24.772 [info] > git status -z -uall [16ms]
2025-08-09 12:03:29.799 [info] > git config --get commit.template [11ms]
2025-08-09 12:03:29.801 [info] > git for-each-ref --format=%(refname)%00%(upstream:short)%00%(objectname)%00%(upstream:track)%00%(upstream:remotename)%00%(upstream:remoteref) refs/heads/main refs/remotes/main [3ms]
2025-08-09 12:03:29.826 [info] > git for-each-ref --sort -committerdate --format %(refname)%00%(objectname)%00%(*objectname) [4ms]
2025-08-09 12:03:29.827 [info] > git status -z -uall [17ms]
2025-08-09 12:03:34.855 [info] > git config --get commit.template [10ms]
2025-08-09 12:03:34.858 [info] > git for-each-ref --format=%(refname)%00%(upstream:short)%00%(objectname)%00%(upstream:track)%00%(upstream:remotename)%00%(upstream:remoteref) refs/heads/main refs/remotes/main [3ms]
2025-08-09 12:03:34.877 [info] > git for-each-ref --sort -committerdate --format %(refname)%00%(objectname)%00%(*objectname) [4ms]
2025-08-09 12:03:34.882 [info] > git status -z -uall [16ms]
2025-08-09 12:03:39.904 [info] > git config --get commit.template [10ms]
2025-08-09 12:03:39.907 [info] > git for-each-ref --format=%(refname)%00%(upstream:short)%00%(objectname)%00%(upstream:track)%00%(upstream:remotename)%00%(upstream:remoteref) refs/heads/main refs/remotes/main [4ms]
2025-08-09 12:03:39.934 [info] > git for-each-ref --sort -committerdate --format %(refname)%00%(objectname)%00%(*objectname) [5ms]
2025-08-09 12:03:39.939 [info] > git status -z -uall [20ms]
2025-08-09 12:03:44.961 [info] > git config --get commit.template [8ms]
2025-08-09 12:03:44.963 [info] > git for-each-ref --format=%(refname)%00%(upstream:short)%00%(objectname)%00%(upstream:track)%00%(upstream:remotename)%00%(upstream:remoteref) refs/heads/main refs/remotes/main [2ms]
2025-08-09 12:03:44.982 [info] > git for-each-ref --sort -committerdate --format %(refname)%00%(objectname)%00%(*objectname) [3ms]
2025-08-09 12:03:44.990 [info] > git status -z -uall [19ms]
2025-08-09 12:04:08.933 [info] > git config --get commit.template [24ms]
2025-08-09 12:04:08.936 [info] > git for-each-ref --format=%(refname)%00%(upstream:short)%00%(objectname)%00%(upstream:track)%00%(upstream:remotename)%00%(upstream:remoteref) refs/heads/main refs/remotes/main [4ms]
2025-08-09 12:04:08.961 [info] > git for-each-ref --sort -committerdate --format %(refname)%00%(objectname)%00%(*objectname) [3ms]
2025-08-09 12:04:08.964 [info] > git status -z -uall [18ms]
2025-08-09 12:04:13.997 [info] > git config --get commit.template [13ms]
2025-08-09 12:04:13.999 [info] > git for-each-ref --format=%(refname)%00%(upstream:short)%00%(objectname)%00%(upstream:track)%00%(upstream:remotename)%00%(upstream:remoteref) refs/heads/main refs/remotes/main [4ms]
2025-08-09 12:04:14.034 [info] > git for-each-ref --sort -committerdate --format %(refname)%00%(objectname)%00%(*objectname) [5ms]
2025-08-09 12:04:14.035 [info] > git status -z -uall [26ms]
2025-08-09 12:04:24.994 [info] > git for-each-ref --format=%(refname)%00%(upstream:short)%00%(objectname)%00%(upstream:track)%00%(upstream:remotename)%00%(upstream:remoteref) refs/heads/main refs/remotes/main [1ms]
2025-08-09 12:04:24.994 [info] > git config --get commit.template [17ms]
2025-08-09 12:04:25.039 [info] > git status -z -uall [34ms]
2025-08-09 12:04:25.039 [info] > git for-each-ref --sort -committerdate --format %(refname)%00%(objectname)%00%(*objectname) [10ms]
2025-08-09 12:04:30.070 [info] > git config --get commit.template [14ms]
2025-08-09 12:04:30.072 [info] > git for-each-ref --format=%(refname)%00%(upstream:short)%00%(objectname)%00%(upstream:track)%00%(upstream:remotename)%00%(upstream:remoteref) refs/heads/main refs/remotes/main [3ms]
2025-08-09 12:04:30.096 [info] > git for-each-ref --sort -committerdate --format %(refname)%00%(objectname)%00%(*objectname) [4ms]
2025-08-09 12:04:30.103 [info] > git status -z -uall [20ms]
2025-08-09 12:04:38.668 [info] > git config --get commit.template [17ms]
2025-08-09 12:04:38.670 [info] > git for-each-ref --format=%(refname)%00%(upstream:short)%00%(objectname)%00%(upstream:track)%00%(upstream:remotename)%00%(upstream:remoteref) refs/heads/main refs/remotes/main [3ms]
2025-08-09 12:04:38.691 [info] > git for-each-ref --sort -committerdate --format %(refname)%00%(objectname)%00%(*objectname) [3ms]
2025-08-09 12:04:38.696 [info] > git status -z -uall [17ms]
2025-08-09 12:04:47.480 [info] > git config --get commit.template [10ms]
2025-08-09 12:04:47.483 [info] > git for-each-ref --format=%(refname)%00%(upstream:short)%00%(objectname)%00%(upstream:track)%00%(upstream:remotename)%00%(upstream:remoteref) refs/heads/main refs/remotes/main [3ms]
2025-08-09 12:04:47.501 [info] > git for-each-ref --sort -committerdate --format %(refname)%00%(objectname)%00%(*objectname) [3ms]
2025-08-09 12:04:47.506 [info] > git status -z -uall [15ms]
2025-08-09 12:04:52.538 [info] > git config --get commit.template [14ms]
2025-08-09 12:04:52.543 [info] > git for-each-ref --format=%(refname)%00%(upstream:short)%00%(objectname)%00%(upstream:track)%00%(upstream:remotename)%00%(upstream:remoteref) refs/heads/main refs/remotes/main [6ms]
2025-08-09 12:04:52.571 [info] > git for-each-ref --sort -committerdate --format %(refname)%00%(objectname)%00%(*objectname) [4ms]
2025-08-09 12:04:52.575 [info] > git status -z -uall [19ms]
2025-08-09 12:05:00.220 [info] > git fetch [355ms]
2025-08-09 12:05:00.249 [info] > git config --get commit.template [14ms]
2025-08-09 12:05:00.253 [info] > git for-each-ref --format=%(refname)%00%(upstream:short)%00%(objectname)%00%(upstream:track)%00%(upstream:remotename)%00%(upstream:remoteref) refs/heads/main refs/remotes/main [5ms]
2025-08-09 12:05:00.278 [info] > git for-each-ref --sort -committerdate --format %(refname)%00%(objectname)%00%(*objectname) [4ms]
2025-08-09 12:05:00.282 [info] > git status -z -uall [15ms]
2025-08-09 12:05:01.452 [info] > git config --get commit.template [1ms]
2025-08-09 12:05:01.468 [info] > git for-each-ref --format=%(refname)%00%(upstream:short)%00%(objectname)%00%(upstream:track)%00%(upstream:remotename)%00%(upstream:remoteref) refs/heads/main refs/remotes/main [4ms]
2025-08-09 12:05:01.492 [info] > git for-each-ref --sort -committerdate --format %(refname)%00%(objectname)%00%(*objectname) [3ms]
2025-08-09 12:05:01.503 [info] > git status -z -uall [23ms]
2025-08-09 12:05:14.797 [info] > git config --get commit.template [10ms]
2025-08-09 12:05:14.799 [info] > git for-each-ref --format=%(refname)%00%(upstream:short)%00%(objectname)%00%(upstream:track)%00%(upstream:remotename)%00%(upstream:remoteref) refs/heads/main refs/remotes/main [2ms]
2025-08-09 12:05:14.823 [info] > git for-each-ref --sort -committerdate --format %(refname)%00%(objectname)%00%(*objectname) [3ms]
2025-08-09 12:05:14.826 [info] > git status -z -uall [19ms]
2025-08-09 12:05:19.844 [info] > git config --get commit.template [3ms]
2025-08-09 12:05:19.862 [info] > git for-each-ref --format=%(refname)%00%(upstream:short)%00%(objectname)%00%(upstream:track)%00%(upstream:remotename)%00%(upstream:remoteref) refs/heads/main refs/remotes/main [3ms]
2025-08-09 12:05:19.889 [info] > git for-each-ref --sort -committerdate --format %(refname)%00%(objectname)%00%(*objectname) [4ms]
2025-08-09 12:05:19.889 [info] > git status -z -uall [16ms]
2025-08-09 12:05:24.917 [info] > git config --get commit.template [12ms]
2025-08-09 12:05:24.919 [info] > git for-each-ref --format=%(refname)%00%(upstream:short)%00%(objectname)%00%(upstream:track)%00%(upstream:remotename)%00%(upstream:remoteref) refs/heads/main refs/remotes/main [4ms]
2025-08-09 12:05:24.948 [info] > git for-each-ref --sort -committerdate --format %(refname)%00%(objectname)%00%(*objectname) [5ms]
2025-08-09 12:05:24.952 [info] > git status -z -uall [20ms]
2025-08-09 12:05:36.689 [info] > git config --get commit.template [11ms]
2025-08-09 12:05:36.691 [info] > git for-each-ref --format=%(refname)%00%(upstream:short)%00%(objectname)%00%(upstream:track)%00%(upstream:remotename)%00%(upstream:remoteref) refs/heads/main refs/remotes/main [3ms]
2025-08-09 12:05:36.718 [info] > git for-each-ref --sort -committerdate --format %(refname)%00%(objectname)%00%(*objectname) [5ms]
2025-08-09 12:05:36.721 [info] > git status -z -uall [19ms]
2025-08-09 12:09:35.287 [info] > git fetch [355ms]
2025-08-09 12:09:35.309 [info] > git config --get commit.template [11ms]
2025-08-09 12:09:35.311 [info] > git for-each-ref --format=%(refname)%00%(upstream:short)%00%(objectname)%00%(upstream:track)%00%(upstream:remotename)%00%(upstream:remoteref) refs/heads/main refs/remotes/main [2ms]
2025-08-09 12:09:35.358 [info] > git status -z -uall [21ms]
2025-08-09 12:09:35.360 [info] > git for-each-ref --sort -committerdate --format %(refname)%00%(objectname)%00%(*objectname) [5ms]
2025-08-09 12:09:37.130 [info] > git config --get commit.template [19ms]
2025-08-09 12:09:37.132 [info] > git for-each-ref --format=%(refname)%00%(upstream:short)%00%(objectname)%00%(upstream:track)%00%(upstream:remotename)%00%(upstream:remoteref) refs/heads/main refs/remotes/main [3ms]
2025-08-09 12:09:37.167 [info] > git for-each-ref --sort -committerdate --format %(refname)%00%(objectname)%00%(*objectname) [5ms]
2025-08-09 12:09:37.171 [info] > git status -z -uall [22ms]
2025-08-09 12:09:39.867 [info] > git check-ignore -v -z --stdin [3ms]
2025-08-09 12:09:42.156 [info] > git check-ignore -v -z --stdin [3ms]
2025-08-09 12:09:50.395 [info] > git check-ignore -v -z --stdin [2ms]
2025-08-09 12:10:04.774 [info] > git check-ignore -v -z --stdin [2ms]
2025-08-09 12:10:04.868 [info] > git config --get commit.template [2ms]
2025-08-09 12:10:04.881 [info] > git for-each-ref --format=%(refname)%00%(upstream:short)%00%(objectname)%00%(upstream:track)%00%(upstream:remotename)%00%(upstream:remoteref) refs/heads/main refs/remotes/main [3ms]
2025-08-09 12:10:04.904 [info] > git for-each-ref --sort -committerdate --format %(refname)%00%(objectname)%00%(*objectname) [3ms]
2025-08-09 12:10:04.908 [info] > git status -z -uall [17ms]
2025-08-09 12:11:16.674 [info] > git check-ignore -v -z --stdin [2ms]
2025-08-09 12:11:17.169 [info] > git config --get commit.template [12ms]
2025-08-09 12:11:17.171 [info] > git for-each-ref --format=%(refname)%00%(upstream:short)%00%(objectname)%00%(upstream:track)%00%(upstream:remotename)%00%(upstream:remoteref) refs/heads/main refs/remotes/main [3ms]
2025-08-09 12:11:17.194 [info] > git for-each-ref --sort -committerdate --format %(refname)%00%(objectname)%00%(*objectname) [3ms]
2025-08-09 12:11:17.197 [info] > git status -z -uall [16ms]
2025-08-09 12:11:23.573 [info] > git check-ignore -v -z --stdin [1ms]
2025-08-09 12:11:31.221 [info] > git check-ignore -v -z --stdin [10ms]
2025-08-09 12:11:31.805 [info] > git show --textconv :src/components/sections/landing/HeroSection.astro [8ms]
2025-08-09 12:11:31.807 [info] > git ls-files --stage -- src/components/sections/landing/HeroSection.astro [2ms]
2025-08-09 12:11:31.817 [info] > git cat-file -s 651d4ec772e9f1908a9a04cbe4abb909827b9701 [3ms]
2025-08-09 12:11:32.381 [info] > git blame --root --incremental 0d7a3a898007be1d8200d8db99d59472a2da8d06 -- src/components/sections/landing/HeroSection.astro [7ms]
2025-08-09 12:11:34.183 [info] > git check-ignore -v -z --stdin [2ms]
2025-08-09 12:12:09.071 [info] > git show --textconv :src/components/sections/landing/HeroSection.astro [8ms]
2025-08-09 12:12:09.072 [info] > git ls-files --stage -- src/components/sections/landing/HeroSection.astro [1ms]
2025-08-09 12:12:09.083 [info] > git cat-file -s 651d4ec772e9f1908a9a04cbe4abb909827b9701 [3ms]
2025-08-09 12:12:20.155 [info] > git config --get commit.template [13ms]
2025-08-09 12:12:20.157 [info] > git for-each-ref --format=%(refname)%00%(upstream:short)%00%(objectname)%00%(upstream:track)%00%(upstream:remotename)%00%(upstream:remoteref) refs/heads/main refs/remotes/main [2ms]
2025-08-09 12:12:20.185 [info] > git for-each-ref --sort -committerdate --format %(refname)%00%(objectname)%00%(*objectname) [3ms]
2025-08-09 12:12:20.187 [info] > git status -z -uall [17ms]
2025-08-09 12:12:26.677 [info] > git config --get commit.template [12ms]
2025-08-09 12:12:26.679 [info] > git for-each-ref --format=%(refname)%00%(upstream:short)%00%(objectname)%00%(upstream:track)%00%(upstream:remotename)%00%(upstream:remoteref) refs/heads/main refs/remotes/main [2ms]
2025-08-09 12:12:26.700 [info] > git for-each-ref --sort -committerdate --format %(refname)%00%(objectname)%00%(*objectname) [4ms]
2025-08-09 12:12:26.704 [info] > git status -z -uall [16ms]
2025-08-09 12:12:31.726 [info] > git config --get commit.template [4ms]
2025-08-09 12:12:31.742 [info] > git for-each-ref --format=%(refname)%00%(upstream:short)%00%(objectname)%00%(upstream:track)%00%(upstream:remotename)%00%(upstream:remoteref) refs/heads/main refs/remotes/main [4ms]
2025-08-09 12:12:31.770 [info] > git for-each-ref --sort -committerdate --format %(refname)%00%(objectname)%00%(*objectname) [4ms]
2025-08-09 12:12:31.774 [info] > git status -z -uall [20ms]
2025-08-09 12:12:35.750 [info] > git fetch [373ms]
2025-08-09 12:12:35.775 [info] > git config --get commit.template [13ms]
2025-08-09 12:12:35.778 [info] > git for-each-ref --format=%(refname)%00%(upstream:short)%00%(objectname)%00%(upstream:track)%00%(upstream:remotename)%00%(upstream:remoteref) refs/heads/main refs/remotes/main [3ms]
2025-08-09 12:12:35.802 [info] > git for-each-ref --sort -committerdate --format %(refname)%00%(objectname)%00%(*objectname) [3ms]
2025-08-09 12:12:35.805 [info] > git status -z -uall [15ms]
2025-08-09 12:12:36.803 [info] > git config --get commit.template [11ms]
2025-08-09 12:12:36.805 [info] > git for-each-ref --format=%(refname)%00%(upstream:short)%00%(objectname)%00%(upstream:track)%00%(upstream:remotename)%00%(upstream:remoteref) refs/heads/main refs/remotes/main [3ms]
2025-08-09 12:12:36.847 [info] > git status -z -uall [34ms]
2025-08-09 12:12:36.849 [info] > git for-each-ref --sort -committerdate --format %(refname)%00%(objectname)%00%(*objectname) [8ms]
2025-08-09 12:12:37.262 [info] > git ls-files --stage -- src/components/sections/landing/HeroSection.astro [2ms]
2025-08-09 12:12:37.277 [info] > git cat-file -s 651d4ec772e9f1908a9a04cbe4abb909827b9701 [3ms]
2025-08-09 12:12:38.068 [info] > git show --textconv :src/components/sections/landing/HeroSection.astro [3ms]
2025-08-09 12:12:41.882 [info] > git config --get commit.template [11ms]
2025-08-09 12:12:41.896 [info] > git for-each-ref --format=%(refname)%00%(upstream:short)%00%(objectname)%00%(upstream:track)%00%(upstream:remotename)%00%(upstream:remoteref) refs/heads/main refs/remotes/main [4ms]
2025-08-09 12:12:41.926 [info] > git status -z -uall [20ms]
2025-08-09 12:12:41.927 [info] > git for-each-ref --sort -committerdate --format %(refname)%00%(objectname)%00%(*objectname) [2ms]
2025-08-09 12:12:52.731 [info] > git config --get commit.template [19ms]
2025-08-09 12:12:52.734 [info] > git for-each-ref --format=%(refname)%00%(upstream:short)%00%(objectname)%00%(upstream:track)%00%(upstream:remotename)%00%(upstream:remoteref) refs/heads/main refs/remotes/main [4ms]
2025-08-09 12:12:52.761 [info] > git for-each-ref --sort -committerdate --format %(refname)%00%(objectname)%00%(*objectname) [3ms]
2025-08-09 12:12:52.763 [info] > git status -z -uall [19ms]
2025-08-09 12:12:57.786 [info] > git config --get commit.template [10ms]
2025-08-09 12:12:57.788 [info] > git for-each-ref --format=%(refname)%00%(upstream:short)%00%(objectname)%00%(upstream:track)%00%(upstream:remotename)%00%(upstream:remoteref) refs/heads/main refs/remotes/main [3ms]
2025-08-09 12:12:57.808 [info] > git for-each-ref --sort -committerdate --format %(refname)%00%(objectname)%00%(*objectname) [3ms]
2025-08-09 12:12:57.812 [info] > git status -z -uall [15ms]
2025-08-09 12:13:04.066 [info] > git config --get commit.template [12ms]
2025-08-09 12:13:04.070 [info] > git for-each-ref --format=%(refname)%00%(upstream:short)%00%(objectname)%00%(upstream:track)%00%(upstream:remotename)%00%(upstream:remoteref) refs/heads/main refs/remotes/main [4ms]
2025-08-09 12:13:04.096 [info] > git for-each-ref --sort -committerdate --format %(refname)%00%(objectname)%00%(*objectname) [3ms]
2025-08-09 12:13:04.100 [info] > git status -z -uall [17ms]
2025-08-09 12:13:09.134 [info] > git config --get commit.template [17ms]
2025-08-09 12:13:09.138 [info] > git for-each-ref --format=%(refname)%00%(upstream:short)%00%(objectname)%00%(upstream:track)%00%(upstream:remotename)%00%(upstream:remoteref) refs/heads/main refs/remotes/main [5ms]
2025-08-09 12:13:09.167 [info] > git for-each-ref --sort -committerdate --format %(refname)%00%(objectname)%00%(*objectname) [4ms]
2025-08-09 12:13:09.173 [info] > git status -z -uall [20ms]
2025-08-09 12:13:28.667 [info] > git config --get commit.template [12ms]
2025-08-09 12:13:28.669 [info] > git for-each-ref --format=%(refname)%00%(upstream:short)%00%(objectname)%00%(upstream:track)%00%(upstream:remotename)%00%(upstream:remoteref) refs/heads/main refs/remotes/main [3ms]
2025-08-09 12:13:28.691 [info] > git for-each-ref --sort -committerdate --format %(refname)%00%(objectname)%00%(*objectname) [3ms]
2025-08-09 12:13:28.695 [info] > git status -z -uall [16ms]
2025-08-09 12:14:02.584 [info] > git config --get commit.template [9ms]
2025-08-09 12:14:02.585 [info] > git for-each-ref --format=%(refname)%00%(upstream:short)%00%(objectname)%00%(upstream:track)%00%(upstream:remotename)%00%(upstream:remoteref) refs/heads/main refs/remotes/main [2ms]
2025-08-09 12:14:02.603 [info] > git for-each-ref --sort -committerdate --format %(refname)%00%(objectname)%00%(*objectname) [3ms]
2025-08-09 12:14:02.610 [info] > git status -z -uall [18ms]
2025-08-09 12:14:11.332 [info] > git show --textconv :src/components/sections/landing/HeroSection.astro [13ms]
2025-08-09 12:14:11.334 [info] > git ls-files --stage -- src/components/sections/landing/HeroSection.astro [2ms]
2025-08-09 12:14:11.351 [info] > git cat-file -s 651d4ec772e9f1908a9a04cbe4abb909827b9701 [2ms]
2025-08-09 12:14:47.487 [info] > git config --get commit.template [2ms]
2025-08-09 12:14:47.498 [info] > git for-each-ref --format=%(refname)%00%(upstream:short)%00%(objectname)%00%(upstream:track)%00%(upstream:remotename)%00%(upstream:remoteref) refs/heads/main refs/remotes/main [3ms]
2025-08-09 12:14:47.522 [info] > git for-each-ref --sort -committerdate --format %(refname)%00%(objectname)%00%(*objectname) [5ms]
2025-08-09 12:14:47.533 [info] > git status -z -uall [26ms]
2025-08-09 12:15:39.680 [info] > git fetch [388ms]
2025-08-09 12:15:39.705 [info] > git config --get commit.template [13ms]
2025-08-09 12:15:39.706 [info] > git for-each-ref --format=%(refname)%00%(upstream:short)%00%(objectname)%00%(upstream:track)%00%(upstream:remotename)%00%(upstream:remoteref) refs/heads/main refs/remotes/main [3ms]
2025-08-09 12:15:39.757 [info] > git for-each-ref --sort -committerdate --format %(refname)%00%(objectname)%00%(*objectname) [7ms]
2025-08-09 12:15:39.761 [info] > git status -z -uall [41ms]
2025-08-09 12:15:41.591 [info] > git config --get commit.template [14ms]
2025-08-09 12:15:41.594 [info] > git for-each-ref --format=%(refname)%00%(upstream:short)%00%(objectname)%00%(upstream:track)%00%(upstream:remotename)%00%(upstream:remoteref) refs/heads/main refs/remotes/main [4ms]
2025-08-09 12:15:41.627 [info] > git for-each-ref --sort -committerdate --format %(refname)%00%(objectname)%00%(*objectname) [10ms]
2025-08-09 12:15:41.638 [info] > git status -z -uall [32ms]
2025-08-09 12:15:49.276 [info] > git config --get commit.template [31ms]
2025-08-09 12:15:49.279 [info] > git for-each-ref --format=%(refname)%00%(upstream:short)%00%(objectname)%00%(upstream:track)%00%(upstream:remotename)%00%(upstream:remoteref) refs/heads/main refs/remotes/main [3ms]
2025-08-09 12:15:49.307 [info] > git status -z -uall [16ms]
2025-08-09 12:15:49.308 [info] > git for-each-ref --sort -committerdate --format %(refname)%00%(objectname)%00%(*objectname) [4ms]
2025-08-09 12:15:54.338 [info] > git config --get commit.template [1ms]
2025-08-09 12:15:54.358 [info] > git for-each-ref --format=%(refname)%00%(upstream:short)%00%(objectname)%00%(upstream:track)%00%(upstream:remotename)%00%(upstream:remoteref) refs/heads/main refs/remotes/main [5ms]
2025-08-09 12:15:54.397 [info] > git for-each-ref --sort -committerdate --format %(refname)%00%(objectname)%00%(*objectname) [4ms]
2025-08-09 12:15:54.400 [info] > git status -z -uall [22ms]
2025-08-09 12:15:57.113 [info] > git check-ignore -v -z --stdin [3ms]
2025-08-09 12:15:59.426 [info] > git config --get commit.template [6ms]
2025-08-09 12:15:59.459 [info] > git for-each-ref --format=%(refname)%00%(upstream:short)%00%(objectname)%00%(upstream:track)%00%(upstream:remotename)%00%(upstream:remoteref) refs/heads/main refs/remotes/main [4ms]
2025-08-09 12:15:59.501 [info] > git for-each-ref --sort -committerdate --format %(refname)%00%(objectname)%00%(*objectname) [4ms]
2025-08-09 12:15:59.502 [info] > git status -z -uall [21ms]
2025-08-09 12:16:14.254 [info] > git config --get commit.template [16ms]
2025-08-09 12:16:14.255 [info] > git for-each-ref --format=%(refname)%00%(upstream:short)%00%(objectname)%00%(upstream:track)%00%(upstream:remotename)%00%(upstream:remoteref) refs/heads/main refs/remotes/main [2ms]
2025-08-09 12:16:14.283 [info] > git for-each-ref --sort -committerdate --format %(refname)%00%(objectname)%00%(*objectname) [6ms]
2025-08-09 12:16:14.284 [info] > git status -z -uall [18ms]
2025-08-09 12:18:26.120 [info] > git config --get commit.template [1ms]
2025-08-09 12:18:26.142 [info] > git for-each-ref --format=%(refname)%00%(upstream:short)%00%(objectname)%00%(upstream:track)%00%(upstream:remotename)%00%(upstream:remoteref) refs/heads/main refs/remotes/main [2ms]
2025-08-09 12:18:26.174 [info] > git status -z -uall [19ms]
2025-08-09 12:18:26.174 [info] > git for-each-ref --sort -committerdate --format %(refname)%00%(objectname)%00%(*objectname) [6ms]
2025-08-09 12:18:31.726 [info] > git for-each-ref --format=%(refname)%00%(upstream:short)%00%(objectname)%00%(upstream:track)%00%(upstream:remotename)%00%(upstream:remoteref) refs/heads/main refs/remotes/main [5ms]
2025-08-09 12:18:31.726 [info] > git config --get commit.template [22ms]
2025-08-09 12:18:31.759 [info] > git for-each-ref --sort -committerdate --format %(refname)%00%(objectname)%00%(*objectname) [7ms]
2025-08-09 12:18:31.761 [info] > git status -z -uall [20ms]
2025-08-09 12:18:36.783 [info] > git config --get commit.template [3ms]
2025-08-09 12:18:36.795 [info] > git for-each-ref --format=%(refname)%00%(upstream:short)%00%(objectname)%00%(upstream:track)%00%(upstream:remotename)%00%(upstream:remoteref) refs/heads/main refs/remotes/main [2ms]
2025-08-09 12:18:36.821 [info] > git status -z -uall [17ms]
2025-08-09 12:18:36.821 [info] > git for-each-ref --sort -committerdate --format %(refname)%00%(objectname)%00%(*objectname) [9ms]
2025-08-09 12:18:40.146 [info] > git fetch [368ms]
2025-08-09 12:18:40.215 [info] > git config --get commit.template [53ms]
2025-08-09 12:18:40.219 [info] > git for-each-ref --format=%(refname)%00%(upstream:short)%00%(objectname)%00%(upstream:track)%00%(upstream:remotename)%00%(upstream:remoteref) refs/heads/main refs/remotes/main [44ms]
2025-08-09 12:18:40.338 [info] > git status -z -uall [89ms]
2025-08-09 12:18:40.339 [info] > git for-each-ref --sort -committerdate --format %(refname)%00%(objectname)%00%(*objectname) [20ms]
2025-08-09 12:18:41.870 [info] > git for-each-ref --format=%(refname)%00%(upstream:short)%00%(objectname)%00%(upstream:track)%00%(upstream:remotename)%00%(upstream:remoteref) refs/heads/main refs/remotes/main [5ms]
2025-08-09 12:18:41.870 [info] > git config --get commit.template [19ms]
2025-08-09 12:18:41.897 [info] > git for-each-ref --sort -committerdate --format %(refname)%00%(objectname)%00%(*objectname) [3ms]
2025-08-09 12:18:41.899 [info] > git status -z -uall [16ms]
2025-08-09 12:18:46.942 [info] > git config --get commit.template [30ms]
2025-08-09 12:18:46.944 [info] > git for-each-ref --format=%(refname)%00%(upstream:short)%00%(objectname)%00%(upstream:track)%00%(upstream:remotename)%00%(upstream:remoteref) refs/heads/main refs/remotes/main [3ms]
2025-08-09 12:18:46.971 [info] > git for-each-ref --sort -committerdate --format %(refname)%00%(objectname)%00%(*objectname) [4ms]
2025-08-09 12:18:46.976 [info] > git status -z -uall [20ms]
2025-08-09 12:18:51.995 [info] > git config --get commit.template [8ms]
2025-08-09 12:18:51.998 [info] > git for-each-ref --format=%(refname)%00%(upstream:short)%00%(objectname)%00%(upstream:track)%00%(upstream:remotename)%00%(upstream:remoteref) refs/heads/main refs/remotes/main [2ms]
2025-08-09 12:18:52.024 [info] > git for-each-ref --sort -committerdate --format %(refname)%00%(objectname)%00%(*objectname) [11ms]
2025-08-09 12:18:52.029 [info] > git status -z -uall [24ms]
2025-08-09 12:21:26.171 [info] > git config --get commit.template [12ms]
2025-08-09 12:21:26.173 [info] > git for-each-ref --format=%(refname)%00%(upstream:short)%00%(objectname)%00%(upstream:track)%00%(upstream:remotename)%00%(upstream:remoteref) refs/heads/main refs/remotes/main [3ms]
2025-08-09 12:21:26.200 [info] > git for-each-ref --sort -committerdate --format %(refname)%00%(objectname)%00%(*objectname) [3ms]
2025-08-09 12:21:26.202 [info] > git status -z -uall [17ms]
2025-08-09 12:21:29.763 [info] > git check-ignore -v -z --stdin [5ms]
2025-08-09 12:21:38.232 [info] > git config --get commit.template [19ms]
2025-08-09 12:21:38.234 [info] > git for-each-ref --format=%(refname)%00%(upstream:short)%00%(objectname)%00%(upstream:track)%00%(upstream:remotename)%00%(upstream:remoteref) refs/heads/main refs/remotes/main [3ms]
2025-08-09 12:21:38.265 [info] > git for-each-ref --sort -committerdate --format %(refname)%00%(objectname)%00%(*objectname) [4ms]
2025-08-09 12:21:38.269 [info] > git status -z -uall [21ms]
2025-08-09 12:21:40.701 [info] > git fetch [343ms]
2025-08-09 12:21:40.726 [info] > git config --get commit.template [15ms]
2025-08-09 12:21:40.729 [info] > git for-each-ref --format=%(refname)%00%(upstream:short)%00%(objectname)%00%(upstream:track)%00%(upstream:remotename)%00%(upstream:remoteref) refs/heads/main refs/remotes/main [4ms]
2025-08-09 12:21:40.764 [info] > git status -z -uall [17ms]
2025-08-09 12:21:40.765 [info] > git for-each-ref --sort -committerdate --format %(refname)%00%(objectname)%00%(*objectname) [5ms]
2025-08-09 12:21:41.899 [info] > git show --textconv :src/layouts/MainLayout.astro [8ms]
2025-08-09 12:21:41.901 [info] > git ls-files --stage -- src/layouts/MainLayout.astro [2ms]
2025-08-09 12:21:41.911 [info] > git cat-file -s 14bf206fd6a51d4f3962b9dca1d15db464a9b075 [2ms]
2025-08-09 12:21:42.192 [info] > git check-ignore -v -z --stdin [2ms]
2025-08-09 12:21:42.309 [info] > git ls-files --stage -- src/layouts/MainLayout.astro [12ms]
2025-08-09 12:21:42.338 [info] > git cat-file -s 14bf206fd6a51d4f3962b9dca1d15db464a9b075 [9ms]
2025-08-09 12:21:42.338 [info] > git blame --root --incremental 0d7a3a898007be1d8200d8db99d59472a2da8d06 -- src/layouts/MainLayout.astro [31ms]
2025-08-09 12:21:42.576 [info] > git show --textconv :src/layouts/MainLayout.astro [2ms]
2025-08-09 12:21:43.296 [info] > git config --get commit.template [8ms]
2025-08-09 12:21:43.297 [info] > git for-each-ref --format=%(refname)%00%(upstream:short)%00%(objectname)%00%(upstream:track)%00%(upstream:remotename)%00%(upstream:remoteref) refs/heads/main refs/remotes/main [3ms]
2025-08-09 12:21:43.327 [info] > git for-each-ref --sort -committerdate --format %(refname)%00%(objectname)%00%(*objectname) [6ms]
2025-08-09 12:21:43.340 [info] > git status -z -uall [34ms]
2025-08-09 12:21:49.793 [info] > git config --get commit.template [4ms]
2025-08-09 12:21:49.841 [info] > git for-each-ref --format=%(refname)%00%(upstream:short)%00%(objectname)%00%(upstream:track)%00%(upstream:remotename)%00%(upstream:remoteref) refs/heads/main refs/remotes/main [4ms]
2025-08-09 12:21:49.923 [info] > git status -z -uall [65ms]
2025-08-09 12:21:49.936 [info] > git for-each-ref --sort -committerdate --format %(refname)%00%(objectname)%00%(*objectname) [52ms]
2025-08-09 12:21:54.977 [info] > git config --get commit.template [16ms]
2025-08-09 12:21:54.979 [info] > git for-each-ref --format=%(refname)%00%(upstream:short)%00%(objectname)%00%(upstream:track)%00%(upstream:remotename)%00%(upstream:remoteref) refs/heads/main refs/remotes/main [5ms]
2025-08-09 12:21:55.005 [info] > git for-each-ref --sort -committerdate --format %(refname)%00%(objectname)%00%(*objectname) [3ms]
2025-08-09 12:21:55.013 [info] > git status -z -uall [23ms]
2025-08-09 12:22:00.229 [info] > git config --get commit.template [22ms]
2025-08-09 12:22:00.235 [info] > git for-each-ref --format=%(refname)%00%(upstream:short)%00%(objectname)%00%(upstream:track)%00%(upstream:remotename)%00%(upstream:remoteref) refs/heads/main refs/remotes/main [7ms]
2025-08-09 12:22:00.271 [info] > git for-each-ref --sort -committerdate --format %(refname)%00%(objectname)%00%(*objectname) [5ms]
2025-08-09 12:22:00.272 [info] > git status -z -uall [21ms]
2025-08-09 12:22:09.948 [info] > git check-ignore -v -z --stdin [2ms]
2025-08-09 12:22:40.455 [info] > git check-ignore -v -z --stdin [3ms]
2025-08-09 12:22:41.686 [info] > git show --textconv :src/components/ui/blocks/ReviewComponent.astro [15ms]
2025-08-09 12:22:41.687 [info] > git ls-files --stage -- src/components/ui/blocks/ReviewComponent.astro [3ms]
2025-08-09 12:22:41.701 [info] > git cat-file -s c79d645cf5b06f7d8d738a8f647f2d1cf0f0fd49 [2ms]
2025-08-09 12:22:42.120 [info] > git check-ignore -v -z --stdin [1ms]
2025-08-09 12:22:42.151 [info] > git blame --root --incremental 0d7a3a898007be1d8200d8db99d59472a2da8d06 -- src/components/ui/blocks/ReviewComponent.astro [6ms]
2025-08-09 12:22:51.944 [info] > git config --get commit.template [8ms]
2025-08-09 12:22:52.028 [info] > git for-each-ref --format=%(refname)%00%(upstream:short)%00%(objectname)%00%(upstream:track)%00%(upstream:remotename)%00%(upstream:remoteref) refs/heads/main refs/remotes/main [11ms]
2025-08-09 12:22:52.064 [info] > git status -z -uall [22ms]
2025-08-09 12:22:52.065 [info] > git for-each-ref --sort -committerdate --format %(refname)%00%(objectname)%00%(*objectname) [6ms]
2025-08-09 12:22:59.650 [info] > git config --get commit.template [10ms]
2025-08-09 12:22:59.653 [info] > git for-each-ref --format=%(refname)%00%(upstream:short)%00%(objectname)%00%(upstream:track)%00%(upstream:remotename)%00%(upstream:remoteref) refs/heads/main refs/remotes/main [4ms]
2025-08-09 12:22:59.679 [info] > git for-each-ref --sort -committerdate --format %(refname)%00%(objectname)%00%(*objectname) [4ms]
2025-08-09 12:22:59.686 [info] > git status -z -uall [20ms]
2025-08-09 12:23:04.977 [info] > git config --get commit.template [10ms]
2025-08-09 12:23:04.979 [info] > git for-each-ref --format=%(refname)%00%(upstream:short)%00%(objectname)%00%(upstream:track)%00%(upstream:remotename)%00%(upstream:remoteref) refs/heads/main refs/remotes/main [3ms]
2025-08-09 12:23:05.000 [info] > git for-each-ref --sort -committerdate --format %(refname)%00%(objectname)%00%(*objectname) [3ms]
2025-08-09 12:23:05.002 [info] > git status -z -uall [14ms]
2025-08-09 12:23:10.028 [info] > git config --get commit.template [2ms]
2025-08-09 12:23:10.043 [info] > git for-each-ref --format=%(refname)%00%(upstream:short)%00%(objectname)%00%(upstream:track)%00%(upstream:remotename)%00%(upstream:remoteref) refs/heads/main refs/remotes/main [3ms]
2025-08-09 12:23:10.068 [info] > git for-each-ref --sort -committerdate --format %(refname)%00%(objectname)%00%(*objectname) [3ms]
2025-08-09 12:23:10.076 [info] > git status -z -uall [22ms]
2025-08-09 12:23:15.100 [info] > git config --get commit.template [9ms]
2025-08-09 12:23:15.102 [info] > git for-each-ref --format=%(refname)%00%(upstream:short)%00%(objectname)%00%(upstream:track)%00%(upstream:remotename)%00%(upstream:remoteref) refs/heads/main refs/remotes/main [4ms]
2025-08-09 12:23:15.137 [info] > git for-each-ref --sort -committerdate --format %(refname)%00%(objectname)%00%(*objectname) [4ms]
2025-08-09 12:23:15.141 [info] > git status -z -uall [30ms]
2025-08-09 12:23:20.164 [info] > git config --get commit.template [0ms]
2025-08-09 12:23:20.175 [info] > git for-each-ref --format=%(refname)%00%(upstream:short)%00%(objectname)%00%(upstream:track)%00%(upstream:remotename)%00%(upstream:remoteref) refs/heads/main refs/remotes/main [2ms]
2025-08-09 12:23:20.198 [info] > git for-each-ref --sort -committerdate --format %(refname)%00%(objectname)%00%(*objectname) [3ms]
2025-08-09 12:23:20.200 [info] > git status -z -uall [15ms]
2025-08-09 12:23:25.691 [info] > git config --get commit.template [12ms]
2025-08-09 12:23:25.693 [info] > git for-each-ref --format=%(refname)%00%(upstream:short)%00%(objectname)%00%(upstream:track)%00%(upstream:remotename)%00%(upstream:remoteref) refs/heads/main refs/remotes/main [3ms]
2025-08-09 12:23:25.725 [info] > git status -z -uall [22ms]
2025-08-09 12:23:25.730 [info] > git for-each-ref --sort -committerdate --format %(refname)%00%(objectname)%00%(*objectname) [13ms]
2025-08-09 12:23:30.753 [info] > git config --get commit.template [2ms]
2025-08-09 12:23:30.771 [info] > git for-each-ref --format=%(refname)%00%(upstream:short)%00%(objectname)%00%(upstream:track)%00%(upstream:remotename)%00%(upstream:remoteref) refs/heads/main refs/remotes/main [3ms]
2025-08-09 12:23:30.796 [info] > git for-each-ref --sort -committerdate --format %(refname)%00%(objectname)%00%(*objectname) [3ms]
2025-08-09 12:23:30.801 [info] > git status -z -uall [18ms]
2025-08-09 12:23:35.826 [info] > git config --get commit.template [1ms]
2025-08-09 12:23:35.849 [info] > git for-each-ref --format=%(refname)%00%(upstream:short)%00%(objectname)%00%(upstream:track)%00%(upstream:remotename)%00%(upstream:remoteref) refs/heads/main refs/remotes/main [5ms]
2025-08-09 12:23:35.883 [info] > git status -z -uall [20ms]
2025-08-09 12:23:35.883 [info] > git for-each-ref --sort -committerdate --format %(refname)%00%(objectname)%00%(*objectname) [9ms]
2025-08-09 12:23:40.904 [info] > git config --get commit.template [3ms]
2025-08-09 12:23:40.919 [info] > git for-each-ref --format=%(refname)%00%(upstream:short)%00%(objectname)%00%(upstream:track)%00%(upstream:remotename)%00%(upstream:remoteref) refs/heads/main refs/remotes/main [2ms]
2025-08-09 12:23:41.046 [info] > git status -z -uall [93ms]
2025-08-09 12:23:41.162 [info] > git for-each-ref --sort -committerdate --format %(refname)%00%(objectname)%00%(*objectname) [194ms]
2025-08-09 12:23:46.185 [info] > git config --get commit.template [4ms]
2025-08-09 12:23:46.198 [info] > git for-each-ref --format=%(refname)%00%(upstream:short)%00%(objectname)%00%(upstream:track)%00%(upstream:remotename)%00%(upstream:remoteref) refs/heads/main refs/remotes/main [2ms]
2025-08-09 12:23:46.246 [info] > git for-each-ref --sort -committerdate --format %(refname)%00%(objectname)%00%(*objectname) [0ms]
2025-08-09 12:23:46.251 [info] > git status -z -uall [40ms]
2025-08-09 12:23:51.287 [info] > git config --get commit.template [10ms]
2025-08-09 12:23:51.289 [info] > git for-each-ref --format=%(refname)%00%(upstream:short)%00%(objectname)%00%(upstream:track)%00%(upstream:remotename)%00%(upstream:remoteref) refs/heads/main refs/remotes/main [3ms]
2025-08-09 12:23:51.309 [info] > git for-each-ref --sort -committerdate --format %(refname)%00%(objectname)%00%(*objectname) [3ms]
2025-08-09 12:23:51.313 [info] > git status -z -uall [15ms]
2025-08-09 12:23:57.474 [info] > git config --get commit.template [16ms]
2025-08-09 12:23:57.475 [info] > git for-each-ref --format=%(refname)%00%(upstream:short)%00%(objectname)%00%(upstream:track)%00%(upstream:remotename)%00%(upstream:remoteref) refs/heads/main refs/remotes/main [2ms]
2025-08-09 12:23:57.502 [info] > git for-each-ref --sort -committerdate --format %(refname)%00%(objectname)%00%(*objectname) [3ms]
2025-08-09 12:23:57.507 [info] > git status -z -uall [20ms]
2025-08-09 12:23:59.106 [info] > git show --textconv :src/components/ui/blocks/ReviewComponent.astro [10ms]
2025-08-09 12:23:59.107 [info] > git ls-files --stage -- src/components/ui/blocks/ReviewComponent.astro [2ms]
2025-08-09 12:23:59.131 [info] > git cat-file -s c79d645cf5b06f7d8d738a8f647f2d1cf0f0fd49 [2ms]
2025-08-09 12:24:20.774 [info] > git config --get commit.template [3ms]
2025-08-09 12:24:20.784 [info] > git for-each-ref --format=%(refname)%00%(upstream:short)%00%(objectname)%00%(upstream:track)%00%(upstream:remotename)%00%(upstream:remoteref) refs/heads/main refs/remotes/main [2ms]
2025-08-09 12:24:20.804 [info] > git for-each-ref --sort -committerdate --format %(refname)%00%(objectname)%00%(*objectname) [3ms]
2025-08-09 12:24:20.808 [info] > git status -z -uall [15ms]
2025-08-09 12:24:32.930 [info] > git config --get commit.template [22ms]
2025-08-09 12:24:32.932 [info] > git for-each-ref --format=%(refname)%00%(upstream:short)%00%(objectname)%00%(upstream:track)%00%(upstream:remotename)%00%(upstream:remoteref) refs/heads/main refs/remotes/main [4ms]
2025-08-09 12:24:32.963 [info] > git for-each-ref --sort -committerdate --format %(refname)%00%(objectname)%00%(*objectname) [4ms]
2025-08-09 12:24:32.964 [info] > git status -z -uall [19ms]
2025-08-09 12:24:39.171 [info] > git config --get commit.template [2ms]
2025-08-09 12:24:39.184 [info] > git for-each-ref --format=%(refname)%00%(upstream:short)%00%(objectname)%00%(upstream:track)%00%(upstream:remotename)%00%(upstream:remoteref) refs/heads/main refs/remotes/main [3ms]
2025-08-09 12:24:39.207 [info] > git for-each-ref --sort -committerdate --format %(refname)%00%(objectname)%00%(*objectname) [3ms]
2025-08-09 12:24:39.209 [info] > git status -z -uall [15ms]
2025-08-09 12:24:41.131 [info] > git fetch [346ms]
2025-08-09 12:24:41.158 [info] > git config --get commit.template [13ms]
2025-08-09 12:24:41.159 [info] > git for-each-ref --format=%(refname)%00%(upstream:short)%00%(objectname)%00%(upstream:track)%00%(upstream:remotename)%00%(upstream:remoteref) refs/heads/main refs/remotes/main [2ms]
2025-08-09 12:24:41.185 [info] > git for-each-ref --sort -committerdate --format %(refname)%00%(objectname)%00%(*objectname) [4ms]
2025-08-09 12:24:41.189 [info] > git status -z -uall [18ms]
2025-08-09 12:24:44.248 [info] > git config --get commit.template [17ms]
2025-08-09 12:24:44.250 [info] > git for-each-ref --format=%(refname)%00%(upstream:short)%00%(objectname)%00%(upstream:track)%00%(upstream:remotename)%00%(upstream:remoteref) refs/heads/main refs/remotes/main [3ms]
2025-08-09 12:24:44.281 [info] > git for-each-ref --sort -committerdate --format %(refname)%00%(objectname)%00%(*objectname) [3ms]
2025-08-09 12:24:44.283 [info] > git status -z -uall [21ms]
2025-08-09 12:24:47.506 [info] > git ls-files --stage -- src/components/ui/blocks/ReviewComponent.astro [2ms]
2025-08-09 12:24:47.522 [info] > git cat-file -s c79d645cf5b06f7d8d738a8f647f2d1cf0f0fd49 [1ms]
2025-08-09 12:24:48.442 [info] > git show --textconv :src/components/ui/blocks/ReviewComponent.astro [115ms]
2025-08-09 12:24:54.336 [info] > git config --get commit.template [22ms]
2025-08-09 12:24:54.337 [info] > git for-each-ref --format=%(refname)%00%(upstream:short)%00%(objectname)%00%(upstream:track)%00%(upstream:remotename)%00%(upstream:remoteref) refs/heads/main refs/remotes/main [4ms]
2025-08-09 12:24:54.368 [info] > git for-each-ref --sort -committerdate --format %(refname)%00%(objectname)%00%(*objectname) [3ms]
2025-08-09 12:24:54.369 [info] > git status -z -uall [18ms]
2025-08-09 12:25:02.626 [info] > git config --get commit.template [1ms]
2025-08-09 12:25:02.649 [info] > git for-each-ref --format=%(refname)%00%(upstream:short)%00%(objectname)%00%(upstream:track)%00%(upstream:remotename)%00%(upstream:remoteref) refs/heads/main refs/remotes/main [4ms]
2025-08-09 12:25:02.684 [info] > git status -z -uall [19ms]
2025-08-09 12:25:02.685 [info] > git for-each-ref --sort -committerdate --format %(refname)%00%(objectname)%00%(*objectname) [6ms]
2025-08-09 12:25:21.971 [info] > git config --get commit.template [12ms]
2025-08-09 12:25:21.973 [info] > git for-each-ref --format=%(refname)%00%(upstream:short)%00%(objectname)%00%(upstream:track)%00%(upstream:remotename)%00%(upstream:remoteref) refs/heads/main refs/remotes/main [3ms]
2025-08-09 12:25:21.996 [info] > git for-each-ref --sort -committerdate --format %(refname)%00%(objectname)%00%(*objectname) [3ms]
2025-08-09 12:25:22.002 [info] > git status -z -uall [19ms]
2025-08-09 12:25:48.955 [info] > git config --get commit.template [3ms]
2025-08-09 12:25:49.054 [info] > git for-each-ref --format=%(refname)%00%(upstream:short)%00%(objectname)%00%(upstream:track)%00%(upstream:remotename)%00%(upstream:remoteref) refs/heads/main refs/remotes/main [83ms]
2025-08-09 12:25:49.088 [info] > git for-each-ref --sort -committerdate --format %(refname)%00%(objectname)%00%(*objectname) [3ms]
2025-08-09 12:25:49.093 [info] > git status -z -uall [20ms]
2025-08-09 12:25:57.580 [info] > git config --get commit.template [19ms]
2025-08-09 12:25:57.582 [info] > git for-each-ref --format=%(refname)%00%(upstream:short)%00%(objectname)%00%(upstream:track)%00%(upstream:remotename)%00%(upstream:remoteref) refs/heads/main refs/remotes/main [3ms]
2025-08-09 12:25:57.625 [info] > git for-each-ref --sort -committerdate --format %(refname)%00%(objectname)%00%(*objectname) [7ms]
2025-08-09 12:25:57.635 [info] > git status -z -uall [39ms]
2025-08-09 12:26:03.162 [info] > git config --get commit.template [3ms]
2025-08-09 12:26:03.178 [info] > git for-each-ref --format=%(refname)%00%(upstream:short)%00%(objectname)%00%(upstream:track)%00%(upstream:remotename)%00%(upstream:remoteref) refs/heads/main refs/remotes/main [3ms]
2025-08-09 12:26:03.205 [info] > git status -z -uall [15ms]
2025-08-09 12:26:03.206 [info] > git for-each-ref --sort -committerdate --format %(refname)%00%(objectname)%00%(*objectname) [4ms]
2025-08-09 12:26:08.244 [info] > git config --get commit.template [14ms]
2025-08-09 12:26:08.246 [info] > git for-each-ref --format=%(refname)%00%(upstream:short)%00%(objectname)%00%(upstream:track)%00%(upstream:remotename)%00%(upstream:remoteref) refs/heads/main refs/remotes/main [3ms]
2025-08-09 12:26:08.278 [info] > git for-each-ref --sort -committerdate --format %(refname)%00%(objectname)%00%(*objectname) [5ms]
2025-08-09 12:26:08.278 [info] > git status -z -uall [19ms]
2025-08-09 12:26:42.675 [info] > git config --get commit.template [15ms]
2025-08-09 12:26:42.675 [info] > git for-each-ref --format=%(refname)%00%(upstream:short)%00%(objectname)%00%(upstream:track)%00%(upstream:remotename)%00%(upstream:remoteref) refs/heads/main refs/remotes/main [4ms]
2025-08-09 12:26:42.698 [info] > git for-each-ref --sort -committerdate --format %(refname)%00%(objectname)%00%(*objectname) [4ms]
2025-08-09 12:26:42.703 [info] > git status -z -uall [17ms]
2025-08-09 12:26:49.887 [info] > git config --get commit.template [10ms]
2025-08-09 12:26:49.888 [info] > git for-each-ref --format=%(refname)%00%(upstream:short)%00%(objectname)%00%(upstream:track)%00%(upstream:remotename)%00%(upstream:remoteref) refs/heads/main refs/remotes/main [2ms]
2025-08-09 12:26:49.910 [info] > git for-each-ref --sort -committerdate --format %(refname)%00%(objectname)%00%(*objectname) [3ms]
2025-08-09 12:26:49.918 [info] > git status -z -uall [20ms]
2025-08-09 12:26:54.957 [info] > git config --get commit.template [14ms]
2025-08-09 12:26:54.959 [info] > git for-each-ref --format=%(refname)%00%(upstream:short)%00%(objectname)%00%(upstream:track)%00%(upstream:remotename)%00%(upstream:remoteref) refs/heads/main refs/remotes/main [2ms]
2025-08-09 12:26:54.983 [info] > git for-each-ref --sort -committerdate --format %(refname)%00%(objectname)%00%(*objectname) [5ms]
2025-08-09 12:26:54.986 [info] > git status -z -uall [16ms]
2025-08-09 12:27:07.498 [info] > git config --get commit.template [11ms]
2025-08-09 12:27:07.500 [info] > git for-each-ref --format=%(refname)%00%(upstream:short)%00%(objectname)%00%(upstream:track)%00%(upstream:remotename)%00%(upstream:remoteref) refs/heads/main refs/remotes/main [3ms]
2025-08-09 12:27:07.541 [info] > git status -z -uall [31ms]
2025-08-09 12:27:07.543 [info] > git for-each-ref --sort -committerdate --format %(refname)%00%(objectname)%00%(*objectname) [10ms]
2025-08-09 12:27:22.030 [info] > git for-each-ref --format=%(refname)%00%(upstream:short)%00%(objectname)%00%(upstream:track)%00%(upstream:remotename)%00%(upstream:remoteref) refs/heads/main refs/remotes/main [1ms]
2025-08-09 12:27:22.031 [info] > git config --get commit.template [19ms]
2025-08-09 12:27:22.058 [info] > git for-each-ref --sort -committerdate --format %(refname)%00%(objectname)%00%(*objectname) [4ms]
2025-08-09 12:27:22.065 [info] > git status -z -uall [22ms]
2025-08-09 12:27:27.591 [info] > git config --get commit.template [17ms]
2025-08-09 12:27:27.591 [info] > git for-each-ref --format=%(refname)%00%(upstream:short)%00%(objectname)%00%(upstream:track)%00%(upstream:remotename)%00%(upstream:remoteref) refs/heads/main refs/remotes/main [3ms]
2025-08-09 12:27:27.626 [info] > git status -z -uall [22ms]
2025-08-09 12:27:27.627 [info] > git for-each-ref --sort -committerdate --format %(refname)%00%(objectname)%00%(*objectname) [10ms]
2025-08-09 12:27:32.671 [info] > git config --get commit.template [15ms]
2025-08-09 12:27:32.673 [info] > git for-each-ref --format=%(refname)%00%(upstream:short)%00%(objectname)%00%(upstream:track)%00%(upstream:remotename)%00%(upstream:remoteref) refs/heads/main refs/remotes/main [3ms]
2025-08-09 12:27:32.703 [info] > git for-each-ref --sort -committerdate --format %(refname)%00%(objectname)%00%(*objectname) [3ms]
2025-08-09 12:27:32.705 [info] > git status -z -uall [18ms]
2025-08-09 12:27:47.980 [info] > git config --get commit.template [16ms]
2025-08-09 12:27:47.981 [info] > git for-each-ref --format=%(refname)%00%(upstream:short)%00%(objectname)%00%(upstream:track)%00%(upstream:remotename)%00%(upstream:remoteref) refs/heads/main refs/remotes/main [4ms]
2025-08-09 12:27:48.007 [info] > git status -z -uall [15ms]
2025-08-09 12:27:48.008 [info] > git for-each-ref --sort -committerdate --format %(refname)%00%(objectname)%00%(*objectname) [4ms]
2025-08-09 12:27:48.308 [info] > git fetch [360ms]
2025-08-09 12:27:48.341 [info] > git config --get commit.template [3ms]
2025-08-09 12:27:48.364 [info] > git for-each-ref --format=%(refname)%00%(upstream:short)%00%(objectname)%00%(upstream:track)%00%(upstream:remotename)%00%(upstream:remoteref) refs/heads/main refs/remotes/main [3ms]
2025-08-09 12:27:48.396 [info] > git status -z -uall [17ms]
2025-08-09 12:27:48.398 [info] > git for-each-ref --sort -committerdate --format %(refname)%00%(objectname)%00%(*objectname) [5ms]
2025-08-09 12:27:50.234 [info] > git ls-files --stage -- src/components/ui/blocks/ReviewComponent.astro [5ms]
2025-08-09 12:27:50.254 [info] > git cat-file -s c79d645cf5b06f7d8d738a8f647f2d1cf0f0fd49 [3ms]
2025-08-09 12:27:50.731 [info] > git show --textconv :src/components/ui/blocks/ReviewComponent.astro [1ms]
2025-08-09 12:27:53.042 [info] > git config --get commit.template [4ms]
2025-08-09 12:27:53.062 [info] > git for-each-ref --format=%(refname)%00%(upstream:short)%00%(objectname)%00%(upstream:track)%00%(upstream:remotename)%00%(upstream:remoteref) refs/heads/main refs/remotes/main [3ms]
2025-08-09 12:27:53.091 [info] > git for-each-ref --sort -committerdate --format %(refname)%00%(objectname)%00%(*objectname) [3ms]
2025-08-09 12:27:53.095 [info] > git status -z -uall [18ms]
2025-08-09 12:28:07.482 [info] > git config --get commit.template [13ms]
2025-08-09 12:28:07.483 [info] > git for-each-ref --format=%(refname)%00%(upstream:short)%00%(objectname)%00%(upstream:track)%00%(upstream:remotename)%00%(upstream:remoteref) refs/heads/main refs/remotes/main [3ms]
2025-08-09 12:28:07.512 [info] > git for-each-ref --sort -committerdate --format %(refname)%00%(objectname)%00%(*objectname) [3ms]
2025-08-09 12:28:07.518 [info] > git status -z -uall [22ms]
2025-08-09 12:28:33.029 [info] > git config --get commit.template [17ms]
2025-08-09 12:28:33.049 [info] > git for-each-ref --format=%(refname)%00%(upstream:short)%00%(objectname)%00%(upstream:track)%00%(upstream:remotename)%00%(upstream:remoteref) refs/heads/main refs/remotes/main [4ms]
2025-08-09 12:28:33.087 [info] > git status -z -uall [21ms]
2025-08-09 12:28:33.088 [info] > git for-each-ref --sort -committerdate --format %(refname)%00%(objectname)%00%(*objectname) [2ms]
2025-08-09 12:29:09.313 [info] > git config --get commit.template [8ms]
2025-08-09 12:29:09.321 [info] > git for-each-ref --format=%(refname)%00%(upstream:short)%00%(objectname)%00%(upstream:track)%00%(upstream:remotename)%00%(upstream:remoteref) refs/heads/main refs/remotes/main [9ms]
2025-08-09 12:29:09.350 [info] > git for-each-ref --sort -committerdate --format %(refname)%00%(objectname)%00%(*objectname) [4ms]
2025-08-09 12:29:09.354 [info] > git status -z -uall [18ms]
2025-08-09 12:29:25.640 [info] > git config --get commit.template [3ms]
2025-08-09 12:29:25.657 [info] > git for-each-ref --format=%(refname)%00%(upstream:short)%00%(objectname)%00%(upstream:track)%00%(upstream:remotename)%00%(upstream:remoteref) refs/heads/main refs/remotes/main [5ms]
2025-08-09 12:29:25.684 [info] > git for-each-ref --sort -committerdate --format %(refname)%00%(objectname)%00%(*objectname) [3ms]
2025-08-09 12:29:25.691 [info] > git status -z -uall [21ms]
2025-08-09 12:29:49.063 [info] > git config --get commit.template [14ms]
2025-08-09 12:29:49.066 [info] > git for-each-ref --format=%(refname)%00%(upstream:short)%00%(objectname)%00%(upstream:track)%00%(upstream:remotename)%00%(upstream:remoteref) refs/heads/main refs/remotes/main [4ms]
2025-08-09 12:29:49.091 [info] > git for-each-ref --sort -committerdate --format %(refname)%00%(objectname)%00%(*objectname) [3ms]
2025-08-09 12:29:49.094 [info] > git status -z -uall [16ms]
2025-08-09 12:30:17.848 [info] > git config --get commit.template [3ms]
2025-08-09 12:30:17.862 [info] > git for-each-ref --format=%(refname)%00%(upstream:short)%00%(objectname)%00%(upstream:track)%00%(upstream:remotename)%00%(upstream:remoteref) refs/heads/main refs/remotes/main [2ms]
2025-08-09 12:30:17.884 [info] > git for-each-ref --sort -committerdate --format %(refname)%00%(objectname)%00%(*objectname) [3ms]
2025-08-09 12:30:17.891 [info] > git status -z -uall [18ms]
2025-08-09 12:30:28.949 [info] > git config --get commit.template [2ms]
2025-08-09 12:30:28.964 [info] > git for-each-ref --format=%(refname)%00%(upstream:short)%00%(objectname)%00%(upstream:track)%00%(upstream:remotename)%00%(upstream:remoteref) refs/heads/main refs/remotes/main [4ms]
2025-08-09 12:30:28.989 [info] > git for-each-ref --sort -committerdate --format %(refname)%00%(objectname)%00%(*objectname) [3ms]
2025-08-09 12:30:28.992 [info] > git status -z -uall [16ms]
2025-08-09 12:30:41.546 [info] > git config --get commit.template [13ms]
2025-08-09 12:30:41.548 [info] > git for-each-ref --format=%(refname)%00%(upstream:short)%00%(objectname)%00%(upstream:track)%00%(upstream:remotename)%00%(upstream:remoteref) refs/heads/main refs/remotes/main [3ms]
2025-08-09 12:30:41.575 [info] > git for-each-ref --sort -committerdate --format %(refname)%00%(objectname)%00%(*objectname) [3ms]
2025-08-09 12:30:41.580 [info] > git status -z -uall [19ms]
2025-08-09 12:30:48.095 [info] > git config --get commit.template [3ms]
2025-08-09 12:30:48.107 [info] > git for-each-ref --format=%(refname)%00%(upstream:short)%00%(objectname)%00%(upstream:track)%00%(upstream:remotename)%00%(upstream:remoteref) refs/heads/main refs/remotes/main [2ms]
2025-08-09 12:30:48.144 [info] > git status -z -uall [15ms]
2025-08-09 12:30:48.148 [info] > git for-each-ref --sort -committerdate --format %(refname)%00%(objectname)%00%(*objectname) [5ms]
2025-08-09 12:30:48.778 [info] > git fetch [366ms]
2025-08-09 12:30:48.800 [info] > git config --get commit.template [11ms]
2025-08-09 12:30:48.802 [info] > git for-each-ref --format=%(refname)%00%(upstream:short)%00%(objectname)%00%(upstream:track)%00%(upstream:remotename)%00%(upstream:remoteref) refs/heads/main refs/remotes/main [3ms]
2025-08-09 12:30:48.834 [info] > git status -z -uall [24ms]
2025-08-09 12:30:48.837 [info] > git for-each-ref --sort -committerdate --format %(refname)%00%(objectname)%00%(*objectname) [4ms]
2025-08-09 12:30:50.244 [info] > git ls-files --stage -- src/components/ui/blocks/ReviewComponent.astro [3ms]
2025-08-09 12:30:50.261 [info] > git cat-file -s c79d645cf5b06f7d8d738a8f647f2d1cf0f0fd49 [2ms]
2025-08-09 12:30:50.450 [info] > git show --textconv :src/components/ui/blocks/ReviewComponent.astro [3ms]
2025-08-09 12:31:29.565 [info] > git config --get commit.template [14ms]
2025-08-09 12:31:29.566 [info] > git for-each-ref --format=%(refname)%00%(upstream:short)%00%(objectname)%00%(upstream:track)%00%(upstream:remotename)%00%(upstream:remoteref) refs/heads/main refs/remotes/main [4ms]
2025-08-09 12:31:29.587 [info] > git for-each-ref --sort -committerdate --format %(refname)%00%(objectname)%00%(*objectname) [3ms]
2025-08-09 12:31:29.590 [info] > git status -z -uall [16ms]
2025-08-09 12:31:34.625 [info] > git config --get commit.template [17ms]
2025-08-09 12:31:34.625 [info] > git for-each-ref --format=%(refname)%00%(upstream:short)%00%(objectname)%00%(upstream:track)%00%(upstream:remotename)%00%(upstream:remoteref) refs/heads/main refs/remotes/main [8ms]
2025-08-09 12:31:34.660 [info] > git status -z -uall [19ms]
2025-08-09 12:31:34.660 [info] > git for-each-ref --sort -committerdate --format %(refname)%00%(objectname)%00%(*objectname) [6ms]
2025-08-09 12:31:39.686 [info] > git config --get commit.template [9ms]
2025-08-09 12:31:39.688 [info] > git for-each-ref --format=%(refname)%00%(upstream:short)%00%(objectname)%00%(upstream:track)%00%(upstream:remotename)%00%(upstream:remoteref) refs/heads/main refs/remotes/main [3ms]
2025-08-09 12:31:39.708 [info] > git for-each-ref --sort -committerdate --format %(refname)%00%(objectname)%00%(*objectname) [4ms]
2025-08-09 12:31:39.718 [info] > git status -z -uall [22ms]
2025-08-09 12:31:44.757 [info] > git config --get commit.template [15ms]
2025-08-09 12:31:44.759 [info] > git for-each-ref --format=%(refname)%00%(upstream:short)%00%(objectname)%00%(upstream:track)%00%(upstream:remotename)%00%(upstream:remoteref) refs/heads/main refs/remotes/main [3ms]
2025-08-09 12:31:44.786 [info] > git for-each-ref --sort -committerdate --format %(refname)%00%(objectname)%00%(*objectname) [3ms]
2025-08-09 12:31:44.789 [info] > git status -z -uall [16ms]
2025-08-09 12:31:49.860 [info] > git config --get commit.template [19ms]
2025-08-09 12:31:49.864 [info] > git for-each-ref --format=%(refname)%00%(upstream:short)%00%(objectname)%00%(upstream:track)%00%(upstream:remotename)%00%(upstream:remoteref) refs/heads/main refs/remotes/main [5ms]
2025-08-09 12:31:49.893 [info] > git for-each-ref --sort -committerdate --format %(refname)%00%(objectname)%00%(*objectname) [5ms]
2025-08-09 12:31:49.895 [info] > git status -z -uall [18ms]
2025-08-09 12:31:55.689 [info] > git config --get commit.template [3ms]
2025-08-09 12:31:55.703 [info] > git for-each-ref --format=%(refname)%00%(upstream:short)%00%(objectname)%00%(upstream:track)%00%(upstream:remotename)%00%(upstream:remoteref) refs/heads/main refs/remotes/main [3ms]
2025-08-09 12:31:55.735 [info] > git for-each-ref --sort -committerdate --format %(refname)%00%(objectname)%00%(*objectname) [4ms]
2025-08-09 12:31:55.741 [info] > git status -z -uall [29ms]
