2025-08-08 23:44:39.453 [info] Log level: Info
2025-08-08 23:44:39.453 [info] VSCODE_MACHINE_ID: 10d3d877-fe56-442f-a117-f9035039c6e9
2025-08-08 23:44:39.453 [info] VSCODE_SESSION_ID: f0d68902-4510-4b4b-8add-f0e4d4cce1c01754696670499
2025-08-08 23:44:39.453 [info] VSCODE_VERSION: 1.102.3
2025-08-08 23:44:39.453 [info] VSCODE_APP_NAME: Gitpod Code
2025-08-08 23:44:39.453 [info] VSCODE_APP_HOST: Gitpod
2025-08-08 23:44:39.453 [info] VSCODE_UI_KIND: web
2025-08-08 23:44:39.453 [info] GITPOD_WORKSPACE_CONTEXT_URL: https://github.com/Abdallah-Develop/Website-starter
2025-08-08 23:44:39.453 [info] GITPOD_INSTANCE_ID: 084e8d19-ef0d-46ef-9b9c-428f3e606b98
2025-08-08 23:44:39.453 [info] GITPOD_WORKSPACE_URL: https://abdallahdev-websitestar-esjdme0laxn.ws-eu120.gitpod.io
2025-08-08 23:44:39.453 [info] Gitpod Web 3953e81
2025-08-08 23:44:39.453 [info] Reading sessions from keychain...
2025-08-08 23:44:40.089 [info] Got stored sessions!
2025-08-08 23:44:40.089 [info] Verified session with the following scopes: function:accessCodeSyncStorage function:closePort function:controlAdmission function:deleteEnvVar function:generateNewGitpodToken function:getDefaultWorkspaceImage function:getGitpodTokenScopes function:getIDToken function:getLoggedInUser function:getOpenPorts function:getSupportedWorkspaceClasses function:getTeams function:getToken function:getWorkspace function:getWorkspaceEnvVars function:getWorkspaceOwner function:getWorkspaceTimeout function:getWorkspaceUsers function:guessGitTokenScopes function:isWorkspaceOwner function:openPort function:sendHeartBeat function:setEnvVar function:setWorkspaceTimeout function:stopWorkspace function:takeSnapshot function:trackEvent function:updateGitStatus function:waitForSnapshot resource:contentBlob::*::create/get resource:envVar::*/**::update resource:envVar::*/*::update resource:envVar::Abdallah-Develop/Website-starter::create/get/update/delete resource:gitpodToken::*::create resource:snapshot::ws-abdallahdev-websitestar-esjdme0laxn::create resource:token::*::get resource:userStorage::*::create/get/update resource:workspace::abdallahdev-websitestar-esjdme0laxn::get/update resource:workspaceInstance::084e8d19-ef0d-46ef-9b9c-428f3e606b98::get/update/delete
2025-08-08 23:44:40.089 [info] Got 1 verified sessions.
2025-08-08 23:44:40.089 [info] Getting sessions for all scopes...
2025-08-08 23:44:40.089 [info] Getting GitHub sessions for all scopes...
2025-08-08 23:44:40.089 [info] Got 1 sessions for all scopes...
2025-08-08 23:44:40.089 [info] Getting sessions for all scopes...
2025-08-08 23:44:40.089 [info] Got 1 sessions for all scopes...
2025-08-08 23:44:40.089 [info] Getting sessions for all scopes...
2025-08-08 23:44:40.089 [info] Got 1 sessions for all scopes...
2025-08-08 23:44:42.024 [info] Got 1 GitHub sessions for all scopes...
2025-08-08 23:44:42.446 [info] Getting GitHub sessions for all scopes...
2025-08-08 23:44:42.446 [info] Getting sessions for all scopes...
2025-08-08 23:44:42.446 [info] Got 1 GitHub sessions for all scopes...
2025-08-08 23:44:42.446 [info] Got 1 sessions for all scopes...
2025-08-08 23:44:42.446 [info] Getting GitHub sessions for all scopes...
2025-08-08 23:44:42.446 [info] Got 1 GitHub sessions for all scopes...
2025-08-08 23:44:43.422 [info] Getting GitHub sessions for read:user,repo,user:email,workflow...
2025-08-08 23:44:43.422 [info] Got 0 GitHub sessions for read:user,repo,user:email,workflow...
2025-08-08 23:44:43.458 [info] Getting sessions for all scopes...
2025-08-08 23:44:43.458 [info] Getting GitHub sessions for all scopes...
2025-08-08 23:44:43.458 [info] Got 1 sessions for all scopes...
2025-08-08 23:44:43.458 [info] Got 1 GitHub sessions for all scopes...
2025-08-08 23:44:43.459 [info] Getting GitHub sessions for all scopes...
2025-08-08 23:44:43.459 [info] Got 1 GitHub sessions for all scopes...
2025-08-08 23:44:43.629 [info] Getting sessions for all scopes...
2025-08-08 23:44:43.629 [info] Getting GitHub sessions for all scopes...
2025-08-08 23:44:43.629 [info] Got 1 sessions for all scopes...
2025-08-08 23:44:43.629 [info] Got 1 GitHub sessions for all scopes...
2025-08-08 23:44:45.050 [info] Getting sessions for all scopes...
2025-08-08 23:44:45.050 [info] Getting GitHub sessions for all scopes...
2025-08-08 23:44:45.050 [info] Got 1 sessions for all scopes...
2025-08-08 23:44:45.050 [info] Got 1 GitHub sessions for all scopes...
2025-08-08 23:44:45.053 [info] Getting sessions for function:accessCodeSyncStorage...
2025-08-08 23:44:45.053 [info] Got 1 sessions for function:accessCodeSyncStorage...
2025-08-08 23:44:45.599 [info] Getting sessions for all scopes...
2025-08-08 23:44:45.599 [info] Getting GitHub sessions for all scopes...
2025-08-08 23:44:45.600 [info] Got 1 sessions for all scopes...
2025-08-08 23:44:45.600 [info] Got 1 GitHub sessions for all scopes...
2025-08-08 23:44:47.553 [info] Getting GitHub sessions for project,read:org,read:user,repo,user:email,workflow...
2025-08-08 23:44:47.553 [info] Got 0 GitHub sessions for project,read:org,read:user,repo,user:email,workflow...
2025-08-08 23:44:47.975 [info] Getting GitHub sessions for read:user,repo,user:email,workflow...
2025-08-08 23:44:47.975 [info] Got 0 GitHub sessions for read:user,repo,user:email,workflow...
2025-08-08 23:44:48.484 [info] Getting sessions for all scopes...
2025-08-08 23:44:48.484 [info] Getting GitHub sessions for all scopes...
2025-08-08 23:44:48.484 [info] Got 1 sessions for all scopes...
2025-08-08 23:44:48.484 [info] Got 1 GitHub sessions for all scopes...
2025-08-08 23:44:48.616 [info] Getting sessions for all scopes...
2025-08-08 23:44:48.616 [info] Getting GitHub sessions for all scopes...
2025-08-08 23:44:48.616 [info] Got 1 sessions for all scopes...
2025-08-08 23:44:48.616 [info] Got 1 GitHub sessions for all scopes...
2025-08-08 23:44:48.842 [info] Getting GitHub sessions for read:user,repo,user:email...
2025-08-08 23:44:48.842 [info] Got 0 GitHub sessions for read:user,repo,user:email...
2025-08-08 23:44:50.001 [info] Getting GitHub sessions for read:user,repo,user:email,workflow...
2025-08-08 23:44:50.001 [info] Got 0 GitHub sessions for read:user,repo,user:email,workflow...
2025-08-08 23:44:50.178 [info] Getting sessions for all scopes...
2025-08-08 23:44:50.178 [info] Getting GitHub sessions for all scopes...
2025-08-08 23:44:50.178 [info] Got 1 sessions for all scopes...
2025-08-08 23:44:50.178 [info] Got 1 GitHub sessions for all scopes...
2025-08-08 23:44:50.353 [info] Getting sessions for all scopes...
2025-08-08 23:44:50.353 [info] Getting GitHub sessions for all scopes...
2025-08-08 23:44:50.353 [info] Got 1 sessions for all scopes...
2025-08-08 23:44:50.353 [info] Got 1 GitHub sessions for all scopes...
2025-08-08 23:44:50.996 [info] Getting sessions for all scopes...
2025-08-08 23:44:50.996 [info] Getting GitHub sessions for all scopes...
2025-08-08 23:44:50.996 [info] Got 1 sessions for all scopes...
2025-08-08 23:44:50.996 [info] Got 1 GitHub sessions for all scopes...
2025-08-08 23:44:51.181 [info] Getting sessions for all scopes...
2025-08-08 23:44:51.182 [info] Getting GitHub sessions for all scopes...
2025-08-08 23:44:51.182 [info] Got 1 sessions for all scopes...
2025-08-08 23:44:51.182 [info] Got 1 GitHub sessions for all scopes...
2025-08-08 23:44:51.284 [info] Getting sessions for all scopes...
2025-08-08 23:44:51.284 [info] Getting GitHub sessions for all scopes...
2025-08-08 23:44:51.284 [info] Got 1 sessions for all scopes...
2025-08-08 23:44:51.284 [info] Got 1 GitHub sessions for all scopes...
2025-08-08 23:44:51.284 [info] Getting sessions for all scopes...
2025-08-08 23:44:51.284 [info] Getting GitHub sessions for all scopes...
2025-08-08 23:44:51.284 [info] Got 1 sessions for all scopes...
2025-08-08 23:44:51.284 [info] Got 1 GitHub sessions for all scopes...
2025-08-08 23:44:51.284 [info] Getting sessions for all scopes...
2025-08-08 23:44:51.284 [info] Getting GitHub sessions for all scopes...
2025-08-08 23:44:51.284 [info] Got 1 sessions for all scopes...
2025-08-08 23:44:51.284 [info] Got 1 GitHub sessions for all scopes...
