2025-08-09 14:52:50.796 [info] [main] Log level: Info
2025-08-09 14:52:50.796 [info] [main] Validating found git in: "git"
2025-08-09 14:52:50.796 [info] [main] Using git "2.49.0" from "git"
2025-08-09 14:52:50.796 [info] [Model][doInitialScan] Initial repository scan started
2025-08-09 14:52:50.796 [info] > git rev-parse --show-toplevel [3ms]
2025-08-09 14:52:50.796 [info] > git rev-parse --git-dir --git-common-dir [2ms]
2025-08-09 14:52:50.796 [info] [Model][openRepository] Opened repository (path): /workspace/Website-starter
2025-08-09 14:52:50.796 [info] [Model][openRepository] Opened repository (real path): /workspace/Website-starter
2025-08-09 14:52:50.796 [info] > git config --get commit.template [7ms]
2025-08-09 14:52:50.796 [info] > git rev-parse --show-toplevel [11ms]
2025-08-09 14:52:50.796 [info] > git for-each-ref --format=%(refname)%00%(upstream:short)%00%(objectname)%00%(upstream:track)%00%(upstream:remotename)%00%(upstream:remoteref) refs/heads/main refs/remotes/main [10ms]
2025-08-09 14:52:50.796 [info] > git rev-parse --show-toplevel [5ms]
2025-08-09 14:52:50.796 [info] > git rev-parse --show-toplevel [2ms]
2025-08-09 14:52:50.796 [info] > git status -z -uall [47ms]
2025-08-09 14:52:50.796 [info] > git rev-parse --show-toplevel [29ms]
2025-08-09 14:52:50.796 [info] > git for-each-ref --sort -committerdate --format %(refname)%00%(objectname)%00%(*objectname) [38ms]
2025-08-09 14:52:50.796 [info] > git config --get commit.template [110ms]
2025-08-09 14:52:50.796 [info] > git rev-parse --show-toplevel [116ms]
2025-08-09 14:52:50.796 [info] > git for-each-ref --format=%(refname)%00%(upstream:short)%00%(objectname)%00%(upstream:track)%00%(upstream:remotename)%00%(upstream:remoteref) refs/heads/main refs/remotes/main [124ms]
2025-08-09 14:52:50.796 [info] > git config --get --local branch.main.vscode-merge-base [59ms]
2025-08-09 14:52:50.796 [info] > git fetch [444ms]
2025-08-09 14:52:50.796 [info] > git rev-parse --show-toplevel [64ms]
2025-08-09 14:52:50.796 [info] > git config --get commit.template [10ms]
2025-08-09 14:52:50.796 [info] > git for-each-ref --format=%(refname)%00%(upstream:short)%00%(objectname)%00%(upstream:track)%00%(upstream:remotename)%00%(upstream:remoteref) refs/heads/main refs/remotes/main [17ms]
2025-08-09 14:52:50.796 [info] > git for-each-ref --format=%(refname)%00%(upstream:short)%00%(objectname)%00%(upstream:track)%00%(upstream:remotename)%00%(upstream:remoteref) refs/heads/origin/main refs/remotes/origin/main [25ms]
2025-08-09 14:52:50.796 [info] > git rev-parse --show-toplevel [14ms]
2025-08-09 14:52:50.796 [info] [Model][doInitialScan] Initial repository scan completed - repositories (1), closed repositories (0), parent repositories (0), unsafe repositories (0)
2025-08-09 14:52:50.796 [info] > git merge-base refs/heads/main refs/remotes/origin/main [12ms]
2025-08-09 14:52:50.796 [info] > git for-each-ref --format=%(refname)%00%(upstream:short)%00%(objectname)%00%(upstream:track)%00%(upstream:remotename)%00%(upstream:remoteref) refs/heads/main refs/remotes/main [9ms]
2025-08-09 14:52:50.796 [info] > git diff --name-status -z --diff-filter=ADMR 0d7a3a898007be1d8200d8db99d59472a2da8d06...refs/remotes/origin/main [10ms]
2025-08-09 14:52:50.796 [info] > git merge-base refs/heads/main refs/remotes/origin/main [800ms]
2025-08-09 14:52:50.796 [info] > git status -z -uall [32ms]
2025-08-09 14:52:50.796 [info] > git diff --name-status -z --diff-filter=ADMR 0d7a3a898007be1d8200d8db99d59472a2da8d06...refs/remotes/origin/main [42ms]
2025-08-09 14:52:50.796 [info] > git for-each-ref --sort -committerdate --format %(refname)%00%(objectname)%00%(*objectname) [7ms]
2025-08-09 14:52:51.308 [info] > git check-ignore -v -z --stdin [2ms]
2025-08-09 14:52:55.174 [info] > git show --textconv :src/components/sections/landing/HeroSection.astro [10ms]
2025-08-09 14:52:55.176 [info] > git ls-files --stage -- src/components/sections/landing/HeroSection.astro [2ms]
2025-08-09 14:52:55.185 [info] > git cat-file -s 651d4ec772e9f1908a9a04cbe4abb909827b9701 [3ms]
2025-08-09 14:52:58.527 [info] > git config --get --local branch.main.github-pr-owner-number [4ms]
2025-08-09 14:52:58.527 [warning] [Git][config] git config failed: Failed to execute git
2025-08-09 14:53:04.329 [info] > git blame --root --incremental 0d7a3a898007be1d8200d8db99d59472a2da8d06 -- src/components/sections/landing/HeroSection.astro [4ms]
