2025-08-08 09:19:57.194 [info] Log level: Info
2025-08-08 09:19:57.194 [info] VSCODE_MACHINE_ID: 10d3d877-fe56-442f-a117-f9035039c6e9
2025-08-08 09:19:57.194 [info] VSCODE_SESSION_ID: 44ce1e60-b74f-484e-b36e-6a3073de726a1754644788794
2025-08-08 09:19:57.194 [info] VSCODE_VERSION: 1.102.3
2025-08-08 09:19:57.194 [info] VSCODE_APP_NAME: Gitpod Code
2025-08-08 09:19:57.194 [info] VSCODE_APP_HOST: Gitpod
2025-08-08 09:19:57.194 [info] VSCODE_UI_KIND: web
2025-08-08 09:19:57.194 [info] GITPOD_WORKSPACE_CONTEXT_URL: https://github.com/Abdallah-Develop/Website-starter
2025-08-08 09:19:57.194 [info] GITPOD_INSTANCE_ID: 6e8c512a-59d9-465c-b77d-9c6a17f57fce
2025-08-08 09:19:57.194 [info] GITPOD_WORKSPACE_URL: https://abdallahdev-websitestar-esjdme0laxn.ws-eu120.gitpod.io
2025-08-08 09:19:57.194 [info] Gitpod Web 3953e81
2025-08-08 09:19:57.194 [info] Reading sessions from keychain...
2025-08-08 09:20:00.025 [info] Got stored sessions!
2025-08-08 09:20:00.025 [info] Verified session with the following scopes: function:accessCodeSyncStorage function:closePort function:controlAdmission function:deleteEnvVar function:generateNewGitpodToken function:getDefaultWorkspaceImage function:getGitpodTokenScopes function:getIDToken function:getLoggedInUser function:getOpenPorts function:getSupportedWorkspaceClasses function:getTeams function:getToken function:getWorkspace function:getWorkspaceEnvVars function:getWorkspaceOwner function:getWorkspaceTimeout function:getWorkspaceUsers function:guessGitTokenScopes function:isWorkspaceOwner function:openPort function:sendHeartBeat function:setEnvVar function:setWorkspaceTimeout function:stopWorkspace function:takeSnapshot function:trackEvent function:updateGitStatus function:waitForSnapshot resource:contentBlob::*::create/get resource:envVar::*/**::update resource:envVar::*/*::update resource:envVar::Abdallah-Develop/Website-starter::create/get/update/delete resource:gitpodToken::*::create resource:snapshot::ws-abdallahdev-websitestar-esjdme0laxn::create resource:token::*::get resource:userStorage::*::create/get/update resource:workspace::abdallahdev-websitestar-esjdme0laxn::get/update resource:workspaceInstance::6e8c512a-59d9-465c-b77d-9c6a17f57fce::get/update/delete
2025-08-08 09:20:00.025 [info] Got 1 verified sessions.
2025-08-08 09:20:00.025 [info] Getting sessions for all scopes...
2025-08-08 09:20:00.025 [info] Getting GitHub sessions for all scopes...
2025-08-08 09:20:00.025 [info] Got 1 sessions for all scopes...
2025-08-08 09:20:00.025 [info] Getting sessions for all scopes...
2025-08-08 09:20:00.025 [info] Got 1 sessions for all scopes...
2025-08-08 09:20:00.025 [info] Getting sessions for all scopes...
2025-08-08 09:20:00.025 [info] Got 1 sessions for all scopes...
2025-08-08 09:20:00.131 [info] Getting sessions for all scopes...
2025-08-08 09:20:00.131 [info] Got 1 sessions for all scopes...
2025-08-08 09:20:01.352 [info] Got 1 GitHub sessions for all scopes...
2025-08-08 09:20:01.352 [info] Getting GitHub sessions for all scopes...
2025-08-08 09:20:01.352 [info] Got 1 GitHub sessions for all scopes...
2025-08-08 09:20:01.852 [info] Getting GitHub sessions for all scopes...
2025-08-08 09:20:01.852 [info] Getting sessions for all scopes...
2025-08-08 09:20:01.852 [info] Got 1 GitHub sessions for all scopes...
2025-08-08 09:20:01.852 [info] Got 1 sessions for all scopes...
2025-08-08 09:20:01.852 [info] Getting GitHub sessions for all scopes...
2025-08-08 09:20:01.852 [info] Got 1 GitHub sessions for all scopes...
2025-08-08 09:20:01.924 [info] Getting sessions for all scopes...
2025-08-08 09:20:01.924 [info] Got 1 sessions for all scopes...
2025-08-08 09:20:02.026 [info] Getting GitHub sessions for read:user,repo,user:email,workflow...
2025-08-08 09:20:02.026 [info] Got 0 GitHub sessions for read:user,repo,user:email,workflow...
2025-08-08 09:20:02.324 [info] Getting GitHub sessions for all scopes...
2025-08-08 09:20:02.324 [info] Got 1 GitHub sessions for all scopes...
2025-08-08 09:20:02.324 [info] Getting GitHub sessions for all scopes...
2025-08-08 09:20:02.324 [info] Got 1 GitHub sessions for all scopes...
2025-08-08 09:20:02.631 [info] Getting GitHub sessions for project,read:org,read:user,repo,user:email,workflow...
2025-08-08 09:20:02.631 [info] Got 0 GitHub sessions for project,read:org,read:user,repo,user:email,workflow...
2025-08-08 09:20:02.726 [info] Getting sessions for function:accessCodeSyncStorage...
2025-08-08 09:20:02.726 [info] Got 1 sessions for function:accessCodeSyncStorage...
2025-08-08 09:20:03.733 [info] Getting GitHub sessions for read:user,repo,user:email,workflow...
2025-08-08 09:20:03.733 [info] Got 0 GitHub sessions for read:user,repo,user:email,workflow...
2025-08-08 09:20:05.522 [info] Getting GitHub sessions for read:user,repo,user:email...
2025-08-08 09:20:05.522 [info] Got 0 GitHub sessions for read:user,repo,user:email...
2025-08-08 09:20:05.524 [info] Getting sessions for all scopes...
2025-08-08 09:20:05.524 [info] Getting GitHub sessions for all scopes...
2025-08-08 09:20:05.524 [info] Got 1 sessions for all scopes...
2025-08-08 09:20:05.525 [info] Got 1 GitHub sessions for all scopes...
2025-08-08 09:20:06.125 [info] Getting sessions for all scopes...
2025-08-08 09:20:06.125 [info] Getting GitHub sessions for all scopes...
2025-08-08 09:20:06.125 [info] Got 1 sessions for all scopes...
2025-08-08 09:20:06.125 [info] Got 1 GitHub sessions for all scopes...
2025-08-08 09:20:07.624 [info] Getting GitHub sessions for read:user,repo,user:email,workflow...
2025-08-08 09:20:07.624 [info] Got 0 GitHub sessions for read:user,repo,user:email,workflow...
2025-08-08 09:20:08.039 [info] Getting sessions for all scopes...
2025-08-08 09:20:08.039 [info] Getting GitHub sessions for all scopes...
2025-08-08 09:20:08.039 [info] Got 1 sessions for all scopes...
2025-08-08 09:20:08.039 [info] Got 1 GitHub sessions for all scopes...
2025-08-08 09:20:08.356 [info] Getting sessions for all scopes...
2025-08-08 09:20:08.357 [info] Getting GitHub sessions for all scopes...
2025-08-08 09:20:08.357 [info] Got 1 sessions for all scopes...
2025-08-08 09:20:08.357 [info] Got 1 GitHub sessions for all scopes...
2025-08-08 09:20:09.941 [info] Getting sessions for all scopes...
2025-08-08 09:20:09.941 [info] Getting GitHub sessions for all scopes...
2025-08-08 09:20:09.941 [info] Got 1 sessions for all scopes...
2025-08-08 09:20:09.941 [info] Got 1 GitHub sessions for all scopes...
2025-08-08 09:20:10.269 [info] Getting sessions for all scopes...
2025-08-08 09:20:10.269 [info] Getting GitHub sessions for all scopes...
2025-08-08 09:20:10.269 [info] Got 1 sessions for all scopes...
2025-08-08 09:20:10.269 [info] Got 1 GitHub sessions for all scopes...
2025-08-08 09:20:10.831 [info] Getting sessions for all scopes...
2025-08-08 09:20:10.831 [info] Getting GitHub sessions for all scopes...
2025-08-08 09:20:10.831 [info] Got 1 sessions for all scopes...
2025-08-08 09:20:10.831 [info] Got 1 GitHub sessions for all scopes...
2025-08-08 09:20:10.832 [info] Getting sessions for all scopes...
2025-08-08 09:20:10.832 [info] Getting GitHub sessions for all scopes...
2025-08-08 09:20:10.832 [info] Got 1 sessions for all scopes...
2025-08-08 09:20:10.832 [info] Got 1 GitHub sessions for all scopes...
2025-08-08 09:20:10.832 [info] Getting sessions for all scopes...
2025-08-08 09:20:10.832 [info] Getting GitHub sessions for all scopes...
2025-08-08 09:20:10.832 [info] Got 1 sessions for all scopes...
2025-08-08 09:20:10.832 [info] Got 1 GitHub sessions for all scopes...
2025-08-08 09:20:50.575 [info] Getting sessions for all scopes...
2025-08-08 09:20:50.575 [info] Getting GitHub sessions for all scopes...
2025-08-08 09:20:50.575 [info] Got 1 sessions for all scopes...
2025-08-08 09:20:50.575 [info] Got 1 GitHub sessions for all scopes...
2025-08-08 09:20:50.699 [info] Getting sessions for all scopes...
2025-08-08 09:20:50.699 [info] Getting GitHub sessions for all scopes...
2025-08-08 09:20:50.699 [info] Got 1 sessions for all scopes...
2025-08-08 09:20:50.699 [info] Got 1 GitHub sessions for all scopes...
