2025-08-08 16:03:34.230 [info] Log level: Info
2025-08-08 16:03:34.230 [info] VSCODE_MACHINE_ID: 10d3d877-fe56-442f-a117-f9035039c6e9
2025-08-08 16:03:34.230 [info] VSCODE_SESSION_ID: 92bd245d-1a0f-476c-8c0f-7a426c0c5aaf1754669003713
2025-08-08 16:03:34.230 [info] VSCODE_VERSION: 1.102.3
2025-08-08 16:03:34.230 [info] VSCODE_APP_NAME: Gitpod Code
2025-08-08 16:03:34.230 [info] VSCODE_APP_HOST: Gitpod
2025-08-08 16:03:34.230 [info] VSCODE_UI_KIND: web
2025-08-08 16:03:34.230 [info] GITPOD_WORKSPACE_CONTEXT_URL: https://github.com/Abdallah-Develop/Website-starter
2025-08-08 16:03:34.230 [info] GITPOD_INSTANCE_ID: 4bdd8d59-d72c-46a8-ab27-33d607f3f595
2025-08-08 16:03:34.230 [info] GITPOD_WORKSPACE_URL: https://abdallahdev-websitestar-esjdme0laxn.ws-eu120.gitpod.io
2025-08-08 16:03:34.230 [info] Gitpod Web 3953e81
2025-08-08 16:03:34.230 [info] Reading sessions from keychain...
2025-08-08 16:03:37.624 [info] Got stored sessions!
2025-08-08 16:03:37.624 [info] Verified session with the following scopes: function:accessCodeSyncStorage function:closePort function:controlAdmission function:deleteEnvVar function:generateNewGitpodToken function:getDefaultWorkspaceImage function:getGitpodTokenScopes function:getIDToken function:getLoggedInUser function:getOpenPorts function:getSupportedWorkspaceClasses function:getTeams function:getToken function:getWorkspace function:getWorkspaceEnvVars function:getWorkspaceOwner function:getWorkspaceTimeout function:getWorkspaceUsers function:guessGitTokenScopes function:isWorkspaceOwner function:openPort function:sendHeartBeat function:setEnvVar function:setWorkspaceTimeout function:stopWorkspace function:takeSnapshot function:trackEvent function:updateGitStatus function:waitForSnapshot resource:contentBlob::*::create/get resource:envVar::*/**::update resource:envVar::*/*::update resource:envVar::Abdallah-Develop/Website-starter::create/get/update/delete resource:gitpodToken::*::create resource:snapshot::ws-abdallahdev-websitestar-esjdme0laxn::create resource:token::*::get resource:userStorage::*::create/get/update resource:workspace::abdallahdev-websitestar-esjdme0laxn::get/update resource:workspaceInstance::4bdd8d59-d72c-46a8-ab27-33d607f3f595::get/update/delete
2025-08-08 16:03:37.624 [info] Got 1 verified sessions.
2025-08-08 16:03:37.624 [info] Getting sessions for all scopes...
2025-08-08 16:03:37.624 [info] Getting GitHub sessions for all scopes...
2025-08-08 16:03:37.624 [info] Got 1 sessions for all scopes...
2025-08-08 16:03:37.624 [info] Getting sessions for all scopes...
2025-08-08 16:03:37.624 [info] Got 1 sessions for all scopes...
2025-08-08 16:03:37.624 [info] Getting sessions for all scopes...
2025-08-08 16:03:37.624 [info] Got 1 sessions for all scopes...
2025-08-08 16:03:37.624 [info] Getting sessions for function:accessCodeSyncStorage...
2025-08-08 16:03:37.624 [info] Got 1 sessions for function:accessCodeSyncStorage...
2025-08-08 16:03:37.631 [info] Getting sessions for all scopes...
2025-08-08 16:03:37.631 [info] Got 1 sessions for all scopes...
2025-08-08 16:03:37.926 [info] Getting sessions for all scopes...
2025-08-08 16:03:37.926 [info] Got 1 sessions for all scopes...
2025-08-08 16:03:37.929 [info] Getting sessions for all scopes...
2025-08-08 16:03:37.929 [info] Got 1 sessions for all scopes...
2025-08-08 16:03:37.929 [info] Getting sessions for all scopes...
2025-08-08 16:03:37.929 [info] Got 1 sessions for all scopes...
2025-08-08 16:03:38.236 [info] Got 1 GitHub sessions for all scopes...
2025-08-08 16:03:38.236 [info] Getting GitHub sessions for all scopes...
2025-08-08 16:03:38.236 [info] Got 1 GitHub sessions for all scopes...
2025-08-08 16:03:38.236 [info] Getting GitHub sessions for all scopes...
2025-08-08 16:03:38.236 [info] Got 1 GitHub sessions for all scopes...
2025-08-08 16:03:38.236 [info] Getting GitHub sessions for all scopes...
2025-08-08 16:03:38.236 [info] Got 1 GitHub sessions for all scopes...
2025-08-08 16:03:38.236 [info] Getting GitHub sessions for all scopes...
2025-08-08 16:03:38.236 [info] Got 1 GitHub sessions for all scopes...
2025-08-08 16:03:38.941 [info] Getting GitHub sessions for all scopes...
2025-08-08 16:03:38.941 [info] Getting sessions for all scopes...
2025-08-08 16:03:38.941 [info] Got 1 GitHub sessions for all scopes...
2025-08-08 16:03:38.941 [info] Got 1 sessions for all scopes...
2025-08-08 16:03:38.941 [info] Getting GitHub sessions for all scopes...
2025-08-08 16:03:38.942 [info] Got 1 GitHub sessions for all scopes...
2025-08-08 16:03:39.023 [info] Getting sessions for all scopes...
2025-08-08 16:03:39.023 [info] Got 1 sessions for all scopes...
2025-08-08 16:03:39.027 [info] Getting GitHub sessions for read:user,repo,user:email,workflow...
2025-08-08 16:03:39.027 [info] Got 0 GitHub sessions for read:user,repo,user:email,workflow...
2025-08-08 16:03:39.029 [info] Getting sessions for all scopes...
2025-08-08 16:03:39.029 [info] Got 1 sessions for all scopes...
2025-08-08 16:03:39.127 [info] Getting GitHub sessions for all scopes...
2025-08-08 16:03:39.127 [info] Got 1 GitHub sessions for all scopes...
2025-08-08 16:03:39.127 [info] Getting GitHub sessions for all scopes...
2025-08-08 16:03:39.127 [info] Got 1 GitHub sessions for all scopes...
2025-08-08 16:03:39.127 [info] Getting GitHub sessions for all scopes...
2025-08-08 16:03:39.127 [info] Got 1 GitHub sessions for all scopes...
2025-08-08 16:03:39.449 [info] Getting sessions for all scopes...
2025-08-08 16:03:39.449 [info] Getting GitHub sessions for all scopes...
2025-08-08 16:03:39.449 [info] Got 1 sessions for all scopes...
2025-08-08 16:03:39.449 [info] Got 1 GitHub sessions for all scopes...
2025-08-08 16:03:40.424 [info] Getting GitHub sessions for project,read:org,read:user,repo,user:email,workflow...
2025-08-08 16:03:40.424 [info] Got 0 GitHub sessions for project,read:org,read:user,repo,user:email,workflow...
2025-08-08 16:03:40.445 [info] Getting sessions for all scopes...
2025-08-08 16:03:40.445 [info] Getting GitHub sessions for all scopes...
2025-08-08 16:03:40.445 [info] Got 1 sessions for all scopes...
2025-08-08 16:03:40.445 [info] Got 1 GitHub sessions for all scopes...
2025-08-08 16:03:40.630 [info] Getting sessions for all scopes...
2025-08-08 16:03:40.630 [info] Getting GitHub sessions for all scopes...
2025-08-08 16:03:40.631 [info] Got 1 sessions for all scopes...
2025-08-08 16:03:40.631 [info] Got 1 GitHub sessions for all scopes...
2025-08-08 16:03:40.923 [info] Getting sessions for all scopes...
2025-08-08 16:03:40.923 [info] Getting GitHub sessions for all scopes...
2025-08-08 16:03:40.923 [info] Got 1 sessions for all scopes...
2025-08-08 16:03:40.923 [info] Got 1 GitHub sessions for all scopes...
2025-08-08 16:03:41.760 [info] Getting GitHub sessions for read:user,repo,user:email,workflow...
2025-08-08 16:03:41.760 [info] Got 0 GitHub sessions for read:user,repo,user:email,workflow...
2025-08-08 16:03:42.222 [info] Getting GitHub sessions for read:user,repo,user:email...
2025-08-08 16:03:42.222 [info] Got 0 GitHub sessions for read:user,repo,user:email...
2025-08-08 16:03:42.934 [info] Getting GitHub sessions for read:user,repo,user:email,workflow...
2025-08-08 16:03:42.934 [info] Got 0 GitHub sessions for read:user,repo,user:email,workflow...
2025-08-08 16:03:46.632 [info] Getting sessions for all scopes...
2025-08-08 16:03:46.632 [info] Getting GitHub sessions for all scopes...
2025-08-08 16:03:46.632 [info] Got 1 sessions for all scopes...
2025-08-08 16:03:46.632 [info] Got 1 GitHub sessions for all scopes...
2025-08-08 16:03:46.830 [info] Getting sessions for all scopes...
2025-08-08 16:03:46.830 [info] Getting GitHub sessions for all scopes...
2025-08-08 16:03:46.830 [info] Got 1 sessions for all scopes...
2025-08-08 16:03:46.830 [info] Got 1 GitHub sessions for all scopes...
2025-08-08 16:05:46.965 [info] Getting sessions for all scopes...
2025-08-08 16:05:46.965 [info] Getting GitHub sessions for all scopes...
2025-08-08 16:05:46.965 [info] Got 1 sessions for all scopes...
2025-08-08 16:05:46.965 [info] Got 1 GitHub sessions for all scopes...
2025-08-08 16:05:47.055 [info] Getting sessions for all scopes...
2025-08-08 16:05:47.055 [info] Getting GitHub sessions for all scopes...
2025-08-08 16:05:47.055 [info] Got 1 sessions for all scopes...
2025-08-08 16:05:47.055 [info] Got 1 GitHub sessions for all scopes...
2025-08-08 16:09:35.018 [info] Getting sessions for all scopes...
2025-08-08 16:09:35.018 [info] Getting GitHub sessions for all scopes...
2025-08-08 16:09:35.018 [info] Got 1 sessions for all scopes...
2025-08-08 16:09:35.018 [info] Got 1 GitHub sessions for all scopes...
2025-08-08 16:09:35.241 [info] Getting sessions for all scopes...
2025-08-08 16:09:35.241 [info] Getting GitHub sessions for all scopes...
2025-08-08 16:09:35.241 [info] Got 1 sessions for all scopes...
2025-08-08 16:09:35.241 [info] Got 1 GitHub sessions for all scopes...
