2025-08-08 09:18:29.059 [info] [main] Log level: Info
2025-08-08 09:18:29.059 [info] [main] Validating found git in: "git"
2025-08-08 09:18:29.059 [info] [main] Using git "2.49.0" from "git"
2025-08-08 09:18:29.059 [info] [Model][doInitialScan] Initial repository scan started
2025-08-08 09:18:29.059 [info] > git rev-parse --show-toplevel [34ms]
2025-08-08 09:18:29.059 [info] > git rev-parse --git-dir --git-common-dir [6ms]
2025-08-08 09:18:29.059 [info] [Model][openRepository] Opened repository (path): /workspace/Website-starter
2025-08-08 09:18:29.059 [info] [Model][openRepository] Opened repository (real path): /workspace/Website-starter
2025-08-08 09:18:29.059 [info] > git config --get commit.template [8ms]
2025-08-08 09:18:29.059 [info] > git rev-parse --show-toplevel [3ms]
2025-08-08 09:18:29.059 [info] > git for-each-ref --format=%(refname)%00%(upstream:short)%00%(objectname)%00%(upstream:track)%00%(upstream:remotename)%00%(upstream:remoteref) refs/heads/main refs/remotes/main [8ms]
2025-08-08 09:18:29.059 [info] > git rev-parse --show-toplevel [2ms]
2025-08-08 09:18:29.059 [info] > git rev-parse --show-toplevel [14ms]
2025-08-08 09:18:29.059 [info] > git for-each-ref --sort -committerdate --format %(refname)%00%(objectname)%00%(*objectname) [9ms]
2025-08-08 09:18:29.059 [info] > git status -z -uall [18ms]
2025-08-08 09:18:29.059 [info] > git rev-parse --show-toplevel [4ms]
2025-08-08 09:18:29.059 [info] > git for-each-ref --format=%(refname)%00%(upstream:short)%00%(objectname)%00%(upstream:track)%00%(upstream:remotename)%00%(upstream:remoteref) refs/heads/main refs/remotes/main [37ms]
2025-08-08 09:18:29.059 [info] > git config --get commit.template [13ms]
2025-08-08 09:18:29.059 [info] > git rev-parse --show-toplevel [22ms]
2025-08-08 09:18:29.059 [info] > git config --get --local branch.main.vscode-merge-base [13ms]
2025-08-08 09:18:29.059 [info] > git rev-parse --show-toplevel [14ms]
2025-08-08 09:18:29.059 [info] > git for-each-ref --format=%(refname)%00%(upstream:short)%00%(objectname)%00%(upstream:track)%00%(upstream:remotename)%00%(upstream:remoteref) refs/heads/origin/main refs/remotes/origin/main [14ms]
2025-08-08 09:18:29.059 [info] > git rev-parse --show-toplevel [8ms]
2025-08-08 09:18:29.059 [info] [Model][doInitialScan] Initial repository scan completed - repositories (1), closed repositories (0), parent repositories (0), unsafe repositories (0)
2025-08-08 09:18:29.059 [info] > git for-each-ref --format=%(refname)%00%(upstream:short)%00%(objectname)%00%(upstream:track)%00%(upstream:remotename)%00%(upstream:remoteref) refs/heads/main refs/remotes/main [17ms]
2025-08-08 09:18:29.059 [info] > git merge-base refs/heads/main refs/remotes/origin/main [16ms]
2025-08-08 09:18:29.059 [info] > git for-each-ref --sort -committerdate --format %(refname)%00%(objectname)%00%(*objectname) [8ms]
2025-08-08 09:18:29.059 [info] > git status -z -uall [17ms]
2025-08-08 09:18:29.059 [info] > git diff --name-status -z --diff-filter=ADMR 0d7a3a898007be1d8200d8db99d59472a2da8d06...refs/remotes/origin/main [16ms]
2025-08-08 09:18:29.059 [info] > git merge-base refs/heads/main refs/remotes/origin/main [3ms]
2025-08-08 09:18:29.059 [info] > git diff --name-status -z --diff-filter=ADMR 0d7a3a898007be1d8200d8db99d59472a2da8d06...refs/remotes/origin/main [3ms]
2025-08-08 09:18:29.059 [info] > git fetch [347ms]
2025-08-08 09:18:29.059 [info] > git config --get commit.template [6ms]
2025-08-08 09:18:29.059 [info] > git for-each-ref --format=%(refname)%00%(upstream:short)%00%(objectname)%00%(upstream:track)%00%(upstream:remotename)%00%(upstream:remoteref) refs/heads/main refs/remotes/main [3ms]
2025-08-08 09:18:29.059 [info] > git status -z -uall [82ms]
2025-08-08 09:18:29.059 [info] > git for-each-ref --sort -committerdate --format %(refname)%00%(objectname)%00%(*objectname) [89ms]
2025-08-08 09:18:30.881 [info] > git check-ignore -v -z --stdin [6ms]
2025-08-08 09:18:36.376 [info] > git config --get --local branch.main.github-pr-owner-number [6ms]
2025-08-08 09:18:36.376 [warning] [Git][config] git config failed: Failed to execute git
2025-08-08 09:19:04.987 [info] > git config --get commit.template [14ms]
2025-08-08 09:19:04.989 [info] > git for-each-ref --format=%(refname)%00%(upstream:short)%00%(objectname)%00%(upstream:track)%00%(upstream:remotename)%00%(upstream:remoteref) refs/heads/main refs/remotes/main [3ms]
2025-08-08 09:19:05.045 [info] > git for-each-ref --sort -committerdate --format %(refname)%00%(objectname)%00%(*objectname) [3ms]
2025-08-08 09:19:05.047 [info] > git status -z -uall [18ms]
2025-08-08 09:19:10.068 [info] > git config --get commit.template [3ms]
2025-08-08 09:19:10.083 [info] > git for-each-ref --format=%(refname)%00%(upstream:short)%00%(objectname)%00%(upstream:track)%00%(upstream:remotename)%00%(upstream:remoteref) refs/heads/main refs/remotes/main [3ms]
2025-08-08 09:19:10.113 [info] > git status -z -uall [17ms]
2025-08-08 09:19:10.115 [info] > git for-each-ref --sort -committerdate --format %(refname)%00%(objectname)%00%(*objectname) [4ms]
2025-08-08 09:19:16.829 [info] > git config --get commit.template [15ms]
2025-08-08 09:19:16.831 [info] > git for-each-ref --format=%(refname)%00%(upstream:short)%00%(objectname)%00%(upstream:track)%00%(upstream:remotename)%00%(upstream:remoteref) refs/heads/main refs/remotes/main [4ms]
2025-08-08 09:19:16.863 [info] > git for-each-ref --sort -committerdate --format %(refname)%00%(objectname)%00%(*objectname) [4ms]
2025-08-08 09:19:16.866 [info] > git status -z -uall [21ms]
2025-08-08 09:19:27.458 [info] > git config --get commit.template [14ms]
2025-08-08 09:19:27.460 [info] > git for-each-ref --format=%(refname)%00%(upstream:short)%00%(objectname)%00%(upstream:track)%00%(upstream:remotename)%00%(upstream:remoteref) refs/heads/main refs/remotes/main [3ms]
2025-08-08 09:19:27.488 [info] > git for-each-ref --sort -committerdate --format %(refname)%00%(objectname)%00%(*objectname) [4ms]
2025-08-08 09:19:27.490 [info] > git status -z -uall [18ms]
