2025-08-08 00:00:01.368 [info] Log level: Info
2025-08-08 00:00:01.568 [info] VSCODE_MACHINE_ID: 10d3d877-fe56-442f-a117-f9035039c6e9
2025-08-08 00:00:01.568 [info] VSCODE_SESSION_ID: fec4a9b1-5aea-4b1d-91e6-9090c1dd05081754611192568
2025-08-08 00:00:01.568 [info] VSCODE_VERSION: 1.102.3
2025-08-08 00:00:01.568 [info] VSCODE_APP_NAME: Gitpod Code
2025-08-08 00:00:01.568 [info] VSCODE_APP_HOST: Gitpod
2025-08-08 00:00:01.568 [info] VSCODE_UI_KIND: web
2025-08-08 00:00:01.568 [info] GITPOD_WORKSPACE_CONTEXT_URL: https://github.com/Abdallah-Develop/Website-starter
2025-08-08 00:00:01.568 [info] GITPOD_INSTANCE_ID: 9e7aefbe-595a-41af-993d-340c45622d6d
2025-08-08 00:00:01.568 [info] GITPOD_WORKSPACE_URL: https://abdallahdev-websitestar-esjdme0laxn.ws-eu120.gitpod.io
2025-08-08 00:00:01.660 [info] Gitpod Web 3953e81
2025-08-08 00:00:01.660 [info] Reading sessions from keychain...
2025-08-08 00:00:03.300 [info] Got stored sessions!
2025-08-08 00:00:03.300 [info] Verified session with the following scopes: function:accessCodeSyncStorage function:closePort function:controlAdmission function:deleteEnvVar function:generateNewGitpodToken function:getDefaultWorkspaceImage function:getGitpodTokenScopes function:getIDToken function:getLoggedInUser function:getOpenPorts function:getSupportedWorkspaceClasses function:getTeams function:getToken function:getWorkspace function:getWorkspaceEnvVars function:getWorkspaceOwner function:getWorkspaceTimeout function:getWorkspaceUsers function:guessGitTokenScopes function:isWorkspaceOwner function:openPort function:sendHeartBeat function:setEnvVar function:setWorkspaceTimeout function:stopWorkspace function:takeSnapshot function:trackEvent function:updateGitStatus function:waitForSnapshot resource:contentBlob::*::create/get resource:envVar::*/**::update resource:envVar::*/*::update resource:envVar::Abdallah-Develop/Website-starter::create/get/update/delete resource:gitpodToken::*::create resource:snapshot::ws-abdallahdev-websitestar-esjdme0laxn::create resource:token::*::get resource:userStorage::*::create/get/update resource:workspace::abdallahdev-websitestar-esjdme0laxn::get/update resource:workspaceInstance::9e7aefbe-595a-41af-993d-340c45622d6d::get/update/delete
2025-08-08 00:00:03.300 [info] Got 1 verified sessions.
2025-08-08 00:00:03.300 [info] Getting sessions for all scopes...
2025-08-08 00:00:03.300 [info] Getting GitHub sessions for all scopes...
2025-08-08 00:00:03.300 [info] Got 1 sessions for all scopes...
2025-08-08 00:00:03.300 [info] Getting sessions for all scopes...
2025-08-08 00:00:03.300 [info] Got 1 sessions for all scopes...
2025-08-08 00:00:03.300 [info] Getting sessions for all scopes...
2025-08-08 00:00:03.300 [info] Got 1 sessions for all scopes...
2025-08-08 00:00:04.353 [info] Got 1 GitHub sessions for all scopes...
2025-08-08 00:00:05.753 [info] Getting GitHub sessions for all scopes...
2025-08-08 00:00:05.753 [info] Getting sessions for all scopes...
2025-08-08 00:00:05.753 [info] Got 1 GitHub sessions for all scopes...
2025-08-08 00:00:05.753 [info] Got 1 sessions for all scopes...
2025-08-08 00:00:05.753 [info] Getting GitHub sessions for all scopes...
2025-08-08 00:00:05.753 [info] Got 1 GitHub sessions for all scopes...
2025-08-08 00:00:05.754 [info] Getting sessions for all scopes...
2025-08-08 00:00:05.754 [info] Getting GitHub sessions for all scopes...
2025-08-08 00:00:05.754 [info] Got 1 sessions for all scopes...
2025-08-08 00:00:05.754 [info] Got 1 GitHub sessions for all scopes...
2025-08-08 00:00:05.869 [info] Getting GitHub sessions for all scopes...
2025-08-08 00:00:05.869 [info] Got 1 GitHub sessions for all scopes...
2025-08-08 00:00:08.027 [info] Getting GitHub sessions for read:user,repo,user:email,workflow...
2025-08-08 00:00:08.027 [info] Got 0 GitHub sessions for read:user,repo,user:email,workflow...
2025-08-08 00:00:09.454 [info] Getting sessions for all scopes...
2025-08-08 00:00:09.454 [info] Getting GitHub sessions for all scopes...
2025-08-08 00:00:09.454 [info] Got 1 sessions for all scopes...
2025-08-08 00:00:09.454 [info] Got 1 GitHub sessions for all scopes...
2025-08-08 00:00:10.416 [info] Getting sessions for function:accessCodeSyncStorage...
2025-08-08 00:00:10.416 [info] Got 1 sessions for function:accessCodeSyncStorage...
2025-08-08 00:00:10.733 [info] Getting GitHub sessions for project,read:org,read:user,repo,user:email,workflow...
2025-08-08 00:00:10.734 [info] Got 0 GitHub sessions for project,read:org,read:user,repo,user:email,workflow...
2025-08-08 00:00:11.908 [info] Getting sessions for all scopes...
2025-08-08 00:00:11.908 [info] Getting GitHub sessions for all scopes...
2025-08-08 00:00:11.908 [info] Got 1 sessions for all scopes...
2025-08-08 00:00:11.908 [info] Got 1 GitHub sessions for all scopes...
2025-08-08 00:00:12.256 [info] Getting GitHub sessions for read:user,repo,user:email,workflow...
2025-08-08 00:00:12.256 [info] Got 0 GitHub sessions for read:user,repo,user:email,workflow...
2025-08-08 00:00:12.259 [info] Getting sessions for all scopes...
2025-08-08 00:00:12.259 [info] Getting GitHub sessions for all scopes...
2025-08-08 00:00:12.259 [info] Got 1 sessions for all scopes...
2025-08-08 00:00:12.259 [info] Got 1 GitHub sessions for all scopes...
2025-08-08 00:00:12.495 [info] Getting sessions for all scopes...
2025-08-08 00:00:12.495 [info] Getting GitHub sessions for all scopes...
2025-08-08 00:00:12.495 [info] Got 1 sessions for all scopes...
2025-08-08 00:00:12.495 [info] Got 1 GitHub sessions for all scopes...
2025-08-08 00:00:12.818 [info] Getting sessions for all scopes...
2025-08-08 00:00:12.818 [info] Getting GitHub sessions for all scopes...
2025-08-08 00:00:12.818 [info] Got 1 sessions for all scopes...
2025-08-08 00:00:12.818 [info] Got 1 GitHub sessions for all scopes...
2025-08-08 00:00:12.893 [info] Getting sessions for all scopes...
2025-08-08 00:00:12.893 [info] Getting GitHub sessions for all scopes...
2025-08-08 00:00:12.893 [info] Got 1 sessions for all scopes...
2025-08-08 00:00:12.893 [info] Got 1 GitHub sessions for all scopes...
2025-08-08 00:00:13.024 [info] Getting GitHub sessions for read:user,repo,user:email...
2025-08-08 00:00:13.024 [info] Got 0 GitHub sessions for read:user,repo,user:email...
2025-08-08 00:00:13.057 [info] Getting sessions for all scopes...
2025-08-08 00:00:13.057 [info] Getting GitHub sessions for all scopes...
2025-08-08 00:00:13.057 [info] Got 1 sessions for all scopes...
2025-08-08 00:00:13.057 [info] Got 1 GitHub sessions for all scopes...
2025-08-08 00:00:13.940 [info] Getting GitHub sessions for read:user,repo,user:email,workflow...
2025-08-08 00:00:13.940 [info] Got 0 GitHub sessions for read:user,repo,user:email,workflow...
2025-08-08 00:00:14.333 [info] Getting sessions for all scopes...
2025-08-08 00:00:14.333 [info] Getting GitHub sessions for all scopes...
2025-08-08 00:00:14.333 [info] Got 1 sessions for all scopes...
2025-08-08 00:00:14.333 [info] Got 1 GitHub sessions for all scopes...
2025-08-08 00:00:14.599 [info] Getting sessions for all scopes...
2025-08-08 00:00:14.599 [info] Getting GitHub sessions for all scopes...
2025-08-08 00:00:14.599 [info] Got 1 sessions for all scopes...
2025-08-08 00:00:14.599 [info] Got 1 GitHub sessions for all scopes...
2025-08-08 00:00:15.294 [info] Getting sessions for all scopes...
2025-08-08 00:00:15.294 [info] Getting GitHub sessions for all scopes...
2025-08-08 00:00:15.294 [info] Got 1 sessions for all scopes...
2025-08-08 00:00:15.294 [info] Got 1 GitHub sessions for all scopes...
2025-08-08 00:00:15.294 [info] Getting sessions for all scopes...
2025-08-08 00:00:15.294 [info] Getting GitHub sessions for all scopes...
2025-08-08 00:00:15.294 [info] Got 1 sessions for all scopes...
2025-08-08 00:00:15.294 [info] Got 1 GitHub sessions for all scopes...
2025-08-08 00:00:15.294 [info] Getting sessions for all scopes...
2025-08-08 00:00:15.294 [info] Getting GitHub sessions for all scopes...
2025-08-08 00:00:15.294 [info] Got 1 sessions for all scopes...
2025-08-08 00:00:15.294 [info] Got 1 GitHub sessions for all scopes...
2025-08-08 00:06:20.697 [info] Getting sessions for all scopes...
2025-08-08 00:06:20.697 [info] Getting GitHub sessions for all scopes...
2025-08-08 00:06:20.749 [info] Got 1 sessions for all scopes...
2025-08-08 00:06:20.749 [info] Got 1 GitHub sessions for all scopes...
2025-08-08 00:06:20.975 [info] Getting sessions for all scopes...
2025-08-08 00:06:20.975 [info] Getting GitHub sessions for all scopes...
2025-08-08 00:06:20.975 [info] Got 1 sessions for all scopes...
2025-08-08 00:06:20.975 [info] Got 1 GitHub sessions for all scopes...
2025-08-08 00:39:50.259 [info] Getting GitHub sessions for project,read:org,read:user,repo,user:email,workflow...
2025-08-08 00:39:50.260 [info] Got 0 GitHub sessions for project,read:org,read:user,repo,user:email,workflow...
2025-08-08 00:39:50.753 [info] Getting GitHub sessions for read:user,repo,user:email,workflow...
2025-08-08 00:39:50.753 [info] Got 0 GitHub sessions for read:user,repo,user:email,workflow...
2025-08-08 00:39:51.380 [info] Getting GitHub sessions for read:user,repo,user:email...
2025-08-08 00:39:51.380 [info] Got 0 GitHub sessions for read:user,repo,user:email...
2025-08-08 00:39:51.863 [info] Getting GitHub sessions for read:user,repo,user:email,workflow...
2025-08-08 00:39:51.863 [info] Got 0 GitHub sessions for read:user,repo,user:email,workflow...
2025-08-08 00:39:58.821 [info] Getting sessions for all scopes...
2025-08-08 00:39:58.822 [info] Getting GitHub sessions for all scopes...
2025-08-08 00:39:58.822 [info] Got 1 sessions for all scopes...
2025-08-08 00:39:58.822 [info] Got 1 GitHub sessions for all scopes...
2025-08-08 00:39:58.929 [info] Getting sessions for all scopes...
2025-08-08 00:39:58.929 [info] Getting GitHub sessions for all scopes...
2025-08-08 00:39:58.929 [info] Got 1 sessions for all scopes...
2025-08-08 00:39:58.929 [info] Got 1 GitHub sessions for all scopes...
2025-08-08 00:44:40.180 [info] Getting sessions for all scopes...
2025-08-08 00:44:40.180 [info] Getting GitHub sessions for all scopes...
2025-08-08 00:44:40.180 [info] Got 1 sessions for all scopes...
2025-08-08 00:44:40.180 [info] Got 1 GitHub sessions for all scopes...
2025-08-08 00:44:40.346 [info] Getting sessions for all scopes...
2025-08-08 00:44:40.346 [info] Getting GitHub sessions for all scopes...
2025-08-08 00:44:40.346 [info] Got 1 sessions for all scopes...
2025-08-08 00:44:40.346 [info] Got 1 GitHub sessions for all scopes...
