2025-08-08 19:57:27.904 [info] [main] Log level: Info
2025-08-08 19:57:27.904 [info] [main] Validating found git in: "git"
2025-08-08 19:57:27.904 [info] [main] Using git "2.49.0" from "git"
2025-08-08 19:57:27.904 [info] [Model][doInitialScan] Initial repository scan started
2025-08-08 19:57:27.904 [info] > git rev-parse --show-toplevel [38ms]
2025-08-08 19:57:27.904 [info] > git rev-parse --git-dir --git-common-dir [7ms]
2025-08-08 19:57:27.904 [info] [Model][openRepository] Opened repository (path): /workspace/Website-starter
2025-08-08 19:57:27.904 [info] [Model][openRepository] Opened repository (real path): /workspace/Website-starter
2025-08-08 19:57:27.904 [info] > git config --get commit.template [21ms]
2025-08-08 19:57:27.904 [info] > git rev-parse --show-toplevel [12ms]
2025-08-08 19:57:27.904 [info] > git for-each-ref --format=%(refname)%00%(upstream:short)%00%(objectname)%00%(upstream:track)%00%(upstream:remotename)%00%(upstream:remoteref) refs/heads/main refs/remotes/main [10ms]
2025-08-08 19:57:27.904 [info] > git rev-parse --show-toplevel [2ms]
2025-08-08 19:57:27.904 [info] > git rev-parse --show-toplevel [196ms]
2025-08-08 19:57:27.904 [info] > git status -z -uall [23ms]
2025-08-08 19:57:27.904 [info] > git for-each-ref --sort -committerdate --format %(refname)%00%(objectname)%00%(*objectname) [12ms]
2025-08-08 19:57:27.904 [info] > git rev-parse --show-toplevel [6ms]
2025-08-08 19:57:27.904 [info] > git for-each-ref --format=%(refname)%00%(upstream:short)%00%(objectname)%00%(upstream:track)%00%(upstream:remotename)%00%(upstream:remoteref) refs/heads/main refs/remotes/main [77ms]
2025-08-08 19:57:27.904 [info] > git config --get --local branch.main.vscode-merge-base [29ms]
2025-08-08 19:57:27.904 [info] > git config --get commit.template [94ms]
2025-08-08 19:57:27.904 [info] > git rev-parse --show-toplevel [155ms]
2025-08-08 19:57:27.904 [info] > git fetch [655ms]
2025-08-08 19:57:27.904 [info] > git for-each-ref --format=%(refname)%00%(upstream:short)%00%(objectname)%00%(upstream:track)%00%(upstream:remotename)%00%(upstream:remoteref) refs/heads/origin/main refs/remotes/origin/main [19ms]
2025-08-08 19:57:27.904 [info] > git rev-parse --show-toplevel [40ms]
2025-08-08 19:57:27.904 [info] > git config --get commit.template [10ms]
2025-08-08 19:57:27.904 [info] > git merge-base refs/heads/main refs/remotes/origin/main [22ms]
2025-08-08 19:57:27.904 [info] > git for-each-ref --format=%(refname)%00%(upstream:short)%00%(objectname)%00%(upstream:track)%00%(upstream:remotename)%00%(upstream:remoteref) refs/heads/main refs/remotes/main [73ms]
2025-08-08 19:57:27.904 [info] > git rev-parse --show-toplevel [32ms]
2025-08-08 19:57:27.904 [info] > git diff --name-status -z --diff-filter=ADMR 0d7a3a898007be1d8200d8db99d59472a2da8d06...refs/remotes/origin/main [77ms]
2025-08-08 19:57:27.904 [info] > git for-each-ref --format=%(refname)%00%(upstream:short)%00%(objectname)%00%(upstream:track)%00%(upstream:remotename)%00%(upstream:remoteref) refs/heads/main refs/remotes/main [26ms]
2025-08-08 19:57:27.904 [info] > git rev-parse --show-toplevel [6ms]
2025-08-08 19:57:27.904 [info] [Model][doInitialScan] Initial repository scan completed - repositories (1), closed repositories (0), parent repositories (0), unsafe repositories (0)
2025-08-08 19:57:27.905 [info] > git status -z -uall [29ms]
2025-08-08 19:57:27.913 [info] > git for-each-ref --sort -committerdate --format %(refname)%00%(objectname)%00%(*objectname) [11ms]
2025-08-08 19:57:30.828 [info] > git check-ignore -v -z --stdin [10ms]
2025-08-08 19:57:31.384 [info] > git check-ignore -v -z --stdin [4ms]
2025-08-08 19:57:37.981 [info] > git config --get --local branch.main.github-pr-owner-number [11ms]
2025-08-08 19:57:37.981 [warning] [Git][config] git config failed: Failed to execute git
2025-08-08 19:57:58.555 [info] > git config --get commit.template [15ms]
2025-08-08 19:57:58.557 [info] > git for-each-ref --format=%(refname)%00%(upstream:short)%00%(objectname)%00%(upstream:track)%00%(upstream:remotename)%00%(upstream:remoteref) refs/heads/main refs/remotes/main [3ms]
2025-08-08 19:57:58.594 [info] > git status -z -uall [19ms]
2025-08-08 19:57:58.596 [info] > git for-each-ref --sort -committerdate --format %(refname)%00%(objectname)%00%(*objectname) [4ms]
2025-08-08 20:01:33.412 [info] > git fetch [344ms]
2025-08-08 20:01:33.446 [info] > git config --get commit.template [15ms]
2025-08-08 20:01:33.448 [info] > git for-each-ref --format=%(refname)%00%(upstream:short)%00%(objectname)%00%(upstream:track)%00%(upstream:remotename)%00%(upstream:remoteref) refs/heads/main refs/remotes/main [3ms]
2025-08-08 20:01:33.480 [info] > git status -z -uall [17ms]
2025-08-08 20:01:33.484 [info] > git for-each-ref --sort -committerdate --format %(refname)%00%(objectname)%00%(*objectname) [4ms]
2025-08-08 20:01:35.011 [info] > git config --get commit.template [17ms]
2025-08-08 20:01:35.012 [info] > git for-each-ref --format=%(refname)%00%(upstream:short)%00%(objectname)%00%(upstream:track)%00%(upstream:remotename)%00%(upstream:remoteref) refs/heads/main refs/remotes/main [3ms]
2025-08-08 20:01:35.044 [info] > git for-each-ref --sort -committerdate --format %(refname)%00%(objectname)%00%(*objectname) [4ms]
2025-08-08 20:01:35.047 [info] > git status -z -uall [19ms]
2025-08-08 20:02:04.282 [info] > git config --get commit.template [2ms]
2025-08-08 20:02:04.303 [info] > git for-each-ref --format=%(refname)%00%(upstream:short)%00%(objectname)%00%(upstream:track)%00%(upstream:remotename)%00%(upstream:remoteref) refs/heads/main refs/remotes/main [4ms]
2025-08-08 20:02:04.395 [info] > git for-each-ref --sort -committerdate --format %(refname)%00%(objectname)%00%(*objectname) [7ms]
2025-08-08 20:02:04.397 [info] > git status -z -uall [27ms]
2025-08-08 20:02:09.443 [info] > git config --get commit.template [22ms]
2025-08-08 20:02:09.444 [info] > git for-each-ref --format=%(refname)%00%(upstream:short)%00%(objectname)%00%(upstream:track)%00%(upstream:remotename)%00%(upstream:remoteref) refs/heads/main refs/remotes/main [3ms]
2025-08-08 20:02:09.474 [info] > git status -z -uall [14ms]
2025-08-08 20:02:09.474 [info] > git for-each-ref --sort -committerdate --format %(refname)%00%(objectname)%00%(*objectname) [3ms]
2025-08-08 20:02:14.514 [info] > git config --get commit.template [17ms]
2025-08-08 20:02:14.518 [info] > git for-each-ref --format=%(refname)%00%(upstream:short)%00%(objectname)%00%(upstream:track)%00%(upstream:remotename)%00%(upstream:remoteref) refs/heads/main refs/remotes/main [7ms]
2025-08-08 20:02:14.551 [info] > git status -z -uall [16ms]
2025-08-08 20:02:14.553 [info] > git for-each-ref --sort -committerdate --format %(refname)%00%(objectname)%00%(*objectname) [4ms]
2025-08-08 20:02:32.514 [info] > git config --get commit.template [14ms]
2025-08-08 20:02:32.519 [info] > git for-each-ref --format=%(refname)%00%(upstream:short)%00%(objectname)%00%(upstream:track)%00%(upstream:remotename)%00%(upstream:remoteref) refs/heads/main refs/remotes/main [6ms]
2025-08-08 20:02:32.564 [info] > git status -z -uall [27ms]
2025-08-08 20:02:32.567 [info] > git for-each-ref --sort -committerdate --format %(refname)%00%(objectname)%00%(*objectname) [16ms]
2025-08-08 20:02:37.602 [info] > git config --get commit.template [16ms]
2025-08-08 20:02:37.603 [info] > git for-each-ref --format=%(refname)%00%(upstream:short)%00%(objectname)%00%(upstream:track)%00%(upstream:remotename)%00%(upstream:remoteref) refs/heads/main refs/remotes/main [3ms]
2025-08-08 20:02:37.634 [info] > git status -z -uall [16ms]
2025-08-08 20:02:37.636 [info] > git for-each-ref --sort -committerdate --format %(refname)%00%(objectname)%00%(*objectname) [3ms]
2025-08-08 20:02:42.677 [info] > git config --get commit.template [17ms]
2025-08-08 20:02:42.678 [info] > git for-each-ref --format=%(refname)%00%(upstream:short)%00%(objectname)%00%(upstream:track)%00%(upstream:remotename)%00%(upstream:remoteref) refs/heads/main refs/remotes/main [2ms]
2025-08-08 20:02:42.717 [info] > git status -z -uall [19ms]
2025-08-08 20:02:42.719 [info] > git for-each-ref --sort -committerdate --format %(refname)%00%(objectname)%00%(*objectname) [4ms]
2025-08-08 20:03:11.002 [info] > git config --get commit.template [26ms]
2025-08-08 20:03:11.006 [info] > git for-each-ref --format=%(refname)%00%(upstream:short)%00%(objectname)%00%(upstream:track)%00%(upstream:remotename)%00%(upstream:remoteref) refs/heads/main refs/remotes/main [6ms]
2025-08-08 20:03:11.049 [info] > git status -z -uall [20ms]
2025-08-08 20:03:11.051 [info] > git for-each-ref --sort -committerdate --format %(refname)%00%(objectname)%00%(*objectname) [5ms]
2025-08-08 20:03:16.094 [info] > git config --get commit.template [17ms]
2025-08-08 20:03:16.095 [info] > git for-each-ref --format=%(refname)%00%(upstream:short)%00%(objectname)%00%(upstream:track)%00%(upstream:remotename)%00%(upstream:remoteref) refs/heads/main refs/remotes/main [3ms]
2025-08-08 20:03:16.131 [info] > git status -z -uall [18ms]
2025-08-08 20:03:16.133 [info] > git for-each-ref --sort -committerdate --format %(refname)%00%(objectname)%00%(*objectname) [4ms]
2025-08-08 20:06:39.374 [info] > git fetch [347ms]
2025-08-08 20:06:39.396 [info] > git config --get commit.template [3ms]
2025-08-08 20:06:39.415 [info] > git for-each-ref --format=%(refname)%00%(upstream:short)%00%(objectname)%00%(upstream:track)%00%(upstream:remotename)%00%(upstream:remoteref) refs/heads/main refs/remotes/main [3ms]
2025-08-08 20:06:39.449 [info] > git status -z -uall [17ms]
2025-08-08 20:06:39.451 [info] > git for-each-ref --sort -committerdate --format %(refname)%00%(objectname)%00%(*objectname) [4ms]
2025-08-08 20:06:41.158 [info] > git config --get commit.template [14ms]
2025-08-08 20:06:41.159 [info] > git for-each-ref --format=%(refname)%00%(upstream:short)%00%(objectname)%00%(upstream:track)%00%(upstream:remotename)%00%(upstream:remoteref) refs/heads/main refs/remotes/main [2ms]
2025-08-08 20:06:41.185 [info] > git for-each-ref --sort -committerdate --format %(refname)%00%(objectname)%00%(*objectname) [3ms]
2025-08-08 20:06:41.187 [info] > git status -z -uall [15ms]
