2025-08-10 13:55:01.453 [info] Log level: Info
2025-08-10 13:55:01.453 [info] VSCODE_MACHINE_ID: 10d3d877-fe56-442f-a117-f9035039c6e9
2025-08-10 13:55:01.453 [info] VSCODE_SESSION_ID: 18fd0fa4-fd2f-4ffa-ae32-1e3e8f43d9821754834080509
2025-08-10 13:55:01.453 [info] VSCODE_VERSION: 1.102.3
2025-08-10 13:55:01.453 [info] VSCODE_APP_NAME: Gitpod Code
2025-08-10 13:55:01.453 [info] VSCODE_APP_HOST: Gitpod
2025-08-10 13:55:01.453 [info] VSCODE_UI_KIND: web
2025-08-10 13:55:01.453 [info] GITPOD_WORKSPACE_CONTEXT_URL: https://github.com/Abdallah-Develop/Website-starter
2025-08-10 13:55:01.453 [info] GITPOD_INSTANCE_ID: ca23dfbd-9ee2-47a7-b45d-42083e4f2a87
2025-08-10 13:55:01.453 [info] GITPOD_WORKSPACE_URL: https://abdallahdev-websitestar-esjdme0laxn.ws-eu120.gitpod.io
2025-08-10 13:55:01.453 [info] Gitpod Web 3953e81
2025-08-10 13:55:01.453 [info] Reading sessions from keychain...
2025-08-10 13:55:02.691 [info] Got stored sessions!
2025-08-10 13:55:02.691 [info] Verified session with the following scopes: function:accessCodeSyncStorage function:closePort function:controlAdmission function:deleteEnvVar function:generateNewGitpodToken function:getDefaultWorkspaceImage function:getGitpodTokenScopes function:getIDToken function:getLoggedInUser function:getOpenPorts function:getSupportedWorkspaceClasses function:getTeams function:getToken function:getWorkspace function:getWorkspaceEnvVars function:getWorkspaceOwner function:getWorkspaceTimeout function:getWorkspaceUsers function:guessGitTokenScopes function:isWorkspaceOwner function:openPort function:sendHeartBeat function:setEnvVar function:setWorkspaceTimeout function:stopWorkspace function:takeSnapshot function:trackEvent function:updateGitStatus function:waitForSnapshot resource:contentBlob::*::create/get resource:envVar::*/**::update resource:envVar::*/*::update resource:envVar::Abdallah-Develop/Website-starter::create/get/update/delete resource:gitpodToken::*::create resource:snapshot::ws-abdallahdev-websitestar-esjdme0laxn::create resource:token::*::get resource:userStorage::*::create/get/update resource:workspace::abdallahdev-websitestar-esjdme0laxn::get/update resource:workspaceInstance::ca23dfbd-9ee2-47a7-b45d-42083e4f2a87::get/update/delete
2025-08-10 13:55:02.692 [info] Got 1 verified sessions.
2025-08-10 13:55:02.692 [info] Getting sessions for all scopes...
2025-08-10 13:55:02.692 [info] Getting GitHub sessions for all scopes...
2025-08-10 13:55:02.692 [info] Got 1 sessions for all scopes...
2025-08-10 13:55:05.777 [info] Got 1 GitHub sessions for all scopes...
2025-08-10 13:55:06.511 [info] Getting sessions for all scopes...
2025-08-10 13:55:06.511 [info] Got 1 sessions for all scopes...
2025-08-10 13:55:08.861 [info] Getting GitHub sessions for all scopes...
2025-08-10 13:55:08.861 [info] Got 1 GitHub sessions for all scopes...
2025-08-10 13:55:08.948 [info] Getting GitHub sessions for read:user,repo,user:email,workflow...
2025-08-10 13:55:08.948 [info] Got 0 GitHub sessions for read:user,repo,user:email,workflow...
2025-08-10 13:55:09.366 [info] Getting GitHub sessions for project,read:org,read:user,repo,user:email,workflow...
2025-08-10 13:55:09.366 [info] Got 0 GitHub sessions for project,read:org,read:user,repo,user:email,workflow...
2025-08-10 13:55:09.775 [info] Getting GitHub sessions for read:user,repo,user:email,workflow...
2025-08-10 13:55:09.775 [info] Got 0 GitHub sessions for read:user,repo,user:email,workflow...
2025-08-10 13:55:10.718 [info] Getting GitHub sessions for read:user,repo,user:email...
2025-08-10 13:55:10.718 [info] Got 0 GitHub sessions for read:user,repo,user:email...
2025-08-10 13:55:11.069 [info] Getting GitHub sessions for read:user,repo,user:email,workflow...
2025-08-10 13:55:11.070 [info] Got 0 GitHub sessions for read:user,repo,user:email,workflow...
2025-08-10 13:56:09.755 [info] Getting sessions for function:accessCodeSyncStorage...
2025-08-10 13:56:09.756 [info] Got 1 sessions for function:accessCodeSyncStorage...
2025-08-10 13:58:41.730 [info] Getting sessions for all scopes...
2025-08-10 13:58:41.730 [info] Getting GitHub sessions for all scopes...
2025-08-10 13:58:41.730 [info] Got 1 sessions for all scopes...
2025-08-10 13:58:41.730 [info] Got 1 GitHub sessions for all scopes...
2025-08-10 13:58:45.582 [info] Getting sessions for all scopes...
2025-08-10 13:58:45.582 [info] Getting GitHub sessions for all scopes...
2025-08-10 13:58:45.582 [info] Got 1 sessions for all scopes...
2025-08-10 13:58:45.582 [info] Got 1 GitHub sessions for all scopes...
2025-08-10 13:58:45.582 [info] Getting sessions for all scopes...
2025-08-10 13:58:45.582 [info] Getting GitHub sessions for all scopes...
2025-08-10 13:58:45.582 [info] Got 1 sessions for all scopes...
2025-08-10 13:58:45.582 [info] Got 1 GitHub sessions for all scopes...
