2025-08-08 23:07:02.273 [info] [main] Log level: Info
2025-08-08 23:07:02.273 [info] [main] Validating found git in: "git"
2025-08-08 23:07:02.273 [info] [main] Using git "2.49.0" from "git"
2025-08-08 23:07:02.273 [info] [Model][doInitialScan] Initial repository scan started
2025-08-08 23:07:02.273 [info] > git rev-parse --show-toplevel [4ms]
2025-08-08 23:07:02.273 [info] > git rev-parse --git-dir --git-common-dir [25ms]
2025-08-08 23:07:02.273 [info] [Model][openRepository] Opened repository (path): /workspace/Website-starter
2025-08-08 23:07:02.273 [info] [Model][openRepository] Opened repository (real path): /workspace/Website-starter
2025-08-08 23:07:02.273 [info] > git config --get commit.template [19ms]
2025-08-08 23:07:02.273 [info] > git rev-parse --show-toplevel [72ms]
2025-08-08 23:07:02.273 [info] > git for-each-ref --format=%(refname)%00%(upstream:short)%00%(objectname)%00%(upstream:track)%00%(upstream:remotename)%00%(upstream:remoteref) refs/heads/main refs/remotes/main [9ms]
2025-08-08 23:07:02.273 [info] > git rev-parse --show-toplevel [3ms]
2025-08-08 23:07:02.273 [info] > git rev-parse --show-toplevel [27ms]
2025-08-08 23:07:02.273 [info] > git for-each-ref --sort -committerdate --format %(refname)%00%(objectname)%00%(*objectname) [9ms]
2025-08-08 23:07:02.273 [info] > git rev-parse --show-toplevel [2ms]
2025-08-08 23:07:02.273 [info] > git status -z -uall [29ms]
2025-08-08 23:07:02.273 [info] > git rev-parse --show-toplevel [34ms]
2025-08-08 23:07:02.273 [info] > git config --get commit.template [5ms]
2025-08-08 23:07:02.273 [info] > git for-each-ref --format=%(refname)%00%(upstream:short)%00%(objectname)%00%(upstream:track)%00%(upstream:remotename)%00%(upstream:remoteref) refs/heads/main refs/remotes/main [12ms]
2025-08-08 23:07:02.273 [info] > git config --get --local branch.main.vscode-merge-base [17ms]
2025-08-08 23:07:02.273 [info] > git for-each-ref --format=%(refname)%00%(upstream:short)%00%(objectname)%00%(upstream:track)%00%(upstream:remotename)%00%(upstream:remoteref) refs/heads/main refs/remotes/main [13ms]
2025-08-08 23:07:02.273 [info] > git rev-parse --show-toplevel [20ms]
2025-08-08 23:07:02.273 [info] > git for-each-ref --format=%(refname)%00%(upstream:short)%00%(objectname)%00%(upstream:track)%00%(upstream:remotename)%00%(upstream:remoteref) refs/heads/origin/main refs/remotes/origin/main [7ms]
2025-08-08 23:07:02.273 [info] > git merge-base refs/heads/main refs/remotes/origin/main [9ms]
2025-08-08 23:07:02.273 [info] > git rev-parse --show-toplevel [21ms]
2025-08-08 23:07:02.273 [info] > git status -z -uall [38ms]
2025-08-08 23:07:02.273 [info] > git for-each-ref --sort -committerdate --format %(refname)%00%(objectname)%00%(*objectname) [32ms]
2025-08-08 23:07:02.273 [info] > git diff --name-status -z --diff-filter=ADMR 0d7a3a898007be1d8200d8db99d59472a2da8d06...refs/remotes/origin/main [57ms]
2025-08-08 23:07:02.273 [info] > git rev-parse --show-toplevel [18ms]
2025-08-08 23:07:02.273 [info] [Model][doInitialScan] Initial repository scan completed - repositories (1), closed repositories (0), parent repositories (0), unsafe repositories (0)
2025-08-08 23:07:02.273 [info] > git merge-base refs/heads/main refs/remotes/origin/main [2ms]
2025-08-08 23:07:02.273 [info] > git diff --name-status -z --diff-filter=ADMR 0d7a3a898007be1d8200d8db99d59472a2da8d06...refs/remotes/origin/main [4ms]
2025-08-08 23:07:02.273 [info] > git fetch [351ms]
2025-08-08 23:07:02.273 [info] > git config --get commit.template [6ms]
2025-08-08 23:07:02.273 [info] > git for-each-ref --format=%(refname)%00%(upstream:short)%00%(objectname)%00%(upstream:track)%00%(upstream:remotename)%00%(upstream:remoteref) refs/heads/main refs/remotes/main [17ms]
2025-08-08 23:07:02.273 [info] > git status -z -uall [27ms]
2025-08-08 23:07:02.273 [info] > git for-each-ref --sort -committerdate --format %(refname)%00%(objectname)%00%(*objectname) [21ms]
2025-08-08 23:07:02.858 [info] > git check-ignore -v -z --stdin [2ms]
2025-08-08 23:07:03.450 [info] > git check-ignore -v -z --stdin [2ms]
2025-08-08 23:07:05.619 [info] > git config --get commit.template [7ms]
2025-08-08 23:07:05.621 [info] > git for-each-ref --format=%(refname)%00%(upstream:short)%00%(objectname)%00%(upstream:track)%00%(upstream:remotename)%00%(upstream:remoteref) refs/heads/main refs/remotes/main [3ms]
2025-08-08 23:07:05.646 [info] > git status -z -uall [19ms]
2025-08-08 23:07:05.646 [info] > git show --textconv :src/assets/styles/global.css [7ms]
2025-08-08 23:07:05.647 [info] > git for-each-ref --sort -committerdate --format %(refname)%00%(objectname)%00%(*objectname) [15ms]
2025-08-08 23:07:05.653 [info] > git ls-files --stage -- src/assets/styles/global.css [8ms]
2025-08-08 23:07:05.662 [info] > git cat-file -s 50bf8db4d56518176564a94ccf94019947884767 [3ms]
2025-08-08 23:07:05.903 [info] > git ls-files --stage -- src/assets/styles/global.css [0ms]
2025-08-08 23:07:05.913 [info] > git cat-file -s 50bf8db4d56518176564a94ccf94019947884767 [2ms]
2025-08-08 23:07:06.371 [info] > git blame --root --incremental 0d7a3a898007be1d8200d8db99d59472a2da8d06 -- src/assets/styles/global.css [4ms]
2025-08-08 23:07:16.550 [info] > git config --get --local branch.main.github-pr-owner-number [2ms]
2025-08-08 23:07:16.551 [warning] [Git][config] git config failed: Failed to execute git
2025-08-08 23:07:19.771 [info] > git config --get commit.template [12ms]
2025-08-08 23:07:19.772 [info] > git for-each-ref --format=%(refname)%00%(upstream:short)%00%(objectname)%00%(upstream:track)%00%(upstream:remotename)%00%(upstream:remoteref) refs/heads/main refs/remotes/main [3ms]
2025-08-08 23:07:19.818 [info] > git status -z -uall [21ms]
2025-08-08 23:07:19.825 [info] > git for-each-ref --sort -committerdate --format %(refname)%00%(objectname)%00%(*objectname) [8ms]
2025-08-08 23:10:02.452 [info] > git fetch [343ms]
2025-08-08 23:10:02.475 [info] > git config --get commit.template [11ms]
2025-08-08 23:10:02.477 [info] > git for-each-ref --format=%(refname)%00%(upstream:short)%00%(objectname)%00%(upstream:track)%00%(upstream:remotename)%00%(upstream:remoteref) refs/heads/main refs/remotes/main [2ms]
2025-08-08 23:10:02.501 [info] > git status -z -uall [14ms]
2025-08-08 23:10:02.502 [info] > git for-each-ref --sort -committerdate --format %(refname)%00%(objectname)%00%(*objectname) [4ms]
2025-08-08 23:10:12.581 [info] > git config --get commit.template [12ms]
2025-08-08 23:10:12.582 [info] > git for-each-ref --format=%(refname)%00%(upstream:short)%00%(objectname)%00%(upstream:track)%00%(upstream:remotename)%00%(upstream:remoteref) refs/heads/main refs/remotes/main [2ms]
2025-08-08 23:10:12.607 [info] > git for-each-ref --sort -committerdate --format %(refname)%00%(objectname)%00%(*objectname) [3ms]
2025-08-08 23:10:12.608 [info] > git status -z -uall [15ms]
2025-08-08 23:10:14.190 [info] > git check-ignore -v -z --stdin [2ms]
2025-08-08 23:10:15.143 [info] > git show --textconv :src/components/ui/buttons/PrimaryCTA.astro [13ms]
2025-08-08 23:10:15.144 [info] > git ls-files --stage -- src/components/ui/buttons/PrimaryCTA.astro [2ms]
2025-08-08 23:10:15.158 [info] > git cat-file -s 17596086970dc70a2bdadfcfeb7c314eb7060c29 [2ms]
2025-08-08 23:10:15.895 [info] > git blame --root --incremental 0d7a3a898007be1d8200d8db99d59472a2da8d06 -- src/components/ui/buttons/PrimaryCTA.astro [4ms]
2025-08-08 23:10:26.564 [info] > git config --get commit.template [17ms]
2025-08-08 23:10:26.566 [info] > git for-each-ref --format=%(refname)%00%(upstream:short)%00%(objectname)%00%(upstream:track)%00%(upstream:remotename)%00%(upstream:remoteref) refs/heads/main refs/remotes/main [3ms]
2025-08-08 23:10:26.596 [info] > git for-each-ref --sort -committerdate --format %(refname)%00%(objectname)%00%(*objectname) [3ms]
2025-08-08 23:10:26.597 [info] > git status -z -uall [16ms]
2025-08-08 23:10:32.643 [info] > git config --get commit.template [11ms]
2025-08-08 23:10:32.645 [info] > git for-each-ref --format=%(refname)%00%(upstream:short)%00%(objectname)%00%(upstream:track)%00%(upstream:remotename)%00%(upstream:remoteref) refs/heads/main refs/remotes/main [3ms]
2025-08-08 23:10:32.668 [info] > git for-each-ref --sort -committerdate --format %(refname)%00%(objectname)%00%(*objectname) [3ms]
2025-08-08 23:10:32.670 [info] > git status -z -uall [15ms]
2025-08-08 23:10:37.687 [info] > git config --get commit.template [2ms]
2025-08-08 23:10:37.701 [info] > git for-each-ref --format=%(refname)%00%(upstream:short)%00%(objectname)%00%(upstream:track)%00%(upstream:remotename)%00%(upstream:remoteref) refs/heads/main refs/remotes/main [2ms]
2025-08-08 23:10:37.727 [info] > git status -z -uall [14ms]
2025-08-08 23:10:37.728 [info] > git for-each-ref --sort -committerdate --format %(refname)%00%(objectname)%00%(*objectname) [4ms]
2025-08-08 23:10:42.752 [info] > git config --get commit.template [10ms]
2025-08-08 23:10:42.753 [info] > git for-each-ref --format=%(refname)%00%(upstream:short)%00%(objectname)%00%(upstream:track)%00%(upstream:remotename)%00%(upstream:remoteref) refs/heads/main refs/remotes/main [2ms]
2025-08-08 23:10:42.774 [info] > git for-each-ref --sort -committerdate --format %(refname)%00%(objectname)%00%(*objectname) [2ms]
2025-08-08 23:10:42.778 [info] > git status -z -uall [15ms]
2025-08-08 23:10:47.803 [info] > git config --get commit.template [11ms]
2025-08-08 23:10:47.804 [info] > git for-each-ref --format=%(refname)%00%(upstream:short)%00%(objectname)%00%(upstream:track)%00%(upstream:remotename)%00%(upstream:remoteref) refs/heads/main refs/remotes/main [2ms]
2025-08-08 23:10:47.825 [info] > git for-each-ref --sort -committerdate --format %(refname)%00%(objectname)%00%(*objectname) [3ms]
2025-08-08 23:10:47.828 [info] > git status -z -uall [15ms]
2025-08-08 23:13:59.791 [info] > git fetch [325ms]
2025-08-08 23:13:59.813 [info] > git config --get commit.template [9ms]
2025-08-08 23:13:59.814 [info] > git for-each-ref --format=%(refname)%00%(upstream:short)%00%(objectname)%00%(upstream:track)%00%(upstream:remotename)%00%(upstream:remoteref) refs/heads/main refs/remotes/main [2ms]
2025-08-08 23:13:59.836 [info] > git for-each-ref --sort -committerdate --format %(refname)%00%(objectname)%00%(*objectname) [3ms]
2025-08-08 23:13:59.838 [info] > git status -z -uall [14ms]
2025-08-08 23:14:01.350 [info] > git config --get commit.template [14ms]
2025-08-08 23:14:01.352 [info] > git for-each-ref --format=%(refname)%00%(upstream:short)%00%(objectname)%00%(upstream:track)%00%(upstream:remotename)%00%(upstream:remoteref) refs/heads/main refs/remotes/main [3ms]
2025-08-08 23:14:01.373 [info] > git for-each-ref --sort -committerdate --format %(refname)%00%(objectname)%00%(*objectname) [2ms]
2025-08-08 23:14:01.377 [info] > git status -z -uall [14ms]
2025-08-08 23:14:04.126 [info] > git ls-files --stage -- src/components/ui/buttons/PrimaryCTA.astro [2ms]
2025-08-08 23:14:04.138 [info] > git cat-file -s 17596086970dc70a2bdadfcfeb7c314eb7060c29 [2ms]
2025-08-08 23:14:04.873 [info] > git show --textconv :src/components/ui/buttons/PrimaryCTA.astro [3ms]
2025-08-08 23:15:03.235 [info] > git show --textconv :src/assets/styles/global.css [13ms]
2025-08-08 23:15:03.236 [info] > git ls-files --stage -- src/assets/styles/global.css [2ms]
2025-08-08 23:15:03.250 [info] > git cat-file -s 50bf8db4d56518176564a94ccf94019947884767 [2ms]
2025-08-08 23:15:07.595 [info] > git show --textconv :src/components/ui/buttons/PrimaryCTA.astro [14ms]
2025-08-08 23:15:07.596 [info] > git ls-files --stage -- src/components/ui/buttons/PrimaryCTA.astro [2ms]
2025-08-08 23:15:07.611 [info] > git cat-file -s 17596086970dc70a2bdadfcfeb7c314eb7060c29 [3ms]
2025-08-08 23:15:23.862 [info] > git show --textconv :src/assets/styles/global.css [13ms]
2025-08-08 23:15:23.864 [info] > git ls-files --stage -- src/assets/styles/global.css [2ms]
2025-08-08 23:15:23.879 [info] > git cat-file -s 50bf8db4d56518176564a94ccf94019947884767 [3ms]
2025-08-08 23:15:37.329 [info] > git show --textconv :src/components/ui/buttons/PrimaryCTA.astro [16ms]
2025-08-08 23:15:37.330 [info] > git ls-files --stage -- src/components/ui/buttons/PrimaryCTA.astro [2ms]
2025-08-08 23:15:37.348 [info] > git cat-file -s 17596086970dc70a2bdadfcfeb7c314eb7060c29 [2ms]
2025-08-08 23:15:38.741 [info] > git show --textconv :src/assets/styles/global.css [11ms]
2025-08-08 23:15:38.742 [info] > git ls-files --stage -- src/assets/styles/global.css [2ms]
2025-08-08 23:15:38.755 [info] > git cat-file -s 50bf8db4d56518176564a94ccf94019947884767 [2ms]
2025-08-08 23:15:47.836 [info] > git show --textconv :src/components/ui/buttons/PrimaryCTA.astro [14ms]
2025-08-08 23:15:47.837 [info] > git ls-files --stage -- src/components/ui/buttons/PrimaryCTA.astro [4ms]
2025-08-08 23:15:47.850 [info] > git cat-file -s 17596086970dc70a2bdadfcfeb7c314eb7060c29 [2ms]
2025-08-08 23:16:26.312 [info] > git config --get commit.template [11ms]
2025-08-08 23:16:26.314 [info] > git for-each-ref --format=%(refname)%00%(upstream:short)%00%(objectname)%00%(upstream:track)%00%(upstream:remotename)%00%(upstream:remoteref) refs/heads/main refs/remotes/main [3ms]
2025-08-08 23:16:26.339 [info] > git for-each-ref --sort -committerdate --format %(refname)%00%(objectname)%00%(*objectname) [4ms]
2025-08-08 23:16:26.340 [info] > git status -z -uall [16ms]
2025-08-08 23:16:33.092 [info] > git config --get commit.template [2ms]
2025-08-08 23:16:33.106 [info] > git for-each-ref --format=%(refname)%00%(upstream:short)%00%(objectname)%00%(upstream:track)%00%(upstream:remotename)%00%(upstream:remoteref) refs/heads/main refs/remotes/main [2ms]
2025-08-08 23:16:33.133 [info] > git status -z -uall [15ms]
2025-08-08 23:16:33.133 [info] > git for-each-ref --sort -committerdate --format %(refname)%00%(objectname)%00%(*objectname) [4ms]
2025-08-08 23:16:46.064 [info] > git config --get commit.template [12ms]
2025-08-08 23:16:46.066 [info] > git for-each-ref --format=%(refname)%00%(upstream:short)%00%(objectname)%00%(upstream:track)%00%(upstream:remotename)%00%(upstream:remoteref) refs/heads/main refs/remotes/main [2ms]
2025-08-08 23:16:46.093 [info] > git for-each-ref --sort -committerdate --format %(refname)%00%(objectname)%00%(*objectname) [4ms]
2025-08-08 23:16:46.094 [info] > git status -z -uall [16ms]
2025-08-08 23:16:58.357 [info] > git config --get commit.template [13ms]
2025-08-08 23:16:58.359 [info] > git for-each-ref --format=%(refname)%00%(upstream:short)%00%(objectname)%00%(upstream:track)%00%(upstream:remotename)%00%(upstream:remoteref) refs/heads/main refs/remotes/main [3ms]
2025-08-08 23:16:58.388 [info] > git status -z -uall [17ms]
2025-08-08 23:16:58.390 [info] > git for-each-ref --sort -committerdate --format %(refname)%00%(objectname)%00%(*objectname) [3ms]
2025-08-08 23:17:00.190 [info] > git fetch [335ms]
2025-08-08 23:17:00.211 [info] > git config --get commit.template [10ms]
2025-08-08 23:17:00.214 [info] > git for-each-ref --format=%(refname)%00%(upstream:short)%00%(objectname)%00%(upstream:track)%00%(upstream:remotename)%00%(upstream:remoteref) refs/heads/main refs/remotes/main [3ms]
2025-08-08 23:17:00.243 [info] > git status -z -uall [16ms]
2025-08-08 23:17:00.244 [info] > git for-each-ref --sort -committerdate --format %(refname)%00%(objectname)%00%(*objectname) [4ms]
2025-08-08 23:17:02.449 [info] > git ls-files --stage -- src/components/ui/buttons/PrimaryCTA.astro [2ms]
2025-08-08 23:17:02.460 [info] > git cat-file -s 17596086970dc70a2bdadfcfeb7c314eb7060c29 [2ms]
2025-08-08 23:17:03.172 [info] > git show --textconv :src/components/ui/buttons/PrimaryCTA.astro [2ms]
2025-08-08 23:17:03.416 [info] > git config --get commit.template [11ms]
2025-08-08 23:17:03.418 [info] > git for-each-ref --format=%(refname)%00%(upstream:short)%00%(objectname)%00%(upstream:track)%00%(upstream:remotename)%00%(upstream:remoteref) refs/heads/main refs/remotes/main [3ms]
2025-08-08 23:17:03.445 [info] > git status -z -uall [15ms]
2025-08-08 23:17:03.445 [info] > git for-each-ref --sort -committerdate --format %(refname)%00%(objectname)%00%(*objectname) [3ms]
2025-08-08 23:17:19.858 [info] > git config --get commit.template [10ms]
2025-08-08 23:17:19.860 [info] > git for-each-ref --format=%(refname)%00%(upstream:short)%00%(objectname)%00%(upstream:track)%00%(upstream:remotename)%00%(upstream:remoteref) refs/heads/main refs/remotes/main [3ms]
2025-08-08 23:17:19.883 [info] > git for-each-ref --sort -committerdate --format %(refname)%00%(objectname)%00%(*objectname) [3ms]
2025-08-08 23:17:19.885 [info] > git status -z -uall [17ms]
2025-08-08 23:17:24.912 [info] > git config --get commit.template [13ms]
2025-08-08 23:17:24.914 [info] > git for-each-ref --format=%(refname)%00%(upstream:short)%00%(objectname)%00%(upstream:track)%00%(upstream:remotename)%00%(upstream:remoteref) refs/heads/main refs/remotes/main [3ms]
2025-08-08 23:17:24.944 [info] > git status -z -uall [18ms]
2025-08-08 23:17:24.944 [info] > git for-each-ref --sort -committerdate --format %(refname)%00%(objectname)%00%(*objectname) [4ms]
2025-08-08 23:17:29.974 [info] > git config --get commit.template [13ms]
2025-08-08 23:17:29.976 [info] > git for-each-ref --format=%(refname)%00%(upstream:short)%00%(objectname)%00%(upstream:track)%00%(upstream:remotename)%00%(upstream:remoteref) refs/heads/main refs/remotes/main [3ms]
2025-08-08 23:17:29.999 [info] > git for-each-ref --sort -committerdate --format %(refname)%00%(objectname)%00%(*objectname) [3ms]
2025-08-08 23:17:30.002 [info] > git status -z -uall [15ms]
2025-08-08 23:17:35.030 [info] > git config --get commit.template [12ms]
2025-08-08 23:17:35.032 [info] > git for-each-ref --format=%(refname)%00%(upstream:short)%00%(objectname)%00%(upstream:track)%00%(upstream:remotename)%00%(upstream:remoteref) refs/heads/main refs/remotes/main [2ms]
2025-08-08 23:17:35.058 [info] > git status -z -uall [14ms]
2025-08-08 23:17:35.059 [info] > git for-each-ref --sort -committerdate --format %(refname)%00%(objectname)%00%(*objectname) [3ms]
2025-08-08 23:18:14.204 [info] > git config --get commit.template [14ms]
2025-08-08 23:18:14.206 [info] > git for-each-ref --format=%(refname)%00%(upstream:short)%00%(objectname)%00%(upstream:track)%00%(upstream:remotename)%00%(upstream:remoteref) refs/heads/main refs/remotes/main [3ms]
2025-08-08 23:18:14.231 [info] > git status -z -uall [14ms]
2025-08-08 23:18:14.232 [info] > git for-each-ref --sort -committerdate --format %(refname)%00%(objectname)%00%(*objectname) [4ms]
2025-08-08 23:18:49.613 [info] > git check-ignore -v -z --stdin [3ms]
2025-08-08 23:18:51.015 [info] > git show --textconv :src/components/sections/landing/HeroSection.astro [14ms]
2025-08-08 23:18:51.016 [info] > git ls-files --stage -- src/components/sections/landing/HeroSection.astro [3ms]
2025-08-08 23:18:51.030 [info] > git cat-file -s 651d4ec772e9f1908a9a04cbe4abb909827b9701 [2ms]
2025-08-08 23:18:51.497 [info] > git blame --root --incremental 0d7a3a898007be1d8200d8db99d59472a2da8d06 -- src/components/sections/landing/HeroSection.astro [4ms]
2025-08-08 23:18:56.943 [info] > git config --get commit.template [2ms]
2025-08-08 23:18:56.958 [info] > git for-each-ref --format=%(refname)%00%(upstream:short)%00%(objectname)%00%(upstream:track)%00%(upstream:remotename)%00%(upstream:remoteref) refs/heads/main refs/remotes/main [2ms]
2025-08-08 23:18:56.982 [info] > git for-each-ref --sort -committerdate --format %(refname)%00%(objectname)%00%(*objectname) [3ms]
2025-08-08 23:18:56.982 [info] > git status -z -uall [14ms]
2025-08-08 23:19:02.011 [info] > git config --get commit.template [13ms]
2025-08-08 23:19:02.012 [info] > git for-each-ref --format=%(refname)%00%(upstream:short)%00%(objectname)%00%(upstream:track)%00%(upstream:remotename)%00%(upstream:remoteref) refs/heads/main refs/remotes/main [3ms]
2025-08-08 23:19:02.034 [info] > git for-each-ref --sort -committerdate --format %(refname)%00%(objectname)%00%(*objectname) [3ms]
2025-08-08 23:19:02.037 [info] > git status -z -uall [15ms]
2025-08-08 23:19:07.053 [info] > git config --get commit.template [2ms]
2025-08-08 23:19:07.067 [info] > git for-each-ref --format=%(refname)%00%(upstream:short)%00%(objectname)%00%(upstream:track)%00%(upstream:remotename)%00%(upstream:remoteref) refs/heads/main refs/remotes/main [3ms]
2025-08-08 23:19:07.093 [info] > git for-each-ref --sort -committerdate --format %(refname)%00%(objectname)%00%(*objectname) [3ms]
2025-08-08 23:19:07.094 [info] > git status -z -uall [15ms]
2025-08-08 23:19:20.820 [info] > git show --textconv :src/components/ui/buttons/PrimaryCTA.astro [10ms]
2025-08-08 23:19:20.821 [info] > git ls-files --stage -- src/components/ui/buttons/PrimaryCTA.astro [2ms]
2025-08-08 23:19:20.832 [info] > git cat-file -s 17596086970dc70a2bdadfcfeb7c314eb7060c29 [2ms]
2025-08-08 23:19:57.969 [info] > git config --get commit.template [12ms]
2025-08-08 23:19:57.970 [info] > git for-each-ref --format=%(refname)%00%(upstream:short)%00%(objectname)%00%(upstream:track)%00%(upstream:remotename)%00%(upstream:remoteref) refs/heads/main refs/remotes/main [2ms]
2025-08-08 23:19:57.996 [info] > git status -z -uall [14ms]
2025-08-08 23:19:57.996 [info] > git for-each-ref --sort -committerdate --format %(refname)%00%(objectname)%00%(*objectname) [3ms]
2025-08-08 23:20:00.592 [info] > git fetch [336ms]
2025-08-08 23:20:00.613 [info] > git config --get commit.template [9ms]
2025-08-08 23:20:00.615 [info] > git for-each-ref --format=%(refname)%00%(upstream:short)%00%(objectname)%00%(upstream:track)%00%(upstream:remotename)%00%(upstream:remoteref) refs/heads/main refs/remotes/main [2ms]
2025-08-08 23:20:00.636 [info] > git for-each-ref --sort -committerdate --format %(refname)%00%(objectname)%00%(*objectname) [3ms]
2025-08-08 23:20:00.639 [info] > git status -z -uall [14ms]
2025-08-08 23:20:02.285 [info] > git ls-files --stage -- src/components/ui/buttons/PrimaryCTA.astro [2ms]
2025-08-08 23:20:02.299 [info] > git cat-file -s 17596086970dc70a2bdadfcfeb7c314eb7060c29 [2ms]
2025-08-08 23:20:02.514 [info] > git show --textconv :src/components/ui/buttons/PrimaryCTA.astro [2ms]
2025-08-08 23:20:03.029 [info] > git config --get commit.template [15ms]
2025-08-08 23:20:03.029 [info] > git for-each-ref --format=%(refname)%00%(upstream:short)%00%(objectname)%00%(upstream:track)%00%(upstream:remotename)%00%(upstream:remoteref) refs/heads/main refs/remotes/main [2ms]
2025-08-08 23:20:03.051 [info] > git for-each-ref --sort -committerdate --format %(refname)%00%(objectname)%00%(*objectname) [3ms]
2025-08-08 23:20:03.054 [info] > git status -z -uall [15ms]
2025-08-08 23:20:08.287 [info] > git config --get commit.template [12ms]
2025-08-08 23:20:08.289 [info] > git for-each-ref --format=%(refname)%00%(upstream:short)%00%(objectname)%00%(upstream:track)%00%(upstream:remotename)%00%(upstream:remoteref) refs/heads/main refs/remotes/main [3ms]
2025-08-08 23:20:08.315 [info] > git status -z -uall [15ms]
2025-08-08 23:20:08.316 [info] > git for-each-ref --sort -committerdate --format %(refname)%00%(objectname)%00%(*objectname) [4ms]
2025-08-08 23:22:28.894 [info] > git config --get commit.template [3ms]
2025-08-08 23:22:28.907 [info] > git for-each-ref --format=%(refname)%00%(upstream:short)%00%(objectname)%00%(upstream:track)%00%(upstream:remotename)%00%(upstream:remoteref) refs/heads/main refs/remotes/main [2ms]
2025-08-08 23:22:28.932 [info] > git for-each-ref --sort -committerdate --format %(refname)%00%(objectname)%00%(*objectname) [3ms]
2025-08-08 23:22:28.933 [info] > git status -z -uall [15ms]
2025-08-08 23:23:00.984 [info] > git fetch [332ms]
2025-08-08 23:23:01.007 [info] > git config --get commit.template [11ms]
2025-08-08 23:23:01.009 [info] > git for-each-ref --format=%(refname)%00%(upstream:short)%00%(objectname)%00%(upstream:track)%00%(upstream:remotename)%00%(upstream:remoteref) refs/heads/main refs/remotes/main [3ms]
2025-08-08 23:23:01.034 [info] > git for-each-ref --sort -committerdate --format %(refname)%00%(objectname)%00%(*objectname) [3ms]
2025-08-08 23:23:01.035 [info] > git status -z -uall [15ms]
2025-08-08 23:23:02.252 [info] > git config --get commit.template [10ms]
2025-08-08 23:23:02.255 [info] > git for-each-ref --format=%(refname)%00%(upstream:short)%00%(objectname)%00%(upstream:track)%00%(upstream:remotename)%00%(upstream:remoteref) refs/heads/main refs/remotes/main [2ms]
2025-08-08 23:23:02.278 [info] > git for-each-ref --sort -committerdate --format %(refname)%00%(objectname)%00%(*objectname) [3ms]
2025-08-08 23:23:02.279 [info] > git status -z -uall [15ms]
2025-08-08 23:23:02.780 [info] > git ls-files --stage -- src/components/ui/buttons/PrimaryCTA.astro [2ms]
2025-08-08 23:23:02.791 [info] > git cat-file -s 17596086970dc70a2bdadfcfeb7c314eb7060c29 [2ms]
2025-08-08 23:23:03.046 [info] > git show --textconv :src/components/ui/buttons/PrimaryCTA.astro [2ms]
2025-08-08 23:23:12.286 [info] > git config --get commit.template [11ms]
2025-08-08 23:23:12.287 [info] > git for-each-ref --format=%(refname)%00%(upstream:short)%00%(objectname)%00%(upstream:track)%00%(upstream:remotename)%00%(upstream:remoteref) refs/heads/main refs/remotes/main [2ms]
2025-08-08 23:23:12.316 [info] > git status -z -uall [17ms]
2025-08-08 23:23:12.317 [info] > git for-each-ref --sort -committerdate --format %(refname)%00%(objectname)%00%(*objectname) [4ms]
2025-08-08 23:23:46.797 [info] > git config --get commit.template [11ms]
2025-08-08 23:23:46.799 [info] > git for-each-ref --format=%(refname)%00%(upstream:short)%00%(objectname)%00%(upstream:track)%00%(upstream:remotename)%00%(upstream:remoteref) refs/heads/main refs/remotes/main [2ms]
2025-08-08 23:23:46.825 [info] > git status -z -uall [14ms]
2025-08-08 23:23:46.825 [info] > git for-each-ref --sort -committerdate --format %(refname)%00%(objectname)%00%(*objectname) [3ms]
2025-08-08 23:23:51.850 [info] > git config --get commit.template [11ms]
2025-08-08 23:23:51.851 [info] > git for-each-ref --format=%(refname)%00%(upstream:short)%00%(objectname)%00%(upstream:track)%00%(upstream:remotename)%00%(upstream:remoteref) refs/heads/main refs/remotes/main [3ms]
2025-08-08 23:23:51.876 [info] > git for-each-ref --sort -committerdate --format %(refname)%00%(objectname)%00%(*objectname) [4ms]
2025-08-08 23:23:51.877 [info] > git status -z -uall [15ms]
2025-08-08 23:23:56.905 [info] > git config --get commit.template [12ms]
2025-08-08 23:23:56.907 [info] > git for-each-ref --format=%(refname)%00%(upstream:short)%00%(objectname)%00%(upstream:track)%00%(upstream:remotename)%00%(upstream:remoteref) refs/heads/main refs/remotes/main [3ms]
2025-08-08 23:23:56.934 [info] > git for-each-ref --sort -committerdate --format %(refname)%00%(objectname)%00%(*objectname) [4ms]
2025-08-08 23:23:56.935 [info] > git status -z -uall [17ms]
2025-08-08 23:24:01.953 [info] > git config --get commit.template [2ms]
2025-08-08 23:24:01.967 [info] > git for-each-ref --format=%(refname)%00%(upstream:short)%00%(objectname)%00%(upstream:track)%00%(upstream:remotename)%00%(upstream:remoteref) refs/heads/main refs/remotes/main [3ms]
2025-08-08 23:24:01.991 [info] > git for-each-ref --sort -committerdate --format %(refname)%00%(objectname)%00%(*objectname) [4ms]
2025-08-08 23:24:01.992 [info] > git status -z -uall [14ms]
2025-08-08 23:24:23.350 [info] > git config --get commit.template [14ms]
2025-08-08 23:24:23.352 [info] > git for-each-ref --format=%(refname)%00%(upstream:short)%00%(objectname)%00%(upstream:track)%00%(upstream:remotename)%00%(upstream:remoteref) refs/heads/main refs/remotes/main [2ms]
2025-08-08 23:24:23.383 [info] > git for-each-ref --sort -committerdate --format %(refname)%00%(objectname)%00%(*objectname) [4ms]
2025-08-08 23:24:23.392 [info] > git status -z -uall [26ms]
2025-08-08 23:24:46.694 [info] > git config --get commit.template [30ms]
2025-08-08 23:24:46.695 [info] > git for-each-ref --format=%(refname)%00%(upstream:short)%00%(objectname)%00%(upstream:track)%00%(upstream:remotename)%00%(upstream:remoteref) refs/heads/main refs/remotes/main [19ms]
2025-08-08 23:24:46.720 [info] > git for-each-ref --sort -committerdate --format %(refname)%00%(objectname)%00%(*objectname) [3ms]
2025-08-08 23:24:46.721 [info] > git status -z -uall [14ms]
2025-08-08 23:25:50.742 [info] > git config --get commit.template [17ms]
2025-08-08 23:25:50.745 [info] > git for-each-ref --format=%(refname)%00%(upstream:short)%00%(objectname)%00%(upstream:track)%00%(upstream:remotename)%00%(upstream:remoteref) refs/heads/main refs/remotes/main [4ms]
2025-08-08 23:25:50.778 [info] > git for-each-ref --sort -committerdate --format %(refname)%00%(objectname)%00%(*objectname) [4ms]
2025-08-08 23:25:50.785 [info] > git status -z -uall [23ms]
2025-08-08 23:26:01.599 [info] > git fetch [550ms]
2025-08-08 23:26:01.626 [info] > git config --get commit.template [13ms]
2025-08-08 23:26:01.629 [info] > git for-each-ref --format=%(refname)%00%(upstream:short)%00%(objectname)%00%(upstream:track)%00%(upstream:remotename)%00%(upstream:remoteref) refs/heads/main refs/remotes/main [3ms]
2025-08-08 23:26:01.655 [info] > git for-each-ref --sort -committerdate --format %(refname)%00%(objectname)%00%(*objectname) [3ms]
2025-08-08 23:26:01.656 [info] > git status -z -uall [15ms]
2025-08-08 23:26:02.830 [info] > git config --get commit.template [14ms]
2025-08-08 23:26:02.831 [info] > git for-each-ref --format=%(refname)%00%(upstream:short)%00%(objectname)%00%(upstream:track)%00%(upstream:remotename)%00%(upstream:remoteref) refs/heads/main refs/remotes/main [2ms]
2025-08-08 23:26:02.859 [info] > git for-each-ref --sort -committerdate --format %(refname)%00%(objectname)%00%(*objectname) [3ms]
2025-08-08 23:26:02.863 [info] > git status -z -uall [20ms]
2025-08-08 23:26:03.276 [info] > git ls-files --stage -- src/components/ui/buttons/PrimaryCTA.astro [2ms]
2025-08-08 23:26:03.289 [info] > git cat-file -s 17596086970dc70a2bdadfcfeb7c314eb7060c29 [2ms]
2025-08-08 23:26:03.665 [info] > git show --textconv :src/components/ui/buttons/PrimaryCTA.astro [3ms]
2025-08-08 23:26:48.263 [info] > git config --get commit.template [14ms]
2025-08-08 23:26:48.264 [info] > git for-each-ref --format=%(refname)%00%(upstream:short)%00%(objectname)%00%(upstream:track)%00%(upstream:remotename)%00%(upstream:remoteref) refs/heads/main refs/remotes/main [3ms]
2025-08-08 23:26:48.293 [info] > git for-each-ref --sort -committerdate --format %(refname)%00%(objectname)%00%(*objectname) [3ms]
2025-08-08 23:26:48.295 [info] > git status -z -uall [18ms]
