2025-08-09 15:29:57.114 [info] Log level: Info
2025-08-09 15:29:57.290 [info] VSCODE_MACHINE_ID: 10d3d877-fe56-442f-a117-f9035039c6e9
2025-08-09 15:29:57.290 [info] VSCODE_SESSION_ID: b4c73e66-6ef3-4fcf-bae7-b7f20c3340d91754753387452
2025-08-09 15:29:57.290 [info] VSCODE_VERSION: 1.102.3
2025-08-09 15:29:57.290 [info] VSCODE_APP_NAME: Gitpod Code
2025-08-09 15:29:57.290 [info] VSCODE_APP_HOST: Gitpod
2025-08-09 15:29:57.290 [info] VSCODE_UI_KIND: web
2025-08-09 15:29:57.290 [info] GITPOD_WORKSPACE_CONTEXT_URL: https://github.com/Abdallah-Develop/Website-starter
2025-08-09 15:29:57.290 [info] GITPOD_INSTANCE_ID: b59029ac-1008-4582-9739-2f9f6ca07115
2025-08-09 15:29:57.290 [info] GITPOD_WORKSPACE_URL: https://abdallahdev-websitestar-esjdme0laxn.ws-eu120.gitpod.io
2025-08-09 15:29:57.296 [info] Gitpod Web 3953e81
2025-08-09 15:29:57.296 [info] Reading sessions from keychain...
2025-08-09 15:29:59.203 [info] Got stored sessions!
2025-08-09 15:29:59.203 [info] Verified session with the following scopes: function:accessCodeSyncStorage function:closePort function:controlAdmission function:deleteEnvVar function:generateNewGitpodToken function:getDefaultWorkspaceImage function:getGitpodTokenScopes function:getIDToken function:getLoggedInUser function:getOpenPorts function:getSupportedWorkspaceClasses function:getTeams function:getToken function:getWorkspace function:getWorkspaceEnvVars function:getWorkspaceOwner function:getWorkspaceTimeout function:getWorkspaceUsers function:guessGitTokenScopes function:isWorkspaceOwner function:openPort function:sendHeartBeat function:setEnvVar function:setWorkspaceTimeout function:stopWorkspace function:takeSnapshot function:trackEvent function:updateGitStatus function:waitForSnapshot resource:contentBlob::*::create/get resource:envVar::*/**::update resource:envVar::*/*::update resource:envVar::Abdallah-Develop/Website-starter::create/get/update/delete resource:gitpodToken::*::create resource:snapshot::ws-abdallahdev-websitestar-esjdme0laxn::create resource:token::*::get resource:userStorage::*::create/get/update resource:workspace::abdallahdev-websitestar-esjdme0laxn::get/update resource:workspaceInstance::b59029ac-1008-4582-9739-2f9f6ca07115::get/update/delete
2025-08-09 15:29:59.204 [info] Got 1 verified sessions.
2025-08-09 15:29:59.204 [info] Getting sessions for all scopes...
2025-08-09 15:29:59.204 [info] Getting GitHub sessions for all scopes...
2025-08-09 15:29:59.204 [info] Got 1 sessions for all scopes...
2025-08-09 15:29:59.204 [info] Getting sessions for all scopes...
2025-08-09 15:29:59.204 [info] Got 1 sessions for all scopes...
2025-08-09 15:29:59.204 [info] Getting sessions for all scopes...
2025-08-09 15:29:59.204 [info] Got 1 sessions for all scopes...
2025-08-09 15:30:01.391 [info] Got 1 GitHub sessions for all scopes...
2025-08-09 15:30:01.667 [info] Getting GitHub sessions for all scopes...
2025-08-09 15:30:01.667 [info] Getting sessions for all scopes...
2025-08-09 15:30:01.667 [info] Got 1 GitHub sessions for all scopes...
2025-08-09 15:30:01.667 [info] Got 1 sessions for all scopes...
2025-08-09 15:30:01.667 [info] Getting GitHub sessions for all scopes...
2025-08-09 15:30:01.667 [info] Got 1 GitHub sessions for all scopes...
2025-08-09 15:30:03.697 [info] Getting GitHub sessions for all scopes...
2025-08-09 15:30:03.697 [info] Got 1 GitHub sessions for all scopes...
2025-08-09 15:30:03.698 [info] Getting sessions for all scopes...
2025-08-09 15:30:03.698 [info] Getting GitHub sessions for all scopes...
2025-08-09 15:30:03.698 [info] Got 1 sessions for all scopes...
2025-08-09 15:30:03.698 [info] Got 1 GitHub sessions for all scopes...
2025-08-09 15:30:04.820 [info] Getting sessions for all scopes...
2025-08-09 15:30:04.820 [info] Getting GitHub sessions for all scopes...
2025-08-09 15:30:04.820 [info] Got 1 sessions for all scopes...
2025-08-09 15:30:04.821 [info] Got 1 GitHub sessions for all scopes...
2025-08-09 15:30:04.834 [info] Getting GitHub sessions for read:user,repo,user:email,workflow...
2025-08-09 15:30:04.834 [info] Got 0 GitHub sessions for read:user,repo,user:email,workflow...
2025-08-09 15:30:05.150 [info] Getting sessions for all scopes...
2025-08-09 15:30:05.150 [info] Getting GitHub sessions for all scopes...
2025-08-09 15:30:05.150 [info] Got 1 sessions for all scopes...
2025-08-09 15:30:05.150 [info] Got 1 GitHub sessions for all scopes...
2025-08-09 15:30:05.225 [info] Getting GitHub sessions for project,read:org,read:user,repo,user:email,workflow...
2025-08-09 15:30:05.226 [info] Got 0 GitHub sessions for project,read:org,read:user,repo,user:email,workflow...
2025-08-09 15:30:05.308 [info] Getting sessions for function:accessCodeSyncStorage...
2025-08-09 15:30:05.309 [info] Got 1 sessions for function:accessCodeSyncStorage...
2025-08-09 15:30:05.399 [info] Getting sessions for all scopes...
2025-08-09 15:30:05.399 [info] Getting GitHub sessions for all scopes...
2025-08-09 15:30:05.399 [info] Got 1 sessions for all scopes...
2025-08-09 15:30:05.399 [info] Got 1 GitHub sessions for all scopes...
2025-08-09 15:30:05.908 [info] Getting sessions for all scopes...
2025-08-09 15:30:05.908 [info] Getting GitHub sessions for all scopes...
2025-08-09 15:30:05.908 [info] Got 1 sessions for all scopes...
2025-08-09 15:30:05.908 [info] Got 1 GitHub sessions for all scopes...
2025-08-09 15:30:06.546 [info] Getting GitHub sessions for read:user,repo,user:email,workflow...
2025-08-09 15:30:06.546 [info] Got 0 GitHub sessions for read:user,repo,user:email,workflow...
2025-08-09 15:30:06.657 [info] Getting sessions for all scopes...
2025-08-09 15:30:06.657 [info] Getting GitHub sessions for all scopes...
2025-08-09 15:30:06.657 [info] Got 1 sessions for all scopes...
2025-08-09 15:30:06.657 [info] Got 1 GitHub sessions for all scopes...
2025-08-09 15:30:08.028 [info] Getting sessions for all scopes...
2025-08-09 15:30:08.028 [info] Getting GitHub sessions for all scopes...
2025-08-09 15:30:08.028 [info] Got 1 sessions for all scopes...
2025-08-09 15:30:08.028 [info] Got 1 GitHub sessions for all scopes...
2025-08-09 15:30:08.725 [info] Getting sessions for all scopes...
2025-08-09 15:30:08.725 [info] Getting GitHub sessions for all scopes...
2025-08-09 15:30:08.725 [info] Got 1 sessions for all scopes...
2025-08-09 15:30:08.725 [info] Got 1 GitHub sessions for all scopes...
2025-08-09 15:30:08.762 [info] Getting GitHub sessions for read:user,repo,user:email...
2025-08-09 15:30:08.762 [info] Got 0 GitHub sessions for read:user,repo,user:email...
2025-08-09 15:30:10.063 [info] Getting GitHub sessions for read:user,repo,user:email,workflow...
2025-08-09 15:30:10.063 [info] Got 0 GitHub sessions for read:user,repo,user:email,workflow...
2025-08-09 15:30:10.156 [info] Getting sessions for all scopes...
2025-08-09 15:30:10.156 [info] Getting GitHub sessions for all scopes...
2025-08-09 15:30:10.156 [info] Got 1 sessions for all scopes...
2025-08-09 15:30:10.156 [info] Got 1 GitHub sessions for all scopes...
2025-08-09 15:30:10.299 [info] Getting sessions for all scopes...
2025-08-09 15:30:10.299 [info] Getting GitHub sessions for all scopes...
2025-08-09 15:30:10.299 [info] Got 1 sessions for all scopes...
2025-08-09 15:30:10.299 [info] Got 1 GitHub sessions for all scopes...
2025-08-09 15:30:11.507 [info] Getting sessions for all scopes...
2025-08-09 15:30:11.507 [info] Getting GitHub sessions for all scopes...
2025-08-09 15:30:11.508 [info] Got 1 sessions for all scopes...
2025-08-09 15:30:11.508 [info] Got 1 GitHub sessions for all scopes...
2025-08-09 15:30:11.508 [info] Getting sessions for all scopes...
2025-08-09 15:30:11.508 [info] Getting GitHub sessions for all scopes...
2025-08-09 15:30:11.508 [info] Got 1 sessions for all scopes...
2025-08-09 15:30:11.508 [info] Got 1 GitHub sessions for all scopes...
2025-08-09 15:30:11.508 [info] Getting sessions for all scopes...
2025-08-09 15:30:11.508 [info] Getting GitHub sessions for all scopes...
2025-08-09 15:30:11.508 [info] Got 1 sessions for all scopes...
2025-08-09 15:30:11.508 [info] Got 1 GitHub sessions for all scopes...
2025-08-09 15:33:49.851 [info] Getting sessions for all scopes...
2025-08-09 15:33:49.851 [info] Getting GitHub sessions for all scopes...
2025-08-09 15:33:49.851 [info] Got 1 sessions for all scopes...
2025-08-09 15:33:49.851 [info] Got 1 GitHub sessions for all scopes...
2025-08-09 15:33:49.957 [info] Getting sessions for all scopes...
2025-08-09 15:33:49.957 [info] Getting GitHub sessions for all scopes...
2025-08-09 15:33:49.957 [info] Got 1 sessions for all scopes...
2025-08-09 15:33:49.957 [info] Got 1 GitHub sessions for all scopes...
2025-08-09 15:39:33.633 [info] Getting sessions for all scopes...
2025-08-09 15:39:33.634 [info] Getting GitHub sessions for all scopes...
2025-08-09 15:39:33.634 [info] Got 1 sessions for all scopes...
2025-08-09 15:39:33.634 [info] Got 1 GitHub sessions for all scopes...
2025-08-09 15:39:33.747 [info] Getting sessions for all scopes...
2025-08-09 15:39:33.747 [info] Getting GitHub sessions for all scopes...
2025-08-09 15:39:33.747 [info] Got 1 sessions for all scopes...
2025-08-09 15:39:33.747 [info] Got 1 GitHub sessions for all scopes...
