2025-08-09 00:30:42.970 [info] [main] Log level: Info
2025-08-09 00:30:42.970 [info] [main] Validating found git in: "git"
2025-08-09 00:30:42.970 [info] [main] Using git "2.49.0" from "git"
2025-08-09 00:30:42.970 [info] [Model][doInitialScan] Initial repository scan started
2025-08-09 00:30:42.970 [info] > git rev-parse --show-toplevel [2ms]
2025-08-09 00:30:42.970 [info] > git rev-parse --git-dir --git-common-dir [2ms]
2025-08-09 00:30:42.970 [info] [Model][openRepository] Opened repository (path): /workspace/Website-starter
2025-08-09 00:30:42.970 [info] [Model][openRepository] Opened repository (real path): /workspace/Website-starter
2025-08-09 00:30:42.970 [info] > git config --get commit.template [5ms]
2025-08-09 00:30:42.970 [info] > git rev-parse --show-toplevel [7ms]
2025-08-09 00:30:42.970 [info] > git for-each-ref --format=%(refname)%00%(upstream:short)%00%(objectname)%00%(upstream:track)%00%(upstream:remotename)%00%(upstream:remoteref) refs/heads/main refs/remotes/main [6ms]
2025-08-09 00:30:42.970 [info] > git rev-parse --show-toplevel [12ms]
2025-08-09 00:30:42.970 [info] > git for-each-ref --sort -committerdate --format %(refname)%00%(objectname)%00%(*objectname) [6ms]
2025-08-09 00:30:42.970 [info] > git rev-parse --show-toplevel [2ms]
2025-08-09 00:30:42.970 [info] > git status -z -uall [19ms]
2025-08-09 00:30:42.970 [info] > git rev-parse --show-toplevel [28ms]
2025-08-09 00:30:42.970 [info] > git for-each-ref --format=%(refname)%00%(upstream:short)%00%(objectname)%00%(upstream:track)%00%(upstream:remotename)%00%(upstream:remoteref) refs/heads/main refs/remotes/main [7ms]
2025-08-09 00:30:42.970 [info] > git config --get commit.template [12ms]
2025-08-09 00:30:42.970 [info] > git config --get --local branch.main.vscode-merge-base [10ms]
2025-08-09 00:30:42.970 [info] > git for-each-ref --format=%(refname)%00%(upstream:short)%00%(objectname)%00%(upstream:track)%00%(upstream:remotename)%00%(upstream:remoteref) refs/heads/origin/main refs/remotes/origin/main [22ms]
2025-08-09 00:30:42.970 [info] > git for-each-ref --format=%(refname)%00%(upstream:short)%00%(objectname)%00%(upstream:track)%00%(upstream:remotename)%00%(upstream:remoteref) refs/heads/main refs/remotes/main [33ms]
2025-08-09 00:30:42.970 [info] > git rev-parse --show-toplevel [38ms]
2025-08-09 00:30:42.970 [info] > git merge-base refs/heads/main refs/remotes/origin/main [7ms]
2025-08-09 00:30:42.970 [info] > git rev-parse --show-toplevel [25ms]
2025-08-09 00:30:42.970 [info] > git diff --name-status -z --diff-filter=ADMR 0d7a3a898007be1d8200d8db99d59472a2da8d06...refs/remotes/origin/main [35ms]
2025-08-09 00:30:42.970 [info] > git status -z -uall [18ms]
2025-08-09 00:30:42.970 [info] > git rev-parse --show-toplevel [10ms]
2025-08-09 00:30:42.970 [info] > git for-each-ref --sort -committerdate --format %(refname)%00%(objectname)%00%(*objectname) [14ms]
2025-08-09 00:30:42.970 [info] > git rev-parse --show-toplevel [9ms]
2025-08-09 00:30:42.970 [info] [Model][doInitialScan] Initial repository scan completed - repositories (1), closed repositories (0), parent repositories (0), unsafe repositories (0)
2025-08-09 00:30:42.970 [info] > git fetch [344ms]
2025-08-09 00:30:42.970 [info] > git config --get commit.template [5ms]
2025-08-09 00:30:42.970 [info] > git for-each-ref --format=%(refname)%00%(upstream:short)%00%(objectname)%00%(upstream:track)%00%(upstream:remotename)%00%(upstream:remoteref) refs/heads/main refs/remotes/main [2ms]
2025-08-09 00:30:42.970 [info] > git for-each-ref --sort -committerdate --format %(refname)%00%(objectname)%00%(*objectname) [3ms]
2025-08-09 00:30:42.970 [info] > git status -z -uall [14ms]
2025-08-09 00:30:43.599 [info] > git check-ignore -v -z --stdin [3ms]
2025-08-09 00:30:45.348 [info] > git check-ignore -v -z --stdin [2ms]
2025-08-09 00:30:48.784 [info] > git show --textconv :src/components/ui/buttons/PrimaryCTA.astro [6ms]
2025-08-09 00:30:48.786 [info] > git ls-files --stage -- src/components/ui/buttons/PrimaryCTA.astro [2ms]
2025-08-09 00:30:48.795 [info] > git cat-file -s 17596086970dc70a2bdadfcfeb7c314eb7060c29 [3ms]
2025-08-09 00:30:50.422 [info] > git blame --root --incremental 0d7a3a898007be1d8200d8db99d59472a2da8d06 -- src/components/ui/buttons/PrimaryCTA.astro [4ms]
2025-08-09 00:30:56.557 [info] > git config --get --local branch.main.github-pr-owner-number [3ms]
2025-08-09 00:30:56.557 [warning] [Git][config] git config failed: Failed to execute git
2025-08-09 00:31:02.998 [info] > git config --get commit.template [11ms]
2025-08-09 00:31:02.999 [info] > git for-each-ref --format=%(refname)%00%(upstream:short)%00%(objectname)%00%(upstream:track)%00%(upstream:remotename)%00%(upstream:remoteref) refs/heads/main refs/remotes/main [3ms]
2025-08-09 00:31:03.023 [info] > git for-each-ref --sort -committerdate --format %(refname)%00%(objectname)%00%(*objectname) [3ms]
2025-08-09 00:31:03.024 [info] > git status -z -uall [15ms]
2025-08-09 00:31:08.051 [info] > git config --get commit.template [11ms]
2025-08-09 00:31:08.053 [info] > git for-each-ref --format=%(refname)%00%(upstream:short)%00%(objectname)%00%(upstream:track)%00%(upstream:remotename)%00%(upstream:remoteref) refs/heads/main refs/remotes/main [2ms]
2025-08-09 00:31:08.076 [info] > git for-each-ref --sort -committerdate --format %(refname)%00%(objectname)%00%(*objectname) [3ms]
2025-08-09 00:31:08.078 [info] > git status -z -uall [14ms]
2025-08-09 00:31:13.102 [info] > git config --get commit.template [9ms]
2025-08-09 00:31:13.102 [info] > git for-each-ref --format=%(refname)%00%(upstream:short)%00%(objectname)%00%(upstream:track)%00%(upstream:remotename)%00%(upstream:remoteref) refs/heads/main refs/remotes/main [3ms]
2025-08-09 00:31:13.121 [info] > git for-each-ref --sort -committerdate --format %(refname)%00%(objectname)%00%(*objectname) [3ms]
2025-08-09 00:31:13.125 [info] > git status -z -uall [14ms]
2025-08-09 00:32:14.750 [info] > git config --get commit.template [2ms]
2025-08-09 00:32:14.761 [info] > git for-each-ref --format=%(refname)%00%(upstream:short)%00%(objectname)%00%(upstream:track)%00%(upstream:remotename)%00%(upstream:remoteref) refs/heads/main refs/remotes/main [3ms]
2025-08-09 00:32:14.781 [info] > git for-each-ref --sort -committerdate --format %(refname)%00%(objectname)%00%(*objectname) [3ms]
2025-08-09 00:32:14.784 [info] > git status -z -uall [14ms]
2025-08-09 00:32:19.807 [info] > git config --get commit.template [9ms]
2025-08-09 00:32:19.808 [info] > git for-each-ref --format=%(refname)%00%(upstream:short)%00%(objectname)%00%(upstream:track)%00%(upstream:remotename)%00%(upstream:remoteref) refs/heads/main refs/remotes/main [2ms]
2025-08-09 00:32:19.831 [info] > git for-each-ref --sort -committerdate --format %(refname)%00%(objectname)%00%(*objectname) [2ms]
2025-08-09 00:32:19.834 [info] > git status -z -uall [16ms]
2025-08-09 00:32:25.639 [info] > git show --textconv :src/assets/styles/global.css [13ms]
2025-08-09 00:32:25.640 [info] > git ls-files --stage -- src/assets/styles/global.css [3ms]
2025-08-09 00:32:25.653 [info] > git cat-file -s 50bf8db4d56518176564a94ccf94019947884767 [2ms]
2025-08-09 00:32:26.066 [info] > git blame --root --incremental 0d7a3a898007be1d8200d8db99d59472a2da8d06 -- src/assets/styles/global.css [3ms]
2025-08-09 00:32:31.622 [info] > git show --textconv :src/components/ui/buttons/PrimaryCTA.astro [11ms]
2025-08-09 00:32:31.622 [info] > git ls-files --stage -- src/components/ui/buttons/PrimaryCTA.astro [3ms]
2025-08-09 00:32:31.633 [info] > git cat-file -s 17596086970dc70a2bdadfcfeb7c314eb7060c29 [2ms]
2025-08-09 00:33:15.959 [info] > git show --textconv :src/assets/styles/global.css [11ms]
2025-08-09 00:33:15.960 [info] > git ls-files --stage -- src/assets/styles/global.css [2ms]
2025-08-09 00:33:15.973 [info] > git cat-file -s 50bf8db4d56518176564a94ccf94019947884767 [3ms]
2025-08-09 00:33:27.742 [info] > git config --get commit.template [9ms]
2025-08-09 00:33:27.743 [info] > git for-each-ref --format=%(refname)%00%(upstream:short)%00%(objectname)%00%(upstream:track)%00%(upstream:remotename)%00%(upstream:remoteref) refs/heads/main refs/remotes/main [2ms]
2025-08-09 00:33:27.765 [info] > git for-each-ref --sort -committerdate --format %(refname)%00%(objectname)%00%(*objectname) [3ms]
2025-08-09 00:33:27.783 [info] > git status -z -uall [31ms]
2025-08-09 00:33:32.811 [info] > git config --get commit.template [13ms]
2025-08-09 00:33:32.812 [info] > git for-each-ref --format=%(refname)%00%(upstream:short)%00%(objectname)%00%(upstream:track)%00%(upstream:remotename)%00%(upstream:remoteref) refs/heads/main refs/remotes/main [2ms]
2025-08-09 00:33:32.836 [info] > git for-each-ref --sort -committerdate --format %(refname)%00%(objectname)%00%(*objectname) [3ms]
2025-08-09 00:33:32.838 [info] > git status -z -uall [15ms]
2025-08-09 00:33:43.091 [info] > git fetch [329ms]
2025-08-09 00:33:43.112 [info] > git config --get commit.template [10ms]
2025-08-09 00:33:43.113 [info] > git for-each-ref --format=%(refname)%00%(upstream:short)%00%(objectname)%00%(upstream:track)%00%(upstream:remotename)%00%(upstream:remoteref) refs/heads/main refs/remotes/main [3ms]
2025-08-09 00:33:43.132 [info] > git for-each-ref --sort -committerdate --format %(refname)%00%(objectname)%00%(*objectname) [2ms]
2025-08-09 00:33:43.135 [info] > git status -z -uall [14ms]
2025-08-09 00:33:44.310 [info] > git config --get commit.template [12ms]
2025-08-09 00:33:44.311 [info] > git for-each-ref --format=%(refname)%00%(upstream:short)%00%(objectname)%00%(upstream:track)%00%(upstream:remotename)%00%(upstream:remoteref) refs/heads/main refs/remotes/main [2ms]
2025-08-09 00:33:44.334 [info] > git for-each-ref --sort -committerdate --format %(refname)%00%(objectname)%00%(*objectname) [2ms]
2025-08-09 00:33:44.336 [info] > git status -z -uall [14ms]
2025-08-09 00:33:44.493 [info] > git ls-files --stage -- src/assets/styles/global.css [2ms]
2025-08-09 00:33:44.502 [info] > git cat-file -s 50bf8db4d56518176564a94ccf94019947884767 [2ms]
2025-08-09 00:33:44.608 [info] > git show --textconv :src/assets/styles/global.css [3ms]
2025-08-09 00:33:50.172 [info] > git config --get commit.template [14ms]
2025-08-09 00:33:50.174 [info] > git for-each-ref --format=%(refname)%00%(upstream:short)%00%(objectname)%00%(upstream:track)%00%(upstream:remotename)%00%(upstream:remoteref) refs/heads/main refs/remotes/main [3ms]
2025-08-09 00:33:50.211 [info] > git for-each-ref --sort -committerdate --format %(refname)%00%(objectname)%00%(*objectname) [4ms]
2025-08-09 00:33:50.283 [info] > git status -z -uall [91ms]
2025-08-09 00:33:55.305 [info] > git config --get commit.template [9ms]
2025-08-09 00:33:55.307 [info] > git for-each-ref --format=%(refname)%00%(upstream:short)%00%(objectname)%00%(upstream:track)%00%(upstream:remotename)%00%(upstream:remoteref) refs/heads/main refs/remotes/main [2ms]
2025-08-09 00:33:55.325 [info] > git for-each-ref --sort -committerdate --format %(refname)%00%(objectname)%00%(*objectname) [2ms]
2025-08-09 00:33:55.329 [info] > git status -z -uall [14ms]
2025-08-09 00:34:00.354 [info] > git config --get commit.template [10ms]
2025-08-09 00:34:00.355 [info] > git for-each-ref --format=%(refname)%00%(upstream:short)%00%(objectname)%00%(upstream:track)%00%(upstream:remotename)%00%(upstream:remoteref) refs/heads/main refs/remotes/main [2ms]
2025-08-09 00:34:00.375 [info] > git for-each-ref --sort -committerdate --format %(refname)%00%(objectname)%00%(*objectname) [3ms]
2025-08-09 00:34:00.379 [info] > git status -z -uall [15ms]
2025-08-09 00:34:05.404 [info] > git config --get commit.template [10ms]
2025-08-09 00:34:05.407 [info] > git for-each-ref --format=%(refname)%00%(upstream:short)%00%(objectname)%00%(upstream:track)%00%(upstream:remotename)%00%(upstream:remoteref) refs/heads/main refs/remotes/main [4ms]
2025-08-09 00:34:05.437 [info] > git status -z -uall [16ms]
2025-08-09 00:34:05.438 [info] > git for-each-ref --sort -committerdate --format %(refname)%00%(objectname)%00%(*objectname) [5ms]
2025-08-09 00:35:07.889 [info] > git show --textconv :src/components/ui/buttons/PrimaryCTA.astro [11ms]
2025-08-09 00:35:07.890 [info] > git ls-files --stage -- src/components/ui/buttons/PrimaryCTA.astro [3ms]
2025-08-09 00:35:07.901 [info] > git cat-file -s 17596086970dc70a2bdadfcfeb7c314eb7060c29 [2ms]
2025-08-09 00:35:18.714 [info] > git config --get commit.template [11ms]
2025-08-09 00:35:18.714 [info] > git for-each-ref --format=%(refname)%00%(upstream:short)%00%(objectname)%00%(upstream:track)%00%(upstream:remotename)%00%(upstream:remoteref) refs/heads/main refs/remotes/main [2ms]
2025-08-09 00:35:18.735 [info] > git for-each-ref --sort -committerdate --format %(refname)%00%(objectname)%00%(*objectname) [3ms]
2025-08-09 00:35:18.738 [info] > git status -z -uall [15ms]
2025-08-09 00:35:23.760 [info] > git config --get commit.template [9ms]
2025-08-09 00:35:23.762 [info] > git for-each-ref --format=%(refname)%00%(upstream:short)%00%(objectname)%00%(upstream:track)%00%(upstream:remotename)%00%(upstream:remoteref) refs/heads/main refs/remotes/main [2ms]
2025-08-09 00:35:23.784 [info] > git for-each-ref --sort -committerdate --format %(refname)%00%(objectname)%00%(*objectname) [3ms]
2025-08-09 00:35:23.786 [info] > git status -z -uall [16ms]
2025-08-09 00:35:28.810 [info] > git config --get commit.template [11ms]
2025-08-09 00:35:28.812 [info] > git for-each-ref --format=%(refname)%00%(upstream:short)%00%(objectname)%00%(upstream:track)%00%(upstream:remotename)%00%(upstream:remoteref) refs/heads/main refs/remotes/main [3ms]
2025-08-09 00:35:28.833 [info] > git for-each-ref --sort -committerdate --format %(refname)%00%(objectname)%00%(*objectname) [3ms]
2025-08-09 00:35:28.836 [info] > git status -z -uall [14ms]
2025-08-09 00:35:33.860 [info] > git config --get commit.template [10ms]
2025-08-09 00:35:33.862 [info] > git for-each-ref --format=%(refname)%00%(upstream:short)%00%(objectname)%00%(upstream:track)%00%(upstream:remotename)%00%(upstream:remoteref) refs/heads/main refs/remotes/main [2ms]
2025-08-09 00:35:33.881 [info] > git for-each-ref --sort -committerdate --format %(refname)%00%(objectname)%00%(*objectname) [2ms]
2025-08-09 00:35:33.886 [info] > git status -z -uall [16ms]
2025-08-09 00:35:43.793 [info] > git config --get commit.template [50ms]
2025-08-09 00:35:43.794 [info] > git for-each-ref --format=%(refname)%00%(upstream:short)%00%(objectname)%00%(upstream:track)%00%(upstream:remotename)%00%(upstream:remoteref) refs/heads/main refs/remotes/main [4ms]
2025-08-09 00:35:43.886 [info] > git for-each-ref --sort -committerdate --format %(refname)%00%(objectname)%00%(*objectname) [3ms]
2025-08-09 00:35:43.896 [info] > git status -z -uall [91ms]
2025-08-09 00:36:19.666 [info] > git check-ignore -v -z --stdin [2ms]
2025-08-09 00:36:55.790 [info] > git fetch [316ms]
2025-08-09 00:36:55.817 [info] > git config --get commit.template [14ms]
2025-08-09 00:36:55.818 [info] > git for-each-ref --format=%(refname)%00%(upstream:short)%00%(objectname)%00%(upstream:track)%00%(upstream:remotename)%00%(upstream:remoteref) refs/heads/main refs/remotes/main [3ms]
2025-08-09 00:36:55.842 [info] > git for-each-ref --sort -committerdate --format %(refname)%00%(objectname)%00%(*objectname) [3ms]
2025-08-09 00:36:55.843 [info] > git status -z -uall [14ms]
2025-08-09 00:36:57.018 [info] > git config --get commit.template [10ms]
2025-08-09 00:36:57.020 [info] > git for-each-ref --format=%(refname)%00%(upstream:short)%00%(objectname)%00%(upstream:track)%00%(upstream:remotename)%00%(upstream:remoteref) refs/heads/main refs/remotes/main [3ms]
2025-08-09 00:36:57.041 [info] > git for-each-ref --sort -committerdate --format %(refname)%00%(objectname)%00%(*objectname) [3ms]
2025-08-09 00:36:57.044 [info] > git status -z -uall [14ms]
2025-08-09 00:37:20.406 [info] > git config --get commit.template [14ms]
2025-08-09 00:37:20.407 [info] > git for-each-ref --format=%(refname)%00%(upstream:short)%00%(objectname)%00%(upstream:track)%00%(upstream:remotename)%00%(upstream:remoteref) refs/heads/main refs/remotes/main [4ms]
2025-08-09 00:37:20.435 [info] > git for-each-ref --sort -committerdate --format %(refname)%00%(objectname)%00%(*objectname) [3ms]
2025-08-09 00:37:20.436 [info] > git status -z -uall [15ms]
2025-08-09 00:37:34.097 [info] > git config --get commit.template [12ms]
2025-08-09 00:37:34.099 [info] > git for-each-ref --format=%(refname)%00%(upstream:short)%00%(objectname)%00%(upstream:track)%00%(upstream:remotename)%00%(upstream:remoteref) refs/heads/main refs/remotes/main [3ms]
2025-08-09 00:37:34.122 [info] > git for-each-ref --sort -committerdate --format %(refname)%00%(objectname)%00%(*objectname) [2ms]
2025-08-09 00:37:34.123 [info] > git status -z -uall [14ms]
2025-08-09 00:37:41.931 [info] > git config --get commit.template [10ms]
2025-08-09 00:37:41.932 [info] > git for-each-ref --format=%(refname)%00%(upstream:short)%00%(objectname)%00%(upstream:track)%00%(upstream:remotename)%00%(upstream:remoteref) refs/heads/main refs/remotes/main [2ms]
2025-08-09 00:37:41.955 [info] > git status -z -uall [14ms]
2025-08-09 00:37:41.955 [info] > git for-each-ref --sort -committerdate --format %(refname)%00%(objectname)%00%(*objectname) [4ms]
2025-08-09 00:37:52.111 [info] > git config --get commit.template [11ms]
2025-08-09 00:37:52.112 [info] > git for-each-ref --format=%(refname)%00%(upstream:short)%00%(objectname)%00%(upstream:track)%00%(upstream:remotename)%00%(upstream:remoteref) refs/heads/main refs/remotes/main [2ms]
2025-08-09 00:37:52.135 [info] > git for-each-ref --sort -committerdate --format %(refname)%00%(objectname)%00%(*objectname) [3ms]
2025-08-09 00:37:52.138 [info] > git status -z -uall [14ms]
2025-08-09 00:39:56.187 [info] > git fetch [330ms]
2025-08-09 00:39:56.206 [info] > git config --get commit.template [9ms]
2025-08-09 00:39:56.208 [info] > git for-each-ref --format=%(refname)%00%(upstream:short)%00%(objectname)%00%(upstream:track)%00%(upstream:remotename)%00%(upstream:remoteref) refs/heads/main refs/remotes/main [2ms]
2025-08-09 00:39:56.227 [info] > git for-each-ref --sort -committerdate --format %(refname)%00%(objectname)%00%(*objectname) [3ms]
2025-08-09 00:39:56.231 [info] > git status -z -uall [15ms]
2025-08-09 00:42:56.572 [info] > git fetch [328ms]
2025-08-09 00:42:56.597 [info] > git config --get commit.template [12ms]
2025-08-09 00:42:56.599 [info] > git for-each-ref --format=%(refname)%00%(upstream:short)%00%(objectname)%00%(upstream:track)%00%(upstream:remotename)%00%(upstream:remoteref) refs/heads/main refs/remotes/main [3ms]
2025-08-09 00:42:56.623 [info] > git for-each-ref --sort -committerdate --format %(refname)%00%(objectname)%00%(*objectname) [2ms]
2025-08-09 00:42:56.624 [info] > git status -z -uall [14ms]
2025-08-09 00:45:56.973 [info] > git fetch [336ms]
2025-08-09 00:45:56.991 [info] > git config --get commit.template [8ms]
2025-08-09 00:45:56.993 [info] > git for-each-ref --format=%(refname)%00%(upstream:short)%00%(objectname)%00%(upstream:track)%00%(upstream:remotename)%00%(upstream:remoteref) refs/heads/main refs/remotes/main [2ms]
2025-08-09 00:45:57.013 [info] > git for-each-ref --sort -committerdate --format %(refname)%00%(objectname)%00%(*objectname) [2ms]
2025-08-09 00:45:57.015 [info] > git status -z -uall [14ms]
2025-08-09 00:48:57.366 [info] > git fetch [337ms]
2025-08-09 00:48:57.386 [info] > git config --get commit.template [9ms]
2025-08-09 00:48:57.387 [info] > git for-each-ref --format=%(refname)%00%(upstream:short)%00%(objectname)%00%(upstream:track)%00%(upstream:remotename)%00%(upstream:remoteref) refs/heads/main refs/remotes/main [2ms]
2025-08-09 00:48:57.409 [info] > git for-each-ref --sort -committerdate --format %(refname)%00%(objectname)%00%(*objectname) [3ms]
2025-08-09 00:48:57.410 [info] > git status -z -uall [14ms]
2025-08-09 00:51:57.747 [info] > git fetch [324ms]
2025-08-09 00:51:57.769 [info] > git config --get commit.template [11ms]
2025-08-09 00:51:57.771 [info] > git for-each-ref --format=%(refname)%00%(upstream:short)%00%(objectname)%00%(upstream:track)%00%(upstream:remotename)%00%(upstream:remoteref) refs/heads/main refs/remotes/main [3ms]
2025-08-09 00:51:57.794 [info] > git for-each-ref --sort -committerdate --format %(refname)%00%(objectname)%00%(*objectname) [3ms]
2025-08-09 00:51:57.794 [info] > git status -z -uall [13ms]
2025-08-09 00:54:58.143 [info] > git fetch [334ms]
2025-08-09 00:54:58.168 [info] > git config --get commit.template [13ms]
2025-08-09 00:54:58.168 [info] > git for-each-ref --format=%(refname)%00%(upstream:short)%00%(objectname)%00%(upstream:track)%00%(upstream:remotename)%00%(upstream:remoteref) refs/heads/main refs/remotes/main [5ms]
2025-08-09 00:54:58.190 [info] > git for-each-ref --sort -committerdate --format %(refname)%00%(objectname)%00%(*objectname) [3ms]
2025-08-09 00:54:58.191 [info] > git status -z -uall [14ms]
2025-08-09 00:57:58.524 [info] > git fetch [320ms]
2025-08-09 00:57:58.542 [info] > git config --get commit.template [8ms]
2025-08-09 00:57:58.544 [info] > git for-each-ref --format=%(refname)%00%(upstream:short)%00%(objectname)%00%(upstream:track)%00%(upstream:remotename)%00%(upstream:remoteref) refs/heads/main refs/remotes/main [2ms]
2025-08-09 00:57:58.563 [info] > git for-each-ref --sort -committerdate --format %(refname)%00%(objectname)%00%(*objectname) [3ms]
2025-08-09 00:57:58.566 [info] > git status -z -uall [14ms]
2025-08-09 01:00:58.908 [info] > git fetch [328ms]
2025-08-09 01:00:58.930 [info] > git config --get commit.template [11ms]
2025-08-09 01:00:58.932 [info] > git for-each-ref --format=%(refname)%00%(upstream:short)%00%(objectname)%00%(upstream:track)%00%(upstream:remotename)%00%(upstream:remoteref) refs/heads/main refs/remotes/main [3ms]
2025-08-09 01:00:58.955 [info] > git for-each-ref --sort -committerdate --format %(refname)%00%(objectname)%00%(*objectname) [3ms]
2025-08-09 01:00:58.956 [info] > git status -z -uall [14ms]
2025-08-09 01:03:59.301 [info] > git fetch [331ms]
2025-08-09 01:03:59.320 [info] > git config --get commit.template [8ms]
2025-08-09 01:03:59.321 [info] > git for-each-ref --format=%(refname)%00%(upstream:short)%00%(objectname)%00%(upstream:track)%00%(upstream:remotename)%00%(upstream:remoteref) refs/heads/main refs/remotes/main [2ms]
2025-08-09 01:03:59.339 [info] > git for-each-ref --sort -committerdate --format %(refname)%00%(objectname)%00%(*objectname) [2ms]
2025-08-09 01:03:59.343 [info] > git status -z -uall [13ms]
2025-08-09 01:06:59.677 [info] > git fetch [321ms]
2025-08-09 01:06:59.698 [info] > git config --get commit.template [10ms]
2025-08-09 01:06:59.700 [info] > git for-each-ref --format=%(refname)%00%(upstream:short)%00%(objectname)%00%(upstream:track)%00%(upstream:remotename)%00%(upstream:remoteref) refs/heads/main refs/remotes/main [3ms]
2025-08-09 01:06:59.723 [info] > git for-each-ref --sort -committerdate --format %(refname)%00%(objectname)%00%(*objectname) [3ms]
2025-08-09 01:06:59.724 [info] > git status -z -uall [14ms]
2025-08-09 01:10:00.057 [info] > git fetch [319ms]
2025-08-09 01:10:00.079 [info] > git config --get commit.template [11ms]
2025-08-09 01:10:00.081 [info] > git for-each-ref --format=%(refname)%00%(upstream:short)%00%(objectname)%00%(upstream:track)%00%(upstream:remotename)%00%(upstream:remoteref) refs/heads/main refs/remotes/main [2ms]
2025-08-09 01:10:00.106 [info] > git for-each-ref --sort -committerdate --format %(refname)%00%(objectname)%00%(*objectname) [3ms]
2025-08-09 01:10:00.106 [info] > git status -z -uall [14ms]
2025-08-09 01:13:00.441 [info] > git fetch [319ms]
2025-08-09 01:13:00.464 [info] > git config --get commit.template [11ms]
2025-08-09 01:13:00.466 [info] > git for-each-ref --format=%(refname)%00%(upstream:short)%00%(objectname)%00%(upstream:track)%00%(upstream:remotename)%00%(upstream:remoteref) refs/heads/main refs/remotes/main [3ms]
2025-08-09 01:13:00.488 [info] > git for-each-ref --sort -committerdate --format %(refname)%00%(objectname)%00%(*objectname) [3ms]
2025-08-09 01:13:00.494 [info] > git status -z -uall [20ms]
2025-08-09 01:16:00.870 [info] > git fetch [358ms]
2025-08-09 01:16:00.892 [info] > git config --get commit.template [11ms]
2025-08-09 01:16:00.894 [info] > git for-each-ref --format=%(refname)%00%(upstream:short)%00%(objectname)%00%(upstream:track)%00%(upstream:remotename)%00%(upstream:remoteref) refs/heads/main refs/remotes/main [2ms]
2025-08-09 01:16:00.918 [info] > git for-each-ref --sort -committerdate --format %(refname)%00%(objectname)%00%(*objectname) [3ms]
2025-08-09 01:16:00.919 [info] > git status -z -uall [14ms]
2025-08-09 01:19:01.290 [info] > git fetch [358ms]
2025-08-09 01:19:01.309 [info] > git config --get commit.template [8ms]
2025-08-09 01:19:01.310 [info] > git for-each-ref --format=%(refname)%00%(upstream:short)%00%(objectname)%00%(upstream:track)%00%(upstream:remotename)%00%(upstream:remoteref) refs/heads/main refs/remotes/main [2ms]
2025-08-09 01:19:01.329 [info] > git for-each-ref --sort -committerdate --format %(refname)%00%(objectname)%00%(*objectname) [3ms]
2025-08-09 01:19:01.335 [info] > git status -z -uall [17ms]
2025-08-09 01:22:01.669 [info] > git fetch [319ms]
2025-08-09 01:22:01.690 [info] > git config --get commit.template [10ms]
2025-08-09 01:22:01.692 [info] > git for-each-ref --format=%(refname)%00%(upstream:short)%00%(objectname)%00%(upstream:track)%00%(upstream:remotename)%00%(upstream:remoteref) refs/heads/main refs/remotes/main [2ms]
2025-08-09 01:22:01.714 [info] > git for-each-ref --sort -committerdate --format %(refname)%00%(objectname)%00%(*objectname) [2ms]
2025-08-09 01:22:01.716 [info] > git status -z -uall [14ms]
2025-08-09 01:25:02.256 [info] > git fetch [526ms]
2025-08-09 01:25:02.278 [info] > git config --get commit.template [11ms]
2025-08-09 01:25:02.280 [info] > git for-each-ref --format=%(refname)%00%(upstream:short)%00%(objectname)%00%(upstream:track)%00%(upstream:remotename)%00%(upstream:remoteref) refs/heads/main refs/remotes/main [3ms]
2025-08-09 01:25:02.306 [info] > git status -z -uall [14ms]
2025-08-09 01:25:02.307 [info] > git for-each-ref --sort -committerdate --format %(refname)%00%(objectname)%00%(*objectname) [2ms]
