2025-08-08 08:21:09.660 [info] Log level: Info
2025-08-08 08:21:09.660 [info] VSCODE_MACHINE_ID: 10d3d877-fe56-442f-a117-f9035039c6e9
2025-08-08 08:21:09.660 [info] VSCODE_SESSION_ID: 180c621a-57d4-4f8c-9dd3-1e8fb784a9b11754641257487
2025-08-08 08:21:09.660 [info] VSCODE_VERSION: 1.102.3
2025-08-08 08:21:09.660 [info] VSCODE_APP_NAME: Gitpod Code
2025-08-08 08:21:09.660 [info] VSCODE_APP_HOST: Gitpod
2025-08-08 08:21:09.660 [info] VSCODE_UI_KIND: web
2025-08-08 08:21:09.660 [info] GITPOD_WORKSPACE_CONTEXT_URL: https://github.com/Abdallah-Develop/Website-starter
2025-08-08 08:21:09.660 [info] GITPOD_INSTANCE_ID: 6e8c512a-59d9-465c-b77d-9c6a17f57fce
2025-08-08 08:21:09.660 [info] GITPOD_WORKSPACE_URL: https://abdallahdev-websitestar-esjdme0laxn.ws-eu120.gitpod.io
2025-08-08 08:21:09.660 [info] Gitpod Web 3953e81
2025-08-08 08:21:09.660 [info] Reading sessions from keychain...
2025-08-08 08:21:10.752 [info] Got stored sessions!
2025-08-08 08:21:10.753 [info] Getting sessions for all scopes...
2025-08-08 08:21:10.753 [info] Getting GitHub sessions for all scopes...
2025-08-08 08:21:10.888 [info] Verified session with the following scopes: function:accessCodeSyncStorage function:closePort function:controlAdmission function:deleteEnvVar function:generateNewGitpodToken function:getDefaultWorkspaceImage function:getGitpodTokenScopes function:getIDToken function:getLoggedInUser function:getOpenPorts function:getSupportedWorkspaceClasses function:getTeams function:getToken function:getWorkspace function:getWorkspaceEnvVars function:getWorkspaceOwner function:getWorkspaceTimeout function:getWorkspaceUsers function:guessGitTokenScopes function:isWorkspaceOwner function:openPort function:sendHeartBeat function:setEnvVar function:setWorkspaceTimeout function:stopWorkspace function:takeSnapshot function:trackEvent function:updateGitStatus function:waitForSnapshot resource:contentBlob::*::create/get resource:envVar::*/**::update resource:envVar::*/*::update resource:envVar::Abdallah-Develop/Website-starter::create/get/update/delete resource:gitpodToken::*::create resource:snapshot::ws-abdallahdev-websitestar-esjdme0laxn::create resource:token::*::get resource:userStorage::*::create/get/update resource:workspace::abdallahdev-websitestar-esjdme0laxn::get/update resource:workspaceInstance::6e8c512a-59d9-465c-b77d-9c6a17f57fce::get/update/delete
2025-08-08 08:21:10.889 [info] Got 1 verified sessions.
2025-08-08 08:21:10.889 [info] Got 1 sessions for all scopes...
2025-08-08 08:21:10.889 [info] Getting sessions for all scopes...
2025-08-08 08:21:10.889 [info] Got 1 sessions for all scopes...
2025-08-08 08:21:10.889 [info] Getting sessions for all scopes...
2025-08-08 08:21:10.889 [info] Got 1 sessions for all scopes...
2025-08-08 08:21:14.833 [info] Getting sessions for all scopes...
2025-08-08 08:21:14.833 [info] Got 1 sessions for all scopes...
2025-08-08 08:21:14.936 [info] Getting sessions for all scopes...
2025-08-08 08:21:14.936 [info] Got 1 sessions for all scopes...
2025-08-08 08:21:14.940 [info] Getting sessions for function:accessCodeSyncStorage...
2025-08-08 08:21:14.940 [info] Got 1 sessions for function:accessCodeSyncStorage...
2025-08-08 08:21:15.634 [info] Got 1 GitHub sessions for all scopes...
2025-08-08 08:21:15.634 [info] Getting GitHub sessions for all scopes...
2025-08-08 08:21:15.634 [info] Got 1 GitHub sessions for all scopes...
2025-08-08 08:21:15.634 [info] Getting GitHub sessions for all scopes...
2025-08-08 08:21:15.634 [info] Got 1 GitHub sessions for all scopes...
2025-08-08 08:21:15.634 [info] Getting GitHub sessions for all scopes...
2025-08-08 08:21:15.634 [info] Got 1 GitHub sessions for all scopes...
2025-08-08 08:21:15.844 [info] Getting GitHub sessions for read:user,repo,user:email,workflow...
2025-08-08 08:21:15.844 [info] Got 0 GitHub sessions for read:user,repo,user:email,workflow...
2025-08-08 08:21:15.954 [info] Getting sessions for all scopes...
2025-08-08 08:21:15.955 [info] Got 1 sessions for all scopes...
2025-08-08 08:21:16.125 [info] Getting GitHub sessions for all scopes...
2025-08-08 08:21:16.125 [info] Got 1 GitHub sessions for all scopes...
2025-08-08 08:21:16.125 [info] Getting GitHub sessions for all scopes...
2025-08-08 08:21:16.125 [info] Got 1 GitHub sessions for all scopes...
2025-08-08 08:21:16.355 [info] Getting sessions for all scopes...
2025-08-08 08:21:16.355 [info] Getting GitHub sessions for all scopes...
2025-08-08 08:21:16.355 [info] Got 1 sessions for all scopes...
2025-08-08 08:21:16.355 [info] Got 1 GitHub sessions for all scopes...
2025-08-08 08:21:16.622 [info] Getting sessions for all scopes...
2025-08-08 08:21:16.623 [info] Getting GitHub sessions for all scopes...
2025-08-08 08:21:16.623 [info] Got 1 sessions for all scopes...
2025-08-08 08:21:16.623 [info] Got 1 GitHub sessions for all scopes...
2025-08-08 08:21:16.624 [info] Getting GitHub sessions for project,read:org,read:user,repo,user:email,workflow...
2025-08-08 08:21:16.624 [info] Got 0 GitHub sessions for project,read:org,read:user,repo,user:email,workflow...
2025-08-08 08:21:17.227 [info] Getting GitHub sessions for read:user,repo,user:email,workflow...
2025-08-08 08:21:17.227 [info] Got 0 GitHub sessions for read:user,repo,user:email,workflow...
2025-08-08 08:21:18.553 [info] Getting GitHub sessions for read:user,repo,user:email...
2025-08-08 08:21:18.553 [info] Got 0 GitHub sessions for read:user,repo,user:email...
2025-08-08 08:21:18.633 [info] Getting sessions for all scopes...
2025-08-08 08:21:18.633 [info] Getting GitHub sessions for all scopes...
2025-08-08 08:21:18.633 [info] Got 1 sessions for all scopes...
2025-08-08 08:21:18.633 [info] Got 1 GitHub sessions for all scopes...
2025-08-08 08:21:18.832 [info] Getting sessions for all scopes...
2025-08-08 08:21:18.832 [info] Getting GitHub sessions for all scopes...
2025-08-08 08:21:18.832 [info] Got 1 sessions for all scopes...
2025-08-08 08:21:18.832 [info] Got 1 GitHub sessions for all scopes...
2025-08-08 08:21:19.744 [info] Getting GitHub sessions for read:user,repo,user:email,workflow...
2025-08-08 08:21:19.744 [info] Got 0 GitHub sessions for read:user,repo,user:email,workflow...
2025-08-08 08:21:21.736 [info] Getting sessions for all scopes...
2025-08-08 08:21:21.736 [info] Getting GitHub sessions for all scopes...
2025-08-08 08:21:21.736 [info] Got 1 sessions for all scopes...
2025-08-08 08:21:21.736 [info] Got 1 GitHub sessions for all scopes...
2025-08-08 08:21:23.045 [info] Getting sessions for all scopes...
2025-08-08 08:21:23.045 [info] Getting GitHub sessions for all scopes...
2025-08-08 08:21:23.045 [info] Got 1 sessions for all scopes...
2025-08-08 08:21:23.045 [info] Got 1 GitHub sessions for all scopes...
2025-08-08 08:21:24.632 [info] Getting sessions for all scopes...
2025-08-08 08:21:24.632 [info] Getting GitHub sessions for all scopes...
2025-08-08 08:21:24.632 [info] Got 1 sessions for all scopes...
2025-08-08 08:21:24.632 [info] Got 1 GitHub sessions for all scopes...
2025-08-08 08:21:24.925 [info] Getting sessions for all scopes...
2025-08-08 08:21:24.925 [info] Getting GitHub sessions for all scopes...
2025-08-08 08:21:24.925 [info] Got 1 sessions for all scopes...
2025-08-08 08:21:24.925 [info] Got 1 GitHub sessions for all scopes...
2025-08-08 08:21:26.527 [info] Getting sessions for all scopes...
2025-08-08 08:21:26.527 [info] Getting GitHub sessions for all scopes...
2025-08-08 08:21:26.527 [info] Got 1 sessions for all scopes...
2025-08-08 08:21:26.527 [info] Got 1 GitHub sessions for all scopes...
2025-08-08 08:21:26.527 [info] Getting sessions for all scopes...
2025-08-08 08:21:26.527 [info] Getting GitHub sessions for all scopes...
2025-08-08 08:21:26.527 [info] Got 1 sessions for all scopes...
2025-08-08 08:21:26.527 [info] Got 1 GitHub sessions for all scopes...
2025-08-08 08:21:26.527 [info] Getting sessions for all scopes...
2025-08-08 08:21:26.527 [info] Getting GitHub sessions for all scopes...
2025-08-08 08:21:26.527 [info] Got 1 sessions for all scopes...
2025-08-08 08:21:26.527 [info] Got 1 GitHub sessions for all scopes...
2025-08-08 08:21:37.241 [info] Getting sessions for all scopes...
2025-08-08 08:21:37.241 [info] Getting GitHub sessions for all scopes...
2025-08-08 08:21:37.241 [info] Got 1 sessions for all scopes...
2025-08-08 08:21:37.241 [info] Got 1 GitHub sessions for all scopes...
2025-08-08 08:21:37.347 [info] Getting sessions for all scopes...
2025-08-08 08:21:37.347 [info] Getting GitHub sessions for all scopes...
2025-08-08 08:21:37.347 [info] Got 1 sessions for all scopes...
2025-08-08 08:21:37.347 [info] Got 1 GitHub sessions for all scopes...
