2025-08-10 10:27:57.723 [info] [main] Log level: Info
2025-08-10 10:27:57.723 [info] [main] Validating found git in: "git"
2025-08-10 10:27:57.723 [info] [main] Using git "2.49.0" from "git"
2025-08-10 10:27:57.723 [info] [Model][doInitialScan] Initial repository scan started
2025-08-10 10:27:57.723 [info] > git rev-parse --show-toplevel [35ms]
2025-08-10 10:27:57.723 [info] > git rev-parse --git-dir --git-common-dir [5ms]
2025-08-10 10:27:57.723 [info] [Model][openRepository] Opened repository (path): /workspace/Website-starter
2025-08-10 10:27:57.723 [info] [Model][openRepository] Opened repository (real path): /workspace/Website-starter
2025-08-10 10:27:57.723 [info] > git config --get commit.template [105ms]
2025-08-10 10:27:57.723 [info] > git rev-parse --show-toplevel [103ms]
2025-08-10 10:27:57.723 [info] > git for-each-ref --format=%(refname)%00%(upstream:short)%00%(objectname)%00%(upstream:track)%00%(upstream:remotename)%00%(upstream:remoteref) refs/heads/main refs/remotes/main [10ms]
2025-08-10 10:27:57.723 [info] > git rev-parse --show-toplevel [4ms]
2025-08-10 10:27:57.723 [info] > git rev-parse --show-toplevel [51ms]
2025-08-10 10:27:57.723 [info] > git status -z -uall [49ms]
2025-08-10 10:27:57.723 [info] > git for-each-ref --sort -committerdate --format %(refname)%00%(objectname)%00%(*objectname) [14ms]
2025-08-10 10:27:57.723 [info] > git for-each-ref --format=%(refname)%00%(upstream:short)%00%(objectname)%00%(upstream:track)%00%(upstream:remotename)%00%(upstream:remoteref) refs/heads/main refs/remotes/main [13ms]
2025-08-10 10:27:57.723 [info] > git rev-parse --show-toplevel [58ms]
2025-08-10 10:27:57.723 [info] > git config --get commit.template [43ms]
2025-08-10 10:27:57.723 [info] > git config --get --local branch.main.vscode-merge-base [37ms]
2025-08-10 10:27:57.723 [info] > git rev-parse --show-toplevel [17ms]
2025-08-10 10:27:57.723 [info] > git for-each-ref --format=%(refname)%00%(upstream:short)%00%(objectname)%00%(upstream:track)%00%(upstream:remotename)%00%(upstream:remoteref) refs/heads/main refs/remotes/main [48ms]
2025-08-10 10:27:57.723 [info] > git for-each-ref --format=%(refname)%00%(upstream:short)%00%(objectname)%00%(upstream:track)%00%(upstream:remotename)%00%(upstream:remoteref) refs/heads/origin/main refs/remotes/origin/main [56ms]
2025-08-10 10:27:57.723 [info] > git merge-base refs/heads/main refs/remotes/origin/main [22ms]
2025-08-10 10:27:57.723 [info] > git rev-parse --show-toplevel [44ms]
2025-08-10 10:27:57.730 [info] > git fetch [409ms]
2025-08-10 10:27:57.731 [info] > git diff --name-status -z --diff-filter=ADMR 0d7a3a898007be1d8200d8db99d59472a2da8d06...refs/remotes/origin/main [9ms]
2025-08-10 10:27:57.744 [info] > git rev-parse --show-toplevel [15ms]
2025-08-10 10:27:57.745 [info] [Model][doInitialScan] Initial repository scan completed - repositories (1), closed repositories (0), parent repositories (0), unsafe repositories (0)
2025-08-10 10:27:59.629 [info] > git config --get commit.template [1885ms]
2025-08-10 10:27:59.819 [info] > git for-each-ref --format=%(refname)%00%(upstream:short)%00%(objectname)%00%(upstream:track)%00%(upstream:remotename)%00%(upstream:remoteref) refs/heads/main refs/remotes/main [90ms]
2025-08-10 10:27:59.924 [info] > git status -z -uall [96ms]
2025-08-10 10:27:59.924 [info] > git for-each-ref --sort -committerdate --format %(refname)%00%(objectname)%00%(*objectname) [88ms]
2025-08-10 10:28:00.366 [info] > git check-ignore -v -z --stdin [6ms]
2025-08-10 10:28:01.255 [info] > git check-ignore -v -z --stdin [120ms]
2025-08-10 10:28:08.016 [info] > git config --get --local branch.main.github-pr-owner-number [65ms]
2025-08-10 10:28:08.016 [warning] [Git][config] git config failed: Failed to execute git
2025-08-10 10:28:33.372 [info] > git config --get commit.template [3ms]
2025-08-10 10:28:33.387 [info] > git for-each-ref --format=%(refname)%00%(upstream:short)%00%(objectname)%00%(upstream:track)%00%(upstream:remotename)%00%(upstream:remoteref) refs/heads/main refs/remotes/main [3ms]
2025-08-10 10:28:33.419 [info] > git for-each-ref --sort -committerdate --format %(refname)%00%(objectname)%00%(*objectname) [4ms]
2025-08-10 10:28:33.422 [info] > git status -z -uall [21ms]
2025-08-10 10:28:38.456 [info] > git config --get commit.template [14ms]
2025-08-10 10:28:38.458 [info] > git for-each-ref --format=%(refname)%00%(upstream:short)%00%(objectname)%00%(upstream:track)%00%(upstream:remotename)%00%(upstream:remoteref) refs/heads/main refs/remotes/main [3ms]
2025-08-10 10:28:38.489 [info] > git for-each-ref --sort -committerdate --format %(refname)%00%(objectname)%00%(*objectname) [3ms]
2025-08-10 10:28:38.491 [info] > git status -z -uall [17ms]
2025-08-10 10:28:43.524 [info] > git config --get commit.template [14ms]
2025-08-10 10:28:43.526 [info] > git for-each-ref --format=%(refname)%00%(upstream:short)%00%(objectname)%00%(upstream:track)%00%(upstream:remotename)%00%(upstream:remoteref) refs/heads/main refs/remotes/main [3ms]
2025-08-10 10:28:43.557 [info] > git for-each-ref --sort -committerdate --format %(refname)%00%(objectname)%00%(*objectname) [5ms]
2025-08-10 10:28:43.558 [info] > git status -z -uall [19ms]
2025-08-10 10:28:48.588 [info] > git config --get commit.template [12ms]
2025-08-10 10:28:48.590 [info] > git for-each-ref --format=%(refname)%00%(upstream:short)%00%(objectname)%00%(upstream:track)%00%(upstream:remotename)%00%(upstream:remoteref) refs/heads/main refs/remotes/main [3ms]
2025-08-10 10:28:48.621 [info] > git status -z -uall [19ms]
2025-08-10 10:28:48.621 [info] > git for-each-ref --sort -committerdate --format %(refname)%00%(objectname)%00%(*objectname) [5ms]
2025-08-10 10:29:03.757 [info] > git config --get commit.template [12ms]
2025-08-10 10:29:03.759 [info] > git for-each-ref --format=%(refname)%00%(upstream:short)%00%(objectname)%00%(upstream:track)%00%(upstream:remotename)%00%(upstream:remoteref) refs/heads/main refs/remotes/main [3ms]
2025-08-10 10:29:03.782 [info] > git for-each-ref --sort -committerdate --format %(refname)%00%(objectname)%00%(*objectname) [3ms]
2025-08-10 10:29:03.784 [info] > git status -z -uall [15ms]
2025-08-10 10:29:26.033 [info] > git config --get commit.template [3ms]
2025-08-10 10:29:26.050 [info] > git for-each-ref --format=%(refname)%00%(upstream:short)%00%(objectname)%00%(upstream:track)%00%(upstream:remotename)%00%(upstream:remoteref) refs/heads/main refs/remotes/main [3ms]
2025-08-10 10:29:26.116 [info] > git status -z -uall [54ms]
2025-08-10 10:29:26.118 [info] > git for-each-ref --sort -committerdate --format %(refname)%00%(objectname)%00%(*objectname) [45ms]
2025-08-10 10:29:31.154 [info] > git config --get commit.template [15ms]
2025-08-10 10:29:31.155 [info] > git for-each-ref --format=%(refname)%00%(upstream:short)%00%(objectname)%00%(upstream:track)%00%(upstream:remotename)%00%(upstream:remoteref) refs/heads/main refs/remotes/main [3ms]
2025-08-10 10:29:31.186 [info] > git status -z -uall [18ms]
2025-08-10 10:29:31.187 [info] > git for-each-ref --sort -committerdate --format %(refname)%00%(objectname)%00%(*objectname) [4ms]
2025-08-10 10:29:36.220 [info] > git config --get commit.template [14ms]
2025-08-10 10:29:36.222 [info] > git for-each-ref --format=%(refname)%00%(upstream:short)%00%(objectname)%00%(upstream:track)%00%(upstream:remotename)%00%(upstream:remoteref) refs/heads/main refs/remotes/main [3ms]
2025-08-10 10:29:36.251 [info] > git for-each-ref --sort -committerdate --format %(refname)%00%(objectname)%00%(*objectname) [3ms]
2025-08-10 10:29:36.252 [info] > git status -z -uall [16ms]
2025-08-10 10:29:41.282 [info] > git config --get commit.template [11ms]
2025-08-10 10:29:41.283 [info] > git for-each-ref --format=%(refname)%00%(upstream:short)%00%(objectname)%00%(upstream:track)%00%(upstream:remotename)%00%(upstream:remoteref) refs/heads/main refs/remotes/main [3ms]
2025-08-10 10:29:41.311 [info] > git for-each-ref --sort -committerdate --format %(refname)%00%(objectname)%00%(*objectname) [4ms]
2025-08-10 10:29:41.313 [info] > git status -z -uall [18ms]
2025-08-10 10:29:46.354 [info] > git config --get commit.template [18ms]
2025-08-10 10:29:46.355 [info] > git for-each-ref --format=%(refname)%00%(upstream:short)%00%(objectname)%00%(upstream:track)%00%(upstream:remotename)%00%(upstream:remoteref) refs/heads/main refs/remotes/main [3ms]
2025-08-10 10:29:46.383 [info] > git for-each-ref --sort -committerdate --format %(refname)%00%(objectname)%00%(*objectname) [3ms]
2025-08-10 10:29:46.385 [info] > git status -z -uall [17ms]
2025-08-10 10:29:53.195 [info] > git config --get commit.template [15ms]
2025-08-10 10:29:53.197 [info] > git for-each-ref --format=%(refname)%00%(upstream:short)%00%(objectname)%00%(upstream:track)%00%(upstream:remotename)%00%(upstream:remoteref) refs/heads/main refs/remotes/main [3ms]
2025-08-10 10:29:53.227 [info] > git for-each-ref --sort -committerdate --format %(refname)%00%(objectname)%00%(*objectname) [3ms]
2025-08-10 10:29:53.228 [info] > git status -z -uall [18ms]
2025-08-10 10:29:56.586 [info] > git show --textconv :src/components/Meta.astro [21ms]
2025-08-10 10:29:56.587 [info] > git ls-files --stage -- src/components/Meta.astro [4ms]
2025-08-10 10:29:56.612 [info] > git cat-file -s 91ccfb472b25b75ec9a88f3d6afb4359ec1c63ad [3ms]
2025-08-10 10:29:58.269 [info] > git config --get commit.template [17ms]
2025-08-10 10:29:58.272 [info] > git for-each-ref --format=%(refname)%00%(upstream:short)%00%(objectname)%00%(upstream:track)%00%(upstream:remotename)%00%(upstream:remoteref) refs/heads/main refs/remotes/main [4ms]
2025-08-10 10:29:58.306 [info] > git for-each-ref --sort -committerdate --format %(refname)%00%(objectname)%00%(*objectname) [4ms]
2025-08-10 10:29:58.315 [info] > git status -z -uall [27ms]
2025-08-10 10:30:03.350 [info] > git config --get commit.template [16ms]
2025-08-10 10:30:03.354 [info] > git for-each-ref --format=%(refname)%00%(upstream:short)%00%(objectname)%00%(upstream:track)%00%(upstream:remotename)%00%(upstream:remoteref) refs/heads/main refs/remotes/main [5ms]
2025-08-10 10:30:03.387 [info] > git for-each-ref --sort -committerdate --format %(refname)%00%(objectname)%00%(*objectname) [4ms]
2025-08-10 10:30:03.389 [info] > git status -z -uall [20ms]
2025-08-10 10:30:08.418 [info] > git config --get commit.template [10ms]
2025-08-10 10:30:08.420 [info] > git for-each-ref --format=%(refname)%00%(upstream:short)%00%(objectname)%00%(upstream:track)%00%(upstream:remotename)%00%(upstream:remoteref) refs/heads/main refs/remotes/main [2ms]
2025-08-10 10:30:08.447 [info] > git status -z -uall [16ms]
2025-08-10 10:30:08.447 [info] > git for-each-ref --sort -committerdate --format %(refname)%00%(objectname)%00%(*objectname) [5ms]
2025-08-10 10:30:17.892 [info] > git config --get commit.template [14ms]
2025-08-10 10:30:17.894 [info] > git for-each-ref --format=%(refname)%00%(upstream:short)%00%(objectname)%00%(upstream:track)%00%(upstream:remotename)%00%(upstream:remoteref) refs/heads/main refs/remotes/main [3ms]
2025-08-10 10:30:17.927 [info] > git for-each-ref --sort -committerdate --format %(refname)%00%(objectname)%00%(*objectname) [4ms]
2025-08-10 10:30:17.927 [info] > git status -z -uall [18ms]
2025-08-10 10:30:23.948 [info] > git config --get commit.template [16ms]
2025-08-10 10:30:23.951 [info] > git for-each-ref --format=%(refname)%00%(upstream:short)%00%(objectname)%00%(upstream:track)%00%(upstream:remotename)%00%(upstream:remoteref) refs/heads/main refs/remotes/main [4ms]
2025-08-10 10:30:24.013 [info] > git for-each-ref --sort -committerdate --format %(refname)%00%(objectname)%00%(*objectname) [36ms]
2025-08-10 10:30:24.022 [info] > git status -z -uall [58ms]
2025-08-10 10:30:29.044 [info] > git config --get commit.template [3ms]
2025-08-10 10:30:29.064 [info] > git for-each-ref --format=%(refname)%00%(upstream:short)%00%(objectname)%00%(upstream:track)%00%(upstream:remotename)%00%(upstream:remoteref) refs/heads/main refs/remotes/main [3ms]
2025-08-10 10:30:29.088 [info] > git for-each-ref --sort -committerdate --format %(refname)%00%(objectname)%00%(*objectname) [3ms]
2025-08-10 10:30:29.091 [info] > git status -z -uall [15ms]
2025-08-10 10:30:39.732 [info] > git config --get commit.template [17ms]
2025-08-10 10:30:39.734 [info] > git for-each-ref --format=%(refname)%00%(upstream:short)%00%(objectname)%00%(upstream:track)%00%(upstream:remotename)%00%(upstream:remoteref) refs/heads/main refs/remotes/main [3ms]
2025-08-10 10:30:39.765 [info] > git status -z -uall [17ms]
2025-08-10 10:30:39.766 [info] > git for-each-ref --sort -committerdate --format %(refname)%00%(objectname)%00%(*objectname) [3ms]
2025-08-10 10:30:44.798 [info] > git config --get commit.template [14ms]
2025-08-10 10:30:44.799 [info] > git for-each-ref --format=%(refname)%00%(upstream:short)%00%(objectname)%00%(upstream:track)%00%(upstream:remotename)%00%(upstream:remoteref) refs/heads/main refs/remotes/main [2ms]
2025-08-10 10:30:44.832 [info] > git status -z -uall [21ms]
2025-08-10 10:30:44.881 [info] > git for-each-ref --sort -committerdate --format %(refname)%00%(objectname)%00%(*objectname) [53ms]
2025-08-10 10:30:49.915 [info] > git config --get commit.template [16ms]
2025-08-10 10:30:49.917 [info] > git for-each-ref --format=%(refname)%00%(upstream:short)%00%(objectname)%00%(upstream:track)%00%(upstream:remotename)%00%(upstream:remoteref) refs/heads/main refs/remotes/main [3ms]
2025-08-10 10:30:49.947 [info] > git for-each-ref --sort -committerdate --format %(refname)%00%(objectname)%00%(*objectname) [3ms]
2025-08-10 10:30:49.949 [info] > git status -z -uall [18ms]
2025-08-10 10:30:54.980 [info] > git config --get commit.template [14ms]
2025-08-10 10:30:54.981 [info] > git for-each-ref --format=%(refname)%00%(upstream:short)%00%(objectname)%00%(upstream:track)%00%(upstream:remotename)%00%(upstream:remoteref) refs/heads/main refs/remotes/main [3ms]
2025-08-10 10:30:55.009 [info] > git for-each-ref --sort -committerdate --format %(refname)%00%(objectname)%00%(*objectname) [4ms]
2025-08-10 10:30:55.010 [info] > git status -z -uall [16ms]
2025-08-10 10:31:00.277 [info] > git fetch [330ms]
2025-08-10 10:31:00.296 [info] > git config --get commit.template [3ms]
2025-08-10 10:31:00.314 [info] > git for-each-ref --format=%(refname)%00%(upstream:short)%00%(objectname)%00%(upstream:track)%00%(upstream:remotename)%00%(upstream:remoteref) refs/heads/main refs/remotes/main [3ms]
2025-08-10 10:31:00.350 [info] > git for-each-ref --sort -committerdate --format %(refname)%00%(objectname)%00%(*objectname) [4ms]
2025-08-10 10:31:00.351 [info] > git status -z -uall [22ms]
2025-08-10 10:31:01.517 [info] > git config --get commit.template [17ms]
2025-08-10 10:31:01.519 [info] > git for-each-ref --format=%(refname)%00%(upstream:short)%00%(objectname)%00%(upstream:track)%00%(upstream:remotename)%00%(upstream:remoteref) refs/heads/main refs/remotes/main [3ms]
2025-08-10 10:31:01.554 [info] > git for-each-ref --sort -committerdate --format %(refname)%00%(objectname)%00%(*objectname) [5ms]
2025-08-10 10:31:01.555 [info] > git status -z -uall [21ms]
2025-08-10 10:31:22.707 [info] > git config --get commit.template [12ms]
2025-08-10 10:31:22.708 [info] > git for-each-ref --format=%(refname)%00%(upstream:short)%00%(objectname)%00%(upstream:track)%00%(upstream:remotename)%00%(upstream:remoteref) refs/heads/main refs/remotes/main [2ms]
2025-08-10 10:31:22.737 [info] > git for-each-ref --sort -committerdate --format %(refname)%00%(objectname)%00%(*objectname) [3ms]
2025-08-10 10:31:22.741 [info] > git status -z -uall [21ms]
2025-08-10 10:32:01.305 [info] > git config --get commit.template [17ms]
2025-08-10 10:32:01.308 [info] > git for-each-ref --format=%(refname)%00%(upstream:short)%00%(objectname)%00%(upstream:track)%00%(upstream:remotename)%00%(upstream:remoteref) refs/heads/main refs/remotes/main [3ms]
2025-08-10 10:32:01.359 [info] > git for-each-ref --sort -committerdate --format %(refname)%00%(objectname)%00%(*objectname) [5ms]
2025-08-10 10:32:01.375 [info] > git status -z -uall [38ms]
2025-08-10 10:32:06.417 [info] > git config --get commit.template [14ms]
2025-08-10 10:32:06.419 [info] > git for-each-ref --format=%(refname)%00%(upstream:short)%00%(objectname)%00%(upstream:track)%00%(upstream:remotename)%00%(upstream:remoteref) refs/heads/main refs/remotes/main [3ms]
2025-08-10 10:32:06.454 [info] > git for-each-ref --sort -committerdate --format %(refname)%00%(objectname)%00%(*objectname) [4ms]
2025-08-10 10:32:06.457 [info] > git status -z -uall [21ms]
2025-08-10 10:32:11.476 [info] > git config --get commit.template [3ms]
2025-08-10 10:32:11.490 [info] > git for-each-ref --format=%(refname)%00%(upstream:short)%00%(objectname)%00%(upstream:track)%00%(upstream:remotename)%00%(upstream:remoteref) refs/heads/main refs/remotes/main [3ms]
2025-08-10 10:32:11.512 [info] > git for-each-ref --sort -committerdate --format %(refname)%00%(objectname)%00%(*objectname) [3ms]
2025-08-10 10:32:11.517 [info] > git status -z -uall [17ms]
2025-08-10 10:32:20.704 [info] > git config --get commit.template [19ms]
2025-08-10 10:32:20.706 [info] > git for-each-ref --format=%(refname)%00%(upstream:short)%00%(objectname)%00%(upstream:track)%00%(upstream:remotename)%00%(upstream:remoteref) refs/heads/main refs/remotes/main [4ms]
2025-08-10 10:32:20.738 [info] > git status -z -uall [18ms]
2025-08-10 10:32:20.739 [info] > git for-each-ref --sort -committerdate --format %(refname)%00%(objectname)%00%(*objectname) [4ms]
2025-08-10 10:32:27.394 [info] > git config --get commit.template [14ms]
2025-08-10 10:32:27.397 [info] > git for-each-ref --format=%(refname)%00%(upstream:short)%00%(objectname)%00%(upstream:track)%00%(upstream:remotename)%00%(upstream:remoteref) refs/heads/main refs/remotes/main [4ms]
2025-08-10 10:32:27.427 [info] > git for-each-ref --sort -committerdate --format %(refname)%00%(objectname)%00%(*objectname) [4ms]
2025-08-10 10:32:27.428 [info] > git status -z -uall [19ms]
2025-08-10 10:32:32.450 [info] > git config --get commit.template [3ms]
2025-08-10 10:32:32.467 [info] > git for-each-ref --format=%(refname)%00%(upstream:short)%00%(objectname)%00%(upstream:track)%00%(upstream:remotename)%00%(upstream:remoteref) refs/heads/main refs/remotes/main [3ms]
2025-08-10 10:32:32.495 [info] > git for-each-ref --sort -committerdate --format %(refname)%00%(objectname)%00%(*objectname) [3ms]
2025-08-10 10:32:32.496 [info] > git status -z -uall [16ms]
2025-08-10 10:32:37.532 [info] > git config --get commit.template [18ms]
2025-08-10 10:32:37.534 [info] > git for-each-ref --format=%(refname)%00%(upstream:short)%00%(objectname)%00%(upstream:track)%00%(upstream:remotename)%00%(upstream:remoteref) refs/heads/main refs/remotes/main [3ms]
2025-08-10 10:32:37.568 [info] > git status -z -uall [18ms]
2025-08-10 10:32:37.569 [info] > git for-each-ref --sort -committerdate --format %(refname)%00%(objectname)%00%(*objectname) [4ms]
2025-08-10 10:32:42.600 [info] > git config --get commit.template [14ms]
2025-08-10 10:32:42.601 [info] > git for-each-ref --format=%(refname)%00%(upstream:short)%00%(objectname)%00%(upstream:track)%00%(upstream:remotename)%00%(upstream:remoteref) refs/heads/main refs/remotes/main [2ms]
2025-08-10 10:32:42.628 [info] > git for-each-ref --sort -committerdate --format %(refname)%00%(objectname)%00%(*objectname) [3ms]
2025-08-10 10:32:42.632 [info] > git status -z -uall [20ms]
2025-08-10 10:32:47.659 [info] > git config --get commit.template [11ms]
2025-08-10 10:32:47.661 [info] > git for-each-ref --format=%(refname)%00%(upstream:short)%00%(objectname)%00%(upstream:track)%00%(upstream:remotename)%00%(upstream:remoteref) refs/heads/main refs/remotes/main [3ms]
2025-08-10 10:32:47.687 [info] > git for-each-ref --sort -committerdate --format %(refname)%00%(objectname)%00%(*objectname) [4ms]
2025-08-10 10:32:47.691 [info] > git status -z -uall [19ms]
2025-08-10 10:33:29.679 [info] > git check-ignore -v -z --stdin [2ms]
