2025-08-09 15:52:43.324 [info] Log level: Info
2025-08-09 15:52:43.324 [info] VSCODE_MACHINE_ID: 10d3d877-fe56-442f-a117-f9035039c6e9
2025-08-09 15:52:43.324 [info] VSCODE_SESSION_ID: d52fa8b2-6a15-46cd-96e8-8d7ae3e7f7f71754754750364
2025-08-09 15:52:43.324 [info] VSCODE_VERSION: 1.102.3
2025-08-09 15:52:43.324 [info] VSCODE_APP_NAME: Gitpod Code
2025-08-09 15:52:43.324 [info] VSCODE_APP_HOST: Gitpod
2025-08-09 15:52:43.324 [info] VSCODE_UI_KIND: web
2025-08-09 15:52:43.324 [info] GITPOD_WORKSPACE_CONTEXT_URL: https://github.com/Abdallah-Develop/Website-starter
2025-08-09 15:52:43.324 [info] GITPOD_INSTANCE_ID: b59029ac-1008-4582-9739-2f9f6ca07115
2025-08-09 15:52:43.324 [info] GITPOD_WORKSPACE_URL: https://abdallahdev-websitestar-esjdme0laxn.ws-eu120.gitpod.io
2025-08-09 15:52:43.324 [info] Gitpod Web 3953e81
2025-08-09 15:52:43.324 [info] Reading sessions from keychain...
2025-08-09 15:52:45.029 [info] Got stored sessions!
2025-08-09 15:52:45.029 [info] Verified session with the following scopes: function:accessCodeSyncStorage function:closePort function:controlAdmission function:deleteEnvVar function:generateNewGitpodToken function:getDefaultWorkspaceImage function:getGitpodTokenScopes function:getIDToken function:getLoggedInUser function:getOpenPorts function:getSupportedWorkspaceClasses function:getTeams function:getToken function:getWorkspace function:getWorkspaceEnvVars function:getWorkspaceOwner function:getWorkspaceTimeout function:getWorkspaceUsers function:guessGitTokenScopes function:isWorkspaceOwner function:openPort function:sendHeartBeat function:setEnvVar function:setWorkspaceTimeout function:stopWorkspace function:takeSnapshot function:trackEvent function:updateGitStatus function:waitForSnapshot resource:contentBlob::*::create/get resource:envVar::*/**::update resource:envVar::*/*::update resource:envVar::Abdallah-Develop/Website-starter::create/get/update/delete resource:gitpodToken::*::create resource:snapshot::ws-abdallahdev-websitestar-esjdme0laxn::create resource:token::*::get resource:userStorage::*::create/get/update resource:workspace::abdallahdev-websitestar-esjdme0laxn::get/update resource:workspaceInstance::b59029ac-1008-4582-9739-2f9f6ca07115::get/update/delete
2025-08-09 15:52:45.029 [info] Got 1 verified sessions.
2025-08-09 15:52:45.029 [info] Getting sessions for all scopes...
2025-08-09 15:52:45.029 [info] Getting GitHub sessions for all scopes...
2025-08-09 15:52:45.029 [info] Got 1 sessions for all scopes...
2025-08-09 15:52:45.029 [info] Getting sessions for all scopes...
2025-08-09 15:52:45.029 [info] Got 1 sessions for all scopes...
2025-08-09 15:52:45.029 [info] Getting sessions for all scopes...
2025-08-09 15:52:45.029 [info] Got 1 sessions for all scopes...
2025-08-09 15:52:47.244 [info] Got 1 GitHub sessions for all scopes...
2025-08-09 15:52:49.258 [info] Getting GitHub sessions for all scopes...
2025-08-09 15:52:49.258 [info] Getting sessions for all scopes...
2025-08-09 15:52:49.258 [info] Got 1 GitHub sessions for all scopes...
2025-08-09 15:52:49.258 [info] Got 1 sessions for all scopes...
2025-08-09 15:52:49.259 [info] Getting GitHub sessions for all scopes...
2025-08-09 15:52:49.259 [info] Got 1 GitHub sessions for all scopes...
2025-08-09 15:52:50.715 [info] Getting GitHub sessions for read:user,repo,user:email,workflow...
2025-08-09 15:52:50.716 [info] Got 0 GitHub sessions for read:user,repo,user:email,workflow...
2025-08-09 15:52:50.787 [info] Getting GitHub sessions for all scopes...
2025-08-09 15:52:50.787 [info] Got 1 GitHub sessions for all scopes...
2025-08-09 15:52:52.720 [info] Getting sessions for all scopes...
2025-08-09 15:52:52.721 [info] Getting GitHub sessions for all scopes...
2025-08-09 15:52:52.721 [info] Got 1 sessions for all scopes...
2025-08-09 15:52:52.721 [info] Got 1 GitHub sessions for all scopes...
2025-08-09 15:52:53.140 [info] Getting sessions for all scopes...
2025-08-09 15:52:53.140 [info] Getting GitHub sessions for all scopes...
2025-08-09 15:52:53.140 [info] Got 1 sessions for all scopes...
2025-08-09 15:52:53.140 [info] Got 1 GitHub sessions for all scopes...
2025-08-09 15:52:53.488 [info] Getting GitHub sessions for project,read:org,read:user,repo,user:email,workflow...
2025-08-09 15:52:53.488 [info] Got 0 GitHub sessions for project,read:org,read:user,repo,user:email,workflow...
2025-08-09 15:52:53.994 [info] Getting GitHub sessions for read:user,repo,user:email,workflow...
2025-08-09 15:52:53.995 [info] Got 0 GitHub sessions for read:user,repo,user:email,workflow...
2025-08-09 15:52:54.388 [info] Getting sessions for function:accessCodeSyncStorage...
2025-08-09 15:52:54.388 [info] Got 1 sessions for function:accessCodeSyncStorage...
2025-08-09 15:52:54.713 [info] Getting GitHub sessions for read:user,repo,user:email...
2025-08-09 15:52:54.713 [info] Got 0 GitHub sessions for read:user,repo,user:email...
2025-08-09 15:52:55.854 [info] Getting GitHub sessions for read:user,repo,user:email,workflow...
2025-08-09 15:52:55.854 [info] Got 0 GitHub sessions for read:user,repo,user:email,workflow...
2025-08-09 15:52:56.045 [info] Getting sessions for all scopes...
2025-08-09 15:52:56.045 [info] Getting GitHub sessions for all scopes...
2025-08-09 15:52:56.046 [info] Got 1 sessions for all scopes...
2025-08-09 15:52:56.046 [info] Got 1 GitHub sessions for all scopes...
2025-08-09 15:52:56.362 [info] Getting sessions for all scopes...
2025-08-09 15:52:56.362 [info] Getting GitHub sessions for all scopes...
2025-08-09 15:52:56.363 [info] Got 1 sessions for all scopes...
2025-08-09 15:52:56.363 [info] Got 1 GitHub sessions for all scopes...
2025-08-09 15:53:01.359 [info] Getting sessions for all scopes...
2025-08-09 15:53:01.359 [info] Getting GitHub sessions for all scopes...
2025-08-09 15:53:01.359 [info] Got 1 sessions for all scopes...
2025-08-09 15:53:01.359 [info] Got 1 GitHub sessions for all scopes...
2025-08-09 15:53:01.945 [info] Getting sessions for all scopes...
2025-08-09 15:53:01.945 [info] Getting GitHub sessions for all scopes...
2025-08-09 15:53:01.945 [info] Got 1 sessions for all scopes...
2025-08-09 15:53:01.945 [info] Got 1 GitHub sessions for all scopes...
2025-08-09 15:53:02.105 [info] Getting sessions for all scopes...
2025-08-09 15:53:02.105 [info] Getting GitHub sessions for all scopes...
2025-08-09 15:53:02.105 [info] Got 1 sessions for all scopes...
2025-08-09 15:53:02.105 [info] Got 1 GitHub sessions for all scopes...
2025-08-09 15:53:02.106 [info] Getting sessions for all scopes...
2025-08-09 15:53:02.106 [info] Getting GitHub sessions for all scopes...
2025-08-09 15:53:02.106 [info] Got 1 sessions for all scopes...
2025-08-09 15:53:02.106 [info] Got 1 GitHub sessions for all scopes...
2025-08-09 15:53:03.115 [info] Getting sessions for all scopes...
2025-08-09 15:53:03.115 [info] Getting GitHub sessions for all scopes...
2025-08-09 15:53:03.115 [info] Got 1 sessions for all scopes...
2025-08-09 15:53:03.115 [info] Got 1 GitHub sessions for all scopes...
2025-08-09 15:53:03.379 [info] Getting sessions for all scopes...
2025-08-09 15:53:03.379 [info] Getting GitHub sessions for all scopes...
2025-08-09 15:53:03.379 [info] Got 1 sessions for all scopes...
2025-08-09 15:53:03.379 [info] Got 1 GitHub sessions for all scopes...
2025-08-09 15:53:03.483 [info] Getting sessions for all scopes...
2025-08-09 15:53:03.483 [info] Getting GitHub sessions for all scopes...
2025-08-09 15:53:03.483 [info] Got 1 sessions for all scopes...
2025-08-09 15:53:03.483 [info] Got 1 GitHub sessions for all scopes...
2025-08-09 15:53:03.501 [info] Getting sessions for all scopes...
2025-08-09 15:53:03.501 [info] Getting GitHub sessions for all scopes...
2025-08-09 15:53:03.501 [info] Got 1 sessions for all scopes...
2025-08-09 15:53:03.501 [info] Got 1 GitHub sessions for all scopes...
2025-08-09 15:53:04.827 [info] Getting sessions for all scopes...
2025-08-09 15:53:04.827 [info] Getting GitHub sessions for all scopes...
2025-08-09 15:53:04.827 [info] Got 1 sessions for all scopes...
2025-08-09 15:53:04.827 [info] Got 1 GitHub sessions for all scopes...
2025-08-09 15:53:04.827 [info] Getting sessions for all scopes...
2025-08-09 15:53:04.827 [info] Getting GitHub sessions for all scopes...
2025-08-09 15:53:04.827 [info] Got 1 sessions for all scopes...
2025-08-09 15:53:04.827 [info] Got 1 GitHub sessions for all scopes...
2025-08-09 15:53:04.828 [info] Getting sessions for all scopes...
2025-08-09 15:53:04.828 [info] Getting GitHub sessions for all scopes...
2025-08-09 15:53:04.828 [info] Got 1 sessions for all scopes...
2025-08-09 15:53:04.828 [info] Got 1 GitHub sessions for all scopes...
2025-08-09 15:58:27.972 [info] Getting GitHub sessions for read:user,repo,user:email,workflow...
2025-08-09 15:58:27.972 [info] Got 0 GitHub sessions for read:user,repo,user:email,workflow...
2025-08-09 16:03:24.830 [info] Getting sessions for all scopes...
2025-08-09 16:03:24.830 [info] Getting GitHub sessions for all scopes...
2025-08-09 16:03:24.830 [info] Got 1 sessions for all scopes...
2025-08-09 16:03:24.830 [info] Got 1 GitHub sessions for all scopes...
2025-08-09 16:03:25.018 [info] Getting sessions for all scopes...
2025-08-09 16:03:25.018 [info] Getting GitHub sessions for all scopes...
2025-08-09 16:03:25.018 [info] Got 1 sessions for all scopes...
2025-08-09 16:03:25.018 [info] Got 1 GitHub sessions for all scopes...
2025-08-09 16:06:53.831 [info] Getting sessions for all scopes...
2025-08-09 16:06:53.831 [info] Getting GitHub sessions for all scopes...
2025-08-09 16:06:53.831 [info] Got 1 sessions for all scopes...
2025-08-09 16:06:53.831 [info] Got 1 GitHub sessions for all scopes...
2025-08-09 16:06:53.940 [info] Getting sessions for all scopes...
2025-08-09 16:06:53.940 [info] Getting GitHub sessions for all scopes...
2025-08-09 16:06:53.940 [info] Got 1 sessions for all scopes...
2025-08-09 16:06:53.940 [info] Got 1 GitHub sessions for all scopes...
2025-08-09 16:08:44.468 [info] Getting sessions for all scopes...
2025-08-09 16:08:44.468 [info] Getting GitHub sessions for all scopes...
2025-08-09 16:08:44.468 [info] Got 1 sessions for all scopes...
2025-08-09 16:08:44.468 [info] Got 1 GitHub sessions for all scopes...
2025-08-09 16:08:44.670 [info] Getting sessions for all scopes...
2025-08-09 16:08:44.670 [info] Getting GitHub sessions for all scopes...
2025-08-09 16:08:44.670 [info] Got 1 sessions for all scopes...
2025-08-09 16:08:44.670 [info] Got 1 GitHub sessions for all scopes...
