2025-08-09 12:32:24.630 [info] [main] Log level: Info
2025-08-09 12:32:24.630 [info] [main] Validating found git in: "git"
2025-08-09 12:32:24.630 [info] [main] Using git "2.49.0" from "git"
2025-08-09 12:32:24.630 [info] [Model][doInitialScan] Initial repository scan started
2025-08-09 12:32:24.630 [info] > git rev-parse --show-toplevel [160ms]
2025-08-09 12:32:24.630 [info] > git rev-parse --git-dir --git-common-dir [4ms]
2025-08-09 12:32:24.630 [info] [Model][openRepository] Opened repository (path): /workspace/Website-starter
2025-08-09 12:32:24.630 [info] [Model][openRepository] Opened repository (real path): /workspace/Website-starter
2025-08-09 12:32:24.630 [info] > git rev-parse --show-toplevel [42ms]
2025-08-09 12:32:24.630 [info] > git config --get commit.template [60ms]
2025-08-09 12:32:24.630 [info] > git rev-parse --show-toplevel [14ms]
2025-08-09 12:32:24.630 [info] > git for-each-ref --format=%(refname)%00%(upstream:short)%00%(objectname)%00%(upstream:track)%00%(upstream:remotename)%00%(upstream:remoteref) refs/heads/main refs/remotes/main [62ms]
2025-08-09 12:32:24.630 [info] > git rev-parse --show-toplevel [147ms]
2025-08-09 12:32:24.630 [info] > git rev-parse --show-toplevel [68ms]
2025-08-09 12:32:24.631 [info] > git status -z -uall [77ms]
2025-08-09 12:32:24.631 [info] > git rev-parse --show-toplevel [8ms]
2025-08-09 12:32:24.631 [info] > git for-each-ref --sort -committerdate --format %(refname)%00%(objectname)%00%(*objectname) [27ms]
2025-08-09 12:32:24.631 [info] > git for-each-ref --format=%(refname)%00%(upstream:short)%00%(objectname)%00%(upstream:track)%00%(upstream:remotename)%00%(upstream:remoteref) refs/heads/main refs/remotes/main [11ms]
2025-08-09 12:32:24.631 [info] > git config --get --local branch.main.vscode-merge-base [166ms]
2025-08-09 12:32:24.631 [info] > git rev-parse --show-toplevel [185ms]
2025-08-09 12:32:24.631 [info] > git fetch [700ms]
2025-08-09 12:32:24.631 [info] > git config --get commit.template [51ms]
2025-08-09 12:32:24.631 [info] > git rev-parse --show-toplevel [24ms]
2025-08-09 12:32:24.631 [info] [Model][doInitialScan] Initial repository scan completed - repositories (1), closed repositories (0), parent repositories (0), unsafe repositories (0)
2025-08-09 12:32:24.631 [info] > git for-each-ref --format=%(refname)%00%(upstream:short)%00%(objectname)%00%(upstream:track)%00%(upstream:remotename)%00%(upstream:remoteref) refs/heads/origin/main refs/remotes/origin/main [35ms]
2025-08-09 12:32:24.631 [info] > git for-each-ref --format=%(refname)%00%(upstream:short)%00%(objectname)%00%(upstream:track)%00%(upstream:remotename)%00%(upstream:remoteref) refs/heads/main refs/remotes/main [50ms]
2025-08-09 12:32:24.631 [info] > git config --get commit.template [75ms]
2025-08-09 12:32:24.631 [info] > git merge-base refs/heads/main refs/remotes/origin/main [38ms]
2025-08-09 12:32:24.631 [info] > git for-each-ref --format=%(refname)%00%(upstream:short)%00%(objectname)%00%(upstream:track)%00%(upstream:remotename)%00%(upstream:remoteref) refs/heads/main refs/remotes/main [12ms]
2025-08-09 12:32:24.631 [info] > git diff --name-status -z --diff-filter=ADMR 0d7a3a898007be1d8200d8db99d59472a2da8d06...refs/remotes/origin/main [10ms]
2025-08-09 12:32:24.643 [info] > git status -z -uall [53ms]
2025-08-09 12:32:24.648 [info] > git for-each-ref --sort -committerdate --format %(refname)%00%(objectname)%00%(*objectname) [19ms]
2025-08-09 12:32:28.363 [info] > git check-ignore -v -z --stdin [29ms]
2025-08-09 12:32:29.635 [info] > git show --textconv :src/components/ui/blocks/ReviewComponent.astro [92ms]
2025-08-09 12:32:29.637 [info] > git ls-files --stage -- src/components/ui/blocks/ReviewComponent.astro [85ms]
2025-08-09 12:32:29.724 [info] > git cat-file -s c79d645cf5b06f7d8d738a8f647f2d1cf0f0fd49 [71ms]
2025-08-09 12:32:30.523 [info] > git config --get commit.template [48ms]
2025-08-09 12:32:30.565 [info] > git for-each-ref --format=%(refname)%00%(upstream:short)%00%(objectname)%00%(upstream:track)%00%(upstream:remotename)%00%(upstream:remoteref) refs/heads/main refs/remotes/main [2ms]
2025-08-09 12:32:30.718 [info] > git status -z -uall [77ms]
2025-08-09 12:32:30.720 [info] > git for-each-ref --sort -committerdate --format %(refname)%00%(objectname)%00%(*objectname) [64ms]
2025-08-09 12:32:32.295 [info] > git blame --root --incremental 0d7a3a898007be1d8200d8db99d59472a2da8d06 -- src/components/ui/blocks/ReviewComponent.astro [9ms]
2025-08-09 12:32:37.772 [info] > git config --get --local branch.main.github-pr-owner-number [13ms]
2025-08-09 12:32:37.772 [warning] [Git][config] git config failed: Failed to execute git
