2025-08-09 15:42:51.122 [info] [main] Log level: Info
2025-08-09 15:42:51.122 [info] [main] Validating found git in: "git"
2025-08-09 15:42:51.122 [info] [main] Using git "2.49.0" from "git"
2025-08-09 15:42:51.122 [info] [Model][doInitialScan] Initial repository scan started
2025-08-09 15:42:51.122 [info] > git rev-parse --show-toplevel [9ms]
2025-08-09 15:42:51.122 [info] > git rev-parse --git-dir --git-common-dir [3ms]
2025-08-09 15:42:51.122 [info] [Model][openRepository] Opened repository (path): /workspace/Website-starter
2025-08-09 15:42:51.122 [info] [Model][openRepository] Opened repository (real path): /workspace/Website-starter
2025-08-09 15:42:51.122 [info] > git config --get commit.template [8ms]
2025-08-09 15:42:51.122 [info] > git rev-parse --show-toplevel [11ms]
2025-08-09 15:42:51.122 [info] > git for-each-ref --format=%(refname)%00%(upstream:short)%00%(objectname)%00%(upstream:track)%00%(upstream:remotename)%00%(upstream:remoteref) refs/heads/main refs/remotes/main [10ms]
2025-08-09 15:42:51.122 [info] > git rev-parse --show-toplevel [3ms]
2025-08-09 15:42:51.122 [info] > git status -z -uall [26ms]
2025-08-09 15:42:51.122 [info] > git rev-parse --show-toplevel [8ms]
2025-08-09 15:42:51.122 [info] > git for-each-ref --sort -committerdate --format %(refname)%00%(objectname)%00%(*objectname) [17ms]
2025-08-09 15:42:51.122 [info] > git for-each-ref --format=%(refname)%00%(upstream:short)%00%(objectname)%00%(upstream:track)%00%(upstream:remotename)%00%(upstream:remoteref) refs/heads/main refs/remotes/main [59ms]
2025-08-09 15:42:51.122 [info] > git rev-parse --show-toplevel [96ms]
2025-08-09 15:42:51.122 [info] > git config --get commit.template [18ms]
2025-08-09 15:42:51.122 [info] > git config --get --local branch.main.vscode-merge-base [9ms]
2025-08-09 15:42:51.122 [info] > git rev-parse --show-toplevel [15ms]
2025-08-09 15:42:51.122 [info] > git for-each-ref --format=%(refname)%00%(upstream:short)%00%(objectname)%00%(upstream:track)%00%(upstream:remotename)%00%(upstream:remoteref) refs/heads/origin/main refs/remotes/origin/main [13ms]
2025-08-09 15:42:51.122 [info] > git rev-parse --show-toplevel [8ms]
2025-08-09 15:42:51.122 [info] > git for-each-ref --format=%(refname)%00%(upstream:short)%00%(objectname)%00%(upstream:track)%00%(upstream:remotename)%00%(upstream:remoteref) refs/heads/main refs/remotes/main [14ms]
2025-08-09 15:42:51.122 [info] > git merge-base refs/heads/main refs/remotes/origin/main [6ms]
2025-08-09 15:42:51.122 [info] > git rev-parse --show-toplevel [6ms]
2025-08-09 15:42:51.122 [info] [Model][doInitialScan] Initial repository scan completed - repositories (1), closed repositories (0), parent repositories (0), unsafe repositories (0)
2025-08-09 15:42:51.122 [info] > git diff --name-status -z --diff-filter=ADMR 0d7a3a898007be1d8200d8db99d59472a2da8d06...refs/remotes/origin/main [13ms]
2025-08-09 15:42:51.122 [info] > git for-each-ref --sort -committerdate --format %(refname)%00%(objectname)%00%(*objectname) [2ms]
2025-08-09 15:42:51.122 [info] > git status -z -uall [14ms]
2025-08-09 15:42:51.122 [info] > git fetch [379ms]
2025-08-09 15:42:51.122 [info] > git config --get commit.template [5ms]
2025-08-09 15:42:51.122 [info] > git for-each-ref --format=%(refname)%00%(upstream:short)%00%(objectname)%00%(upstream:track)%00%(upstream:remotename)%00%(upstream:remoteref) refs/heads/main refs/remotes/main [2ms]
2025-08-09 15:42:51.122 [info] > git for-each-ref --sort -committerdate --format %(refname)%00%(objectname)%00%(*objectname) [3ms]
2025-08-09 15:42:51.122 [info] > git status -z -uall [14ms]
2025-08-09 15:42:52.023 [info] > git check-ignore -v -z --stdin [3ms]
2025-08-09 15:42:52.779 [info] > git config --get commit.template [7ms]
2025-08-09 15:42:52.781 [info] > git for-each-ref --format=%(refname)%00%(upstream:short)%00%(objectname)%00%(upstream:track)%00%(upstream:remotename)%00%(upstream:remoteref) refs/heads/main refs/remotes/main [3ms]
2025-08-09 15:42:52.796 [info] > git for-each-ref --sort -committerdate --format %(refname)%00%(objectname)%00%(*objectname) [3ms]
2025-08-09 15:42:52.802 [info] > git status -z -uall [15ms]
2025-08-09 15:42:57.128 [info] > git check-ignore -v -z --stdin [2ms]
2025-08-09 15:43:21.586 [info] > git config --get --local branch.main.github-pr-owner-number [3ms]
2025-08-09 15:43:21.586 [warning] [Git][config] git config failed: Failed to execute git
2025-08-09 15:44:04.602 [info] > git config --get commit.template [2ms]
2025-08-09 15:44:04.613 [info] > git for-each-ref --format=%(refname)%00%(upstream:short)%00%(objectname)%00%(upstream:track)%00%(upstream:remotename)%00%(upstream:remoteref) refs/heads/main refs/remotes/main [3ms]
2025-08-09 15:44:04.629 [info] > git for-each-ref --sort -committerdate --format %(refname)%00%(objectname)%00%(*objectname) [2ms]
2025-08-09 15:44:04.634 [info] > git status -z -uall [14ms]
2025-08-09 15:44:06.890 [info] > git check-ignore -v -z --stdin [3ms]
2025-08-09 15:44:10.852 [info] > git check-ignore -v -z --stdin [3ms]
2025-08-09 15:44:12.481 [info] > git check-ignore -v -z --stdin [2ms]
2025-08-09 15:45:47.557 [info] > git check-ignore -v -z --stdin [2ms]
2025-08-09 15:45:50.841 [info] > git fetch [322ms]
2025-08-09 15:45:50.861 [info] > git config --get commit.template [9ms]
2025-08-09 15:45:50.863 [info] > git for-each-ref --format=%(refname)%00%(upstream:short)%00%(objectname)%00%(upstream:track)%00%(upstream:remotename)%00%(upstream:remoteref) refs/heads/main refs/remotes/main [3ms]
2025-08-09 15:45:50.886 [info] > git for-each-ref --sort -committerdate --format %(refname)%00%(objectname)%00%(*objectname) [4ms]
2025-08-09 15:45:50.890 [info] > git status -z -uall [18ms]
2025-08-09 15:45:52.133 [info] > git config --get commit.template [10ms]
2025-08-09 15:45:52.134 [info] > git for-each-ref --format=%(refname)%00%(upstream:short)%00%(objectname)%00%(upstream:track)%00%(upstream:remotename)%00%(upstream:remoteref) refs/heads/main refs/remotes/main [2ms]
2025-08-09 15:45:52.157 [info] > git for-each-ref --sort -committerdate --format %(refname)%00%(objectname)%00%(*objectname) [3ms]
2025-08-09 15:45:52.158 [info] > git status -z -uall [14ms]
2025-08-09 15:45:54.603 [info] > git check-ignore -v -z --stdin [2ms]
2025-08-09 15:46:11.687 [info] > git check-ignore -v -z --stdin [2ms]
2025-08-09 15:46:14.855 [info] > git check-ignore -v -z --stdin [2ms]
2025-08-09 15:46:16.252 [info] > git check-ignore -v -z --stdin [3ms]
2025-08-09 15:46:17.441 [info] > git check-ignore -v -z --stdin [3ms]
2025-08-09 15:46:19.983 [info] > git check-ignore -v -z --stdin [2ms]
2025-08-09 15:46:21.411 [info] > git check-ignore -v -z --stdin [3ms]
2025-08-09 15:46:21.943 [info] > git check-ignore -v -z --stdin [3ms]
2025-08-09 15:47:00.030 [info] > git check-ignore -v -z --stdin [2ms]
2025-08-09 15:48:12.936 [info] > git config --get commit.template [11ms]
2025-08-09 15:48:12.937 [info] > git for-each-ref --format=%(refname)%00%(upstream:short)%00%(objectname)%00%(upstream:track)%00%(upstream:remotename)%00%(upstream:remoteref) refs/heads/main refs/remotes/main [3ms]
2025-08-09 15:48:12.957 [info] > git for-each-ref --sort -committerdate --format %(refname)%00%(objectname)%00%(*objectname) [3ms]
2025-08-09 15:48:12.960 [info] > git status -z -uall [14ms]
2025-08-09 15:48:51.250 [info] > git fetch [342ms]
2025-08-09 15:48:51.267 [info] > git config --get commit.template [3ms]
2025-08-09 15:48:51.282 [info] > git for-each-ref --format=%(refname)%00%(upstream:short)%00%(objectname)%00%(upstream:track)%00%(upstream:remotename)%00%(upstream:remoteref) refs/heads/main refs/remotes/main [3ms]
2025-08-09 15:48:51.307 [info] > git for-each-ref --sort -committerdate --format %(refname)%00%(objectname)%00%(*objectname) [3ms]
2025-08-09 15:48:51.308 [info] > git status -z -uall [15ms]
2025-08-09 15:51:51.657 [info] > git fetch [334ms]
2025-08-09 15:51:51.673 [info] > git config --get commit.template [8ms]
2025-08-09 15:51:51.675 [info] > git for-each-ref --format=%(refname)%00%(upstream:short)%00%(objectname)%00%(upstream:track)%00%(upstream:remotename)%00%(upstream:remoteref) refs/heads/main refs/remotes/main [2ms]
2025-08-09 15:51:51.693 [info] > git for-each-ref --sort -committerdate --format %(refname)%00%(objectname)%00%(*objectname) [3ms]
2025-08-09 15:51:51.699 [info] > git status -z -uall [16ms]
2025-08-09 15:54:52.056 [info] > git fetch [342ms]
2025-08-09 15:54:52.077 [info] > git config --get commit.template [10ms]
2025-08-09 15:54:52.078 [info] > git for-each-ref --format=%(refname)%00%(upstream:short)%00%(objectname)%00%(upstream:track)%00%(upstream:remotename)%00%(upstream:remoteref) refs/heads/main refs/remotes/main [3ms]
2025-08-09 15:54:52.097 [info] > git for-each-ref --sort -committerdate --format %(refname)%00%(objectname)%00%(*objectname) [2ms]
2025-08-09 15:54:52.101 [info] > git status -z -uall [14ms]
