2025-08-08 08:21:10.746 [info] [main] Log level: Info
2025-08-08 08:21:10.746 [info] [main] Validating found git in: "git"
2025-08-08 08:21:10.746 [info] [main] Using git "2.49.0" from "git"
2025-08-08 08:21:10.746 [info] [Model][doInitialScan] Initial repository scan started
2025-08-08 08:21:10.746 [info] > git rev-parse --show-toplevel [4ms]
2025-08-08 08:21:10.746 [info] > git rev-parse --git-dir --git-common-dir [20ms]
2025-08-08 08:21:10.746 [info] [Model][openRepository] Opened repository (path): /workspace/Website-starter
2025-08-08 08:21:10.746 [info] [Model][openRepository] Opened repository (real path): /workspace/Website-starter
2025-08-08 08:21:10.746 [info] > git rev-parse --show-toplevel [5ms]
2025-08-08 08:21:10.746 [info] > git config --get commit.template [13ms]
2025-08-08 08:21:10.746 [info] > git for-each-ref --format=%(refname)%00%(upstream:short)%00%(objectname)%00%(upstream:track)%00%(upstream:remotename)%00%(upstream:remoteref) refs/heads/main refs/remotes/main [9ms]
2025-08-08 08:21:10.746 [info] > git rev-parse --show-toplevel [19ms]
2025-08-08 08:21:10.746 [info] > git rev-parse --show-toplevel [79ms]
2025-08-08 08:21:10.746 [info] > git for-each-ref --sort -committerdate --format %(refname)%00%(objectname)%00%(*objectname) [15ms]
2025-08-08 08:21:10.746 [info] > git rev-parse --show-toplevel [6ms]
2025-08-08 08:21:10.746 [info] > git status -z -uall [29ms]
2025-08-08 08:21:10.746 [info] > git config --get commit.template [84ms]
2025-08-08 08:21:10.746 [info] > git rev-parse --show-toplevel [96ms]
2025-08-08 08:21:10.746 [info] > git for-each-ref --format=%(refname)%00%(upstream:short)%00%(objectname)%00%(upstream:track)%00%(upstream:remotename)%00%(upstream:remoteref) refs/heads/main refs/remotes/main [169ms]
2025-08-08 08:21:10.746 [info] > git fetch [692ms]
2025-08-08 08:21:10.746 [info] > git config --get --local branch.main.vscode-merge-base [197ms]
2025-08-08 08:21:10.746 [info] > git for-each-ref --format=%(refname)%00%(upstream:short)%00%(objectname)%00%(upstream:track)%00%(upstream:remotename)%00%(upstream:remoteref) refs/heads/main refs/remotes/main [24ms]
2025-08-08 08:21:10.746 [info] > git rev-parse --show-toplevel [80ms]
2025-08-08 08:21:10.746 [info] > git config --get commit.template [12ms]
2025-08-08 08:21:10.746 [info] > git for-each-ref --format=%(refname)%00%(upstream:short)%00%(objectname)%00%(upstream:track)%00%(upstream:remotename)%00%(upstream:remoteref) refs/heads/origin/main refs/remotes/origin/main [20ms]
2025-08-08 08:21:10.746 [info] > git rev-parse --show-toplevel [79ms]
2025-08-08 08:21:10.746 [info] [Model][doInitialScan] Initial repository scan completed - repositories (1), closed repositories (0), parent repositories (0), unsafe repositories (0)
2025-08-08 08:21:10.746 [info] > git merge-base refs/heads/main refs/remotes/origin/main [20ms]
2025-08-08 08:21:10.746 [info] > git for-each-ref --format=%(refname)%00%(upstream:short)%00%(objectname)%00%(upstream:track)%00%(upstream:remotename)%00%(upstream:remoteref) refs/heads/main refs/remotes/main [24ms]
2025-08-08 08:21:10.746 [info] > git diff --name-status -z --diff-filter=ADMR 0d7a3a898007be1d8200d8db99d59472a2da8d06...refs/remotes/origin/main [14ms]
2025-08-08 08:21:10.746 [info] > git merge-base refs/heads/main refs/remotes/origin/main [73ms]
2025-08-08 08:21:10.746 [info] > git for-each-ref --sort -committerdate --format %(refname)%00%(objectname)%00%(*objectname) [13ms]
2025-08-08 08:21:10.746 [info] > git status -z -uall [92ms]
2025-08-08 08:21:10.746 [info] > git diff --name-status -z --diff-filter=ADMR 0d7a3a898007be1d8200d8db99d59472a2da8d06...refs/remotes/origin/main [70ms]
2025-08-08 08:21:14.234 [info] > git check-ignore -v -z --stdin [5ms]
2025-08-08 08:21:21.629 [info] > git config --get --local branch.main.github-pr-owner-number [4ms]
2025-08-08 08:21:21.629 [warning] [Git][config] git config failed: Failed to execute git
2025-08-08 08:21:25.942 [info] > git config --get commit.template [9ms]
2025-08-08 08:21:26.132 [info] > git for-each-ref --format=%(refname)%00%(upstream:short)%00%(objectname)%00%(upstream:track)%00%(upstream:remotename)%00%(upstream:remoteref) refs/heads/main refs/remotes/main [8ms]
2025-08-08 08:21:26.434 [info] > git for-each-ref --sort -committerdate --format %(refname)%00%(objectname)%00%(*objectname) [4ms]
2025-08-08 08:21:26.529 [info] > git status -z -uall [291ms]
2025-08-08 08:21:31.659 [info] > git config --get commit.template [91ms]
2025-08-08 08:21:31.661 [info] > git for-each-ref --format=%(refname)%00%(upstream:short)%00%(objectname)%00%(upstream:track)%00%(upstream:remotename)%00%(upstream:remoteref) refs/heads/main refs/remotes/main [3ms]
2025-08-08 08:21:31.828 [info] > git status -z -uall [88ms]
2025-08-08 08:21:31.828 [info] > git for-each-ref --sort -committerdate --format %(refname)%00%(objectname)%00%(*objectname) [3ms]
2025-08-08 08:21:36.923 [info] > git config --get commit.template [62ms]
2025-08-08 08:21:36.944 [info] > git for-each-ref --format=%(refname)%00%(upstream:short)%00%(objectname)%00%(upstream:track)%00%(upstream:remotename)%00%(upstream:remoteref) refs/heads/main refs/remotes/main [4ms]
2025-08-08 08:21:37.052 [info] > git for-each-ref --sort -committerdate --format %(refname)%00%(objectname)%00%(*objectname) [4ms]
2025-08-08 08:21:37.056 [info] > git status -z -uall [29ms]
2025-08-08 08:21:46.230 [info] > git config --get commit.template [18ms]
2025-08-08 08:21:46.232 [info] > git for-each-ref --format=%(refname)%00%(upstream:short)%00%(objectname)%00%(upstream:track)%00%(upstream:remotename)%00%(upstream:remoteref) refs/heads/main refs/remotes/main [3ms]
2025-08-08 08:21:46.274 [info] > git for-each-ref --sort -committerdate --format %(refname)%00%(objectname)%00%(*objectname) [6ms]
2025-08-08 08:21:46.279 [info] > git status -z -uall [28ms]
2025-08-08 08:22:34.099 [info] > git config --get commit.template [16ms]
2025-08-08 08:22:34.101 [info] > git for-each-ref --format=%(refname)%00%(upstream:short)%00%(objectname)%00%(upstream:track)%00%(upstream:remotename)%00%(upstream:remoteref) refs/heads/main refs/remotes/main [4ms]
2025-08-08 08:22:34.136 [info] > git for-each-ref --sort -committerdate --format %(refname)%00%(objectname)%00%(*objectname) [4ms]
2025-08-08 08:22:34.142 [info] > git status -z -uall [25ms]
2025-08-08 08:22:41.480 [info] > git config --get commit.template [13ms]
2025-08-08 08:22:41.482 [info] > git for-each-ref --format=%(refname)%00%(upstream:short)%00%(objectname)%00%(upstream:track)%00%(upstream:remotename)%00%(upstream:remoteref) refs/heads/main refs/remotes/main [3ms]
2025-08-08 08:22:41.522 [info] > git for-each-ref --sort -committerdate --format %(refname)%00%(objectname)%00%(*objectname) [1ms]
2025-08-08 08:22:41.536 [info] > git status -z -uall [40ms]
2025-08-08 08:22:46.974 [info] > git config --get commit.template [17ms]
2025-08-08 08:22:46.977 [info] > git for-each-ref --format=%(refname)%00%(upstream:short)%00%(objectname)%00%(upstream:track)%00%(upstream:remotename)%00%(upstream:remoteref) refs/heads/main refs/remotes/main [4ms]
2025-08-08 08:22:47.005 [info] > git for-each-ref --sort -committerdate --format %(refname)%00%(objectname)%00%(*objectname) [4ms]
2025-08-08 08:22:47.031 [info] > git status -z -uall [41ms]
2025-08-08 08:22:56.023 [info] > git for-each-ref --format=%(refname)%00%(upstream:short)%00%(objectname)%00%(upstream:track)%00%(upstream:remotename)%00%(upstream:remoteref) refs/heads/main refs/remotes/main [63ms]
2025-08-08 08:22:56.023 [info] > git config --get commit.template [91ms]
2025-08-08 08:22:56.144 [info] > git for-each-ref --sort -committerdate --format %(refname)%00%(objectname)%00%(*objectname) [19ms]
2025-08-08 08:22:56.146 [info] > git status -z -uall [104ms]
2025-08-08 08:23:01.175 [info] > git config --get commit.template [3ms]
2025-08-08 08:23:01.193 [info] > git for-each-ref --format=%(refname)%00%(upstream:short)%00%(objectname)%00%(upstream:track)%00%(upstream:remotename)%00%(upstream:remoteref) refs/heads/main refs/remotes/main [3ms]
2025-08-08 08:23:01.217 [info] > git for-each-ref --sort -committerdate --format %(refname)%00%(objectname)%00%(*objectname) [4ms]
2025-08-08 08:23:01.228 [info] > git status -z -uall [24ms]
2025-08-08 08:23:21.369 [info] > git config --get commit.template [16ms]
2025-08-08 08:23:21.372 [info] > git for-each-ref --format=%(refname)%00%(upstream:short)%00%(objectname)%00%(upstream:track)%00%(upstream:remotename)%00%(upstream:remoteref) refs/heads/main refs/remotes/main [4ms]
2025-08-08 08:23:21.426 [info] > git status -z -uall [39ms]
2025-08-08 08:23:21.426 [info] > git for-each-ref --sort -committerdate --format %(refname)%00%(objectname)%00%(*objectname) [22ms]
2025-08-08 08:24:29.699 [info] > git fetch [385ms]
2025-08-08 08:24:29.735 [info] > git config --get commit.template [20ms]
2025-08-08 08:24:29.738 [info] > git for-each-ref --format=%(refname)%00%(upstream:short)%00%(objectname)%00%(upstream:track)%00%(upstream:remotename)%00%(upstream:remoteref) refs/heads/main refs/remotes/main [6ms]
2025-08-08 08:24:29.792 [info] > git for-each-ref --sort -committerdate --format %(refname)%00%(objectname)%00%(*objectname) [3ms]
2025-08-08 08:24:29.793 [info] > git status -z -uall [24ms]
2025-08-08 08:24:44.774 [info] > git config --get commit.template [35ms]
2025-08-08 08:24:44.777 [info] > git for-each-ref --format=%(refname)%00%(upstream:short)%00%(objectname)%00%(upstream:track)%00%(upstream:remotename)%00%(upstream:remoteref) refs/heads/main refs/remotes/main [4ms]
2025-08-08 08:24:44.810 [info] > git for-each-ref --sort -committerdate --format %(refname)%00%(objectname)%00%(*objectname) [3ms]
2025-08-08 08:24:44.814 [info] > git status -z -uall [21ms]
2025-08-08 08:25:17.697 [info] > git config --get commit.template [19ms]
2025-08-08 08:25:17.701 [info] > git for-each-ref --format=%(refname)%00%(upstream:short)%00%(objectname)%00%(upstream:track)%00%(upstream:remotename)%00%(upstream:remoteref) refs/heads/main refs/remotes/main [4ms]
2025-08-08 08:25:17.750 [info] > git for-each-ref --sort -committerdate --format %(refname)%00%(objectname)%00%(*objectname) [7ms]
2025-08-08 08:25:17.752 [info] > git status -z -uall [25ms]
2025-08-08 08:25:22.793 [info] > git config --get commit.template [16ms]
2025-08-08 08:25:22.795 [info] > git for-each-ref --format=%(refname)%00%(upstream:short)%00%(objectname)%00%(upstream:track)%00%(upstream:remotename)%00%(upstream:remoteref) refs/heads/main refs/remotes/main [3ms]
2025-08-08 08:25:22.837 [info] > git for-each-ref --sort -committerdate --format %(refname)%00%(objectname)%00%(*objectname) [2ms]
2025-08-08 08:25:22.839 [info] > git status -z -uall [25ms]
2025-08-08 08:25:27.877 [info] > git config --get commit.template [14ms]
2025-08-08 08:25:27.880 [info] > git for-each-ref --format=%(refname)%00%(upstream:short)%00%(objectname)%00%(upstream:track)%00%(upstream:remotename)%00%(upstream:remoteref) refs/heads/main refs/remotes/main [4ms]
2025-08-08 08:25:27.924 [info] > git status -z -uall [27ms]
2025-08-08 08:25:27.929 [info] > git for-each-ref --sort -committerdate --format %(refname)%00%(objectname)%00%(*objectname) [8ms]
2025-08-08 08:25:32.972 [info] > git config --get commit.template [20ms]
2025-08-08 08:25:32.974 [info] > git for-each-ref --format=%(refname)%00%(upstream:short)%00%(objectname)%00%(upstream:track)%00%(upstream:remotename)%00%(upstream:remoteref) refs/heads/main refs/remotes/main [3ms]
2025-08-08 08:25:33.012 [info] > git for-each-ref --sort -committerdate --format %(refname)%00%(objectname)%00%(*objectname) [3ms]
2025-08-08 08:25:33.027 [info] > git status -z -uall [34ms]
2025-08-08 08:26:19.092 [info] > git config --get commit.template [3ms]
2025-08-08 08:26:19.110 [info] > git for-each-ref --format=%(refname)%00%(upstream:short)%00%(objectname)%00%(upstream:track)%00%(upstream:remotename)%00%(upstream:remoteref) refs/heads/main refs/remotes/main [3ms]
2025-08-08 08:26:19.152 [info] > git status -z -uall [26ms]
2025-08-08 08:26:19.153 [info] > git for-each-ref --sort -committerdate --format %(refname)%00%(objectname)%00%(*objectname) [8ms]
2025-08-08 08:26:39.164 [info] > git config --get commit.template [15ms]
2025-08-08 08:26:39.166 [info] > git for-each-ref --format=%(refname)%00%(upstream:short)%00%(objectname)%00%(upstream:track)%00%(upstream:remotename)%00%(upstream:remoteref) refs/heads/main refs/remotes/main [3ms]
2025-08-08 08:26:39.195 [info] > git for-each-ref --sort -committerdate --format %(refname)%00%(objectname)%00%(*objectname) [4ms]
2025-08-08 08:26:39.196 [info] > git status -z -uall [18ms]
2025-08-08 08:26:55.793 [info] > git config --get commit.template [14ms]
2025-08-08 08:26:55.794 [info] > git for-each-ref --format=%(refname)%00%(upstream:short)%00%(objectname)%00%(upstream:track)%00%(upstream:remotename)%00%(upstream:remoteref) refs/heads/main refs/remotes/main [3ms]
2025-08-08 08:26:55.817 [info] > git for-each-ref --sort -committerdate --format %(refname)%00%(objectname)%00%(*objectname) [3ms]
2025-08-08 08:26:55.824 [info] > git status -z -uall [19ms]
2025-08-08 08:27:02.679 [info] > git config --get commit.template [28ms]
2025-08-08 08:27:02.684 [info] > git for-each-ref --format=%(refname)%00%(upstream:short)%00%(objectname)%00%(upstream:track)%00%(upstream:remotename)%00%(upstream:remoteref) refs/heads/main refs/remotes/main [6ms]
2025-08-08 08:27:02.752 [info] > git status -z -uall [54ms]
2025-08-08 08:27:02.758 [info] > git for-each-ref --sort -committerdate --format %(refname)%00%(objectname)%00%(*objectname) [11ms]
2025-08-08 08:27:10.539 [info] > git config --get commit.template [14ms]
2025-08-08 08:27:10.541 [info] > git for-each-ref --format=%(refname)%00%(upstream:short)%00%(objectname)%00%(upstream:track)%00%(upstream:remotename)%00%(upstream:remoteref) refs/heads/main refs/remotes/main [3ms]
2025-08-08 08:27:10.571 [info] > git for-each-ref --sort -committerdate --format %(refname)%00%(objectname)%00%(*objectname) [3ms]
2025-08-08 08:27:10.574 [info] > git status -z -uall [20ms]
2025-08-08 08:27:19.782 [info] > git config --get commit.template [17ms]
2025-08-08 08:27:19.789 [info] > git for-each-ref --format=%(refname)%00%(upstream:short)%00%(objectname)%00%(upstream:track)%00%(upstream:remotename)%00%(upstream:remoteref) refs/heads/main refs/remotes/main [9ms]
2025-08-08 08:27:19.829 [info] > git status -z -uall [25ms]
2025-08-08 08:27:19.832 [info] > git for-each-ref --sort -committerdate --format %(refname)%00%(objectname)%00%(*objectname) [4ms]
2025-08-08 08:27:24.869 [info] > git config --get commit.template [15ms]
2025-08-08 08:27:24.872 [info] > git for-each-ref --format=%(refname)%00%(upstream:short)%00%(objectname)%00%(upstream:track)%00%(upstream:remotename)%00%(upstream:remoteref) refs/heads/main refs/remotes/main [4ms]
2025-08-08 08:27:24.902 [info] > git for-each-ref --sort -committerdate --format %(refname)%00%(objectname)%00%(*objectname) [4ms]
2025-08-08 08:27:24.908 [info] > git status -z -uall [22ms]
2025-08-08 08:27:35.307 [info] > git config --get commit.template [3ms]
2025-08-08 08:27:35.323 [info] > git for-each-ref --format=%(refname)%00%(upstream:short)%00%(objectname)%00%(upstream:track)%00%(upstream:remotename)%00%(upstream:remoteref) refs/heads/main refs/remotes/main [3ms]
2025-08-08 08:27:35.355 [info] > git for-each-ref --sort -committerdate --format %(refname)%00%(objectname)%00%(*objectname) [4ms]
2025-08-08 08:27:35.356 [info] > git status -z -uall [19ms]
2025-08-08 08:27:35.671 [info] > git fetch [383ms]
2025-08-08 08:27:35.693 [info] > git config --get commit.template [11ms]
2025-08-08 08:27:35.695 [info] > git for-each-ref --format=%(refname)%00%(upstream:short)%00%(objectname)%00%(upstream:track)%00%(upstream:remotename)%00%(upstream:remoteref) refs/heads/main refs/remotes/main [3ms]
2025-08-08 08:27:35.724 [info] > git for-each-ref --sort -committerdate --format %(refname)%00%(objectname)%00%(*objectname) [3ms]
2025-08-08 08:27:35.728 [info] > git status -z -uall [19ms]
2025-08-08 08:27:40.382 [info] > git config --get commit.template [10ms]
2025-08-08 08:27:40.384 [info] > git for-each-ref --format=%(refname)%00%(upstream:short)%00%(objectname)%00%(upstream:track)%00%(upstream:remotename)%00%(upstream:remoteref) refs/heads/main refs/remotes/main [2ms]
2025-08-08 08:27:40.405 [info] > git for-each-ref --sort -committerdate --format %(refname)%00%(objectname)%00%(*objectname) [3ms]
2025-08-08 08:27:40.410 [info] > git status -z -uall [17ms]
2025-08-08 08:28:06.809 [info] > git for-each-ref --format=%(refname)%00%(upstream:short)%00%(objectname)%00%(upstream:track)%00%(upstream:remotename)%00%(upstream:remoteref) refs/heads/main refs/remotes/main [3ms]
2025-08-08 08:28:06.809 [info] > git config --get commit.template [15ms]
2025-08-08 08:28:06.840 [info] > git for-each-ref --sort -committerdate --format %(refname)%00%(objectname)%00%(*objectname) [3ms]
2025-08-08 08:28:06.845 [info] > git status -z -uall [21ms]
2025-08-08 08:28:11.869 [info] > git config --get commit.template [10ms]
2025-08-08 08:28:11.871 [info] > git for-each-ref --format=%(refname)%00%(upstream:short)%00%(objectname)%00%(upstream:track)%00%(upstream:remotename)%00%(upstream:remoteref) refs/heads/main refs/remotes/main [2ms]
2025-08-08 08:28:11.895 [info] > git for-each-ref --sort -committerdate --format %(refname)%00%(objectname)%00%(*objectname) [3ms]
2025-08-08 08:28:11.897 [info] > git status -z -uall [16ms]
2025-08-08 08:28:48.663 [info] > git config --get commit.template [12ms]
2025-08-08 08:28:48.663 [info] > git for-each-ref --format=%(refname)%00%(upstream:short)%00%(objectname)%00%(upstream:track)%00%(upstream:remotename)%00%(upstream:remoteref) refs/heads/main refs/remotes/main [2ms]
2025-08-08 08:28:48.692 [info] > git for-each-ref --sort -committerdate --format %(refname)%00%(objectname)%00%(*objectname) [2ms]
2025-08-08 08:28:48.698 [info] > git status -z -uall [22ms]
2025-08-08 08:28:59.239 [info] > git config --get commit.template [3ms]
2025-08-08 08:28:59.327 [info] > git for-each-ref --format=%(refname)%00%(upstream:short)%00%(objectname)%00%(upstream:track)%00%(upstream:remotename)%00%(upstream:remoteref) refs/heads/main refs/remotes/main [4ms]
2025-08-08 08:28:59.366 [info] > git for-each-ref --sort -committerdate --format %(refname)%00%(objectname)%00%(*objectname) [5ms]
2025-08-08 08:28:59.424 [info] > git status -z -uall [76ms]
2025-08-08 08:29:04.454 [info] > git config --get commit.template [13ms]
2025-08-08 08:29:04.456 [info] > git for-each-ref --format=%(refname)%00%(upstream:short)%00%(objectname)%00%(upstream:track)%00%(upstream:remotename)%00%(upstream:remoteref) refs/heads/main refs/remotes/main [3ms]
2025-08-08 08:29:04.484 [info] > git for-each-ref --sort -committerdate --format %(refname)%00%(objectname)%00%(*objectname) [5ms]
2025-08-08 08:29:04.486 [info] > git status -z -uall [19ms]
2025-08-08 08:29:09.513 [info] > git config --get commit.template [12ms]
2025-08-08 08:29:09.515 [info] > git for-each-ref --format=%(refname)%00%(upstream:short)%00%(objectname)%00%(upstream:track)%00%(upstream:remotename)%00%(upstream:remoteref) refs/heads/main refs/remotes/main [2ms]
2025-08-08 08:29:09.538 [info] > git for-each-ref --sort -committerdate --format %(refname)%00%(objectname)%00%(*objectname) [3ms]
2025-08-08 08:29:09.541 [info] > git status -z -uall [15ms]
2025-08-08 08:29:14.571 [info] > git config --get commit.template [14ms]
2025-08-08 08:29:14.572 [info] > git for-each-ref --format=%(refname)%00%(upstream:short)%00%(objectname)%00%(upstream:track)%00%(upstream:remotename)%00%(upstream:remoteref) refs/heads/main refs/remotes/main [3ms]
2025-08-08 08:29:14.605 [info] > git for-each-ref --sort -committerdate --format %(refname)%00%(objectname)%00%(*objectname) [4ms]
2025-08-08 08:29:14.606 [info] > git status -z -uall [19ms]
2025-08-08 08:30:27.464 [info] > git check-ignore -v -z --stdin [2ms]
2025-08-08 08:30:28.803 [info] > git show --textconv :src/assets/styles/global.css [16ms]
2025-08-08 08:30:28.804 [info] > git ls-files --stage -- src/assets/styles/global.css [2ms]
2025-08-08 08:30:28.821 [info] > git cat-file -s 50bf8db4d56518176564a94ccf94019947884767 [3ms]
2025-08-08 08:30:29.733 [info] > git blame --root --incremental 0d7a3a898007be1d8200d8db99d59472a2da8d06 -- src/assets/styles/global.css [8ms]
2025-08-08 08:30:36.106 [info] > git fetch [361ms]
2025-08-08 08:30:36.139 [info] > git config --get commit.template [16ms]
2025-08-08 08:30:36.141 [info] > git for-each-ref --format=%(refname)%00%(upstream:short)%00%(objectname)%00%(upstream:track)%00%(upstream:remotename)%00%(upstream:remoteref) refs/heads/main refs/remotes/main [3ms]
2025-08-08 08:30:36.174 [info] > git status -z -uall [17ms]
2025-08-08 08:30:36.176 [info] > git for-each-ref --sort -committerdate --format %(refname)%00%(objectname)%00%(*objectname) [5ms]
2025-08-08 08:30:37.383 [info] > git config --get commit.template [4ms]
2025-08-08 08:30:37.401 [info] > git for-each-ref --format=%(refname)%00%(upstream:short)%00%(objectname)%00%(upstream:track)%00%(upstream:remotename)%00%(upstream:remoteref) refs/heads/main refs/remotes/main [3ms]
2025-08-08 08:30:37.436 [info] > git for-each-ref --sort -committerdate --format %(refname)%00%(objectname)%00%(*objectname) [5ms]
2025-08-08 08:30:37.436 [info] > git status -z -uall [20ms]
2025-08-08 08:30:37.564 [info] > git ls-files --stage -- src/assets/styles/global.css [2ms]
2025-08-08 08:30:37.581 [info] > git cat-file -s 50bf8db4d56518176564a94ccf94019947884767 [3ms]
2025-08-08 08:30:37.672 [info] > git show --textconv :src/assets/styles/global.css [3ms]
2025-08-08 08:30:55.812 [info] > git config --get commit.template [2ms]
2025-08-08 08:30:55.827 [info] > git for-each-ref --format=%(refname)%00%(upstream:short)%00%(objectname)%00%(upstream:track)%00%(upstream:remotename)%00%(upstream:remoteref) refs/heads/main refs/remotes/main [3ms]
2025-08-08 08:30:55.855 [info] > git for-each-ref --sort -committerdate --format %(refname)%00%(objectname)%00%(*objectname) [4ms]
2025-08-08 08:30:55.858 [info] > git status -z -uall [20ms]
2025-08-08 08:31:00.909 [info] > git config --get commit.template [24ms]
2025-08-08 08:31:00.910 [info] > git for-each-ref --format=%(refname)%00%(upstream:short)%00%(objectname)%00%(upstream:track)%00%(upstream:remotename)%00%(upstream:remoteref) refs/heads/main refs/remotes/main [3ms]
2025-08-08 08:31:00.949 [info] > git for-each-ref --sort -committerdate --format %(refname)%00%(objectname)%00%(*objectname) [5ms]
2025-08-08 08:31:00.949 [info] > git status -z -uall [23ms]
2025-08-08 08:31:05.971 [info] > git config --get commit.template [2ms]
2025-08-08 08:31:05.987 [info] > git for-each-ref --format=%(refname)%00%(upstream:short)%00%(objectname)%00%(upstream:track)%00%(upstream:remotename)%00%(upstream:remoteref) refs/heads/main refs/remotes/main [3ms]
2025-08-08 08:31:06.014 [info] > git status -z -uall [14ms]
2025-08-08 08:31:06.015 [info] > git for-each-ref --sort -committerdate --format %(refname)%00%(objectname)%00%(*objectname) [3ms]
2025-08-08 08:31:11.048 [info] > git config --get commit.template [15ms]
2025-08-08 08:31:11.048 [info] > git for-each-ref --format=%(refname)%00%(upstream:short)%00%(objectname)%00%(upstream:track)%00%(upstream:remotename)%00%(upstream:remoteref) refs/heads/main refs/remotes/main [4ms]
2025-08-08 08:31:11.077 [info] > git for-each-ref --sort -committerdate --format %(refname)%00%(objectname)%00%(*objectname) [3ms]
2025-08-08 08:31:11.081 [info] > git status -z -uall [19ms]
2025-08-08 08:31:16.109 [info] > git config --get commit.template [13ms]
2025-08-08 08:31:16.111 [info] > git for-each-ref --format=%(refname)%00%(upstream:short)%00%(objectname)%00%(upstream:track)%00%(upstream:remotename)%00%(upstream:remoteref) refs/heads/main refs/remotes/main [3ms]
2025-08-08 08:31:16.137 [info] > git for-each-ref --sort -committerdate --format %(refname)%00%(objectname)%00%(*objectname) [5ms]
2025-08-08 08:31:16.145 [info] > git status -z -uall [22ms]
2025-08-08 08:31:35.076 [info] > git config --get commit.template [13ms]
2025-08-08 08:31:35.078 [info] > git for-each-ref --format=%(refname)%00%(upstream:short)%00%(objectname)%00%(upstream:track)%00%(upstream:remotename)%00%(upstream:remoteref) refs/heads/main refs/remotes/main [3ms]
2025-08-08 08:31:35.105 [info] > git for-each-ref --sort -committerdate --format %(refname)%00%(objectname)%00%(*objectname) [4ms]
2025-08-08 08:31:35.107 [info] > git status -z -uall [19ms]
2025-08-08 08:31:40.129 [info] > git config --get commit.template [1ms]
2025-08-08 08:31:40.144 [info] > git for-each-ref --format=%(refname)%00%(upstream:short)%00%(objectname)%00%(upstream:track)%00%(upstream:remotename)%00%(upstream:remoteref) refs/heads/main refs/remotes/main [4ms]
2025-08-08 08:31:40.174 [info] > git for-each-ref --sort -committerdate --format %(refname)%00%(objectname)%00%(*objectname) [4ms]
2025-08-08 08:31:40.182 [info] > git status -z -uall [26ms]
2025-08-08 08:31:51.056 [info] > git config --get commit.template [18ms]
2025-08-08 08:31:51.060 [info] > git for-each-ref --format=%(refname)%00%(upstream:short)%00%(objectname)%00%(upstream:track)%00%(upstream:remotename)%00%(upstream:remoteref) refs/heads/main refs/remotes/main [5ms]
2025-08-08 08:31:51.122 [info] > git for-each-ref --sort -committerdate --format %(refname)%00%(objectname)%00%(*objectname) [24ms]
2025-08-08 08:31:51.124 [info] > git status -z -uall [44ms]
2025-08-08 08:32:01.859 [info] > git config --get commit.template [15ms]
2025-08-08 08:32:01.860 [info] > git for-each-ref --format=%(refname)%00%(upstream:short)%00%(objectname)%00%(upstream:track)%00%(upstream:remotename)%00%(upstream:remoteref) refs/heads/main refs/remotes/main [3ms]
2025-08-08 08:32:01.892 [info] > git status -z -uall [19ms]
2025-08-08 08:32:01.894 [info] > git for-each-ref --sort -committerdate --format %(refname)%00%(objectname)%00%(*objectname) [4ms]
2025-08-08 08:32:06.915 [info] > git config --get commit.template [4ms]
2025-08-08 08:32:06.932 [info] > git for-each-ref --format=%(refname)%00%(upstream:short)%00%(objectname)%00%(upstream:track)%00%(upstream:remotename)%00%(upstream:remoteref) refs/heads/main refs/remotes/main [5ms]
2025-08-08 08:32:06.971 [info] > git status -z -uall [23ms]
2025-08-08 08:32:06.971 [info] > git for-each-ref --sort -committerdate --format %(refname)%00%(objectname)%00%(*objectname) [4ms]
2025-08-08 08:32:11.992 [info] > git config --get commit.template [2ms]
2025-08-08 08:32:12.008 [info] > git for-each-ref --format=%(refname)%00%(upstream:short)%00%(objectname)%00%(upstream:track)%00%(upstream:remotename)%00%(upstream:remoteref) refs/heads/main refs/remotes/main [2ms]
2025-08-08 08:32:12.040 [info] > git for-each-ref --sort -committerdate --format %(refname)%00%(objectname)%00%(*objectname) [3ms]
2025-08-08 08:32:12.043 [info] > git status -z -uall [24ms]
2025-08-08 08:32:17.069 [info] > git config --get commit.template [3ms]
2025-08-08 08:32:17.088 [info] > git for-each-ref --format=%(refname)%00%(upstream:short)%00%(objectname)%00%(upstream:track)%00%(upstream:remotename)%00%(upstream:remoteref) refs/heads/main refs/remotes/main [4ms]
2025-08-08 08:32:17.119 [info] > git for-each-ref --sort -committerdate --format %(refname)%00%(objectname)%00%(*objectname) [3ms]
2025-08-08 08:32:17.123 [info] > git status -z -uall [21ms]
2025-08-08 08:32:44.405 [info] > git config --get commit.template [12ms]
2025-08-08 08:32:44.407 [info] > git for-each-ref --format=%(refname)%00%(upstream:short)%00%(objectname)%00%(upstream:track)%00%(upstream:remotename)%00%(upstream:remoteref) refs/heads/main refs/remotes/main [3ms]
2025-08-08 08:32:44.438 [info] > git for-each-ref --sort -committerdate --format %(refname)%00%(objectname)%00%(*objectname) [4ms]
2025-08-08 08:32:44.441 [info] > git status -z -uall [22ms]
2025-08-08 08:32:57.086 [info] > git config --get commit.template [14ms]
2025-08-08 08:32:57.087 [info] > git for-each-ref --format=%(refname)%00%(upstream:short)%00%(objectname)%00%(upstream:track)%00%(upstream:remotename)%00%(upstream:remoteref) refs/heads/main refs/remotes/main [3ms]
2025-08-08 08:32:57.113 [info] > git for-each-ref --sort -committerdate --format %(refname)%00%(objectname)%00%(*objectname) [3ms]
2025-08-08 08:32:57.114 [info] > git status -z -uall [16ms]
2025-08-08 08:33:02.395 [info] > git config --get commit.template [13ms]
2025-08-08 08:33:02.396 [info] > git for-each-ref --format=%(refname)%00%(upstream:short)%00%(objectname)%00%(upstream:track)%00%(upstream:remotename)%00%(upstream:remoteref) refs/heads/main refs/remotes/main [3ms]
2025-08-08 08:33:02.423 [info] > git for-each-ref --sort -committerdate --format %(refname)%00%(objectname)%00%(*objectname) [4ms]
2025-08-08 08:33:02.426 [info] > git status -z -uall [18ms]
2025-08-08 08:33:14.924 [info] > git config --get commit.template [14ms]
2025-08-08 08:33:14.925 [info] > git for-each-ref --format=%(refname)%00%(upstream:short)%00%(objectname)%00%(upstream:track)%00%(upstream:remotename)%00%(upstream:remoteref) refs/heads/main refs/remotes/main [3ms]
2025-08-08 08:33:14.954 [info] > git for-each-ref --sort -committerdate --format %(refname)%00%(objectname)%00%(*objectname) [5ms]
2025-08-08 08:33:14.957 [info] > git status -z -uall [19ms]
2025-08-08 08:33:36.557 [info] > git fetch [365ms]
2025-08-08 08:33:36.574 [info] > git config --get commit.template [3ms]
2025-08-08 08:33:36.589 [info] > git for-each-ref --format=%(refname)%00%(upstream:short)%00%(objectname)%00%(upstream:track)%00%(upstream:remotename)%00%(upstream:remoteref) refs/heads/main refs/remotes/main [3ms]
2025-08-08 08:33:36.618 [info] > git status -z -uall [17ms]
2025-08-08 08:33:36.618 [info] > git for-each-ref --sort -committerdate --format %(refname)%00%(objectname)%00%(*objectname) [5ms]
2025-08-08 08:33:37.836 [info] > git config --get commit.template [4ms]
2025-08-08 08:33:37.861 [info] > git for-each-ref --format=%(refname)%00%(upstream:short)%00%(objectname)%00%(upstream:track)%00%(upstream:remotename)%00%(upstream:remoteref) refs/heads/main refs/remotes/main [5ms]
2025-08-08 08:33:37.895 [info] > git status -z -uall [17ms]
2025-08-08 08:33:37.895 [info] > git for-each-ref --sort -committerdate --format %(refname)%00%(objectname)%00%(*objectname) [5ms]
2025-08-08 08:34:35.701 [info] > git config --get commit.template [3ms]
2025-08-08 08:34:35.716 [info] > git for-each-ref --format=%(refname)%00%(upstream:short)%00%(objectname)%00%(upstream:track)%00%(upstream:remotename)%00%(upstream:remoteref) refs/heads/main refs/remotes/main [4ms]
2025-08-08 08:34:35.745 [info] > git for-each-ref --sort -committerdate --format %(refname)%00%(objectname)%00%(*objectname) [5ms]
2025-08-08 08:34:35.750 [info] > git status -z -uall [21ms]
2025-08-08 08:36:37.076 [info] > git fetch [440ms]
2025-08-08 08:36:37.114 [info] > git config --get commit.template [20ms]
2025-08-08 08:36:37.117 [info] > git for-each-ref --format=%(refname)%00%(upstream:short)%00%(objectname)%00%(upstream:track)%00%(upstream:remotename)%00%(upstream:remoteref) refs/heads/main refs/remotes/main [4ms]
2025-08-08 08:36:37.155 [info] > git status -z -uall [24ms]
2025-08-08 08:36:37.156 [info] > git for-each-ref --sort -committerdate --format %(refname)%00%(objectname)%00%(*objectname) [8ms]
2025-08-08 08:36:38.399 [info] > git config --get commit.template [17ms]
2025-08-08 08:36:38.402 [info] > git for-each-ref --format=%(refname)%00%(upstream:short)%00%(objectname)%00%(upstream:track)%00%(upstream:remotename)%00%(upstream:remoteref) refs/heads/main refs/remotes/main [4ms]
2025-08-08 08:36:38.443 [info] > git for-each-ref --sort -committerdate --format %(refname)%00%(objectname)%00%(*objectname) [2ms]
2025-08-08 08:36:38.448 [info] > git status -z -uall [25ms]
2025-08-08 08:37:36.406 [info] > git config --get commit.template [20ms]
2025-08-08 08:37:36.410 [info] > git for-each-ref --format=%(refname)%00%(upstream:short)%00%(objectname)%00%(upstream:track)%00%(upstream:remotename)%00%(upstream:remoteref) refs/heads/main refs/remotes/main [5ms]
2025-08-08 08:37:36.476 [info] > git status -z -uall [39ms]
2025-08-08 08:37:36.477 [info] > git for-each-ref --sort -committerdate --format %(refname)%00%(objectname)%00%(*objectname) [8ms]
