2025-08-08 16:19:25.883 [info] Log level: Info
2025-08-08 16:19:25.883 [info] VSCODE_MACHINE_ID: 10d3d877-fe56-442f-a117-f9035039c6e9
2025-08-08 16:19:25.883 [info] VSCODE_SESSION_ID: 46ff1fcf-1534-49b7-bf12-01c79a3f7cbf1754669957447
2025-08-08 16:19:25.883 [info] VSCODE_VERSION: 1.102.3
2025-08-08 16:19:25.883 [info] VSCODE_APP_NAME: Gitpod Code
2025-08-08 16:19:25.883 [info] VSCODE_APP_HOST: Gitpod
2025-08-08 16:19:25.883 [info] VSCODE_UI_KIND: web
2025-08-08 16:19:25.883 [info] GITPOD_WORKSPACE_CONTEXT_URL: https://github.com/Abdallah-Develop/Website-starter
2025-08-08 16:19:25.883 [info] GITPOD_INSTANCE_ID: 4bdd8d59-d72c-46a8-ab27-33d607f3f595
2025-08-08 16:19:25.883 [info] GITPOD_WORKSPACE_URL: https://abdallahdev-websitestar-esjdme0laxn.ws-eu120.gitpod.io
2025-08-08 16:19:25.883 [info] Gitpod Web 3953e81
2025-08-08 16:19:25.883 [info] Reading sessions from keychain...
2025-08-08 16:19:26.215 [info] Got stored sessions!
2025-08-08 16:19:26.215 [info] Getting sessions for all scopes...
2025-08-08 16:19:26.215 [info] Getting GitHub sessions for all scopes...
2025-08-08 16:19:26.351 [info] Verified session with the following scopes: function:accessCodeSyncStorage function:closePort function:controlAdmission function:deleteEnvVar function:generateNewGitpodToken function:getDefaultWorkspaceImage function:getGitpodTokenScopes function:getIDToken function:getLoggedInUser function:getOpenPorts function:getSupportedWorkspaceClasses function:getTeams function:getToken function:getWorkspace function:getWorkspaceEnvVars function:getWorkspaceOwner function:getWorkspaceTimeout function:getWorkspaceUsers function:guessGitTokenScopes function:isWorkspaceOwner function:openPort function:sendHeartBeat function:setEnvVar function:setWorkspaceTimeout function:stopWorkspace function:takeSnapshot function:trackEvent function:updateGitStatus function:waitForSnapshot resource:contentBlob::*::create/get resource:envVar::*/**::update resource:envVar::*/*::update resource:envVar::Abdallah-Develop/Website-starter::create/get/update/delete resource:gitpodToken::*::create resource:snapshot::ws-abdallahdev-websitestar-esjdme0laxn::create resource:token::*::get resource:userStorage::*::create/get/update resource:workspace::abdallahdev-websitestar-esjdme0laxn::get/update resource:workspaceInstance::4bdd8d59-d72c-46a8-ab27-33d607f3f595::get/update/delete
2025-08-08 16:19:26.352 [info] Got 1 verified sessions.
2025-08-08 16:19:26.352 [info] Got 1 sessions for all scopes...
2025-08-08 16:19:26.352 [info] Getting sessions for all scopes...
2025-08-08 16:19:26.352 [info] Got 1 sessions for all scopes...
2025-08-08 16:19:26.352 [info] Getting sessions for all scopes...
2025-08-08 16:19:26.352 [info] Got 1 sessions for all scopes...
2025-08-08 16:19:29.229 [info] Getting sessions for all scopes...
2025-08-08 16:19:29.229 [info] Got 1 sessions for all scopes...
2025-08-08 16:19:29.230 [info] Getting sessions for all scopes...
2025-08-08 16:19:29.230 [info] Got 1 sessions for all scopes...
2025-08-08 16:19:29.397 [info] Got 1 GitHub sessions for all scopes...
2025-08-08 16:19:29.398 [info] Getting GitHub sessions for all scopes...
2025-08-08 16:19:29.398 [info] Got 1 GitHub sessions for all scopes...
2025-08-08 16:19:29.398 [info] Getting GitHub sessions for all scopes...
2025-08-08 16:19:29.398 [info] Got 1 GitHub sessions for all scopes...
2025-08-08 16:19:29.398 [info] Getting GitHub sessions for all scopes...
2025-08-08 16:19:29.398 [info] Got 1 GitHub sessions for all scopes...
2025-08-08 16:19:30.047 [info] Getting GitHub sessions for read:user,repo,user:email,workflow...
2025-08-08 16:19:30.047 [info] Got 0 GitHub sessions for read:user,repo,user:email,workflow...
2025-08-08 16:19:30.391 [info] Getting sessions for all scopes...
2025-08-08 16:19:30.391 [info] Got 1 sessions for all scopes...
2025-08-08 16:19:30.753 [info] Getting GitHub sessions for all scopes...
2025-08-08 16:19:30.753 [info] Got 1 GitHub sessions for all scopes...
2025-08-08 16:19:30.753 [info] Getting GitHub sessions for all scopes...
2025-08-08 16:19:30.753 [info] Got 1 GitHub sessions for all scopes...
2025-08-08 16:19:33.331 [info] Getting sessions for all scopes...
2025-08-08 16:19:33.331 [info] Getting GitHub sessions for all scopes...
2025-08-08 16:19:33.331 [info] Got 1 sessions for all scopes...
2025-08-08 16:19:33.331 [info] Got 1 GitHub sessions for all scopes...
2025-08-08 16:19:33.775 [info] Getting GitHub sessions for project,read:org,read:user,repo,user:email,workflow...
2025-08-08 16:19:33.775 [info] Got 0 GitHub sessions for project,read:org,read:user,repo,user:email,workflow...
2025-08-08 16:19:33.819 [info] Getting sessions for all scopes...
2025-08-08 16:19:33.819 [info] Getting GitHub sessions for all scopes...
2025-08-08 16:19:33.819 [info] Got 1 sessions for all scopes...
2025-08-08 16:19:33.819 [info] Got 1 GitHub sessions for all scopes...
2025-08-08 16:19:34.564 [info] Getting GitHub sessions for read:user,repo,user:email,workflow...
2025-08-08 16:19:34.564 [info] Got 0 GitHub sessions for read:user,repo,user:email,workflow...
2025-08-08 16:19:34.725 [info] Getting sessions for function:accessCodeSyncStorage...
2025-08-08 16:19:34.725 [info] Got 1 sessions for function:accessCodeSyncStorage...
2025-08-08 16:19:36.107 [info] Getting GitHub sessions for read:user,repo,user:email...
2025-08-08 16:19:36.107 [info] Got 0 GitHub sessions for read:user,repo,user:email...
2025-08-08 16:19:36.109 [info] Getting sessions for all scopes...
2025-08-08 16:19:36.109 [info] Getting GitHub sessions for all scopes...
2025-08-08 16:19:36.109 [info] Got 1 sessions for all scopes...
2025-08-08 16:19:36.109 [info] Got 1 GitHub sessions for all scopes...
2025-08-08 16:19:36.486 [info] Getting sessions for all scopes...
2025-08-08 16:19:36.486 [info] Getting GitHub sessions for all scopes...
2025-08-08 16:19:36.486 [info] Got 1 sessions for all scopes...
2025-08-08 16:19:36.486 [info] Got 1 GitHub sessions for all scopes...
2025-08-08 16:19:36.688 [info] Getting sessions for all scopes...
2025-08-08 16:19:36.688 [info] Getting GitHub sessions for all scopes...
2025-08-08 16:19:36.688 [info] Got 1 sessions for all scopes...
2025-08-08 16:19:36.688 [info] Got 1 GitHub sessions for all scopes...
2025-08-08 16:19:37.059 [info] Getting GitHub sessions for read:user,repo,user:email,workflow...
2025-08-08 16:19:37.059 [info] Got 0 GitHub sessions for read:user,repo,user:email,workflow...
2025-08-08 16:19:37.068 [info] Getting sessions for all scopes...
2025-08-08 16:19:37.068 [info] Getting GitHub sessions for all scopes...
2025-08-08 16:19:37.068 [info] Got 1 sessions for all scopes...
2025-08-08 16:19:37.068 [info] Got 1 GitHub sessions for all scopes...
2025-08-08 16:19:41.088 [info] Getting sessions for all scopes...
2025-08-08 16:19:41.088 [info] Getting GitHub sessions for all scopes...
2025-08-08 16:19:41.088 [info] Got 1 sessions for all scopes...
2025-08-08 16:19:41.088 [info] Got 1 GitHub sessions for all scopes...
2025-08-08 16:19:41.487 [info] Getting sessions for all scopes...
2025-08-08 16:19:41.487 [info] Getting GitHub sessions for all scopes...
2025-08-08 16:19:41.487 [info] Got 1 sessions for all scopes...
2025-08-08 16:19:41.487 [info] Got 1 GitHub sessions for all scopes...
2025-08-08 16:19:41.607 [info] Getting sessions for all scopes...
2025-08-08 16:19:41.607 [info] Getting GitHub sessions for all scopes...
2025-08-08 16:19:41.607 [info] Got 1 sessions for all scopes...
2025-08-08 16:19:41.607 [info] Got 1 GitHub sessions for all scopes...
2025-08-08 16:19:42.106 [info] Getting sessions for all scopes...
2025-08-08 16:19:42.106 [info] Getting GitHub sessions for all scopes...
2025-08-08 16:19:42.106 [info] Got 1 sessions for all scopes...
2025-08-08 16:19:42.106 [info] Got 1 GitHub sessions for all scopes...
2025-08-08 16:19:43.557 [info] Getting sessions for all scopes...
2025-08-08 16:19:43.557 [info] Getting GitHub sessions for all scopes...
2025-08-08 16:19:43.557 [info] Got 1 sessions for all scopes...
2025-08-08 16:19:43.557 [info] Got 1 GitHub sessions for all scopes...
2025-08-08 16:19:43.591 [info] Getting sessions for all scopes...
2025-08-08 16:19:43.591 [info] Getting GitHub sessions for all scopes...
2025-08-08 16:19:43.591 [info] Got 1 sessions for all scopes...
2025-08-08 16:19:43.591 [info] Got 1 GitHub sessions for all scopes...
2025-08-08 16:19:43.621 [info] Getting sessions for all scopes...
2025-08-08 16:19:43.621 [info] Getting GitHub sessions for all scopes...
2025-08-08 16:19:43.622 [info] Got 1 sessions for all scopes...
2025-08-08 16:19:43.622 [info] Got 1 GitHub sessions for all scopes...
2025-08-08 16:19:43.622 [info] Getting sessions for all scopes...
2025-08-08 16:19:43.622 [info] Getting GitHub sessions for all scopes...
2025-08-08 16:19:43.622 [info] Got 1 sessions for all scopes...
2025-08-08 16:19:43.622 [info] Got 1 GitHub sessions for all scopes...
2025-08-08 16:19:43.774 [info] Getting sessions for all scopes...
2025-08-08 16:19:43.774 [info] Getting GitHub sessions for all scopes...
2025-08-08 16:19:43.774 [info] Got 1 sessions for all scopes...
2025-08-08 16:19:43.774 [info] Got 1 GitHub sessions for all scopes...
