2025-08-09 14:52:28.914 [info] [main] Log level: Info
2025-08-09 14:52:28.914 [info] [main] Validating found git in: "git"
2025-08-09 14:52:28.914 [info] [main] Using git "2.49.0" from "git"
2025-08-09 14:52:28.914 [info] [Model][doInitialScan] Initial repository scan started
2025-08-09 14:52:28.914 [info] > git rev-parse --show-toplevel [3ms]
2025-08-09 14:52:28.914 [info] > git rev-parse --git-dir --git-common-dir [11ms]
2025-08-09 14:52:28.914 [info] [Model][openRepository] Opened repository (path): /workspace/Website-starter
2025-08-09 14:52:28.914 [info] [Model][openRepository] Opened repository (real path): /workspace/Website-starter
2025-08-09 14:52:28.914 [info] > git rev-parse --show-toplevel [4ms]
2025-08-09 14:52:28.914 [info] > git config --get commit.template [10ms]
2025-08-09 14:52:28.914 [info] > git rev-parse --show-toplevel [8ms]
2025-08-09 14:52:28.914 [info] > git for-each-ref --format=%(refname)%00%(upstream:short)%00%(objectname)%00%(upstream:track)%00%(upstream:remotename)%00%(upstream:remoteref) refs/heads/main refs/remotes/main [7ms]
2025-08-09 14:52:28.914 [info] > git rev-parse --show-toplevel [14ms]
2025-08-09 14:52:28.914 [info] > git for-each-ref --sort -committerdate --format %(refname)%00%(objectname)%00%(*objectname) [6ms]
2025-08-09 14:52:28.914 [info] > git rev-parse --show-toplevel [2ms]
2025-08-09 14:52:28.914 [info] > git status -z -uall [19ms]
2025-08-09 14:52:28.914 [info] > git for-each-ref --format=%(refname)%00%(upstream:short)%00%(objectname)%00%(upstream:track)%00%(upstream:remotename)%00%(upstream:remoteref) refs/heads/main refs/remotes/main [48ms]
2025-08-09 14:52:28.914 [info] > git rev-parse --show-toplevel [81ms]
2025-08-09 14:52:28.914 [info] > git config --get commit.template [14ms]
2025-08-09 14:52:28.914 [info] > git config --get --local branch.main.vscode-merge-base [12ms]
2025-08-09 14:52:28.914 [info] > git rev-parse --show-toplevel [19ms]
2025-08-09 14:52:28.914 [info] > git for-each-ref --format=%(refname)%00%(upstream:short)%00%(objectname)%00%(upstream:track)%00%(upstream:remotename)%00%(upstream:remoteref) refs/heads/origin/main refs/remotes/origin/main [12ms]
2025-08-09 14:52:28.914 [info] > git rev-parse --show-toplevel [6ms]
2025-08-09 14:52:28.914 [info] [Model][doInitialScan] Initial repository scan completed - repositories (1), closed repositories (0), parent repositories (0), unsafe repositories (0)
2025-08-09 14:52:28.914 [info] > git for-each-ref --format=%(refname)%00%(upstream:short)%00%(objectname)%00%(upstream:track)%00%(upstream:remotename)%00%(upstream:remoteref) refs/heads/main refs/remotes/main [13ms]
2025-08-09 14:52:28.914 [info] > git merge-base refs/heads/main refs/remotes/origin/main [13ms]
2025-08-09 14:52:28.914 [info] > git for-each-ref --sort -committerdate --format %(refname)%00%(objectname)%00%(*objectname) [8ms]
2025-08-09 14:52:28.914 [info] > git status -z -uall [15ms]
2025-08-09 14:52:28.914 [info] > git diff --name-status -z --diff-filter=ADMR 0d7a3a898007be1d8200d8db99d59472a2da8d06...refs/remotes/origin/main [21ms]
2025-08-09 14:52:28.914 [info] > git merge-base refs/heads/main refs/remotes/origin/main [6ms]
2025-08-09 14:52:28.914 [info] > git diff --name-status -z --diff-filter=ADMR 0d7a3a898007be1d8200d8db99d59472a2da8d06...refs/remotes/origin/main [50ms]
2025-08-09 14:52:29.839 [info] > git fetch [1210ms]
2025-08-09 14:52:29.855 [info] > git config --get commit.template [8ms]
2025-08-09 14:52:29.869 [info] > git for-each-ref --format=%(refname)%00%(upstream:short)%00%(objectname)%00%(upstream:track)%00%(upstream:remotename)%00%(upstream:remoteref) refs/heads/main refs/remotes/main [6ms]
2025-08-09 14:52:29.892 [info] > git for-each-ref --sort -committerdate --format %(refname)%00%(objectname)%00%(*objectname) [5ms]
2025-08-09 14:52:29.903 [info] > git status -z -uall [25ms]
2025-08-09 14:52:30.378 [info] > git check-ignore -v -z --stdin [4ms]
2025-08-09 14:52:31.601 [info] > git config --get commit.template [9ms]
2025-08-09 14:52:31.603 [info] > git for-each-ref --format=%(refname)%00%(upstream:short)%00%(objectname)%00%(upstream:track)%00%(upstream:remotename)%00%(upstream:remoteref) refs/heads/main refs/remotes/main [3ms]
2025-08-09 14:52:31.621 [info] > git for-each-ref --sort -committerdate --format %(refname)%00%(objectname)%00%(*objectname) [3ms]
2025-08-09 14:52:31.627 [info] > git status -z -uall [16ms]
2025-08-09 14:52:32.220 [info] > git show --textconv :src/components/sections/landing/HeroSection.astro [7ms]
2025-08-09 14:52:32.221 [info] > git ls-files --stage -- src/components/sections/landing/HeroSection.astro [2ms]
2025-08-09 14:52:32.230 [info] > git cat-file -s 651d4ec772e9f1908a9a04cbe4abb909827b9701 [3ms]
