2025-08-09 14:58:15.587 [info] Log level: Info
2025-08-09 14:58:15.587 [info] VSCODE_MACHINE_ID: 10d3d877-fe56-442f-a117-f9035039c6e9
2025-08-09 14:58:15.587 [info] VSCODE_SESSION_ID: 6e7617af-03d7-43c4-a26a-7cd3a627d2a51754751483242
2025-08-09 14:58:15.587 [info] VSCODE_VERSION: 1.102.3
2025-08-09 14:58:15.587 [info] VSCODE_APP_NAME: Gitpod Code
2025-08-09 14:58:15.587 [info] VSCODE_APP_HOST: Gitpod
2025-08-09 14:58:15.587 [info] VSCODE_UI_KIND: web
2025-08-09 14:58:15.587 [info] GITPOD_WORKSPACE_CONTEXT_URL: https://github.com/Abdallah-Develop/Website-starter
2025-08-09 14:58:15.587 [info] GITPOD_INSTANCE_ID: b59029ac-1008-4582-9739-2f9f6ca07115
2025-08-09 14:58:15.587 [info] GITPOD_WORKSPACE_URL: https://abdallahdev-websitestar-esjdme0laxn.ws-eu120.gitpod.io
2025-08-09 14:58:15.587 [info] Gitpod Web 3953e81
2025-08-09 14:58:15.587 [info] Reading sessions from keychain...
2025-08-09 14:58:16.213 [info] Got stored sessions!
2025-08-09 14:58:16.213 [info] Verified session with the following scopes: function:accessCodeSyncStorage function:closePort function:controlAdmission function:deleteEnvVar function:generateNewGitpodToken function:getDefaultWorkspaceImage function:getGitpodTokenScopes function:getIDToken function:getLoggedInUser function:getOpenPorts function:getSupportedWorkspaceClasses function:getTeams function:getToken function:getWorkspace function:getWorkspaceEnvVars function:getWorkspaceOwner function:getWorkspaceTimeout function:getWorkspaceUsers function:guessGitTokenScopes function:isWorkspaceOwner function:openPort function:sendHeartBeat function:setEnvVar function:setWorkspaceTimeout function:stopWorkspace function:takeSnapshot function:trackEvent function:updateGitStatus function:waitForSnapshot resource:contentBlob::*::create/get resource:envVar::*/**::update resource:envVar::*/*::update resource:envVar::Abdallah-Develop/Website-starter::create/get/update/delete resource:gitpodToken::*::create resource:snapshot::ws-abdallahdev-websitestar-esjdme0laxn::create resource:token::*::get resource:userStorage::*::create/get/update resource:workspace::abdallahdev-websitestar-esjdme0laxn::get/update resource:workspaceInstance::b59029ac-1008-4582-9739-2f9f6ca07115::get/update/delete
2025-08-09 14:58:16.213 [info] Got 1 verified sessions.
2025-08-09 14:58:16.214 [info] Getting sessions for all scopes...
2025-08-09 14:58:16.214 [info] Getting GitHub sessions for all scopes...
2025-08-09 14:58:16.214 [info] Got 1 sessions for all scopes...
2025-08-09 14:58:16.214 [info] Getting sessions for all scopes...
2025-08-09 14:58:16.214 [info] Got 1 sessions for all scopes...
2025-08-09 14:58:16.214 [info] Getting sessions for all scopes...
2025-08-09 14:58:16.214 [info] Got 1 sessions for all scopes...
2025-08-09 14:58:18.071 [info] Got 1 GitHub sessions for all scopes...
2025-08-09 14:58:18.595 [info] Getting GitHub sessions for all scopes...
2025-08-09 14:58:18.595 [info] Getting sessions for all scopes...
2025-08-09 14:58:18.595 [info] Got 1 GitHub sessions for all scopes...
2025-08-09 14:58:18.595 [info] Got 1 sessions for all scopes...
2025-08-09 14:58:18.596 [info] Getting GitHub sessions for all scopes...
2025-08-09 14:58:18.596 [info] Got 1 GitHub sessions for all scopes...
2025-08-09 14:58:20.151 [info] Getting GitHub sessions for read:user,repo,user:email,workflow...
2025-08-09 14:58:20.151 [info] Got 0 GitHub sessions for read:user,repo,user:email,workflow...
2025-08-09 14:58:20.405 [info] Getting GitHub sessions for all scopes...
2025-08-09 14:58:20.405 [info] Got 1 GitHub sessions for all scopes...
2025-08-09 14:58:21.816 [info] Getting GitHub sessions for project,read:org,read:user,repo,user:email,workflow...
2025-08-09 14:58:21.864 [info] Got 0 GitHub sessions for project,read:org,read:user,repo,user:email,workflow...
2025-08-09 14:58:22.573 [info] Getting sessions for all scopes...
2025-08-09 14:58:22.573 [info] Getting GitHub sessions for all scopes...
2025-08-09 14:58:22.573 [info] Got 1 sessions for all scopes...
2025-08-09 14:58:22.573 [info] Got 1 GitHub sessions for all scopes...
2025-08-09 14:58:22.682 [info] Getting GitHub sessions for read:user,repo,user:email,workflow...
2025-08-09 14:58:22.682 [info] Got 0 GitHub sessions for read:user,repo,user:email,workflow...
2025-08-09 14:58:22.716 [info] Getting sessions for all scopes...
2025-08-09 14:58:22.716 [info] Getting GitHub sessions for all scopes...
2025-08-09 14:58:22.716 [info] Got 1 sessions for all scopes...
2025-08-09 14:58:22.716 [info] Got 1 GitHub sessions for all scopes...
2025-08-09 14:58:22.744 [info] Getting sessions for function:accessCodeSyncStorage...
2025-08-09 14:58:22.744 [info] Got 1 sessions for function:accessCodeSyncStorage...
2025-08-09 14:58:23.327 [info] Getting GitHub sessions for read:user,repo,user:email...
2025-08-09 14:58:23.327 [info] Got 0 GitHub sessions for read:user,repo,user:email...
2025-08-09 14:58:25.549 [info] Getting GitHub sessions for read:user,repo,user:email,workflow...
2025-08-09 14:58:25.549 [info] Got 0 GitHub sessions for read:user,repo,user:email,workflow...
2025-08-09 14:58:27.032 [info] Getting sessions for all scopes...
2025-08-09 14:58:27.032 [info] Getting GitHub sessions for all scopes...
2025-08-09 14:58:27.032 [info] Got 1 sessions for all scopes...
2025-08-09 14:58:27.032 [info] Got 1 GitHub sessions for all scopes...
2025-08-09 14:58:27.437 [info] Getting sessions for all scopes...
2025-08-09 14:58:27.437 [info] Getting GitHub sessions for all scopes...
2025-08-09 14:58:27.437 [info] Got 1 sessions for all scopes...
2025-08-09 14:58:27.437 [info] Got 1 GitHub sessions for all scopes...
2025-08-09 14:58:29.567 [info] Getting sessions for all scopes...
2025-08-09 14:58:29.567 [info] Getting GitHub sessions for all scopes...
2025-08-09 14:58:29.568 [info] Got 1 sessions for all scopes...
2025-08-09 14:58:29.568 [info] Got 1 GitHub sessions for all scopes...
2025-08-09 14:58:29.820 [info] Getting sessions for all scopes...
2025-08-09 14:58:29.820 [info] Getting GitHub sessions for all scopes...
2025-08-09 14:58:29.820 [info] Got 1 sessions for all scopes...
2025-08-09 14:58:29.820 [info] Got 1 GitHub sessions for all scopes...
2025-08-09 14:58:31.689 [info] Getting sessions for all scopes...
2025-08-09 14:58:31.689 [info] Getting GitHub sessions for all scopes...
2025-08-09 14:58:31.689 [info] Got 1 sessions for all scopes...
2025-08-09 14:58:31.689 [info] Got 1 GitHub sessions for all scopes...
2025-08-09 14:58:31.841 [info] Getting sessions for all scopes...
2025-08-09 14:58:31.841 [info] Getting GitHub sessions for all scopes...
2025-08-09 14:58:31.841 [info] Got 1 sessions for all scopes...
2025-08-09 14:58:31.841 [info] Got 1 GitHub sessions for all scopes...
2025-08-09 14:58:32.223 [info] Getting sessions for all scopes...
2025-08-09 14:58:32.223 [info] Getting GitHub sessions for all scopes...
2025-08-09 14:58:32.223 [info] Got 1 sessions for all scopes...
2025-08-09 14:58:32.223 [info] Got 1 GitHub sessions for all scopes...
2025-08-09 14:58:32.278 [info] Getting sessions for all scopes...
2025-08-09 14:58:32.279 [info] Getting GitHub sessions for all scopes...
2025-08-09 14:58:32.279 [info] Got 1 sessions for all scopes...
2025-08-09 14:58:32.279 [info] Got 1 GitHub sessions for all scopes...
2025-08-09 14:58:32.279 [info] Getting sessions for all scopes...
2025-08-09 14:58:32.279 [info] Getting GitHub sessions for all scopes...
2025-08-09 14:58:32.279 [info] Got 1 sessions for all scopes...
2025-08-09 14:58:32.279 [info] Got 1 GitHub sessions for all scopes...
2025-08-09 14:59:13.280 [info] Getting sessions for all scopes...
2025-08-09 14:59:13.280 [info] Getting GitHub sessions for all scopes...
2025-08-09 14:59:13.280 [info] Got 1 sessions for all scopes...
2025-08-09 14:59:13.280 [info] Got 1 GitHub sessions for all scopes...
2025-08-09 14:59:13.392 [info] Getting sessions for all scopes...
2025-08-09 14:59:13.392 [info] Getting GitHub sessions for all scopes...
2025-08-09 14:59:13.392 [info] Got 1 sessions for all scopes...
2025-08-09 14:59:13.392 [info] Got 1 GitHub sessions for all scopes...
2025-08-09 15:06:54.764 [info] Getting sessions for all scopes...
2025-08-09 15:06:54.764 [info] Getting GitHub sessions for all scopes...
2025-08-09 15:06:54.764 [info] Got 1 sessions for all scopes...
2025-08-09 15:06:54.764 [info] Got 1 GitHub sessions for all scopes...
2025-08-09 15:06:54.960 [info] Getting sessions for all scopes...
2025-08-09 15:06:54.960 [info] Getting GitHub sessions for all scopes...
2025-08-09 15:06:54.960 [info] Got 1 sessions for all scopes...
2025-08-09 15:06:54.960 [info] Got 1 GitHub sessions for all scopes...
