2025-08-10 10:27:57.267 [info] Log level: Info
2025-08-10 10:27:57.267 [info] VSCODE_MACHINE_ID: 10d3d877-fe56-442f-a117-f9035039c6e9
2025-08-10 10:27:57.267 [info] VSCODE_SESSION_ID: 087ccf73-737d-4df9-8adc-f5584bdeea291754821668565
2025-08-10 10:27:57.267 [info] VSCODE_VERSION: 1.102.3
2025-08-10 10:27:57.267 [info] VSCODE_APP_NAME: Gitpod Code
2025-08-10 10:27:57.267 [info] VSCODE_APP_HOST: Gitpod
2025-08-10 10:27:57.267 [info] VSCODE_UI_KIND: web
2025-08-10 10:27:57.267 [info] GITPOD_WORKSPACE_CONTEXT_URL: https://github.com/Abdallah-Develop/Website-starter
2025-08-10 10:27:57.267 [info] GITPOD_INSTANCE_ID: ca23dfbd-9ee2-47a7-b45d-42083e4f2a87
2025-08-10 10:27:57.267 [info] GITPOD_WORKSPACE_URL: https://abdallahdev-websitestar-esjdme0laxn.ws-eu120.gitpod.io
2025-08-10 10:27:57.267 [info] Gitpod Web 3953e81
2025-08-10 10:27:57.267 [info] Reading sessions from keychain...
2025-08-10 10:27:59.839 [info] Got stored sessions!
2025-08-10 10:27:59.840 [info] Verified session with the following scopes: function:accessCodeSyncStorage function:closePort function:controlAdmission function:deleteEnvVar function:generateNewGitpodToken function:getDefaultWorkspaceImage function:getGitpodTokenScopes function:getIDToken function:getLoggedInUser function:getOpenPorts function:getSupportedWorkspaceClasses function:getTeams function:getToken function:getWorkspace function:getWorkspaceEnvVars function:getWorkspaceOwner function:getWorkspaceTimeout function:getWorkspaceUsers function:guessGitTokenScopes function:isWorkspaceOwner function:openPort function:sendHeartBeat function:setEnvVar function:setWorkspaceTimeout function:stopWorkspace function:takeSnapshot function:trackEvent function:updateGitStatus function:waitForSnapshot resource:contentBlob::*::create/get resource:envVar::*/**::update resource:envVar::*/*::update resource:envVar::Abdallah-Develop/Website-starter::create/get/update/delete resource:gitpodToken::*::create resource:snapshot::ws-abdallahdev-websitestar-esjdme0laxn::create resource:token::*::get resource:userStorage::*::create/get/update resource:workspace::abdallahdev-websitestar-esjdme0laxn::get/update resource:workspaceInstance::ca23dfbd-9ee2-47a7-b45d-42083e4f2a87::get/update/delete
2025-08-10 10:27:59.840 [info] Got 1 verified sessions.
2025-08-10 10:27:59.840 [info] Getting sessions for all scopes...
2025-08-10 10:27:59.840 [info] Getting GitHub sessions for all scopes...
2025-08-10 10:27:59.840 [info] Got 1 sessions for all scopes...
2025-08-10 10:27:59.840 [info] Getting sessions for all scopes...
2025-08-10 10:27:59.840 [info] Got 1 sessions for all scopes...
2025-08-10 10:27:59.840 [info] Getting sessions for all scopes...
2025-08-10 10:27:59.840 [info] Got 1 sessions for all scopes...
2025-08-10 10:28:00.555 [info] Got 1 GitHub sessions for all scopes...
2025-08-10 10:28:01.345 [info] Getting GitHub sessions for all scopes...
2025-08-10 10:28:01.345 [info] Getting sessions for all scopes...
2025-08-10 10:28:01.345 [info] Got 1 GitHub sessions for all scopes...
2025-08-10 10:28:01.345 [info] Got 1 sessions for all scopes...
2025-08-10 10:28:01.346 [info] Getting GitHub sessions for all scopes...
2025-08-10 10:28:01.346 [info] Got 1 GitHub sessions for all scopes...
2025-08-10 10:28:01.677 [info] Getting GitHub sessions for read:user,repo,user:email,workflow...
2025-08-10 10:28:01.677 [info] Got 0 GitHub sessions for read:user,repo,user:email,workflow...
2025-08-10 10:28:01.814 [info] Getting GitHub sessions for all scopes...
2025-08-10 10:28:01.814 [info] Got 1 GitHub sessions for all scopes...
2025-08-10 10:28:02.455 [info] Getting GitHub sessions for project,read:org,read:user,repo,user:email,workflow...
2025-08-10 10:28:02.455 [info] Got 0 GitHub sessions for project,read:org,read:user,repo,user:email,workflow...
2025-08-10 10:28:02.546 [info] Getting sessions for all scopes...
2025-08-10 10:28:02.546 [info] Getting GitHub sessions for all scopes...
2025-08-10 10:28:02.546 [info] Got 1 sessions for all scopes...
2025-08-10 10:28:02.546 [info] Got 1 GitHub sessions for all scopes...
2025-08-10 10:28:03.751 [info] Getting sessions for all scopes...
2025-08-10 10:28:03.751 [info] Getting GitHub sessions for all scopes...
2025-08-10 10:28:03.751 [info] Got 1 sessions for all scopes...
2025-08-10 10:28:03.751 [info] Got 1 GitHub sessions for all scopes...
2025-08-10 10:28:04.456 [info] Getting GitHub sessions for read:user,repo,user:email,workflow...
2025-08-10 10:28:04.460 [info] Got 0 GitHub sessions for read:user,repo,user:email,workflow...
2025-08-10 10:28:05.064 [info] Getting sessions for all scopes...
2025-08-10 10:28:05.064 [info] Getting GitHub sessions for all scopes...
2025-08-10 10:28:05.064 [info] Got 1 sessions for all scopes...
2025-08-10 10:28:05.064 [info] Got 1 GitHub sessions for all scopes...
2025-08-10 10:28:06.086 [info] Getting GitHub sessions for read:user,repo,user:email...
2025-08-10 10:28:06.086 [info] Got 0 GitHub sessions for read:user,repo,user:email...
2025-08-10 10:28:06.169 [info] Getting sessions for all scopes...
2025-08-10 10:28:06.169 [info] Getting GitHub sessions for all scopes...
2025-08-10 10:28:06.169 [info] Got 1 sessions for all scopes...
2025-08-10 10:28:06.169 [info] Got 1 GitHub sessions for all scopes...
2025-08-10 10:28:07.572 [info] Getting GitHub sessions for read:user,repo,user:email,workflow...
2025-08-10 10:28:07.573 [info] Got 0 GitHub sessions for read:user,repo,user:email,workflow...
2025-08-10 10:28:09.016 [info] Getting sessions for function:accessCodeSyncStorage...
2025-08-10 10:28:09.020 [info] Got 1 sessions for function:accessCodeSyncStorage...
2025-08-10 10:28:10.720 [info] Getting sessions for all scopes...
2025-08-10 10:28:10.720 [info] Getting GitHub sessions for all scopes...
2025-08-10 10:28:10.720 [info] Got 1 sessions for all scopes...
2025-08-10 10:28:10.720 [info] Got 1 GitHub sessions for all scopes...
2025-08-10 10:28:10.847 [info] Getting sessions for all scopes...
2025-08-10 10:28:10.847 [info] Getting GitHub sessions for all scopes...
2025-08-10 10:28:10.847 [info] Got 1 sessions for all scopes...
2025-08-10 10:28:10.847 [info] Got 1 GitHub sessions for all scopes...
2025-08-10 10:28:11.427 [info] Getting sessions for all scopes...
2025-08-10 10:28:11.427 [info] Getting GitHub sessions for all scopes...
2025-08-10 10:28:11.427 [info] Got 1 sessions for all scopes...
2025-08-10 10:28:11.427 [info] Got 1 GitHub sessions for all scopes...
2025-08-10 10:28:11.732 [info] Getting sessions for all scopes...
2025-08-10 10:28:11.732 [info] Getting GitHub sessions for all scopes...
2025-08-10 10:28:11.732 [info] Got 1 sessions for all scopes...
2025-08-10 10:28:11.732 [info] Got 1 GitHub sessions for all scopes...
2025-08-10 10:28:12.483 [info] Getting sessions for all scopes...
2025-08-10 10:28:12.483 [info] Getting GitHub sessions for all scopes...
2025-08-10 10:28:12.483 [info] Got 1 sessions for all scopes...
2025-08-10 10:28:12.483 [info] Got 1 GitHub sessions for all scopes...
2025-08-10 10:28:12.605 [info] Getting sessions for all scopes...
2025-08-10 10:28:12.605 [info] Getting GitHub sessions for all scopes...
2025-08-10 10:28:12.605 [info] Got 1 sessions for all scopes...
2025-08-10 10:28:12.605 [info] Got 1 GitHub sessions for all scopes...
2025-08-10 10:28:18.615 [info] Getting sessions for all scopes...
2025-08-10 10:28:18.616 [info] Getting GitHub sessions for all scopes...
2025-08-10 10:28:18.616 [info] Got 1 sessions for all scopes...
2025-08-10 10:28:18.616 [info] Got 1 GitHub sessions for all scopes...
2025-08-10 10:28:18.686 [info] Getting sessions for all scopes...
2025-08-10 10:28:18.694 [info] Getting GitHub sessions for all scopes...
2025-08-10 10:28:18.694 [info] Got 1 sessions for all scopes...
2025-08-10 10:28:18.694 [info] Got 1 GitHub sessions for all scopes...
2025-08-10 10:28:18.924 [info] Getting sessions for all scopes...
2025-08-10 10:28:18.924 [info] Getting GitHub sessions for all scopes...
2025-08-10 10:28:18.924 [info] Got 1 sessions for all scopes...
2025-08-10 10:28:18.924 [info] Got 1 GitHub sessions for all scopes...
2025-08-10 10:28:18.934 [info] Getting sessions for all scopes...
2025-08-10 10:28:18.934 [info] Getting GitHub sessions for all scopes...
2025-08-10 10:28:18.934 [info] Got 1 sessions for all scopes...
2025-08-10 10:28:18.934 [info] Got 1 GitHub sessions for all scopes...
2025-08-10 10:28:18.934 [info] Getting sessions for all scopes...
2025-08-10 10:28:18.934 [info] Getting GitHub sessions for all scopes...
2025-08-10 10:28:18.934 [info] Got 1 sessions for all scopes...
2025-08-10 10:28:18.934 [info] Got 1 GitHub sessions for all scopes...
2025-08-10 10:33:27.363 [info] Getting sessions for all scopes...
2025-08-10 10:33:27.363 [info] Getting GitHub sessions for all scopes...
2025-08-10 10:33:27.363 [info] Got 1 sessions for all scopes...
2025-08-10 10:33:27.363 [info] Got 1 GitHub sessions for all scopes...
2025-08-10 10:33:27.448 [info] Getting sessions for all scopes...
2025-08-10 10:33:27.448 [info] Getting GitHub sessions for all scopes...
2025-08-10 10:33:27.448 [info] Got 1 sessions for all scopes...
2025-08-10 10:33:27.448 [info] Got 1 GitHub sessions for all scopes...
2025-08-10 10:33:29.218 [info] Getting sessions for all scopes...
2025-08-10 10:33:29.218 [info] Getting GitHub sessions for all scopes...
2025-08-10 10:33:29.218 [info] Got 1 sessions for all scopes...
2025-08-10 10:33:29.218 [info] Got 1 GitHub sessions for all scopes...
2025-08-10 10:33:29.365 [info] Getting sessions for all scopes...
2025-08-10 10:33:29.368 [info] Getting GitHub sessions for all scopes...
2025-08-10 10:33:29.368 [info] Got 1 sessions for all scopes...
2025-08-10 10:33:29.368 [info] Got 1 GitHub sessions for all scopes...
