2025-08-09 16:33:10.271 [info] Log level: Info
2025-08-09 16:33:10.281 [info] VSCODE_MACHINE_ID: 10d3d877-fe56-442f-a117-f9035039c6e9
2025-08-09 16:33:10.281 [info] VSCODE_SESSION_ID: 3b94b6eb-3554-429f-9bdd-0bf75f0e83a01754757170635
2025-08-09 16:33:10.281 [info] VSCODE_VERSION: 1.102.3
2025-08-09 16:33:10.281 [info] VSCODE_APP_NAME: Gitpod Code
2025-08-09 16:33:10.281 [info] VSCODE_APP_HOST: Gitpod
2025-08-09 16:33:10.281 [info] VSCODE_UI_KIND: web
2025-08-09 16:33:10.281 [info] GITPOD_WORKSPACE_CONTEXT_URL: https://github.com/Abdallah-Develop/Website-starter
2025-08-09 16:33:10.281 [info] GITPOD_INSTANCE_ID: b59029ac-1008-4582-9739-2f9f6ca07115
2025-08-09 16:33:10.281 [info] GITPOD_WORKSPACE_URL: https://abdallahdev-websitestar-esjdme0laxn.ws-eu120.gitpod.io
2025-08-09 16:33:10.288 [info] Gitpod Web 3953e81
2025-08-09 16:33:10.288 [info] Reading sessions from keychain...
2025-08-09 16:33:11.093 [info] Got stored sessions!
2025-08-09 16:33:11.093 [info] Verified session with the following scopes: function:accessCodeSyncStorage function:closePort function:controlAdmission function:deleteEnvVar function:generateNewGitpodToken function:getDefaultWorkspaceImage function:getGitpodTokenScopes function:getIDToken function:getLoggedInUser function:getOpenPorts function:getSupportedWorkspaceClasses function:getTeams function:getToken function:getWorkspace function:getWorkspaceEnvVars function:getWorkspaceOwner function:getWorkspaceTimeout function:getWorkspaceUsers function:guessGitTokenScopes function:isWorkspaceOwner function:openPort function:sendHeartBeat function:setEnvVar function:setWorkspaceTimeout function:stopWorkspace function:takeSnapshot function:trackEvent function:updateGitStatus function:waitForSnapshot resource:contentBlob::*::create/get resource:envVar::*/**::update resource:envVar::*/*::update resource:envVar::Abdallah-Develop/Website-starter::create/get/update/delete resource:gitpodToken::*::create resource:snapshot::ws-abdallahdev-websitestar-esjdme0laxn::create resource:token::*::get resource:userStorage::*::create/get/update resource:workspace::abdallahdev-websitestar-esjdme0laxn::get/update resource:workspaceInstance::b59029ac-1008-4582-9739-2f9f6ca07115::get/update/delete
2025-08-09 16:33:11.093 [info] Got 1 verified sessions.
2025-08-09 16:33:11.093 [info] Getting sessions for all scopes...
2025-08-09 16:33:11.093 [info] Getting GitHub sessions for all scopes...
2025-08-09 16:33:11.093 [info] Got 1 sessions for all scopes...
2025-08-09 16:33:11.093 [info] Getting sessions for all scopes...
2025-08-09 16:33:11.093 [info] Got 1 sessions for all scopes...
2025-08-09 16:33:11.093 [info] Getting sessions for all scopes...
2025-08-09 16:33:11.093 [info] Got 1 sessions for all scopes...
2025-08-09 16:33:12.161 [info] Got 1 GitHub sessions for all scopes...
2025-08-09 16:33:15.423 [info] Getting GitHub sessions for all scopes...
2025-08-09 16:33:15.423 [info] Getting sessions for all scopes...
2025-08-09 16:33:15.423 [info] Got 1 GitHub sessions for all scopes...
2025-08-09 16:33:15.423 [info] Got 1 sessions for all scopes...
2025-08-09 16:33:15.423 [info] Getting GitHub sessions for all scopes...
2025-08-09 16:33:15.423 [info] Got 1 GitHub sessions for all scopes...
2025-08-09 16:33:16.358 [info] Getting GitHub sessions for all scopes...
2025-08-09 16:33:16.358 [info] Got 1 GitHub sessions for all scopes...
2025-08-09 16:33:17.303 [info] Getting GitHub sessions for read:user,repo,user:email,workflow...
2025-08-09 16:33:17.303 [info] Got 0 GitHub sessions for read:user,repo,user:email,workflow...
2025-08-09 16:33:18.909 [info] Getting GitHub sessions for project,read:org,read:user,repo,user:email,workflow...
2025-08-09 16:33:18.909 [info] Got 0 GitHub sessions for project,read:org,read:user,repo,user:email,workflow...
2025-08-09 16:33:18.942 [info] Getting sessions for all scopes...
2025-08-09 16:33:18.942 [info] Getting GitHub sessions for all scopes...
2025-08-09 16:33:18.942 [info] Got 1 sessions for all scopes...
2025-08-09 16:33:18.942 [info] Got 1 GitHub sessions for all scopes...
2025-08-09 16:33:19.088 [info] Getting sessions for all scopes...
2025-08-09 16:33:19.088 [info] Getting GitHub sessions for all scopes...
2025-08-09 16:33:19.088 [info] Got 1 sessions for all scopes...
2025-08-09 16:33:19.088 [info] Got 1 GitHub sessions for all scopes...
2025-08-09 16:33:19.459 [info] Getting GitHub sessions for read:user,repo,user:email,workflow...
2025-08-09 16:33:19.459 [info] Got 0 GitHub sessions for read:user,repo,user:email,workflow...
2025-08-09 16:33:19.856 [info] Getting GitHub sessions for read:user,repo,user:email...
2025-08-09 16:33:19.856 [info] Got 0 GitHub sessions for read:user,repo,user:email...
2025-08-09 16:33:20.264 [info] Getting sessions for function:accessCodeSyncStorage...
2025-08-09 16:33:20.265 [info] Got 1 sessions for function:accessCodeSyncStorage...
2025-08-09 16:33:20.743 [info] Getting GitHub sessions for read:user,repo,user:email,workflow...
2025-08-09 16:33:20.770 [info] Got 0 GitHub sessions for read:user,repo,user:email,workflow...
2025-08-09 16:33:25.384 [info] Getting sessions for all scopes...
2025-08-09 16:33:25.384 [info] Getting GitHub sessions for all scopes...
2025-08-09 16:33:25.384 [info] Got 1 sessions for all scopes...
2025-08-09 16:33:25.384 [info] Got 1 GitHub sessions for all scopes...
2025-08-09 16:33:25.542 [info] Getting sessions for all scopes...
2025-08-09 16:33:25.543 [info] Getting GitHub sessions for all scopes...
2025-08-09 16:33:25.543 [info] Got 1 sessions for all scopes...
2025-08-09 16:33:25.543 [info] Got 1 GitHub sessions for all scopes...
2025-08-09 16:33:26.043 [info] Getting sessions for all scopes...
2025-08-09 16:33:26.043 [info] Getting GitHub sessions for all scopes...
2025-08-09 16:33:26.043 [info] Got 1 sessions for all scopes...
2025-08-09 16:33:26.043 [info] Got 1 GitHub sessions for all scopes...
2025-08-09 16:33:26.471 [info] Getting sessions for all scopes...
2025-08-09 16:33:26.471 [info] Getting GitHub sessions for all scopes...
2025-08-09 16:33:26.472 [info] Got 1 sessions for all scopes...
2025-08-09 16:33:26.472 [info] Got 1 GitHub sessions for all scopes...
2025-08-09 16:33:27.862 [info] Getting sessions for all scopes...
2025-08-09 16:33:27.862 [info] Getting GitHub sessions for all scopes...
2025-08-09 16:33:27.862 [info] Got 1 sessions for all scopes...
2025-08-09 16:33:27.862 [info] Got 1 GitHub sessions for all scopes...
2025-08-09 16:33:28.131 [info] Getting sessions for all scopes...
2025-08-09 16:33:28.131 [info] Getting GitHub sessions for all scopes...
2025-08-09 16:33:28.131 [info] Got 1 sessions for all scopes...
2025-08-09 16:33:28.131 [info] Got 1 GitHub sessions for all scopes...
2025-08-09 16:33:29.251 [info] Getting sessions for all scopes...
2025-08-09 16:33:29.251 [info] Getting GitHub sessions for all scopes...
2025-08-09 16:33:29.251 [info] Got 1 sessions for all scopes...
2025-08-09 16:33:29.251 [info] Got 1 GitHub sessions for all scopes...
2025-08-09 16:33:29.762 [info] Getting sessions for all scopes...
2025-08-09 16:33:29.762 [info] Getting GitHub sessions for all scopes...
2025-08-09 16:33:29.762 [info] Got 1 sessions for all scopes...
2025-08-09 16:33:29.762 [info] Got 1 GitHub sessions for all scopes...
2025-08-09 16:33:32.106 [info] Getting sessions for all scopes...
2025-08-09 16:33:32.106 [info] Getting GitHub sessions for all scopes...
2025-08-09 16:33:32.106 [info] Got 1 sessions for all scopes...
2025-08-09 16:33:32.106 [info] Got 1 GitHub sessions for all scopes...
2025-08-09 16:33:32.308 [info] Getting sessions for all scopes...
2025-08-09 16:33:32.308 [info] Getting GitHub sessions for all scopes...
2025-08-09 16:33:32.308 [info] Got 1 sessions for all scopes...
2025-08-09 16:33:32.308 [info] Got 1 GitHub sessions for all scopes...
2025-08-09 16:33:33.002 [info] Getting sessions for all scopes...
2025-08-09 16:33:33.002 [info] Getting GitHub sessions for all scopes...
2025-08-09 16:33:33.002 [info] Got 1 sessions for all scopes...
2025-08-09 16:33:33.002 [info] Got 1 GitHub sessions for all scopes...
2025-08-09 16:33:33.002 [info] Getting sessions for all scopes...
2025-08-09 16:33:33.002 [info] Getting GitHub sessions for all scopes...
2025-08-09 16:33:33.002 [info] Got 1 sessions for all scopes...
2025-08-09 16:33:33.002 [info] Got 1 GitHub sessions for all scopes...
2025-08-09 16:33:33.002 [info] Getting sessions for all scopes...
2025-08-09 16:33:33.002 [info] Getting GitHub sessions for all scopes...
2025-08-09 16:33:33.002 [info] Got 1 sessions for all scopes...
2025-08-09 16:33:33.002 [info] Got 1 GitHub sessions for all scopes...
2025-08-09 16:38:00.943 [info] Getting sessions for all scopes...
2025-08-09 16:38:00.943 [info] Getting GitHub sessions for all scopes...
2025-08-09 16:38:00.943 [info] Got 1 sessions for all scopes...
2025-08-09 16:38:00.943 [info] Got 1 GitHub sessions for all scopes...
2025-08-09 16:38:01.112 [info] Getting sessions for all scopes...
2025-08-09 16:38:01.112 [info] Getting GitHub sessions for all scopes...
2025-08-09 16:38:01.112 [info] Got 1 sessions for all scopes...
2025-08-09 16:38:01.112 [info] Got 1 GitHub sessions for all scopes...
