2025-08-09 16:11:49.035 [info] Log level: Info
2025-08-09 16:11:49.377 [info] VSCODE_MACHINE_ID: 10d3d877-fe56-442f-a117-f9035039c6e9
2025-08-09 16:11:49.377 [info] VSCODE_SESSION_ID: 529d0a29-0a9e-4a77-972b-5ecba41d17591754755892029
2025-08-09 16:11:49.377 [info] VSCODE_VERSION: 1.102.3
2025-08-09 16:11:49.377 [info] VSCODE_APP_NAME: Gitpod Code
2025-08-09 16:11:49.377 [info] VSCODE_APP_HOST: Gitpod
2025-08-09 16:11:49.377 [info] VSCODE_UI_KIND: web
2025-08-09 16:11:49.377 [info] GITPOD_WORKSPACE_CONTEXT_URL: https://github.com/Abdallah-Develop/Website-starter
2025-08-09 16:11:49.377 [info] GITPOD_INSTANCE_ID: b59029ac-1008-4582-9739-2f9f6ca07115
2025-08-09 16:11:49.377 [info] GITPOD_WORKSPACE_URL: https://abdallahdev-websitestar-esjdme0laxn.ws-eu120.gitpod.io
2025-08-09 16:11:49.382 [info] Gitpod Web 3953e81
2025-08-09 16:11:49.382 [info] Reading sessions from keychain...
2025-08-09 16:11:52.513 [info] Got stored sessions!
2025-08-09 16:11:52.513 [info] Verified session with the following scopes: function:accessCodeSyncStorage function:closePort function:controlAdmission function:deleteEnvVar function:generateNewGitpodToken function:getDefaultWorkspaceImage function:getGitpodTokenScopes function:getIDToken function:getLoggedInUser function:getOpenPorts function:getSupportedWorkspaceClasses function:getTeams function:getToken function:getWorkspace function:getWorkspaceEnvVars function:getWorkspaceOwner function:getWorkspaceTimeout function:getWorkspaceUsers function:guessGitTokenScopes function:isWorkspaceOwner function:openPort function:sendHeartBeat function:setEnvVar function:setWorkspaceTimeout function:stopWorkspace function:takeSnapshot function:trackEvent function:updateGitStatus function:waitForSnapshot resource:contentBlob::*::create/get resource:envVar::*/**::update resource:envVar::*/*::update resource:envVar::Abdallah-Develop/Website-starter::create/get/update/delete resource:gitpodToken::*::create resource:snapshot::ws-abdallahdev-websitestar-esjdme0laxn::create resource:token::*::get resource:userStorage::*::create/get/update resource:workspace::abdallahdev-websitestar-esjdme0laxn::get/update resource:workspaceInstance::b59029ac-1008-4582-9739-2f9f6ca07115::get/update/delete
2025-08-09 16:11:52.513 [info] Got 1 verified sessions.
2025-08-09 16:11:52.513 [info] Getting sessions for all scopes...
2025-08-09 16:11:52.513 [info] Getting GitHub sessions for all scopes...
2025-08-09 16:11:52.513 [info] Got 1 sessions for all scopes...
2025-08-09 16:11:52.513 [info] Getting sessions for all scopes...
2025-08-09 16:11:52.513 [info] Got 1 sessions for all scopes...
2025-08-09 16:11:52.513 [info] Getting sessions for all scopes...
2025-08-09 16:11:52.513 [info] Got 1 sessions for all scopes...
2025-08-09 16:11:54.455 [info] Got 1 GitHub sessions for all scopes...
2025-08-09 16:11:57.452 [info] Getting GitHub sessions for all scopes...
2025-08-09 16:11:57.453 [info] Getting sessions for all scopes...
2025-08-09 16:11:57.453 [info] Got 1 GitHub sessions for all scopes...
2025-08-09 16:11:57.453 [info] Got 1 sessions for all scopes...
2025-08-09 16:11:57.453 [info] Getting GitHub sessions for all scopes...
2025-08-09 16:11:57.453 [info] Got 1 GitHub sessions for all scopes...
2025-08-09 16:11:58.185 [info] Getting GitHub sessions for all scopes...
2025-08-09 16:11:58.185 [info] Got 1 GitHub sessions for all scopes...
2025-08-09 16:11:59.200 [info] Getting GitHub sessions for read:user,repo,user:email,workflow...
2025-08-09 16:11:59.200 [info] Got 0 GitHub sessions for read:user,repo,user:email,workflow...
2025-08-09 16:11:59.825 [info] Getting GitHub sessions for project,read:org,read:user,repo,user:email,workflow...
2025-08-09 16:11:59.825 [info] Got 0 GitHub sessions for project,read:org,read:user,repo,user:email,workflow...
2025-08-09 16:12:03.596 [info] Getting sessions for function:accessCodeSyncStorage...
2025-08-09 16:12:03.596 [info] Got 1 sessions for function:accessCodeSyncStorage...
2025-08-09 16:12:03.785 [info] Getting GitHub sessions for read:user,repo,user:email,workflow...
2025-08-09 16:12:03.785 [info] Got 0 GitHub sessions for read:user,repo,user:email,workflow...
2025-08-09 16:12:07.852 [info] Getting GitHub sessions for read:user,repo,user:email...
2025-08-09 16:12:07.853 [info] Got 0 GitHub sessions for read:user,repo,user:email...
2025-08-09 16:12:08.105 [info] Getting sessions for all scopes...
2025-08-09 16:12:08.105 [info] Getting GitHub sessions for all scopes...
2025-08-09 16:12:08.105 [info] Got 1 sessions for all scopes...
2025-08-09 16:12:08.105 [info] Got 1 GitHub sessions for all scopes...
2025-08-09 16:12:08.278 [info] Getting sessions for all scopes...
2025-08-09 16:12:08.278 [info] Getting GitHub sessions for all scopes...
2025-08-09 16:12:08.278 [info] Got 1 sessions for all scopes...
2025-08-09 16:12:08.278 [info] Got 1 GitHub sessions for all scopes...
2025-08-09 16:12:08.388 [info] Getting GitHub sessions for read:user,repo,user:email,workflow...
2025-08-09 16:12:08.388 [info] Got 0 GitHub sessions for read:user,repo,user:email,workflow...
2025-08-09 16:12:13.585 [info] Getting sessions for all scopes...
2025-08-09 16:12:13.585 [info] Getting GitHub sessions for all scopes...
2025-08-09 16:12:13.585 [info] Got 1 sessions for all scopes...
2025-08-09 16:12:13.585 [info] Got 1 GitHub sessions for all scopes...
2025-08-09 16:12:13.799 [info] Getting sessions for all scopes...
2025-08-09 16:12:13.799 [info] Getting GitHub sessions for all scopes...
2025-08-09 16:12:13.799 [info] Got 1 sessions for all scopes...
2025-08-09 16:12:13.799 [info] Got 1 GitHub sessions for all scopes...
2025-08-09 16:12:17.464 [info] Getting sessions for all scopes...
2025-08-09 16:12:17.465 [info] Getting GitHub sessions for all scopes...
2025-08-09 16:12:17.465 [info] Got 1 sessions for all scopes...
2025-08-09 16:12:17.465 [info] Got 1 GitHub sessions for all scopes...
2025-08-09 16:12:17.663 [info] Getting sessions for all scopes...
2025-08-09 16:12:17.663 [info] Getting GitHub sessions for all scopes...
2025-08-09 16:12:17.663 [info] Got 1 sessions for all scopes...
2025-08-09 16:12:17.663 [info] Got 1 GitHub sessions for all scopes...
2025-08-09 16:12:19.853 [info] Getting sessions for all scopes...
2025-08-09 16:12:19.853 [info] Getting GitHub sessions for all scopes...
2025-08-09 16:12:19.853 [info] Got 1 sessions for all scopes...
2025-08-09 16:12:19.853 [info] Got 1 GitHub sessions for all scopes...
2025-08-09 16:12:19.997 [info] Getting sessions for all scopes...
2025-08-09 16:12:19.997 [info] Getting GitHub sessions for all scopes...
2025-08-09 16:12:19.997 [info] Got 1 sessions for all scopes...
2025-08-09 16:12:19.997 [info] Got 1 GitHub sessions for all scopes...
2025-08-09 16:12:25.180 [info] Getting sessions for all scopes...
2025-08-09 16:12:25.180 [info] Getting GitHub sessions for all scopes...
2025-08-09 16:12:25.180 [info] Got 1 sessions for all scopes...
2025-08-09 16:12:25.180 [info] Got 1 GitHub sessions for all scopes...
2025-08-09 16:12:25.180 [info] Getting sessions for all scopes...
2025-08-09 16:12:25.181 [info] Getting GitHub sessions for all scopes...
2025-08-09 16:12:25.181 [info] Got 1 sessions for all scopes...
2025-08-09 16:12:25.181 [info] Got 1 GitHub sessions for all scopes...
2025-08-09 16:12:25.181 [info] Getting sessions for all scopes...
2025-08-09 16:12:25.181 [info] Getting GitHub sessions for all scopes...
2025-08-09 16:12:25.181 [info] Got 1 sessions for all scopes...
2025-08-09 16:12:25.181 [info] Got 1 GitHub sessions for all scopes...
2025-08-09 16:12:31.112 [info] Getting sessions for all scopes...
2025-08-09 16:12:31.112 [info] Getting GitHub sessions for all scopes...
2025-08-09 16:12:31.112 [info] Got 1 sessions for all scopes...
2025-08-09 16:12:31.112 [info] Got 1 GitHub sessions for all scopes...
2025-08-09 16:12:31.232 [info] Getting sessions for all scopes...
2025-08-09 16:12:31.232 [info] Getting GitHub sessions for all scopes...
2025-08-09 16:12:31.232 [info] Got 1 sessions for all scopes...
2025-08-09 16:12:31.232 [info] Got 1 GitHub sessions for all scopes...
