2025-08-08 09:23:40.352 [info] [main] Log level: Info
2025-08-08 09:23:40.355 [info] [main] Validating found git in: "git"
2025-08-08 09:23:40.355 [info] [main] Using git "2.49.0" from "git"
2025-08-08 09:23:40.355 [info] [Model][doInitialScan] Initial repository scan started
2025-08-08 09:23:40.355 [info] > git rev-parse --show-toplevel [21ms]
2025-08-08 09:23:40.355 [info] > git rev-parse --git-dir --git-common-dir [2ms]
2025-08-08 09:23:40.355 [info] [Model][openRepository] Opened repository (path): /workspace/Website-starter
2025-08-08 09:23:40.355 [info] [Model][openRepository] Opened repository (real path): /workspace/Website-starter
2025-08-08 09:23:40.355 [info] > git config --get commit.template [8ms]
2025-08-08 09:23:40.355 [info] > git rev-parse --show-toplevel [9ms]
2025-08-08 09:23:40.355 [info] > git for-each-ref --format=%(refname)%00%(upstream:short)%00%(objectname)%00%(upstream:track)%00%(upstream:remotename)%00%(upstream:remoteref) refs/heads/main refs/remotes/main [6ms]
2025-08-08 09:23:40.355 [info] > git rev-parse --show-toplevel [49ms]
2025-08-08 09:23:40.355 [info] > git for-each-ref --sort -committerdate --format %(refname)%00%(objectname)%00%(*objectname) [10ms]
2025-08-08 09:23:40.355 [info] > git status -z -uall [44ms]
2025-08-08 09:23:40.355 [info] > git rev-parse --show-toplevel [27ms]
2025-08-08 09:23:40.355 [info] > git for-each-ref --format=%(refname)%00%(upstream:short)%00%(objectname)%00%(upstream:track)%00%(upstream:remotename)%00%(upstream:remoteref) refs/heads/main refs/remotes/main [20ms]
2025-08-08 09:23:40.355 [info] > git rev-parse --show-toplevel [104ms]
2025-08-08 09:23:40.355 [info] > git config --get commit.template [63ms]
2025-08-08 09:23:40.355 [info] > git rev-parse --show-toplevel [74ms]
2025-08-08 09:23:40.355 [info] > git config --get --local branch.main.vscode-merge-base [81ms]
2025-08-08 09:23:40.355 [info] > git for-each-ref --format=%(refname)%00%(upstream:short)%00%(objectname)%00%(upstream:track)%00%(upstream:remotename)%00%(upstream:remoteref) refs/heads/main refs/remotes/main [8ms]
2025-08-08 09:23:40.355 [info] > git for-each-ref --format=%(refname)%00%(upstream:short)%00%(objectname)%00%(upstream:track)%00%(upstream:remotename)%00%(upstream:remoteref) refs/heads/origin/main refs/remotes/origin/main [14ms]
2025-08-08 09:23:40.355 [info] > git rev-parse --show-toplevel [10ms]
2025-08-08 09:23:40.355 [info] > git merge-base refs/heads/main refs/remotes/origin/main [75ms]
2025-08-08 09:23:40.355 [info] > git rev-parse --show-toplevel [19ms]
2025-08-08 09:23:40.355 [info] [Model][doInitialScan] Initial repository scan completed - repositories (1), closed repositories (0), parent repositories (0), unsafe repositories (0)
2025-08-08 09:23:40.355 [info] > git fetch [428ms]
2025-08-08 09:23:40.355 [info] > git for-each-ref --sort -committerdate --format %(refname)%00%(objectname)%00%(*objectname) [3ms] (cancelled)
2025-08-08 09:23:40.355 [info] > git status -z -uall [25ms] (cancelled)
2025-08-08 09:23:40.355 [info] > git diff --name-status -z --diff-filter=ADMR 0d7a3a898007be1d8200d8db99d59472a2da8d06...refs/remotes/origin/main [32ms]
2025-08-08 09:23:40.355 [info] > git config --get commit.template [3ms]
2025-08-08 09:23:40.355 [info] > git merge-base refs/heads/main refs/remotes/origin/main [13ms]
2025-08-08 09:23:40.355 [info] > git diff --name-status -z --diff-filter=ADMR 0d7a3a898007be1d8200d8db99d59472a2da8d06...refs/remotes/origin/main [10ms]
2025-08-08 09:23:40.355 [info] > git for-each-ref --format=%(refname)%00%(upstream:short)%00%(objectname)%00%(upstream:track)%00%(upstream:remotename)%00%(upstream:remoteref) refs/heads/main refs/remotes/main [3ms]
2025-08-08 09:23:40.356 [info] > git for-each-ref --sort -committerdate --format %(refname)%00%(objectname)%00%(*objectname) [6ms]
2025-08-08 09:23:40.364 [info] > git status -z -uall [23ms]
2025-08-08 09:23:41.712 [info] > git check-ignore -v -z --stdin [7ms]
2025-08-08 09:23:46.473 [info] > git config --get --local branch.main.github-pr-owner-number [2ms]
2025-08-08 09:23:46.473 [warning] [Git][config] git config failed: Failed to execute git
2025-08-08 09:26:40.791 [info] > git fetch [404ms]
2025-08-08 09:26:40.812 [info] > git config --get commit.template [1ms]
2025-08-08 09:26:40.830 [info] > git for-each-ref --format=%(refname)%00%(upstream:short)%00%(objectname)%00%(upstream:track)%00%(upstream:remotename)%00%(upstream:remoteref) refs/heads/main refs/remotes/main [5ms]
2025-08-08 09:26:40.865 [info] > git for-each-ref --sort -committerdate --format %(refname)%00%(objectname)%00%(*objectname) [4ms]
2025-08-08 09:26:40.880 [info] > git status -z -uall [34ms]
2025-08-08 09:26:42.039 [info] > git config --get commit.template [2ms]
2025-08-08 09:26:42.055 [info] > git for-each-ref --format=%(refname)%00%(upstream:short)%00%(objectname)%00%(upstream:track)%00%(upstream:remotename)%00%(upstream:remoteref) refs/heads/main refs/remotes/main [3ms]
2025-08-08 09:26:42.083 [info] > git for-each-ref --sort -committerdate --format %(refname)%00%(objectname)%00%(*objectname) [3ms]
2025-08-08 09:26:42.091 [info] > git status -z -uall [24ms]
2025-08-08 09:29:41.245 [info] > git fetch [341ms]
2025-08-08 09:29:41.275 [info] > git config --get commit.template [16ms]
2025-08-08 09:29:41.277 [info] > git for-each-ref --format=%(refname)%00%(upstream:short)%00%(objectname)%00%(upstream:track)%00%(upstream:remotename)%00%(upstream:remoteref) refs/heads/main refs/remotes/main [3ms]
2025-08-08 09:29:41.299 [info] > git for-each-ref --sort -committerdate --format %(refname)%00%(objectname)%00%(*objectname) [2ms]
2025-08-08 09:29:41.302 [info] > git status -z -uall [14ms]
2025-08-08 09:29:42.521 [info] > git config --get commit.template [14ms]
2025-08-08 09:29:42.522 [info] > git for-each-ref --format=%(refname)%00%(upstream:short)%00%(objectname)%00%(upstream:track)%00%(upstream:remotename)%00%(upstream:remoteref) refs/heads/main refs/remotes/main [4ms]
2025-08-08 09:29:42.552 [info] > git status -z -uall [16ms]
2025-08-08 09:29:42.554 [info] > git for-each-ref --sort -committerdate --format %(refname)%00%(objectname)%00%(*objectname) [4ms]
2025-08-08 09:32:41.637 [info] > git fetch [320ms]
2025-08-08 09:32:41.659 [info] > git config --get commit.template [11ms]
2025-08-08 09:32:41.660 [info] > git for-each-ref --format=%(refname)%00%(upstream:short)%00%(objectname)%00%(upstream:track)%00%(upstream:remotename)%00%(upstream:remoteref) refs/heads/main refs/remotes/main [2ms]
2025-08-08 09:32:41.681 [info] > git for-each-ref --sort -committerdate --format %(refname)%00%(objectname)%00%(*objectname) [2ms]
2025-08-08 09:32:41.685 [info] > git status -z -uall [16ms]
2025-08-08 09:32:42.887 [info] > git for-each-ref --format=%(refname)%00%(upstream:short)%00%(objectname)%00%(upstream:track)%00%(upstream:remotename)%00%(upstream:remoteref) refs/heads/main refs/remotes/main [4ms]
2025-08-08 09:32:42.888 [info] > git config --get commit.template [18ms]
2025-08-08 09:32:42.921 [info] > git for-each-ref --sort -committerdate --format %(refname)%00%(objectname)%00%(*objectname) [3ms]
2025-08-08 09:32:42.923 [info] > git status -z -uall [18ms]
2025-08-08 09:35:42.043 [info] > git fetch [342ms]
2025-08-08 09:35:42.075 [info] > git config --get commit.template [15ms]
2025-08-08 09:35:42.076 [info] > git for-each-ref --format=%(refname)%00%(upstream:short)%00%(objectname)%00%(upstream:track)%00%(upstream:remotename)%00%(upstream:remoteref) refs/heads/main refs/remotes/main [3ms]
2025-08-08 09:35:42.154 [info] > git for-each-ref --sort -committerdate --format %(refname)%00%(objectname)%00%(*objectname) [5ms]
2025-08-08 09:35:42.225 [info] > git status -z -uall [89ms]
2025-08-08 09:35:43.362 [info] > git config --get commit.template [3ms]
2025-08-08 09:35:43.379 [info] > git for-each-ref --format=%(refname)%00%(upstream:short)%00%(objectname)%00%(upstream:track)%00%(upstream:remotename)%00%(upstream:remoteref) refs/heads/main refs/remotes/main [3ms]
2025-08-08 09:35:43.408 [info] > git status -z -uall [15ms]
2025-08-08 09:35:43.409 [info] > git for-each-ref --sort -committerdate --format %(refname)%00%(objectname)%00%(*objectname) [3ms]
2025-08-08 09:38:42.573 [info] > git fetch [331ms]
2025-08-08 09:38:42.596 [info] > git config --get commit.template [10ms]
2025-08-08 09:38:42.598 [info] > git for-each-ref --format=%(refname)%00%(upstream:short)%00%(objectname)%00%(upstream:track)%00%(upstream:remotename)%00%(upstream:remoteref) refs/heads/main refs/remotes/main [4ms]
2025-08-08 09:38:42.625 [info] > git for-each-ref --sort -committerdate --format %(refname)%00%(objectname)%00%(*objectname) [4ms]
2025-08-08 09:38:42.626 [info] > git status -z -uall [18ms]
2025-08-08 09:38:43.837 [info] > git config --get commit.template [10ms]
2025-08-08 09:38:43.838 [info] > git for-each-ref --format=%(refname)%00%(upstream:short)%00%(objectname)%00%(upstream:track)%00%(upstream:remotename)%00%(upstream:remoteref) refs/heads/main refs/remotes/main [2ms]
2025-08-08 09:38:43.864 [info] > git for-each-ref --sort -committerdate --format %(refname)%00%(objectname)%00%(*objectname) [3ms]
2025-08-08 09:38:43.865 [info] > git status -z -uall [15ms]
2025-08-08 09:41:43.057 [info] > git fetch [413ms]
2025-08-08 09:41:43.091 [info] > git config --get commit.template [16ms]
2025-08-08 09:41:43.094 [info] > git for-each-ref --format=%(refname)%00%(upstream:short)%00%(objectname)%00%(upstream:track)%00%(upstream:remotename)%00%(upstream:remoteref) refs/heads/main refs/remotes/main [4ms]
2025-08-08 09:41:43.135 [info] > git for-each-ref --sort -committerdate --format %(refname)%00%(objectname)%00%(*objectname) [8ms]
2025-08-08 09:41:43.136 [info] > git status -z -uall [27ms]
2025-08-08 09:41:44.338 [info] > git config --get commit.template [2ms]
2025-08-08 09:41:44.357 [info] > git for-each-ref --format=%(refname)%00%(upstream:short)%00%(objectname)%00%(upstream:track)%00%(upstream:remotename)%00%(upstream:remoteref) refs/heads/main refs/remotes/main [4ms]
2025-08-08 09:41:44.389 [info] > git for-each-ref --sort -committerdate --format %(refname)%00%(objectname)%00%(*objectname) [4ms]
2025-08-08 09:41:44.395 [info] > git status -z -uall [23ms]
2025-08-08 09:44:43.488 [info] > git fetch [335ms]
2025-08-08 09:44:43.515 [info] > git config --get commit.template [14ms]
2025-08-08 09:44:43.516 [info] > git for-each-ref --format=%(refname)%00%(upstream:short)%00%(objectname)%00%(upstream:track)%00%(upstream:remotename)%00%(upstream:remoteref) refs/heads/main refs/remotes/main [2ms]
2025-08-08 09:44:43.548 [info] > git for-each-ref --sort -committerdate --format %(refname)%00%(objectname)%00%(*objectname) [3ms]
2025-08-08 09:44:43.550 [info] > git status -z -uall [19ms]
2025-08-08 09:44:44.724 [info] > git config --get commit.template [12ms]
2025-08-08 09:44:44.726 [info] > git for-each-ref --format=%(refname)%00%(upstream:short)%00%(objectname)%00%(upstream:track)%00%(upstream:remotename)%00%(upstream:remoteref) refs/heads/main refs/remotes/main [3ms]
2025-08-08 09:44:44.756 [info] > git for-each-ref --sort -committerdate --format %(refname)%00%(objectname)%00%(*objectname) [3ms]
2025-08-08 09:44:44.757 [info] > git status -z -uall [16ms]
2025-08-08 09:46:10.935 [info] > git config --get commit.template [20ms]
2025-08-08 09:46:10.942 [info] > git for-each-ref --format=%(refname)%00%(upstream:short)%00%(objectname)%00%(upstream:track)%00%(upstream:remotename)%00%(upstream:remoteref) refs/heads/main refs/remotes/main [9ms]
2025-08-08 09:46:11.001 [info] > git for-each-ref --sort -committerdate --format %(refname)%00%(objectname)%00%(*objectname) [6ms]
2025-08-08 09:46:11.003 [info] > git status -z -uall [32ms]
2025-08-08 09:46:19.806 [info] > git config --get commit.template [3ms]
2025-08-08 09:46:19.827 [info] > git for-each-ref --format=%(refname)%00%(upstream:short)%00%(objectname)%00%(upstream:track)%00%(upstream:remotename)%00%(upstream:remoteref) refs/heads/main refs/remotes/main [2ms]
2025-08-08 09:46:19.895 [info] > git for-each-ref --sort -committerdate --format %(refname)%00%(objectname)%00%(*objectname) [5ms]
2025-08-08 09:46:19.900 [info] > git status -z -uall [27ms]
2025-08-08 09:46:24.942 [info] > git config --get commit.template [10ms]
2025-08-08 09:46:24.992 [info] > git for-each-ref --format=%(refname)%00%(upstream:short)%00%(objectname)%00%(upstream:track)%00%(upstream:remotename)%00%(upstream:remoteref) refs/heads/main refs/remotes/main [7ms]
2025-08-08 09:46:25.061 [info] > git status -z -uall [49ms]
2025-08-08 09:46:25.079 [info] > git for-each-ref --sort -committerdate --format %(refname)%00%(objectname)%00%(*objectname) [21ms]
2025-08-08 09:46:30.122 [info] > git config --get commit.template [4ms]
2025-08-08 09:46:30.238 [info] > git for-each-ref --format=%(refname)%00%(upstream:short)%00%(objectname)%00%(upstream:track)%00%(upstream:remotename)%00%(upstream:remoteref) refs/heads/main refs/remotes/main [29ms]
2025-08-08 09:46:30.333 [info] > git for-each-ref --sort -committerdate --format %(refname)%00%(objectname)%00%(*objectname) [7ms]
2025-08-08 09:46:30.382 [info] > git status -z -uall [87ms]
2025-08-08 09:46:46.302 [info] > git check-ignore -v -z --stdin [2ms]
2025-08-08 09:46:46.893 [info] > git show --textconv :src/components/sections/landing/HeroSection.astro [18ms]
2025-08-08 09:46:46.895 [info] > git ls-files --stage -- src/components/sections/landing/HeroSection.astro [3ms]
2025-08-08 09:46:46.910 [info] > git cat-file -s 651d4ec772e9f1908a9a04cbe4abb909827b9701 [3ms]
2025-08-08 09:46:47.399 [info] > git blame --root --incremental 0d7a3a898007be1d8200d8db99d59472a2da8d06 -- src/components/sections/landing/HeroSection.astro [8ms]
2025-08-08 09:46:53.493 [info] > git config --get commit.template [19ms]
2025-08-08 09:46:53.495 [info] > git for-each-ref --format=%(refname)%00%(upstream:short)%00%(objectname)%00%(upstream:track)%00%(upstream:remotename)%00%(upstream:remoteref) refs/heads/main refs/remotes/main [4ms]
2025-08-08 09:46:53.523 [info] > git for-each-ref --sort -committerdate --format %(refname)%00%(objectname)%00%(*objectname) [4ms]
2025-08-08 09:46:53.548 [info] > git status -z -uall [40ms]
2025-08-08 09:46:58.608 [info] > git config --get commit.template [19ms]
2025-08-08 09:46:58.609 [info] > git for-each-ref --format=%(refname)%00%(upstream:short)%00%(objectname)%00%(upstream:track)%00%(upstream:remotename)%00%(upstream:remoteref) refs/heads/main refs/remotes/main [4ms]
2025-08-08 09:46:58.675 [info] > git status -z -uall [37ms]
2025-08-08 09:46:58.675 [info] > git for-each-ref --sort -committerdate --format %(refname)%00%(objectname)%00%(*objectname) [2ms]
2025-08-08 09:47:03.710 [info] > git config --get commit.template [16ms]
2025-08-08 09:47:03.712 [info] > git for-each-ref --format=%(refname)%00%(upstream:short)%00%(objectname)%00%(upstream:track)%00%(upstream:remotename)%00%(upstream:remoteref) refs/heads/main refs/remotes/main [3ms]
2025-08-08 09:47:03.762 [info] > git status -z -uall [29ms]
2025-08-08 09:47:03.765 [info] > git for-each-ref --sort -committerdate --format %(refname)%00%(objectname)%00%(*objectname) [4ms]
2025-08-08 09:47:43.992 [info] > git fetch [424ms]
2025-08-08 09:47:44.035 [info] > git config --get commit.template [24ms]
2025-08-08 09:47:44.044 [info] > git for-each-ref --format=%(refname)%00%(upstream:short)%00%(objectname)%00%(upstream:track)%00%(upstream:remotename)%00%(upstream:remoteref) refs/heads/main refs/remotes/main [11ms]
2025-08-08 09:47:44.085 [info] > git for-each-ref --sort -committerdate --format %(refname)%00%(objectname)%00%(*objectname) [3ms]
2025-08-08 09:47:44.086 [info] > git status -z -uall [18ms]
2025-08-08 09:47:45.307 [info] > git config --get commit.template [16ms]
2025-08-08 09:47:45.308 [info] > git for-each-ref --format=%(refname)%00%(upstream:short)%00%(objectname)%00%(upstream:track)%00%(upstream:remotename)%00%(upstream:remoteref) refs/heads/main refs/remotes/main [4ms]
2025-08-08 09:47:45.357 [info] > git for-each-ref --sort -committerdate --format %(refname)%00%(objectname)%00%(*objectname) [8ms]
2025-08-08 09:47:45.361 [info] > git status -z -uall [37ms]
2025-08-08 09:48:13.647 [info] > git config --get commit.template [25ms]
2025-08-08 09:48:13.648 [info] > git for-each-ref --format=%(refname)%00%(upstream:short)%00%(objectname)%00%(upstream:track)%00%(upstream:remotename)%00%(upstream:remoteref) refs/heads/main refs/remotes/main [2ms]
2025-08-08 09:48:13.720 [info] > git for-each-ref --sort -committerdate --format %(refname)%00%(objectname)%00%(*objectname) [6ms]
2025-08-08 09:48:13.748 [info] > git status -z -uall [50ms]
2025-08-08 09:48:20.003 [info] > git config --get commit.template [2ms]
2025-08-08 09:48:20.039 [info] > git for-each-ref --format=%(refname)%00%(upstream:short)%00%(objectname)%00%(upstream:track)%00%(upstream:remotename)%00%(upstream:remoteref) refs/heads/main refs/remotes/main [9ms]
2025-08-08 09:48:20.104 [info] > git for-each-ref --sort -committerdate --format %(refname)%00%(objectname)%00%(*objectname) [5ms]
2025-08-08 09:48:20.160 [info] > git status -z -uall [80ms]
2025-08-08 09:48:25.218 [info] > git config --get commit.template [23ms]
2025-08-08 09:48:25.219 [info] > git for-each-ref --format=%(refname)%00%(upstream:short)%00%(objectname)%00%(upstream:track)%00%(upstream:remotename)%00%(upstream:remoteref) refs/heads/main refs/remotes/main [5ms]
2025-08-08 09:48:25.324 [info] > git status -z -uall [23ms]
2025-08-08 09:48:25.326 [info] > git for-each-ref --sort -committerdate --format %(refname)%00%(objectname)%00%(*objectname) [5ms]
2025-08-08 09:48:30.403 [info] > git config --get commit.template [23ms]
2025-08-08 09:48:30.406 [info] > git for-each-ref --format=%(refname)%00%(upstream:short)%00%(objectname)%00%(upstream:track)%00%(upstream:remotename)%00%(upstream:remoteref) refs/heads/main refs/remotes/main [4ms]
2025-08-08 09:48:30.492 [info] > git status -z -uall [67ms]
2025-08-08 09:48:30.494 [info] > git for-each-ref --sort -committerdate --format %(refname)%00%(objectname)%00%(*objectname) [5ms]
2025-08-08 09:48:50.987 [info] > git config --get commit.template [3ms]
2025-08-08 09:48:51.007 [info] > git for-each-ref --format=%(refname)%00%(upstream:short)%00%(objectname)%00%(upstream:track)%00%(upstream:remotename)%00%(upstream:remoteref) refs/heads/main refs/remotes/main [1ms]
2025-08-08 09:48:51.102 [info] > git status -z -uall [47ms]
2025-08-08 09:48:51.103 [info] > git for-each-ref --sort -committerdate --format %(refname)%00%(objectname)%00%(*objectname) [3ms]
2025-08-08 09:49:07.769 [info] > git config --get commit.template [3ms]
2025-08-08 09:49:07.791 [info] > git for-each-ref --format=%(refname)%00%(upstream:short)%00%(objectname)%00%(upstream:track)%00%(upstream:remotename)%00%(upstream:remoteref) refs/heads/main refs/remotes/main [4ms]
2025-08-08 09:49:07.844 [info] > git for-each-ref --sort -committerdate --format %(refname)%00%(objectname)%00%(*objectname) [13ms]
2025-08-08 09:49:07.870 [info] > git status -z -uall [61ms]
2025-08-08 09:49:19.902 [info] > git config --get commit.template [24ms]
2025-08-08 09:49:19.906 [info] > git for-each-ref --format=%(refname)%00%(upstream:short)%00%(objectname)%00%(upstream:track)%00%(upstream:remotename)%00%(upstream:remoteref) refs/heads/main refs/remotes/main [6ms]
2025-08-08 09:49:19.978 [info] > git status -z -uall [50ms]
2025-08-08 09:49:19.979 [info] > git for-each-ref --sort -committerdate --format %(refname)%00%(objectname)%00%(*objectname) [22ms]
2025-08-08 09:49:38.321 [info] > git config --get commit.template [30ms]
2025-08-08 09:49:38.329 [info] > git for-each-ref --format=%(refname)%00%(upstream:short)%00%(objectname)%00%(upstream:track)%00%(upstream:remotename)%00%(upstream:remoteref) refs/heads/main refs/remotes/main [12ms]
2025-08-08 09:49:38.392 [info] > git for-each-ref --sort -committerdate --format %(refname)%00%(objectname)%00%(*objectname) [8ms]
2025-08-08 09:49:38.410 [info] > git status -z -uall [49ms]
2025-08-08 09:50:04.891 [info] > git config --get commit.template [3ms]
2025-08-08 09:50:04.915 [info] > git for-each-ref --format=%(refname)%00%(upstream:short)%00%(objectname)%00%(upstream:track)%00%(upstream:remotename)%00%(upstream:remoteref) refs/heads/main refs/remotes/main [4ms]
2025-08-08 09:50:05.011 [info] > git status -z -uall [41ms]
2025-08-08 09:50:05.015 [info] > git for-each-ref --sort -committerdate --format %(refname)%00%(objectname)%00%(*objectname) [6ms]
2025-08-08 09:50:15.094 [info] > git config --get commit.template [24ms]
2025-08-08 09:50:15.098 [info] > git for-each-ref --format=%(refname)%00%(upstream:short)%00%(objectname)%00%(upstream:track)%00%(upstream:remotename)%00%(upstream:remoteref) refs/heads/main refs/remotes/main [5ms]
2025-08-08 09:50:15.162 [info] > git status -z -uall [46ms]
2025-08-08 09:50:15.165 [info] > git for-each-ref --sort -committerdate --format %(refname)%00%(objectname)%00%(*objectname) [26ms]
2025-08-08 09:50:24.064 [info] > git config --get commit.template [43ms]
2025-08-08 09:50:24.065 [info] > git for-each-ref --format=%(refname)%00%(upstream:short)%00%(objectname)%00%(upstream:track)%00%(upstream:remotename)%00%(upstream:remoteref) refs/heads/main refs/remotes/main [2ms]
2025-08-08 09:50:24.114 [info] > git status -z -uall [17ms]
2025-08-08 09:50:24.118 [info] > git for-each-ref --sort -committerdate --format %(refname)%00%(objectname)%00%(*objectname) [5ms]
2025-08-08 09:50:41.205 [info] > git for-each-ref --format=%(refname)%00%(upstream:short)%00%(objectname)%00%(upstream:track)%00%(upstream:remotename)%00%(upstream:remoteref) refs/heads/main refs/remotes/main [4ms]
2025-08-08 09:50:41.205 [info] > git config --get commit.template [15ms]
2025-08-08 09:50:41.247 [info] > git for-each-ref --sort -committerdate --format %(refname)%00%(objectname)%00%(*objectname) [5ms]
2025-08-08 09:50:41.251 [info] > git status -z -uall [32ms]
2025-08-08 09:50:44.552 [info] > git fetch [452ms]
2025-08-08 09:50:44.584 [info] > git config --get commit.template [13ms]
2025-08-08 09:50:44.585 [info] > git for-each-ref --format=%(refname)%00%(upstream:short)%00%(objectname)%00%(upstream:track)%00%(upstream:remotename)%00%(upstream:remoteref) refs/heads/main refs/remotes/main [2ms]
2025-08-08 09:50:44.612 [info] > git for-each-ref --sort -committerdate --format %(refname)%00%(objectname)%00%(*objectname) [3ms]
2025-08-08 09:50:44.613 [info] > git status -z -uall [15ms]
2025-08-08 09:50:51.418 [info] > git config --get commit.template [17ms]
2025-08-08 09:50:51.420 [info] > git for-each-ref --format=%(refname)%00%(upstream:short)%00%(objectname)%00%(upstream:track)%00%(upstream:remotename)%00%(upstream:remoteref) refs/heads/main refs/remotes/main [3ms]
2025-08-08 09:50:51.467 [info] > git status -z -uall [20ms]
2025-08-08 09:50:51.467 [info] > git for-each-ref --sort -committerdate --format %(refname)%00%(objectname)%00%(*objectname) [4ms]
2025-08-08 09:51:05.086 [info] > git config --get commit.template [14ms]
2025-08-08 09:51:05.087 [info] > git for-each-ref --format=%(refname)%00%(upstream:short)%00%(objectname)%00%(upstream:track)%00%(upstream:remotename)%00%(upstream:remoteref) refs/heads/main refs/remotes/main [3ms]
2025-08-08 09:51:05.112 [info] > git for-each-ref --sort -committerdate --format %(refname)%00%(objectname)%00%(*objectname) [4ms]
2025-08-08 09:51:05.116 [info] > git status -z -uall [18ms]
2025-08-08 09:52:38.550 [info] > git config --get commit.template [86ms]
2025-08-08 09:52:38.623 [info] > git for-each-ref --format=%(refname)%00%(upstream:short)%00%(objectname)%00%(upstream:track)%00%(upstream:remotename)%00%(upstream:remoteref) refs/heads/main refs/remotes/main [75ms]
2025-08-08 09:52:38.752 [info] > git status -z -uall [103ms]
2025-08-08 09:52:38.762 [info] > git for-each-ref --sort -committerdate --format %(refname)%00%(objectname)%00%(*objectname) [15ms]
2025-08-08 09:52:48.331 [info] > git config --get commit.template [10ms]
2025-08-08 09:52:48.354 [info] > git for-each-ref --format=%(refname)%00%(upstream:short)%00%(objectname)%00%(upstream:track)%00%(upstream:remotename)%00%(upstream:remoteref) refs/heads/main refs/remotes/main [3ms]
2025-08-08 09:52:48.387 [info] > git for-each-ref --sort -committerdate --format %(refname)%00%(objectname)%00%(*objectname) [4ms]
2025-08-08 09:52:48.392 [info] > git status -z -uall [23ms]
2025-08-08 09:53:12.205 [info] > git config --get commit.template [13ms]
2025-08-08 09:53:12.210 [info] > git for-each-ref --format=%(refname)%00%(upstream:short)%00%(objectname)%00%(upstream:track)%00%(upstream:remotename)%00%(upstream:remoteref) refs/heads/main refs/remotes/main [6ms]
2025-08-08 09:53:12.251 [info] > git for-each-ref --sort -committerdate --format %(refname)%00%(objectname)%00%(*objectname) [4ms]
2025-08-08 09:53:12.253 [info] > git status -z -uall [24ms]
2025-08-08 09:53:32.886 [info] > git config --get commit.template [3ms]
2025-08-08 09:53:32.901 [info] > git for-each-ref --format=%(refname)%00%(upstream:short)%00%(objectname)%00%(upstream:track)%00%(upstream:remotename)%00%(upstream:remoteref) refs/heads/main refs/remotes/main [3ms]
2025-08-08 09:53:32.942 [info] > git for-each-ref --sort -committerdate --format %(refname)%00%(objectname)%00%(*objectname) [4ms]
2025-08-08 09:53:32.943 [info] > git status -z -uall [30ms]
2025-08-08 09:53:42.983 [info] > git config --get commit.template [4ms]
2025-08-08 09:53:42.999 [info] > git for-each-ref --format=%(refname)%00%(upstream:short)%00%(objectname)%00%(upstream:track)%00%(upstream:remotename)%00%(upstream:remoteref) refs/heads/main refs/remotes/main [3ms]
2025-08-08 09:53:43.042 [info] > git status -z -uall [28ms]
2025-08-08 09:53:43.050 [info] > git for-each-ref --sort -committerdate --format %(refname)%00%(objectname)%00%(*objectname) [10ms]
2025-08-08 09:53:44.991 [info] > git fetch [356ms]
2025-08-08 09:53:45.014 [info] > git config --get commit.template [11ms]
2025-08-08 09:53:45.016 [info] > git for-each-ref --format=%(refname)%00%(upstream:short)%00%(objectname)%00%(upstream:track)%00%(upstream:remotename)%00%(upstream:remoteref) refs/heads/main refs/remotes/main [2ms]
2025-08-08 09:53:45.074 [info] > git status -z -uall [40ms]
2025-08-08 09:53:45.077 [info] > git for-each-ref --sort -committerdate --format %(refname)%00%(objectname)%00%(*objectname) [6ms]
2025-08-08 09:53:48.081 [info] > git config --get commit.template [13ms]
2025-08-08 09:53:48.083 [info] > git for-each-ref --format=%(refname)%00%(upstream:short)%00%(objectname)%00%(upstream:track)%00%(upstream:remotename)%00%(upstream:remoteref) refs/heads/main refs/remotes/main [4ms]
2025-08-08 09:53:48.116 [info] > git for-each-ref --sort -committerdate --format %(refname)%00%(objectname)%00%(*objectname) [3ms]
2025-08-08 09:53:48.127 [info] > git status -z -uall [29ms]
2025-08-08 09:56:06.451 [info] > git config --get commit.template [5ms]
2025-08-08 09:56:06.470 [info] > git for-each-ref --format=%(refname)%00%(upstream:short)%00%(objectname)%00%(upstream:track)%00%(upstream:remotename)%00%(upstream:remoteref) refs/heads/main refs/remotes/main [4ms]
2025-08-08 09:56:06.503 [info] > git status -z -uall [18ms]
2025-08-08 09:56:06.509 [info] > git for-each-ref --sort -committerdate --format %(refname)%00%(objectname)%00%(*objectname) [7ms]
2025-08-08 09:56:15.040 [info] > git config --get commit.template [21ms]
2025-08-08 09:56:15.049 [info] > git for-each-ref --format=%(refname)%00%(upstream:short)%00%(objectname)%00%(upstream:track)%00%(upstream:remotename)%00%(upstream:remoteref) refs/heads/main refs/remotes/main [11ms]
2025-08-08 09:56:15.096 [info] > git for-each-ref --sort -committerdate --format %(refname)%00%(objectname)%00%(*objectname) [4ms]
2025-08-08 09:56:15.101 [info] > git status -z -uall [27ms]
2025-08-08 09:56:20.178 [info] > git config --get commit.template [13ms]
2025-08-08 09:56:20.228 [info] > git for-each-ref --format=%(refname)%00%(upstream:short)%00%(objectname)%00%(upstream:track)%00%(upstream:remotename)%00%(upstream:remoteref) refs/heads/main refs/remotes/main [3ms]
2025-08-08 09:56:20.317 [info] > git status -z -uall [24ms]
2025-08-08 09:56:20.317 [info] > git for-each-ref --sort -committerdate --format %(refname)%00%(objectname)%00%(*objectname) [3ms]
2025-08-08 09:56:25.382 [info] > git config --get commit.template [6ms]
2025-08-08 09:56:25.405 [info] > git for-each-ref --format=%(refname)%00%(upstream:short)%00%(objectname)%00%(upstream:track)%00%(upstream:remotename)%00%(upstream:remoteref) refs/heads/main refs/remotes/main [4ms]
2025-08-08 09:56:25.478 [info] > git for-each-ref --sort -committerdate --format %(refname)%00%(objectname)%00%(*objectname) [4ms]
2025-08-08 09:56:25.479 [info] > git status -z -uall [27ms]
2025-08-08 09:56:30.526 [info] > git config --get commit.template [22ms]
2025-08-08 09:56:30.539 [info] > git for-each-ref --format=%(refname)%00%(upstream:short)%00%(objectname)%00%(upstream:track)%00%(upstream:remotename)%00%(upstream:remoteref) refs/heads/main refs/remotes/main [13ms]
2025-08-08 09:56:30.592 [info] > git status -z -uall [27ms]
2025-08-08 09:56:30.593 [info] > git for-each-ref --sort -committerdate --format %(refname)%00%(objectname)%00%(*objectname) [5ms]
2025-08-08 09:56:35.621 [info] > git config --get commit.template [3ms]
2025-08-08 09:56:35.651 [info] > git for-each-ref --format=%(refname)%00%(upstream:short)%00%(objectname)%00%(upstream:track)%00%(upstream:remotename)%00%(upstream:remoteref) refs/heads/main refs/remotes/main [4ms]
2025-08-08 09:56:35.686 [info] > git status -z -uall [21ms]
2025-08-08 09:56:35.686 [info] > git for-each-ref --sort -committerdate --format %(refname)%00%(objectname)%00%(*objectname) [5ms]
2025-08-08 09:56:47.794 [info] > git fetch [331ms]
2025-08-08 09:56:47.821 [info] > git config --get commit.template [13ms]
2025-08-08 09:56:47.825 [info] > git for-each-ref --format=%(refname)%00%(upstream:short)%00%(objectname)%00%(upstream:track)%00%(upstream:remotename)%00%(upstream:remoteref) refs/heads/main refs/remotes/main [5ms]
2025-08-08 09:56:47.856 [info] > git for-each-ref --sort -committerdate --format %(refname)%00%(objectname)%00%(*objectname) [3ms]
2025-08-08 09:56:47.860 [info] > git status -z -uall [17ms]
2025-08-08 09:56:49.022 [info] > git config --get commit.template [14ms]
2025-08-08 09:56:49.025 [info] > git for-each-ref --format=%(refname)%00%(upstream:short)%00%(objectname)%00%(upstream:track)%00%(upstream:remotename)%00%(upstream:remoteref) refs/heads/main refs/remotes/main [4ms]
2025-08-08 09:56:49.057 [info] > git for-each-ref --sort -committerdate --format %(refname)%00%(objectname)%00%(*objectname) [3ms]
2025-08-08 09:56:49.059 [info] > git status -z -uall [15ms]
2025-08-08 09:57:21.485 [info] > git config --get commit.template [12ms]
2025-08-08 09:57:21.488 [info] > git for-each-ref --format=%(refname)%00%(upstream:short)%00%(objectname)%00%(upstream:track)%00%(upstream:remotename)%00%(upstream:remoteref) refs/heads/main refs/remotes/main [3ms]
2025-08-08 09:57:21.512 [info] > git status -z -uall [15ms]
2025-08-08 09:57:21.513 [info] > git for-each-ref --sort -committerdate --format %(refname)%00%(objectname)%00%(*objectname) [3ms]
2025-08-08 09:57:44.808 [info] > git config --get commit.template [3ms]
2025-08-08 09:57:44.825 [info] > git for-each-ref --format=%(refname)%00%(upstream:short)%00%(objectname)%00%(upstream:track)%00%(upstream:remotename)%00%(upstream:remoteref) refs/heads/main refs/remotes/main [7ms]
2025-08-08 09:57:44.867 [info] > git for-each-ref --sort -committerdate --format %(refname)%00%(objectname)%00%(*objectname) [4ms]
2025-08-08 09:57:44.869 [info] > git status -z -uall [18ms]
2025-08-08 09:58:25.035 [info] > git config --get commit.template [22ms]
2025-08-08 09:58:25.037 [info] > git for-each-ref --format=%(refname)%00%(upstream:short)%00%(objectname)%00%(upstream:track)%00%(upstream:remotename)%00%(upstream:remoteref) refs/heads/main refs/remotes/main [4ms]
2025-08-08 09:58:25.077 [info] > git for-each-ref --sort -committerdate --format %(refname)%00%(objectname)%00%(*objectname) [5ms]
2025-08-08 09:58:25.078 [info] > git status -z -uall [22ms]
2025-08-08 09:59:41.765 [info] > git config --get commit.template [14ms]
2025-08-08 09:59:41.768 [info] > git for-each-ref --format=%(refname)%00%(upstream:short)%00%(objectname)%00%(upstream:track)%00%(upstream:remotename)%00%(upstream:remoteref) refs/heads/main refs/remotes/main [4ms]
2025-08-08 09:59:41.801 [info] > git status -z -uall [18ms]
2025-08-08 09:59:41.802 [info] > git for-each-ref --sort -committerdate --format %(refname)%00%(objectname)%00%(*objectname) [4ms]
2025-08-08 09:59:48.294 [info] > git fetch [417ms]
2025-08-08 09:59:48.327 [info] > git for-each-ref --format=%(refname)%00%(upstream:short)%00%(objectname)%00%(upstream:track)%00%(upstream:remotename)%00%(upstream:remoteref) refs/heads/main refs/remotes/main [1ms]
2025-08-08 09:59:48.327 [info] > git config --get commit.template [18ms]
2025-08-08 09:59:48.387 [info] > git for-each-ref --sort -committerdate --format %(refname)%00%(objectname)%00%(*objectname) [13ms]
2025-08-08 09:59:48.399 [info] > git status -z -uall [42ms]
2025-08-08 09:59:48.591 [info] > git config --get commit.template [23ms]
2025-08-08 09:59:48.592 [info] > git for-each-ref --format=%(refname)%00%(upstream:short)%00%(objectname)%00%(upstream:track)%00%(upstream:remotename)%00%(upstream:remoteref) refs/heads/main refs/remotes/main [4ms]
2025-08-08 09:59:48.654 [info] > git for-each-ref --sort -committerdate --format %(refname)%00%(objectname)%00%(*objectname) [9ms]
2025-08-08 09:59:48.680 [info] > git status -z -uall [62ms]
2025-08-08 10:01:07.689 [info] > git config --get commit.template [11ms]
2025-08-08 10:01:07.691 [info] > git for-each-ref --format=%(refname)%00%(upstream:short)%00%(objectname)%00%(upstream:track)%00%(upstream:remotename)%00%(upstream:remoteref) refs/heads/main refs/remotes/main [2ms]
2025-08-08 10:01:07.718 [info] > git for-each-ref --sort -committerdate --format %(refname)%00%(objectname)%00%(*objectname) [4ms]
2025-08-08 10:01:07.719 [info] > git status -z -uall [16ms]
2025-08-08 10:01:16.057 [info] > git config --get commit.template [10ms]
2025-08-08 10:01:16.059 [info] > git for-each-ref --format=%(refname)%00%(upstream:short)%00%(objectname)%00%(upstream:track)%00%(upstream:remotename)%00%(upstream:remoteref) refs/heads/main refs/remotes/main [3ms]
2025-08-08 10:01:16.082 [info] > git for-each-ref --sort -committerdate --format %(refname)%00%(objectname)%00%(*objectname) [4ms]
2025-08-08 10:01:16.084 [info] > git status -z -uall [16ms]
2025-08-08 10:01:25.408 [info] > git config --get commit.template [2ms]
2025-08-08 10:01:25.424 [info] > git for-each-ref --format=%(refname)%00%(upstream:short)%00%(objectname)%00%(upstream:track)%00%(upstream:remotename)%00%(upstream:remoteref) refs/heads/main refs/remotes/main [5ms]
2025-08-08 10:01:25.471 [info] > git for-each-ref --sort -committerdate --format %(refname)%00%(objectname)%00%(*objectname) [5ms]
2025-08-08 10:01:25.478 [info] > git status -z -uall [31ms]
2025-08-08 10:01:30.515 [info] > git config --get commit.template [17ms]
2025-08-08 10:01:30.516 [info] > git for-each-ref --format=%(refname)%00%(upstream:short)%00%(objectname)%00%(upstream:track)%00%(upstream:remotename)%00%(upstream:remoteref) refs/heads/main refs/remotes/main [2ms]
2025-08-08 10:01:30.577 [info] > git for-each-ref --sort -committerdate --format %(refname)%00%(objectname)%00%(*objectname) [4ms]
2025-08-08 10:01:30.578 [info] > git status -z -uall [21ms]
2025-08-08 10:01:56.667 [info] > git config --get commit.template [13ms]
2025-08-08 10:01:56.670 [info] > git for-each-ref --format=%(refname)%00%(upstream:short)%00%(objectname)%00%(upstream:track)%00%(upstream:remotename)%00%(upstream:remoteref) refs/heads/main refs/remotes/main [3ms]
2025-08-08 10:01:56.700 [info] > git status -z -uall [16ms]
2025-08-08 10:01:56.701 [info] > git for-each-ref --sort -committerdate --format %(refname)%00%(objectname)%00%(*objectname) [4ms]
2025-08-08 10:02:03.949 [info] > git config --get commit.template [3ms]
2025-08-08 10:02:03.967 [info] > git for-each-ref --format=%(refname)%00%(upstream:short)%00%(objectname)%00%(upstream:track)%00%(upstream:remotename)%00%(upstream:remoteref) refs/heads/main refs/remotes/main [4ms]
2025-08-08 10:02:04.000 [info] > git status -z -uall [17ms]
2025-08-08 10:02:04.000 [info] > git for-each-ref --sort -committerdate --format %(refname)%00%(objectname)%00%(*objectname) [3ms]
2025-08-08 10:02:25.569 [info] > git show --textconv :src/components/sections/landing/HeroSection.astro [18ms]
2025-08-08 10:02:25.569 [info] > git ls-files --stage -- src/components/sections/landing/HeroSection.astro [2ms]
2025-08-08 10:02:25.587 [info] > git cat-file -s 651d4ec772e9f1908a9a04cbe4abb909827b9701 [3ms]
2025-08-08 10:02:34.053 [info] > git config --get commit.template [96ms]
2025-08-08 10:02:34.054 [info] > git for-each-ref --format=%(refname)%00%(upstream:short)%00%(objectname)%00%(upstream:track)%00%(upstream:remotename)%00%(upstream:remoteref) refs/heads/main refs/remotes/main [9ms]
2025-08-08 10:02:34.142 [info] > git status -z -uall [73ms]
2025-08-08 10:02:34.142 [info] > git for-each-ref --sort -committerdate --format %(refname)%00%(objectname)%00%(*objectname) [18ms]
