2025-08-09 13:10:33.115 [info] Extension host with pid 8321 started
2025-08-09 13:10:33.116 [info] Lock '/workspace/.vscode-remote/data/User/workspaceStorage/1cafd87f/vscode.lock': Lock acquired.
2025-08-09 13:10:33.578 [info] ExtensionService#_doActivateExtension astro-build.astro-vscode, startup: false, activationEvent: 'onLanguage:astro'
2025-08-09 13:10:33.579 [info] ExtensionService#_doActivateExtension vscode.emmet, startup: false, activationEvent: 'onLanguage'
2025-08-09 13:10:34.582 [info] ExtensionService#_doActivateExtension vscode.git-base, startup: true, activationEvent: '*', root cause: vscode.git
2025-08-09 13:10:34.582 [info] ExtensionService#_doActivateExtension gitpod.gitpod-web, startup: true, activationEvent: '*'
2025-08-09 13:10:34.750 [info] ExtensionService#_doActivateExtension vscode.npm, startup: true, activationEvent: 'workspaceContains:package.json'
2025-08-09 13:10:36.514 [info] ExtensionService#_doActivateExtension vscode.git, startup: true, activationEvent: '*'
2025-08-09 13:10:36.515 [info] ExtensionService#_doActivateExtension vscode.github, startup: true, activationEvent: '*'
2025-08-09 13:10:37.643 [warning] [Decorations] CAPPING events from decorations provider vscode.git 262
2025-08-09 13:10:38.329 [warning] [Decorations] CAPPING events from decorations provider vscode.git 262
2025-08-09 13:10:38.346 [info] Eager extensions activated
2025-08-09 13:10:38.346 [info] ExtensionService#_doActivateExtension vscode.debug-auto-launch, startup: false, activationEvent: 'onStartupFinished'
2025-08-09 13:10:38.347 [info] ExtensionService#_doActivateExtension vscode.merge-conflict, startup: false, activationEvent: 'onStartupFinished'
2025-08-09 13:10:38.347 [info] ExtensionService#_doActivateExtension bradlc.vscode-tailwindcss, startup: false, activationEvent: 'onStartupFinished'
2025-08-09 13:10:38.348 [info] ExtensionService#_doActivateExtension Codeium.codeium, startup: false, activationEvent: 'onStartupFinished'
2025-08-09 13:10:38.348 [info] ExtensionService#_doActivateExtension esbenp.prettier-vscode, startup: false, activationEvent: 'onStartupFinished'
2025-08-09 13:10:38.348 [info] ExtensionService#_doActivateExtension vscode.github-authentication, startup: false, activationEvent: 'onStartupFinished', root cause: GitHub.vscode-pull-request-github
2025-08-09 13:10:38.349 [info] ExtensionService#_doActivateExtension PKief.material-icon-theme, startup: false, activationEvent: 'onStartupFinished'
2025-08-09 13:10:41.044 [info] ExtensionService#_doActivateExtension redhat.vscode-yaml, startup: false, activationEvent: 'onLanguage:yaml'
2025-08-09 13:10:41.725 [info] ExtensionService#_doActivateExtension GitHub.vscode-pull-request-github, startup: false, activationEvent: 'onStartupFinished'
2025-08-09 13:10:43.345 [warning] [redhat.vscode-yaml] Accessing a resource scoped configuration without providing a resource is not expected. To get the effective value for '[yaml]', provide the URI of a resource or 'null' for any resource.
2025-08-09 13:10:43.349 [warning] [redhat.vscode-yaml] Accessing a resource scoped configuration without providing a resource is not expected. To get the effective value for '[yaml]', provide the URI of a resource or 'null' for any resource.
2025-08-09 13:10:45.660 [info] ExtensionService#_doActivateExtension vscode.configuration-editing, startup: false, activationEvent: 'onLanguage:jsonc'
2025-08-09 13:10:45.660 [info] ExtensionService#_doActivateExtension vscode.json-language-features, startup: false, activationEvent: 'onLanguage:jsonc'
2025-08-09 13:10:45.660 [info] ExtensionService#_doActivateExtension vscode.typescript-language-features, startup: false, activationEvent: 'onLanguage:jsonc'
2025-08-09 13:10:46.899 [info] ExtensionService#_doActivateExtension vscode.extension-editing, startup: false, activationEvent: 'onLanguage:json'
2025-08-09 13:10:49.922 [info] ExtensionService#_doActivateExtension vscode.css-language-features, startup: false, activationEvent: 'onLanguage:css'
2025-08-09 13:11:09.053 [warning] [Decorations] CAPPING events from decorations provider vscode.git 262
2025-08-09 13:11:14.126 [warning] [Decorations] CAPPING events from decorations provider vscode.git 262
2025-08-09 13:11:19.198 [warning] [Decorations] CAPPING events from decorations provider vscode.git 262
2025-08-09 13:11:24.267 [warning] [Decorations] CAPPING events from decorations provider vscode.git 262
2025-08-09 13:11:41.035 [warning] [Decorations] CAPPING events from decorations provider vscode.git 262
2025-08-09 13:12:08.531 [warning] [Decorations] CAPPING events from decorations provider vscode.git 262
2025-08-09 13:12:22.468 [warning] [Decorations] CAPPING events from decorations provider vscode.git 262
2025-08-09 13:12:27.546 [warning] [Decorations] CAPPING events from decorations provider vscode.git 262
2025-08-09 13:12:34.229 [warning] [Decorations] CAPPING events from decorations provider vscode.git 262
2025-08-09 13:12:40.241 [warning] [Decorations] CAPPING events from decorations provider vscode.git 262
2025-08-09 13:12:49.489 [warning] [Decorations] CAPPING events from decorations provider vscode.git 262
2025-08-09 13:12:59.984 [warning] [Decorations] CAPPING events from decorations provider vscode.git 262
2025-08-09 13:13:35.636 [warning] [Decorations] CAPPING events from decorations provider vscode.git 262
2025-08-09 13:13:38.730 [warning] [Decorations] CAPPING events from decorations provider vscode.git 262
2025-08-09 13:13:40.706 [warning] [Decorations] CAPPING events from decorations provider vscode.git 262
2025-08-09 13:13:45.774 [warning] [Decorations] CAPPING events from decorations provider vscode.git 262
2025-08-09 13:13:50.827 [warning] [Decorations] CAPPING events from decorations provider vscode.git 262
2025-08-09 13:13:55.899 [warning] [Decorations] CAPPING events from decorations provider vscode.git 262
2025-08-09 13:14:00.970 [warning] [Decorations] CAPPING events from decorations provider vscode.git 262
2025-08-09 13:14:06.033 [warning] [Decorations] CAPPING events from decorations provider vscode.git 262
2025-08-09 13:14:26.944 [warning] [Decorations] CAPPING events from decorations provider vscode.git 262
2025-08-09 13:15:08.222 [warning] [Decorations] CAPPING events from decorations provider vscode.git 262
2025-08-09 13:15:15.230 [warning] [Decorations] CAPPING events from decorations provider vscode.git 262
2025-08-09 13:18:04.135 [warning] [Decorations] CAPPING events from decorations provider vscode.git 262
2025-08-09 13:18:05.391 [warning] [Decorations] CAPPING events from decorations provider vscode.git 262
