2025-08-08 16:19:26.200 [info] [main] Log level: Info
2025-08-08 16:19:26.200 [info] [main] Validating found git in: "git"
2025-08-08 16:19:26.200 [info] [main] Using git "2.49.0" from "git"
2025-08-08 16:19:26.200 [info] [Model][doInitialScan] Initial repository scan started
2025-08-08 16:19:26.200 [info] > git rev-parse --show-toplevel [23ms]
2025-08-08 16:19:26.200 [info] > git rev-parse --git-dir --git-common-dir [11ms]
2025-08-08 16:19:26.200 [info] [Model][openRepository] Opened repository (path): /workspace/Website-starter
2025-08-08 16:19:26.200 [info] [Model][openRepository] Opened repository (real path): /workspace/Website-starter
2025-08-08 16:19:26.200 [info] > git rev-parse --show-toplevel [17ms]
2025-08-08 16:19:26.200 [info] > git config --get commit.template [24ms]
2025-08-08 16:19:26.200 [info] > git rev-parse --show-toplevel [60ms]
2025-08-08 16:19:26.200 [info] > git for-each-ref --format=%(refname)%00%(upstream:short)%00%(objectname)%00%(upstream:track)%00%(upstream:remotename)%00%(upstream:remoteref) refs/heads/main refs/remotes/main [64ms]
2025-08-08 16:19:26.200 [info] > git rev-parse --show-toplevel [5ms]
2025-08-08 16:19:26.200 [info] > git status -z -uall [22ms]
2025-08-08 16:19:26.200 [info] > git for-each-ref --sort -committerdate --format %(refname)%00%(objectname)%00%(*objectname) [17ms]
2025-08-08 16:19:26.200 [info] > git rev-parse --show-toplevel [30ms]
2025-08-08 16:19:26.200 [info] > git for-each-ref --format=%(refname)%00%(upstream:short)%00%(objectname)%00%(upstream:track)%00%(upstream:remotename)%00%(upstream:remoteref) refs/heads/main refs/remotes/main [13ms]
2025-08-08 16:19:26.200 [info] > git rev-parse --show-toplevel [44ms]
2025-08-08 16:19:26.200 [info] > git config --get commit.template [17ms]
2025-08-08 16:19:26.200 [info] > git config --get --local branch.main.vscode-merge-base [8ms]
2025-08-08 16:19:26.200 [info] > git rev-parse --show-toplevel [14ms]
2025-08-08 16:19:26.200 [info] > git for-each-ref --format=%(refname)%00%(upstream:short)%00%(objectname)%00%(upstream:track)%00%(upstream:remotename)%00%(upstream:remoteref) refs/heads/origin/main refs/remotes/origin/main [7ms]
2025-08-08 16:19:26.200 [info] > git for-each-ref --format=%(refname)%00%(upstream:short)%00%(objectname)%00%(upstream:track)%00%(upstream:remotename)%00%(upstream:remoteref) refs/heads/main refs/remotes/main [13ms]
2025-08-08 16:19:26.200 [info] > git merge-base refs/heads/main refs/remotes/origin/main [7ms]
2025-08-08 16:19:26.200 [info] > git rev-parse --show-toplevel [8ms]
2025-08-08 16:19:26.200 [info] > git diff --name-status -z --diff-filter=ADMR 0d7a3a898007be1d8200d8db99d59472a2da8d06...refs/remotes/origin/main [8ms]
2025-08-08 16:19:26.200 [info] > git rev-parse --show-toplevel [16ms]
2025-08-08 16:19:26.200 [info] [Model][doInitialScan] Initial repository scan completed - repositories (1), closed repositories (0), parent repositories (0), unsafe repositories (0)
2025-08-08 16:19:26.200 [info] > git status -z -uall [37ms]
2025-08-08 16:19:26.200 [info] > git for-each-ref --sort -committerdate --format %(refname)%00%(objectname)%00%(*objectname) [31ms]
2025-08-08 16:19:26.261 [info] > git fetch [358ms]
2025-08-08 16:19:26.276 [info] > git config --get commit.template [6ms]
2025-08-08 16:19:26.278 [info] > git for-each-ref --format=%(refname)%00%(upstream:short)%00%(objectname)%00%(upstream:track)%00%(upstream:remotename)%00%(upstream:remoteref) refs/heads/main refs/remotes/main [3ms]
2025-08-08 16:19:26.319 [info] > git status -z -uall [34ms]
2025-08-08 16:19:26.319 [info] > git for-each-ref --sort -committerdate --format %(refname)%00%(objectname)%00%(*objectname) [27ms]
2025-08-08 16:19:26.711 [info] > git check-ignore -v -z --stdin [2ms]
2025-08-08 16:19:30.347 [info] > git check-ignore -v -z --stdin [15ms]
2025-08-08 16:19:38.237 [info] > git config --get --local branch.main.github-pr-owner-number [3ms]
2025-08-08 16:19:38.237 [warning] [Git][config] git config failed: Failed to execute git
2025-08-08 16:22:26.664 [info] > git fetch [329ms]
2025-08-08 16:22:26.685 [info] > git config --get commit.template [11ms]
2025-08-08 16:22:26.688 [info] > git for-each-ref --format=%(refname)%00%(upstream:short)%00%(objectname)%00%(upstream:track)%00%(upstream:remotename)%00%(upstream:remoteref) refs/heads/main refs/remotes/main [3ms]
2025-08-08 16:22:26.712 [info] > git for-each-ref --sort -committerdate --format %(refname)%00%(objectname)%00%(*objectname) [3ms]
2025-08-08 16:22:26.714 [info] > git status -z -uall [15ms]
2025-08-08 16:23:13.119 [info] > git config --get commit.template [10ms]
2025-08-08 16:23:13.121 [info] > git for-each-ref --format=%(refname)%00%(upstream:short)%00%(objectname)%00%(upstream:track)%00%(upstream:remotename)%00%(upstream:remoteref) refs/heads/main refs/remotes/main [2ms]
2025-08-08 16:23:13.140 [info] > git for-each-ref --sort -committerdate --format %(refname)%00%(objectname)%00%(*objectname) [3ms]
2025-08-08 16:23:13.144 [info] > git status -z -uall [15ms]
2025-08-08 16:25:27.110 [info] > git fetch [365ms]
2025-08-08 16:25:27.125 [info] > git config --get commit.template [0ms]
2025-08-08 16:25:27.145 [info] > git for-each-ref --format=%(refname)%00%(upstream:short)%00%(objectname)%00%(upstream:track)%00%(upstream:remotename)%00%(upstream:remoteref) refs/heads/main refs/remotes/main [5ms]
2025-08-08 16:25:27.172 [info] > git for-each-ref --sort -committerdate --format %(refname)%00%(objectname)%00%(*objectname) [3ms]
2025-08-08 16:25:27.177 [info] > git status -z -uall [17ms]
2025-08-08 16:28:27.561 [info] > git fetch [370ms]
2025-08-08 16:28:27.587 [info] > git config --get commit.template [13ms]
2025-08-08 16:28:27.589 [info] > git for-each-ref --format=%(refname)%00%(upstream:short)%00%(objectname)%00%(upstream:track)%00%(upstream:remotename)%00%(upstream:remoteref) refs/heads/main refs/remotes/main [3ms]
2025-08-08 16:28:27.612 [info] > git for-each-ref --sort -committerdate --format %(refname)%00%(objectname)%00%(*objectname) [3ms]
2025-08-08 16:28:27.620 [info] > git status -z -uall [20ms]
2025-08-08 16:31:27.985 [info] > git fetch [348ms]
2025-08-08 16:31:28.009 [info] > git config --get commit.template [12ms]
2025-08-08 16:31:28.011 [info] > git for-each-ref --format=%(refname)%00%(upstream:short)%00%(objectname)%00%(upstream:track)%00%(upstream:remotename)%00%(upstream:remoteref) refs/heads/main refs/remotes/main [3ms]
2025-08-08 16:31:28.039 [info] > git for-each-ref --sort -committerdate --format %(refname)%00%(objectname)%00%(*objectname) [4ms]
2025-08-08 16:31:28.044 [info] > git status -z -uall [21ms]
2025-08-08 16:34:28.420 [info] > git fetch [360ms]
2025-08-08 16:34:28.450 [info] > git config --get commit.template [14ms]
2025-08-08 16:34:28.451 [info] > git for-each-ref --format=%(refname)%00%(upstream:short)%00%(objectname)%00%(upstream:track)%00%(upstream:remotename)%00%(upstream:remoteref) refs/heads/main refs/remotes/main [4ms]
2025-08-08 16:34:28.479 [info] > git for-each-ref --sort -committerdate --format %(refname)%00%(objectname)%00%(*objectname) [4ms]
2025-08-08 16:34:28.482 [info] > git status -z -uall [19ms]
2025-08-08 16:37:28.831 [info] > git fetch [334ms]
2025-08-08 16:37:28.853 [info] > git config --get commit.template [12ms]
2025-08-08 16:37:28.854 [info] > git for-each-ref --format=%(refname)%00%(upstream:short)%00%(objectname)%00%(upstream:track)%00%(upstream:remotename)%00%(upstream:remoteref) refs/heads/main refs/remotes/main [3ms]
2025-08-08 16:37:28.873 [info] > git for-each-ref --sort -committerdate --format %(refname)%00%(objectname)%00%(*objectname) [3ms]
2025-08-08 16:37:28.876 [info] > git status -z -uall [14ms]
2025-08-08 16:40:29.223 [info] > git fetch [331ms]
2025-08-08 16:40:29.245 [info] > git config --get commit.template [10ms]
2025-08-08 16:40:29.246 [info] > git for-each-ref --format=%(refname)%00%(upstream:short)%00%(objectname)%00%(upstream:track)%00%(upstream:remotename)%00%(upstream:remoteref) refs/heads/main refs/remotes/main [2ms]
2025-08-08 16:40:29.272 [info] > git status -z -uall [15ms]
2025-08-08 16:40:29.272 [info] > git for-each-ref --sort -committerdate --format %(refname)%00%(objectname)%00%(*objectname) [4ms]
2025-08-08 16:43:29.646 [info] > git fetch [360ms]
2025-08-08 16:43:29.669 [info] > git config --get commit.template [11ms]
2025-08-08 16:43:29.670 [info] > git for-each-ref --format=%(refname)%00%(upstream:short)%00%(objectname)%00%(upstream:track)%00%(upstream:remotename)%00%(upstream:remoteref) refs/heads/main refs/remotes/main [2ms]
2025-08-08 16:43:29.695 [info] > git for-each-ref --sort -committerdate --format %(refname)%00%(objectname)%00%(*objectname) [3ms]
2025-08-08 16:43:29.697 [info] > git status -z -uall [15ms]
2025-08-08 16:46:30.042 [info] > git fetch [331ms]
2025-08-08 16:46:30.066 [info] > git config --get commit.template [11ms]
2025-08-08 16:46:30.068 [info] > git for-each-ref --format=%(refname)%00%(upstream:short)%00%(objectname)%00%(upstream:track)%00%(upstream:remotename)%00%(upstream:remoteref) refs/heads/main refs/remotes/main [3ms]
2025-08-08 16:46:30.092 [info] > git for-each-ref --sort -committerdate --format %(refname)%00%(objectname)%00%(*objectname) [3ms]
2025-08-08 16:46:30.096 [info] > git status -z -uall [18ms]
