2025-08-08 23:44:39.958 [info] [main] Log level: Info
2025-08-08 23:44:39.958 [info] [main] Validating found git in: "git"
2025-08-08 23:44:39.959 [info] [main] Using git "2.49.0" from "git"
2025-08-08 23:44:39.959 [info] [Model][doInitialScan] Initial repository scan started
2025-08-08 23:44:39.959 [info] > git rev-parse --show-toplevel [34ms]
2025-08-08 23:44:39.959 [info] > git rev-parse --git-dir --git-common-dir [5ms]
2025-08-08 23:44:39.959 [info] [Model][openRepository] Opened repository (path): /workspace/Website-starter
2025-08-08 23:44:39.959 [info] [Model][openRepository] Opened repository (real path): /workspace/Website-starter
2025-08-08 23:44:39.959 [info] > git config --get commit.template [8ms]
2025-08-08 23:44:39.959 [info] > git rev-parse --show-toplevel [2ms]
2025-08-08 23:44:39.959 [info] > git for-each-ref --format=%(refname)%00%(upstream:short)%00%(objectname)%00%(upstream:track)%00%(upstream:remotename)%00%(upstream:remoteref) refs/heads/main refs/remotes/main [7ms]
2025-08-08 23:44:39.959 [info] > git rev-parse --show-toplevel [3ms]
2025-08-08 23:44:39.959 [info] > git rev-parse --show-toplevel [18ms]
2025-08-08 23:44:39.959 [info] > git for-each-ref --sort -committerdate --format %(refname)%00%(objectname)%00%(*objectname) [9ms]
2025-08-08 23:44:39.959 [info] > git status -z -uall [20ms]
2025-08-08 23:44:39.959 [info] > git rev-parse --show-toplevel [28ms]
2025-08-08 23:44:39.959 [info] > git for-each-ref --format=%(refname)%00%(upstream:short)%00%(objectname)%00%(upstream:track)%00%(upstream:remotename)%00%(upstream:remoteref) refs/heads/main refs/remotes/main [35ms]
2025-08-08 23:44:39.959 [info] > git rev-parse --show-toplevel [9ms]
2025-08-08 23:44:39.959 [info] > git config --get commit.template [15ms]
2025-08-08 23:44:39.959 [info] > git config --get --local branch.main.vscode-merge-base [11ms]
2025-08-08 23:44:39.959 [info] > git rev-parse --show-toplevel [22ms]
2025-08-08 23:44:39.959 [info] > git for-each-ref --format=%(refname)%00%(upstream:short)%00%(objectname)%00%(upstream:track)%00%(upstream:remotename)%00%(upstream:remoteref) refs/heads/main refs/remotes/main [59ms]
2025-08-08 23:44:39.959 [info] > git for-each-ref --format=%(refname)%00%(upstream:short)%00%(objectname)%00%(upstream:track)%00%(upstream:remotename)%00%(upstream:remoteref) refs/heads/origin/main refs/remotes/origin/main [69ms]
2025-08-08 23:44:39.959 [info] > git rev-parse --show-toplevel [10ms]
2025-08-08 23:44:39.959 [info] > git merge-base refs/heads/main refs/remotes/origin/main [8ms]
2025-08-08 23:44:39.959 [info] > git rev-parse --show-toplevel [27ms]
2025-08-08 23:44:39.959 [info] [Model][doInitialScan] Initial repository scan completed - repositories (1), closed repositories (0), parent repositories (0), unsafe repositories (0)
2025-08-08 23:44:39.959 [info] > git for-each-ref --sort -committerdate --format %(refname)%00%(objectname)%00%(*objectname) [8ms]
2025-08-08 23:44:39.959 [info] > git diff --name-status -z --diff-filter=ADMR 0d7a3a898007be1d8200d8db99d59472a2da8d06...refs/remotes/origin/main [23ms]
2025-08-08 23:44:39.959 [info] > git status -z -uall [19ms]
2025-08-08 23:44:39.959 [info] > git fetch [343ms]
2025-08-08 23:44:39.959 [info] > git config --get commit.template [7ms]
2025-08-08 23:44:39.959 [info] > git for-each-ref --format=%(refname)%00%(upstream:short)%00%(objectname)%00%(upstream:track)%00%(upstream:remotename)%00%(upstream:remoteref) refs/heads/main refs/remotes/main [3ms]
2025-08-08 23:44:39.959 [info] > git status -z -uall [20ms]
2025-08-08 23:44:39.959 [info] > git for-each-ref --sort -committerdate --format %(refname)%00%(objectname)%00%(*objectname) [15ms]
2025-08-08 23:44:40.532 [info] > git check-ignore -v -z --stdin [2ms]
2025-08-08 23:44:41.513 [info] > git check-ignore -v -z --stdin [3ms]
2025-08-08 23:44:43.557 [info] > git show --textconv :src/assets/styles/global.css [6ms]
2025-08-08 23:44:43.559 [info] > git ls-files --stage -- src/assets/styles/global.css [3ms]
2025-08-08 23:44:43.619 [info] > git cat-file -s 50bf8db4d56518176564a94ccf94019947884767 [37ms]
2025-08-08 23:44:50.536 [info] > git config --get --local branch.main.github-pr-owner-number [7ms]
2025-08-08 23:44:50.536 [warning] [Git][config] git config failed: Failed to execute git
2025-08-08 23:44:55.709 [info] > git blame --root --incremental 0d7a3a898007be1d8200d8db99d59472a2da8d06 -- src/assets/styles/global.css [5ms]
2025-08-08 23:45:22.996 [info] > git config --get commit.template [10ms]
2025-08-08 23:45:22.998 [info] > git for-each-ref --format=%(refname)%00%(upstream:short)%00%(objectname)%00%(upstream:track)%00%(upstream:remotename)%00%(upstream:remoteref) refs/heads/main refs/remotes/main [3ms]
2025-08-08 23:45:23.021 [info] > git for-each-ref --sort -committerdate --format %(refname)%00%(objectname)%00%(*objectname) [4ms]
2025-08-08 23:45:23.022 [info] > git status -z -uall [15ms]
2025-08-08 23:45:28.051 [info] > git config --get commit.template [11ms]
2025-08-08 23:45:28.052 [info] > git for-each-ref --format=%(refname)%00%(upstream:short)%00%(objectname)%00%(upstream:track)%00%(upstream:remotename)%00%(upstream:remoteref) refs/heads/main refs/remotes/main [2ms]
2025-08-08 23:45:28.079 [info] > git for-each-ref --sort -committerdate --format %(refname)%00%(objectname)%00%(*objectname) [3ms]
2025-08-08 23:45:28.079 [info] > git status -z -uall [15ms]
2025-08-08 23:45:33.117 [info] > git config --get commit.template [12ms]
2025-08-08 23:45:33.119 [info] > git for-each-ref --format=%(refname)%00%(upstream:short)%00%(objectname)%00%(upstream:track)%00%(upstream:remotename)%00%(upstream:remoteref) refs/heads/main refs/remotes/main [3ms]
2025-08-08 23:45:33.142 [info] > git for-each-ref --sort -committerdate --format %(refname)%00%(objectname)%00%(*objectname) [2ms]
2025-08-08 23:45:33.143 [info] > git status -z -uall [14ms]
2025-08-08 23:45:38.169 [info] > git config --get commit.template [11ms]
2025-08-08 23:45:38.170 [info] > git for-each-ref --format=%(refname)%00%(upstream:short)%00%(objectname)%00%(upstream:track)%00%(upstream:remotename)%00%(upstream:remoteref) refs/heads/main refs/remotes/main [2ms]
2025-08-08 23:45:38.194 [info] > git for-each-ref --sort -committerdate --format %(refname)%00%(objectname)%00%(*objectname) [3ms]
2025-08-08 23:45:38.195 [info] > git status -z -uall [14ms]
2025-08-08 23:45:43.222 [info] > git config --get commit.template [12ms]
2025-08-08 23:45:43.224 [info] > git for-each-ref --format=%(refname)%00%(upstream:short)%00%(objectname)%00%(upstream:track)%00%(upstream:remotename)%00%(upstream:remoteref) refs/heads/main refs/remotes/main [2ms]
2025-08-08 23:45:43.244 [info] > git for-each-ref --sort -committerdate --format %(refname)%00%(objectname)%00%(*objectname) [3ms]
2025-08-08 23:45:43.247 [info] > git status -z -uall [15ms]
2025-08-08 23:45:48.271 [info] > git config --get commit.template [9ms]
2025-08-08 23:45:48.273 [info] > git for-each-ref --format=%(refname)%00%(upstream:short)%00%(objectname)%00%(upstream:track)%00%(upstream:remotename)%00%(upstream:remoteref) refs/heads/main refs/remotes/main [3ms]
2025-08-08 23:45:48.297 [info] > git status -z -uall [15ms]
2025-08-08 23:45:48.299 [info] > git for-each-ref --sort -committerdate --format %(refname)%00%(objectname)%00%(*objectname) [6ms]
2025-08-08 23:45:53.327 [info] > git config --get commit.template [12ms]
2025-08-08 23:45:53.327 [info] > git for-each-ref --format=%(refname)%00%(upstream:short)%00%(objectname)%00%(upstream:track)%00%(upstream:remotename)%00%(upstream:remoteref) refs/heads/main refs/remotes/main [2ms]
2025-08-08 23:45:53.352 [info] > git for-each-ref --sort -committerdate --format %(refname)%00%(objectname)%00%(*objectname) [2ms]
2025-08-08 23:45:53.354 [info] > git status -z -uall [16ms]
2025-08-08 23:45:56.142 [info] > git check-ignore -v -z --stdin [3ms]
2025-08-08 23:45:56.273 [info] > git show --textconv :src/components/ui/buttons/PrimaryCTA.astro [11ms]
2025-08-08 23:45:56.274 [info] > git ls-files --stage -- src/components/ui/buttons/PrimaryCTA.astro [2ms]
2025-08-08 23:45:56.285 [info] > git cat-file -s 17596086970dc70a2bdadfcfeb7c314eb7060c29 [2ms]
2025-08-08 23:45:57.247 [info] > git blame --root --incremental 0d7a3a898007be1d8200d8db99d59472a2da8d06 -- src/components/ui/buttons/PrimaryCTA.astro [4ms]
2025-08-08 23:45:58.380 [info] > git config --get commit.template [11ms]
2025-08-08 23:45:58.382 [info] > git for-each-ref --format=%(refname)%00%(upstream:short)%00%(objectname)%00%(upstream:track)%00%(upstream:remotename)%00%(upstream:remoteref) refs/heads/main refs/remotes/main [3ms]
2025-08-08 23:45:58.406 [info] > git for-each-ref --sort -committerdate --format %(refname)%00%(objectname)%00%(*objectname) [3ms]
2025-08-08 23:45:58.406 [info] > git status -z -uall [14ms]
2025-08-08 23:46:05.074 [info] > git config --get commit.template [9ms]
2025-08-08 23:46:05.077 [info] > git for-each-ref --format=%(refname)%00%(upstream:short)%00%(objectname)%00%(upstream:track)%00%(upstream:remotename)%00%(upstream:remoteref) refs/heads/main refs/remotes/main [2ms]
2025-08-08 23:46:05.097 [info] > git for-each-ref --sort -committerdate --format %(refname)%00%(objectname)%00%(*objectname) [3ms]
2025-08-08 23:46:05.100 [info] > git status -z -uall [15ms]
2025-08-08 23:46:36.111 [info] > git config --get commit.template [11ms]
2025-08-08 23:46:36.112 [info] > git for-each-ref --format=%(refname)%00%(upstream:short)%00%(objectname)%00%(upstream:track)%00%(upstream:remotename)%00%(upstream:remoteref) refs/heads/main refs/remotes/main [2ms]
2025-08-08 23:46:36.136 [info] > git for-each-ref --sort -committerdate --format %(refname)%00%(objectname)%00%(*objectname) [3ms]
2025-08-08 23:46:36.138 [info] > git status -z -uall [15ms]
2025-08-08 23:47:40.210 [info] > git fetch [339ms]
2025-08-08 23:47:40.232 [info] > git config --get commit.template [11ms]
2025-08-08 23:47:40.234 [info] > git for-each-ref --format=%(refname)%00%(upstream:short)%00%(objectname)%00%(upstream:track)%00%(upstream:remotename)%00%(upstream:remoteref) refs/heads/main refs/remotes/main [3ms]
2025-08-08 23:47:40.257 [info] > git for-each-ref --sort -committerdate --format %(refname)%00%(objectname)%00%(*objectname) [2ms]
2025-08-08 23:47:40.259 [info] > git status -z -uall [14ms]
2025-08-08 23:47:41.474 [info] > git config --get commit.template [12ms]
2025-08-08 23:47:41.476 [info] > git for-each-ref --format=%(refname)%00%(upstream:short)%00%(objectname)%00%(upstream:track)%00%(upstream:remotename)%00%(upstream:remoteref) refs/heads/main refs/remotes/main [3ms]
2025-08-08 23:47:41.516 [info] > git for-each-ref --sort -committerdate --format %(refname)%00%(objectname)%00%(*objectname) [3ms]
2025-08-08 23:47:41.519 [info] > git status -z -uall [23ms]
2025-08-08 23:47:41.724 [info] > git ls-files --stage -- src/components/ui/buttons/PrimaryCTA.astro [2ms]
2025-08-08 23:47:41.734 [info] > git cat-file -s 17596086970dc70a2bdadfcfeb7c314eb7060c29 [2ms]
2025-08-08 23:47:42.015 [info] > git show --textconv :src/components/ui/buttons/PrimaryCTA.astro [2ms]
2025-08-08 23:50:08.537 [info] > git config --get commit.template [12ms]
2025-08-08 23:50:08.538 [info] > git for-each-ref --format=%(refname)%00%(upstream:short)%00%(objectname)%00%(upstream:track)%00%(upstream:remotename)%00%(upstream:remoteref) refs/heads/main refs/remotes/main [2ms]
2025-08-08 23:50:08.559 [info] > git for-each-ref --sort -committerdate --format %(refname)%00%(objectname)%00%(*objectname) [3ms]
2025-08-08 23:50:08.562 [info] > git status -z -uall [14ms]
2025-08-08 23:50:11.202 [info] > git show --textconv :src/assets/styles/global.css [26ms]
2025-08-08 23:50:11.202 [info] > git ls-files --stage -- src/assets/styles/global.css [1ms]
2025-08-08 23:50:11.216 [info] > git cat-file -s 50bf8db4d56518176564a94ccf94019947884767 [2ms]
2025-08-08 23:50:40.455 [info] > git show --textconv :src/components/ui/buttons/PrimaryCTA.astro [12ms]
2025-08-08 23:50:40.456 [info] > git ls-files --stage -- src/components/ui/buttons/PrimaryCTA.astro [2ms]
2025-08-08 23:50:40.469 [info] > git cat-file -s 17596086970dc70a2bdadfcfeb7c314eb7060c29 [2ms]
2025-08-08 23:50:40.612 [info] > git fetch [340ms]
2025-08-08 23:50:40.635 [info] > git config --get commit.template [12ms]
2025-08-08 23:50:40.637 [info] > git for-each-ref --format=%(refname)%00%(upstream:short)%00%(objectname)%00%(upstream:track)%00%(upstream:remotename)%00%(upstream:remoteref) refs/heads/main refs/remotes/main [3ms]
2025-08-08 23:50:40.661 [info] > git status -z -uall [13ms]
2025-08-08 23:50:40.662 [info] > git for-each-ref --sort -committerdate --format %(refname)%00%(objectname)%00%(*objectname) [3ms]
2025-08-08 23:50:41.835 [info] > git config --get commit.template [8ms]
2025-08-08 23:50:41.836 [info] > git for-each-ref --format=%(refname)%00%(upstream:short)%00%(objectname)%00%(upstream:track)%00%(upstream:remotename)%00%(upstream:remoteref) refs/heads/main refs/remotes/main [2ms]
2025-08-08 23:50:41.859 [info] > git for-each-ref --sort -committerdate --format %(refname)%00%(objectname)%00%(*objectname) [2ms]
2025-08-08 23:50:41.861 [info] > git status -z -uall [15ms]
2025-08-08 23:50:42.178 [info] > git ls-files --stage -- src/components/ui/buttons/PrimaryCTA.astro [2ms]
2025-08-08 23:50:42.196 [info] > git cat-file -s 17596086970dc70a2bdadfcfeb7c314eb7060c29 [3ms]
2025-08-08 23:50:42.614 [info] > git show --textconv :src/components/ui/buttons/PrimaryCTA.astro [3ms]
2025-08-08 23:50:46.875 [info] > git config --get commit.template [2ms]
2025-08-08 23:50:46.891 [info] > git for-each-ref --format=%(refname)%00%(upstream:short)%00%(objectname)%00%(upstream:track)%00%(upstream:remotename)%00%(upstream:remoteref) refs/heads/main refs/remotes/main [6ms]
2025-08-08 23:50:46.923 [info] > git for-each-ref --sort -committerdate --format %(refname)%00%(objectname)%00%(*objectname) [3ms]
2025-08-08 23:50:46.926 [info] > git status -z -uall [14ms]
2025-08-08 23:50:51.952 [info] > git config --get commit.template [12ms]
2025-08-08 23:50:51.954 [info] > git for-each-ref --format=%(refname)%00%(upstream:short)%00%(objectname)%00%(upstream:track)%00%(upstream:remotename)%00%(upstream:remoteref) refs/heads/main refs/remotes/main [3ms]
2025-08-08 23:50:51.974 [info] > git for-each-ref --sort -committerdate --format %(refname)%00%(objectname)%00%(*objectname) [2ms]
2025-08-08 23:50:51.977 [info] > git status -z -uall [14ms]
2025-08-08 23:51:18.034 [info] > git config --get commit.template [8ms]
2025-08-08 23:51:18.036 [info] > git for-each-ref --format=%(refname)%00%(upstream:short)%00%(objectname)%00%(upstream:track)%00%(upstream:remotename)%00%(upstream:remoteref) refs/heads/main refs/remotes/main [2ms]
2025-08-08 23:51:18.057 [info] > git for-each-ref --sort -committerdate --format %(refname)%00%(objectname)%00%(*objectname) [3ms]
2025-08-08 23:51:18.059 [info] > git status -z -uall [14ms]
