["INFO" - 4:58:11 PM] Extension Name: esbenp.prettier-vscode.
["INFO" - 4:58:11 PM] Extension Version: 11.0.0.
["INFO" - 4:58:12 PM] Using config file at /workspace/Website-starter/.prettierrc
["INFO" - 5:06:11 PM] Using config file at /workspace/Website-starter/.prettierrc
["INFO" - 5:06:36 PM] Using config file at /workspace/Website-starter/.prettierrc
["INFO" - 5:08:00 PM] Using config file at /workspace/Website-starter/.prettierrc
["INFO" - 5:08:33 PM] Using config file at /workspace/Website-starter/.prettierrc
["INFO" - 5:10:27 PM] Using config file at /workspace/Website-starter/.prettierrc
["INFO" - 5:11:02 PM] Using config file at /workspace/Website-starter/.prettierrc
["INFO" - 5:11:25 PM] Using config file at /workspace/Website-starter/.prettierrc
["INFO" - 5:11:29 PM] Using config file at /workspace/Website-starter/.prettierrc
["INFO" - 5:11:42 PM] Formatting file:///workspace/Website-starter/src/assets/styles/global.css
["INFO" - 5:11:42 PM] Using config file at /workspace/Website-starter/.prettierrc
["INFO" - 5:11:42 PM] PrettierInstance:
{
  "modulePath": "/workspace/Website-starter/node_modules/prettier/index.cjs",
  "messageResolvers": {},
  "version": "3.6.2"
}
["INFO" - 5:11:42 PM] Using ignore file (if present) at /workspace/Website-starter/.prettierignore
["INFO" - 5:11:42 PM] File Info:
{
  "ignored": false,
  "inferredParser": "css"
}
["INFO" - 5:11:42 PM] Detected local configuration (i.e. .prettierrc or .editorconfig), VS Code configuration will not be used
["INFO" - 5:11:42 PM] Prettier Options:
{
  "filepath": "/workspace/Website-starter/src/assets/styles/global.css",
  "parser": "css",
  "plugins": [
    "/workspace/Website-starter/node_modules/prettier-plugin-astro/dist/index.js",
    "/workspace/Website-starter/node_modules/prettier-plugin-tailwindcss/dist/index.mjs"
  ],
  "semi": false,
  "trailingComma": "es5",
  "singleQuote": false,
  "printWidth": 80,
  "tabWidth": 2,
  "useTabs": false,
  "bracketSpacing": true,
  "arrowParens": "avoid",
  "htmlWhitespaceSensitivity": "ignore",
  "endOfLine": "lf",
  "embeddedLanguageFormatting": "auto"
}
["ERROR" - 5:11:42 PM] Error formatting document.
["ERROR" - 5:11:42 PM] CssSyntaxError: Unexpected } (68:1)
  66 |                                                                 linear-gradient(180deg, hsla(0, 0%, 0%, 0.9) 1px, transparent 0);
  67 |                                                                   }
> 68 | }
     | ^
SyntaxError: CssSyntaxError: Unexpected } (68:1)
  66 |                                                                 linear-gradient(180deg, hsla(0, 0%, 0%, 0.9) 1px, transparent 0);
  67 |                                                                   }
> 68 | }
     | ^
    at cp (file:///workspace/Website-starter/node_modules/prettier/plugins/postcss.mjs:54:11409)
    at Xs (file:///workspace/Website-starter/node_modules/prettier/plugins/postcss.mjs:54:18680)
    at Object.gl [as parse] (file:///workspace/Website-starter/node_modules/prettier/plugins/postcss.mjs:54:18887)
    at Object.parse (file:///workspace/Website-starter/node_modules/prettier-plugin-tailwindcss/dist/index.mjs:1329:27573)
    at async parse5 (file:///workspace/Website-starter/node_modules/prettier/index.mjs:16731:11)
    at async coreFormat (file:///workspace/Website-starter/node_modules/prettier/index.mjs:17287:25)
    at async formatWithCursor (file:///workspace/Website-starter/node_modules/prettier/index.mjs:17504:14)
    at async Module.format2 (file:///workspace/Website-starter/node_modules/prettier/index.mjs:19051:25)
["INFO" - 5:11:42 PM] Formatting completed in 80ms.
["INFO" - 5:11:59 PM] Formatting file:///workspace/Website-starter/src/assets/styles/global.css
["INFO" - 5:11:59 PM] Using config file at /workspace/Website-starter/.prettierrc
["INFO" - 5:11:59 PM] PrettierInstance:
{
  "modulePath": "/workspace/Website-starter/node_modules/prettier/index.cjs",
  "messageResolvers": {},
  "version": "3.6.2"
}
["INFO" - 5:11:59 PM] Using ignore file (if present) at /workspace/Website-starter/.prettierignore
["INFO" - 5:11:59 PM] File Info:
{
  "ignored": false,
  "inferredParser": "css"
}
["INFO" - 5:11:59 PM] Detected local configuration (i.e. .prettierrc or .editorconfig), VS Code configuration will not be used
["INFO" - 5:11:59 PM] Prettier Options:
{
  "filepath": "/workspace/Website-starter/src/assets/styles/global.css",
  "parser": "css",
  "plugins": [
    "/workspace/Website-starter/node_modules/prettier-plugin-astro/dist/index.js",
    "/workspace/Website-starter/node_modules/prettier-plugin-tailwindcss/dist/index.mjs"
  ],
  "semi": false,
  "trailingComma": "es5",
  "singleQuote": false,
  "printWidth": 80,
  "tabWidth": 2,
  "useTabs": false,
  "bracketSpacing": true,
  "arrowParens": "avoid",
  "htmlWhitespaceSensitivity": "ignore",
  "endOfLine": "lf",
  "embeddedLanguageFormatting": "auto"
}
["INFO" - 5:11:59 PM] Formatting completed in 66ms.
["INFO" - 5:12:18 PM] Using config file at /workspace/Website-starter/.prettierrc
["INFO" - 5:12:25 PM] Using config file at /workspace/Website-starter/.prettierrc
["INFO" - 5:12:36 PM] Using config file at /workspace/Website-starter/.prettierrc
["INFO" - 5:13:37 PM] Using config file at /workspace/Website-starter/.prettierrc
["INFO" - 5:13:54 PM] Using config file at /workspace/Website-starter/.prettierrc
["INFO" - 5:14:05 PM] Using config file at /workspace/Website-starter/.prettierrc
["INFO" - 5:16:10 PM] Using config file at /workspace/Website-starter/.prettierrc
["INFO" - 5:16:44 PM] Using config file at /workspace/Website-starter/.prettierrc
["INFO" - 5:17:08 PM] Using config file at /workspace/Website-starter/.prettierrc
["INFO" - 5:18:40 PM] Using config file at /workspace/Website-starter/.prettierrc
["INFO" - 5:18:56 PM] Using config file at /workspace/Website-starter/.prettierrc
["INFO" - 5:20:26 PM] Using config file at /workspace/Website-starter/.prettierrc
["INFO" - 5:20:45 PM] Using config file at /workspace/Website-starter/.prettierrc
["INFO" - 5:21:10 PM] Using config file at /workspace/Website-starter/.prettierrc
["INFO" - 5:35:25 PM] Using config file at /workspace/Website-starter/.prettierrc
["INFO" - 5:36:23 PM] Using config file at /workspace/Website-starter/.prettierrc
["INFO" - 5:36:52 PM] Using config file at /workspace/Website-starter/.prettierrc
["INFO" - 5:41:29 PM] Using config file at /workspace/Website-starter/.prettierrc
["INFO" - 5:41:31 PM] Using config file at /workspace/Website-starter/.prettierrc
["INFO" - 5:42:06 PM] Using config file at /workspace/Website-starter/.prettierrc
["INFO" - 5:46:32 PM] Using config file at /workspace/Website-starter/.prettierrc
["INFO" - 5:46:52 PM] Formatting file:///workspace/Website-starter/src/assets/styles/global.css
["INFO" - 5:46:52 PM] Using config file at /workspace/Website-starter/.prettierrc
["INFO" - 5:46:52 PM] PrettierInstance:
{
  "modulePath": "/workspace/Website-starter/node_modules/prettier/index.cjs",
  "messageResolvers": {},
  "version": "3.6.2"
}
["INFO" - 5:46:52 PM] Using ignore file (if present) at /workspace/Website-starter/.prettierignore
["INFO" - 5:46:52 PM] File Info:
{
  "ignored": false,
  "inferredParser": "css"
}
["INFO" - 5:46:52 PM] Detected local configuration (i.e. .prettierrc or .editorconfig), VS Code configuration will not be used
["INFO" - 5:46:52 PM] Prettier Options:
{
  "filepath": "/workspace/Website-starter/src/assets/styles/global.css",
  "parser": "css",
  "plugins": [
    "/workspace/Website-starter/node_modules/prettier-plugin-astro/dist/index.js",
    "/workspace/Website-starter/node_modules/prettier-plugin-tailwindcss/dist/index.mjs"
  ],
  "semi": false,
  "trailingComma": "es5",
  "singleQuote": false,
  "printWidth": 80,
  "tabWidth": 2,
  "useTabs": false,
  "bracketSpacing": true,
  "arrowParens": "avoid",
  "htmlWhitespaceSensitivity": "ignore",
  "endOfLine": "lf",
  "embeddedLanguageFormatting": "auto"
}
["INFO" - 5:46:52 PM] Formatting completed in 64ms.
["INFO" - 5:47:05 PM] Using config file at /workspace/Website-starter/.prettierrc
["INFO" - 5:47:35 PM] Using config file at /workspace/Website-starter/.prettierrc
["INFO" - 5:49:34 PM] Using config file at /workspace/Website-starter/.prettierrc
["INFO" - 5:49:36 PM] Using config file at /workspace/Website-starter/.prettierrc
["INFO" - 5:49:40 PM] Using config file at /workspace/Website-starter/.prettierrc
["INFO" - 5:49:42 PM] Using config file at /workspace/Website-starter/.prettierrc
["INFO" - 5:51:35 PM] Using config file at /workspace/Website-starter/.prettierrc
["INFO" - 5:51:59 PM] Using config file at /workspace/Website-starter/.prettierrc
["INFO" - 5:54:06 PM] Using config file at /workspace/Website-starter/.prettierrc
["INFO" - 5:54:21 PM] Using config file at /workspace/Website-starter/.prettierrc
["INFO" - 5:59:36 PM] Formatting file:///workspace/Website-starter/src/assets/styles/global.css
["INFO" - 5:59:36 PM] Using config file at /workspace/Website-starter/.prettierrc
["INFO" - 5:59:36 PM] PrettierInstance:
{
  "modulePath": "/workspace/Website-starter/node_modules/prettier/index.cjs",
  "messageResolvers": {},
  "version": "3.6.2"
}
["INFO" - 5:59:36 PM] Using ignore file (if present) at /workspace/Website-starter/.prettierignore
["INFO" - 5:59:36 PM] File Info:
{
  "ignored": false,
  "inferredParser": "css"
}
["INFO" - 5:59:36 PM] Detected local configuration (i.e. .prettierrc or .editorconfig), VS Code configuration will not be used
["INFO" - 5:59:36 PM] Prettier Options:
{
  "filepath": "/workspace/Website-starter/src/assets/styles/global.css",
  "parser": "css",
  "plugins": [
    "/workspace/Website-starter/node_modules/prettier-plugin-astro/dist/index.js",
    "/workspace/Website-starter/node_modules/prettier-plugin-tailwindcss/dist/index.mjs"
  ],
  "semi": false,
  "trailingComma": "es5",
  "singleQuote": false,
  "printWidth": 80,
  "tabWidth": 2,
  "useTabs": false,
  "bracketSpacing": true,
  "arrowParens": "avoid",
  "htmlWhitespaceSensitivity": "ignore",
  "endOfLine": "lf",
  "embeddedLanguageFormatting": "auto"
}
["INFO" - 5:59:36 PM] Formatting completed in 83ms.
["INFO" - 5:59:57 PM] Using config file at /workspace/Website-starter/.prettierrc
["INFO" - 6:00:46 PM] Using config file at /workspace/Website-starter/.prettierrc
["INFO" - 6:01:04 PM] Using config file at /workspace/Website-starter/.prettierrc
["INFO" - 6:01:31 PM] Using config file at /workspace/Website-starter/.prettierrc
["INFO" - 6:01:46 PM] Using config file at /workspace/Website-starter/.prettierrc
