2025-08-09 00:39:22.374 [info] [main] Log level: Info
2025-08-09 00:39:22.374 [info] [main] Validating found git in: "git"
2025-08-09 00:39:22.374 [info] [main] Using git "2.49.0" from "git"
2025-08-09 00:39:22.374 [info] [Model][doInitialScan] Initial repository scan started
2025-08-09 00:39:22.374 [info] > git rev-parse --show-toplevel [29ms]
2025-08-09 00:39:22.374 [info] > git rev-parse --git-dir --git-common-dir [10ms]
2025-08-09 00:39:22.374 [info] [Model][openRepository] Opened repository (path): /workspace/Website-starter
2025-08-09 00:39:22.374 [info] [Model][openRepository] Opened repository (real path): /workspace/Website-starter
2025-08-09 00:39:22.374 [info] > git rev-parse --show-toplevel [5ms]
2025-08-09 00:39:22.374 [info] > git config --get commit.template [10ms]
2025-08-09 00:39:22.374 [info] > git for-each-ref --format=%(refname)%00%(upstream:short)%00%(objectname)%00%(upstream:track)%00%(upstream:remotename)%00%(upstream:remoteref) refs/heads/main refs/remotes/main [6ms]
2025-08-09 00:39:22.374 [info] > git rev-parse --show-toplevel [3ms]
2025-08-09 00:39:22.374 [info] > git rev-parse --show-toplevel [4ms]
2025-08-09 00:39:22.374 [info] > git status -z -uall [769ms]
2025-08-09 00:39:22.374 [info] > git for-each-ref --sort -committerdate --format %(refname)%00%(objectname)%00%(*objectname) [763ms]
2025-08-09 00:39:22.374 [info] > git fetch [871ms]
2025-08-09 00:39:22.374 [info] > git rev-parse --show-toplevel [781ms]
2025-08-09 00:39:22.374 [info] > git for-each-ref --format=%(refname)%00%(upstream:short)%00%(objectname)%00%(upstream:track)%00%(upstream:remotename)%00%(upstream:remoteref) refs/heads/main refs/remotes/main [28ms]
2025-08-09 00:39:22.374 [info] > git rev-parse --show-toplevel [15ms]
2025-08-09 00:39:22.374 [info] > git config --get commit.template [21ms]
2025-08-09 00:39:22.374 [info] > git config --get commit.template [26ms]
2025-08-09 00:39:22.374 [info] > git config --get --local branch.main.vscode-merge-base [21ms]
2025-08-09 00:39:22.374 [info] > git for-each-ref --format=%(refname)%00%(upstream:short)%00%(objectname)%00%(upstream:track)%00%(upstream:remotename)%00%(upstream:remoteref) refs/heads/main refs/remotes/main [9ms]
2025-08-09 00:39:22.374 [info] > git for-each-ref --format=%(refname)%00%(upstream:short)%00%(objectname)%00%(upstream:track)%00%(upstream:remotename)%00%(upstream:remoteref) refs/heads/main refs/remotes/main [16ms]
2025-08-09 00:39:22.374 [info] > git rev-parse --show-toplevel [22ms]
2025-08-09 00:39:22.375 [info] > git for-each-ref --format=%(refname)%00%(upstream:short)%00%(objectname)%00%(upstream:track)%00%(upstream:remotename)%00%(upstream:remoteref) refs/heads/origin/main refs/remotes/origin/main [7ms]
2025-08-09 00:39:22.388 [info] > git merge-base refs/heads/main refs/remotes/origin/main [6ms]
2025-08-09 00:39:22.417 [info] > git rev-parse --show-toplevel [30ms]
2025-08-09 00:39:22.424 [info] > git for-each-ref --sort -committerdate --format %(refname)%00%(objectname)%00%(*objectname) [15ms]
2025-08-09 00:39:22.424 [info] > git diff --name-status -z --diff-filter=ADMR 0d7a3a898007be1d8200d8db99d59472a2da8d06...refs/remotes/origin/main [30ms]
2025-08-09 00:39:22.426 [info] > git status -z -uall [23ms]
2025-08-09 00:39:22.443 [info] > git merge-base refs/heads/main refs/remotes/origin/main [27ms]
2025-08-09 00:39:22.454 [info] > git rev-parse --show-toplevel [31ms]
2025-08-09 00:39:22.455 [info] [Model][doInitialScan] Initial repository scan completed - repositories (1), closed repositories (0), parent repositories (0), unsafe repositories (0)
2025-08-09 00:39:22.457 [info] > git diff --name-status -z --diff-filter=ADMR 0d7a3a898007be1d8200d8db99d59472a2da8d06...refs/remotes/origin/main [8ms]
2025-08-09 00:39:22.904 [info] > git check-ignore -v -z --stdin [2ms]
2025-08-09 00:39:27.760 [info] > git config --get --local branch.main.github-pr-owner-number [4ms]
2025-08-09 00:39:27.761 [warning] [Git][config] git config failed: Failed to execute git
2025-08-09 00:39:57.435 [info] > git config --get commit.template [8ms]
2025-08-09 00:39:57.437 [info] > git for-each-ref --format=%(refname)%00%(upstream:short)%00%(objectname)%00%(upstream:track)%00%(upstream:remotename)%00%(upstream:remoteref) refs/heads/main refs/remotes/main [3ms]
2025-08-09 00:39:57.453 [info] > git for-each-ref --sort -committerdate --format %(refname)%00%(objectname)%00%(*objectname) [3ms]
2025-08-09 00:39:57.457 [info] > git status -z -uall [14ms]
2025-08-09 00:42:56.288 [info] > git config --get commit.template [2ms]
2025-08-09 00:42:56.298 [info] > git for-each-ref --format=%(refname)%00%(upstream:short)%00%(objectname)%00%(upstream:track)%00%(upstream:remotename)%00%(upstream:remoteref) refs/heads/main refs/remotes/main [2ms]
2025-08-09 00:42:56.317 [info] > git for-each-ref --sort -committerdate --format %(refname)%00%(objectname)%00%(*objectname) [3ms]
2025-08-09 00:42:56.321 [info] > git status -z -uall [15ms]
2025-08-09 00:42:56.598 [info] > git fetch [320ms]
2025-08-09 00:42:56.616 [info] > git config --get commit.template [8ms]
2025-08-09 00:42:56.617 [info] > git for-each-ref --format=%(refname)%00%(upstream:short)%00%(objectname)%00%(upstream:track)%00%(upstream:remotename)%00%(upstream:remoteref) refs/heads/main refs/remotes/main [2ms]
2025-08-09 00:42:56.638 [info] > git for-each-ref --sort -committerdate --format %(refname)%00%(objectname)%00%(*objectname) [3ms]
2025-08-09 00:42:56.640 [info] > git status -z -uall [14ms]
2025-08-09 00:43:01.343 [info] > git config --get commit.template [9ms]
2025-08-09 00:43:01.345 [info] > git for-each-ref --format=%(refname)%00%(upstream:short)%00%(objectname)%00%(upstream:track)%00%(upstream:remotename)%00%(upstream:remoteref) refs/heads/main refs/remotes/main [3ms]
2025-08-09 00:43:01.361 [info] > git for-each-ref --sort -committerdate --format %(refname)%00%(objectname)%00%(*objectname) [2ms]
2025-08-09 00:43:01.366 [info] > git status -z -uall [14ms]
2025-08-09 00:43:13.621 [info] > git check-ignore -v -z --stdin [7ms]
2025-08-09 00:43:14.041 [info] > git show --textconv :src/components/ui/buttons/PrimaryCTA.astro [12ms]
2025-08-09 00:43:14.043 [info] > git ls-files --stage -- src/components/ui/buttons/PrimaryCTA.astro [4ms]
2025-08-09 00:43:14.054 [info] > git cat-file -s 17596086970dc70a2bdadfcfeb7c314eb7060c29 [2ms]
2025-08-09 00:43:14.813 [info] > git blame --root --incremental 0d7a3a898007be1d8200d8db99d59472a2da8d06 -- src/components/ui/buttons/PrimaryCTA.astro [4ms]
2025-08-09 00:44:24.685 [info] > git config --get commit.template [15ms]
2025-08-09 00:44:24.687 [info] > git for-each-ref --format=%(refname)%00%(upstream:short)%00%(objectname)%00%(upstream:track)%00%(upstream:remotename)%00%(upstream:remoteref) refs/heads/main refs/remotes/main [3ms]
2025-08-09 00:44:24.717 [info] > git for-each-ref --sort -committerdate --format %(refname)%00%(objectname)%00%(*objectname) [4ms]
2025-08-09 00:44:24.721 [info] > git status -z -uall [21ms]
2025-08-09 00:44:40.689 [info] > git check-ignore -v -z --stdin [2ms]
2025-08-09 00:44:41.218 [info] > git show --textconv :src/assets/styles/global.css [11ms]
2025-08-09 00:44:41.219 [info] > git ls-files --stage -- src/assets/styles/global.css [3ms]
2025-08-09 00:44:41.232 [info] > git cat-file -s 50bf8db4d56518176564a94ccf94019947884767 [3ms]
2025-08-09 00:44:41.779 [info] > git blame --root --incremental 0d7a3a898007be1d8200d8db99d59472a2da8d06 -- src/assets/styles/global.css [4ms]
2025-08-09 00:44:45.336 [info] > git show --textconv :src/components/ui/buttons/PrimaryCTA.astro [9ms]
2025-08-09 00:44:45.337 [info] > git ls-files --stage -- src/components/ui/buttons/PrimaryCTA.astro [3ms]
2025-08-09 00:44:45.346 [info] > git cat-file -s 17596086970dc70a2bdadfcfeb7c314eb7060c29 [2ms]
2025-08-09 00:44:51.902 [info] > git config --get commit.template [11ms]
2025-08-09 00:44:51.903 [info] > git for-each-ref --format=%(refname)%00%(upstream:short)%00%(objectname)%00%(upstream:track)%00%(upstream:remotename)%00%(upstream:remoteref) refs/heads/main refs/remotes/main [2ms]
2025-08-09 00:44:51.926 [info] > git for-each-ref --sort -committerdate --format %(refname)%00%(objectname)%00%(*objectname) [3ms]
2025-08-09 00:44:51.927 [info] > git status -z -uall [14ms]
2025-08-09 00:44:56.951 [info] > git config --get commit.template [10ms]
2025-08-09 00:44:56.953 [info] > git for-each-ref --format=%(refname)%00%(upstream:short)%00%(objectname)%00%(upstream:track)%00%(upstream:remotename)%00%(upstream:remoteref) refs/heads/main refs/remotes/main [3ms]
2025-08-09 00:44:56.975 [info] > git for-each-ref --sort -committerdate --format %(refname)%00%(objectname)%00%(*objectname) [3ms]
2025-08-09 00:44:56.977 [info] > git status -z -uall [13ms]
2025-08-09 00:45:01.999 [info] > git config --get commit.template [10ms]
2025-08-09 00:45:02.000 [info] > git for-each-ref --format=%(refname)%00%(upstream:short)%00%(objectname)%00%(upstream:track)%00%(upstream:remotename)%00%(upstream:remoteref) refs/heads/main refs/remotes/main [3ms]
2025-08-09 00:45:02.022 [info] > git for-each-ref --sort -committerdate --format %(refname)%00%(objectname)%00%(*objectname) [4ms]
2025-08-09 00:45:02.025 [info] > git status -z -uall [16ms]
2025-08-09 00:45:56.975 [info] > git fetch [320ms]
2025-08-09 00:45:56.996 [info] > git config --get commit.template [10ms]
2025-08-09 00:45:56.998 [info] > git for-each-ref --format=%(refname)%00%(upstream:short)%00%(objectname)%00%(upstream:track)%00%(upstream:remotename)%00%(upstream:remoteref) refs/heads/main refs/remotes/main [2ms]
2025-08-09 00:45:57.020 [info] > git for-each-ref --sort -committerdate --format %(refname)%00%(objectname)%00%(*objectname) [3ms]
2025-08-09 00:45:57.022 [info] > git status -z -uall [14ms]
2025-08-09 00:45:58.310 [info] > git config --get commit.template [10ms]
2025-08-09 00:45:58.311 [info] > git for-each-ref --format=%(refname)%00%(upstream:short)%00%(objectname)%00%(upstream:track)%00%(upstream:remotename)%00%(upstream:remoteref) refs/heads/main refs/remotes/main [2ms]
2025-08-09 00:45:58.333 [info] > git for-each-ref --sort -committerdate --format %(refname)%00%(objectname)%00%(*objectname) [2ms]
2025-08-09 00:45:58.335 [info] > git status -z -uall [14ms]
2025-08-09 00:45:58.588 [info] > git ls-files --stage -- src/components/ui/buttons/PrimaryCTA.astro [2ms]
2025-08-09 00:45:58.598 [info] > git cat-file -s 17596086970dc70a2bdadfcfeb7c314eb7060c29 [2ms]
2025-08-09 00:45:58.712 [info] > git show --textconv :src/components/ui/buttons/PrimaryCTA.astro [2ms]
2025-08-09 00:46:23.724 [info] > git config --get commit.template [12ms]
2025-08-09 00:46:23.725 [info] > git for-each-ref --format=%(refname)%00%(upstream:short)%00%(objectname)%00%(upstream:track)%00%(upstream:remotename)%00%(upstream:remoteref) refs/heads/main refs/remotes/main [3ms]
2025-08-09 00:46:23.748 [info] > git for-each-ref --sort -committerdate --format %(refname)%00%(objectname)%00%(*objectname) [3ms]
2025-08-09 00:46:23.751 [info] > git status -z -uall [16ms]
2025-08-09 00:46:36.326 [info] > git config --get commit.template [11ms]
2025-08-09 00:46:36.328 [info] > git for-each-ref --format=%(refname)%00%(upstream:short)%00%(objectname)%00%(upstream:track)%00%(upstream:remotename)%00%(upstream:remoteref) refs/heads/main refs/remotes/main [3ms]
2025-08-09 00:46:36.396 [info] > git status -z -uall [14ms]
2025-08-09 00:46:36.397 [info] > git for-each-ref --sort -committerdate --format %(refname)%00%(objectname)%00%(*objectname) [4ms]
2025-08-09 00:46:49.825 [info] > git config --get commit.template [9ms]
2025-08-09 00:46:49.827 [info] > git for-each-ref --format=%(refname)%00%(upstream:short)%00%(objectname)%00%(upstream:track)%00%(upstream:remotename)%00%(upstream:remoteref) refs/heads/main refs/remotes/main [3ms]
2025-08-09 00:46:49.847 [info] > git for-each-ref --sort -committerdate --format %(refname)%00%(objectname)%00%(*objectname) [3ms]
2025-08-09 00:46:49.849 [info] > git status -z -uall [14ms]
2025-08-09 00:47:13.759 [info] > git config --get commit.template [10ms]
2025-08-09 00:47:13.761 [info] > git for-each-ref --format=%(refname)%00%(upstream:short)%00%(objectname)%00%(upstream:track)%00%(upstream:remotename)%00%(upstream:remoteref) refs/heads/main refs/remotes/main [2ms]
2025-08-09 00:47:13.782 [info] > git for-each-ref --sort -committerdate --format %(refname)%00%(objectname)%00%(*objectname) [3ms]
2025-08-09 00:47:13.784 [info] > git status -z -uall [14ms]
2025-08-09 00:47:18.806 [info] > git config --get commit.template [9ms]
2025-08-09 00:47:18.808 [info] > git for-each-ref --format=%(refname)%00%(upstream:short)%00%(objectname)%00%(upstream:track)%00%(upstream:remotename)%00%(upstream:remoteref) refs/heads/main refs/remotes/main [3ms]
2025-08-09 00:47:18.830 [info] > git for-each-ref --sort -committerdate --format %(refname)%00%(objectname)%00%(*objectname) [3ms]
2025-08-09 00:47:18.832 [info] > git status -z -uall [15ms]
2025-08-09 00:47:23.858 [info] > git config --get commit.template [9ms]
2025-08-09 00:47:23.859 [info] > git for-each-ref --format=%(refname)%00%(upstream:short)%00%(objectname)%00%(upstream:track)%00%(upstream:remotename)%00%(upstream:remoteref) refs/heads/main refs/remotes/main [2ms]
2025-08-09 00:47:23.877 [info] > git for-each-ref --sort -committerdate --format %(refname)%00%(objectname)%00%(*objectname) [3ms]
2025-08-09 00:47:23.881 [info] > git status -z -uall [14ms]
2025-08-09 00:47:28.903 [info] > git config --get commit.template [10ms]
2025-08-09 00:47:28.905 [info] > git for-each-ref --format=%(refname)%00%(upstream:short)%00%(objectname)%00%(upstream:track)%00%(upstream:remotename)%00%(upstream:remoteref) refs/heads/main refs/remotes/main [2ms]
2025-08-09 00:47:28.927 [info] > git for-each-ref --sort -committerdate --format %(refname)%00%(objectname)%00%(*objectname) [3ms]
2025-08-09 00:47:28.930 [info] > git status -z -uall [15ms]
2025-08-09 00:47:33.951 [info] > git config --get commit.template [9ms]
2025-08-09 00:47:33.953 [info] > git for-each-ref --format=%(refname)%00%(upstream:short)%00%(objectname)%00%(upstream:track)%00%(upstream:remotename)%00%(upstream:remoteref) refs/heads/main refs/remotes/main [3ms]
2025-08-09 00:47:33.972 [info] > git for-each-ref --sort -committerdate --format %(refname)%00%(objectname)%00%(*objectname) [3ms]
2025-08-09 00:47:33.976 [info] > git status -z -uall [14ms]
2025-08-09 00:47:38.999 [info] > git config --get commit.template [10ms]
2025-08-09 00:47:39.000 [info] > git for-each-ref --format=%(refname)%00%(upstream:short)%00%(objectname)%00%(upstream:track)%00%(upstream:remotename)%00%(upstream:remoteref) refs/heads/main refs/remotes/main [2ms]
2025-08-09 00:47:39.021 [info] > git for-each-ref --sort -committerdate --format %(refname)%00%(objectname)%00%(*objectname) [3ms]
2025-08-09 00:47:39.022 [info] > git status -z -uall [14ms]
2025-08-09 00:47:44.044 [info] > git config --get commit.template [9ms]
2025-08-09 00:47:44.047 [info] > git for-each-ref --format=%(refname)%00%(upstream:short)%00%(objectname)%00%(upstream:track)%00%(upstream:remotename)%00%(upstream:remoteref) refs/heads/main refs/remotes/main [4ms]
2025-08-09 00:47:44.066 [info] > git for-each-ref --sort -committerdate --format %(refname)%00%(objectname)%00%(*objectname) [4ms]
2025-08-09 00:47:44.068 [info] > git status -z -uall [13ms]
2025-08-09 00:47:49.317 [info] > git config --get commit.template [10ms]
2025-08-09 00:47:49.319 [info] > git for-each-ref --format=%(refname)%00%(upstream:short)%00%(objectname)%00%(upstream:track)%00%(upstream:remotename)%00%(upstream:remoteref) refs/heads/main refs/remotes/main [3ms]
2025-08-09 00:47:49.342 [info] > git for-each-ref --sort -committerdate --format %(refname)%00%(objectname)%00%(*objectname) [2ms]
2025-08-09 00:47:49.343 [info] > git status -z -uall [14ms]
2025-08-09 00:48:33.225 [info] > git config --get commit.template [12ms]
2025-08-09 00:48:33.227 [info] > git for-each-ref --format=%(refname)%00%(upstream:short)%00%(objectname)%00%(upstream:track)%00%(upstream:remotename)%00%(upstream:remoteref) refs/heads/main refs/remotes/main [4ms]
2025-08-09 00:48:33.249 [info] > git for-each-ref --sort -committerdate --format %(refname)%00%(objectname)%00%(*objectname) [3ms]
2025-08-09 00:48:33.250 [info] > git status -z -uall [14ms]
2025-08-09 00:48:38.274 [info] > git config --get commit.template [10ms]
2025-08-09 00:48:38.276 [info] > git for-each-ref --format=%(refname)%00%(upstream:short)%00%(objectname)%00%(upstream:track)%00%(upstream:remotename)%00%(upstream:remoteref) refs/heads/main refs/remotes/main [2ms]
2025-08-09 00:48:38.297 [info] > git for-each-ref --sort -committerdate --format %(refname)%00%(objectname)%00%(*objectname) [3ms]
2025-08-09 00:48:38.299 [info] > git status -z -uall [14ms]
2025-08-09 00:48:43.320 [info] > git config --get commit.template [8ms]
2025-08-09 00:48:43.322 [info] > git for-each-ref --format=%(refname)%00%(upstream:short)%00%(objectname)%00%(upstream:track)%00%(upstream:remotename)%00%(upstream:remoteref) refs/heads/main refs/remotes/main [3ms]
2025-08-09 00:48:43.343 [info] > git for-each-ref --sort -committerdate --format %(refname)%00%(objectname)%00%(*objectname) [3ms]
2025-08-09 00:48:43.345 [info] > git status -z -uall [14ms]
2025-08-09 00:48:55.140 [info] > git config --get commit.template [11ms]
2025-08-09 00:48:55.141 [info] > git for-each-ref --format=%(refname)%00%(upstream:short)%00%(objectname)%00%(upstream:track)%00%(upstream:remotename)%00%(upstream:remoteref) refs/heads/main refs/remotes/main [3ms]
2025-08-09 00:48:55.163 [info] > git for-each-ref --sort -committerdate --format %(refname)%00%(objectname)%00%(*objectname) [3ms]
2025-08-09 00:48:55.165 [info] > git status -z -uall [14ms]
2025-08-09 00:48:57.374 [info] > git fetch [340ms]
2025-08-09 00:48:57.394 [info] > git config --get commit.template [10ms]
2025-08-09 00:48:57.395 [info] > git for-each-ref --format=%(refname)%00%(upstream:short)%00%(objectname)%00%(upstream:track)%00%(upstream:remotename)%00%(upstream:remoteref) refs/heads/main refs/remotes/main [2ms]
2025-08-09 00:48:57.418 [info] > git for-each-ref --sort -committerdate --format %(refname)%00%(objectname)%00%(*objectname) [3ms]
2025-08-09 00:48:57.421 [info] > git status -z -uall [15ms]
2025-08-09 00:48:58.857 [info] > git ls-files --stage -- src/components/ui/buttons/PrimaryCTA.astro [1ms]
2025-08-09 00:48:58.869 [info] > git cat-file -s 17596086970dc70a2bdadfcfeb7c314eb7060c29 [2ms]
2025-08-09 00:48:58.986 [info] > git show --textconv :src/components/ui/buttons/PrimaryCTA.astro [3ms]
2025-08-09 00:49:00.190 [info] > git config --get commit.template [9ms]
2025-08-09 00:49:00.192 [info] > git for-each-ref --format=%(refname)%00%(upstream:short)%00%(objectname)%00%(upstream:track)%00%(upstream:remotename)%00%(upstream:remoteref) refs/heads/main refs/remotes/main [3ms]
2025-08-09 00:49:00.211 [info] > git for-each-ref --sort -committerdate --format %(refname)%00%(objectname)%00%(*objectname) [3ms]
2025-08-09 00:49:00.215 [info] > git status -z -uall [15ms]
2025-08-09 00:49:05.235 [info] > git config --get commit.template [8ms]
2025-08-09 00:49:05.237 [info] > git for-each-ref --format=%(refname)%00%(upstream:short)%00%(objectname)%00%(upstream:track)%00%(upstream:remotename)%00%(upstream:remoteref) refs/heads/main refs/remotes/main [2ms]
2025-08-09 00:49:05.254 [info] > git for-each-ref --sort -committerdate --format %(refname)%00%(objectname)%00%(*objectname) [2ms]
2025-08-09 00:49:05.258 [info] > git status -z -uall [13ms]
2025-08-09 00:49:27.747 [info] > git config --get commit.template [11ms]
2025-08-09 00:49:27.749 [info] > git for-each-ref --format=%(refname)%00%(upstream:short)%00%(objectname)%00%(upstream:track)%00%(upstream:remotename)%00%(upstream:remoteref) refs/heads/main refs/remotes/main [3ms]
2025-08-09 00:49:27.782 [info] > git for-each-ref --sort -committerdate --format %(refname)%00%(objectname)%00%(*objectname) [15ms]
2025-08-09 00:49:27.788 [info] > git status -z -uall [30ms]
2025-08-09 00:49:39.170 [info] > git config --get commit.template [11ms]
2025-08-09 00:49:39.172 [info] > git for-each-ref --format=%(refname)%00%(upstream:short)%00%(objectname)%00%(upstream:track)%00%(upstream:remotename)%00%(upstream:remoteref) refs/heads/main refs/remotes/main [3ms]
2025-08-09 00:49:39.195 [info] > git for-each-ref --sort -committerdate --format %(refname)%00%(objectname)%00%(*objectname) [3ms]
2025-08-09 00:49:39.196 [info] > git status -z -uall [14ms]
2025-08-09 00:49:52.107 [info] > git config --get commit.template [11ms]
2025-08-09 00:49:52.109 [info] > git for-each-ref --format=%(refname)%00%(upstream:short)%00%(objectname)%00%(upstream:track)%00%(upstream:remotename)%00%(upstream:remoteref) refs/heads/main refs/remotes/main [3ms]
2025-08-09 00:49:52.132 [info] > git for-each-ref --sort -committerdate --format %(refname)%00%(objectname)%00%(*objectname) [2ms]
2025-08-09 00:49:52.133 [info] > git status -z -uall [14ms]
2025-08-09 00:50:04.438 [info] > git config --get commit.template [9ms]
2025-08-09 00:50:04.440 [info] > git for-each-ref --format=%(refname)%00%(upstream:short)%00%(objectname)%00%(upstream:track)%00%(upstream:remotename)%00%(upstream:remoteref) refs/heads/main refs/remotes/main [3ms]
2025-08-09 00:50:04.459 [info] > git for-each-ref --sort -committerdate --format %(refname)%00%(objectname)%00%(*objectname) [2ms]
2025-08-09 00:50:04.462 [info] > git status -z -uall [13ms]
2025-08-09 00:50:09.486 [info] > git config --get commit.template [11ms]
2025-08-09 00:50:09.487 [info] > git for-each-ref --format=%(refname)%00%(upstream:short)%00%(objectname)%00%(upstream:track)%00%(upstream:remotename)%00%(upstream:remoteref) refs/heads/main refs/remotes/main [2ms]
2025-08-09 00:50:09.508 [info] > git for-each-ref --sort -committerdate --format %(refname)%00%(objectname)%00%(*objectname) [3ms]
2025-08-09 00:50:09.510 [info] > git status -z -uall [14ms]
2025-08-09 00:50:14.531 [info] > git config --get commit.template [9ms]
2025-08-09 00:50:14.533 [info] > git for-each-ref --format=%(refname)%00%(upstream:short)%00%(objectname)%00%(upstream:track)%00%(upstream:remotename)%00%(upstream:remoteref) refs/heads/main refs/remotes/main [3ms]
2025-08-09 00:50:14.555 [info] > git for-each-ref --sort -committerdate --format %(refname)%00%(objectname)%00%(*objectname) [3ms]
2025-08-09 00:50:14.556 [info] > git status -z -uall [14ms]
2025-08-09 00:50:28.165 [info] > git config --get commit.template [13ms]
2025-08-09 00:50:28.166 [info] > git for-each-ref --format=%(refname)%00%(upstream:short)%00%(objectname)%00%(upstream:track)%00%(upstream:remotename)%00%(upstream:remoteref) refs/heads/main refs/remotes/main [3ms]
2025-08-09 00:50:28.190 [info] > git for-each-ref --sort -committerdate --format %(refname)%00%(objectname)%00%(*objectname) [3ms]
2025-08-09 00:50:28.191 [info] > git status -z -uall [15ms]
2025-08-09 00:50:36.529 [info] > git config --get commit.template [12ms]
2025-08-09 00:50:36.530 [info] > git for-each-ref --format=%(refname)%00%(upstream:short)%00%(objectname)%00%(upstream:track)%00%(upstream:remotename)%00%(upstream:remoteref) refs/heads/main refs/remotes/main [2ms]
2025-08-09 00:50:36.553 [info] > git for-each-ref --sort -committerdate --format %(refname)%00%(objectname)%00%(*objectname) [3ms]
2025-08-09 00:50:36.581 [info] > git status -z -uall [41ms]
2025-08-09 00:50:41.608 [info] > git config --get commit.template [12ms]
2025-08-09 00:50:41.609 [info] > git for-each-ref --format=%(refname)%00%(upstream:short)%00%(objectname)%00%(upstream:track)%00%(upstream:remotename)%00%(upstream:remoteref) refs/heads/main refs/remotes/main [2ms]
2025-08-09 00:50:41.631 [info] > git for-each-ref --sort -committerdate --format %(refname)%00%(objectname)%00%(*objectname) [3ms]
2025-08-09 00:50:41.633 [info] > git status -z -uall [14ms]
2025-08-09 00:50:46.655 [info] > git config --get commit.template [9ms]
2025-08-09 00:50:46.657 [info] > git for-each-ref --format=%(refname)%00%(upstream:short)%00%(objectname)%00%(upstream:track)%00%(upstream:remotename)%00%(upstream:remoteref) refs/heads/main refs/remotes/main [3ms]
2025-08-09 00:50:46.679 [info] > git for-each-ref --sort -committerdate --format %(refname)%00%(objectname)%00%(*objectname) [2ms]
2025-08-09 00:50:46.681 [info] > git status -z -uall [14ms]
2025-08-09 00:51:03.338 [info] > git check-ignore -v -z --stdin [2ms]
2025-08-09 00:51:03.912 [info] > git show --textconv :src/components/ui/buttons/PrimaryCTA.astro [10ms]
2025-08-09 00:51:03.913 [info] > git ls-files --stage -- src/components/ui/buttons/PrimaryCTA.astro [2ms]
2025-08-09 00:51:03.926 [info] > git cat-file -s 17596086970dc70a2bdadfcfeb7c314eb7060c29 [2ms]
2025-08-09 00:51:17.050 [info] > git config --get commit.template [11ms]
2025-08-09 00:51:17.052 [info] > git for-each-ref --format=%(refname)%00%(upstream:short)%00%(objectname)%00%(upstream:track)%00%(upstream:remotename)%00%(upstream:remoteref) refs/heads/main refs/remotes/main [3ms]
2025-08-09 00:51:17.074 [info] > git for-each-ref --sort -committerdate --format %(refname)%00%(objectname)%00%(*objectname) [2ms]
2025-08-09 00:51:17.075 [info] > git status -z -uall [15ms]
2025-08-09 00:51:22.337 [info] > git config --get commit.template [11ms]
2025-08-09 00:51:22.339 [info] > git for-each-ref --format=%(refname)%00%(upstream:short)%00%(objectname)%00%(upstream:track)%00%(upstream:remotename)%00%(upstream:remoteref) refs/heads/main refs/remotes/main [3ms]
2025-08-09 00:51:22.361 [info] > git for-each-ref --sort -committerdate --format %(refname)%00%(objectname)%00%(*objectname) [2ms]
2025-08-09 00:51:22.364 [info] > git status -z -uall [15ms]
2025-08-09 00:51:27.385 [info] > git config --get commit.template [9ms]
2025-08-09 00:51:27.387 [info] > git for-each-ref --format=%(refname)%00%(upstream:short)%00%(objectname)%00%(upstream:track)%00%(upstream:remotename)%00%(upstream:remoteref) refs/heads/main refs/remotes/main [3ms]
2025-08-09 00:51:27.406 [info] > git for-each-ref --sort -committerdate --format %(refname)%00%(objectname)%00%(*objectname) [3ms]
2025-08-09 00:51:27.409 [info] > git status -z -uall [14ms]
2025-08-09 00:51:58.506 [info] > git fetch [332ms]
2025-08-09 00:51:58.528 [info] > git config --get commit.template [11ms]
2025-08-09 00:51:58.530 [info] > git for-each-ref --format=%(refname)%00%(upstream:short)%00%(objectname)%00%(upstream:track)%00%(upstream:remotename)%00%(upstream:remoteref) refs/heads/main refs/remotes/main [3ms]
2025-08-09 00:51:58.551 [info] > git for-each-ref --sort -committerdate --format %(refname)%00%(objectname)%00%(*objectname) [3ms]
2025-08-09 00:51:58.553 [info] > git status -z -uall [14ms]
2025-08-09 00:51:59.724 [info] > git config --get commit.template [10ms]
2025-08-09 00:51:59.726 [info] > git for-each-ref --format=%(refname)%00%(upstream:short)%00%(objectname)%00%(upstream:track)%00%(upstream:remotename)%00%(upstream:remoteref) refs/heads/main refs/remotes/main [2ms]
2025-08-09 00:51:59.745 [info] > git for-each-ref --sort -committerdate --format %(refname)%00%(objectname)%00%(*objectname) [3ms]
2025-08-09 00:51:59.749 [info] > git status -z -uall [14ms]
2025-08-09 00:51:59.951 [info] > git ls-files --stage -- src/components/ui/buttons/PrimaryCTA.astro [2ms]
2025-08-09 00:51:59.963 [info] > git cat-file -s 17596086970dc70a2bdadfcfeb7c314eb7060c29 [2ms]
2025-08-09 00:52:00.051 [info] > git show --textconv :src/components/ui/buttons/PrimaryCTA.astro [2ms]
2025-08-09 00:52:27.209 [info] > git show --textconv :src/components/sections/landing/HeroSection.astro [10ms]
2025-08-09 00:52:27.211 [info] > git ls-files --stage -- src/components/sections/landing/HeroSection.astro [2ms]
2025-08-09 00:52:27.222 [info] > git cat-file -s 651d4ec772e9f1908a9a04cbe4abb909827b9701 [2ms]
2025-08-09 00:52:27.669 [info] > git blame --root --incremental 0d7a3a898007be1d8200d8db99d59472a2da8d06 -- src/components/sections/landing/HeroSection.astro [4ms]
2025-08-09 00:52:36.660 [info] > git check-ignore -v -z --stdin [2ms]
2025-08-09 00:52:38.972 [info] > git show --textconv :src/pages/index.astro [10ms]
2025-08-09 00:52:38.973 [info] > git ls-files --stage -- src/pages/index.astro [2ms]
2025-08-09 00:52:38.984 [info] > git cat-file -s 93d4a1368d83ae2b7b75995187e726ad019791c4 [2ms]
2025-08-09 00:52:39.248 [info] > git blame --root --incremental 0d7a3a898007be1d8200d8db99d59472a2da8d06 -- src/pages/index.astro [5ms]
2025-08-09 00:52:49.772 [info] > git config --get commit.template [14ms]
2025-08-09 00:52:49.773 [info] > git for-each-ref --format=%(refname)%00%(upstream:short)%00%(objectname)%00%(upstream:track)%00%(upstream:remotename)%00%(upstream:remoteref) refs/heads/main refs/remotes/main [2ms]
2025-08-09 00:52:49.798 [info] > git for-each-ref --sort -committerdate --format %(refname)%00%(objectname)%00%(*objectname) [3ms]
2025-08-09 00:52:49.799 [info] > git status -z -uall [15ms]
2025-08-09 00:53:26.226 [info] > git show --textconv :src/components/sections/landing/HeroSection.astro [10ms]
2025-08-09 00:53:26.227 [info] > git ls-files --stage -- src/components/sections/landing/HeroSection.astro [2ms]
2025-08-09 00:53:26.238 [info] > git cat-file -s 651d4ec772e9f1908a9a04cbe4abb909827b9701 [2ms]
2025-08-09 00:53:29.382 [info] > git check-ignore -v -z --stdin [2ms]
2025-08-09 00:53:29.491 [info] > git show --textconv :src/components/ui/buttons/PrimaryCTA.astro [10ms]
2025-08-09 00:53:29.493 [info] > git ls-files --stage -- src/components/ui/buttons/PrimaryCTA.astro [1ms]
2025-08-09 00:53:29.504 [info] > git cat-file -s 17596086970dc70a2bdadfcfeb7c314eb7060c29 [2ms]
2025-08-09 00:53:32.883 [info] > git show --textconv :src/components/sections/landing/HeroSection.astro [8ms]
2025-08-09 00:53:32.884 [info] > git ls-files --stage -- src/components/sections/landing/HeroSection.astro [2ms]
2025-08-09 00:53:32.893 [info] > git cat-file -s 651d4ec772e9f1908a9a04cbe4abb909827b9701 [1ms]
2025-08-09 00:53:50.922 [info] > git config --get commit.template [12ms]
2025-08-09 00:53:50.923 [info] > git for-each-ref --format=%(refname)%00%(upstream:short)%00%(objectname)%00%(upstream:track)%00%(upstream:remotename)%00%(upstream:remoteref) refs/heads/main refs/remotes/main [2ms]
2025-08-09 00:53:50.944 [info] > git for-each-ref --sort -committerdate --format %(refname)%00%(objectname)%00%(*objectname) [3ms]
2025-08-09 00:53:50.947 [info] > git status -z -uall [14ms]
2025-08-09 00:53:58.213 [info] > git config --get commit.template [11ms]
2025-08-09 00:53:58.215 [info] > git for-each-ref --format=%(refname)%00%(upstream:short)%00%(objectname)%00%(upstream:track)%00%(upstream:remotename)%00%(upstream:remoteref) refs/heads/main refs/remotes/main [3ms]
2025-08-09 00:53:58.236 [info] > git for-each-ref --sort -committerdate --format %(refname)%00%(objectname)%00%(*objectname) [3ms]
2025-08-09 00:53:58.238 [info] > git status -z -uall [14ms]
2025-08-09 00:54:00.276 [info] > git show --textconv :src/components/sections/landing/HeroSection.astro [9ms]
2025-08-09 00:54:00.277 [info] > git ls-files --stage -- src/components/sections/landing/HeroSection.astro [2ms]
2025-08-09 00:54:00.286 [info] > git cat-file -s 651d4ec772e9f1908a9a04cbe4abb909827b9701 [2ms]
2025-08-09 00:54:13.883 [info] > git show --textconv :src/assets/styles/global.css [10ms]
2025-08-09 00:54:13.884 [info] > git ls-files --stage -- src/assets/styles/global.css [2ms]
2025-08-09 00:54:13.895 [info] > git cat-file -s 50bf8db4d56518176564a94ccf94019947884767 [1ms]
2025-08-09 00:54:22.517 [info] > git show --textconv :src/components/sections/landing/HeroSection.astro [11ms]
2025-08-09 00:54:22.518 [info] > git ls-files --stage -- src/components/sections/landing/HeroSection.astro [2ms]
2025-08-09 00:54:22.529 [info] > git cat-file -s 651d4ec772e9f1908a9a04cbe4abb909827b9701 [2ms]
2025-08-09 00:54:32.198 [info] > git config --get commit.template [12ms]
2025-08-09 00:54:32.199 [info] > git for-each-ref --format=%(refname)%00%(upstream:short)%00%(objectname)%00%(upstream:track)%00%(upstream:remotename)%00%(upstream:remoteref) refs/heads/main refs/remotes/main [2ms]
2025-08-09 00:54:32.223 [info] > git for-each-ref --sort -committerdate --format %(refname)%00%(objectname)%00%(*objectname) [3ms]
2025-08-09 00:54:32.225 [info] > git status -z -uall [16ms]
2025-08-09 00:54:37.250 [info] > git config --get commit.template [11ms]
2025-08-09 00:54:37.252 [info] > git for-each-ref --format=%(refname)%00%(upstream:short)%00%(objectname)%00%(upstream:track)%00%(upstream:remotename)%00%(upstream:remoteref) refs/heads/main refs/remotes/main [3ms]
2025-08-09 00:54:37.274 [info] > git for-each-ref --sort -committerdate --format %(refname)%00%(objectname)%00%(*objectname) [3ms]
2025-08-09 00:54:37.275 [info] > git status -z -uall [14ms]
2025-08-09 00:54:42.299 [info] > git config --get commit.template [11ms]
2025-08-09 00:54:42.300 [info] > git for-each-ref --format=%(refname)%00%(upstream:short)%00%(objectname)%00%(upstream:track)%00%(upstream:remotename)%00%(upstream:remoteref) refs/heads/main refs/remotes/main [2ms]
2025-08-09 00:54:42.319 [info] > git for-each-ref --sort -committerdate --format %(refname)%00%(objectname)%00%(*objectname) [3ms]
2025-08-09 00:54:42.323 [info] > git status -z -uall [15ms]
2025-08-09 00:55:03.451 [info] > git config --get commit.template [9ms]
2025-08-09 00:55:03.453 [info] > git for-each-ref --format=%(refname)%00%(upstream:short)%00%(objectname)%00%(upstream:track)%00%(upstream:remotename)%00%(upstream:remoteref) refs/heads/main refs/remotes/main [3ms]
2025-08-09 00:55:03.471 [info] > git for-each-ref --sort -committerdate --format %(refname)%00%(objectname)%00%(*objectname) [3ms]
2025-08-09 00:55:03.474 [info] > git status -z -uall [14ms]
2025-08-09 00:55:03.538 [info] > git ls-files --stage -- src/components/sections/landing/HeroSection.astro [1ms]
2025-08-09 00:55:03.549 [info] > git cat-file -s 651d4ec772e9f1908a9a04cbe4abb909827b9701 [2ms]
2025-08-09 00:55:03.664 [info] > git show --textconv :src/components/sections/landing/HeroSection.astro [2ms]
2025-08-09 00:55:03.751 [info] > git fetch [318ms]
2025-08-09 00:55:03.775 [info] > git config --get commit.template [12ms]
2025-08-09 00:55:03.777 [info] > git for-each-ref --format=%(refname)%00%(upstream:short)%00%(objectname)%00%(upstream:track)%00%(upstream:remotename)%00%(upstream:remoteref) refs/heads/main refs/remotes/main [2ms]
2025-08-09 00:55:03.806 [info] > git status -z -uall [15ms]
2025-08-09 00:55:03.806 [info] > git for-each-ref --sort -committerdate --format %(refname)%00%(objectname)%00%(*objectname) [4ms]
2025-08-09 00:55:05.168 [info] > git ls-files --stage -- src/components/sections/landing/HeroSection.astro [1ms]
2025-08-09 00:55:05.180 [info] > git cat-file -s 651d4ec772e9f1908a9a04cbe4abb909827b9701 [2ms]
2025-08-09 00:55:05.278 [info] > git show --textconv :src/components/sections/landing/HeroSection.astro [2ms]
2025-08-09 00:55:08.496 [info] > git config --get commit.template [9ms]
2025-08-09 00:55:08.498 [info] > git for-each-ref --format=%(refname)%00%(upstream:short)%00%(objectname)%00%(upstream:track)%00%(upstream:remotename)%00%(upstream:remoteref) refs/heads/main refs/remotes/main [3ms]
2025-08-09 00:55:08.518 [info] > git for-each-ref --sort -committerdate --format %(refname)%00%(objectname)%00%(*objectname) [4ms]
2025-08-09 00:55:08.520 [info] > git status -z -uall [14ms]
2025-08-09 00:55:26.119 [info] > git config --get commit.template [9ms]
2025-08-09 00:55:26.120 [info] > git for-each-ref --format=%(refname)%00%(upstream:short)%00%(objectname)%00%(upstream:track)%00%(upstream:remotename)%00%(upstream:remoteref) refs/heads/main refs/remotes/main [2ms]
2025-08-09 00:55:26.139 [info] > git for-each-ref --sort -committerdate --format %(refname)%00%(objectname)%00%(*objectname) [3ms]
2025-08-09 00:55:26.143 [info] > git status -z -uall [15ms]
