2025-08-09 13:10:40.916 [info] [main] Log level: Info
2025-08-09 13:10:40.916 [info] [main] Validating found git in: "git"
2025-08-09 13:10:40.916 [info] [main] Using git "2.49.0" from "git"
2025-08-09 13:10:40.916 [info] [Model][doInitialScan] Initial repository scan started
2025-08-09 13:10:40.916 [info] > git rev-parse --show-toplevel [4ms]
2025-08-09 13:10:40.916 [info] > git rev-parse --git-dir --git-common-dir [11ms]
2025-08-09 13:10:40.916 [info] [Model][openRepository] Opened repository (path): /workspace/Website-starter
2025-08-09 13:10:40.916 [info] [Model][openRepository] Opened repository (real path): /workspace/Website-starter
2025-08-09 13:10:40.916 [info] > git rev-parse --show-toplevel [9ms]
2025-08-09 13:10:40.916 [info] > git config --get commit.template [58ms]
2025-08-09 13:10:40.916 [info] > git rev-parse --show-toplevel [15ms]
2025-08-09 13:10:40.916 [info] > git for-each-ref --format=%(refname)%00%(upstream:short)%00%(objectname)%00%(upstream:track)%00%(upstream:remotename)%00%(upstream:remoteref) refs/heads/main refs/remotes/main [6ms]
2025-08-09 13:10:40.916 [info] > git rev-parse --show-toplevel [8ms]
2025-08-09 13:10:40.916 [info] > git for-each-ref --sort -committerdate --format %(refname)%00%(objectname)%00%(*objectname) [76ms]
2025-08-09 13:10:40.916 [info] > git rev-parse --show-toplevel [5ms]
2025-08-09 13:10:40.917 [info] > git status -z -uall [97ms]
2025-08-09 13:10:40.917 [info] > git for-each-ref --format=%(refname)%00%(upstream:short)%00%(objectname)%00%(upstream:track)%00%(upstream:remotename)%00%(upstream:remoteref) refs/heads/main refs/remotes/main [16ms]
2025-08-09 13:10:40.917 [info] > git rev-parse --show-toplevel [114ms]
2025-08-09 13:10:40.917 [info] > git config --get --local branch.main.vscode-merge-base [189ms]
2025-08-09 13:10:40.917 [info] > git config --get commit.template [208ms]
2025-08-09 13:10:40.917 [info] > git rev-parse --show-toplevel [19ms]
2025-08-09 13:10:40.917 [info] > git fetch [592ms]
2025-08-09 13:10:40.917 [info] > git for-each-ref --format=%(refname)%00%(upstream:short)%00%(objectname)%00%(upstream:track)%00%(upstream:remotename)%00%(upstream:remoteref) refs/heads/origin/main refs/remotes/origin/main [85ms]
2025-08-09 13:10:40.917 [info] > git config --get commit.template [12ms]
2025-08-09 13:10:40.917 [info] > git rev-parse --show-toplevel [19ms]
2025-08-09 13:10:40.917 [info] [Model][doInitialScan] Initial repository scan completed - repositories (1), closed repositories (0), parent repositories (0), unsafe repositories (0)
2025-08-09 13:10:40.917 [info] > git for-each-ref --format=%(refname)%00%(upstream:short)%00%(objectname)%00%(upstream:track)%00%(upstream:remotename)%00%(upstream:remoteref) refs/heads/main refs/remotes/main [80ms]
2025-08-09 13:10:40.917 [info] > git merge-base refs/heads/main refs/remotes/origin/main [6ms]
2025-08-09 13:10:40.917 [info] > git diff --name-status -z --diff-filter=ADMR 0d7a3a898007be1d8200d8db99d59472a2da8d06...refs/remotes/origin/main [9ms]
2025-08-09 13:10:40.917 [info] > git for-each-ref --format=%(refname)%00%(upstream:short)%00%(objectname)%00%(upstream:track)%00%(upstream:remotename)%00%(upstream:remoteref) refs/heads/main refs/remotes/main [185ms]
2025-08-09 13:10:40.917 [info] > git for-each-ref --sort -committerdate --format %(refname)%00%(objectname)%00%(*objectname) [62ms]
2025-08-09 13:10:40.917 [info] > git status -z -uall [73ms]
2025-08-09 13:10:41.561 [info] > git check-ignore -v -z --stdin [4ms]
2025-08-09 13:10:45.914 [info] > git config --get --local branch.main.github-pr-owner-number [3ms]
2025-08-09 13:10:45.914 [warning] [Git][config] git config failed: Failed to execute git
2025-08-09 13:11:09.010 [info] > git config --get commit.template [17ms]
2025-08-09 13:11:09.012 [info] > git for-each-ref --format=%(refname)%00%(upstream:short)%00%(objectname)%00%(upstream:track)%00%(upstream:remotename)%00%(upstream:remoteref) refs/heads/main refs/remotes/main [3ms]
2025-08-09 13:11:09.046 [info] > git for-each-ref --sort -committerdate --format %(refname)%00%(objectname)%00%(*objectname) [3ms]
2025-08-09 13:11:09.049 [info] > git status -z -uall [23ms]
2025-08-09 13:11:14.078 [info] > git config --get commit.template [5ms]
2025-08-09 13:11:14.094 [info] > git for-each-ref --format=%(refname)%00%(upstream:short)%00%(objectname)%00%(upstream:track)%00%(upstream:remotename)%00%(upstream:remoteref) refs/heads/main refs/remotes/main [3ms]
2025-08-09 13:11:14.121 [info] > git for-each-ref --sort -committerdate --format %(refname)%00%(objectname)%00%(*objectname) [3ms]
2025-08-09 13:11:14.122 [info] > git status -z -uall [17ms]
2025-08-09 13:11:19.161 [info] > git config --get commit.template [15ms]
2025-08-09 13:11:19.163 [info] > git for-each-ref --format=%(refname)%00%(upstream:short)%00%(objectname)%00%(upstream:track)%00%(upstream:remotename)%00%(upstream:remoteref) refs/heads/main refs/remotes/main [3ms]
2025-08-09 13:11:19.193 [info] > git status -z -uall [15ms]
2025-08-09 13:11:19.195 [info] > git for-each-ref --sort -committerdate --format %(refname)%00%(objectname)%00%(*objectname) [5ms]
2025-08-09 13:11:24.213 [info] > git config --get commit.template [2ms]
2025-08-09 13:11:24.230 [info] > git for-each-ref --format=%(refname)%00%(upstream:short)%00%(objectname)%00%(upstream:track)%00%(upstream:remotename)%00%(upstream:remoteref) refs/heads/main refs/remotes/main [2ms]
2025-08-09 13:11:24.260 [info] > git for-each-ref --sort -committerdate --format %(refname)%00%(objectname)%00%(*objectname) [3ms]
2025-08-09 13:11:24.263 [info] > git status -z -uall [20ms]
2025-08-09 13:11:40.834 [info] > git config --get commit.template [3ms]
2025-08-09 13:11:40.927 [info] > git for-each-ref --format=%(refname)%00%(upstream:short)%00%(objectname)%00%(upstream:track)%00%(upstream:remotename)%00%(upstream:remoteref) refs/heads/main refs/remotes/main [5ms]
2025-08-09 13:11:41.030 [info] > git for-each-ref --sort -committerdate --format %(refname)%00%(objectname)%00%(*objectname) [3ms]
2025-08-09 13:11:41.031 [info] > git status -z -uall [18ms]
2025-08-09 13:12:08.414 [info] > git for-each-ref --format=%(refname)%00%(upstream:short)%00%(objectname)%00%(upstream:track)%00%(upstream:remotename)%00%(upstream:remoteref) refs/heads/main refs/remotes/main [70ms]
2025-08-09 13:12:08.415 [info] > git config --get commit.template [87ms]
2025-08-09 13:12:08.525 [info] > git status -z -uall [92ms]
2025-08-09 13:12:08.527 [info] > git for-each-ref --sort -committerdate --format %(refname)%00%(objectname)%00%(*objectname) [6ms]
2025-08-09 13:12:22.423 [info] > git config --get commit.template [13ms]
2025-08-09 13:12:22.425 [info] > git for-each-ref --format=%(refname)%00%(upstream:short)%00%(objectname)%00%(upstream:track)%00%(upstream:remotename)%00%(upstream:remoteref) refs/heads/main refs/remotes/main [3ms]
2025-08-09 13:12:22.463 [info] > git status -z -uall [23ms]
2025-08-09 13:12:22.464 [info] > git for-each-ref --sort -committerdate --format %(refname)%00%(objectname)%00%(*objectname) [9ms]
2025-08-09 13:12:27.491 [info] > git config --get commit.template [9ms]
2025-08-09 13:12:27.493 [info] > git for-each-ref --format=%(refname)%00%(upstream:short)%00%(objectname)%00%(upstream:track)%00%(upstream:remotename)%00%(upstream:remoteref) refs/heads/main refs/remotes/main [3ms]
2025-08-09 13:12:27.514 [info] > git for-each-ref --sort -committerdate --format %(refname)%00%(objectname)%00%(*objectname) [4ms]
2025-08-09 13:12:27.523 [info] > git status -z -uall [22ms]
2025-08-09 13:12:34.197 [info] > git config --get commit.template [10ms]
2025-08-09 13:12:34.198 [info] > git for-each-ref --format=%(refname)%00%(upstream:short)%00%(objectname)%00%(upstream:track)%00%(upstream:remotename)%00%(upstream:remoteref) refs/heads/main refs/remotes/main [2ms]
2025-08-09 13:12:34.223 [info] > git for-each-ref --sort -committerdate --format %(refname)%00%(objectname)%00%(*objectname) [5ms]
2025-08-09 13:12:34.224 [info] > git status -z -uall [16ms]
2025-08-09 13:12:40.206 [info] > git config --get commit.template [10ms]
2025-08-09 13:12:40.208 [info] > git for-each-ref --format=%(refname)%00%(upstream:short)%00%(objectname)%00%(upstream:track)%00%(upstream:remotename)%00%(upstream:remoteref) refs/heads/main refs/remotes/main [3ms]
2025-08-09 13:12:40.233 [info] > git for-each-ref --sort -committerdate --format %(refname)%00%(objectname)%00%(*objectname) [4ms]
2025-08-09 13:12:40.236 [info] > git status -z -uall [18ms]
2025-08-09 13:12:41.191 [info] > git check-ignore -v -z --stdin [4ms]
2025-08-09 13:12:41.859 [info] > git show --textconv :src/components/sections/landing/HeroSection.astro [15ms]
2025-08-09 13:12:41.861 [info] > git ls-files --stage -- src/components/sections/landing/HeroSection.astro [3ms]
2025-08-09 13:12:41.876 [info] > git cat-file -s 651d4ec772e9f1908a9a04cbe4abb909827b9701 [2ms]
2025-08-09 13:12:42.381 [info] > git blame --root --incremental 0d7a3a898007be1d8200d8db99d59472a2da8d06 -- src/components/sections/landing/HeroSection.astro [4ms]
2025-08-09 13:12:49.455 [info] > git config --get commit.template [15ms]
2025-08-09 13:12:49.457 [info] > git for-each-ref --format=%(refname)%00%(upstream:short)%00%(objectname)%00%(upstream:track)%00%(upstream:remotename)%00%(upstream:remoteref) refs/heads/main refs/remotes/main [3ms]
2025-08-09 13:12:49.484 [info] > git status -z -uall [17ms]
2025-08-09 13:12:49.486 [info] > git for-each-ref --sort -committerdate --format %(refname)%00%(objectname)%00%(*objectname) [7ms]
2025-08-09 13:12:59.945 [info] > git config --get commit.template [3ms]
2025-08-09 13:12:59.958 [info] > git for-each-ref --format=%(refname)%00%(upstream:short)%00%(objectname)%00%(upstream:track)%00%(upstream:remotename)%00%(upstream:remoteref) refs/heads/main refs/remotes/main [3ms]
2025-08-09 13:12:59.977 [info] > git for-each-ref --sort -committerdate --format %(refname)%00%(objectname)%00%(*objectname) [2ms]
2025-08-09 13:12:59.982 [info] > git status -z -uall [16ms]
2025-08-09 13:13:10.473 [info] > git show --textconv :src/assets/styles/global.css [14ms]
2025-08-09 13:13:10.474 [info] > git ls-files --stage -- src/assets/styles/global.css [3ms]
2025-08-09 13:13:10.487 [info] > git cat-file -s 50bf8db4d56518176564a94ccf94019947884767 [3ms]
2025-08-09 13:13:10.838 [info] > git blame --root --incremental 0d7a3a898007be1d8200d8db99d59472a2da8d06 -- src/assets/styles/global.css [5ms]
2025-08-09 13:13:35.435 [info] > git config --get commit.template [6ms]
2025-08-09 13:13:35.526 [info] > git for-each-ref --format=%(refname)%00%(upstream:short)%00%(objectname)%00%(upstream:track)%00%(upstream:remotename)%00%(upstream:remoteref) refs/heads/main refs/remotes/main [3ms]
2025-08-09 13:13:35.628 [info] > git for-each-ref --sort -committerdate --format %(refname)%00%(objectname)%00%(*objectname) [4ms]
2025-08-09 13:13:35.632 [info] > git status -z -uall [87ms]
2025-08-09 13:13:38.676 [info] > git fetch [330ms]
2025-08-09 13:13:38.695 [info] > git config --get commit.template [9ms]
2025-08-09 13:13:38.697 [info] > git for-each-ref --format=%(refname)%00%(upstream:short)%00%(objectname)%00%(upstream:track)%00%(upstream:remotename)%00%(upstream:remoteref) refs/heads/main refs/remotes/main [2ms]
2025-08-09 13:13:38.719 [info] > git for-each-ref --sort -committerdate --format %(refname)%00%(objectname)%00%(*objectname) [4ms]
2025-08-09 13:13:38.727 [info] > git status -z -uall [20ms]
2025-08-09 13:13:40.163 [info] > git ls-files --stage -- src/assets/styles/global.css [3ms]
2025-08-09 13:13:40.179 [info] > git cat-file -s 50bf8db4d56518176564a94ccf94019947884767 [4ms]
2025-08-09 13:13:40.320 [info] > git show --textconv :src/assets/styles/global.css [3ms]
2025-08-09 13:13:40.671 [info] > git config --get commit.template [15ms]
2025-08-09 13:13:40.673 [info] > git for-each-ref --format=%(refname)%00%(upstream:short)%00%(objectname)%00%(upstream:track)%00%(upstream:remotename)%00%(upstream:remoteref) refs/heads/main refs/remotes/main [3ms]
2025-08-09 13:13:40.702 [info] > git for-each-ref --sort -committerdate --format %(refname)%00%(objectname)%00%(*objectname) [4ms]
2025-08-09 13:13:40.703 [info] > git status -z -uall [16ms]
2025-08-09 13:13:45.734 [info] > git config --get commit.template [16ms]
2025-08-09 13:13:45.736 [info] > git for-each-ref --format=%(refname)%00%(upstream:short)%00%(objectname)%00%(upstream:track)%00%(upstream:remotename)%00%(upstream:remoteref) refs/heads/main refs/remotes/main [3ms]
2025-08-09 13:13:45.768 [info] > git for-each-ref --sort -committerdate --format %(refname)%00%(objectname)%00%(*objectname) [3ms]
2025-08-09 13:13:45.770 [info] > git status -z -uall [20ms]
2025-08-09 13:13:50.796 [info] > git config --get commit.template [10ms]
2025-08-09 13:13:50.797 [info] > git for-each-ref --format=%(refname)%00%(upstream:short)%00%(objectname)%00%(upstream:track)%00%(upstream:remotename)%00%(upstream:remoteref) refs/heads/main refs/remotes/main [2ms]
2025-08-09 13:13:50.822 [info] > git for-each-ref --sort -committerdate --format %(refname)%00%(objectname)%00%(*objectname) [3ms]
2025-08-09 13:13:50.823 [info] > git status -z -uall [17ms]
2025-08-09 13:13:55.856 [info] > git config --get commit.template [13ms]
2025-08-09 13:13:55.862 [info] > git for-each-ref --format=%(refname)%00%(upstream:short)%00%(objectname)%00%(upstream:track)%00%(upstream:remotename)%00%(upstream:remoteref) refs/heads/main refs/remotes/main [7ms]
2025-08-09 13:13:55.896 [info] > git status -z -uall [16ms]
2025-08-09 13:13:55.897 [info] > git for-each-ref --sort -committerdate --format %(refname)%00%(objectname)%00%(*objectname) [4ms]
2025-08-09 13:14:00.929 [info] > git config --get commit.template [16ms]
2025-08-09 13:14:00.932 [info] > git for-each-ref --format=%(refname)%00%(upstream:short)%00%(objectname)%00%(upstream:track)%00%(upstream:remotename)%00%(upstream:remoteref) refs/heads/main refs/remotes/main [4ms]
2025-08-09 13:14:00.963 [info] > git for-each-ref --sort -committerdate --format %(refname)%00%(objectname)%00%(*objectname) [6ms]
2025-08-09 13:14:00.968 [info] > git status -z -uall [22ms]
2025-08-09 13:14:05.998 [info] > git config --get commit.template [13ms]
2025-08-09 13:14:06.000 [info] > git for-each-ref --format=%(refname)%00%(upstream:short)%00%(objectname)%00%(upstream:track)%00%(upstream:remotename)%00%(upstream:remoteref) refs/heads/main refs/remotes/main [3ms]
2025-08-09 13:14:06.024 [info] > git for-each-ref --sort -committerdate --format %(refname)%00%(objectname)%00%(*objectname) [4ms]
2025-08-09 13:14:06.030 [info] > git status -z -uall [19ms]
2025-08-09 13:14:07.985 [info] > git check-ignore -v -z --stdin [2ms]
2025-08-09 13:14:12.074 [info] > git show --textconv :src/components/sections/landing/HeroSection.astro [11ms]
2025-08-09 13:14:12.075 [info] > git ls-files --stage -- src/components/sections/landing/HeroSection.astro [2ms]
2025-08-09 13:14:12.087 [info] > git cat-file -s 651d4ec772e9f1908a9a04cbe4abb909827b9701 [3ms]
2025-08-09 13:14:26.911 [info] > git config --get commit.template [11ms]
2025-08-09 13:14:26.911 [info] > git for-each-ref --format=%(refname)%00%(upstream:short)%00%(objectname)%00%(upstream:track)%00%(upstream:remotename)%00%(upstream:remoteref) refs/heads/main refs/remotes/main [3ms]
2025-08-09 13:14:26.936 [info] > git for-each-ref --sort -committerdate --format %(refname)%00%(objectname)%00%(*objectname) [3ms]
2025-08-09 13:14:26.941 [info] > git status -z -uall [19ms]
2025-08-09 13:14:29.545 [info] > git show --textconv :src/assets/styles/global.css [14ms]
2025-08-09 13:14:29.547 [info] > git ls-files --stage -- src/assets/styles/global.css [2ms]
2025-08-09 13:14:29.559 [info] > git cat-file -s 50bf8db4d56518176564a94ccf94019947884767 [2ms]
2025-08-09 13:15:08.166 [info] > git config --get commit.template [14ms]
2025-08-09 13:15:08.168 [info] > git for-each-ref --format=%(refname)%00%(upstream:short)%00%(objectname)%00%(upstream:track)%00%(upstream:remotename)%00%(upstream:remoteref) refs/heads/main refs/remotes/main [3ms]
2025-08-09 13:15:08.215 [info] > git for-each-ref --sort -committerdate --format %(refname)%00%(objectname)%00%(*objectname) [24ms]
2025-08-09 13:15:08.217 [info] > git status -z -uall [38ms]
2025-08-09 13:15:15.201 [info] > git config --get commit.template [10ms]
2025-08-09 13:15:15.203 [info] > git for-each-ref --format=%(refname)%00%(upstream:short)%00%(objectname)%00%(upstream:track)%00%(upstream:remotename)%00%(upstream:remoteref) refs/heads/main refs/remotes/main [2ms]
2025-08-09 13:15:15.223 [info] > git for-each-ref --sort -committerdate --format %(refname)%00%(objectname)%00%(*objectname) [3ms]
2025-08-09 13:15:15.226 [info] > git status -z -uall [16ms]
2025-08-09 13:18:04.077 [info] > git fetch [346ms]
2025-08-09 13:18:04.099 [info] > git config --get commit.template [12ms]
2025-08-09 13:18:04.101 [info] > git for-each-ref --format=%(refname)%00%(upstream:short)%00%(objectname)%00%(upstream:track)%00%(upstream:remotename)%00%(upstream:remoteref) refs/heads/main refs/remotes/main [2ms]
2025-08-09 13:18:04.126 [info] > git for-each-ref --sort -committerdate --format %(refname)%00%(objectname)%00%(*objectname) [3ms]
2025-08-09 13:18:04.133 [info] > git status -z -uall [21ms]
2025-08-09 13:18:05.342 [info] > git config --get commit.template [2ms]
2025-08-09 13:18:05.359 [info] > git for-each-ref --format=%(refname)%00%(upstream:short)%00%(objectname)%00%(upstream:track)%00%(upstream:remotename)%00%(upstream:remoteref) refs/heads/main refs/remotes/main [4ms]
2025-08-09 13:18:05.387 [info] > git for-each-ref --sort -committerdate --format %(refname)%00%(objectname)%00%(*objectname) [2ms]
2025-08-09 13:18:05.388 [info] > git status -z -uall [15ms]
2025-08-09 13:18:05.591 [info] > git ls-files --stage -- src/assets/styles/global.css [2ms]
2025-08-09 13:18:05.605 [info] > git cat-file -s 50bf8db4d56518176564a94ccf94019947884767 [2ms]
2025-08-09 13:18:05.752 [info] > git show --textconv :src/assets/styles/global.css [3ms]
