2025-08-08 09:18:28.508 [info] Log level: Info
2025-08-08 09:18:28.508 [info] VSCODE_MACHINE_ID: 10d3d877-fe56-442f-a117-f9035039c6e9
2025-08-08 09:18:28.508 [info] VSCODE_SESSION_ID: edcfaa2d-fd80-40e0-9ce3-be3e37dcb1af1754644699974
2025-08-08 09:18:28.508 [info] VSCODE_VERSION: 1.102.3
2025-08-08 09:18:28.508 [info] VSCODE_APP_NAME: Gitpod Code
2025-08-08 09:18:28.508 [info] VSCODE_APP_HOST: Gitpod
2025-08-08 09:18:28.508 [info] VSCODE_UI_KIND: web
2025-08-08 09:18:28.508 [info] GITPOD_WORKSPACE_CONTEXT_URL: https://github.com/Abdallah-Develop/Website-starter
2025-08-08 09:18:28.508 [info] GITPOD_INSTANCE_ID: 6e8c512a-59d9-465c-b77d-9c6a17f57fce
2025-08-08 09:18:28.508 [info] GITPOD_WORKSPACE_URL: https://abdallahdev-websitestar-esjdme0laxn.ws-eu120.gitpod.io
2025-08-08 09:18:28.508 [info] Gitpod Web 3953e81
2025-08-08 09:18:28.508 [info] Reading sessions from keychain...
2025-08-08 09:18:30.372 [info] Got stored sessions!
2025-08-08 09:18:30.372 [info] Verified session with the following scopes: function:accessCodeSyncStorage function:closePort function:controlAdmission function:deleteEnvVar function:generateNewGitpodToken function:getDefaultWorkspaceImage function:getGitpodTokenScopes function:getIDToken function:getLoggedInUser function:getOpenPorts function:getSupportedWorkspaceClasses function:getTeams function:getToken function:getWorkspace function:getWorkspaceEnvVars function:getWorkspaceOwner function:getWorkspaceTimeout function:getWorkspaceUsers function:guessGitTokenScopes function:isWorkspaceOwner function:openPort function:sendHeartBeat function:setEnvVar function:setWorkspaceTimeout function:stopWorkspace function:takeSnapshot function:trackEvent function:updateGitStatus function:waitForSnapshot resource:contentBlob::*::create/get resource:envVar::*/**::update resource:envVar::*/*::update resource:envVar::Abdallah-Develop/Website-starter::create/get/update/delete resource:gitpodToken::*::create resource:snapshot::ws-abdallahdev-websitestar-esjdme0laxn::create resource:token::*::get resource:userStorage::*::create/get/update resource:workspace::abdallahdev-websitestar-esjdme0laxn::get/update resource:workspaceInstance::6e8c512a-59d9-465c-b77d-9c6a17f57fce::get/update/delete
2025-08-08 09:18:30.373 [info] Got 1 verified sessions.
2025-08-08 09:18:30.373 [info] Getting sessions for all scopes...
2025-08-08 09:18:30.373 [info] Getting GitHub sessions for all scopes...
2025-08-08 09:18:30.373 [info] Got 1 sessions for all scopes...
2025-08-08 09:18:30.373 [info] Getting sessions for all scopes...
2025-08-08 09:18:30.373 [info] Got 1 sessions for all scopes...
2025-08-08 09:18:30.373 [info] Getting sessions for all scopes...
2025-08-08 09:18:30.373 [info] Got 1 sessions for all scopes...
2025-08-08 09:18:31.131 [info] Got 1 GitHub sessions for all scopes...
2025-08-08 09:18:31.644 [info] Getting GitHub sessions for all scopes...
2025-08-08 09:18:31.644 [info] Getting sessions for all scopes...
2025-08-08 09:18:31.645 [info] Got 1 GitHub sessions for all scopes...
2025-08-08 09:18:31.645 [info] Got 1 sessions for all scopes...
2025-08-08 09:18:31.645 [info] Getting GitHub sessions for all scopes...
2025-08-08 09:18:31.645 [info] Got 1 GitHub sessions for all scopes...
2025-08-08 09:18:32.779 [info] Getting GitHub sessions for read:user,repo,user:email,workflow...
2025-08-08 09:18:32.779 [info] Got 0 GitHub sessions for read:user,repo,user:email,workflow...
2025-08-08 09:18:33.181 [info] Getting GitHub sessions for all scopes...
2025-08-08 09:18:33.181 [info] Got 1 GitHub sessions for all scopes...
2025-08-08 09:18:33.897 [info] Getting sessions for all scopes...
2025-08-08 09:18:33.897 [info] Getting GitHub sessions for all scopes...
2025-08-08 09:18:33.897 [info] Got 1 sessions for all scopes...
2025-08-08 09:18:33.897 [info] Got 1 GitHub sessions for all scopes...
2025-08-08 09:18:34.497 [info] Getting sessions for all scopes...
2025-08-08 09:18:34.497 [info] Getting GitHub sessions for all scopes...
2025-08-08 09:18:34.497 [info] Got 1 sessions for all scopes...
2025-08-08 09:18:34.497 [info] Got 1 GitHub sessions for all scopes...
2025-08-08 09:18:34.568 [info] Getting GitHub sessions for project,read:org,read:user,repo,user:email,workflow...
2025-08-08 09:18:34.568 [info] Got 0 GitHub sessions for project,read:org,read:user,repo,user:email,workflow...
2025-08-08 09:18:34.830 [info] Getting sessions for all scopes...
2025-08-08 09:18:34.830 [info] Getting GitHub sessions for all scopes...
2025-08-08 09:18:34.830 [info] Got 1 sessions for all scopes...
2025-08-08 09:18:34.830 [info] Got 1 GitHub sessions for all scopes...
2025-08-08 09:18:35.093 [info] Getting sessions for all scopes...
2025-08-08 09:18:35.093 [info] Getting GitHub sessions for all scopes...
2025-08-08 09:18:35.093 [info] Got 1 sessions for all scopes...
2025-08-08 09:18:35.093 [info] Got 1 GitHub sessions for all scopes...
2025-08-08 09:18:35.144 [info] Getting GitHub sessions for read:user,repo,user:email,workflow...
2025-08-08 09:18:35.144 [info] Got 0 GitHub sessions for read:user,repo,user:email,workflow...
2025-08-08 09:18:35.769 [info] Getting GitHub sessions for read:user,repo,user:email...
2025-08-08 09:18:35.769 [info] Got 0 GitHub sessions for read:user,repo,user:email...
2025-08-08 09:18:36.092 [info] Getting GitHub sessions for read:user,repo,user:email,workflow...
2025-08-08 09:18:36.092 [info] Got 0 GitHub sessions for read:user,repo,user:email,workflow...
2025-08-08 09:18:36.440 [info] Getting sessions for all scopes...
2025-08-08 09:18:36.440 [info] Getting GitHub sessions for all scopes...
2025-08-08 09:18:36.440 [info] Got 1 sessions for all scopes...
2025-08-08 09:18:36.440 [info] Got 1 GitHub sessions for all scopes...
2025-08-08 09:18:36.768 [info] Getting sessions for all scopes...
2025-08-08 09:18:36.768 [info] Getting GitHub sessions for all scopes...
2025-08-08 09:18:36.768 [info] Got 1 sessions for all scopes...
2025-08-08 09:18:36.768 [info] Got 1 GitHub sessions for all scopes...
2025-08-08 09:18:38.889 [info] Getting sessions for function:accessCodeSyncStorage...
2025-08-08 09:18:38.889 [info] Got 1 sessions for function:accessCodeSyncStorage...
2025-08-08 09:18:39.957 [info] Getting sessions for all scopes...
2025-08-08 09:18:39.957 [info] Getting GitHub sessions for all scopes...
2025-08-08 09:18:39.957 [info] Got 1 sessions for all scopes...
2025-08-08 09:18:39.957 [info] Got 1 GitHub sessions for all scopes...
2025-08-08 09:18:40.232 [info] Getting sessions for all scopes...
2025-08-08 09:18:40.233 [info] Getting GitHub sessions for all scopes...
2025-08-08 09:18:40.233 [info] Got 1 sessions for all scopes...
2025-08-08 09:18:40.233 [info] Got 1 GitHub sessions for all scopes...
2025-08-08 09:18:40.597 [info] Getting sessions for all scopes...
2025-08-08 09:18:40.597 [info] Getting GitHub sessions for all scopes...
2025-08-08 09:18:40.597 [info] Got 1 sessions for all scopes...
2025-08-08 09:18:40.597 [info] Got 1 GitHub sessions for all scopes...
2025-08-08 09:18:40.986 [info] Getting sessions for all scopes...
2025-08-08 09:18:40.986 [info] Getting GitHub sessions for all scopes...
2025-08-08 09:18:40.986 [info] Got 1 sessions for all scopes...
2025-08-08 09:18:40.986 [info] Got 1 GitHub sessions for all scopes...
2025-08-08 09:18:42.225 [info] Getting sessions for all scopes...
2025-08-08 09:18:42.225 [info] Getting GitHub sessions for all scopes...
2025-08-08 09:18:42.225 [info] Got 1 sessions for all scopes...
2025-08-08 09:18:42.225 [info] Got 1 GitHub sessions for all scopes...
2025-08-08 09:18:42.326 [info] Getting sessions for all scopes...
2025-08-08 09:18:42.326 [info] Getting GitHub sessions for all scopes...
2025-08-08 09:18:42.326 [info] Got 1 sessions for all scopes...
2025-08-08 09:18:42.326 [info] Got 1 GitHub sessions for all scopes...
2025-08-08 09:18:42.900 [info] Getting sessions for all scopes...
2025-08-08 09:18:42.900 [info] Getting GitHub sessions for all scopes...
2025-08-08 09:18:42.900 [info] Got 1 sessions for all scopes...
2025-08-08 09:18:42.900 [info] Got 1 GitHub sessions for all scopes...
2025-08-08 09:18:43.058 [info] Getting sessions for all scopes...
2025-08-08 09:18:43.059 [info] Getting GitHub sessions for all scopes...
2025-08-08 09:18:43.059 [info] Got 1 sessions for all scopes...
2025-08-08 09:18:43.059 [info] Got 1 GitHub sessions for all scopes...
2025-08-08 09:18:43.181 [info] Getting sessions for all scopes...
2025-08-08 09:18:43.181 [info] Getting GitHub sessions for all scopes...
2025-08-08 09:18:43.181 [info] Got 1 sessions for all scopes...
2025-08-08 09:18:43.181 [info] Got 1 GitHub sessions for all scopes...
2025-08-08 09:18:43.181 [info] Getting sessions for all scopes...
2025-08-08 09:18:43.181 [info] Getting GitHub sessions for all scopes...
2025-08-08 09:18:43.181 [info] Got 1 sessions for all scopes...
2025-08-08 09:18:43.181 [info] Got 1 GitHub sessions for all scopes...
2025-08-08 09:18:43.181 [info] Getting sessions for all scopes...
2025-08-08 09:18:43.181 [info] Getting GitHub sessions for all scopes...
2025-08-08 09:18:43.181 [info] Got 1 sessions for all scopes...
2025-08-08 09:18:43.181 [info] Got 1 GitHub sessions for all scopes...
