2025-08-08 08:41:54.967 [info] [main] Log level: Info
2025-08-08 08:41:54.967 [info] [main] Validating found git in: "git"
2025-08-08 08:41:54.967 [info] [main] Using git "2.49.0" from "git"
2025-08-08 08:41:54.967 [info] [Model][doInitialScan] Initial repository scan started
2025-08-08 08:41:54.967 [info] > git rev-parse --show-toplevel [3ms]
2025-08-08 08:41:54.967 [info] > git rev-parse --git-dir --git-common-dir [70ms]
2025-08-08 08:41:54.967 [info] [Model][openRepository] Opened repository (path): /workspace/Website-starter
2025-08-08 08:41:54.967 [info] [Model][openRepository] Opened repository (real path): /workspace/Website-starter
2025-08-08 08:41:54.967 [info] > git rev-parse --show-toplevel [6ms]
2025-08-08 08:41:54.967 [info] > git config --get commit.template [13ms]
2025-08-08 08:41:54.967 [info] > git rev-parse --show-toplevel [17ms]
2025-08-08 08:41:54.967 [info] > git for-each-ref --format=%(refname)%00%(upstream:short)%00%(objectname)%00%(upstream:track)%00%(upstream:remotename)%00%(upstream:remoteref) refs/heads/main refs/remotes/main [15ms]
2025-08-08 08:41:54.967 [info] > git rev-parse --show-toplevel [3ms]
2025-08-08 08:41:54.967 [info] > git rev-parse --show-toplevel [18ms]
2025-08-08 08:41:54.967 [info] > git for-each-ref --sort -committerdate --format %(refname)%00%(objectname)%00%(*objectname) [6ms]
2025-08-08 08:41:54.967 [info] > git rev-parse --show-toplevel [3ms]
2025-08-08 08:41:54.967 [info] > git status -z -uall [20ms]
2025-08-08 08:41:54.967 [info] > git rev-parse --show-toplevel [36ms]
2025-08-08 08:41:54.967 [info] > git for-each-ref --format=%(refname)%00%(upstream:short)%00%(objectname)%00%(upstream:track)%00%(upstream:remotename)%00%(upstream:remoteref) refs/heads/main refs/remotes/main [15ms]
2025-08-08 08:41:54.967 [info] > git rev-parse --show-toplevel [7ms]
2025-08-08 08:41:54.967 [info] [Model][doInitialScan] Initial repository scan completed - repositories (1), closed repositories (0), parent repositories (0), unsafe repositories (0)
2025-08-08 08:41:54.967 [info] > git config --get commit.template [14ms]
2025-08-08 08:41:54.968 [info] > git config --get --local branch.main.vscode-merge-base [10ms]
2025-08-08 08:41:54.978 [info] > git for-each-ref --format=%(refname)%00%(upstream:short)%00%(objectname)%00%(upstream:track)%00%(upstream:remotename)%00%(upstream:remoteref) refs/heads/main refs/remotes/main [12ms]
2025-08-08 08:41:54.979 [info] > git for-each-ref --format=%(refname)%00%(upstream:short)%00%(objectname)%00%(upstream:track)%00%(upstream:remotename)%00%(upstream:remoteref) refs/heads/origin/main refs/remotes/origin/main [5ms]
2025-08-08 08:41:54.999 [info] > git merge-base refs/heads/main refs/remotes/origin/main [13ms]
2025-08-08 08:41:55.006 [info] > git for-each-ref --sort -committerdate --format %(refname)%00%(objectname)%00%(*objectname) [7ms]
2025-08-08 08:41:55.010 [info] > git diff --name-status -z --diff-filter=ADMR 0d7a3a898007be1d8200d8db99d59472a2da8d06...refs/remotes/origin/main [5ms]
2025-08-08 08:41:55.011 [info] > git status -z -uall [17ms]
2025-08-08 08:41:55.138 [info] > git fetch [384ms]
2025-08-08 08:41:55.155 [info] > git config --get commit.template [9ms]
2025-08-08 08:41:55.158 [info] > git for-each-ref --format=%(refname)%00%(upstream:short)%00%(objectname)%00%(upstream:track)%00%(upstream:remotename)%00%(upstream:remoteref) refs/heads/main refs/remotes/main [4ms]
2025-08-08 08:41:55.176 [info] > git for-each-ref --sort -committerdate --format %(refname)%00%(objectname)%00%(*objectname) [4ms]
2025-08-08 08:41:55.181 [info] > git status -z -uall [16ms]
2025-08-08 08:41:55.496 [info] > git check-ignore -v -z --stdin [2ms]
2025-08-08 08:42:01.225 [info] > git config --get --local branch.main.github-pr-owner-number [20ms]
2025-08-08 08:42:01.225 [warning] [Git][config] git config failed: Failed to execute git
2025-08-08 08:42:30.625 [info] > git config --get commit.template [21ms]
2025-08-08 08:42:30.627 [info] > git for-each-ref --format=%(refname)%00%(upstream:short)%00%(objectname)%00%(upstream:track)%00%(upstream:remotename)%00%(upstream:remoteref) refs/heads/main refs/remotes/main [4ms]
2025-08-08 08:42:30.657 [info] > git status -z -uall [17ms]
2025-08-08 08:42:30.657 [info] > git for-each-ref --sort -committerdate --format %(refname)%00%(objectname)%00%(*objectname) [4ms]
2025-08-08 08:42:35.689 [info] > git config --get commit.template [12ms]
2025-08-08 08:42:35.691 [info] > git for-each-ref --format=%(refname)%00%(upstream:short)%00%(objectname)%00%(upstream:track)%00%(upstream:remotename)%00%(upstream:remoteref) refs/heads/main refs/remotes/main [2ms]
2025-08-08 08:42:35.717 [info] > git for-each-ref --sort -committerdate --format %(refname)%00%(objectname)%00%(*objectname) [3ms]
2025-08-08 08:42:35.718 [info] > git status -z -uall [16ms]
2025-08-08 08:42:42.347 [info] > git config --get commit.template [13ms]
2025-08-08 08:42:42.350 [info] > git for-each-ref --format=%(refname)%00%(upstream:short)%00%(objectname)%00%(upstream:track)%00%(upstream:remotename)%00%(upstream:remoteref) refs/heads/main refs/remotes/main [4ms]
2025-08-08 08:42:42.376 [info] > git for-each-ref --sort -committerdate --format %(refname)%00%(objectname)%00%(*objectname) [3ms]
2025-08-08 08:42:42.378 [info] > git status -z -uall [15ms]
2025-08-08 08:42:47.408 [info] > git config --get commit.template [14ms]
2025-08-08 08:42:47.410 [info] > git for-each-ref --format=%(refname)%00%(upstream:short)%00%(objectname)%00%(upstream:track)%00%(upstream:remotename)%00%(upstream:remoteref) refs/heads/main refs/remotes/main [3ms]
2025-08-08 08:42:47.441 [info] > git for-each-ref --sort -committerdate --format %(refname)%00%(objectname)%00%(*objectname) [2ms]
2025-08-08 08:42:47.444 [info] > git status -z -uall [21ms]
2025-08-08 08:43:17.153 [info] > git for-each-ref --format=%(refname)%00%(upstream:short)%00%(objectname)%00%(upstream:track)%00%(upstream:remotename)%00%(upstream:remoteref) refs/heads/main refs/remotes/main [5ms]
2025-08-08 08:43:17.153 [info] > git config --get commit.template [19ms]
2025-08-08 08:43:17.256 [info] > git status -z -uall [20ms]
2025-08-08 08:43:17.256 [info] > git for-each-ref --sort -committerdate --format %(refname)%00%(objectname)%00%(*objectname) [4ms]
2025-08-08 08:43:33.635 [info] > git config --get commit.template [10ms]
2025-08-08 08:43:33.636 [info] > git for-each-ref --format=%(refname)%00%(upstream:short)%00%(objectname)%00%(upstream:track)%00%(upstream:remotename)%00%(upstream:remoteref) refs/heads/main refs/remotes/main [2ms]
2025-08-08 08:43:33.659 [info] > git for-each-ref --sort -committerdate --format %(refname)%00%(objectname)%00%(*objectname) [4ms]
2025-08-08 08:43:33.662 [info] > git status -z -uall [16ms]
2025-08-08 08:43:38.690 [info] > git config --get commit.template [13ms]
2025-08-08 08:43:38.692 [info] > git for-each-ref --format=%(refname)%00%(upstream:short)%00%(objectname)%00%(upstream:track)%00%(upstream:remotename)%00%(upstream:remoteref) refs/heads/main refs/remotes/main [3ms]
2025-08-08 08:43:38.716 [info] > git for-each-ref --sort -committerdate --format %(refname)%00%(objectname)%00%(*objectname) [4ms]
2025-08-08 08:43:38.717 [info] > git status -z -uall [15ms]
2025-08-08 08:43:49.017 [info] > git config --get commit.template [14ms]
2025-08-08 08:43:49.019 [info] > git for-each-ref --format=%(refname)%00%(upstream:short)%00%(objectname)%00%(upstream:track)%00%(upstream:remotename)%00%(upstream:remoteref) refs/heads/main refs/remotes/main [3ms]
2025-08-08 08:43:49.048 [info] > git status -z -uall [15ms]
2025-08-08 08:43:49.049 [info] > git for-each-ref --sort -committerdate --format %(refname)%00%(objectname)%00%(*objectname) [3ms]
2025-08-08 08:44:01.063 [info] > git config --get commit.template [15ms]
2025-08-08 08:44:01.064 [info] > git for-each-ref --format=%(refname)%00%(upstream:short)%00%(objectname)%00%(upstream:track)%00%(upstream:remotename)%00%(upstream:remoteref) refs/heads/main refs/remotes/main [3ms]
2025-08-08 08:44:01.140 [info] > git status -z -uall [62ms]
2025-08-08 08:44:01.141 [info] > git for-each-ref --sort -committerdate --format %(refname)%00%(objectname)%00%(*objectname) [7ms]
2025-08-08 08:44:33.988 [info] > git config --get commit.template [12ms]
2025-08-08 08:44:33.990 [info] > git for-each-ref --format=%(refname)%00%(upstream:short)%00%(objectname)%00%(upstream:track)%00%(upstream:remotename)%00%(upstream:remoteref) refs/heads/main refs/remotes/main [3ms]
2025-08-08 08:44:34.023 [info] > git for-each-ref --sort -committerdate --format %(refname)%00%(objectname)%00%(*objectname) [1ms]
2025-08-08 08:44:34.031 [info] > git status -z -uall [31ms]
2025-08-08 08:44:41.916 [info] > git config --get commit.template [12ms]
2025-08-08 08:44:41.918 [info] > git for-each-ref --format=%(refname)%00%(upstream:short)%00%(objectname)%00%(upstream:track)%00%(upstream:remotename)%00%(upstream:remoteref) refs/heads/main refs/remotes/main [3ms]
2025-08-08 08:44:41.944 [info] > git for-each-ref --sort -committerdate --format %(refname)%00%(objectname)%00%(*objectname) [4ms]
2025-08-08 08:44:41.945 [info] > git status -z -uall [15ms]
2025-08-08 08:46:16.234 [info] > git config --get commit.template [2ms]
2025-08-08 08:46:16.252 [info] > git for-each-ref --format=%(refname)%00%(upstream:short)%00%(objectname)%00%(upstream:track)%00%(upstream:remotename)%00%(upstream:remoteref) refs/heads/main refs/remotes/main [4ms]
2025-08-08 08:46:16.284 [info] > git status -z -uall [18ms]
2025-08-08 08:46:16.284 [info] > git for-each-ref --sort -committerdate --format %(refname)%00%(objectname)%00%(*objectname) [5ms]
2025-08-08 08:46:16.575 [info] > git fetch [362ms]
2025-08-08 08:46:16.591 [info] > git config --get commit.template [3ms]
2025-08-08 08:46:16.606 [info] > git for-each-ref --format=%(refname)%00%(upstream:short)%00%(objectname)%00%(upstream:track)%00%(upstream:remotename)%00%(upstream:remoteref) refs/heads/main refs/remotes/main [3ms]
2025-08-08 08:46:16.640 [info] > git status -z -uall [23ms]
2025-08-08 08:46:16.644 [info] > git for-each-ref --sort -committerdate --format %(refname)%00%(objectname)%00%(*objectname) [4ms]
2025-08-08 08:46:21.303 [info] > git config --get commit.template [2ms]
2025-08-08 08:46:21.319 [info] > git for-each-ref --format=%(refname)%00%(upstream:short)%00%(objectname)%00%(upstream:track)%00%(upstream:remotename)%00%(upstream:remoteref) refs/heads/main refs/remotes/main [3ms]
2025-08-08 08:46:21.357 [info] > git for-each-ref --sort -committerdate --format %(refname)%00%(objectname)%00%(*objectname) [3ms]
2025-08-08 08:46:21.364 [info] > git status -z -uall [23ms]
2025-08-08 08:46:37.745 [info] > git config --get commit.template [3ms]
2025-08-08 08:46:37.764 [info] > git for-each-ref --format=%(refname)%00%(upstream:short)%00%(objectname)%00%(upstream:track)%00%(upstream:remotename)%00%(upstream:remoteref) refs/heads/main refs/remotes/main [2ms]
2025-08-08 08:46:37.798 [info] > git for-each-ref --sort -committerdate --format %(refname)%00%(objectname)%00%(*objectname) [3ms]
2025-08-08 08:46:37.799 [info] > git status -z -uall [19ms]
2025-08-08 08:49:47.193 [info] > git fetch [344ms]
2025-08-08 08:49:47.215 [info] > git config --get commit.template [10ms]
2025-08-08 08:49:47.217 [info] > git for-each-ref --format=%(refname)%00%(upstream:short)%00%(objectname)%00%(upstream:track)%00%(upstream:remotename)%00%(upstream:remoteref) refs/heads/main refs/remotes/main [3ms]
2025-08-08 08:49:47.238 [info] > git for-each-ref --sort -committerdate --format %(refname)%00%(objectname)%00%(*objectname) [3ms]
2025-08-08 08:49:47.242 [info] > git status -z -uall [16ms]
2025-08-08 08:49:49.179 [info] > git config --get commit.template [11ms]
2025-08-08 08:49:49.182 [info] > git for-each-ref --format=%(refname)%00%(upstream:short)%00%(objectname)%00%(upstream:track)%00%(upstream:remotename)%00%(upstream:remoteref) refs/heads/main refs/remotes/main [3ms]
2025-08-08 08:49:49.203 [info] > git for-each-ref --sort -committerdate --format %(refname)%00%(objectname)%00%(*objectname) [3ms]
2025-08-08 08:49:49.207 [info] > git status -z -uall [16ms]
2025-08-08 08:49:54.982 [info] > git config --get commit.template [13ms]
2025-08-08 08:49:54.984 [info] > git for-each-ref --format=%(refname)%00%(upstream:short)%00%(objectname)%00%(upstream:track)%00%(upstream:remotename)%00%(upstream:remoteref) refs/heads/main refs/remotes/main [3ms]
2025-08-08 08:49:55.012 [info] > git status -z -uall [16ms]
2025-08-08 08:49:55.015 [info] > git for-each-ref --sort -committerdate --format %(refname)%00%(objectname)%00%(*objectname) [4ms]
2025-08-08 08:50:13.801 [info] > git config --get commit.template [10ms]
2025-08-08 08:50:13.803 [info] > git for-each-ref --format=%(refname)%00%(upstream:short)%00%(objectname)%00%(upstream:track)%00%(upstream:remotename)%00%(upstream:remoteref) refs/heads/main refs/remotes/main [3ms]
2025-08-08 08:50:13.822 [info] > git for-each-ref --sort -committerdate --format %(refname)%00%(objectname)%00%(*objectname) [3ms]
2025-08-08 08:50:13.825 [info] > git status -z -uall [14ms]
2025-08-08 08:50:54.161 [info] > git config --get commit.template [14ms]
2025-08-08 08:50:54.163 [info] > git for-each-ref --format=%(refname)%00%(upstream:short)%00%(objectname)%00%(upstream:track)%00%(upstream:remotename)%00%(upstream:remoteref) refs/heads/main refs/remotes/main [3ms]
2025-08-08 08:50:54.222 [info] > git status -z -uall [46ms]
2025-08-08 08:50:54.223 [info] > git for-each-ref --sort -committerdate --format %(refname)%00%(objectname)%00%(*objectname) [34ms]
2025-08-08 08:51:05.740 [info] > git config --get commit.template [11ms]
2025-08-08 08:51:05.742 [info] > git for-each-ref --format=%(refname)%00%(upstream:short)%00%(objectname)%00%(upstream:track)%00%(upstream:remotename)%00%(upstream:remoteref) refs/heads/main refs/remotes/main [3ms]
2025-08-08 08:51:05.767 [info] > git for-each-ref --sort -committerdate --format %(refname)%00%(objectname)%00%(*objectname) [3ms]
2025-08-08 08:51:05.768 [info] > git status -z -uall [16ms]
2025-08-08 08:51:24.855 [info] > git config --get commit.template [16ms]
2025-08-08 08:51:24.857 [info] > git for-each-ref --format=%(refname)%00%(upstream:short)%00%(objectname)%00%(upstream:track)%00%(upstream:remotename)%00%(upstream:remoteref) refs/heads/main refs/remotes/main [3ms]
2025-08-08 08:51:24.884 [info] > git status -z -uall [16ms]
2025-08-08 08:51:24.886 [info] > git for-each-ref --sort -committerdate --format %(refname)%00%(objectname)%00%(*objectname) [4ms]
2025-08-08 08:51:41.638 [info] > git config --get commit.template [14ms]
2025-08-08 08:51:41.639 [info] > git for-each-ref --format=%(refname)%00%(upstream:short)%00%(objectname)%00%(upstream:track)%00%(upstream:remotename)%00%(upstream:remoteref) refs/heads/main refs/remotes/main [3ms]
2025-08-08 08:51:41.668 [info] > git for-each-ref --sort -committerdate --format %(refname)%00%(objectname)%00%(*objectname) [3ms]
2025-08-08 08:51:41.669 [info] > git status -z -uall [17ms]
