2025-08-09 20:31:32.697 [info] [main] Log level: Info
2025-08-09 20:31:32.697 [info] [main] Validating found git in: "git"
2025-08-09 20:31:32.697 [info] [main] Using git "2.49.0" from "git"
2025-08-09 20:31:32.697 [info] [Model][doInitialScan] Initial repository scan started
2025-08-09 20:31:32.697 [info] > git rev-parse --show-toplevel [3ms]
2025-08-09 20:31:32.697 [info] > git rev-parse --git-dir --git-common-dir [1ms]
2025-08-09 20:31:32.697 [info] [Model][openRepository] Opened repository (path): /workspace/Website-starter
2025-08-09 20:31:32.697 [info] [Model][openRepository] Opened repository (real path): /workspace/Website-starter
2025-08-09 20:31:32.697 [info] > git config --get commit.template [5ms]
2025-08-09 20:31:32.697 [info] > git rev-parse --show-toplevel [7ms]
2025-08-09 20:31:32.697 [info] > git for-each-ref --format=%(refname)%00%(upstream:short)%00%(objectname)%00%(upstream:track)%00%(upstream:remotename)%00%(upstream:remoteref) refs/heads/main refs/remotes/main [6ms]
2025-08-09 20:31:32.697 [info] > git rev-parse --show-toplevel [2ms]
2025-08-09 20:31:32.697 [info] > git rev-parse --show-toplevel [12ms]
2025-08-09 20:31:32.697 [info] > git for-each-ref --sort -committerdate --format %(refname)%00%(objectname)%00%(*objectname) [5ms]
2025-08-09 20:31:32.697 [info] > git rev-parse --show-toplevel [2ms]
2025-08-09 20:31:32.697 [info] > git status -z -uall [17ms]
2025-08-09 20:31:32.697 [info] > git rev-parse --show-toplevel [32ms]
2025-08-09 20:31:32.697 [info] > git for-each-ref --format=%(refname)%00%(upstream:short)%00%(objectname)%00%(upstream:track)%00%(upstream:remotename)%00%(upstream:remoteref) refs/heads/main refs/remotes/main [7ms]
2025-08-09 20:31:32.697 [info] > git config --get --local branch.main.vscode-merge-base [34ms]
2025-08-09 20:31:32.697 [info] > git config --get commit.template [44ms]
2025-08-09 20:31:32.697 [info] > git rev-parse --show-toplevel [13ms]
2025-08-09 20:31:32.697 [info] > git for-each-ref --format=%(refname)%00%(upstream:short)%00%(objectname)%00%(upstream:track)%00%(upstream:remotename)%00%(upstream:remoteref) refs/heads/origin/main refs/remotes/origin/main [6ms]
2025-08-09 20:31:32.697 [info] > git for-each-ref --format=%(refname)%00%(upstream:short)%00%(objectname)%00%(upstream:track)%00%(upstream:remotename)%00%(upstream:remoteref) refs/heads/main refs/remotes/main [13ms]
2025-08-09 20:31:32.697 [info] > git merge-base refs/heads/main refs/remotes/origin/main [6ms]
2025-08-09 20:31:32.697 [info] > git rev-parse --show-toplevel [8ms]
2025-08-09 20:31:32.697 [info] [Model][doInitialScan] Initial repository scan completed - repositories (1), closed repositories (0), parent repositories (0), unsafe repositories (0)
2025-08-09 20:31:32.697 [info] > git diff --name-status -z --diff-filter=ADMR 0d7a3a898007be1d8200d8db99d59472a2da8d06...refs/remotes/origin/main [9ms]
2025-08-09 20:31:32.697 [info] > git for-each-ref --sort -committerdate --format %(refname)%00%(objectname)%00%(*objectname) [4ms]
2025-08-09 20:31:32.697 [info] > git status -z -uall [15ms]
2025-08-09 20:31:32.697 [info] > git fetch [334ms]
2025-08-09 20:31:32.697 [info] > git config --get commit.template [5ms]
2025-08-09 20:31:32.697 [info] > git for-each-ref --format=%(refname)%00%(upstream:short)%00%(objectname)%00%(upstream:track)%00%(upstream:remotename)%00%(upstream:remoteref) refs/heads/main refs/remotes/main [2ms]
2025-08-09 20:31:32.697 [info] > git for-each-ref --sort -committerdate --format %(refname)%00%(objectname)%00%(*objectname) [3ms]
2025-08-09 20:31:32.697 [info] > git status -z -uall [14ms]
2025-08-09 20:31:33.564 [info] > git check-ignore -v -z --stdin [7ms]
2025-08-09 20:31:33.565 [info] > git config --get commit.template [3ms]
2025-08-09 20:31:33.573 [info] > git for-each-ref --format=%(refname)%00%(upstream:short)%00%(objectname)%00%(upstream:track)%00%(upstream:remotename)%00%(upstream:remoteref) refs/heads/main refs/remotes/main [3ms]
2025-08-09 20:31:33.586 [info] > git for-each-ref --sort -committerdate --format %(refname)%00%(objectname)%00%(*objectname) [4ms]
2025-08-09 20:31:33.592 [info] > git status -z -uall [14ms]
2025-08-09 20:31:34.158 [info] > git check-ignore -v -z --stdin [9ms]
2025-08-09 20:31:45.257 [info] > git config --get --local branch.main.github-pr-owner-number [3ms]
2025-08-09 20:31:45.257 [warning] [Git][config] git config failed: Failed to execute git
2025-08-09 20:31:55.502 [info] > git config --get commit.template [4ms]
2025-08-09 20:31:55.514 [info] > git for-each-ref --format=%(refname)%00%(upstream:short)%00%(objectname)%00%(upstream:track)%00%(upstream:remotename)%00%(upstream:remoteref) refs/heads/main refs/remotes/main [3ms]
2025-08-09 20:31:55.535 [info] > git for-each-ref --sort -committerdate --format %(refname)%00%(objectname)%00%(*objectname) [2ms]
2025-08-09 20:31:55.538 [info] > git status -z -uall [15ms]
2025-08-09 20:32:00.562 [info] > git config --get commit.template [8ms]
2025-08-09 20:32:00.564 [info] > git for-each-ref --format=%(refname)%00%(upstream:short)%00%(objectname)%00%(upstream:track)%00%(upstream:remotename)%00%(upstream:remoteref) refs/heads/main refs/remotes/main [2ms]
2025-08-09 20:32:00.583 [info] > git for-each-ref --sort -committerdate --format %(refname)%00%(objectname)%00%(*objectname) [3ms]
2025-08-09 20:32:00.587 [info] > git status -z -uall [14ms]
2025-08-09 20:32:05.611 [info] > git config --get commit.template [10ms]
2025-08-09 20:32:05.612 [info] > git for-each-ref --format=%(refname)%00%(upstream:short)%00%(objectname)%00%(upstream:track)%00%(upstream:remotename)%00%(upstream:remoteref) refs/heads/main refs/remotes/main [2ms]
2025-08-09 20:32:05.631 [info] > git for-each-ref --sort -committerdate --format %(refname)%00%(objectname)%00%(*objectname) [2ms]
2025-08-09 20:32:05.635 [info] > git status -z -uall [14ms]
2025-08-09 20:32:12.174 [info] > git config --get commit.template [9ms]
2025-08-09 20:32:12.175 [info] > git for-each-ref --format=%(refname)%00%(upstream:short)%00%(objectname)%00%(upstream:track)%00%(upstream:remotename)%00%(upstream:remoteref) refs/heads/main refs/remotes/main [2ms]
2025-08-09 20:32:12.195 [info] > git for-each-ref --sort -committerdate --format %(refname)%00%(objectname)%00%(*objectname) [3ms]
2025-08-09 20:32:12.199 [info] > git status -z -uall [15ms]
2025-08-09 20:32:17.226 [info] > git config --get commit.template [12ms]
2025-08-09 20:32:17.227 [info] > git for-each-ref --format=%(refname)%00%(upstream:short)%00%(objectname)%00%(upstream:track)%00%(upstream:remotename)%00%(upstream:remoteref) refs/heads/main refs/remotes/main [3ms]
2025-08-09 20:32:17.251 [info] > git for-each-ref --sort -committerdate --format %(refname)%00%(objectname)%00%(*objectname) [3ms]
2025-08-09 20:32:17.252 [info] > git status -z -uall [14ms]
2025-08-09 20:32:22.275 [info] > git config --get commit.template [9ms]
2025-08-09 20:32:22.277 [info] > git for-each-ref --format=%(refname)%00%(upstream:short)%00%(objectname)%00%(upstream:track)%00%(upstream:remotename)%00%(upstream:remoteref) refs/heads/main refs/remotes/main [3ms]
2025-08-09 20:32:22.296 [info] > git for-each-ref --sort -committerdate --format %(refname)%00%(objectname)%00%(*objectname) [3ms]
2025-08-09 20:32:22.300 [info] > git status -z -uall [15ms]
2025-08-09 20:32:29.061 [info] > git config --get commit.template [9ms]
2025-08-09 20:32:29.062 [info] > git for-each-ref --format=%(refname)%00%(upstream:short)%00%(objectname)%00%(upstream:track)%00%(upstream:remotename)%00%(upstream:remoteref) refs/heads/main refs/remotes/main [2ms]
2025-08-09 20:32:29.084 [info] > git for-each-ref --sort -committerdate --format %(refname)%00%(objectname)%00%(*objectname) [3ms]
2025-08-09 20:32:29.085 [info] > git status -z -uall [13ms]
2025-08-09 20:33:01.897 [info] > git config --get commit.template [9ms]
2025-08-09 20:33:01.899 [info] > git for-each-ref --format=%(refname)%00%(upstream:short)%00%(objectname)%00%(upstream:track)%00%(upstream:remotename)%00%(upstream:remoteref) refs/heads/main refs/remotes/main [2ms]
2025-08-09 20:33:01.917 [info] > git for-each-ref --sort -committerdate --format %(refname)%00%(objectname)%00%(*objectname) [3ms]
2025-08-09 20:33:01.920 [info] > git status -z -uall [14ms]
2025-08-09 20:33:12.106 [info] > git config --get commit.template [2ms]
2025-08-09 20:33:12.116 [info] > git for-each-ref --format=%(refname)%00%(upstream:short)%00%(objectname)%00%(upstream:track)%00%(upstream:remotename)%00%(upstream:remoteref) refs/heads/main refs/remotes/main [2ms]
2025-08-09 20:33:12.135 [info] > git for-each-ref --sort -committerdate --format %(refname)%00%(objectname)%00%(*objectname) [3ms]
2025-08-09 20:33:12.140 [info] > git status -z -uall [15ms]
