2025-08-10 09:24:31.416 [info] Log level: Info
2025-08-10 09:24:31.434 [info] VSCODE_MACHINE_ID: 10d3d877-fe56-442f-a117-f9035039c6e9
2025-08-10 09:24:31.434 [info] VSCODE_SESSION_ID: 7dc115b2-b705-4789-8f97-27b5863242a11754817861731
2025-08-10 09:24:31.434 [info] VSCODE_VERSION: 1.102.3
2025-08-10 09:24:31.434 [info] VSCODE_APP_NAME: Gitpod Code
2025-08-10 09:24:31.434 [info] VSCODE_APP_HOST: Gitpod
2025-08-10 09:24:31.434 [info] VSCODE_UI_KIND: web
2025-08-10 09:24:31.434 [info] GITPOD_WORKSPACE_CONTEXT_URL: https://github.com/Abdallah-Develop/Website-starter
2025-08-10 09:24:31.434 [info] GITPOD_INSTANCE_ID: ca23dfbd-9ee2-47a7-b45d-42083e4f2a87
2025-08-10 09:24:31.434 [info] GITPOD_WORKSPACE_URL: https://abdallahdev-websitestar-esjdme0laxn.ws-eu120.gitpod.io
2025-08-10 09:24:31.514 [info] Gitpod Web 3953e81
2025-08-10 09:24:31.514 [info] Reading sessions from keychain...
2025-08-10 09:24:36.739 [info] Got stored sessions!
2025-08-10 09:24:36.739 [info] Verified session with the following scopes: function:accessCodeSyncStorage function:closePort function:controlAdmission function:deleteEnvVar function:generateNewGitpodToken function:getDefaultWorkspaceImage function:getGitpodTokenScopes function:getIDToken function:getLoggedInUser function:getOpenPorts function:getSupportedWorkspaceClasses function:getTeams function:getToken function:getWorkspace function:getWorkspaceEnvVars function:getWorkspaceOwner function:getWorkspaceTimeout function:getWorkspaceUsers function:guessGitTokenScopes function:isWorkspaceOwner function:openPort function:sendHeartBeat function:setEnvVar function:setWorkspaceTimeout function:stopWorkspace function:takeSnapshot function:trackEvent function:updateGitStatus function:waitForSnapshot resource:contentBlob::*::create/get resource:envVar::*/**::update resource:envVar::*/*::update resource:envVar::Abdallah-Develop/Website-starter::create/get/update/delete resource:gitpodToken::*::create resource:snapshot::ws-abdallahdev-websitestar-esjdme0laxn::create resource:token::*::get resource:userStorage::*::create/get/update resource:workspace::abdallahdev-websitestar-esjdme0laxn::get/update resource:workspaceInstance::ca23dfbd-9ee2-47a7-b45d-42083e4f2a87::get/update/delete
2025-08-10 09:24:36.739 [info] Got 1 verified sessions.
2025-08-10 09:24:36.739 [info] Getting sessions for all scopes...
2025-08-10 09:24:36.739 [info] Getting GitHub sessions for all scopes...
2025-08-10 09:24:36.739 [info] Got 1 sessions for all scopes...
2025-08-10 09:24:36.739 [info] Getting sessions for all scopes...
2025-08-10 09:24:36.739 [info] Got 1 sessions for all scopes...
2025-08-10 09:24:36.739 [info] Getting sessions for all scopes...
2025-08-10 09:24:36.739 [info] Got 1 sessions for all scopes...
2025-08-10 09:24:36.830 [info] Getting sessions for all scopes...
2025-08-10 09:24:36.830 [info] Got 1 sessions for all scopes...
2025-08-10 09:24:36.839 [info] Getting sessions for all scopes...
2025-08-10 09:24:36.839 [info] Got 1 sessions for all scopes...
2025-08-10 09:24:36.916 [info] Getting sessions for all scopes...
2025-08-10 09:24:36.916 [info] Got 1 sessions for all scopes...
2025-08-10 09:24:36.916 [info] Getting sessions for all scopes...
2025-08-10 09:24:36.916 [info] Got 1 sessions for all scopes...
2025-08-10 09:24:38.437 [info] Got 1 GitHub sessions for all scopes...
2025-08-10 09:24:38.437 [info] Getting GitHub sessions for all scopes...
2025-08-10 09:24:38.437 [info] Got 1 GitHub sessions for all scopes...
2025-08-10 09:24:38.437 [info] Getting GitHub sessions for all scopes...
2025-08-10 09:24:38.437 [info] Got 1 GitHub sessions for all scopes...
2025-08-10 09:24:38.437 [info] Getting GitHub sessions for all scopes...
2025-08-10 09:24:38.437 [info] Got 1 GitHub sessions for all scopes...
2025-08-10 09:24:38.437 [info] Getting GitHub sessions for all scopes...
2025-08-10 09:24:38.437 [info] Got 1 GitHub sessions for all scopes...
2025-08-10 09:24:38.443 [info] Getting sessions for function:accessCodeSyncStorage...
2025-08-10 09:24:38.443 [info] Got 1 sessions for function:accessCodeSyncStorage...
2025-08-10 09:24:38.620 [info] Getting GitHub sessions for all scopes...
2025-08-10 09:24:38.620 [info] Getting sessions for all scopes...
2025-08-10 09:24:38.620 [info] Got 1 GitHub sessions for all scopes...
2025-08-10 09:24:38.621 [info] Got 1 sessions for all scopes...
2025-08-10 09:24:38.621 [info] Getting GitHub sessions for all scopes...
2025-08-10 09:24:38.621 [info] Got 1 GitHub sessions for all scopes...
2025-08-10 09:24:38.622 [info] Getting sessions for all scopes...
2025-08-10 09:24:38.622 [info] Getting GitHub sessions for all scopes...
2025-08-10 09:24:38.622 [info] Got 1 sessions for all scopes...
2025-08-10 09:24:38.622 [info] Got 1 GitHub sessions for all scopes...
2025-08-10 09:24:38.622 [info] Getting sessions for all scopes...
2025-08-10 09:24:38.622 [info] Got 1 sessions for all scopes...
2025-08-10 09:24:38.624 [info] Getting sessions for all scopes...
2025-08-10 09:24:38.624 [info] Got 1 sessions for all scopes...
2025-08-10 09:24:38.837 [info] Getting sessions for all scopes...
2025-08-10 09:24:38.837 [info] Getting GitHub sessions for all scopes...
2025-08-10 09:24:38.837 [info] Got 1 sessions for all scopes...
2025-08-10 09:24:38.837 [info] Got 1 GitHub sessions for all scopes...
2025-08-10 09:24:39.130 [info] Getting GitHub sessions for read:user,repo,user:email,workflow...
2025-08-10 09:24:39.130 [info] Got 0 GitHub sessions for read:user,repo,user:email,workflow...
2025-08-10 09:24:39.131 [info] Getting GitHub sessions for all scopes...
2025-08-10 09:24:39.131 [info] Got 1 GitHub sessions for all scopes...
2025-08-10 09:24:39.131 [info] Getting GitHub sessions for all scopes...
2025-08-10 09:24:39.131 [info] Got 1 GitHub sessions for all scopes...
2025-08-10 09:24:39.131 [info] Getting GitHub sessions for all scopes...
2025-08-10 09:24:39.131 [info] Got 1 GitHub sessions for all scopes...
2025-08-10 09:24:39.231 [info] Getting sessions for all scopes...
2025-08-10 09:24:39.231 [info] Getting GitHub sessions for all scopes...
2025-08-10 09:24:39.231 [info] Got 1 sessions for all scopes...
2025-08-10 09:24:39.231 [info] Got 1 GitHub sessions for all scopes...
2025-08-10 09:24:39.231 [info] Getting sessions for all scopes...
2025-08-10 09:24:39.231 [info] Getting GitHub sessions for all scopes...
2025-08-10 09:24:39.231 [info] Got 1 sessions for all scopes...
2025-08-10 09:24:39.231 [info] Got 1 GitHub sessions for all scopes...
2025-08-10 09:24:39.235 [info] Getting sessions for all scopes...
2025-08-10 09:24:39.235 [info] Getting GitHub sessions for all scopes...
2025-08-10 09:24:39.235 [info] Got 1 sessions for all scopes...
2025-08-10 09:24:39.235 [info] Got 1 GitHub sessions for all scopes...
2025-08-10 09:24:39.352 [info] Getting GitHub sessions for project,read:org,read:user,repo,user:email,workflow...
2025-08-10 09:24:39.353 [info] Got 0 GitHub sessions for project,read:org,read:user,repo,user:email,workflow...
2025-08-10 09:24:40.419 [info] Getting sessions for all scopes...
2025-08-10 09:24:40.419 [info] Getting GitHub sessions for all scopes...
2025-08-10 09:24:40.419 [info] Got 1 sessions for all scopes...
2025-08-10 09:24:40.419 [info] Got 1 GitHub sessions for all scopes...
2025-08-10 09:24:40.636 [info] Getting GitHub sessions for read:user,repo,user:email,workflow...
2025-08-10 09:24:40.637 [info] Got 0 GitHub sessions for read:user,repo,user:email,workflow...
2025-08-10 09:24:41.258 [info] Getting GitHub sessions for read:user,repo,user:email...
2025-08-10 09:24:41.259 [info] Got 0 GitHub sessions for read:user,repo,user:email...
2025-08-10 09:24:41.721 [info] Getting GitHub sessions for read:user,repo,user:email,workflow...
2025-08-10 09:24:41.721 [info] Got 0 GitHub sessions for read:user,repo,user:email,workflow...
2025-08-10 09:25:13.735 [info] Getting sessions for all scopes...
2025-08-10 09:25:13.735 [info] Getting GitHub sessions for all scopes...
2025-08-10 09:25:13.735 [info] Got 1 sessions for all scopes...
2025-08-10 09:25:13.735 [info] Got 1 GitHub sessions for all scopes...
2025-08-10 09:25:13.819 [info] Getting sessions for all scopes...
2025-08-10 09:25:13.819 [info] Getting GitHub sessions for all scopes...
2025-08-10 09:25:13.819 [info] Got 1 sessions for all scopes...
2025-08-10 09:25:13.819 [info] Got 1 GitHub sessions for all scopes...
2025-08-10 09:35:21.569 [info] Getting sessions for all scopes...
2025-08-10 09:35:21.569 [info] Getting GitHub sessions for all scopes...
2025-08-10 09:35:21.569 [info] Got 1 sessions for all scopes...
2025-08-10 09:35:21.569 [info] Got 1 GitHub sessions for all scopes...
2025-08-10 09:35:21.705 [info] Getting sessions for all scopes...
2025-08-10 09:35:21.706 [info] Getting GitHub sessions for all scopes...
2025-08-10 09:35:21.706 [info] Got 1 sessions for all scopes...
2025-08-10 09:35:21.706 [info] Got 1 GitHub sessions for all scopes...
2025-08-10 09:35:26.486 [info] Getting sessions for all scopes...
2025-08-10 09:35:26.486 [info] Getting GitHub sessions for all scopes...
2025-08-10 09:35:26.486 [info] Got 1 sessions for all scopes...
2025-08-10 09:35:26.486 [info] Got 1 GitHub sessions for all scopes...
2025-08-10 09:35:26.579 [info] Getting sessions for all scopes...
2025-08-10 09:35:26.579 [info] Getting GitHub sessions for all scopes...
2025-08-10 09:35:26.579 [info] Got 1 sessions for all scopes...
2025-08-10 09:35:26.579 [info] Got 1 GitHub sessions for all scopes...
2025-08-10 10:00:18.820 [info] Getting sessions for all scopes...
2025-08-10 10:00:18.820 [info] Getting GitHub sessions for all scopes...
2025-08-10 10:00:18.821 [info] Got 1 sessions for all scopes...
2025-08-10 10:00:18.821 [info] Got 1 GitHub sessions for all scopes...
2025-08-10 10:00:18.938 [info] Getting sessions for all scopes...
2025-08-10 10:00:18.938 [info] Getting GitHub sessions for all scopes...
2025-08-10 10:00:18.938 [info] Got 1 sessions for all scopes...
2025-08-10 10:00:18.938 [info] Got 1 GitHub sessions for all scopes...
