2025-08-09 00:30:42.357 [info] Log level: Info
2025-08-09 00:30:42.518 [info] VSCODE_MACHINE_ID: 10d3d877-fe56-442f-a117-f9035039c6e9
2025-08-09 00:30:42.518 [info] VSCODE_SESSION_ID: bf278e29-a54b-469a-b10f-0c69683eb4fe1754699433780
2025-08-09 00:30:42.518 [info] VSCODE_VERSION: 1.102.3
2025-08-09 00:30:42.518 [info] VSCODE_APP_NAME: Gitpod Code
2025-08-09 00:30:42.518 [info] VSCODE_APP_HOST: Gitpod
2025-08-09 00:30:42.518 [info] VSCODE_UI_KIND: web
2025-08-09 00:30:42.518 [info] GITPOD_WORKSPACE_CONTEXT_URL: https://github.com/Abdallah-Develop/Website-starter
2025-08-09 00:30:42.518 [info] GITPOD_INSTANCE_ID: 084e8d19-ef0d-46ef-9b9c-428f3e606b98
2025-08-09 00:30:42.518 [info] GITPOD_WORKSPACE_URL: https://abdallahdev-websitestar-esjdme0laxn.ws-eu120.gitpod.io
2025-08-09 00:30:42.523 [info] Gitpod Web 3953e81
2025-08-09 00:30:42.523 [info] Reading sessions from keychain...
2025-08-09 00:30:43.560 [info] Got stored sessions!
2025-08-09 00:30:43.561 [info] Verified session with the following scopes: function:accessCodeSyncStorage function:closePort function:controlAdmission function:deleteEnvVar function:generateNewGitpodToken function:getDefaultWorkspaceImage function:getGitpodTokenScopes function:getIDToken function:getLoggedInUser function:getOpenPorts function:getSupportedWorkspaceClasses function:getTeams function:getToken function:getWorkspace function:getWorkspaceEnvVars function:getWorkspaceOwner function:getWorkspaceTimeout function:getWorkspaceUsers function:guessGitTokenScopes function:isWorkspaceOwner function:openPort function:sendHeartBeat function:setEnvVar function:setWorkspaceTimeout function:stopWorkspace function:takeSnapshot function:trackEvent function:updateGitStatus function:waitForSnapshot resource:contentBlob::*::create/get resource:envVar::*/**::update resource:envVar::*/*::update resource:envVar::Abdallah-Develop/Website-starter::create/get/update/delete resource:gitpodToken::*::create resource:snapshot::ws-abdallahdev-websitestar-esjdme0laxn::create resource:token::*::get resource:userStorage::*::create/get/update resource:workspace::abdallahdev-websitestar-esjdme0laxn::get/update resource:workspaceInstance::084e8d19-ef0d-46ef-9b9c-428f3e606b98::get/update/delete
2025-08-09 00:30:43.561 [info] Got 1 verified sessions.
2025-08-09 00:30:43.561 [info] Getting sessions for all scopes...
2025-08-09 00:30:43.561 [info] Getting GitHub sessions for all scopes...
2025-08-09 00:30:43.561 [info] Got 1 sessions for all scopes...
2025-08-09 00:30:45.716 [info] Got 1 GitHub sessions for all scopes...
2025-08-09 00:30:47.139 [info] Getting sessions for all scopes...
2025-08-09 00:30:47.139 [info] Got 1 sessions for all scopes...
2025-08-09 00:30:48.124 [info] Getting GitHub sessions for all scopes...
2025-08-09 00:30:48.124 [info] Got 1 GitHub sessions for all scopes...
2025-08-09 00:30:48.792 [info] Getting GitHub sessions for read:user,repo,user:email,workflow...
2025-08-09 00:30:48.792 [info] Got 0 GitHub sessions for read:user,repo,user:email,workflow...
2025-08-09 00:30:48.970 [info] Getting sessions for all scopes...
2025-08-09 00:30:48.970 [info] Getting GitHub sessions for all scopes...
2025-08-09 00:30:48.970 [info] Got 1 sessions for all scopes...
2025-08-09 00:30:48.970 [info] Got 1 GitHub sessions for all scopes...
2025-08-09 00:30:49.948 [info] Getting sessions for all scopes...
2025-08-09 00:30:49.948 [info] Getting GitHub sessions for all scopes...
2025-08-09 00:30:49.948 [info] Got 1 sessions for all scopes...
2025-08-09 00:30:49.948 [info] Got 1 GitHub sessions for all scopes...
2025-08-09 00:30:50.114 [info] Getting sessions for function:accessCodeSyncStorage...
2025-08-09 00:30:50.114 [info] Got 1 sessions for function:accessCodeSyncStorage...
2025-08-09 00:30:51.552 [info] Getting GitHub sessions for project,read:org,read:user,repo,user:email,workflow...
2025-08-09 00:30:51.553 [info] Got 0 GitHub sessions for project,read:org,read:user,repo,user:email,workflow...
2025-08-09 00:30:51.565 [info] Getting sessions for all scopes...
2025-08-09 00:30:51.565 [info] Getting GitHub sessions for all scopes...
2025-08-09 00:30:51.565 [info] Got 1 sessions for all scopes...
2025-08-09 00:30:51.565 [info] Got 1 GitHub sessions for all scopes...
2025-08-09 00:30:52.098 [info] Getting sessions for all scopes...
2025-08-09 00:30:52.098 [info] Getting GitHub sessions for all scopes...
2025-08-09 00:30:52.098 [info] Got 1 sessions for all scopes...
2025-08-09 00:30:52.098 [info] Got 1 GitHub sessions for all scopes...
2025-08-09 00:30:54.076 [info] Getting GitHub sessions for read:user,repo,user:email,workflow...
2025-08-09 00:30:54.076 [info] Got 0 GitHub sessions for read:user,repo,user:email,workflow...
2025-08-09 00:30:54.172 [info] Getting sessions for all scopes...
2025-08-09 00:30:54.172 [info] Getting GitHub sessions for all scopes...
2025-08-09 00:30:54.172 [info] Got 1 sessions for all scopes...
2025-08-09 00:30:54.172 [info] Got 1 GitHub sessions for all scopes...
2025-08-09 00:30:54.509 [info] Getting sessions for all scopes...
2025-08-09 00:30:54.509 [info] Getting GitHub sessions for all scopes...
2025-08-09 00:30:54.509 [info] Got 1 sessions for all scopes...
2025-08-09 00:30:54.509 [info] Got 1 GitHub sessions for all scopes...
2025-08-09 00:30:55.569 [info] Getting sessions for all scopes...
2025-08-09 00:30:55.569 [info] Getting GitHub sessions for all scopes...
2025-08-09 00:30:55.570 [info] Got 1 sessions for all scopes...
2025-08-09 00:30:55.570 [info] Got 1 GitHub sessions for all scopes...
2025-08-09 00:30:55.572 [info] Getting sessions for all scopes...
2025-08-09 00:30:55.572 [info] Getting GitHub sessions for all scopes...
2025-08-09 00:30:55.572 [info] Got 1 sessions for all scopes...
2025-08-09 00:30:55.572 [info] Got 1 GitHub sessions for all scopes...
2025-08-09 00:30:55.572 [info] Getting sessions for all scopes...
2025-08-09 00:30:55.572 [info] Getting GitHub sessions for all scopes...
2025-08-09 00:30:55.572 [info] Got 1 sessions for all scopes...
2025-08-09 00:30:55.572 [info] Got 1 GitHub sessions for all scopes...
2025-08-09 00:30:55.572 [info] Getting sessions for all scopes...
2025-08-09 00:30:55.572 [info] Getting GitHub sessions for all scopes...
2025-08-09 00:30:55.572 [info] Got 1 sessions for all scopes...
2025-08-09 00:30:55.572 [info] Got 1 GitHub sessions for all scopes...
2025-08-09 00:30:55.692 [info] Getting GitHub sessions for read:user,repo,user:email...
2025-08-09 00:30:55.699 [info] Got 0 GitHub sessions for read:user,repo,user:email...
2025-08-09 00:30:55.784 [info] Getting sessions for all scopes...
2025-08-09 00:30:55.784 [info] Getting GitHub sessions for all scopes...
2025-08-09 00:30:55.784 [info] Got 1 sessions for all scopes...
2025-08-09 00:30:55.784 [info] Got 1 GitHub sessions for all scopes...
2025-08-09 00:30:56.302 [info] Getting GitHub sessions for read:user,repo,user:email,workflow...
2025-08-09 00:30:56.302 [info] Got 0 GitHub sessions for read:user,repo,user:email,workflow...
2025-08-09 00:33:33.521 [info] Getting sessions for all scopes...
2025-08-09 00:33:33.521 [info] Getting GitHub sessions for all scopes...
2025-08-09 00:33:33.521 [info] Got 1 sessions for all scopes...
2025-08-09 00:33:33.521 [info] Got 1 GitHub sessions for all scopes...
2025-08-09 00:33:33.619 [info] Getting sessions for all scopes...
2025-08-09 00:33:33.619 [info] Getting GitHub sessions for all scopes...
2025-08-09 00:33:33.619 [info] Got 1 sessions for all scopes...
2025-08-09 00:33:33.619 [info] Got 1 GitHub sessions for all scopes...
