2025-08-08 07:31:57.648 [info] Log level: Info
2025-08-08 07:31:57.649 [info] VSCODE_MACHINE_ID: 10d3d877-fe56-442f-a117-f9035039c6e9
2025-08-08 07:31:57.649 [info] VSCODE_SESSION_ID: b4481ebc-6aa5-4228-ae9a-5213bd75c5d11754638306957
2025-08-08 07:31:57.649 [info] VSCODE_VERSION: 1.102.3
2025-08-08 07:31:57.649 [info] VSCODE_APP_NAME: Gitpod Code
2025-08-08 07:31:57.649 [info] VSCODE_APP_HOST: Gitpod
2025-08-08 07:31:57.649 [info] VSCODE_UI_KIND: web
2025-08-08 07:31:57.649 [info] GITPOD_WORKSPACE_CONTEXT_URL: https://github.com/Abdallah-Develop/Website-starter
2025-08-08 07:31:57.649 [info] GITPOD_INSTANCE_ID: 6e8c512a-59d9-465c-b77d-9c6a17f57fce
2025-08-08 07:31:57.649 [info] GITPOD_WORKSPACE_URL: https://abdallahdev-websitestar-esjdme0laxn.ws-eu120.gitpod.io
2025-08-08 07:31:57.649 [info] Gitpod Web 3953e81
2025-08-08 07:31:57.649 [info] Reading sessions from keychain...
2025-08-08 07:32:02.548 [info] Got stored sessions!
2025-08-08 07:32:02.548 [info] Verified session with the following scopes: function:accessCodeSyncStorage function:closePort function:controlAdmission function:deleteEnvVar function:generateNewGitpodToken function:getDefaultWorkspaceImage function:getGitpodTokenScopes function:getIDToken function:getLoggedInUser function:getOpenPorts function:getSupportedWorkspaceClasses function:getTeams function:getToken function:getWorkspace function:getWorkspaceEnvVars function:getWorkspaceOwner function:getWorkspaceTimeout function:getWorkspaceUsers function:guessGitTokenScopes function:isWorkspaceOwner function:openPort function:sendHeartBeat function:setEnvVar function:setWorkspaceTimeout function:stopWorkspace function:takeSnapshot function:trackEvent function:updateGitStatus function:waitForSnapshot resource:contentBlob::*::create/get resource:envVar::*/**::update resource:envVar::*/*::update resource:envVar::Abdallah-Develop/Website-starter::create/get/update/delete resource:gitpodToken::*::create resource:snapshot::ws-abdallahdev-websitestar-esjdme0laxn::create resource:token::*::get resource:userStorage::*::create/get/update resource:workspace::abdallahdev-websitestar-esjdme0laxn::get/update resource:workspaceInstance::6e8c512a-59d9-465c-b77d-9c6a17f57fce::get/update/delete
2025-08-08 07:32:02.548 [info] Got 1 verified sessions.
2025-08-08 07:32:02.548 [info] Getting sessions for all scopes...
2025-08-08 07:32:02.548 [info] Getting GitHub sessions for all scopes...
2025-08-08 07:32:02.548 [info] Got 1 sessions for all scopes...
2025-08-08 07:32:02.549 [info] Getting sessions for all scopes...
2025-08-08 07:32:02.549 [info] Got 1 sessions for all scopes...
2025-08-08 07:32:02.549 [info] Getting sessions for all scopes...
2025-08-08 07:32:02.549 [info] Got 1 sessions for all scopes...
2025-08-08 07:32:02.549 [info] Getting sessions for function:accessCodeSyncStorage...
2025-08-08 07:32:02.549 [info] Got 1 sessions for function:accessCodeSyncStorage...
2025-08-08 07:32:02.551 [info] Getting sessions for all scopes...
2025-08-08 07:32:02.551 [info] Got 1 sessions for all scopes...
2025-08-08 07:32:02.929 [info] Getting sessions for all scopes...
2025-08-08 07:32:02.929 [info] Got 1 sessions for all scopes...
2025-08-08 07:32:03.445 [info] Got 1 GitHub sessions for all scopes...
2025-08-08 07:32:03.446 [info] Getting GitHub sessions for all scopes...
2025-08-08 07:32:03.446 [info] Got 1 GitHub sessions for all scopes...
2025-08-08 07:32:03.446 [info] Getting GitHub sessions for all scopes...
2025-08-08 07:32:03.446 [info] Got 1 GitHub sessions for all scopes...
2025-08-08 07:32:04.442 [info] Getting GitHub sessions for all scopes...
2025-08-08 07:32:04.442 [info] Getting sessions for all scopes...
2025-08-08 07:32:04.442 [info] Got 1 GitHub sessions for all scopes...
2025-08-08 07:32:04.442 [info] Got 1 sessions for all scopes...
2025-08-08 07:32:04.442 [info] Getting GitHub sessions for all scopes...
2025-08-08 07:32:04.442 [info] Got 1 GitHub sessions for all scopes...
2025-08-08 07:32:04.523 [info] Getting sessions for all scopes...
2025-08-08 07:32:04.523 [info] Got 1 sessions for all scopes...
2025-08-08 07:32:04.722 [info] Getting GitHub sessions for read:user,repo,user:email,workflow...
2025-08-08 07:32:04.723 [info] Got 0 GitHub sessions for read:user,repo,user:email,workflow...
2025-08-08 07:32:04.727 [info] Getting sessions for all scopes...
2025-08-08 07:32:04.728 [info] Got 1 sessions for all scopes...
2025-08-08 07:32:04.844 [info] Getting GitHub sessions for all scopes...
2025-08-08 07:32:04.844 [info] Got 1 GitHub sessions for all scopes...
2025-08-08 07:32:04.844 [info] Getting GitHub sessions for all scopes...
2025-08-08 07:32:04.844 [info] Got 1 GitHub sessions for all scopes...
2025-08-08 07:32:04.844 [info] Getting GitHub sessions for all scopes...
2025-08-08 07:32:04.845 [info] Got 1 GitHub sessions for all scopes...
2025-08-08 07:32:05.748 [info] Getting sessions for all scopes...
2025-08-08 07:32:05.748 [info] Getting GitHub sessions for all scopes...
2025-08-08 07:32:05.748 [info] Got 1 sessions for all scopes...
2025-08-08 07:32:05.748 [info] Got 1 GitHub sessions for all scopes...
2025-08-08 07:32:05.748 [info] Getting sessions for all scopes...
2025-08-08 07:32:05.748 [info] Getting GitHub sessions for all scopes...
2025-08-08 07:32:05.748 [info] Got 1 sessions for all scopes...
2025-08-08 07:32:05.748 [info] Got 1 GitHub sessions for all scopes...
2025-08-08 07:32:05.748 [info] Getting sessions for all scopes...
2025-08-08 07:32:05.748 [info] Getting GitHub sessions for all scopes...
2025-08-08 07:32:05.748 [info] Got 1 sessions for all scopes...
2025-08-08 07:32:05.748 [info] Got 1 GitHub sessions for all scopes...
2025-08-08 07:32:06.026 [info] Getting GitHub sessions for project,read:org,read:user,repo,user:email,workflow...
2025-08-08 07:32:06.026 [info] Got 0 GitHub sessions for project,read:org,read:user,repo,user:email,workflow...
2025-08-08 07:32:06.742 [info] Getting sessions for all scopes...
2025-08-08 07:32:06.742 [info] Getting GitHub sessions for all scopes...
2025-08-08 07:32:06.742 [info] Got 1 sessions for all scopes...
2025-08-08 07:32:06.742 [info] Got 1 GitHub sessions for all scopes...
2025-08-08 07:32:07.037 [info] Getting GitHub sessions for read:user,repo,user:email,workflow...
2025-08-08 07:32:07.037 [info] Got 0 GitHub sessions for read:user,repo,user:email,workflow...
2025-08-08 07:32:08.022 [info] Getting GitHub sessions for read:user,repo,user:email...
2025-08-08 07:32:08.022 [info] Got 0 GitHub sessions for read:user,repo,user:email...
2025-08-08 07:32:08.336 [info] Getting GitHub sessions for read:user,repo,user:email,workflow...
2025-08-08 07:32:08.337 [info] Got 0 GitHub sessions for read:user,repo,user:email,workflow...
2025-08-08 07:32:15.123 [info] Getting sessions for all scopes...
2025-08-08 07:32:15.123 [info] Getting GitHub sessions for all scopes...
2025-08-08 07:32:15.123 [info] Got 1 sessions for all scopes...
2025-08-08 07:32:15.123 [info] Got 1 GitHub sessions for all scopes...
2025-08-08 07:32:15.206 [info] Getting sessions for all scopes...
2025-08-08 07:32:15.206 [info] Getting GitHub sessions for all scopes...
2025-08-08 07:32:15.206 [info] Got 1 sessions for all scopes...
2025-08-08 07:32:15.206 [info] Got 1 GitHub sessions for all scopes...
