["INFO" - 3:11:34 PM] Extension Name: esbenp.prettier-vscode.
["INFO" - 3:11:34 PM] Extension Version: 11.0.0.
["INFO" - 3:11:34 PM] Using config file at /workspace/Website-starter/.prettierrc
["INFO" - 3:12:02 PM] Using config file at /workspace/Website-starter/.prettierrc
["INFO" - 3:12:12 PM] Using config file at /workspace/Website-starter/.prettierrc
["INFO" - 3:12:14 PM] Formatting file:///workspace/Website-starter/src/assets/styles/global.css
["INFO" - 3:12:14 PM] Using config file at /workspace/Website-starter/.prettierrc
["INFO" - 3:12:14 PM] PrettierInstance:
{
  "modulePath": "/workspace/Website-starter/node_modules/prettier/index.cjs",
  "messageResolvers": {},
  "version": "3.6.2"
}
["INFO" - 3:12:14 PM] Using ignore file (if present) at /workspace/Website-starter/.prettierignore
["INFO" - 3:12:14 PM] File Info:
{
  "ignored": false,
  "inferredParser": "css"
}
["INFO" - 3:12:14 PM] Detected local configuration (i.e. .prettierrc or .editorconfig), VS Code configuration will not be used
["INFO" - 3:12:14 PM] Prettier Options:
{
  "filepath": "/workspace/Website-starter/src/assets/styles/global.css",
  "parser": "css",
  "plugins": [
    "/workspace/Website-starter/node_modules/prettier-plugin-astro/dist/index.js",
    "/workspace/Website-starter/node_modules/prettier-plugin-tailwindcss/dist/index.mjs"
  ],
  "semi": false,
  "trailingComma": "es5",
  "singleQuote": false,
  "printWidth": 80,
  "tabWidth": 2,
  "useTabs": false,
  "bracketSpacing": true,
  "arrowParens": "avoid",
  "htmlWhitespaceSensitivity": "ignore",
  "endOfLine": "lf",
  "embeddedLanguageFormatting": "auto"
}
["INFO" - 3:12:14 PM] Formatting completed in 96ms.
["INFO" - 3:13:48 PM] Using config file at /workspace/Website-starter/.prettierrc
["INFO" - 3:16:32 PM] Using config file at /workspace/Website-starter/.prettierrc
["INFO" - 3:17:45 PM] Using config file at /workspace/Website-starter/.prettierrc
["INFO" - 3:18:06 PM] Using config file at /workspace/Website-starter/.prettierrc
["INFO" - 3:19:08 PM] Using config file at /workspace/Website-starter/.prettierrc
["INFO" - 3:19:27 PM] Using config file at /workspace/Website-starter/.prettierrc
["INFO" - 3:20:55 PM] Using config file at /workspace/Website-starter/.prettierrc
