2025-08-10 13:55:02.688 [info] [main] Log level: Info
2025-08-10 13:55:02.688 [info] [main] Validating found git in: "git"
2025-08-10 13:55:02.688 [info] [main] Using git "2.49.0" from "git"
2025-08-10 13:55:02.688 [info] [Model][doInitialScan] Initial repository scan started
2025-08-10 13:55:02.688 [info] > git rev-parse --show-toplevel [38ms]
2025-08-10 13:55:02.688 [info] > git rev-parse --git-dir --git-common-dir [73ms]
2025-08-10 13:55:02.688 [info] [Model][openRepository] Opened repository (path): /workspace/Website-starter
2025-08-10 13:55:02.688 [info] [Model][openRepository] Opened repository (real path): /workspace/Website-starter
2025-08-10 13:55:02.688 [info] > git rev-parse --show-toplevel [8ms]
2025-08-10 13:55:02.688 [info] > git config --get commit.template [16ms]
2025-08-10 13:55:02.688 [info] > git for-each-ref --format=%(refname)%00%(upstream:short)%00%(objectname)%00%(upstream:track)%00%(upstream:remotename)%00%(upstream:remoteref) refs/heads/main refs/remotes/main [11ms]
2025-08-10 13:55:02.688 [info] > git rev-parse --show-toplevel [18ms]
2025-08-10 13:55:02.688 [info] > git rev-parse --show-toplevel [929ms]
2025-08-10 13:55:02.688 [info] > git status -z -uall [24ms]
2025-08-10 13:55:02.688 [info] > git for-each-ref --sort -committerdate --format %(refname)%00%(objectname)%00%(*objectname) [17ms]
2025-08-10 13:55:02.688 [info] > git rev-parse --show-toplevel [51ms]
2025-08-10 13:55:02.688 [info] > git for-each-ref --format=%(refname)%00%(upstream:short)%00%(objectname)%00%(upstream:track)%00%(upstream:remotename)%00%(upstream:remoteref) refs/heads/main refs/remotes/main [17ms]
2025-08-10 13:55:02.688 [info] > git rev-parse --show-toplevel [7ms]
2025-08-10 13:55:02.688 [info] > git config --get commit.template [14ms]
2025-08-10 13:55:02.688 [info] > git config --get --local branch.main.vscode-merge-base [14ms]
2025-08-10 13:55:02.688 [info] > git rev-parse --show-toplevel [8ms]
2025-08-10 13:55:02.688 [info] > git for-each-ref --format=%(refname)%00%(upstream:short)%00%(objectname)%00%(upstream:track)%00%(upstream:remotename)%00%(upstream:remoteref) refs/heads/main refs/remotes/main [13ms]
2025-08-10 13:55:02.688 [info] > git for-each-ref --format=%(refname)%00%(upstream:short)%00%(objectname)%00%(upstream:track)%00%(upstream:remotename)%00%(upstream:remoteref) refs/heads/origin/main refs/remotes/origin/main [8ms]
2025-08-10 13:55:02.688 [info] > git rev-parse --show-toplevel [23ms]
2025-08-10 13:55:02.688 [info] [Model][doInitialScan] Initial repository scan completed - repositories (1), closed repositories (0), parent repositories (0), unsafe repositories (0)
2025-08-10 13:55:02.688 [info] > git merge-base refs/heads/main refs/remotes/origin/main [46ms]
2025-08-10 13:55:02.688 [info] > git diff --name-status -z --diff-filter=ADMR 0d7a3a898007be1d8200d8db99d59472a2da8d06...refs/remotes/origin/main [18ms]
2025-08-10 13:55:02.688 [info] > git for-each-ref --sort -committerdate --format %(refname)%00%(objectname)%00%(*objectname) [9ms]
2025-08-10 13:55:02.688 [info] > git status -z -uall [18ms]
2025-08-10 13:55:03.195 [info] > git check-ignore -v -z --stdin [2ms]
2025-08-10 13:55:11.775 [info] > git config --get --local branch.main.github-pr-owner-number [4ms]
2025-08-10 13:55:11.775 [warning] [Git][config] git config failed: Failed to execute git
