(VSCode) 2025-08-08 16:19:30.074 [INFO]: No proxy settings found
(VSCode) 2025-08-08 16:19:31.732 [INFO]: Checking network connection...
(VSCode) 2025-08-08 16:19:34.090 [INFO]: No Network Issue connecting to https://server.codeium.com/healthz
(VSCode) 2025-08-08 16:19:35.011 [INFO]: Creating manager directory: /tmp/138b9c13-6ac1-48a4-98b0-fc1baf2c4ae9/codeium/manager
(VSCode) 2025-08-08 16:19:35.340 [INFO]: Using cached LS with valid crc32: /workspace/.vscode-remote/extensions/codeium.codeium-1.48.2-universal/dist/e03af6ebc40b844314d448f947c80b636d093049/language_server_linux_x64
(VSCode) 2025-08-08 16:19:35.348 [INFO]: Language server started
2025/08/08 16:19:35 maxprocs: Leaving GOMAXPROCS=16: CPU quota undefined
I0808 16:19:35.598080  2021 main.go:604] [Language Server Manager] Setting GOMAXPROCS to 4
I0808 16:19:35.598211  2021 main.go:829] [Language Server Manager] Starting language server manager with pid 2021
I0808 16:19:35.598314  2021 main.go:138] [Language Server Manager] Manager acquired its lock file /tmp/138b9c13-6ac1-48a4-98b0-fc1baf2c4ae9/codeium/manager/locks/manager.lock
I0808 16:19:35.599306  2021 main.go:283] [Language Server Manager] Waiting for random port file in /tmp/138b9c13-6ac1-48a4-98b0-fc1baf2c4ae9/codeium/manager/child_random_port_1754669975598480851_5731588348981499721 to be created
2025/08/08 16:19:35 maxprocs: Leaving GOMAXPROCS=16: CPU quota undefined
I0808 16:19:35.847133  2044 main.go:604] Setting GOMAXPROCS to 4
I0808 16:19:35.848081  2044 main.go:823] Starting language server process with pid 2044
I0808 16:19:35.848126  2044 server.go:296] Language server will attempt to listen on host 127.0.0.1
I0808 16:19:35.848840  2044 server.go:303] Language server listening on random port at 37989
I0808 16:19:36.539140  2044 web_server.go:256] Chat Web Server listening at ws://127.0.0.1:38087
I0808 16:19:36.852185  2044 server.go:955] Local search is enabled, will index local files.
I0808 16:19:36.852214  2044 server.go:959] Using 4 indexer workers
I0808 16:19:37.018442  2044 server.go:1196] Child process attempting to acquire lock file /tmp/138b9c13-6ac1-48a4-98b0-fc1baf2c4ae9/codeium/manager/locks/child_lock_1754669975598527040_1543554594778727825
I0808 16:19:37.018528  2044 server.go:1204] Child process acquired lock file /tmp/138b9c13-6ac1-48a4-98b0-fc1baf2c4ae9/codeium/manager/locks/child_lock_1754669975598527040_1543554594778727825
46101
I0808 16:19:37.105853  2021 main.go:319] [Language Server Manager] Found random server port 37989
I0808 16:19:37.105885  2021 main.go:320] [Language Server Manager] Found random lsp port 46101
I0808 16:19:37.105906  2021 main.go:327] [Language Server Manager] Attempting to connect to language server at 127.0.0.1:37989
I0808 16:19:37.119276  2021 main.go:192] [Language Server Manager] Fixing language server port at 37989
I0808 16:19:37.119325  2021 main.go:381] [Language Server Manager] Successfully connected to new language server at 127.0.0.1:37989
(VSCode) 2025-08-08 16:19:37.210 [INFO]: Found language server running on port 37989
Playwright Host validation warning: 
╔══════════════════════════════════════════════════════╗
║ Host system is missing dependencies to run browsers. ║
║ Please install them with the following command:      ║
║                                                      ║
║     sudo npx playwright install-deps                 ║
║                                                      ║
║ Alternatively, use apt:                              ║
║     sudo apt-get install libatk1.0-0\                ║
║         libatk-bridge2.0-0\                          ║
║         libcups2\                                    ║
║         libxcomposite1\                              ║
║         libxdamage1\                                 ║
║         libxfixes3\                                  ║
║         libxrandr2\                                  ║
║         libgbm1\                                     ║
║         libxkbcommon0\                               ║
║         libatspi2.0-0                                ║
║                                                      ║
║ <3 Playwright Team                                   ║
╚══════════════════════════════════════════════════════╝
    at validateDependenciesLinux (/home/gitpod/.cache/ms-playwright-go/1.50.1/package/lib/server/registry/dependencies.js:216:9)
    at process.processTicksAndRejections (node:internal/process/task_queues:105:5)
    at async Registry._validateHostRequirements (/home/gitpod/.cache/ms-playwright-go/1.50.1/package/lib/server/registry/index.js:865:43)
    at async Registry._validateHostRequirementsForExecutableIfNeeded (/home/gitpod/.cache/ms-playwright-go/1.50.1/package/lib/server/registry/index.js:963:7)
    at async Registry.validateHostRequirementsForExecutablesIfNeeded (/home/gitpod/.cache/ms-playwright-go/1.50.1/package/lib/server/registry/index.js:952:43)
    at async t.<anonymous> (/home/gitpod/.cache/ms-playwright-go/1.50.1/package/lib/cli/program.js:122:7)
(VSCode) 2025-08-08 16:19:40.995 [INFO]: openAllTextDocuments took 654.7764590000006ms
