(VSCode) 2025-08-08 09:17:28.823 [INFO]: No proxy settings found
(VSCode) 2025-08-08 09:17:31.554 [INFO]: Checking network connection...
(VSCode) 2025-08-08 09:17:32.856 [INFO]: No Network Issue connecting to https://server.codeium.com/healthz
(VSCode) 2025-08-08 09:17:34.737 [INFO]: Creating manager directory: /tmp/e9b1d85b-b6c6-4f1c-b755-d7374ff03129/codeium/manager
(VSCode) 2025-08-08 09:17:35.476 [INFO]: Using cached LS with valid crc32: /workspace/.vscode-remote/extensions/codeium.codeium-1.48.2-universal/dist/e03af6ebc40b844314d448f947c80b636d093049/language_server_linux_x64
(VSCode) 2025-08-08 09:17:35.485 [INFO]: Language server started
2025/08/08 09:17:35 maxprocs: Leaving GOMAXPROCS=16: CPU quota undefined
I0808 09:17:36.056036  7109 main.go:604] [Language Server Manager] Setting GOMAXPROCS to 4
I0808 09:17:36.056118  7109 main.go:829] [Language Server Manager] Starting language server manager with pid 7109
I0808 09:17:36.056224  7109 main.go:138] [Language Server Manager] Manager acquired its lock file /tmp/e9b1d85b-b6c6-4f1c-b755-d7374ff03129/codeium/manager/locks/manager.lock
I0808 09:17:36.123157  7109 main.go:283] [Language Server Manager] Waiting for random port file in /tmp/e9b1d85b-b6c6-4f1c-b755-d7374ff03129/codeium/manager/child_random_port_1754644656056456123_5269372120046516481 to be created
2025/08/08 09:17:36 maxprocs: Leaving GOMAXPROCS=16: CPU quota undefined
I0808 09:17:36.658974  7135 main.go:604] Setting GOMAXPROCS to 4
I0808 09:17:36.659476  7135 main.go:823] Starting language server process with pid 7135
I0808 09:17:36.659532  7135 server.go:296] Language server will attempt to listen on host 127.0.0.1
I0808 09:17:36.660535  7135 server.go:303] Language server listening on random port at 42659
I0808 09:17:37.426665  7135 web_server.go:256] Chat Web Server listening at ws://127.0.0.1:46717
I0808 09:17:38.133364  7135 server.go:955] Local search is enabled, will index local files.
I0808 09:17:38.133489  7135 server.go:959] Using 4 indexer workers
I0808 09:17:38.253227  7135 server.go:1196] Child process attempting to acquire lock file /tmp/e9b1d85b-b6c6-4f1c-b755-d7374ff03129/codeium/manager/locks/child_lock_1754644656056521823_7818472220852979961
I0808 09:17:38.253371  7135 server.go:1204] Child process acquired lock file /tmp/e9b1d85b-b6c6-4f1c-b755-d7374ff03129/codeium/manager/locks/child_lock_1754644656056521823_7818472220852979961
43661
I0808 09:17:38.338074  7109 main.go:319] [Language Server Manager] Found random server port 42659
I0808 09:17:38.338115  7109 main.go:320] [Language Server Manager] Found random lsp port 43661
I0808 09:17:38.338179  7109 main.go:327] [Language Server Manager] Attempting to connect to language server at 127.0.0.1:42659
I0808 09:17:38.352455  7109 main.go:192] [Language Server Manager] Fixing language server port at 42659
I0808 09:17:38.352491  7109 main.go:381] [Language Server Manager] Successfully connected to new language server at 127.0.0.1:42659
(VSCode) 2025-08-08 09:17:38.363 [INFO]: Found language server running on port 42659
(VSCode) 2025-08-08 09:17:39.745 [INFO]: openAllTextDocuments took 415.80646400000114ms
(VSCode) 2025-08-08 09:17:39.829 [WARN]: User not logged in
(VSCode) 2025-08-08 09:17:40.125 [WARN]: User not logged in
Playwright Host validation warning: 
╔══════════════════════════════════════════════════════╗
║ Host system is missing dependencies to run browsers. ║
║ Please install them with the following command:      ║
║                                                      ║
║     sudo npx playwright install-deps                 ║
║                                                      ║
║ Alternatively, use apt:                              ║
║     sudo apt-get install libatk1.0-0\                ║
║         libatk-bridge2.0-0\                          ║
║         libcups2\                                    ║
║         libxcomposite1\                              ║
║         libxdamage1\                                 ║
║         libxfixes3\                                  ║
║         libxrandr2\                                  ║
║         libgbm1\                                     ║
║         libxkbcommon0\                               ║
║         libatspi2.0-0                                ║
║                                                      ║
║ <3 Playwright Team                                   ║
╚══════════════════════════════════════════════════════╝
    at validateDependenciesLinux (/home/gitpod/.cache/ms-playwright-go/1.50.1/package/lib/server/registry/dependencies.js:216:9)
    at async Registry._validateHostRequirements (/home/gitpod/.cache/ms-playwright-go/1.50.1/package/lib/server/registry/index.js:865:43)
    at async Registry._validateHostRequirementsForExecutableIfNeeded (/home/gitpod/.cache/ms-playwright-go/1.50.1/package/lib/server/registry/index.js:963:7)
    at async Registry.validateHostRequirementsForExecutablesIfNeeded (/home/gitpod/.cache/ms-playwright-go/1.50.1/package/lib/server/registry/index.js:952:43)
    at async t.<anonymous> (/home/gitpod/.cache/ms-playwright-go/1.50.1/package/lib/cli/program.js:122:7)
(VSCode) 2025-08-08 09:17:43.273 [WARN]: User not logged in
(VSCode) 2025-08-08 09:17:43.341 [WARN]: User not logged in
(VSCode) 2025-08-08 09:17:43.518 [WARN]: User not logged in
(VSCode) 2025-08-08 09:17:48.234 [WARN]: User not logged in
(VSCode) 2025-08-08 09:17:48.385 [WARN]: User not logged in
(VSCode) 2025-08-08 09:17:48.896 [WARN]: User not logged in
(VSCode) 2025-08-08 09:17:49.470 [WARN]: User not logged in
(VSCode) 2025-08-08 09:17:52.464 [WARN]: User not logged in
(VSCode) 2025-08-08 09:17:53.312 [WARN]: User not logged in
(VSCode) 2025-08-08 09:17:54.130 [WARN]: User not logged in
(VSCode) 2025-08-08 09:17:54.940 [WARN]: User not logged in
(VSCode) 2025-08-08 09:23:21.615 [INFO]: Disposing language server process
(VSCode) 2025-08-08 09:23:21.615 [INFO]: Deleting manager directory: /tmp/e9b1d85b-b6c6-4f1c-b755-d7374ff03129/codeium/manager
(VSCode) 2025-08-08 09:23:21.616 [INFO]: Successfully disposed language server
W0808 09:23:21.615401  7109 main.go:142] [Language Server Manager] Got signal terminated, shutting down
E0808 09:23:21.656425  7109 main.go:395] [Language Server Manager] Failed to acquire lock on /tmp/e9b1d85b-b6c6-4f1c-b755-d7374ff03129/codeium/manager/locks/child_lock_1754644656056521823_7818472220852979961: open /tmp/e9b1d85b-b6c6-4f1c-b755-d7374ff03129/codeium/manager/locks/child_lock_1754644656056521823_7818472220852979961: no such file or directory
I0808 09:23:21.657735  7135 server.go:1422] Exit requested on language server process 7135
I0808 09:23:21.658050  7135 server.go:1395] Language server shutting down
(VSCode) 2025-08-08 09:23:21.713 [ERROR]: Failed to stop lsp
(VSCode) 2025-08-08 09:23:21.724 [ERROR]: Failed to stop exit
(VSCode) 2025-08-08 09:23:21.725 [ERROR]: [unavailable] connect ECONNREFUSED 127.0.0.1:42659
(VSCode) 2025-08-08 09:23:21.730 [INFO]: Language server exited with code 0
