2025-08-10 12:59:31.316 [info] Log level: Info
2025-08-10 12:59:31.316 [info] VSCODE_MACHINE_ID: 10d3d877-fe56-442f-a117-f9035039c6e9
2025-08-10 12:59:31.316 [info] VSCODE_SESSION_ID: debc0105-6be6-4582-9671-687a2f29f6c41754830762592
2025-08-10 12:59:31.316 [info] VSCODE_VERSION: 1.102.3
2025-08-10 12:59:31.316 [info] VSCODE_APP_NAME: Gitpod Code
2025-08-10 12:59:31.316 [info] VSCODE_APP_HOST: Gitpod
2025-08-10 12:59:31.316 [info] VSCODE_UI_KIND: web
2025-08-10 12:59:31.316 [info] GITPOD_WORKSPACE_CONTEXT_URL: https://github.com/Abdallah-Develop/Website-starter
2025-08-10 12:59:31.316 [info] GITPOD_INSTANCE_ID: ca23dfbd-9ee2-47a7-b45d-42083e4f2a87
2025-08-10 12:59:31.316 [info] GITPOD_WORKSPACE_URL: https://abdallahdev-websitestar-esjdme0laxn.ws-eu120.gitpod.io
2025-08-10 12:59:31.316 [info] Gitpod Web 3953e81
2025-08-10 12:59:31.316 [info] Reading sessions from keychain...
2025-08-10 12:59:33.078 [info] Got stored sessions!
2025-08-10 12:59:33.078 [info] Verified session with the following scopes: function:accessCodeSyncStorage function:closePort function:controlAdmission function:deleteEnvVar function:generateNewGitpodToken function:getDefaultWorkspaceImage function:getGitpodTokenScopes function:getIDToken function:getLoggedInUser function:getOpenPorts function:getSupportedWorkspaceClasses function:getTeams function:getToken function:getWorkspace function:getWorkspaceEnvVars function:getWorkspaceOwner function:getWorkspaceTimeout function:getWorkspaceUsers function:guessGitTokenScopes function:isWorkspaceOwner function:openPort function:sendHeartBeat function:setEnvVar function:setWorkspaceTimeout function:stopWorkspace function:takeSnapshot function:trackEvent function:updateGitStatus function:waitForSnapshot resource:contentBlob::*::create/get resource:envVar::*/**::update resource:envVar::*/*::update resource:envVar::Abdallah-Develop/Website-starter::create/get/update/delete resource:gitpodToken::*::create resource:snapshot::ws-abdallahdev-websitestar-esjdme0laxn::create resource:token::*::get resource:userStorage::*::create/get/update resource:workspace::abdallahdev-websitestar-esjdme0laxn::get/update resource:workspaceInstance::ca23dfbd-9ee2-47a7-b45d-42083e4f2a87::get/update/delete
2025-08-10 12:59:33.078 [info] Got 1 verified sessions.
2025-08-10 12:59:33.078 [info] Getting sessions for all scopes...
2025-08-10 12:59:33.078 [info] Getting GitHub sessions for all scopes...
2025-08-10 12:59:33.078 [info] Got 1 sessions for all scopes...
2025-08-10 12:59:33.078 [info] Getting sessions for all scopes...
2025-08-10 12:59:33.078 [info] Got 1 sessions for all scopes...
2025-08-10 12:59:33.078 [info] Getting sessions for all scopes...
2025-08-10 12:59:33.078 [info] Got 1 sessions for all scopes...
2025-08-10 12:59:33.623 [info] Got 1 GitHub sessions for all scopes...
2025-08-10 12:59:33.786 [info] Getting sessions for function:accessCodeSyncStorage...
2025-08-10 12:59:33.786 [info] Got 1 sessions for function:accessCodeSyncStorage...
2025-08-10 12:59:34.581 [info] Getting GitHub sessions for all scopes...
2025-08-10 12:59:34.581 [info] Getting sessions for all scopes...
2025-08-10 12:59:34.581 [info] Got 1 GitHub sessions for all scopes...
2025-08-10 12:59:34.581 [info] Got 1 sessions for all scopes...
2025-08-10 12:59:34.582 [info] Getting GitHub sessions for all scopes...
2025-08-10 12:59:34.582 [info] Got 1 GitHub sessions for all scopes...
2025-08-10 12:59:35.300 [info] Getting GitHub sessions for all scopes...
2025-08-10 12:59:35.300 [info] Got 1 GitHub sessions for all scopes...
2025-08-10 12:59:35.334 [info] Getting GitHub sessions for read:user,repo,user:email,workflow...
2025-08-10 12:59:35.334 [info] Got 0 GitHub sessions for read:user,repo,user:email,workflow...
2025-08-10 12:59:36.300 [info] Getting sessions for all scopes...
2025-08-10 12:59:36.300 [info] Getting GitHub sessions for all scopes...
2025-08-10 12:59:36.300 [info] Got 1 sessions for all scopes...
2025-08-10 12:59:36.300 [info] Got 1 GitHub sessions for all scopes...
2025-08-10 12:59:36.780 [info] Getting GitHub sessions for project,read:org,read:user,repo,user:email,workflow...
2025-08-10 12:59:36.780 [info] Got 0 GitHub sessions for project,read:org,read:user,repo,user:email,workflow...
2025-08-10 12:59:36.883 [info] Getting sessions for all scopes...
2025-08-10 12:59:36.883 [info] Getting GitHub sessions for all scopes...
2025-08-10 12:59:36.883 [info] Got 1 sessions for all scopes...
2025-08-10 12:59:36.883 [info] Got 1 GitHub sessions for all scopes...
2025-08-10 12:59:37.415 [info] Getting GitHub sessions for read:user,repo,user:email,workflow...
2025-08-10 12:59:37.415 [info] Got 0 GitHub sessions for read:user,repo,user:email,workflow...
2025-08-10 12:59:37.693 [info] Getting sessions for all scopes...
2025-08-10 12:59:37.693 [info] Getting GitHub sessions for all scopes...
2025-08-10 12:59:37.693 [info] Got 1 sessions for all scopes...
2025-08-10 12:59:37.693 [info] Got 1 GitHub sessions for all scopes...
2025-08-10 12:59:37.792 [info] Getting sessions for all scopes...
2025-08-10 12:59:37.792 [info] Getting GitHub sessions for all scopes...
2025-08-10 12:59:37.792 [info] Got 1 sessions for all scopes...
2025-08-10 12:59:37.792 [info] Got 1 GitHub sessions for all scopes...
2025-08-10 12:59:38.027 [info] Getting GitHub sessions for read:user,repo,user:email...
2025-08-10 12:59:38.027 [info] Got 0 GitHub sessions for read:user,repo,user:email...
2025-08-10 12:59:38.388 [info] Getting sessions for all scopes...
2025-08-10 12:59:38.388 [info] Getting GitHub sessions for all scopes...
2025-08-10 12:59:38.388 [info] Got 1 sessions for all scopes...
2025-08-10 12:59:38.388 [info] Got 1 GitHub sessions for all scopes...
2025-08-10 12:59:38.574 [info] Getting sessions for all scopes...
2025-08-10 12:59:38.574 [info] Getting GitHub sessions for all scopes...
2025-08-10 12:59:38.574 [info] Got 1 sessions for all scopes...
2025-08-10 12:59:38.574 [info] Got 1 GitHub sessions for all scopes...
2025-08-10 12:59:38.633 [info] Getting sessions for all scopes...
2025-08-10 12:59:38.633 [info] Getting GitHub sessions for all scopes...
2025-08-10 12:59:38.633 [info] Got 1 sessions for all scopes...
2025-08-10 12:59:38.633 [info] Got 1 GitHub sessions for all scopes...
2025-08-10 12:59:38.633 [info] Getting sessions for all scopes...
2025-08-10 12:59:38.633 [info] Getting GitHub sessions for all scopes...
2025-08-10 12:59:38.633 [info] Got 1 sessions for all scopes...
2025-08-10 12:59:38.633 [info] Got 1 GitHub sessions for all scopes...
2025-08-10 12:59:38.633 [info] Getting sessions for all scopes...
2025-08-10 12:59:38.633 [info] Getting GitHub sessions for all scopes...
2025-08-10 12:59:38.633 [info] Got 1 sessions for all scopes...
2025-08-10 12:59:38.633 [info] Got 1 GitHub sessions for all scopes...
2025-08-10 12:59:38.760 [info] Getting GitHub sessions for read:user,repo,user:email,workflow...
2025-08-10 12:59:38.760 [info] Got 0 GitHub sessions for read:user,repo,user:email,workflow...
2025-08-10 13:03:05.972 [info] Getting sessions for all scopes...
2025-08-10 13:03:05.972 [info] Getting GitHub sessions for all scopes...
2025-08-10 13:03:05.972 [info] Got 1 sessions for all scopes...
2025-08-10 13:03:05.972 [info] Got 1 GitHub sessions for all scopes...
2025-08-10 13:03:06.047 [info] Getting sessions for all scopes...
2025-08-10 13:03:06.047 [info] Getting GitHub sessions for all scopes...
2025-08-10 13:03:06.047 [info] Got 1 sessions for all scopes...
2025-08-10 13:03:06.047 [info] Got 1 GitHub sessions for all scopes...
