2025-08-09 12:01:54.701 [info] Extension host with pid 3147 started
2025-08-09 12:01:54.701 [error] Error: EEXIST: file already exists, open '/workspace/.vscode-remote/data/User/workspaceStorage/1cafd87f/vscode.lock'
2025-08-09 12:01:54.701 [info] Lock '/workspace/.vscode-remote/data/User/workspaceStorage/1cafd87f/vscode.lock': Could not acquire lock, checking if the file is stale.
2025-08-09 12:01:54.701 [info] Lock '/workspace/.vscode-remote/data/User/workspaceStorage/1cafd87f/vscode.lock': The lock does not look stale, elapsed: 873 ms, giving up.
2025-08-09 12:01:54.702 [error] Error: EEXIST: file already exists, open '/workspace/.vscode-remote/data/User/workspaceStorage/1cafd87f-1/vscode.lock'
2025-08-09 12:01:54.702 [info] Lock '/workspace/.vscode-remote/data/User/workspaceStorage/1cafd87f-1/vscode.lock': Could not acquire lock, checking if the file is stale.
2025-08-09 12:01:54.703 [info] Lock '/workspace/.vscode-remote/data/User/workspaceStorage/1cafd87f-1/vscode.lock': The pid 11902 appears to be gone.
2025-08-09 12:01:54.703 [info] Lock '/workspace/.vscode-remote/data/User/workspaceStorage/1cafd87f-1/vscode.lock': Deleting a stale lock.
2025-08-09 12:01:54.704 [info] Lock '/workspace/.vscode-remote/data/User/workspaceStorage/1cafd87f-1/vscode.lock': Lock acquired.
2025-08-09 12:01:57.601 [info] ExtensionService#_doActivateExtension vscode.css-language-features, startup: false, activationEvent: 'onLanguage:css'
2025-08-09 12:01:57.602 [info] ExtensionService#_doActivateExtension vscode.emmet, startup: false, activationEvent: 'onLanguage'
2025-08-09 12:01:58.451 [info] ExtensionService#_doActivateExtension vscode.git-base, startup: true, activationEvent: '*', root cause: vscode.git
2025-08-09 12:01:58.452 [info] ExtensionService#_doActivateExtension gitpod.gitpod-web, startup: true, activationEvent: '*'
2025-08-09 12:01:58.593 [info] ExtensionService#_doActivateExtension vscode.npm, startup: true, activationEvent: 'workspaceContains:package.json'
2025-08-09 12:01:58.870 [info] ExtensionService#_doActivateExtension vscode.git, startup: true, activationEvent: '*'
2025-08-09 12:01:58.870 [info] ExtensionService#_doActivateExtension vscode.github, startup: true, activationEvent: '*'
2025-08-09 12:02:00.073 [info] ExtensionService#_doActivateExtension astro-build.astro-vscode, startup: true, activationEvent: 'workspaceContains:astro.config.*'
2025-08-09 12:02:02.690 [info] ExtensionService#_doActivateExtension redhat.vscode-yaml, startup: false, activationEvent: 'onLanguage:yaml'
2025-08-09 12:02:04.195 [warning] [redhat.vscode-yaml] Accessing a resource scoped configuration without providing a resource is not expected. To get the effective value for '[yaml]', provide the URI of a resource or 'null' for any resource.
2025-08-09 12:02:04.196 [warning] [redhat.vscode-yaml] Accessing a resource scoped configuration without providing a resource is not expected. To get the effective value for '[yaml]', provide the URI of a resource or 'null' for any resource.
2025-08-09 12:02:04.491 [info] Eager extensions activated
2025-08-09 12:02:04.492 [info] ExtensionService#_doActivateExtension vscode.debug-auto-launch, startup: false, activationEvent: 'onStartupFinished'
2025-08-09 12:02:04.492 [info] ExtensionService#_doActivateExtension vscode.merge-conflict, startup: false, activationEvent: 'onStartupFinished'
2025-08-09 12:02:04.492 [info] ExtensionService#_doActivateExtension bradlc.vscode-tailwindcss, startup: false, activationEvent: 'onStartupFinished'
2025-08-09 12:02:04.492 [info] ExtensionService#_doActivateExtension Codeium.codeium, startup: false, activationEvent: 'onStartupFinished'
2025-08-09 12:02:04.492 [info] ExtensionService#_doActivateExtension esbenp.prettier-vscode, startup: false, activationEvent: 'onStartupFinished'
2025-08-09 12:02:04.493 [info] ExtensionService#_doActivateExtension vscode.github-authentication, startup: false, activationEvent: 'onStartupFinished', root cause: GitHub.vscode-pull-request-github
2025-08-09 12:02:04.493 [info] ExtensionService#_doActivateExtension PKief.material-icon-theme, startup: false, activationEvent: 'onStartupFinished'
2025-08-09 12:02:05.324 [warning] [redhat.vscode-yaml] Accessing a resource scoped configuration without providing a resource is not expected. To get the effective value for '[yaml]', provide the URI of a resource or 'null' for any resource.
2025-08-09 12:02:05.855 [info] ExtensionService#_doActivateExtension GitHub.vscode-pull-request-github, startup: false, activationEvent: 'onStartupFinished'
2025-08-09 12:02:06.108 [info] ExtensionService#_doActivateExtension vscode.configuration-editing, startup: false, activationEvent: 'onLanguage:jsonc'
2025-08-09 12:02:06.109 [info] ExtensionService#_doActivateExtension vscode.json-language-features, startup: false, activationEvent: 'onLanguage:jsonc'
2025-08-09 12:02:06.109 [info] ExtensionService#_doActivateExtension vscode.typescript-language-features, startup: false, activationEvent: 'onLanguage:jsonc'
2025-08-09 12:02:08.654 [warning] [redhat.vscode-yaml] Accessing a resource scoped configuration without providing a resource is not expected. To get the effective value for '[yaml]', provide the URI of a resource or 'null' for any resource.
2025-08-09 12:02:09.205 [info] ExtensionService#_doActivateExtension vscode.extension-editing, startup: false, activationEvent: 'onLanguage:json'
2025-08-09 12:11:16.151 [info] ExtensionService#_doActivateExtension vscode.media-preview, startup: false, activationEvent: 'onCustomEditor:imagePreview.previewEditor'
2025-08-09 12:21:26.205 [warning] [Decorations] CAPPING events from decorations provider vscode.git 263
2025-08-09 12:21:38.273 [warning] [Decorations] CAPPING events from decorations provider vscode.git 263
2025-08-09 12:21:40.769 [warning] [Decorations] CAPPING events from decorations provider vscode.git 262
2025-08-09 12:21:43.345 [warning] [Decorations] CAPPING events from decorations provider vscode.git 262
2025-08-09 12:21:49.944 [warning] [Decorations] CAPPING events from decorations provider vscode.git 262
2025-08-09 12:21:55.027 [warning] [Decorations] CAPPING events from decorations provider vscode.git 262
2025-08-09 12:22:00.276 [warning] [Decorations] CAPPING events from decorations provider vscode.git 262
2025-08-09 12:22:52.068 [warning] [Decorations] CAPPING events from decorations provider vscode.git 262
2025-08-09 12:22:59.688 [warning] [Decorations] CAPPING events from decorations provider vscode.git 262
2025-08-09 12:23:05.005 [warning] [Decorations] CAPPING events from decorations provider vscode.git 262
2025-08-09 12:23:10.079 [warning] [Decorations] CAPPING events from decorations provider vscode.git 262
2025-08-09 12:23:15.143 [warning] [Decorations] CAPPING events from decorations provider vscode.git 262
2025-08-09 12:23:20.203 [warning] [Decorations] CAPPING events from decorations provider vscode.git 262
2025-08-09 12:23:25.733 [warning] [Decorations] CAPPING events from decorations provider vscode.git 262
2025-08-09 12:23:30.805 [warning] [Decorations] CAPPING events from decorations provider vscode.git 262
2025-08-09 12:23:35.887 [warning] [Decorations] CAPPING events from decorations provider vscode.git 262
2025-08-09 12:23:41.165 [warning] [Decorations] CAPPING events from decorations provider vscode.git 262
2025-08-09 12:23:46.262 [warning] [Decorations] CAPPING events from decorations provider vscode.git 262
2025-08-09 12:23:51.328 [warning] [Decorations] CAPPING events from decorations provider vscode.git 262
2025-08-09 12:23:57.511 [warning] [Decorations] CAPPING events from decorations provider vscode.git 262
2025-08-09 12:24:20.811 [warning] [Decorations] CAPPING events from decorations provider vscode.git 262
2025-08-09 12:24:32.967 [warning] [Decorations] CAPPING events from decorations provider vscode.git 262
2025-08-09 12:24:39.212 [warning] [Decorations] CAPPING events from decorations provider vscode.git 262
2025-08-09 12:24:41.192 [warning] [Decorations] CAPPING events from decorations provider vscode.git 262
2025-08-09 12:24:44.286 [warning] [Decorations] CAPPING events from decorations provider vscode.git 262
2025-08-09 12:24:54.372 [warning] [Decorations] CAPPING events from decorations provider vscode.git 262
2025-08-09 12:25:02.688 [warning] [Decorations] CAPPING events from decorations provider vscode.git 262
2025-08-09 12:25:22.005 [warning] [Decorations] CAPPING events from decorations provider vscode.git 262
2025-08-09 12:25:49.097 [warning] [Decorations] CAPPING events from decorations provider vscode.git 262
2025-08-09 12:25:57.639 [warning] [Decorations] CAPPING events from decorations provider vscode.git 262
2025-08-09 12:26:03.208 [warning] [Decorations] CAPPING events from decorations provider vscode.git 262
2025-08-09 12:26:08.281 [warning] [Decorations] CAPPING events from decorations provider vscode.git 262
2025-08-09 12:26:42.706 [warning] [Decorations] CAPPING events from decorations provider vscode.git 262
2025-08-09 12:26:49.926 [warning] [Decorations] CAPPING events from decorations provider vscode.git 262
2025-08-09 12:26:54.988 [warning] [Decorations] CAPPING events from decorations provider vscode.git 262
2025-08-09 12:27:07.546 [warning] [Decorations] CAPPING events from decorations provider vscode.git 262
2025-08-09 12:27:22.069 [warning] [Decorations] CAPPING events from decorations provider vscode.git 262
2025-08-09 12:27:27.634 [warning] [Decorations] CAPPING events from decorations provider vscode.git 262
2025-08-09 12:27:32.707 [warning] [Decorations] CAPPING events from decorations provider vscode.git 262
2025-08-09 12:27:48.011 [warning] [Decorations] CAPPING events from decorations provider vscode.git 262
2025-08-09 12:27:48.400 [warning] [Decorations] CAPPING events from decorations provider vscode.git 262
2025-08-09 12:27:53.098 [warning] [Decorations] CAPPING events from decorations provider vscode.git 262
2025-08-09 12:28:07.526 [warning] [Decorations] CAPPING events from decorations provider vscode.git 262
2025-08-09 12:28:33.092 [warning] [Decorations] CAPPING events from decorations provider vscode.git 262
2025-08-09 12:29:09.357 [warning] [Decorations] CAPPING events from decorations provider vscode.git 262
2025-08-09 12:29:25.694 [warning] [Decorations] CAPPING events from decorations provider vscode.git 262
2025-08-09 12:29:49.097 [warning] [Decorations] CAPPING events from decorations provider vscode.git 262
2025-08-09 12:30:17.894 [warning] [Decorations] CAPPING events from decorations provider vscode.git 262
2025-08-09 12:30:28.995 [warning] [Decorations] CAPPING events from decorations provider vscode.git 262
2025-08-09 12:30:41.583 [warning] [Decorations] CAPPING events from decorations provider vscode.git 262
2025-08-09 12:30:48.151 [warning] [Decorations] CAPPING events from decorations provider vscode.git 262
2025-08-09 12:30:48.841 [warning] [Decorations] CAPPING events from decorations provider vscode.git 262
2025-08-09 12:31:29.593 [warning] [Decorations] CAPPING events from decorations provider vscode.git 262
2025-08-09 12:31:34.666 [warning] [Decorations] CAPPING events from decorations provider vscode.git 262
2025-08-09 12:31:39.723 [warning] [Decorations] CAPPING events from decorations provider vscode.git 262
2025-08-09 12:31:44.792 [warning] [Decorations] CAPPING events from decorations provider vscode.git 262
2025-08-09 12:31:49.898 [warning] [Decorations] CAPPING events from decorations provider vscode.git 262
2025-08-09 12:31:55.744 [warning] [Decorations] CAPPING events from decorations provider vscode.git 262
2025-08-09 12:56:12.162 [info] Extension host terminating: renderer disconnected for too long (2)
2025-08-09 12:56:12.171 [info] Lock '/workspace/.vscode-remote/data/User/workspaceStorage/1cafd87f-1/vscode.lock': Marking the lockfile as scheduled to be released in 6000 ms.
2025-08-09 12:56:12.199 [warning] Canceled
2025-08-09 12:56:12.203 [error] ProxyResolver#resolveProxy undefined Canceled: Canceled
	at el (file:///ide/out/vs/workbench/api/node/extensionHostProcess.js:7:1556)
	at file:///ide/out/vs/workbench/api/node/extensionHostProcess.js:29:138942
	at Array.forEach (<anonymous>)
	at cS.dispose (file:///ide/out/vs/workbench/api/node/extensionHostProcess.js:29:138848)
	at KG.terminate (file:///ide/out/vs/workbench/api/node/extensionHostProcess.js:117:12333)
	at Y8.terminate (file:///ide/out/vs/workbench/api/node/extensionHostProcess.js:119:1082)
	at us (file:///ide/out/vs/workbench/api/node/extensionHostProcess.js:356:10566)
	at cE.runner (file:///ide/out/vs/workbench/api/node/extensionHostProcess.js:356:7378)
	at cE.onInterval (file:///ide/out/vs/workbench/api/node/extensionHostProcess.js:28:78950)
	at listOnTimeout (node:internal/timers:588:17)
	at process.processTimers (node:internal/timers:523:7) 
2025-08-09 12:56:12.203 [error] ProxyResolver#resolveProxy undefined Canceled: Canceled
	at el (file:///ide/out/vs/workbench/api/node/extensionHostProcess.js:7:1556)
	at file:///ide/out/vs/workbench/api/node/extensionHostProcess.js:29:138942
	at Array.forEach (<anonymous>)
	at cS.dispose (file:///ide/out/vs/workbench/api/node/extensionHostProcess.js:29:138848)
	at KG.terminate (file:///ide/out/vs/workbench/api/node/extensionHostProcess.js:117:12333)
	at Y8.terminate (file:///ide/out/vs/workbench/api/node/extensionHostProcess.js:119:1082)
	at us (file:///ide/out/vs/workbench/api/node/extensionHostProcess.js:356:10566)
	at cE.runner (file:///ide/out/vs/workbench/api/node/extensionHostProcess.js:356:7378)
	at cE.onInterval (file:///ide/out/vs/workbench/api/node/extensionHostProcess.js:28:78950)
	at listOnTimeout (node:internal/timers:588:17)
	at process.processTimers (node:internal/timers:523:7) 
2025-08-09 12:56:12.203 [error] ProxyResolver#resolveProxy undefined Canceled: Canceled
	at el (file:///ide/out/vs/workbench/api/node/extensionHostProcess.js:7:1556)
	at file:///ide/out/vs/workbench/api/node/extensionHostProcess.js:29:138942
	at Array.forEach (<anonymous>)
	at cS.dispose (file:///ide/out/vs/workbench/api/node/extensionHostProcess.js:29:138848)
	at KG.terminate (file:///ide/out/vs/workbench/api/node/extensionHostProcess.js:117:12333)
	at Y8.terminate (file:///ide/out/vs/workbench/api/node/extensionHostProcess.js:119:1082)
	at us (file:///ide/out/vs/workbench/api/node/extensionHostProcess.js:356:10566)
	at cE.runner (file:///ide/out/vs/workbench/api/node/extensionHostProcess.js:356:7378)
	at cE.onInterval (file:///ide/out/vs/workbench/api/node/extensionHostProcess.js:28:78950)
	at listOnTimeout (node:internal/timers:588:17)
	at process.processTimers (node:internal/timers:523:7) 
2025-08-09 12:56:12.203 [error] ProxyResolver#resolveProxy undefined Canceled: Canceled
	at el (file:///ide/out/vs/workbench/api/node/extensionHostProcess.js:7:1556)
	at file:///ide/out/vs/workbench/api/node/extensionHostProcess.js:29:138942
	at Array.forEach (<anonymous>)
	at cS.dispose (file:///ide/out/vs/workbench/api/node/extensionHostProcess.js:29:138848)
	at KG.terminate (file:///ide/out/vs/workbench/api/node/extensionHostProcess.js:117:12333)
	at Y8.terminate (file:///ide/out/vs/workbench/api/node/extensionHostProcess.js:119:1082)
	at us (file:///ide/out/vs/workbench/api/node/extensionHostProcess.js:356:10566)
	at cE.runner (file:///ide/out/vs/workbench/api/node/extensionHostProcess.js:356:7378)
	at cE.onInterval (file:///ide/out/vs/workbench/api/node/extensionHostProcess.js:28:78950)
	at listOnTimeout (node:internal/timers:588:17)
	at process.processTimers (node:internal/timers:523:7) 
2025-08-09 12:56:12.203 [error] ProxyResolver#resolveProxy undefined Canceled: Canceled
	at el (file:///ide/out/vs/workbench/api/node/extensionHostProcess.js:7:1556)
	at file:///ide/out/vs/workbench/api/node/extensionHostProcess.js:29:138942
	at Array.forEach (<anonymous>)
	at cS.dispose (file:///ide/out/vs/workbench/api/node/extensionHostProcess.js:29:138848)
	at KG.terminate (file:///ide/out/vs/workbench/api/node/extensionHostProcess.js:117:12333)
	at Y8.terminate (file:///ide/out/vs/workbench/api/node/extensionHostProcess.js:119:1082)
	at us (file:///ide/out/vs/workbench/api/node/extensionHostProcess.js:356:10566)
	at cE.runner (file:///ide/out/vs/workbench/api/node/extensionHostProcess.js:356:7378)
	at cE.onInterval (file:///ide/out/vs/workbench/api/node/extensionHostProcess.js:28:78950)
	at listOnTimeout (node:internal/timers:588:17)
	at process.processTimers (node:internal/timers:523:7) 
2025-08-09 12:56:12.203 [error] ProxyResolver#resolveProxy undefined Canceled: Canceled
	at el (file:///ide/out/vs/workbench/api/node/extensionHostProcess.js:7:1556)
	at file:///ide/out/vs/workbench/api/node/extensionHostProcess.js:29:138942
	at Array.forEach (<anonymous>)
	at cS.dispose (file:///ide/out/vs/workbench/api/node/extensionHostProcess.js:29:138848)
	at KG.terminate (file:///ide/out/vs/workbench/api/node/extensionHostProcess.js:117:12333)
	at Y8.terminate (file:///ide/out/vs/workbench/api/node/extensionHostProcess.js:119:1082)
	at us (file:///ide/out/vs/workbench/api/node/extensionHostProcess.js:356:10566)
	at cE.runner (file:///ide/out/vs/workbench/api/node/extensionHostProcess.js:356:7378)
	at cE.onInterval (file:///ide/out/vs/workbench/api/node/extensionHostProcess.js:28:78950)
	at listOnTimeout (node:internal/timers:588:17)
	at process.processTimers (node:internal/timers:523:7) 
2025-08-09 12:56:12.203 [error] ProxyResolver#resolveProxy undefined Canceled: Canceled
	at el (file:///ide/out/vs/workbench/api/node/extensionHostProcess.js:7:1556)
	at file:///ide/out/vs/workbench/api/node/extensionHostProcess.js:29:138942
	at Array.forEach (<anonymous>)
	at cS.dispose (file:///ide/out/vs/workbench/api/node/extensionHostProcess.js:29:138848)
	at KG.terminate (file:///ide/out/vs/workbench/api/node/extensionHostProcess.js:117:12333)
	at Y8.terminate (file:///ide/out/vs/workbench/api/node/extensionHostProcess.js:119:1082)
	at us (file:///ide/out/vs/workbench/api/node/extensionHostProcess.js:356:10566)
	at cE.runner (file:///ide/out/vs/workbench/api/node/extensionHostProcess.js:356:7378)
	at cE.onInterval (file:///ide/out/vs/workbench/api/node/extensionHostProcess.js:28:78950)
	at listOnTimeout (node:internal/timers:588:17)
	at process.processTimers (node:internal/timers:523:7) 
2025-08-09 12:56:12.204 [error] ProxyResolver#resolveProxy undefined Canceled: Canceled
	at el (file:///ide/out/vs/workbench/api/node/extensionHostProcess.js:7:1556)
	at file:///ide/out/vs/workbench/api/node/extensionHostProcess.js:29:138942
	at Array.forEach (<anonymous>)
	at cS.dispose (file:///ide/out/vs/workbench/api/node/extensionHostProcess.js:29:138848)
	at KG.terminate (file:///ide/out/vs/workbench/api/node/extensionHostProcess.js:117:12333)
	at Y8.terminate (file:///ide/out/vs/workbench/api/node/extensionHostProcess.js:119:1082)
	at us (file:///ide/out/vs/workbench/api/node/extensionHostProcess.js:356:10566)
	at cE.runner (file:///ide/out/vs/workbench/api/node/extensionHostProcess.js:356:7378)
	at cE.onInterval (file:///ide/out/vs/workbench/api/node/extensionHostProcess.js:28:78950)
	at listOnTimeout (node:internal/timers:588:17)
	at process.processTimers (node:internal/timers:523:7) 
2025-08-09 12:56:12.204 [error] ProxyResolver#resolveProxy undefined Canceled: Canceled
	at el (file:///ide/out/vs/workbench/api/node/extensionHostProcess.js:7:1556)
	at file:///ide/out/vs/workbench/api/node/extensionHostProcess.js:29:138942
	at Array.forEach (<anonymous>)
	at cS.dispose (file:///ide/out/vs/workbench/api/node/extensionHostProcess.js:29:138848)
	at KG.terminate (file:///ide/out/vs/workbench/api/node/extensionHostProcess.js:117:12333)
	at Y8.terminate (file:///ide/out/vs/workbench/api/node/extensionHostProcess.js:119:1082)
	at us (file:///ide/out/vs/workbench/api/node/extensionHostProcess.js:356:10566)
	at cE.runner (file:///ide/out/vs/workbench/api/node/extensionHostProcess.js:356:7378)
	at cE.onInterval (file:///ide/out/vs/workbench/api/node/extensionHostProcess.js:28:78950)
	at listOnTimeout (node:internal/timers:588:17)
	at process.processTimers (node:internal/timers:523:7) 
2025-08-09 12:56:12.206 [error] ProxyResolver#resolveProxy undefined Canceled: Canceled
	at el (file:///ide/out/vs/workbench/api/node/extensionHostProcess.js:7:1556)
	at file:///ide/out/vs/workbench/api/node/extensionHostProcess.js:29:138942
	at Array.forEach (<anonymous>)
	at cS.dispose (file:///ide/out/vs/workbench/api/node/extensionHostProcess.js:29:138848)
	at KG.terminate (file:///ide/out/vs/workbench/api/node/extensionHostProcess.js:117:12333)
	at Y8.terminate (file:///ide/out/vs/workbench/api/node/extensionHostProcess.js:119:1082)
	at us (file:///ide/out/vs/workbench/api/node/extensionHostProcess.js:356:10566)
	at cE.runner (file:///ide/out/vs/workbench/api/node/extensionHostProcess.js:356:7378)
	at cE.onInterval (file:///ide/out/vs/workbench/api/node/extensionHostProcess.js:28:78950)
	at listOnTimeout (node:internal/timers:588:17)
	at process.processTimers (node:internal/timers:523:7) 
2025-08-09 12:56:12.206 [error] ProxyResolver#resolveProxy undefined Canceled: Canceled
	at el (file:///ide/out/vs/workbench/api/node/extensionHostProcess.js:7:1556)
	at file:///ide/out/vs/workbench/api/node/extensionHostProcess.js:29:138942
	at Array.forEach (<anonymous>)
	at cS.dispose (file:///ide/out/vs/workbench/api/node/extensionHostProcess.js:29:138848)
	at KG.terminate (file:///ide/out/vs/workbench/api/node/extensionHostProcess.js:117:12333)
	at Y8.terminate (file:///ide/out/vs/workbench/api/node/extensionHostProcess.js:119:1082)
	at us (file:///ide/out/vs/workbench/api/node/extensionHostProcess.js:356:10566)
	at cE.runner (file:///ide/out/vs/workbench/api/node/extensionHostProcess.js:356:7378)
	at cE.onInterval (file:///ide/out/vs/workbench/api/node/extensionHostProcess.js:28:78950)
	at listOnTimeout (node:internal/timers:588:17)
	at process.processTimers (node:internal/timers:523:7) 
2025-08-09 12:56:12.206 [error] ProxyResolver#resolveProxy undefined Canceled: Canceled
	at el (file:///ide/out/vs/workbench/api/node/extensionHostProcess.js:7:1556)
	at file:///ide/out/vs/workbench/api/node/extensionHostProcess.js:29:138942
	at Array.forEach (<anonymous>)
	at cS.dispose (file:///ide/out/vs/workbench/api/node/extensionHostProcess.js:29:138848)
	at KG.terminate (file:///ide/out/vs/workbench/api/node/extensionHostProcess.js:117:12333)
	at Y8.terminate (file:///ide/out/vs/workbench/api/node/extensionHostProcess.js:119:1082)
	at us (file:///ide/out/vs/workbench/api/node/extensionHostProcess.js:356:10566)
	at cE.runner (file:///ide/out/vs/workbench/api/node/extensionHostProcess.js:356:7378)
	at cE.onInterval (file:///ide/out/vs/workbench/api/node/extensionHostProcess.js:28:78950)
	at listOnTimeout (node:internal/timers:588:17)
	at process.processTimers (node:internal/timers:523:7) 
2025-08-09 12:56:12.206 [error] ProxyResolver#resolveProxy undefined Canceled: Canceled
	at el (file:///ide/out/vs/workbench/api/node/extensionHostProcess.js:7:1556)
	at file:///ide/out/vs/workbench/api/node/extensionHostProcess.js:29:138942
	at Array.forEach (<anonymous>)
	at cS.dispose (file:///ide/out/vs/workbench/api/node/extensionHostProcess.js:29:138848)
	at KG.terminate (file:///ide/out/vs/workbench/api/node/extensionHostProcess.js:117:12333)
	at Y8.terminate (file:///ide/out/vs/workbench/api/node/extensionHostProcess.js:119:1082)
	at us (file:///ide/out/vs/workbench/api/node/extensionHostProcess.js:356:10566)
	at cE.runner (file:///ide/out/vs/workbench/api/node/extensionHostProcess.js:356:7378)
	at cE.onInterval (file:///ide/out/vs/workbench/api/node/extensionHostProcess.js:28:78950)
	at listOnTimeout (node:internal/timers:588:17)
	at process.processTimers (node:internal/timers:523:7) 
2025-08-09 12:56:12.206 [error] ProxyResolver#resolveProxy undefined Canceled: Canceled
	at el (file:///ide/out/vs/workbench/api/node/extensionHostProcess.js:7:1556)
	at file:///ide/out/vs/workbench/api/node/extensionHostProcess.js:29:138942
	at Array.forEach (<anonymous>)
	at cS.dispose (file:///ide/out/vs/workbench/api/node/extensionHostProcess.js:29:138848)
	at KG.terminate (file:///ide/out/vs/workbench/api/node/extensionHostProcess.js:117:12333)
	at Y8.terminate (file:///ide/out/vs/workbench/api/node/extensionHostProcess.js:119:1082)
	at us (file:///ide/out/vs/workbench/api/node/extensionHostProcess.js:356:10566)
	at cE.runner (file:///ide/out/vs/workbench/api/node/extensionHostProcess.js:356:7378)
	at cE.onInterval (file:///ide/out/vs/workbench/api/node/extensionHostProcess.js:28:78950)
	at listOnTimeout (node:internal/timers:588:17)
	at process.processTimers (node:internal/timers:523:7) 
2025-08-09 12:56:12.206 [error] ProxyResolver#resolveProxy undefined Canceled: Canceled
	at el (file:///ide/out/vs/workbench/api/node/extensionHostProcess.js:7:1556)
	at file:///ide/out/vs/workbench/api/node/extensionHostProcess.js:29:138942
	at Array.forEach (<anonymous>)
	at cS.dispose (file:///ide/out/vs/workbench/api/node/extensionHostProcess.js:29:138848)
	at KG.terminate (file:///ide/out/vs/workbench/api/node/extensionHostProcess.js:117:12333)
	at Y8.terminate (file:///ide/out/vs/workbench/api/node/extensionHostProcess.js:119:1082)
	at us (file:///ide/out/vs/workbench/api/node/extensionHostProcess.js:356:10566)
	at cE.runner (file:///ide/out/vs/workbench/api/node/extensionHostProcess.js:356:7378)
	at cE.onInterval (file:///ide/out/vs/workbench/api/node/extensionHostProcess.js:28:78950)
	at listOnTimeout (node:internal/timers:588:17)
	at process.processTimers (node:internal/timers:523:7) 
2025-08-09 12:56:12.206 [error] ProxyResolver#resolveProxy undefined Canceled: Canceled
	at el (file:///ide/out/vs/workbench/api/node/extensionHostProcess.js:7:1556)
	at file:///ide/out/vs/workbench/api/node/extensionHostProcess.js:29:138942
	at Array.forEach (<anonymous>)
	at cS.dispose (file:///ide/out/vs/workbench/api/node/extensionHostProcess.js:29:138848)
	at KG.terminate (file:///ide/out/vs/workbench/api/node/extensionHostProcess.js:117:12333)
	at Y8.terminate (file:///ide/out/vs/workbench/api/node/extensionHostProcess.js:119:1082)
	at us (file:///ide/out/vs/workbench/api/node/extensionHostProcess.js:356:10566)
	at cE.runner (file:///ide/out/vs/workbench/api/node/extensionHostProcess.js:356:7378)
	at cE.onInterval (file:///ide/out/vs/workbench/api/node/extensionHostProcess.js:28:78950)
	at listOnTimeout (node:internal/timers:588:17)
	at process.processTimers (node:internal/timers:523:7) 
2025-08-09 12:56:12.206 [error] ProxyResolver#resolveProxy undefined Canceled: Canceled
	at el (file:///ide/out/vs/workbench/api/node/extensionHostProcess.js:7:1556)
	at file:///ide/out/vs/workbench/api/node/extensionHostProcess.js:29:138942
	at Array.forEach (<anonymous>)
	at cS.dispose (file:///ide/out/vs/workbench/api/node/extensionHostProcess.js:29:138848)
	at KG.terminate (file:///ide/out/vs/workbench/api/node/extensionHostProcess.js:117:12333)
	at Y8.terminate (file:///ide/out/vs/workbench/api/node/extensionHostProcess.js:119:1082)
	at us (file:///ide/out/vs/workbench/api/node/extensionHostProcess.js:356:10566)
	at cE.runner (file:///ide/out/vs/workbench/api/node/extensionHostProcess.js:356:7378)
	at cE.onInterval (file:///ide/out/vs/workbench/api/node/extensionHostProcess.js:28:78950)
	at listOnTimeout (node:internal/timers:588:17)
	at process.processTimers (node:internal/timers:523:7) 
2025-08-09 12:56:12.206 [error] ProxyResolver#resolveProxy undefined Canceled: Canceled
	at el (file:///ide/out/vs/workbench/api/node/extensionHostProcess.js:7:1556)
	at file:///ide/out/vs/workbench/api/node/extensionHostProcess.js:29:138942
	at Array.forEach (<anonymous>)
	at cS.dispose (file:///ide/out/vs/workbench/api/node/extensionHostProcess.js:29:138848)
	at KG.terminate (file:///ide/out/vs/workbench/api/node/extensionHostProcess.js:117:12333)
	at Y8.terminate (file:///ide/out/vs/workbench/api/node/extensionHostProcess.js:119:1082)
	at us (file:///ide/out/vs/workbench/api/node/extensionHostProcess.js:356:10566)
	at cE.runner (file:///ide/out/vs/workbench/api/node/extensionHostProcess.js:356:7378)
	at cE.onInterval (file:///ide/out/vs/workbench/api/node/extensionHostProcess.js:28:78950)
	at listOnTimeout (node:internal/timers:588:17)
	at process.processTimers (node:internal/timers:523:7) 
2025-08-09 12:56:12.206 [error] ProxyResolver#resolveProxy undefined Canceled: Canceled
	at el (file:///ide/out/vs/workbench/api/node/extensionHostProcess.js:7:1556)
	at file:///ide/out/vs/workbench/api/node/extensionHostProcess.js:29:138942
	at Array.forEach (<anonymous>)
	at cS.dispose (file:///ide/out/vs/workbench/api/node/extensionHostProcess.js:29:138848)
	at KG.terminate (file:///ide/out/vs/workbench/api/node/extensionHostProcess.js:117:12333)
	at Y8.terminate (file:///ide/out/vs/workbench/api/node/extensionHostProcess.js:119:1082)
	at us (file:///ide/out/vs/workbench/api/node/extensionHostProcess.js:356:10566)
	at cE.runner (file:///ide/out/vs/workbench/api/node/extensionHostProcess.js:356:7378)
	at cE.onInterval (file:///ide/out/vs/workbench/api/node/extensionHostProcess.js:28:78950)
	at listOnTimeout (node:internal/timers:588:17)
	at process.processTimers (node:internal/timers:523:7) 
2025-08-09 12:56:12.206 [error] ProxyResolver#resolveProxy undefined Canceled: Canceled
	at el (file:///ide/out/vs/workbench/api/node/extensionHostProcess.js:7:1556)
	at file:///ide/out/vs/workbench/api/node/extensionHostProcess.js:29:138942
	at Array.forEach (<anonymous>)
	at cS.dispose (file:///ide/out/vs/workbench/api/node/extensionHostProcess.js:29:138848)
	at KG.terminate (file:///ide/out/vs/workbench/api/node/extensionHostProcess.js:117:12333)
	at Y8.terminate (file:///ide/out/vs/workbench/api/node/extensionHostProcess.js:119:1082)
	at us (file:///ide/out/vs/workbench/api/node/extensionHostProcess.js:356:10566)
	at cE.runner (file:///ide/out/vs/workbench/api/node/extensionHostProcess.js:356:7378)
	at cE.onInterval (file:///ide/out/vs/workbench/api/node/extensionHostProcess.js:28:78950)
	at listOnTimeout (node:internal/timers:588:17)
	at process.processTimers (node:internal/timers:523:7) 
2025-08-09 12:56:12.206 [error] ProxyResolver#resolveProxy undefined Canceled: Canceled
	at el (file:///ide/out/vs/workbench/api/node/extensionHostProcess.js:7:1556)
	at file:///ide/out/vs/workbench/api/node/extensionHostProcess.js:29:138942
	at Array.forEach (<anonymous>)
	at cS.dispose (file:///ide/out/vs/workbench/api/node/extensionHostProcess.js:29:138848)
	at KG.terminate (file:///ide/out/vs/workbench/api/node/extensionHostProcess.js:117:12333)
	at Y8.terminate (file:///ide/out/vs/workbench/api/node/extensionHostProcess.js:119:1082)
	at us (file:///ide/out/vs/workbench/api/node/extensionHostProcess.js:356:10566)
	at cE.runner (file:///ide/out/vs/workbench/api/node/extensionHostProcess.js:356:7378)
	at cE.onInterval (file:///ide/out/vs/workbench/api/node/extensionHostProcess.js:28:78950)
	at listOnTimeout (node:internal/timers:588:17)
	at process.processTimers (node:internal/timers:523:7) 
2025-08-09 12:56:12.206 [error] ProxyResolver#resolveProxy undefined Canceled: Canceled
	at el (file:///ide/out/vs/workbench/api/node/extensionHostProcess.js:7:1556)
	at file:///ide/out/vs/workbench/api/node/extensionHostProcess.js:29:138942
	at Array.forEach (<anonymous>)
	at cS.dispose (file:///ide/out/vs/workbench/api/node/extensionHostProcess.js:29:138848)
	at KG.terminate (file:///ide/out/vs/workbench/api/node/extensionHostProcess.js:117:12333)
	at Y8.terminate (file:///ide/out/vs/workbench/api/node/extensionHostProcess.js:119:1082)
	at us (file:///ide/out/vs/workbench/api/node/extensionHostProcess.js:356:10566)
	at cE.runner (file:///ide/out/vs/workbench/api/node/extensionHostProcess.js:356:7378)
	at cE.onInterval (file:///ide/out/vs/workbench/api/node/extensionHostProcess.js:28:78950)
	at listOnTimeout (node:internal/timers:588:17)
	at process.processTimers (node:internal/timers:523:7) 
2025-08-09 12:56:12.206 [error] ProxyResolver#resolveProxy undefined Canceled: Canceled
	at el (file:///ide/out/vs/workbench/api/node/extensionHostProcess.js:7:1556)
	at file:///ide/out/vs/workbench/api/node/extensionHostProcess.js:29:138942
	at Array.forEach (<anonymous>)
	at cS.dispose (file:///ide/out/vs/workbench/api/node/extensionHostProcess.js:29:138848)
	at KG.terminate (file:///ide/out/vs/workbench/api/node/extensionHostProcess.js:117:12333)
	at Y8.terminate (file:///ide/out/vs/workbench/api/node/extensionHostProcess.js:119:1082)
	at us (file:///ide/out/vs/workbench/api/node/extensionHostProcess.js:356:10566)
	at cE.runner (file:///ide/out/vs/workbench/api/node/extensionHostProcess.js:356:7378)
	at cE.onInterval (file:///ide/out/vs/workbench/api/node/extensionHostProcess.js:28:78950)
	at listOnTimeout (node:internal/timers:588:17)
	at process.processTimers (node:internal/timers:523:7) 
2025-08-09 12:56:12.206 [error] ProxyResolver#resolveProxy undefined Canceled: Canceled
	at el (file:///ide/out/vs/workbench/api/node/extensionHostProcess.js:7:1556)
	at file:///ide/out/vs/workbench/api/node/extensionHostProcess.js:29:138942
	at Array.forEach (<anonymous>)
	at cS.dispose (file:///ide/out/vs/workbench/api/node/extensionHostProcess.js:29:138848)
	at KG.terminate (file:///ide/out/vs/workbench/api/node/extensionHostProcess.js:117:12333)
	at Y8.terminate (file:///ide/out/vs/workbench/api/node/extensionHostProcess.js:119:1082)
	at us (file:///ide/out/vs/workbench/api/node/extensionHostProcess.js:356:10566)
	at cE.runner (file:///ide/out/vs/workbench/api/node/extensionHostProcess.js:356:7378)
	at cE.onInterval (file:///ide/out/vs/workbench/api/node/extensionHostProcess.js:28:78950)
	at listOnTimeout (node:internal/timers:588:17)
	at process.processTimers (node:internal/timers:523:7) 
2025-08-09 12:56:12.206 [error] ProxyResolver#resolveProxy undefined Canceled: Canceled
	at el (file:///ide/out/vs/workbench/api/node/extensionHostProcess.js:7:1556)
	at file:///ide/out/vs/workbench/api/node/extensionHostProcess.js:29:138942
	at Array.forEach (<anonymous>)
	at cS.dispose (file:///ide/out/vs/workbench/api/node/extensionHostProcess.js:29:138848)
	at KG.terminate (file:///ide/out/vs/workbench/api/node/extensionHostProcess.js:117:12333)
	at Y8.terminate (file:///ide/out/vs/workbench/api/node/extensionHostProcess.js:119:1082)
	at us (file:///ide/out/vs/workbench/api/node/extensionHostProcess.js:356:10566)
	at cE.runner (file:///ide/out/vs/workbench/api/node/extensionHostProcess.js:356:7378)
	at cE.onInterval (file:///ide/out/vs/workbench/api/node/extensionHostProcess.js:28:78950)
	at listOnTimeout (node:internal/timers:588:17)
	at process.processTimers (node:internal/timers:523:7) 
2025-08-09 12:56:12.206 [error] ProxyResolver#resolveProxy undefined Canceled: Canceled
	at el (file:///ide/out/vs/workbench/api/node/extensionHostProcess.js:7:1556)
	at file:///ide/out/vs/workbench/api/node/extensionHostProcess.js:29:138942
	at Array.forEach (<anonymous>)
	at cS.dispose (file:///ide/out/vs/workbench/api/node/extensionHostProcess.js:29:138848)
	at KG.terminate (file:///ide/out/vs/workbench/api/node/extensionHostProcess.js:117:12333)
	at Y8.terminate (file:///ide/out/vs/workbench/api/node/extensionHostProcess.js:119:1082)
	at us (file:///ide/out/vs/workbench/api/node/extensionHostProcess.js:356:10566)
	at cE.runner (file:///ide/out/vs/workbench/api/node/extensionHostProcess.js:356:7378)
	at cE.onInterval (file:///ide/out/vs/workbench/api/node/extensionHostProcess.js:28:78950)
	at listOnTimeout (node:internal/timers:588:17)
	at process.processTimers (node:internal/timers:523:7) 
2025-08-09 12:56:12.206 [error] ProxyResolver#resolveProxy undefined Canceled: Canceled
	at el (file:///ide/out/vs/workbench/api/node/extensionHostProcess.js:7:1556)
	at file:///ide/out/vs/workbench/api/node/extensionHostProcess.js:29:138942
	at Array.forEach (<anonymous>)
	at cS.dispose (file:///ide/out/vs/workbench/api/node/extensionHostProcess.js:29:138848)
	at KG.terminate (file:///ide/out/vs/workbench/api/node/extensionHostProcess.js:117:12333)
	at Y8.terminate (file:///ide/out/vs/workbench/api/node/extensionHostProcess.js:119:1082)
	at us (file:///ide/out/vs/workbench/api/node/extensionHostProcess.js:356:10566)
	at cE.runner (file:///ide/out/vs/workbench/api/node/extensionHostProcess.js:356:7378)
	at cE.onInterval (file:///ide/out/vs/workbench/api/node/extensionHostProcess.js:28:78950)
	at listOnTimeout (node:internal/timers:588:17)
	at process.processTimers (node:internal/timers:523:7) 
2025-08-09 12:56:12.206 [error] ProxyResolver#resolveProxy undefined Canceled: Canceled
	at el (file:///ide/out/vs/workbench/api/node/extensionHostProcess.js:7:1556)
	at file:///ide/out/vs/workbench/api/node/extensionHostProcess.js:29:138942
	at Array.forEach (<anonymous>)
	at cS.dispose (file:///ide/out/vs/workbench/api/node/extensionHostProcess.js:29:138848)
	at KG.terminate (file:///ide/out/vs/workbench/api/node/extensionHostProcess.js:117:12333)
	at Y8.terminate (file:///ide/out/vs/workbench/api/node/extensionHostProcess.js:119:1082)
	at us (file:///ide/out/vs/workbench/api/node/extensionHostProcess.js:356:10566)
	at cE.runner (file:///ide/out/vs/workbench/api/node/extensionHostProcess.js:356:7378)
	at cE.onInterval (file:///ide/out/vs/workbench/api/node/extensionHostProcess.js:28:78950)
	at listOnTimeout (node:internal/timers:588:17)
	at process.processTimers (node:internal/timers:523:7) 
2025-08-09 12:56:12.206 [error] ProxyResolver#resolveProxy undefined Canceled: Canceled
	at el (file:///ide/out/vs/workbench/api/node/extensionHostProcess.js:7:1556)
	at file:///ide/out/vs/workbench/api/node/extensionHostProcess.js:29:138942
	at Array.forEach (<anonymous>)
	at cS.dispose (file:///ide/out/vs/workbench/api/node/extensionHostProcess.js:29:138848)
	at KG.terminate (file:///ide/out/vs/workbench/api/node/extensionHostProcess.js:117:12333)
	at Y8.terminate (file:///ide/out/vs/workbench/api/node/extensionHostProcess.js:119:1082)
	at us (file:///ide/out/vs/workbench/api/node/extensionHostProcess.js:356:10566)
	at cE.runner (file:///ide/out/vs/workbench/api/node/extensionHostProcess.js:356:7378)
	at cE.onInterval (file:///ide/out/vs/workbench/api/node/extensionHostProcess.js:28:78950)
	at listOnTimeout (node:internal/timers:588:17)
	at process.processTimers (node:internal/timers:523:7) 
2025-08-09 12:56:12.206 [error] ProxyResolver#resolveProxy undefined Canceled: Canceled
	at el (file:///ide/out/vs/workbench/api/node/extensionHostProcess.js:7:1556)
	at file:///ide/out/vs/workbench/api/node/extensionHostProcess.js:29:138942
	at Array.forEach (<anonymous>)
	at cS.dispose (file:///ide/out/vs/workbench/api/node/extensionHostProcess.js:29:138848)
	at KG.terminate (file:///ide/out/vs/workbench/api/node/extensionHostProcess.js:117:12333)
	at Y8.terminate (file:///ide/out/vs/workbench/api/node/extensionHostProcess.js:119:1082)
	at us (file:///ide/out/vs/workbench/api/node/extensionHostProcess.js:356:10566)
	at cE.runner (file:///ide/out/vs/workbench/api/node/extensionHostProcess.js:356:7378)
	at cE.onInterval (file:///ide/out/vs/workbench/api/node/extensionHostProcess.js:28:78950)
	at listOnTimeout (node:internal/timers:588:17)
	at process.processTimers (node:internal/timers:523:7) 
2025-08-09 12:56:12.206 [error] ProxyResolver#resolveProxy undefined Canceled: Canceled
	at el (file:///ide/out/vs/workbench/api/node/extensionHostProcess.js:7:1556)
	at file:///ide/out/vs/workbench/api/node/extensionHostProcess.js:29:138942
	at Array.forEach (<anonymous>)
	at cS.dispose (file:///ide/out/vs/workbench/api/node/extensionHostProcess.js:29:138848)
	at KG.terminate (file:///ide/out/vs/workbench/api/node/extensionHostProcess.js:117:12333)
	at Y8.terminate (file:///ide/out/vs/workbench/api/node/extensionHostProcess.js:119:1082)
	at us (file:///ide/out/vs/workbench/api/node/extensionHostProcess.js:356:10566)
	at cE.runner (file:///ide/out/vs/workbench/api/node/extensionHostProcess.js:356:7378)
	at cE.onInterval (file:///ide/out/vs/workbench/api/node/extensionHostProcess.js:28:78950)
	at listOnTimeout (node:internal/timers:588:17)
	at process.processTimers (node:internal/timers:523:7) 
2025-08-09 12:56:12.207 [error] ProxyResolver#resolveProxy undefined Canceled: Canceled
	at el (file:///ide/out/vs/workbench/api/node/extensionHostProcess.js:7:1556)
	at file:///ide/out/vs/workbench/api/node/extensionHostProcess.js:29:138942
	at Array.forEach (<anonymous>)
	at cS.dispose (file:///ide/out/vs/workbench/api/node/extensionHostProcess.js:29:138848)
	at KG.terminate (file:///ide/out/vs/workbench/api/node/extensionHostProcess.js:117:12333)
	at Y8.terminate (file:///ide/out/vs/workbench/api/node/extensionHostProcess.js:119:1082)
	at us (file:///ide/out/vs/workbench/api/node/extensionHostProcess.js:356:10566)
	at cE.runner (file:///ide/out/vs/workbench/api/node/extensionHostProcess.js:356:7378)
	at cE.onInterval (file:///ide/out/vs/workbench/api/node/extensionHostProcess.js:28:78950)
	at listOnTimeout (node:internal/timers:588:17)
	at process.processTimers (node:internal/timers:523:7) 
2025-08-09 12:56:12.207 [error] ProxyResolver#resolveProxy undefined Canceled: Canceled
	at el (file:///ide/out/vs/workbench/api/node/extensionHostProcess.js:7:1556)
	at file:///ide/out/vs/workbench/api/node/extensionHostProcess.js:29:138942
	at Array.forEach (<anonymous>)
	at cS.dispose (file:///ide/out/vs/workbench/api/node/extensionHostProcess.js:29:138848)
	at KG.terminate (file:///ide/out/vs/workbench/api/node/extensionHostProcess.js:117:12333)
	at Y8.terminate (file:///ide/out/vs/workbench/api/node/extensionHostProcess.js:119:1082)
	at us (file:///ide/out/vs/workbench/api/node/extensionHostProcess.js:356:10566)
	at cE.runner (file:///ide/out/vs/workbench/api/node/extensionHostProcess.js:356:7378)
	at cE.onInterval (file:///ide/out/vs/workbench/api/node/extensionHostProcess.js:28:78950)
	at listOnTimeout (node:internal/timers:588:17)
	at process.processTimers (node:internal/timers:523:7) 
2025-08-09 12:56:12.207 [error] ProxyResolver#resolveProxy undefined Canceled: Canceled
	at el (file:///ide/out/vs/workbench/api/node/extensionHostProcess.js:7:1556)
	at file:///ide/out/vs/workbench/api/node/extensionHostProcess.js:29:138942
	at Array.forEach (<anonymous>)
	at cS.dispose (file:///ide/out/vs/workbench/api/node/extensionHostProcess.js:29:138848)
	at KG.terminate (file:///ide/out/vs/workbench/api/node/extensionHostProcess.js:117:12333)
	at Y8.terminate (file:///ide/out/vs/workbench/api/node/extensionHostProcess.js:119:1082)
	at us (file:///ide/out/vs/workbench/api/node/extensionHostProcess.js:356:10566)
	at cE.runner (file:///ide/out/vs/workbench/api/node/extensionHostProcess.js:356:7378)
	at cE.onInterval (file:///ide/out/vs/workbench/api/node/extensionHostProcess.js:28:78950)
	at listOnTimeout (node:internal/timers:588:17)
	at process.processTimers (node:internal/timers:523:7) 
2025-08-09 12:56:12.207 [error] ProxyResolver#resolveProxy undefined Canceled: Canceled
	at el (file:///ide/out/vs/workbench/api/node/extensionHostProcess.js:7:1556)
	at file:///ide/out/vs/workbench/api/node/extensionHostProcess.js:29:138942
	at Array.forEach (<anonymous>)
	at cS.dispose (file:///ide/out/vs/workbench/api/node/extensionHostProcess.js:29:138848)
	at KG.terminate (file:///ide/out/vs/workbench/api/node/extensionHostProcess.js:117:12333)
	at Y8.terminate (file:///ide/out/vs/workbench/api/node/extensionHostProcess.js:119:1082)
	at us (file:///ide/out/vs/workbench/api/node/extensionHostProcess.js:356:10566)
	at cE.runner (file:///ide/out/vs/workbench/api/node/extensionHostProcess.js:356:7378)
	at cE.onInterval (file:///ide/out/vs/workbench/api/node/extensionHostProcess.js:28:78950)
	at listOnTimeout (node:internal/timers:588:17)
	at process.processTimers (node:internal/timers:523:7) 
2025-08-09 12:56:12.207 [error] ProxyResolver#resolveProxy undefined Canceled: Canceled
	at el (file:///ide/out/vs/workbench/api/node/extensionHostProcess.js:7:1556)
	at file:///ide/out/vs/workbench/api/node/extensionHostProcess.js:29:138942
	at Array.forEach (<anonymous>)
	at cS.dispose (file:///ide/out/vs/workbench/api/node/extensionHostProcess.js:29:138848)
	at KG.terminate (file:///ide/out/vs/workbench/api/node/extensionHostProcess.js:117:12333)
	at Y8.terminate (file:///ide/out/vs/workbench/api/node/extensionHostProcess.js:119:1082)
	at us (file:///ide/out/vs/workbench/api/node/extensionHostProcess.js:356:10566)
	at cE.runner (file:///ide/out/vs/workbench/api/node/extensionHostProcess.js:356:7378)
	at cE.onInterval (file:///ide/out/vs/workbench/api/node/extensionHostProcess.js:28:78950)
	at listOnTimeout (node:internal/timers:588:17)
	at process.processTimers (node:internal/timers:523:7) 
2025-08-09 12:56:12.207 [error] ProxyResolver#resolveProxy undefined Canceled: Canceled
	at el (file:///ide/out/vs/workbench/api/node/extensionHostProcess.js:7:1556)
	at file:///ide/out/vs/workbench/api/node/extensionHostProcess.js:29:138942
	at Array.forEach (<anonymous>)
	at cS.dispose (file:///ide/out/vs/workbench/api/node/extensionHostProcess.js:29:138848)
	at KG.terminate (file:///ide/out/vs/workbench/api/node/extensionHostProcess.js:117:12333)
	at Y8.terminate (file:///ide/out/vs/workbench/api/node/extensionHostProcess.js:119:1082)
	at us (file:///ide/out/vs/workbench/api/node/extensionHostProcess.js:356:10566)
	at cE.runner (file:///ide/out/vs/workbench/api/node/extensionHostProcess.js:356:7378)
	at cE.onInterval (file:///ide/out/vs/workbench/api/node/extensionHostProcess.js:28:78950)
	at listOnTimeout (node:internal/timers:588:17)
	at process.processTimers (node:internal/timers:523:7) 
2025-08-09 12:56:12.207 [error] ProxyResolver#resolveProxy undefined Canceled: Canceled
	at el (file:///ide/out/vs/workbench/api/node/extensionHostProcess.js:7:1556)
	at file:///ide/out/vs/workbench/api/node/extensionHostProcess.js:29:138942
	at Array.forEach (<anonymous>)
	at cS.dispose (file:///ide/out/vs/workbench/api/node/extensionHostProcess.js:29:138848)
	at KG.terminate (file:///ide/out/vs/workbench/api/node/extensionHostProcess.js:117:12333)
	at Y8.terminate (file:///ide/out/vs/workbench/api/node/extensionHostProcess.js:119:1082)
	at us (file:///ide/out/vs/workbench/api/node/extensionHostProcess.js:356:10566)
	at cE.runner (file:///ide/out/vs/workbench/api/node/extensionHostProcess.js:356:7378)
	at cE.onInterval (file:///ide/out/vs/workbench/api/node/extensionHostProcess.js:28:78950)
	at listOnTimeout (node:internal/timers:588:17)
	at process.processTimers (node:internal/timers:523:7) 
2025-08-09 12:56:12.207 [error] ProxyResolver#resolveProxy undefined Canceled: Canceled
	at el (file:///ide/out/vs/workbench/api/node/extensionHostProcess.js:7:1556)
	at file:///ide/out/vs/workbench/api/node/extensionHostProcess.js:29:138942
	at Array.forEach (<anonymous>)
	at cS.dispose (file:///ide/out/vs/workbench/api/node/extensionHostProcess.js:29:138848)
	at KG.terminate (file:///ide/out/vs/workbench/api/node/extensionHostProcess.js:117:12333)
	at Y8.terminate (file:///ide/out/vs/workbench/api/node/extensionHostProcess.js:119:1082)
	at us (file:///ide/out/vs/workbench/api/node/extensionHostProcess.js:356:10566)
	at cE.runner (file:///ide/out/vs/workbench/api/node/extensionHostProcess.js:356:7378)
	at cE.onInterval (file:///ide/out/vs/workbench/api/node/extensionHostProcess.js:28:78950)
	at listOnTimeout (node:internal/timers:588:17)
	at process.processTimers (node:internal/timers:523:7) 
2025-08-09 12:56:12.207 [error] ProxyResolver#resolveProxy undefined Canceled: Canceled
	at el (file:///ide/out/vs/workbench/api/node/extensionHostProcess.js:7:1556)
	at file:///ide/out/vs/workbench/api/node/extensionHostProcess.js:29:138942
	at Array.forEach (<anonymous>)
	at cS.dispose (file:///ide/out/vs/workbench/api/node/extensionHostProcess.js:29:138848)
	at KG.terminate (file:///ide/out/vs/workbench/api/node/extensionHostProcess.js:117:12333)
	at Y8.terminate (file:///ide/out/vs/workbench/api/node/extensionHostProcess.js:119:1082)
	at us (file:///ide/out/vs/workbench/api/node/extensionHostProcess.js:356:10566)
	at cE.runner (file:///ide/out/vs/workbench/api/node/extensionHostProcess.js:356:7378)
	at cE.onInterval (file:///ide/out/vs/workbench/api/node/extensionHostProcess.js:28:78950)
	at listOnTimeout (node:internal/timers:588:17)
	at process.processTimers (node:internal/timers:523:7) 
2025-08-09 12:56:12.207 [error] ProxyResolver#resolveProxy undefined Canceled: Canceled
	at el (file:///ide/out/vs/workbench/api/node/extensionHostProcess.js:7:1556)
	at file:///ide/out/vs/workbench/api/node/extensionHostProcess.js:29:138942
	at Array.forEach (<anonymous>)
	at cS.dispose (file:///ide/out/vs/workbench/api/node/extensionHostProcess.js:29:138848)
	at KG.terminate (file:///ide/out/vs/workbench/api/node/extensionHostProcess.js:117:12333)
	at Y8.terminate (file:///ide/out/vs/workbench/api/node/extensionHostProcess.js:119:1082)
	at us (file:///ide/out/vs/workbench/api/node/extensionHostProcess.js:356:10566)
	at cE.runner (file:///ide/out/vs/workbench/api/node/extensionHostProcess.js:356:7378)
	at cE.onInterval (file:///ide/out/vs/workbench/api/node/extensionHostProcess.js:28:78950)
	at listOnTimeout (node:internal/timers:588:17)
	at process.processTimers (node:internal/timers:523:7) 
2025-08-09 12:56:12.207 [error] ProxyResolver#resolveProxy undefined Canceled: Canceled
	at el (file:///ide/out/vs/workbench/api/node/extensionHostProcess.js:7:1556)
	at file:///ide/out/vs/workbench/api/node/extensionHostProcess.js:29:138942
	at Array.forEach (<anonymous>)
	at cS.dispose (file:///ide/out/vs/workbench/api/node/extensionHostProcess.js:29:138848)
	at KG.terminate (file:///ide/out/vs/workbench/api/node/extensionHostProcess.js:117:12333)
	at Y8.terminate (file:///ide/out/vs/workbench/api/node/extensionHostProcess.js:119:1082)
	at us (file:///ide/out/vs/workbench/api/node/extensionHostProcess.js:356:10566)
	at cE.runner (file:///ide/out/vs/workbench/api/node/extensionHostProcess.js:356:7378)
	at cE.onInterval (file:///ide/out/vs/workbench/api/node/extensionHostProcess.js:28:78950)
	at listOnTimeout (node:internal/timers:588:17)
	at process.processTimers (node:internal/timers:523:7) 
2025-08-09 12:56:12.207 [error] ProxyResolver#resolveProxy undefined Canceled: Canceled
	at el (file:///ide/out/vs/workbench/api/node/extensionHostProcess.js:7:1556)
	at file:///ide/out/vs/workbench/api/node/extensionHostProcess.js:29:138942
	at Array.forEach (<anonymous>)
	at cS.dispose (file:///ide/out/vs/workbench/api/node/extensionHostProcess.js:29:138848)
	at KG.terminate (file:///ide/out/vs/workbench/api/node/extensionHostProcess.js:117:12333)
	at Y8.terminate (file:///ide/out/vs/workbench/api/node/extensionHostProcess.js:119:1082)
	at us (file:///ide/out/vs/workbench/api/node/extensionHostProcess.js:356:10566)
	at cE.runner (file:///ide/out/vs/workbench/api/node/extensionHostProcess.js:356:7378)
	at cE.onInterval (file:///ide/out/vs/workbench/api/node/extensionHostProcess.js:28:78950)
	at listOnTimeout (node:internal/timers:588:17)
	at process.processTimers (node:internal/timers:523:7) 
2025-08-09 12:56:12.207 [error] ProxyResolver#resolveProxy undefined Canceled: Canceled
	at el (file:///ide/out/vs/workbench/api/node/extensionHostProcess.js:7:1556)
	at file:///ide/out/vs/workbench/api/node/extensionHostProcess.js:29:138942
	at Array.forEach (<anonymous>)
	at cS.dispose (file:///ide/out/vs/workbench/api/node/extensionHostProcess.js:29:138848)
	at KG.terminate (file:///ide/out/vs/workbench/api/node/extensionHostProcess.js:117:12333)
	at Y8.terminate (file:///ide/out/vs/workbench/api/node/extensionHostProcess.js:119:1082)
	at us (file:///ide/out/vs/workbench/api/node/extensionHostProcess.js:356:10566)
	at cE.runner (file:///ide/out/vs/workbench/api/node/extensionHostProcess.js:356:7378)
	at cE.onInterval (file:///ide/out/vs/workbench/api/node/extensionHostProcess.js:28:78950)
	at listOnTimeout (node:internal/timers:588:17)
	at process.processTimers (node:internal/timers:523:7) 
2025-08-09 12:56:12.207 [error] ProxyResolver#resolveProxy undefined Canceled: Canceled
	at el (file:///ide/out/vs/workbench/api/node/extensionHostProcess.js:7:1556)
	at file:///ide/out/vs/workbench/api/node/extensionHostProcess.js:29:138942
	at Array.forEach (<anonymous>)
	at cS.dispose (file:///ide/out/vs/workbench/api/node/extensionHostProcess.js:29:138848)
	at KG.terminate (file:///ide/out/vs/workbench/api/node/extensionHostProcess.js:117:12333)
	at Y8.terminate (file:///ide/out/vs/workbench/api/node/extensionHostProcess.js:119:1082)
	at us (file:///ide/out/vs/workbench/api/node/extensionHostProcess.js:356:10566)
	at cE.runner (file:///ide/out/vs/workbench/api/node/extensionHostProcess.js:356:7378)
	at cE.onInterval (file:///ide/out/vs/workbench/api/node/extensionHostProcess.js:28:78950)
	at listOnTimeout (node:internal/timers:588:17)
	at process.processTimers (node:internal/timers:523:7) 
2025-08-09 12:56:12.207 [error] ProxyResolver#resolveProxy undefined Canceled: Canceled
	at el (file:///ide/out/vs/workbench/api/node/extensionHostProcess.js:7:1556)
	at file:///ide/out/vs/workbench/api/node/extensionHostProcess.js:29:138942
	at Array.forEach (<anonymous>)
	at cS.dispose (file:///ide/out/vs/workbench/api/node/extensionHostProcess.js:29:138848)
	at KG.terminate (file:///ide/out/vs/workbench/api/node/extensionHostProcess.js:117:12333)
	at Y8.terminate (file:///ide/out/vs/workbench/api/node/extensionHostProcess.js:119:1082)
	at us (file:///ide/out/vs/workbench/api/node/extensionHostProcess.js:356:10566)
	at cE.runner (file:///ide/out/vs/workbench/api/node/extensionHostProcess.js:356:7378)
	at cE.onInterval (file:///ide/out/vs/workbench/api/node/extensionHostProcess.js:28:78950)
	at listOnTimeout (node:internal/timers:588:17)
	at process.processTimers (node:internal/timers:523:7) 
2025-08-09 12:56:12.207 [error] ProxyResolver#resolveProxy undefined Canceled: Canceled
	at el (file:///ide/out/vs/workbench/api/node/extensionHostProcess.js:7:1556)
	at file:///ide/out/vs/workbench/api/node/extensionHostProcess.js:29:138942
	at Array.forEach (<anonymous>)
	at cS.dispose (file:///ide/out/vs/workbench/api/node/extensionHostProcess.js:29:138848)
	at KG.terminate (file:///ide/out/vs/workbench/api/node/extensionHostProcess.js:117:12333)
	at Y8.terminate (file:///ide/out/vs/workbench/api/node/extensionHostProcess.js:119:1082)
	at us (file:///ide/out/vs/workbench/api/node/extensionHostProcess.js:356:10566)
	at cE.runner (file:///ide/out/vs/workbench/api/node/extensionHostProcess.js:356:7378)
	at cE.onInterval (file:///ide/out/vs/workbench/api/node/extensionHostProcess.js:28:78950)
	at listOnTimeout (node:internal/timers:588:17)
	at process.processTimers (node:internal/timers:523:7) 
2025-08-09 12:56:12.207 [error] ProxyResolver#resolveProxy undefined Canceled: Canceled
	at el (file:///ide/out/vs/workbench/api/node/extensionHostProcess.js:7:1556)
	at file:///ide/out/vs/workbench/api/node/extensionHostProcess.js:29:138942
	at Array.forEach (<anonymous>)
	at cS.dispose (file:///ide/out/vs/workbench/api/node/extensionHostProcess.js:29:138848)
	at KG.terminate (file:///ide/out/vs/workbench/api/node/extensionHostProcess.js:117:12333)
	at Y8.terminate (file:///ide/out/vs/workbench/api/node/extensionHostProcess.js:119:1082)
	at us (file:///ide/out/vs/workbench/api/node/extensionHostProcess.js:356:10566)
	at cE.runner (file:///ide/out/vs/workbench/api/node/extensionHostProcess.js:356:7378)
	at cE.onInterval (file:///ide/out/vs/workbench/api/node/extensionHostProcess.js:28:78950)
	at listOnTimeout (node:internal/timers:588:17)
	at process.processTimers (node:internal/timers:523:7) 
2025-08-09 12:56:12.207 [error] ProxyResolver#resolveProxy undefined Canceled: Canceled
	at el (file:///ide/out/vs/workbench/api/node/extensionHostProcess.js:7:1556)
	at file:///ide/out/vs/workbench/api/node/extensionHostProcess.js:29:138942
	at Array.forEach (<anonymous>)
	at cS.dispose (file:///ide/out/vs/workbench/api/node/extensionHostProcess.js:29:138848)
	at KG.terminate (file:///ide/out/vs/workbench/api/node/extensionHostProcess.js:117:12333)
	at Y8.terminate (file:///ide/out/vs/workbench/api/node/extensionHostProcess.js:119:1082)
	at us (file:///ide/out/vs/workbench/api/node/extensionHostProcess.js:356:10566)
	at cE.runner (file:///ide/out/vs/workbench/api/node/extensionHostProcess.js:356:7378)
	at cE.onInterval (file:///ide/out/vs/workbench/api/node/extensionHostProcess.js:28:78950)
	at listOnTimeout (node:internal/timers:588:17)
	at process.processTimers (node:internal/timers:523:7) 
2025-08-09 12:56:12.207 [error] ProxyResolver#resolveProxy undefined Canceled: Canceled
	at el (file:///ide/out/vs/workbench/api/node/extensionHostProcess.js:7:1556)
	at file:///ide/out/vs/workbench/api/node/extensionHostProcess.js:29:138942
	at Array.forEach (<anonymous>)
	at cS.dispose (file:///ide/out/vs/workbench/api/node/extensionHostProcess.js:29:138848)
	at KG.terminate (file:///ide/out/vs/workbench/api/node/extensionHostProcess.js:117:12333)
	at Y8.terminate (file:///ide/out/vs/workbench/api/node/extensionHostProcess.js:119:1082)
	at us (file:///ide/out/vs/workbench/api/node/extensionHostProcess.js:356:10566)
	at cE.runner (file:///ide/out/vs/workbench/api/node/extensionHostProcess.js:356:7378)
	at cE.onInterval (file:///ide/out/vs/workbench/api/node/extensionHostProcess.js:28:78950)
	at listOnTimeout (node:internal/timers:588:17)
	at process.processTimers (node:internal/timers:523:7) 
2025-08-09 12:56:12.207 [error] ProxyResolver#resolveProxy undefined Canceled: Canceled
	at el (file:///ide/out/vs/workbench/api/node/extensionHostProcess.js:7:1556)
	at file:///ide/out/vs/workbench/api/node/extensionHostProcess.js:29:138942
	at Array.forEach (<anonymous>)
	at cS.dispose (file:///ide/out/vs/workbench/api/node/extensionHostProcess.js:29:138848)
	at KG.terminate (file:///ide/out/vs/workbench/api/node/extensionHostProcess.js:117:12333)
	at Y8.terminate (file:///ide/out/vs/workbench/api/node/extensionHostProcess.js:119:1082)
	at us (file:///ide/out/vs/workbench/api/node/extensionHostProcess.js:356:10566)
	at cE.runner (file:///ide/out/vs/workbench/api/node/extensionHostProcess.js:356:7378)
	at cE.onInterval (file:///ide/out/vs/workbench/api/node/extensionHostProcess.js:28:78950)
	at listOnTimeout (node:internal/timers:588:17)
	at process.processTimers (node:internal/timers:523:7) 
2025-08-09 12:56:12.207 [error] ProxyResolver#resolveProxy undefined Canceled: Canceled
	at el (file:///ide/out/vs/workbench/api/node/extensionHostProcess.js:7:1556)
	at file:///ide/out/vs/workbench/api/node/extensionHostProcess.js:29:138942
	at Array.forEach (<anonymous>)
	at cS.dispose (file:///ide/out/vs/workbench/api/node/extensionHostProcess.js:29:138848)
	at KG.terminate (file:///ide/out/vs/workbench/api/node/extensionHostProcess.js:117:12333)
	at Y8.terminate (file:///ide/out/vs/workbench/api/node/extensionHostProcess.js:119:1082)
	at us (file:///ide/out/vs/workbench/api/node/extensionHostProcess.js:356:10566)
	at cE.runner (file:///ide/out/vs/workbench/api/node/extensionHostProcess.js:356:7378)
	at cE.onInterval (file:///ide/out/vs/workbench/api/node/extensionHostProcess.js:28:78950)
	at listOnTimeout (node:internal/timers:588:17)
	at process.processTimers (node:internal/timers:523:7) 
2025-08-09 12:56:12.207 [error] ProxyResolver#resolveProxy undefined Canceled: Canceled
	at el (file:///ide/out/vs/workbench/api/node/extensionHostProcess.js:7:1556)
	at file:///ide/out/vs/workbench/api/node/extensionHostProcess.js:29:138942
	at Array.forEach (<anonymous>)
	at cS.dispose (file:///ide/out/vs/workbench/api/node/extensionHostProcess.js:29:138848)
	at KG.terminate (file:///ide/out/vs/workbench/api/node/extensionHostProcess.js:117:12333)
	at Y8.terminate (file:///ide/out/vs/workbench/api/node/extensionHostProcess.js:119:1082)
	at us (file:///ide/out/vs/workbench/api/node/extensionHostProcess.js:356:10566)
	at cE.runner (file:///ide/out/vs/workbench/api/node/extensionHostProcess.js:356:7378)
	at cE.onInterval (file:///ide/out/vs/workbench/api/node/extensionHostProcess.js:28:78950)
	at listOnTimeout (node:internal/timers:588:17)
	at process.processTimers (node:internal/timers:523:7) 
2025-08-09 12:56:12.207 [error] ProxyResolver#resolveProxy undefined Canceled: Canceled
	at el (file:///ide/out/vs/workbench/api/node/extensionHostProcess.js:7:1556)
	at file:///ide/out/vs/workbench/api/node/extensionHostProcess.js:29:138942
	at Array.forEach (<anonymous>)
	at cS.dispose (file:///ide/out/vs/workbench/api/node/extensionHostProcess.js:29:138848)
	at KG.terminate (file:///ide/out/vs/workbench/api/node/extensionHostProcess.js:117:12333)
	at Y8.terminate (file:///ide/out/vs/workbench/api/node/extensionHostProcess.js:119:1082)
	at us (file:///ide/out/vs/workbench/api/node/extensionHostProcess.js:356:10566)
	at cE.runner (file:///ide/out/vs/workbench/api/node/extensionHostProcess.js:356:7378)
	at cE.onInterval (file:///ide/out/vs/workbench/api/node/extensionHostProcess.js:28:78950)
	at listOnTimeout (node:internal/timers:588:17)
	at process.processTimers (node:internal/timers:523:7) 
2025-08-09 12:56:12.207 [error] ProxyResolver#resolveProxy undefined Canceled: Canceled
	at el (file:///ide/out/vs/workbench/api/node/extensionHostProcess.js:7:1556)
	at file:///ide/out/vs/workbench/api/node/extensionHostProcess.js:29:138942
	at Array.forEach (<anonymous>)
	at cS.dispose (file:///ide/out/vs/workbench/api/node/extensionHostProcess.js:29:138848)
	at KG.terminate (file:///ide/out/vs/workbench/api/node/extensionHostProcess.js:117:12333)
	at Y8.terminate (file:///ide/out/vs/workbench/api/node/extensionHostProcess.js:119:1082)
	at us (file:///ide/out/vs/workbench/api/node/extensionHostProcess.js:356:10566)
	at cE.runner (file:///ide/out/vs/workbench/api/node/extensionHostProcess.js:356:7378)
	at cE.onInterval (file:///ide/out/vs/workbench/api/node/extensionHostProcess.js:28:78950)
	at listOnTimeout (node:internal/timers:588:17)
	at process.processTimers (node:internal/timers:523:7) 
2025-08-09 12:56:12.207 [error] ProxyResolver#resolveProxy undefined Canceled: Canceled
	at el (file:///ide/out/vs/workbench/api/node/extensionHostProcess.js:7:1556)
	at file:///ide/out/vs/workbench/api/node/extensionHostProcess.js:29:138942
	at Array.forEach (<anonymous>)
	at cS.dispose (file:///ide/out/vs/workbench/api/node/extensionHostProcess.js:29:138848)
	at KG.terminate (file:///ide/out/vs/workbench/api/node/extensionHostProcess.js:117:12333)
	at Y8.terminate (file:///ide/out/vs/workbench/api/node/extensionHostProcess.js:119:1082)
	at us (file:///ide/out/vs/workbench/api/node/extensionHostProcess.js:356:10566)
	at cE.runner (file:///ide/out/vs/workbench/api/node/extensionHostProcess.js:356:7378)
	at cE.onInterval (file:///ide/out/vs/workbench/api/node/extensionHostProcess.js:28:78950)
	at listOnTimeout (node:internal/timers:588:17)
	at process.processTimers (node:internal/timers:523:7) 
2025-08-09 12:56:12.207 [error] ProxyResolver#resolveProxy undefined Canceled: Canceled
	at el (file:///ide/out/vs/workbench/api/node/extensionHostProcess.js:7:1556)
	at file:///ide/out/vs/workbench/api/node/extensionHostProcess.js:29:138942
	at Array.forEach (<anonymous>)
	at cS.dispose (file:///ide/out/vs/workbench/api/node/extensionHostProcess.js:29:138848)
	at KG.terminate (file:///ide/out/vs/workbench/api/node/extensionHostProcess.js:117:12333)
	at Y8.terminate (file:///ide/out/vs/workbench/api/node/extensionHostProcess.js:119:1082)
	at us (file:///ide/out/vs/workbench/api/node/extensionHostProcess.js:356:10566)
	at cE.runner (file:///ide/out/vs/workbench/api/node/extensionHostProcess.js:356:7378)
	at cE.onInterval (file:///ide/out/vs/workbench/api/node/extensionHostProcess.js:28:78950)
	at listOnTimeout (node:internal/timers:588:17)
	at process.processTimers (node:internal/timers:523:7) 
2025-08-09 12:56:12.207 [error] ProxyResolver#resolveProxy undefined Canceled: Canceled
	at el (file:///ide/out/vs/workbench/api/node/extensionHostProcess.js:7:1556)
	at file:///ide/out/vs/workbench/api/node/extensionHostProcess.js:29:138942
	at Array.forEach (<anonymous>)
	at cS.dispose (file:///ide/out/vs/workbench/api/node/extensionHostProcess.js:29:138848)
	at KG.terminate (file:///ide/out/vs/workbench/api/node/extensionHostProcess.js:117:12333)
	at Y8.terminate (file:///ide/out/vs/workbench/api/node/extensionHostProcess.js:119:1082)
	at us (file:///ide/out/vs/workbench/api/node/extensionHostProcess.js:356:10566)
	at cE.runner (file:///ide/out/vs/workbench/api/node/extensionHostProcess.js:356:7378)
	at cE.onInterval (file:///ide/out/vs/workbench/api/node/extensionHostProcess.js:28:78950)
	at listOnTimeout (node:internal/timers:588:17)
	at process.processTimers (node:internal/timers:523:7) 
2025-08-09 12:56:12.207 [error] ProxyResolver#resolveProxy undefined Canceled: Canceled
	at el (file:///ide/out/vs/workbench/api/node/extensionHostProcess.js:7:1556)
	at file:///ide/out/vs/workbench/api/node/extensionHostProcess.js:29:138942
	at Array.forEach (<anonymous>)
	at cS.dispose (file:///ide/out/vs/workbench/api/node/extensionHostProcess.js:29:138848)
	at KG.terminate (file:///ide/out/vs/workbench/api/node/extensionHostProcess.js:117:12333)
	at Y8.terminate (file:///ide/out/vs/workbench/api/node/extensionHostProcess.js:119:1082)
	at us (file:///ide/out/vs/workbench/api/node/extensionHostProcess.js:356:10566)
	at cE.runner (file:///ide/out/vs/workbench/api/node/extensionHostProcess.js:356:7378)
	at cE.onInterval (file:///ide/out/vs/workbench/api/node/extensionHostProcess.js:28:78950)
	at listOnTimeout (node:internal/timers:588:17)
	at process.processTimers (node:internal/timers:523:7) 
2025-08-09 12:56:12.207 [error] ProxyResolver#resolveProxy undefined Canceled: Canceled
	at el (file:///ide/out/vs/workbench/api/node/extensionHostProcess.js:7:1556)
	at file:///ide/out/vs/workbench/api/node/extensionHostProcess.js:29:138942
	at Array.forEach (<anonymous>)
	at cS.dispose (file:///ide/out/vs/workbench/api/node/extensionHostProcess.js:29:138848)
	at KG.terminate (file:///ide/out/vs/workbench/api/node/extensionHostProcess.js:117:12333)
	at Y8.terminate (file:///ide/out/vs/workbench/api/node/extensionHostProcess.js:119:1082)
	at us (file:///ide/out/vs/workbench/api/node/extensionHostProcess.js:356:10566)
	at cE.runner (file:///ide/out/vs/workbench/api/node/extensionHostProcess.js:356:7378)
	at cE.onInterval (file:///ide/out/vs/workbench/api/node/extensionHostProcess.js:28:78950)
	at listOnTimeout (node:internal/timers:588:17)
	at process.processTimers (node:internal/timers:523:7) 
2025-08-09 12:56:12.207 [error] ProxyResolver#resolveProxy undefined Canceled: Canceled
	at el (file:///ide/out/vs/workbench/api/node/extensionHostProcess.js:7:1556)
	at file:///ide/out/vs/workbench/api/node/extensionHostProcess.js:29:138942
	at Array.forEach (<anonymous>)
	at cS.dispose (file:///ide/out/vs/workbench/api/node/extensionHostProcess.js:29:138848)
	at KG.terminate (file:///ide/out/vs/workbench/api/node/extensionHostProcess.js:117:12333)
	at Y8.terminate (file:///ide/out/vs/workbench/api/node/extensionHostProcess.js:119:1082)
	at us (file:///ide/out/vs/workbench/api/node/extensionHostProcess.js:356:10566)
	at cE.runner (file:///ide/out/vs/workbench/api/node/extensionHostProcess.js:356:7378)
	at cE.onInterval (file:///ide/out/vs/workbench/api/node/extensionHostProcess.js:28:78950)
	at listOnTimeout (node:internal/timers:588:17)
	at process.processTimers (node:internal/timers:523:7) 
2025-08-09 12:56:12.208 [error] ProxyResolver#resolveProxy undefined Canceled: Canceled
	at el (file:///ide/out/vs/workbench/api/node/extensionHostProcess.js:7:1556)
	at file:///ide/out/vs/workbench/api/node/extensionHostProcess.js:29:138942
	at Array.forEach (<anonymous>)
	at cS.dispose (file:///ide/out/vs/workbench/api/node/extensionHostProcess.js:29:138848)
	at KG.terminate (file:///ide/out/vs/workbench/api/node/extensionHostProcess.js:117:12333)
	at Y8.terminate (file:///ide/out/vs/workbench/api/node/extensionHostProcess.js:119:1082)
	at us (file:///ide/out/vs/workbench/api/node/extensionHostProcess.js:356:10566)
	at cE.runner (file:///ide/out/vs/workbench/api/node/extensionHostProcess.js:356:7378)
	at cE.onInterval (file:///ide/out/vs/workbench/api/node/extensionHostProcess.js:28:78950)
	at listOnTimeout (node:internal/timers:588:17)
	at process.processTimers (node:internal/timers:523:7) 
2025-08-09 12:56:12.208 [error] ProxyResolver#resolveProxy undefined Canceled: Canceled
	at el (file:///ide/out/vs/workbench/api/node/extensionHostProcess.js:7:1556)
	at file:///ide/out/vs/workbench/api/node/extensionHostProcess.js:29:138942
	at Array.forEach (<anonymous>)
	at cS.dispose (file:///ide/out/vs/workbench/api/node/extensionHostProcess.js:29:138848)
	at KG.terminate (file:///ide/out/vs/workbench/api/node/extensionHostProcess.js:117:12333)
	at Y8.terminate (file:///ide/out/vs/workbench/api/node/extensionHostProcess.js:119:1082)
	at us (file:///ide/out/vs/workbench/api/node/extensionHostProcess.js:356:10566)
	at cE.runner (file:///ide/out/vs/workbench/api/node/extensionHostProcess.js:356:7378)
	at cE.onInterval (file:///ide/out/vs/workbench/api/node/extensionHostProcess.js:28:78950)
	at listOnTimeout (node:internal/timers:588:17)
	at process.processTimers (node:internal/timers:523:7) 
2025-08-09 12:56:12.208 [error] ProxyResolver#resolveProxy undefined Canceled: Canceled
	at el (file:///ide/out/vs/workbench/api/node/extensionHostProcess.js:7:1556)
	at file:///ide/out/vs/workbench/api/node/extensionHostProcess.js:29:138942
	at Array.forEach (<anonymous>)
	at cS.dispose (file:///ide/out/vs/workbench/api/node/extensionHostProcess.js:29:138848)
	at KG.terminate (file:///ide/out/vs/workbench/api/node/extensionHostProcess.js:117:12333)
	at Y8.terminate (file:///ide/out/vs/workbench/api/node/extensionHostProcess.js:119:1082)
	at us (file:///ide/out/vs/workbench/api/node/extensionHostProcess.js:356:10566)
	at cE.runner (file:///ide/out/vs/workbench/api/node/extensionHostProcess.js:356:7378)
	at cE.onInterval (file:///ide/out/vs/workbench/api/node/extensionHostProcess.js:28:78950)
	at listOnTimeout (node:internal/timers:588:17)
	at process.processTimers (node:internal/timers:523:7) 
2025-08-09 12:56:12.208 [error] ProxyResolver#resolveProxy undefined Canceled: Canceled
	at el (file:///ide/out/vs/workbench/api/node/extensionHostProcess.js:7:1556)
	at file:///ide/out/vs/workbench/api/node/extensionHostProcess.js:29:138942
	at Array.forEach (<anonymous>)
	at cS.dispose (file:///ide/out/vs/workbench/api/node/extensionHostProcess.js:29:138848)
	at KG.terminate (file:///ide/out/vs/workbench/api/node/extensionHostProcess.js:117:12333)
	at Y8.terminate (file:///ide/out/vs/workbench/api/node/extensionHostProcess.js:119:1082)
	at us (file:///ide/out/vs/workbench/api/node/extensionHostProcess.js:356:10566)
	at cE.runner (file:///ide/out/vs/workbench/api/node/extensionHostProcess.js:356:7378)
	at cE.onInterval (file:///ide/out/vs/workbench/api/node/extensionHostProcess.js:28:78950)
	at listOnTimeout (node:internal/timers:588:17)
	at process.processTimers (node:internal/timers:523:7) 
2025-08-09 12:56:12.208 [error] ProxyResolver#resolveProxy undefined Canceled: Canceled
	at el (file:///ide/out/vs/workbench/api/node/extensionHostProcess.js:7:1556)
	at file:///ide/out/vs/workbench/api/node/extensionHostProcess.js:29:138942
	at Array.forEach (<anonymous>)
	at cS.dispose (file:///ide/out/vs/workbench/api/node/extensionHostProcess.js:29:138848)
	at KG.terminate (file:///ide/out/vs/workbench/api/node/extensionHostProcess.js:117:12333)
	at Y8.terminate (file:///ide/out/vs/workbench/api/node/extensionHostProcess.js:119:1082)
	at us (file:///ide/out/vs/workbench/api/node/extensionHostProcess.js:356:10566)
	at cE.runner (file:///ide/out/vs/workbench/api/node/extensionHostProcess.js:356:7378)
	at cE.onInterval (file:///ide/out/vs/workbench/api/node/extensionHostProcess.js:28:78950)
	at listOnTimeout (node:internal/timers:588:17)
	at process.processTimers (node:internal/timers:523:7) 
2025-08-09 12:56:12.208 [error] ProxyResolver#resolveProxy undefined Canceled: Canceled
	at el (file:///ide/out/vs/workbench/api/node/extensionHostProcess.js:7:1556)
	at file:///ide/out/vs/workbench/api/node/extensionHostProcess.js:29:138942
	at Array.forEach (<anonymous>)
	at cS.dispose (file:///ide/out/vs/workbench/api/node/extensionHostProcess.js:29:138848)
	at KG.terminate (file:///ide/out/vs/workbench/api/node/extensionHostProcess.js:117:12333)
	at Y8.terminate (file:///ide/out/vs/workbench/api/node/extensionHostProcess.js:119:1082)
	at us (file:///ide/out/vs/workbench/api/node/extensionHostProcess.js:356:10566)
	at cE.runner (file:///ide/out/vs/workbench/api/node/extensionHostProcess.js:356:7378)
	at cE.onInterval (file:///ide/out/vs/workbench/api/node/extensionHostProcess.js:28:78950)
	at listOnTimeout (node:internal/timers:588:17)
	at process.processTimers (node:internal/timers:523:7) 
2025-08-09 12:56:12.208 [error] ProxyResolver#resolveProxy undefined Canceled: Canceled
	at el (file:///ide/out/vs/workbench/api/node/extensionHostProcess.js:7:1556)
	at file:///ide/out/vs/workbench/api/node/extensionHostProcess.js:29:138942
	at Array.forEach (<anonymous>)
	at cS.dispose (file:///ide/out/vs/workbench/api/node/extensionHostProcess.js:29:138848)
	at KG.terminate (file:///ide/out/vs/workbench/api/node/extensionHostProcess.js:117:12333)
	at Y8.terminate (file:///ide/out/vs/workbench/api/node/extensionHostProcess.js:119:1082)
	at us (file:///ide/out/vs/workbench/api/node/extensionHostProcess.js:356:10566)
	at cE.runner (file:///ide/out/vs/workbench/api/node/extensionHostProcess.js:356:7378)
	at cE.onInterval (file:///ide/out/vs/workbench/api/node/extensionHostProcess.js:28:78950)
	at listOnTimeout (node:internal/timers:588:17)
	at process.processTimers (node:internal/timers:523:7) 
2025-08-09 12:56:12.208 [error] ProxyResolver#resolveProxy undefined Canceled: Canceled
	at el (file:///ide/out/vs/workbench/api/node/extensionHostProcess.js:7:1556)
	at file:///ide/out/vs/workbench/api/node/extensionHostProcess.js:29:138942
	at Array.forEach (<anonymous>)
	at cS.dispose (file:///ide/out/vs/workbench/api/node/extensionHostProcess.js:29:138848)
	at KG.terminate (file:///ide/out/vs/workbench/api/node/extensionHostProcess.js:117:12333)
	at Y8.terminate (file:///ide/out/vs/workbench/api/node/extensionHostProcess.js:119:1082)
	at us (file:///ide/out/vs/workbench/api/node/extensionHostProcess.js:356:10566)
	at cE.runner (file:///ide/out/vs/workbench/api/node/extensionHostProcess.js:356:7378)
	at cE.onInterval (file:///ide/out/vs/workbench/api/node/extensionHostProcess.js:28:78950)
	at listOnTimeout (node:internal/timers:588:17)
	at process.processTimers (node:internal/timers:523:7) 
2025-08-09 12:56:12.208 [error] ProxyResolver#resolveProxy undefined Canceled: Canceled
	at el (file:///ide/out/vs/workbench/api/node/extensionHostProcess.js:7:1556)
	at file:///ide/out/vs/workbench/api/node/extensionHostProcess.js:29:138942
	at Array.forEach (<anonymous>)
	at cS.dispose (file:///ide/out/vs/workbench/api/node/extensionHostProcess.js:29:138848)
	at KG.terminate (file:///ide/out/vs/workbench/api/node/extensionHostProcess.js:117:12333)
	at Y8.terminate (file:///ide/out/vs/workbench/api/node/extensionHostProcess.js:119:1082)
	at us (file:///ide/out/vs/workbench/api/node/extensionHostProcess.js:356:10566)
	at cE.runner (file:///ide/out/vs/workbench/api/node/extensionHostProcess.js:356:7378)
	at cE.onInterval (file:///ide/out/vs/workbench/api/node/extensionHostProcess.js:28:78950)
	at listOnTimeout (node:internal/timers:588:17)
	at process.processTimers (node:internal/timers:523:7) 
2025-08-09 12:56:12.208 [error] ProxyResolver#resolveProxy undefined Canceled: Canceled
	at el (file:///ide/out/vs/workbench/api/node/extensionHostProcess.js:7:1556)
	at file:///ide/out/vs/workbench/api/node/extensionHostProcess.js:29:138942
	at Array.forEach (<anonymous>)
	at cS.dispose (file:///ide/out/vs/workbench/api/node/extensionHostProcess.js:29:138848)
	at KG.terminate (file:///ide/out/vs/workbench/api/node/extensionHostProcess.js:117:12333)
	at Y8.terminate (file:///ide/out/vs/workbench/api/node/extensionHostProcess.js:119:1082)
	at us (file:///ide/out/vs/workbench/api/node/extensionHostProcess.js:356:10566)
	at cE.runner (file:///ide/out/vs/workbench/api/node/extensionHostProcess.js:356:7378)
	at cE.onInterval (file:///ide/out/vs/workbench/api/node/extensionHostProcess.js:28:78950)
	at listOnTimeout (node:internal/timers:588:17)
	at process.processTimers (node:internal/timers:523:7) 
2025-08-09 12:56:12.208 [error] ProxyResolver#resolveProxy undefined Canceled: Canceled
	at el (file:///ide/out/vs/workbench/api/node/extensionHostProcess.js:7:1556)
	at file:///ide/out/vs/workbench/api/node/extensionHostProcess.js:29:138942
	at Array.forEach (<anonymous>)
	at cS.dispose (file:///ide/out/vs/workbench/api/node/extensionHostProcess.js:29:138848)
	at KG.terminate (file:///ide/out/vs/workbench/api/node/extensionHostProcess.js:117:12333)
	at Y8.terminate (file:///ide/out/vs/workbench/api/node/extensionHostProcess.js:119:1082)
	at us (file:///ide/out/vs/workbench/api/node/extensionHostProcess.js:356:10566)
	at cE.runner (file:///ide/out/vs/workbench/api/node/extensionHostProcess.js:356:7378)
	at cE.onInterval (file:///ide/out/vs/workbench/api/node/extensionHostProcess.js:28:78950)
	at listOnTimeout (node:internal/timers:588:17)
	at process.processTimers (node:internal/timers:523:7) 
2025-08-09 12:56:12.208 [error] ProxyResolver#resolveProxy undefined Canceled: Canceled
	at el (file:///ide/out/vs/workbench/api/node/extensionHostProcess.js:7:1556)
	at file:///ide/out/vs/workbench/api/node/extensionHostProcess.js:29:138942
	at Array.forEach (<anonymous>)
	at cS.dispose (file:///ide/out/vs/workbench/api/node/extensionHostProcess.js:29:138848)
	at KG.terminate (file:///ide/out/vs/workbench/api/node/extensionHostProcess.js:117:12333)
	at Y8.terminate (file:///ide/out/vs/workbench/api/node/extensionHostProcess.js:119:1082)
	at us (file:///ide/out/vs/workbench/api/node/extensionHostProcess.js:356:10566)
	at cE.runner (file:///ide/out/vs/workbench/api/node/extensionHostProcess.js:356:7378)
	at cE.onInterval (file:///ide/out/vs/workbench/api/node/extensionHostProcess.js:28:78950)
	at listOnTimeout (node:internal/timers:588:17)
	at process.processTimers (node:internal/timers:523:7) 
2025-08-09 12:56:12.208 [error] ProxyResolver#resolveProxy undefined Canceled: Canceled
	at el (file:///ide/out/vs/workbench/api/node/extensionHostProcess.js:7:1556)
	at file:///ide/out/vs/workbench/api/node/extensionHostProcess.js:29:138942
	at Array.forEach (<anonymous>)
	at cS.dispose (file:///ide/out/vs/workbench/api/node/extensionHostProcess.js:29:138848)
	at KG.terminate (file:///ide/out/vs/workbench/api/node/extensionHostProcess.js:117:12333)
	at Y8.terminate (file:///ide/out/vs/workbench/api/node/extensionHostProcess.js:119:1082)
	at us (file:///ide/out/vs/workbench/api/node/extensionHostProcess.js:356:10566)
	at cE.runner (file:///ide/out/vs/workbench/api/node/extensionHostProcess.js:356:7378)
	at cE.onInterval (file:///ide/out/vs/workbench/api/node/extensionHostProcess.js:28:78950)
	at listOnTimeout (node:internal/timers:588:17)
	at process.processTimers (node:internal/timers:523:7) 
2025-08-09 12:56:12.208 [error] ProxyResolver#resolveProxy undefined Canceled: Canceled
	at el (file:///ide/out/vs/workbench/api/node/extensionHostProcess.js:7:1556)
	at file:///ide/out/vs/workbench/api/node/extensionHostProcess.js:29:138942
	at Array.forEach (<anonymous>)
	at cS.dispose (file:///ide/out/vs/workbench/api/node/extensionHostProcess.js:29:138848)
	at KG.terminate (file:///ide/out/vs/workbench/api/node/extensionHostProcess.js:117:12333)
	at Y8.terminate (file:///ide/out/vs/workbench/api/node/extensionHostProcess.js:119:1082)
	at us (file:///ide/out/vs/workbench/api/node/extensionHostProcess.js:356:10566)
	at cE.runner (file:///ide/out/vs/workbench/api/node/extensionHostProcess.js:356:7378)
	at cE.onInterval (file:///ide/out/vs/workbench/api/node/extensionHostProcess.js:28:78950)
	at listOnTimeout (node:internal/timers:588:17)
	at process.processTimers (node:internal/timers:523:7) 
2025-08-09 12:56:12.208 [error] ProxyResolver#resolveProxy undefined Canceled: Canceled
	at el (file:///ide/out/vs/workbench/api/node/extensionHostProcess.js:7:1556)
	at file:///ide/out/vs/workbench/api/node/extensionHostProcess.js:29:138942
	at Array.forEach (<anonymous>)
	at cS.dispose (file:///ide/out/vs/workbench/api/node/extensionHostProcess.js:29:138848)
	at KG.terminate (file:///ide/out/vs/workbench/api/node/extensionHostProcess.js:117:12333)
	at Y8.terminate (file:///ide/out/vs/workbench/api/node/extensionHostProcess.js:119:1082)
	at us (file:///ide/out/vs/workbench/api/node/extensionHostProcess.js:356:10566)
	at cE.runner (file:///ide/out/vs/workbench/api/node/extensionHostProcess.js:356:7378)
	at cE.onInterval (file:///ide/out/vs/workbench/api/node/extensionHostProcess.js:28:78950)
	at listOnTimeout (node:internal/timers:588:17)
	at process.processTimers (node:internal/timers:523:7) 
2025-08-09 12:56:12.208 [error] ProxyResolver#resolveProxy undefined Canceled: Canceled
	at el (file:///ide/out/vs/workbench/api/node/extensionHostProcess.js:7:1556)
	at file:///ide/out/vs/workbench/api/node/extensionHostProcess.js:29:138942
	at Array.forEach (<anonymous>)
	at cS.dispose (file:///ide/out/vs/workbench/api/node/extensionHostProcess.js:29:138848)
	at KG.terminate (file:///ide/out/vs/workbench/api/node/extensionHostProcess.js:117:12333)
	at Y8.terminate (file:///ide/out/vs/workbench/api/node/extensionHostProcess.js:119:1082)
	at us (file:///ide/out/vs/workbench/api/node/extensionHostProcess.js:356:10566)
	at cE.runner (file:///ide/out/vs/workbench/api/node/extensionHostProcess.js:356:7378)
	at cE.onInterval (file:///ide/out/vs/workbench/api/node/extensionHostProcess.js:28:78950)
	at listOnTimeout (node:internal/timers:588:17)
	at process.processTimers (node:internal/timers:523:7) 
2025-08-09 12:56:12.209 [warning] Canceled
2025-08-09 12:56:14.388 [error] Error: Channel has been closed
	at s (file:///ide/out/vs/workbench/api/node/extensionHostProcess.js:120:3260)
	at Object.appendLine (file:///ide/out/vs/workbench/api/node/extensionHostProcess.js:120:3399)
	at ed.error (/workspace/.vscode-remote/extensions/bradlc.vscode-tailwindcss-0.14.26-universal/dist/extension.js:39:683)
	at /workspace/.vscode-remote/extensions/bradlc.vscode-tailwindcss-0.14.26-universal/dist/extension.js:39:8991
	at runNextTicks (node:internal/process/task_queues:65:5)
	at listOnTimeout (node:internal/timers:549:9)
	at process.processTimers (node:internal/timers:523:7)
	at async Object.iT (/workspace/.vscode-remote/extensions/bradlc.vscode-tailwindcss-0.14.26-universal/dist/extension.js:40:16586)
	at async Promise.all (index 17)
	at async KG._deactivateAll (file:///ide/out/vs/workbench/api/node/extensionHostProcess.js:117:12038)
2025-08-09 12:56:14.388 [info] Extension host with pid 3147 exiting with code 0
