(VSCode) 2025-08-10 11:15:02.232 [INFO]: No proxy settings found
(VSCode) 2025-08-10 11:15:03.965 [INFO]: Checking network connection...
(VSCode) 2025-08-10 11:15:04.750 [INFO]: No Network Issue connecting to https://server.codeium.com/healthz
(VSCode) 2025-08-10 11:15:06.388 [INFO]: Creating manager directory: /tmp/dcbe90d4-b7a7-4385-9a80-a098ee01a63f/codeium/manager
(VSCode) 2025-08-10 11:15:08.276 [INFO]: Using cached LS with valid crc32: /workspace/.vscode-remote/extensions/codeium.codeium-1.48.2-universal/dist/e03af6ebc40b844314d448f947c80b636d093049/language_server_linux_x64
(VSCode) 2025-08-10 11:15:08.331 [INFO]: Language server started
2025/08/10 11:15:08 maxprocs: Leaving GOMAXPROCS=16: CPU quota undefined
I0810 11:15:08.963734 12484 main.go:604] [Language Server Manager] Setting GOMAXPROCS to 4
I0810 11:15:08.963890 12484 main.go:829] [Language Server Manager] Starting language server manager with pid 12484
I0810 11:15:08.964087 12484 main.go:138] [Language Server Manager] Manager acquired its lock file /tmp/dcbe90d4-b7a7-4385-9a80-a098ee01a63f/codeium/manager/locks/manager.lock
I0810 11:15:08.965117 12484 main.go:283] [Language Server Manager] Waiting for random port file in /tmp/dcbe90d4-b7a7-4385-9a80-a098ee01a63f/codeium/manager/child_random_port_1754824508964254027_1955501495647399081 to be created
2025/08/10 11:15:09 maxprocs: Leaving GOMAXPROCS=16: CPU quota undefined
I0810 11:15:09.715485 12514 main.go:604] Setting GOMAXPROCS to 4
I0810 11:15:09.716011 12514 main.go:823] Starting language server process with pid 12514
I0810 11:15:09.716079 12514 server.go:296] Language server will attempt to listen on host 127.0.0.1
I0810 11:15:09.722102 12514 server.go:303] Language server listening on random port at 36579
I0810 11:15:10.427457 12514 web_server.go:256] Chat Web Server listening at ws://127.0.0.1:45541
I0810 11:15:11.121418 12514 server.go:955] Local search is enabled, will index local files.
I0810 11:15:11.121547 12514 server.go:959] Using 4 indexer workers
I0810 11:15:11.239385 12514 server.go:1196] Child process attempting to acquire lock file /tmp/dcbe90d4-b7a7-4385-9a80-a098ee01a63f/codeium/manager/locks/child_lock_1754824508964303557_8320108042577197874
I0810 11:15:11.239487 12514 server.go:1204] Child process acquired lock file /tmp/dcbe90d4-b7a7-4385-9a80-a098ee01a63f/codeium/manager/locks/child_lock_1754824508964303557_8320108042577197874
41383
I0810 11:15:11.343205 12484 main.go:319] [Language Server Manager] Found random server port 36579
I0810 11:15:11.343250 12484 main.go:320] [Language Server Manager] Found random lsp port 41383
I0810 11:15:11.343281 12484 main.go:327] [Language Server Manager] Attempting to connect to language server at 127.0.0.1:36579
I0810 11:15:11.356575 12484 main.go:192] [Language Server Manager] Fixing language server port at 36579
I0810 11:15:11.356629 12484 main.go:381] [Language Server Manager] Successfully connected to new language server at 127.0.0.1:36579
(VSCode) 2025-08-10 11:15:11.448 [INFO]: Found language server running on port 36579
(VSCode) 2025-08-10 11:15:12.238 [INFO]: openAllTextDocuments took 277.62582699999984ms
Playwright Host validation warning: 
╔══════════════════════════════════════════════════════╗
║ Host system is missing dependencies to run browsers. ║
║ Please install them with the following command:      ║
║                                                      ║
║     sudo npx playwright install-deps                 ║
║                                                      ║
║ Alternatively, use apt:                              ║
║     sudo apt-get install libatk1.0-0\                ║
║         libatk-bridge2.0-0\                          ║
║         libcups2\                                    ║
║         libxcomposite1\                              ║
║         libxdamage1\                                 ║
║         libxfixes3\                                  ║
║         libxrandr2\                                  ║
║         libgbm1\                                     ║
║         libxkbcommon0\                               ║
║         libatspi2.0-0                                ║
║                                                      ║
║ <3 Playwright Team                                   ║
╚══════════════════════════════════════════════════════╝
    at validateDependenciesLinux (/home/gitpod/.cache/ms-playwright-go/1.50.1/package/lib/server/registry/dependencies.js:216:9)
    at process.processTicksAndRejections (node:internal/process/task_queues:105:5)
    at async Registry._validateHostRequirements (/home/gitpod/.cache/ms-playwright-go/1.50.1/package/lib/server/registry/index.js:865:43)
    at async Registry._validateHostRequirementsForExecutableIfNeeded (/home/gitpod/.cache/ms-playwright-go/1.50.1/package/lib/server/registry/index.js:963:7)
    at async Registry.validateHostRequirementsForExecutablesIfNeeded (/home/gitpod/.cache/ms-playwright-go/1.50.1/package/lib/server/registry/index.js:952:43)
    at async t.<anonymous> (/home/gitpod/.cache/ms-playwright-go/1.50.1/package/lib/cli/program.js:122:7)
(VSCode) 2025-08-10 11:15:36.490 [WARN]: User not logged in
(VSCode) 2025-08-10 11:15:51.683 [WARN]: User not logged in
(VSCode) 2025-08-10 11:15:51.690 [WARN]: User not logged in
(VSCode) 2025-08-10 11:15:52.677 [WARN]: User not logged in
(VSCode) 2025-08-10 11:17:50.959 [WARN]: User not logged in
(VSCode) 2025-08-10 11:17:53.904 [WARN]: User not logged in
(VSCode) 2025-08-10 11:17:54.288 [WARN]: User not logged in
(VSCode) 2025-08-10 11:17:54.423 [WARN]: User not logged in
(VSCode) 2025-08-10 11:18:01.575 [WARN]: User not logged in
(VSCode) 2025-08-10 11:18:27.874 [WARN]: User not logged in
(VSCode) 2025-08-10 11:18:27.891 [WARN]: User not logged in
(VSCode) 2025-08-10 11:18:34.148 [WARN]: User not logged in
(VSCode) 2025-08-10 11:18:35.571 [WARN]: User not logged in
(VSCode) 2025-08-10 11:18:35.789 [WARN]: User not logged in
(VSCode) 2025-08-10 11:18:39.160 [WARN]: User not logged in
(VSCode) 2025-08-10 11:18:39.307 [WARN]: User not logged in
(VSCode) 2025-08-10 11:18:40.505 [WARN]: User not logged in
(VSCode) 2025-08-10 11:18:41.922 [WARN]: User not logged in
(VSCode) 2025-08-10 11:18:42.197 [WARN]: User not logged in
(VSCode) 2025-08-10 11:18:45.674 [WARN]: User not logged in
(VSCode) 2025-08-10 11:18:46.066 [WARN]: User not logged in
(VSCode) 2025-08-10 11:18:46.136 [WARN]: User not logged in
(VSCode) 2025-08-10 11:18:46.208 [WARN]: User not logged in
(VSCode) 2025-08-10 11:18:46.282 [WARN]: User not logged in
(VSCode) 2025-08-10 11:18:46.374 [WARN]: User not logged in
(VSCode) 2025-08-10 11:18:46.501 [WARN]: User not logged in
(VSCode) 2025-08-10 11:18:46.650 [WARN]: User not logged in
(VSCode) 2025-08-10 11:18:46.802 [WARN]: User not logged in
(VSCode) 2025-08-10 11:18:46.924 [WARN]: User not logged in
(VSCode) 2025-08-10 11:18:47.067 [WARN]: User not logged in
(VSCode) 2025-08-10 11:18:47.206 [WARN]: User not logged in
(VSCode) 2025-08-10 11:18:47.363 [WARN]: User not logged in
(VSCode) 2025-08-10 11:18:47.679 [WARN]: User not logged in
(VSCode) 2025-08-10 11:18:48.013 [WARN]: User not logged in
(VSCode) 2025-08-10 11:18:48.673 [WARN]: User not logged in
(VSCode) 2025-08-10 11:19:04.936 [WARN]: User not logged in
(VSCode) 2025-08-10 11:19:06.290 [WARN]: User not logged in
(VSCode) 2025-08-10 11:19:06.344 [WARN]: User not logged in
(VSCode) 2025-08-10 11:19:08.003 [WARN]: User not logged in
(VSCode) 2025-08-10 11:19:08.728 [WARN]: User not logged in
(VSCode) 2025-08-10 11:19:08.886 [WARN]: User not logged in
(VSCode) 2025-08-10 11:19:09.074 [WARN]: User not logged in
(VSCode) 2025-08-10 11:19:11.161 [WARN]: User not logged in
(VSCode) 2025-08-10 11:19:12.077 [WARN]: User not logged in
(VSCode) 2025-08-10 11:19:14.799 [WARN]: User not logged in
(VSCode) 2025-08-10 11:19:16.101 [WARN]: User not logged in
(VSCode) 2025-08-10 11:19:16.501 [WARN]: User not logged in
(VSCode) 2025-08-10 11:19:16.584 [WARN]: User not logged in
(VSCode) 2025-08-10 11:19:16.647 [WARN]: User not logged in
(VSCode) 2025-08-10 11:19:16.725 [WARN]: User not logged in
(VSCode) 2025-08-10 11:19:16.808 [WARN]: User not logged in
(VSCode) 2025-08-10 11:19:16.971 [WARN]: User not logged in
(VSCode) 2025-08-10 11:19:17.118 [WARN]: User not logged in
(VSCode) 2025-08-10 11:19:17.412 [WARN]: User not logged in
(VSCode) 2025-08-10 11:19:32.036 [WARN]: User not logged in
(VSCode) 2025-08-10 11:19:32.299 [WARN]: User not logged in
(VSCode) 2025-08-10 11:19:32.754 [WARN]: User not logged in
(VSCode) 2025-08-10 11:19:33.631 [WARN]: User not logged in
(VSCode) 2025-08-10 11:19:34.465 [WARN]: User not logged in
(VSCode) 2025-08-10 11:19:35.816 [WARN]: User not logged in
(VSCode) 2025-08-10 11:19:36.952 [WARN]: User not logged in
(VSCode) 2025-08-10 11:19:37.521 [WARN]: User not logged in
(VSCode) 2025-08-10 11:19:56.259 [WARN]: User not logged in
(VSCode) 2025-08-10 11:19:57.038 [WARN]: User not logged in
(VSCode) 2025-08-10 11:20:00.579 [WARN]: User not logged in
(VSCode) 2025-08-10 11:20:01.315 [WARN]: User not logged in
(VSCode) 2025-08-10 11:20:05.526 [WARN]: User not logged in
(VSCode) 2025-08-10 11:20:06.230 [WARN]: User not logged in
(VSCode) 2025-08-10 11:20:18.072 [WARN]: User not logged in
(VSCode) 2025-08-10 11:20:41.661 [WARN]: User not logged in
(VSCode) 2025-08-10 11:20:42.070 [WARN]: User not logged in
(VSCode) 2025-08-10 11:20:42.175 [WARN]: User not logged in
(VSCode) 2025-08-10 11:20:42.204 [WARN]: User not logged in
(VSCode) 2025-08-10 11:20:42.283 [WARN]: User not logged in
(VSCode) 2025-08-10 11:20:42.435 [WARN]: User not logged in
(VSCode) 2025-08-10 11:20:42.538 [WARN]: User not logged in
(VSCode) 2025-08-10 11:20:42.688 [WARN]: User not logged in
(VSCode) 2025-08-10 11:20:42.835 [WARN]: User not logged in
(VSCode) 2025-08-10 11:20:42.985 [WARN]: User not logged in
(VSCode) 2025-08-10 11:20:43.138 [WARN]: User not logged in
(VSCode) 2025-08-10 11:20:43.519 [WARN]: User not logged in
(VSCode) 2025-08-10 11:20:48.213 [WARN]: User not logged in
(VSCode) 2025-08-10 11:20:48.823 [WARN]: User not logged in
(VSCode) 2025-08-10 11:20:49.684 [WARN]: User not logged in
(VSCode) 2025-08-10 11:20:49.800 [WARN]: User not logged in
(VSCode) 2025-08-10 11:22:18.951 [WARN]: User not logged in
(VSCode) 2025-08-10 11:22:20.689 [WARN]: User not logged in
(VSCode) 2025-08-10 11:22:21.419 [WARN]: User not logged in
(VSCode) 2025-08-10 11:22:21.549 [WARN]: User not logged in
(VSCode) 2025-08-10 11:22:21.722 [WARN]: User not logged in
(VSCode) 2025-08-10 11:22:21.835 [WARN]: User not logged in
(VSCode) 2025-08-10 11:22:22.255 [WARN]: User not logged in
(VSCode) 2025-08-10 11:22:22.678 [WARN]: User not logged in
(VSCode) 2025-08-10 11:22:22.856 [WARN]: User not logged in
(VSCode) 2025-08-10 11:22:23.588 [WARN]: User not logged in
(VSCode) 2025-08-10 11:22:24.530 [WARN]: User not logged in
(VSCode) 2025-08-10 11:22:27.366 [WARN]: User not logged in
(VSCode) 2025-08-10 11:22:34.507 [WARN]: User not logged in
(VSCode) 2025-08-10 11:22:38.323 [WARN]: User not logged in
(VSCode) 2025-08-10 11:23:09.795 [WARN]: User not logged in
(VSCode) 2025-08-10 11:23:10.431 [WARN]: User not logged in
(VSCode) 2025-08-10 11:23:10.841 [WARN]: User not logged in
(VSCode) 2025-08-10 11:23:10.979 [WARN]: User not logged in
(VSCode) 2025-08-10 11:23:11.562 [WARN]: User not logged in
(VSCode) 2025-08-10 11:23:14.466 [WARN]: User not logged in
(VSCode) 2025-08-10 11:23:17.018 [WARN]: User not logged in
(VSCode) 2025-08-10 11:23:17.840 [WARN]: User not logged in
(VSCode) 2025-08-10 11:23:18.248 [WARN]: User not logged in
(VSCode) 2025-08-10 11:23:19.835 [WARN]: User not logged in
(VSCode) 2025-08-10 11:23:20.183 [WARN]: User not logged in
(VSCode) 2025-08-10 11:23:21.402 [WARN]: User not logged in
(VSCode) 2025-08-10 11:23:21.667 [WARN]: User not logged in
(VSCode) 2025-08-10 11:23:35.331 [WARN]: User not logged in
(VSCode) 2025-08-10 11:23:38.188 [WARN]: User not logged in
(VSCode) 2025-08-10 11:23:40.820 [WARN]: User not logged in
(VSCode) 2025-08-10 11:23:42.318 [WARN]: User not logged in
(VSCode) 2025-08-10 11:23:42.591 [WARN]: User not logged in
(VSCode) 2025-08-10 11:23:43.902 [WARN]: User not logged in
(VSCode) 2025-08-10 11:23:44.664 [WARN]: User not logged in
(VSCode) 2025-08-10 11:23:45.632 [WARN]: User not logged in
(VSCode) 2025-08-10 11:23:47.923 [WARN]: User not logged in
(VSCode) 2025-08-10 11:23:54.325 [WARN]: User not logged in
(VSCode) 2025-08-10 11:24:06.773 [WARN]: User not logged in
(VSCode) 2025-08-10 11:24:06.948 [WARN]: User not logged in
(VSCode) 2025-08-10 11:24:10.184 [WARN]: User not logged in
(VSCode) 2025-08-10 11:24:10.556 [WARN]: User not logged in
(VSCode) 2025-08-10 11:24:10.710 [WARN]: User not logged in
(VSCode) 2025-08-10 11:24:10.829 [WARN]: User not logged in
(VSCode) 2025-08-10 11:24:15.048 [WARN]: User not logged in
(VSCode) 2025-08-10 11:24:15.302 [WARN]: User not logged in
(VSCode) 2025-08-10 11:24:16.716 [WARN]: User not logged in
(VSCode) 2025-08-10 11:24:18.799 [WARN]: User not logged in
(VSCode) 2025-08-10 11:24:19.267 [WARN]: User not logged in
(VSCode) 2025-08-10 11:24:20.262 [WARN]: User not logged in
(VSCode) 2025-08-10 11:24:22.388 [WARN]: User not logged in
(VSCode) 2025-08-10 11:24:40.887 [WARN]: User not logged in
(VSCode) 2025-08-10 11:24:43.811 [WARN]: User not logged in
(VSCode) 2025-08-10 11:24:44.637 [WARN]: User not logged in
(VSCode) 2025-08-10 11:24:55.470 [WARN]: User not logged in
(VSCode) 2025-08-10 11:26:21.818 [WARN]: User not logged in
(VSCode) 2025-08-10 11:26:21.927 [WARN]: User not logged in
(VSCode) 2025-08-10 11:26:22.115 [WARN]: User not logged in
(VSCode) 2025-08-10 11:26:22.220 [WARN]: User not logged in
(VSCode) 2025-08-10 11:26:22.516 [WARN]: User not logged in
(VSCode) 2025-08-10 11:26:22.730 [WARN]: User not logged in
(VSCode) 2025-08-10 11:26:23.619 [WARN]: User not logged in
(VSCode) 2025-08-10 11:26:23.730 [WARN]: User not logged in
(VSCode) 2025-08-10 11:26:23.881 [WARN]: User not logged in
(VSCode) 2025-08-10 11:26:25.518 [WARN]: User not logged in
(VSCode) 2025-08-10 11:26:25.690 [WARN]: User not logged in
(VSCode) 2025-08-10 11:26:49.625 [WARN]: User not logged in
(VSCode) 2025-08-10 11:26:52.370 [WARN]: User not logged in
(VSCode) 2025-08-10 11:27:02.469 [WARN]: User not logged in
(VSCode) 2025-08-10 11:27:03.702 [WARN]: User not logged in
(VSCode) 2025-08-10 11:27:04.089 [WARN]: User not logged in
(VSCode) 2025-08-10 11:27:05.004 [WARN]: User not logged in
(VSCode) 2025-08-10 11:27:05.844 [WARN]: User not logged in
(VSCode) 2025-08-10 11:27:24.922 [WARN]: User not logged in
(VSCode) 2025-08-10 11:27:25.273 [WARN]: User not logged in
(VSCode) 2025-08-10 11:27:25.416 [WARN]: User not logged in
(VSCode) 2025-08-10 11:27:25.773 [WARN]: User not logged in
(VSCode) 2025-08-10 11:27:26.653 [WARN]: User not logged in
(VSCode) 2025-08-10 11:27:27.200 [WARN]: User not logged in
(VSCode) 2025-08-10 11:27:27.863 [WARN]: User not logged in
(VSCode) 2025-08-10 11:27:32.973 [WARN]: User not logged in
(VSCode) 2025-08-10 11:27:33.125 [WARN]: User not logged in
(VSCode) 2025-08-10 11:27:33.370 [WARN]: User not logged in
(VSCode) 2025-08-10 11:27:33.756 [WARN]: User not logged in
(VSCode) 2025-08-10 11:27:35.004 [WARN]: User not logged in
(VSCode) 2025-08-10 11:27:35.139 [WARN]: User not logged in
(VSCode) 2025-08-10 11:27:43.002 [WARN]: User not logged in
(VSCode) 2025-08-10 11:27:43.150 [WARN]: User not logged in
(VSCode) 2025-08-10 11:27:48.974 [WARN]: User not logged in
(VSCode) 2025-08-10 11:27:50.827 [WARN]: User not logged in
(VSCode) 2025-08-10 11:29:17.748 [WARN]: User not logged in
(VSCode) 2025-08-10 11:29:18.143 [WARN]: User not logged in
(VSCode) 2025-08-10 11:29:18.227 [WARN]: User not logged in
(VSCode) 2025-08-10 11:29:18.295 [WARN]: User not logged in
(VSCode) 2025-08-10 11:29:18.383 [WARN]: User not logged in
(VSCode) 2025-08-10 11:29:18.436 [WARN]: User not logged in
(VSCode) 2025-08-10 11:29:18.541 [WARN]: User not logged in
(VSCode) 2025-08-10 11:29:18.887 [WARN]: User not logged in
(VSCode) 2025-08-10 11:29:19.291 [WARN]: User not logged in
(VSCode) 2025-08-10 11:29:19.365 [WARN]: User not logged in
(VSCode) 2025-08-10 11:29:19.432 [WARN]: User not logged in
(VSCode) 2025-08-10 11:29:19.529 [WARN]: User not logged in
(VSCode) 2025-08-10 11:29:19.577 [WARN]: User not logged in
(VSCode) 2025-08-10 11:29:19.716 [WARN]: User not logged in
(VSCode) 2025-08-10 11:29:19.880 [WARN]: User not logged in
(VSCode) 2025-08-10 11:29:20.290 [WARN]: User not logged in
(VSCode) 2025-08-10 11:29:20.318 [WARN]: User not logged in
(VSCode) 2025-08-10 11:29:20.372 [WARN]: User not logged in
(VSCode) 2025-08-10 11:29:20.454 [WARN]: User not logged in
(VSCode) 2025-08-10 11:29:20.530 [WARN]: User not logged in
(VSCode) 2025-08-10 11:29:20.630 [WARN]: User not logged in
(VSCode) 2025-08-10 11:29:20.704 [WARN]: User not logged in
(VSCode) 2025-08-10 11:29:20.882 [WARN]: User not logged in
(VSCode) 2025-08-10 11:29:21.034 [WARN]: User not logged in
(VSCode) 2025-08-10 11:29:21.481 [WARN]: User not logged in
(VSCode) 2025-08-10 11:32:07.641 [WARN]: User not logged in
(VSCode) 2025-08-10 11:32:07.726 [WARN]: User not logged in
(VSCode) 2025-08-10 11:32:08.192 [WARN]: User not logged in
(VSCode) 2025-08-10 11:32:09.014 [WARN]: User not logged in
(VSCode) 2025-08-10 11:32:09.427 [WARN]: User not logged in
(VSCode) 2025-08-10 11:32:09.514 [WARN]: User not logged in
(VSCode) 2025-08-10 11:32:09.615 [WARN]: User not logged in
(VSCode) 2025-08-10 11:32:09.727 [WARN]: User not logged in
(VSCode) 2025-08-10 11:32:09.814 [WARN]: User not logged in
(VSCode) 2025-08-10 11:32:09.882 [WARN]: User not logged in
(VSCode) 2025-08-10 11:32:10.662 [WARN]: User not logged in
(VSCode) 2025-08-10 11:32:10.837 [WARN]: User not logged in
(VSCode) 2025-08-10 11:32:11.759 [WARN]: User not logged in
(VSCode) 2025-08-10 11:32:11.872 [WARN]: User not logged in
(VSCode) 2025-08-10 11:32:12.030 [WARN]: User not logged in
(VSCode) 2025-08-10 11:32:13.088 [WARN]: User not logged in
(VSCode) 2025-08-10 11:32:15.115 [WARN]: User not logged in
(VSCode) 2025-08-10 11:32:15.483 [WARN]: User not logged in
(VSCode) 2025-08-10 11:32:16.866 [WARN]: User not logged in
(VSCode) 2025-08-10 11:32:18.464 [WARN]: User not logged in
(VSCode) 2025-08-10 11:32:21.264 [WARN]: User not logged in
(VSCode) 2025-08-10 11:32:22.319 [WARN]: User not logged in
(VSCode) 2025-08-10 11:32:54.854 [WARN]: User not logged in
(VSCode) 2025-08-10 11:32:55.251 [WARN]: User not logged in
(VSCode) 2025-08-10 11:32:55.332 [WARN]: User not logged in
(VSCode) 2025-08-10 11:32:55.570 [WARN]: User not logged in
(VSCode) 2025-08-10 11:32:55.967 [WARN]: User not logged in
(VSCode) 2025-08-10 11:32:56.054 [WARN]: User not logged in
(VSCode) 2025-08-10 11:32:56.119 [WARN]: User not logged in
(VSCode) 2025-08-10 11:32:56.197 [WARN]: User not logged in
(VSCode) 2025-08-10 11:32:56.352 [WARN]: User not logged in
(VSCode) 2025-08-10 11:32:56.753 [WARN]: User not logged in
(VSCode) 2025-08-10 11:32:56.831 [WARN]: User not logged in
(VSCode) 2025-08-10 11:32:56.919 [WARN]: User not logged in
(VSCode) 2025-08-10 11:32:57.020 [WARN]: User not logged in
(VSCode) 2025-08-10 11:32:57.058 [WARN]: User not logged in
(VSCode) 2025-08-10 11:32:57.172 [WARN]: User not logged in
(VSCode) 2025-08-10 11:32:57.568 [WARN]: User not logged in
(VSCode) 2025-08-10 11:32:57.650 [WARN]: User not logged in
(VSCode) 2025-08-10 11:32:57.716 [WARN]: User not logged in
(VSCode) 2025-08-10 11:32:57.802 [WARN]: User not logged in
(VSCode) 2025-08-10 11:32:57.873 [WARN]: User not logged in
(VSCode) 2025-08-10 11:32:57.954 [WARN]: User not logged in
(VSCode) 2025-08-10 11:32:58.100 [WARN]: User not logged in
(VSCode) 2025-08-10 11:32:58.253 [WARN]: User not logged in
(VSCode) 2025-08-10 11:32:58.400 [WARN]: User not logged in
(VSCode) 2025-08-10 11:32:58.552 [WARN]: User not logged in
(VSCode) 2025-08-10 11:32:58.733 [WARN]: User not logged in
(VSCode) 2025-08-10 11:34:42.806 [WARN]: User not logged in
(VSCode) 2025-08-10 11:34:43.167 [WARN]: User not logged in
(VSCode) 2025-08-10 11:34:44.068 [WARN]: User not logged in
(VSCode) 2025-08-10 11:34:46.978 [WARN]: User not logged in
(VSCode) 2025-08-10 11:34:48.875 [WARN]: User not logged in
(VSCode) 2025-08-10 11:34:51.569 [WARN]: User not logged in
(VSCode) 2025-08-10 11:34:52.323 [WARN]: User not logged in
(VSCode) 2025-08-10 11:34:53.159 [WARN]: User not logged in
(VSCode) 2025-08-10 11:34:54.289 [WARN]: User not logged in
(VSCode) 2025-08-10 11:34:54.441 [WARN]: User not logged in
(VSCode) 2025-08-10 11:34:57.342 [WARN]: User not logged in
(VSCode) 2025-08-10 11:34:58.583 [WARN]: User not logged in
(VSCode) 2025-08-10 11:35:00.374 [WARN]: User not logged in
(VSCode) 2025-08-10 11:35:01.925 [WARN]: User not logged in
(VSCode) 2025-08-10 11:35:02.838 [WARN]: User not logged in
(VSCode) 2025-08-10 11:35:04.472 [WARN]: User not logged in
(VSCode) 2025-08-10 11:35:05.748 [WARN]: User not logged in
(VSCode) 2025-08-10 11:35:07.804 [WARN]: User not logged in
(VSCode) 2025-08-10 11:35:08.656 [WARN]: User not logged in
(VSCode) 2025-08-10 11:35:09.500 [WARN]: User not logged in
(VSCode) 2025-08-10 11:35:24.222 [WARN]: User not logged in
(VSCode) 2025-08-10 11:35:24.558 [WARN]: User not logged in
(VSCode) 2025-08-10 11:35:24.634 [WARN]: User not logged in
(VSCode) 2025-08-10 11:35:24.710 [WARN]: User not logged in
(VSCode) 2025-08-10 11:35:24.795 [WARN]: User not logged in
(VSCode) 2025-08-10 11:35:24.939 [WARN]: User not logged in
(VSCode) 2025-08-10 11:35:25.007 [WARN]: User not logged in
(VSCode) 2025-08-10 11:35:25.088 [WARN]: User not logged in
(VSCode) 2025-08-10 11:35:25.158 [WARN]: User not logged in
(VSCode) 2025-08-10 11:35:25.238 [WARN]: User not logged in
(VSCode) 2025-08-10 11:35:25.318 [WARN]: User not logged in
(VSCode) 2025-08-10 11:35:25.393 [WARN]: User not logged in
(VSCode) 2025-08-10 11:35:25.468 [WARN]: User not logged in
(VSCode) 2025-08-10 11:35:25.552 [WARN]: User not logged in
(VSCode) 2025-08-10 11:35:25.635 [WARN]: User not logged in
(VSCode) 2025-08-10 11:35:25.784 [WARN]: User not logged in
(VSCode) 2025-08-10 11:35:25.925 [WARN]: User not logged in
(VSCode) 2025-08-10 11:35:26.071 [WARN]: User not logged in
(VSCode) 2025-08-10 11:35:26.847 [WARN]: User not logged in
(VSCode) 2025-08-10 11:35:27.240 [WARN]: User not logged in
(VSCode) 2025-08-10 11:35:27.301 [WARN]: User not logged in
(VSCode) 2025-08-10 11:35:27.386 [WARN]: User not logged in
(VSCode) 2025-08-10 11:35:27.499 [WARN]: User not logged in
(VSCode) 2025-08-10 11:35:27.540 [WARN]: User not logged in
(VSCode) 2025-08-10 11:35:27.602 [WARN]: User not logged in
(VSCode) 2025-08-10 11:35:27.956 [WARN]: User not logged in
(VSCode) 2025-08-10 11:35:29.135 [WARN]: User not logged in
(VSCode) 2025-08-10 11:35:36.605 [WARN]: User not logged in
(VSCode) 2025-08-10 11:35:37.000 [WARN]: User not logged in
(VSCode) 2025-08-10 11:35:37.076 [WARN]: User not logged in
(VSCode) 2025-08-10 11:35:37.162 [WARN]: User not logged in
(VSCode) 2025-08-10 11:35:37.218 [WARN]: User not logged in
(VSCode) 2025-08-10 11:35:37.315 [WARN]: User not logged in
(VSCode) 2025-08-10 11:35:37.654 [WARN]: User not logged in
(VSCode) 2025-08-10 11:35:37.785 [WARN]: User not logged in
(VSCode) 2025-08-10 11:35:37.934 [WARN]: User not logged in
(VSCode) 2025-08-10 11:35:38.168 [WARN]: User not logged in
(VSCode) 2025-08-10 11:36:37.636 [WARN]: User not logged in
(VSCode) 2025-08-10 11:36:38.270 [WARN]: User not logged in
(VSCode) 2025-08-10 11:36:38.643 [WARN]: User not logged in
(VSCode) 2025-08-10 11:36:40.526 [WARN]: User not logged in
(VSCode) 2025-08-10 11:36:43.314 [WARN]: User not logged in
(VSCode) 2025-08-10 11:36:43.415 [WARN]: User not logged in
(VSCode) 2025-08-10 11:36:43.717 [WARN]: User not logged in
(VSCode) 2025-08-10 11:36:43.722 [WARN]: User not logged in
(VSCode) 2025-08-10 11:36:46.167 [WARN]: User not logged in
(VSCode) 2025-08-10 11:36:47.568 [WARN]: User not logged in
(VSCode) 2025-08-10 11:36:49.304 [WARN]: User not logged in
(VSCode) 2025-08-10 11:36:52.672 [WARN]: User not logged in
(VSCode) 2025-08-10 11:36:54.190 [WARN]: User not logged in
(VSCode) 2025-08-10 11:36:54.292 [WARN]: User not logged in
(VSCode) 2025-08-10 11:36:59.198 [WARN]: User not logged in
(VSCode) 2025-08-10 11:36:59.898 [WARN]: User not logged in
(VSCode) 2025-08-10 11:37:01.642 [WARN]: User not logged in
(VSCode) 2025-08-10 11:37:30.686 [WARN]: User not logged in
(VSCode) 2025-08-10 11:37:32.783 [WARN]: User not logged in
(VSCode) 2025-08-10 11:37:50.346 [WARN]: User not logged in
(VSCode) 2025-08-10 11:37:50.733 [WARN]: User not logged in
(VSCode) 2025-08-10 11:37:50.814 [WARN]: User not logged in
(VSCode) 2025-08-10 11:37:51.054 [WARN]: User not logged in
(VSCode) 2025-08-10 11:37:51.228 [WARN]: User not logged in
(VSCode) 2025-08-10 11:37:51.614 [WARN]: User not logged in
(VSCode) 2025-08-10 11:37:51.926 [WARN]: User not logged in
(VSCode) 2025-08-10 11:38:05.181 [WARN]: User not logged in
(VSCode) 2025-08-10 11:38:06.492 [WARN]: User not logged in
(VSCode) 2025-08-10 11:38:22.987 [WARN]: User not logged in
(VSCode) 2025-08-10 11:38:23.124 [WARN]: User not logged in
(VSCode) 2025-08-10 11:38:27.673 [WARN]: User not logged in
(VSCode) 2025-08-10 11:38:31.235 [WARN]: User not logged in
(VSCode) 2025-08-10 11:54:18.397 [WARN]: User not logged in
(VSCode) 2025-08-10 11:54:18.542 [WARN]: User not logged in
(VSCode) 2025-08-10 11:54:19.289 [WARN]: User not logged in
(VSCode) 2025-08-10 11:54:19.466 [WARN]: User not logged in
(VSCode) 2025-08-10 11:54:19.592 [WARN]: User not logged in
(VSCode) 2025-08-10 11:54:19.956 [WARN]: User not logged in
(VSCode) 2025-08-10 11:54:22.520 [WARN]: User not logged in
(VSCode) 2025-08-10 11:55:22.160 [WARN]: User not logged in
(VSCode) 2025-08-10 11:55:22.643 [WARN]: User not logged in
(VSCode) 2025-08-10 11:55:44.381 [WARN]: User not logged in
(VSCode) 2025-08-10 11:55:45.259 [WARN]: User not logged in
(VSCode) 2025-08-10 11:55:45.767 [WARN]: User not logged in
(VSCode) 2025-08-10 11:55:46.338 [WARN]: User not logged in
(VSCode) 2025-08-10 11:55:46.511 [WARN]: User not logged in
(VSCode) 2025-08-10 11:55:46.653 [WARN]: User not logged in
(VSCode) 2025-08-10 11:55:47.130 [WARN]: User not logged in
(VSCode) 2025-08-10 11:55:50.779 [WARN]: User not logged in
(VSCode) 2025-08-10 11:55:50.981 [WARN]: User not logged in
(VSCode) 2025-08-10 11:55:51.358 [WARN]: User not logged in
(VSCode) 2025-08-10 11:55:52.840 [WARN]: User not logged in
(VSCode) 2025-08-10 11:55:56.102 [WARN]: User not logged in
(VSCode) 2025-08-10 11:55:56.717 [WARN]: User not logged in
(VSCode) 2025-08-10 11:55:56.852 [WARN]: User not logged in
(VSCode) 2025-08-10 11:55:57.766 [WARN]: User not logged in
(VSCode) 2025-08-10 11:55:58.586 [WARN]: User not logged in
(VSCode) 2025-08-10 11:56:01.636 [WARN]: User not logged in
(VSCode) 2025-08-10 11:56:01.970 [WARN]: User not logged in
(VSCode) 2025-08-10 11:56:08.163 [WARN]: User not logged in
(VSCode) 2025-08-10 11:56:08.569 [WARN]: User not logged in
(VSCode) 2025-08-10 11:56:08.642 [WARN]: User not logged in
(VSCode) 2025-08-10 11:56:08.710 [WARN]: User not logged in
(VSCode) 2025-08-10 11:56:08.788 [WARN]: User not logged in
(VSCode) 2025-08-10 11:56:08.865 [WARN]: User not logged in
(VSCode) 2025-08-10 11:56:09.343 [WARN]: User not logged in
(VSCode) 2025-08-10 11:56:09.730 [WARN]: User not logged in
(VSCode) 2025-08-10 11:56:09.790 [WARN]: User not logged in
(VSCode) 2025-08-10 11:56:09.872 [WARN]: User not logged in
(VSCode) 2025-08-10 11:56:09.958 [WARN]: User not logged in
(VSCode) 2025-08-10 11:56:10.156 [WARN]: User not logged in
(VSCode) 2025-08-10 11:56:10.305 [WARN]: User not logged in
(VSCode) 2025-08-10 11:56:10.461 [WARN]: User not logged in
(VSCode) 2025-08-10 11:56:11.770 [WARN]: User not logged in
(VSCode) 2025-08-10 11:56:16.126 [WARN]: User not logged in
(VSCode) 2025-08-10 11:56:16.529 [WARN]: User not logged in
(VSCode) 2025-08-10 11:56:16.608 [WARN]: User not logged in
(VSCode) 2025-08-10 11:56:16.677 [WARN]: User not logged in
(VSCode) 2025-08-10 11:56:16.742 [WARN]: User not logged in
(VSCode) 2025-08-10 11:56:16.842 [WARN]: User not logged in
(VSCode) 2025-08-10 11:56:17.601 [WARN]: User not logged in
(VSCode) 2025-08-10 11:56:18.031 [WARN]: User not logged in
(VSCode) 2025-08-10 11:56:18.942 [WARN]: User not logged in
(VSCode) 2025-08-10 11:56:19.372 [WARN]: User not logged in
(VSCode) 2025-08-10 11:56:19.442 [WARN]: User not logged in
(VSCode) 2025-08-10 11:56:19.531 [WARN]: User not logged in
(VSCode) 2025-08-10 11:56:19.653 [WARN]: User not logged in
(VSCode) 2025-08-10 11:56:20.037 [WARN]: User not logged in
(VSCode) 2025-08-10 11:56:20.195 [WARN]: User not logged in
(VSCode) 2025-08-10 11:56:20.271 [WARN]: User not logged in
(VSCode) 2025-08-10 11:56:20.351 [WARN]: User not logged in
(VSCode) 2025-08-10 11:56:20.486 [WARN]: User not logged in
(VSCode) 2025-08-10 11:56:20.891 [WARN]: User not logged in
(VSCode) 2025-08-10 11:56:20.965 [WARN]: User not logged in
(VSCode) 2025-08-10 11:56:21.081 [WARN]: User not logged in
(VSCode) 2025-08-10 11:56:21.114 [WARN]: User not logged in
(VSCode) 2025-08-10 11:56:21.191 [WARN]: User not logged in
(VSCode) 2025-08-10 11:56:21.303 [WARN]: User not logged in
(VSCode) 2025-08-10 11:56:21.392 [WARN]: User not logged in
(VSCode) 2025-08-10 11:56:21.786 [WARN]: User not logged in
(VSCode) 2025-08-10 11:56:21.862 [WARN]: User not logged in
(VSCode) 2025-08-10 11:56:21.939 [WARN]: User not logged in
(VSCode) 2025-08-10 11:56:22.037 [WARN]: User not logged in
(VSCode) 2025-08-10 11:56:22.123 [WARN]: User not logged in
(VSCode) 2025-08-10 11:56:22.238 [WARN]: User not logged in
(VSCode) 2025-08-10 11:56:22.650 [WARN]: User not logged in
(VSCode) 2025-08-10 11:56:22.734 [WARN]: User not logged in
(VSCode) 2025-08-10 11:56:22.798 [WARN]: User not logged in
(VSCode) 2025-08-10 11:56:22.872 [WARN]: User not logged in
(VSCode) 2025-08-10 11:56:22.958 [WARN]: User not logged in
(VSCode) 2025-08-10 11:56:23.059 [WARN]: User not logged in
(VSCode) 2025-08-10 11:56:23.514 [WARN]: User not logged in
(VSCode) 2025-08-10 11:56:23.564 [WARN]: User not logged in
(VSCode) 2025-08-10 11:56:23.622 [WARN]: User not logged in
(VSCode) 2025-08-10 11:56:23.694 [WARN]: User not logged in
(VSCode) 2025-08-10 11:56:23.789 [WARN]: User not logged in
(VSCode) 2025-08-10 11:56:23.910 [WARN]: User not logged in
(VSCode) 2025-08-10 11:56:24.351 [WARN]: User not logged in
(VSCode) 2025-08-10 11:56:24.387 [WARN]: User not logged in
(VSCode) 2025-08-10 11:56:24.471 [WARN]: User not logged in
(VSCode) 2025-08-10 11:56:24.540 [WARN]: User not logged in
(VSCode) 2025-08-10 11:56:24.928 [WARN]: User not logged in
(VSCode) 2025-08-10 11:56:25.320 [WARN]: User not logged in
(VSCode) 2025-08-10 11:56:25.394 [WARN]: User not logged in
(VSCode) 2025-08-10 11:56:25.469 [WARN]: User not logged in
(VSCode) 2025-08-10 11:56:25.701 [WARN]: User not logged in
(VSCode) 2025-08-10 11:56:25.826 [WARN]: User not logged in
(VSCode) 2025-08-10 11:56:27.194 [WARN]: User not logged in
(VSCode) 2025-08-10 11:56:28.412 [WARN]: User not logged in
(VSCode) 2025-08-10 11:56:31.040 [WARN]: User not logged in
(VSCode) 2025-08-10 11:56:31.802 [WARN]: User not logged in
(VSCode) 2025-08-10 11:56:34.235 [WARN]: User not logged in
(VSCode) 2025-08-10 11:56:34.676 [WARN]: User not logged in
(VSCode) 2025-08-10 11:56:38.260 [WARN]: User not logged in
(VSCode) 2025-08-10 11:56:38.779 [WARN]: User not logged in
(VSCode) 2025-08-10 11:56:49.610 [WARN]: User not logged in
(VSCode) 2025-08-10 11:56:50.088 [WARN]: User not logged in
(VSCode) 2025-08-10 11:56:51.293 [WARN]: User not logged in
(VSCode) 2025-08-10 11:56:51.639 [WARN]: User not logged in
(VSCode) 2025-08-10 11:56:52.767 [WARN]: User not logged in
(VSCode) 2025-08-10 11:56:55.092 [WARN]: User not logged in
(VSCode) 2025-08-10 11:56:59.498 [WARN]: User not logged in
(VSCode) 2025-08-10 11:57:02.163 [WARN]: User not logged in
(VSCode) 2025-08-10 11:57:02.567 [WARN]: User not logged in
(VSCode) 2025-08-10 11:57:02.635 [WARN]: User not logged in
(VSCode) 2025-08-10 11:57:02.733 [WARN]: User not logged in
(VSCode) 2025-08-10 11:57:03.059 [WARN]: User not logged in
(VSCode) 2025-08-10 11:57:03.228 [WARN]: User not logged in
(VSCode) 2025-08-10 11:57:03.674 [WARN]: User not logged in
(VSCode) 2025-08-10 11:57:04.173 [WARN]: User not logged in
(VSCode) 2025-08-10 11:57:05.078 [WARN]: User not logged in
(VSCode) 2025-08-10 11:57:14.161 [WARN]: User not logged in
(VSCode) 2025-08-10 11:57:14.336 [WARN]: User not logged in
(VSCode) 2025-08-10 11:57:14.572 [WARN]: User not logged in
(VSCode) 2025-08-10 11:57:16.805 [WARN]: User not logged in
(VSCode) 2025-08-10 11:57:17.395 [WARN]: User not logged in
(VSCode) 2025-08-10 11:57:18.800 [WARN]: User not logged in
(VSCode) 2025-08-10 11:57:19.199 [WARN]: User not logged in
(VSCode) 2025-08-10 11:57:19.270 [WARN]: User not logged in
(VSCode) 2025-08-10 11:57:19.649 [WARN]: User not logged in
(VSCode) 2025-08-10 11:57:20.077 [WARN]: User not logged in
(VSCode) 2025-08-10 11:57:20.479 [WARN]: User not logged in
(VSCode) 2025-08-10 11:57:20.560 [WARN]: User not logged in
(VSCode) 2025-08-10 11:57:20.619 [WARN]: User not logged in
(VSCode) 2025-08-10 11:57:20.703 [WARN]: User not logged in
(VSCode) 2025-08-10 11:57:20.766 [WARN]: User not logged in
(VSCode) 2025-08-10 11:57:20.900 [WARN]: User not logged in
(VSCode) 2025-08-10 11:57:21.376 [WARN]: User not logged in
(VSCode) 2025-08-10 11:57:21.457 [WARN]: User not logged in
(VSCode) 2025-08-10 11:57:21.525 [WARN]: User not logged in
(VSCode) 2025-08-10 11:57:21.604 [WARN]: User not logged in
(VSCode) 2025-08-10 11:57:21.671 [WARN]: User not logged in
(VSCode) 2025-08-10 11:57:21.808 [WARN]: User not logged in
(VSCode) 2025-08-10 11:57:22.258 [WARN]: User not logged in
(VSCode) 2025-08-10 11:57:22.291 [WARN]: User not logged in
(VSCode) 2025-08-10 11:57:22.373 [WARN]: User not logged in
(VSCode) 2025-08-10 11:57:22.437 [WARN]: User not logged in
(VSCode) 2025-08-10 11:57:22.506 [WARN]: User not logged in
(VSCode) 2025-08-10 11:57:22.581 [WARN]: User not logged in
(VSCode) 2025-08-10 11:57:22.662 [WARN]: User not logged in
(VSCode) 2025-08-10 11:57:22.727 [WARN]: User not logged in
(VSCode) 2025-08-10 11:57:22.824 [WARN]: User not logged in
(VSCode) 2025-08-10 11:57:22.940 [WARN]: User not logged in
(VSCode) 2025-08-10 11:57:24.492 [WARN]: User not logged in
(VSCode) 2025-08-10 11:57:24.889 [WARN]: User not logged in
(VSCode) 2025-08-10 11:57:24.973 [WARN]: User not logged in
(VSCode) 2025-08-10 11:57:25.813 [WARN]: User not logged in
(VSCode) 2025-08-10 11:57:26.300 [WARN]: User not logged in
(VSCode) 2025-08-10 11:57:26.647 [WARN]: User not logged in
(VSCode) 2025-08-10 11:57:26.719 [WARN]: User not logged in
(VSCode) 2025-08-10 11:57:26.875 [WARN]: User not logged in
(VSCode) 2025-08-10 11:57:26.947 [WARN]: User not logged in
(VSCode) 2025-08-10 11:57:28.422 [WARN]: User not logged in
(VSCode) 2025-08-10 11:57:32.003 [WARN]: User not logged in
(VSCode) 2025-08-10 11:57:32.154 [WARN]: User not logged in
(VSCode) 2025-08-10 11:57:33.059 [WARN]: User not logged in
(VSCode) 2025-08-10 11:57:34.153 [WARN]: User not logged in
(VSCode) 2025-08-10 11:57:36.775 [WARN]: User not logged in
(VSCode) 2025-08-10 11:57:40.096 [WARN]: User not logged in
(VSCode) 2025-08-10 11:57:53.036 [WARN]: User not logged in
(VSCode) 2025-08-10 11:57:53.204 [WARN]: User not logged in
(VSCode) 2025-08-10 11:57:54.276 [WARN]: User not logged in
(VSCode) 2025-08-10 11:57:54.622 [WARN]: User not logged in
(VSCode) 2025-08-10 11:58:06.504 [WARN]: User not logged in
(VSCode) 2025-08-10 11:58:07.019 [WARN]: User not logged in
(VSCode) 2025-08-10 11:58:07.507 [WARN]: User not logged in
(VSCode) 2025-08-10 11:58:08.769 [WARN]: User not logged in
(VSCode) 2025-08-10 11:58:11.108 [WARN]: User not logged in
(VSCode) 2025-08-10 11:58:34.002 [WARN]: User not logged in
(VSCode) 2025-08-10 11:58:38.435 [WARN]: User not logged in
(VSCode) 2025-08-10 11:58:49.862 [WARN]: User not logged in
(VSCode) 2025-08-10 11:58:50.354 [WARN]: User not logged in
(VSCode) 2025-08-10 11:58:51.326 [WARN]: User not logged in
(VSCode) 2025-08-10 11:58:55.641 [WARN]: User not logged in
(VSCode) 2025-08-10 11:58:57.963 [WARN]: User not logged in
(VSCode) 2025-08-10 11:58:59.681 [WARN]: User not logged in
(VSCode) 2025-08-10 11:59:00.401 [WARN]: User not logged in
(VSCode) 2025-08-10 11:59:27.046 [WARN]: User not logged in
(VSCode) 2025-08-10 11:59:28.404 [WARN]: User not logged in
(VSCode) 2025-08-10 11:59:30.148 [WARN]: User not logged in
(VSCode) 2025-08-10 11:59:30.885 [WARN]: User not logged in
(VSCode) 2025-08-10 11:59:31.419 [WARN]: User not logged in
(VSCode) 2025-08-10 12:00:15.451 [WARN]: User not logged in
(VSCode) 2025-08-10 12:00:15.859 [WARN]: User not logged in
(VSCode) 2025-08-10 12:00:18.533 [WARN]: User not logged in
(VSCode) 2025-08-10 12:00:18.947 [WARN]: User not logged in
(VSCode) 2025-08-10 12:00:29.705 [WARN]: User not logged in
(VSCode) 2025-08-10 12:00:30.390 [WARN]: User not logged in
(VSCode) 2025-08-10 12:00:34.361 [WARN]: User not logged in
(VSCode) 2025-08-10 12:00:37.667 [WARN]: User not logged in
(VSCode) 2025-08-10 12:00:41.354 [WARN]: User not logged in
(VSCode) 2025-08-10 12:00:45.041 [WARN]: User not logged in
(VSCode) 2025-08-10 12:02:40.009 [WARN]: User not logged in
(VSCode) 2025-08-10 12:02:40.124 [WARN]: User not logged in
(VSCode) 2025-08-10 12:02:40.309 [WARN]: User not logged in
(VSCode) 2025-08-10 12:02:40.708 [WARN]: User not logged in
(VSCode) 2025-08-10 12:02:41.037 [WARN]: User not logged in
(VSCode) 2025-08-10 12:02:41.787 [WARN]: User not logged in
(VSCode) 2025-08-10 12:02:42.213 [WARN]: User not logged in
(VSCode) 2025-08-10 12:02:42.692 [WARN]: User not logged in
(VSCode) 2025-08-10 12:02:44.445 [WARN]: User not logged in
(VSCode) 2025-08-10 12:03:03.237 [WARN]: User not logged in
(VSCode) 2025-08-10 12:03:03.950 [WARN]: User not logged in
(VSCode) 2025-08-10 12:03:12.943 [WARN]: User not logged in
(VSCode) 2025-08-10 12:03:13.797 [WARN]: User not logged in
(VSCode) 2025-08-10 12:03:44.673 [WARN]: User not logged in
(VSCode) 2025-08-10 12:03:45.314 [WARN]: User not logged in
(VSCode) 2025-08-10 12:03:45.772 [WARN]: User not logged in
(VSCode) 2025-08-10 12:03:47.373 [WARN]: User not logged in
(VSCode) 2025-08-10 12:03:47.449 [WARN]: User not logged in
(VSCode) 2025-08-10 12:03:55.944 [WARN]: User not logged in
(VSCode) 2025-08-10 12:04:28.395 [WARN]: User not logged in
(VSCode) 2025-08-10 12:04:28.524 [WARN]: User not logged in
(VSCode) 2025-08-10 12:04:29.319 [WARN]: User not logged in
(VSCode) 2025-08-10 12:04:29.759 [WARN]: User not logged in
(VSCode) 2025-08-10 12:04:31.288 [WARN]: User not logged in
(VSCode) 2025-08-10 12:04:31.415 [WARN]: User not logged in
(VSCode) 2025-08-10 12:04:32.766 [WARN]: User not logged in
(VSCode) 2025-08-10 12:04:33.457 [WARN]: User not logged in
(VSCode) 2025-08-10 12:04:35.165 [WARN]: User not logged in
(VSCode) 2025-08-10 12:04:35.312 [WARN]: User not logged in
(VSCode) 2025-08-10 12:04:35.824 [WARN]: User not logged in
(VSCode) 2025-08-10 12:04:36.372 [WARN]: User not logged in
(VSCode) 2025-08-10 12:04:37.863 [WARN]: User not logged in
(VSCode) 2025-08-10 12:04:38.006 [WARN]: User not logged in
(VSCode) 2025-08-10 12:04:39.114 [WARN]: User not logged in
(VSCode) 2025-08-10 12:04:39.521 [WARN]: User not logged in
(VSCode) 2025-08-10 12:04:41.198 [WARN]: User not logged in
(VSCode) 2025-08-10 12:04:41.366 [WARN]: User not logged in
(VSCode) 2025-08-10 12:04:43.381 [WARN]: User not logged in
(VSCode) 2025-08-10 12:04:43.823 [WARN]: User not logged in
(VSCode) 2025-08-10 12:04:49.758 [WARN]: User not logged in
(VSCode) 2025-08-10 12:04:50.403 [WARN]: User not logged in
(VSCode) 2025-08-10 12:05:08.890 [WARN]: User not logged in
(VSCode) 2025-08-10 12:05:09.365 [WARN]: User not logged in
(VSCode) 2025-08-10 12:05:10.384 [WARN]: User not logged in
(VSCode) 2025-08-10 12:05:43.683 [WARN]: User not logged in
(VSCode) 2025-08-10 12:05:43.806 [WARN]: User not logged in
(VSCode) 2025-08-10 12:05:44.651 [WARN]: User not logged in
(VSCode) 2025-08-10 12:05:46.957 [WARN]: User not logged in
(VSCode) 2025-08-10 12:05:47.031 [WARN]: User not logged in
(VSCode) 2025-08-10 12:05:49.743 [WARN]: User not logged in
(VSCode) 2025-08-10 12:05:51.917 [WARN]: User not logged in
(VSCode) 2025-08-10 12:05:54.514 [WARN]: User not logged in
(VSCode) 2025-08-10 12:05:55.592 [WARN]: User not logged in
(VSCode) 2025-08-10 12:05:56.108 [WARN]: User not logged in
(VSCode) 2025-08-10 12:05:56.812 [WARN]: User not logged in
(VSCode) 2025-08-10 12:05:59.683 [WARN]: User not logged in
(VSCode) 2025-08-10 12:06:00.155 [WARN]: User not logged in
(VSCode) 2025-08-10 12:06:01.963 [WARN]: User not logged in
(VSCode) 2025-08-10 12:06:02.399 [WARN]: User not logged in
(VSCode) 2025-08-10 12:06:06.057 [WARN]: User not logged in
(VSCode) 2025-08-10 12:06:07.069 [WARN]: User not logged in
(VSCode) 2025-08-10 12:06:08.930 [WARN]: User not logged in
(VSCode) 2025-08-10 12:06:09.740 [WARN]: User not logged in
(VSCode) 2025-08-10 12:06:10.192 [WARN]: User not logged in
(VSCode) 2025-08-10 12:06:15.810 [WARN]: User not logged in
(VSCode) 2025-08-10 12:06:17.165 [WARN]: User not logged in
(VSCode) 2025-08-10 12:06:18.539 [WARN]: User not logged in
(VSCode) 2025-08-10 12:06:18.606 [WARN]: User not logged in
(VSCode) 2025-08-10 12:06:22.620 [WARN]: User not logged in
(VSCode) 2025-08-10 12:06:24.323 [WARN]: User not logged in
(VSCode) 2025-08-10 12:06:53.621 [WARN]: User not logged in
(VSCode) 2025-08-10 12:07:10.991 [WARN]: User not logged in
(VSCode) 2025-08-10 12:07:11.143 [WARN]: User not logged in
(VSCode) 2025-08-10 12:07:11.739 [WARN]: User not logged in
(VSCode) 2025-08-10 12:07:15.338 [WARN]: User not logged in
(VSCode) 2025-08-10 12:07:15.888 [WARN]: User not logged in
(VSCode) 2025-08-10 12:07:16.451 [WARN]: User not logged in
(VSCode) 2025-08-10 12:07:20.227 [WARN]: User not logged in
(VSCode) 2025-08-10 12:07:23.298 [WARN]: User not logged in
(VSCode) 2025-08-10 12:07:23.793 [WARN]: User not logged in
(VSCode) 2025-08-10 12:13:33.380 [INFO]: Disposing language server process
(VSCode) 2025-08-10 12:13:33.380 [INFO]: Deleting manager directory: /tmp/dcbe90d4-b7a7-4385-9a80-a098ee01a63f/codeium/manager
(VSCode) 2025-08-10 12:13:33.381 [INFO]: Successfully disposed language server
W0810 12:13:33.380748 12484 main.go:142] [Language Server Manager] Got signal terminated, shutting down
I0810 12:13:33.456526 12514 server.go:1422] Exit requested on language server process 12514
I0810 12:13:33.456789 12514 server.go:1395] Language server shutting down
