(VSCode) 2025-08-08 23:55:44.860 [INFO]: No proxy settings found
(VSCode) 2025-08-08 23:55:46.469 [INFO]: Checking network connection...
(VSCode) 2025-08-08 23:55:47.130 [INFO]: No Network Issue connecting to https://server.codeium.com/healthz
(VSCode) 2025-08-08 23:55:48.940 [INFO]: Creating manager directory: /tmp/98d71981-3cde-40da-b77b-d65914fc5ea4/codeium/manager
(VSCode) 2025-08-08 23:55:49.292 [INFO]: Using cached LS with valid crc32: /workspace/.vscode-remote/extensions/codeium.codeium-1.48.2-universal/dist/e03af6ebc40b844314d448f947c80b636d093049/language_server_linux_x64
(VSCode) 2025-08-08 23:55:49.300 [INFO]: Language server started
2025/08/08 23:55:49 maxprocs: Leaving GOMAXPROCS=16: CPU quota undefined
I0808 23:55:49.532047  9630 main.go:604] [Language Server Manager] Setting GOMAXPROCS to 4
I0808 23:55:49.532129  9630 main.go:829] [Language Server Manager] Starting language server manager with pid 9630
I0808 23:55:49.532219  9630 main.go:138] [Language Server Manager] Manager acquired its lock file /tmp/98d71981-3cde-40da-b77b-d65914fc5ea4/codeium/manager/locks/manager.lock
I0808 23:55:49.533146  9630 main.go:283] [Language Server Manager] Waiting for random port file in /tmp/98d71981-3cde-40da-b77b-d65914fc5ea4/codeium/manager/child_random_port_1754697349532357905_3243152068335009533 to be created
2025/08/08 23:55:49 maxprocs: Leaving GOMAXPROCS=16: CPU quota undefined
I0808 23:55:49.753301  9651 main.go:604] Setting GOMAXPROCS to 4
I0808 23:55:49.753468  9651 main.go:823] Starting language server process with pid 9651
I0808 23:55:49.753509  9651 server.go:296] Language server will attempt to listen on host 127.0.0.1
I0808 23:55:49.754037  9651 server.go:303] Language server listening on random port at 41747
I0808 23:55:50.444986  9651 web_server.go:256] Chat Web Server listening at ws://127.0.0.1:33847
I0808 23:55:50.855146  9651 server.go:955] Local search is enabled, will index local files.
I0808 23:55:50.855174  9651 server.go:959] Using 4 indexer workers
I0808 23:55:50.971995  9651 server.go:1196] Child process attempting to acquire lock file /tmp/98d71981-3cde-40da-b77b-d65914fc5ea4/codeium/manager/locks/child_lock_1754697349532394365_1529692947890937819
I0808 23:55:50.972103  9651 server.go:1204] Child process acquired lock file /tmp/98d71981-3cde-40da-b77b-d65914fc5ea4/codeium/manager/locks/child_lock_1754697349532394365_1529692947890937819
36461
I0808 23:55:51.084745  9630 main.go:319] [Language Server Manager] Found random server port 41747
I0808 23:55:51.084770  9630 main.go:320] [Language Server Manager] Found random lsp port 36461
I0808 23:55:51.084787  9630 main.go:327] [Language Server Manager] Attempting to connect to language server at 127.0.0.1:41747
I0808 23:55:51.098066  9630 main.go:192] [Language Server Manager] Fixing language server port at 41747
I0808 23:55:51.098107  9630 main.go:381] [Language Server Manager] Successfully connected to new language server at 127.0.0.1:41747
(VSCode) 2025-08-08 23:55:51.194 [INFO]: Found language server running on port 41747
Playwright Host validation warning: 
╔══════════════════════════════════════════════════════╗
║ Host system is missing dependencies to run browsers. ║
║ Please install them with the following command:      ║
║                                                      ║
║     sudo npx playwright install-deps                 ║
║                                                      ║
║ Alternatively, use apt:                              ║
║     sudo apt-get install libatk1.0-0\                ║
║         libatk-bridge2.0-0\                          ║
║         libcups2\                                    ║
║         libxcomposite1\                              ║
║         libxdamage1\                                 ║
║         libxfixes3\                                  ║
║         libxrandr2\                                  ║
║         libgbm1\                                     ║
║         libxkbcommon0\                               ║
║         libatspi2.0-0                                ║
║                                                      ║
║ <3 Playwright Team                                   ║
╚══════════════════════════════════════════════════════╝
    at validateDependenciesLinux (/home/gitpod/.cache/ms-playwright-go/1.50.1/package/lib/server/registry/dependencies.js:216:9)
    at process.processTicksAndRejections (node:internal/process/task_queues:105:5)
    at async Registry._validateHostRequirements (/home/gitpod/.cache/ms-playwright-go/1.50.1/package/lib/server/registry/index.js:865:43)
    at async Registry._validateHostRequirementsForExecutableIfNeeded (/home/gitpod/.cache/ms-playwright-go/1.50.1/package/lib/server/registry/index.js:963:7)
    at async Registry.validateHostRequirementsForExecutablesIfNeeded (/home/gitpod/.cache/ms-playwright-go/1.50.1/package/lib/server/registry/index.js:952:43)
    at async t.<anonymous> (/home/gitpod/.cache/ms-playwright-go/1.50.1/package/lib/cli/program.js:122:7)
(VSCode) 2025-08-08 23:55:52.838 [INFO]: openAllTextDocuments took 617.089344ms
(VSCode) 2025-08-08 23:55:53.441 [WARN]: User not logged in
(VSCode) 2025-08-08 23:55:54.405 [WARN]: User not logged in
(VSCode) 2025-08-08 23:56:29.118 [WARN]: User not logged in
(VSCode) 2025-08-08 23:56:45.037 [WARN]: User not logged in
(VSCode) 2025-08-08 23:57:13.410 [WARN]: User not logged in
(VSCode) 2025-08-08 23:57:13.447 [WARN]: User not logged in
(VSCode) 2025-08-08 23:57:13.631 [WARN]: User not logged in
(VSCode) 2025-08-08 23:57:13.922 [WARN]: User not logged in
(VSCode) 2025-08-08 23:58:13.118 [WARN]: User not logged in
(VSCode) 2025-08-08 23:58:13.546 [WARN]: User not logged in
(VSCode) 2025-08-08 23:58:13.824 [WARN]: User not logged in
(VSCode) 2025-08-08 23:58:14.552 [WARN]: User not logged in
(VSCode) 2025-08-08 23:58:16.198 [WARN]: User not logged in
(VSCode) 2025-08-08 23:58:16.929 [WARN]: User not logged in
(VSCode) 2025-08-08 23:58:17.941 [WARN]: User not logged in
(VSCode) 2025-08-08 23:58:19.119 [WARN]: User not logged in
(VSCode) 2025-08-08 23:58:59.865 [WARN]: User not logged in
(VSCode) 2025-08-09 00:04:20.467 [INFO]: Disposing language server process
(VSCode) 2025-08-09 00:04:20.467 [INFO]: Deleting manager directory: /tmp/98d71981-3cde-40da-b77b-d65914fc5ea4/codeium/manager
(VSCode) 2025-08-09 00:04:20.468 [INFO]: Successfully disposed language server
W0809 00:04:20.467564  9630 main.go:142] [Language Server Manager] Got signal terminated, shutting down
I0809 00:04:20.538821  9651 server.go:1422] Exit requested on language server process 9651
I0809 00:04:20.538964  9651 server.go:1395] Language server shutting down
