2025-08-08 19:57:26.913 [info] Log level: Info
2025-08-08 19:57:26.913 [info] VSCODE_MACHINE_ID: 10d3d877-fe56-442f-a117-f9035039c6e9
2025-08-08 19:57:26.913 [info] VSCODE_SESSION_ID: 48ed8b76-a66b-4a79-9d03-1ce02ac3ae611754683037859
2025-08-08 19:57:26.913 [info] VSCODE_VERSION: 1.102.3
2025-08-08 19:57:26.913 [info] VSCODE_APP_NAME: Gitpod Code
2025-08-08 19:57:26.913 [info] VSCODE_APP_HOST: Gitpod
2025-08-08 19:57:26.913 [info] VSCODE_UI_KIND: web
2025-08-08 19:57:26.913 [info] GITPOD_WORKSPACE_CONTEXT_URL: https://github.com/Abdallah-Develop/Website-starter
2025-08-08 19:57:26.913 [info] GITPOD_INSTANCE_ID: 2f837f42-47b0-4395-9a8e-42383a0dc8f2
2025-08-08 19:57:26.913 [info] GITPOD_WORKSPACE_URL: https://abdallahdev-websitestar-esjdme0laxn.ws-eu120.gitpod.io
2025-08-08 19:57:26.913 [info] Gitpod Web 3953e81
2025-08-08 19:57:26.913 [info] Reading sessions from keychain...
2025-08-08 19:57:27.990 [info] Got stored sessions!
2025-08-08 19:57:27.990 [info] Verified session with the following scopes: function:accessCodeSyncStorage function:closePort function:controlAdmission function:deleteEnvVar function:generateNewGitpodToken function:getDefaultWorkspaceImage function:getGitpodTokenScopes function:getIDToken function:getLoggedInUser function:getOpenPorts function:getSupportedWorkspaceClasses function:getTeams function:getToken function:getWorkspace function:getWorkspaceEnvVars function:getWorkspaceOwner function:getWorkspaceTimeout function:getWorkspaceUsers function:guessGitTokenScopes function:isWorkspaceOwner function:openPort function:sendHeartBeat function:setEnvVar function:setWorkspaceTimeout function:stopWorkspace function:takeSnapshot function:trackEvent function:updateGitStatus function:waitForSnapshot resource:contentBlob::*::create/get resource:envVar::*/**::update resource:envVar::*/*::update resource:envVar::Abdallah-Develop/Website-starter::create/get/update/delete resource:gitpodToken::*::create resource:snapshot::ws-abdallahdev-websitestar-esjdme0laxn::create resource:token::*::get resource:userStorage::*::create/get/update resource:workspace::abdallahdev-websitestar-esjdme0laxn::get/update resource:workspaceInstance::2f837f42-47b0-4395-9a8e-42383a0dc8f2::get/update/delete
2025-08-08 19:57:27.990 [info] Got 1 verified sessions.
2025-08-08 19:57:27.990 [info] Getting sessions for all scopes...
2025-08-08 19:57:27.991 [info] Getting GitHub sessions for all scopes...
2025-08-08 19:57:27.991 [info] Got 1 sessions for all scopes...
2025-08-08 19:57:27.991 [info] Getting sessions for all scopes...
2025-08-08 19:57:27.991 [info] Got 1 sessions for all scopes...
2025-08-08 19:57:27.991 [info] Getting sessions for all scopes...
2025-08-08 19:57:27.991 [info] Got 1 sessions for all scopes...
2025-08-08 19:57:31.245 [info] Got 1 GitHub sessions for all scopes...
2025-08-08 19:57:31.315 [info] Getting GitHub sessions for all scopes...
2025-08-08 19:57:31.315 [info] Getting sessions for all scopes...
2025-08-08 19:57:31.315 [info] Got 1 GitHub sessions for all scopes...
2025-08-08 19:57:31.315 [info] Got 1 sessions for all scopes...
2025-08-08 19:57:31.315 [info] Getting GitHub sessions for all scopes...
2025-08-08 19:57:31.315 [info] Got 1 GitHub sessions for all scopes...
2025-08-08 19:57:31.318 [info] Getting sessions for all scopes...
2025-08-08 19:57:31.318 [info] Getting GitHub sessions for all scopes...
2025-08-08 19:57:31.318 [info] Got 1 sessions for all scopes...
2025-08-08 19:57:31.318 [info] Got 1 GitHub sessions for all scopes...
2025-08-08 19:57:31.318 [info] Getting sessions for function:accessCodeSyncStorage...
2025-08-08 19:57:31.319 [info] Got 1 sessions for function:accessCodeSyncStorage...
2025-08-08 19:57:32.518 [info] Getting GitHub sessions for read:user,repo,user:email,workflow...
2025-08-08 19:57:32.518 [info] Got 0 GitHub sessions for read:user,repo,user:email,workflow...
2025-08-08 19:57:32.592 [info] Getting GitHub sessions for all scopes...
2025-08-08 19:57:32.593 [info] Got 1 GitHub sessions for all scopes...
2025-08-08 19:57:32.594 [info] Getting sessions for all scopes...
2025-08-08 19:57:32.594 [info] Getting GitHub sessions for all scopes...
2025-08-08 19:57:32.594 [info] Got 1 sessions for all scopes...
2025-08-08 19:57:32.594 [info] Got 1 GitHub sessions for all scopes...
2025-08-08 19:57:33.077 [info] Getting sessions for all scopes...
2025-08-08 19:57:33.077 [info] Getting GitHub sessions for all scopes...
2025-08-08 19:57:33.077 [info] Got 1 sessions for all scopes...
2025-08-08 19:57:33.077 [info] Got 1 GitHub sessions for all scopes...
2025-08-08 19:57:33.288 [info] Getting sessions for all scopes...
2025-08-08 19:57:33.288 [info] Getting GitHub sessions for all scopes...
2025-08-08 19:57:33.288 [info] Got 1 sessions for all scopes...
2025-08-08 19:57:33.288 [info] Got 1 GitHub sessions for all scopes...
2025-08-08 19:57:33.391 [info] Getting sessions for all scopes...
2025-08-08 19:57:33.391 [info] Getting GitHub sessions for all scopes...
2025-08-08 19:57:33.391 [info] Got 1 sessions for all scopes...
2025-08-08 19:57:33.391 [info] Got 1 GitHub sessions for all scopes...
2025-08-08 19:57:33.395 [info] Getting GitHub sessions for project,read:org,read:user,repo,user:email,workflow...
2025-08-08 19:57:33.395 [info] Got 0 GitHub sessions for project,read:org,read:user,repo,user:email,workflow...
2025-08-08 19:57:33.686 [info] Getting sessions for all scopes...
2025-08-08 19:57:33.686 [info] Getting GitHub sessions for all scopes...
2025-08-08 19:57:33.686 [info] Got 1 sessions for all scopes...
2025-08-08 19:57:33.686 [info] Got 1 GitHub sessions for all scopes...
2025-08-08 19:57:33.987 [info] Getting sessions for all scopes...
2025-08-08 19:57:33.987 [info] Getting GitHub sessions for all scopes...
2025-08-08 19:57:33.987 [info] Got 1 sessions for all scopes...
2025-08-08 19:57:33.987 [info] Got 1 GitHub sessions for all scopes...
2025-08-08 19:57:34.190 [info] Getting GitHub sessions for read:user,repo,user:email,workflow...
2025-08-08 19:57:34.190 [info] Got 0 GitHub sessions for read:user,repo,user:email,workflow...
2025-08-08 19:57:34.204 [info] Getting sessions for all scopes...
2025-08-08 19:57:34.204 [info] Getting GitHub sessions for all scopes...
2025-08-08 19:57:34.204 [info] Got 1 sessions for all scopes...
2025-08-08 19:57:34.204 [info] Got 1 GitHub sessions for all scopes...
2025-08-08 19:57:34.205 [info] Getting sessions for all scopes...
2025-08-08 19:57:34.205 [info] Getting GitHub sessions for all scopes...
2025-08-08 19:57:34.205 [info] Got 1 sessions for all scopes...
2025-08-08 19:57:34.205 [info] Got 1 GitHub sessions for all scopes...
2025-08-08 19:57:34.205 [info] Getting sessions for all scopes...
2025-08-08 19:57:34.205 [info] Getting GitHub sessions for all scopes...
2025-08-08 19:57:34.205 [info] Got 1 sessions for all scopes...
2025-08-08 19:57:34.205 [info] Got 1 GitHub sessions for all scopes...
2025-08-08 19:57:34.869 [info] Getting sessions for all scopes...
2025-08-08 19:57:34.869 [info] Getting GitHub sessions for all scopes...
2025-08-08 19:57:34.869 [info] Got 1 sessions for all scopes...
2025-08-08 19:57:34.869 [info] Got 1 GitHub sessions for all scopes...
2025-08-08 19:57:35.467 [info] Getting GitHub sessions for read:user,repo,user:email...
2025-08-08 19:57:35.467 [info] Got 0 GitHub sessions for read:user,repo,user:email...
2025-08-08 19:57:36.988 [info] Getting GitHub sessions for read:user,repo,user:email,workflow...
2025-08-08 19:57:36.988 [info] Got 0 GitHub sessions for read:user,repo,user:email,workflow...
