(VSCode) 2025-08-09 11:16:30.932 [INFO]: No proxy settings found
(VSCode) 2025-08-09 11:16:32.852 [INFO]: Checking network connection...
(VSCode) 2025-08-09 11:16:33.460 [INFO]: No Network Issue connecting to https://server.codeium.com/healthz
(VSCode) 2025-08-09 11:16:34.617 [INFO]: Creating manager directory: /tmp/0f4fdffa-0b5d-4e02-b07d-82df5116020d/codeium/manager
(VSCode) 2025-08-09 11:16:35.088 [INFO]: Using cached LS with valid crc32: /workspace/.vscode-remote/extensions/codeium.codeium-1.48.2-universal/dist/e03af6ebc40b844314d448f947c80b636d093049/language_server_linux_x64
(VSCode) 2025-08-09 11:16:35.096 [INFO]: Language server started
2025/08/09 11:16:35 maxprocs: Leaving GOMAXPROCS=16: CPU quota undefined
I0809 11:16:35.332399   687 main.go:604] [Language Server Manager] Setting GOMAXPROCS to 4
I0809 11:16:35.332492   687 main.go:829] [Language Server Manager] Starting language server manager with pid 687
I0809 11:16:35.332606   687 main.go:138] [Language Server Manager] Manager acquired its lock file /tmp/0f4fdffa-0b5d-4e02-b07d-82df5116020d/codeium/manager/locks/manager.lock
I0809 11:16:35.333740   687 main.go:283] [Language Server Manager] Waiting for random port file in /tmp/0f4fdffa-0b5d-4e02-b07d-82df5116020d/codeium/manager/child_random_port_1754738195332742678_986474647625819138 to be created
2025/08/09 11:16:35 maxprocs: Leaving GOMAXPROCS=16: CPU quota undefined
I0809 11:16:35.590220   707 main.go:604] Setting GOMAXPROCS to 4
I0809 11:16:35.590551   707 main.go:823] Starting language server process with pid 707
I0809 11:16:35.590600   707 server.go:296] Language server will attempt to listen on host 127.0.0.1
I0809 11:16:35.591180   707 server.go:303] Language server listening on random port at 37325
I0809 11:16:36.271868   707 web_server.go:256] Chat Web Server listening at ws://127.0.0.1:39805
I0809 11:16:36.540799   707 server.go:955] Local search is enabled, will index local files.
I0809 11:16:36.540828   707 server.go:959] Using 4 indexer workers
I0809 11:16:36.749230   707 server.go:1196] Child process attempting to acquire lock file /tmp/0f4fdffa-0b5d-4e02-b07d-82df5116020d/codeium/manager/locks/child_lock_1754738195332796838_4146669360951518368
I0809 11:16:36.749370   707 server.go:1204] Child process acquired lock file /tmp/0f4fdffa-0b5d-4e02-b07d-82df5116020d/codeium/manager/locks/child_lock_1754738195332796838_4146669360951518368
36085
I0809 11:16:36.839619   687 main.go:319] [Language Server Manager] Found random server port 37325
I0809 11:16:36.839648   687 main.go:320] [Language Server Manager] Found random lsp port 36085
I0809 11:16:36.839669   687 main.go:327] [Language Server Manager] Attempting to connect to language server at 127.0.0.1:37325
I0809 11:16:36.852162   687 main.go:192] [Language Server Manager] Fixing language server port at 37325
I0809 11:16:36.852195   687 main.go:381] [Language Server Manager] Successfully connected to new language server at 127.0.0.1:37325
(VSCode) 2025-08-09 11:16:36.903 [INFO]: Found language server running on port 37325
Downloading Chromium 133.0.6943.16 (playwright build v1155) from https://cdn.playwright.dev/dbazure/download/playwright/builds/chromium/1155/chromium-linux.zip
(VSCode) 2025-08-09 11:16:39.225 [ERROR]: Invalid LSP port: Downloading Chromium 133.0.6943.16 (playwright build v1155) from https://cdn.playwright.dev/dbazure/download/playwright/builds/chromium/1155/chromium-linux.zip

|                                                                                |   0% of 163.5 MiB
(VSCode) 2025-08-09 11:16:39.469 [ERROR]: Invalid LSP port: |                                                                                |   0% of 163.5 MiB

|■■■■■■■■                                                                        |  10% of 163.5 MiB
(VSCode) 2025-08-09 11:16:39.611 [ERROR]: Invalid LSP port: |■■■■■■■■                                                                        |  10% of 163.5 MiB

|■■■■■■■■■■■■■■■■                                                                |  20% of 163.5 MiB
(VSCode) 2025-08-09 11:16:39.694 [ERROR]: Invalid LSP port: |■■■■■■■■■■■■■■■■                                                                |  20% of 163.5 MiB

|■■■■■■■■■■■■■■■■■■■■■■■■                                                        |  30% of 163.5 MiB
(VSCode) 2025-08-09 11:16:39.773 [ERROR]: Invalid LSP port: |■■■■■■■■■■■■■■■■■■■■■■■■                                                        |  30% of 163.5 MiB

|■■■■■■■■■■■■■■■■■■■■■■■■■■■■■■■■                                                |  40% of 163.5 MiB
(VSCode) 2025-08-09 11:16:39.892 [ERROR]: Invalid LSP port: |■■■■■■■■■■■■■■■■■■■■■■■■■■■■■■■■                                                |  40% of 163.5 MiB

|■■■■■■■■■■■■■■■■■■■■■■■■■■■■■■■■■■■■■■■■                                        |  50% of 163.5 MiB
(VSCode) 2025-08-09 11:16:39.969 [ERROR]: Invalid LSP port: |■■■■■■■■■■■■■■■■■■■■■■■■■■■■■■■■■■■■■■■■                                        |  50% of 163.5 MiB

|■■■■■■■■■■■■■■■■■■■■■■■■■■■■■■■■■■■■■■■■■■■■■■■■                                |  60% of 163.5 MiB
(VSCode) 2025-08-09 11:16:40.077 [ERROR]: Invalid LSP port: |■■■■■■■■■■■■■■■■■■■■■■■■■■■■■■■■■■■■■■■■■■■■■■■■                                |  60% of 163.5 MiB

|■■■■■■■■■■■■■■■■■■■■■■■■■■■■■■■■■■■■■■■■■■■■■■■■■■■■■■■■                        |  70% of 163.5 MiB
(VSCode) 2025-08-09 11:16:40.172 [ERROR]: Invalid LSP port: |■■■■■■■■■■■■■■■■■■■■■■■■■■■■■■■■■■■■■■■■■■■■■■■■■■■■■■■■                        |  70% of 163.5 MiB

|■■■■■■■■■■■■■■■■■■■■■■■■■■■■■■■■■■■■■■■■■■■■■■■■■■■■■■■■■■■■■■■■                |  80% of 163.5 MiB
(VSCode) 2025-08-09 11:16:40.256 [ERROR]: Invalid LSP port: |■■■■■■■■■■■■■■■■■■■■■■■■■■■■■■■■■■■■■■■■■■■■■■■■■■■■■■■■■■■■■■■■                |  80% of 163.5 MiB

|■■■■■■■■■■■■■■■■■■■■■■■■■■■■■■■■■■■■■■■■■■■■■■■■■■■■■■■■■■■■■■■■■■■■■■■■        |  90% of 163.5 MiB
(VSCode) 2025-08-09 11:16:40.350 [ERROR]: Invalid LSP port: |■■■■■■■■■■■■■■■■■■■■■■■■■■■■■■■■■■■■■■■■■■■■■■■■■■■■■■■■■■■■■■■■■■■■■■■■        |  90% of 163.5 MiB

|■■■■■■■■■■■■■■■■■■■■■■■■■■■■■■■■■■■■■■■■■■■■■■■■■■■■■■■■■■■■■■■■■■■■■■■■■■■■■■■■| 100% of 163.5 MiB
(VSCode) 2025-08-09 11:16:40.439 [ERROR]: Invalid LSP port: |■■■■■■■■■■■■■■■■■■■■■■■■■■■■■■■■■■■■■■■■■■■■■■■■■■■■■■■■■■■■■■■■■■■■■■■■■■■■■■■■| 100% of 163.5 MiB

Chromium 133.0.6943.16 (playwright build v1155) downloaded to /home/gitpod/.codeium/ws-browser/chromium-1155
(VSCode) 2025-08-09 11:16:43.628 [ERROR]: Invalid LSP port: Chromium 133.0.6943.16 (playwright build v1155) downloaded to /home/gitpod/.codeium/ws-browser/chromium-1155

Downloading FFMPEG playwright build v1011 from https://cdn.playwright.dev/dbazure/download/playwright/builds/ffmpeg/1011/ffmpeg-linux.zip
(VSCode) 2025-08-09 11:16:43.628 [ERROR]: Invalid LSP port: Downloading FFMPEG playwright build v1011 from https://cdn.playwright.dev/dbazure/download/playwright/builds/ffmpeg/1011/ffmpeg-linux.zip

|                                                                                |   0% of 2.3 MiB
(VSCode) 2025-08-09 11:16:43.897 [ERROR]: Invalid LSP port: |                                                                                |   0% of 2.3 MiB

|■■■■■■■■                                                                        |  10% of 2.3 MiB
(VSCode) 2025-08-09 11:16:43.911 [ERROR]: Invalid LSP port: |■■■■■■■■                                                                        |  10% of 2.3 MiB

|■■■■■■■■■■■■■■■■                                                                |  20% of 2.3 MiB
(VSCode) 2025-08-09 11:16:43.917 [ERROR]: Invalid LSP port: |■■■■■■■■■■■■■■■■                                                                |  20% of 2.3 MiB

|■■■■■■■■■■■■■■■■■■■■■■■■                                                        |  30% of 2.3 MiB
(VSCode) 2025-08-09 11:16:43.919 [ERROR]: Invalid LSP port: |■■■■■■■■■■■■■■■■■■■■■■■■                                                        |  30% of 2.3 MiB

|■■■■■■■■■■■■■■■■■■■■■■■■■■■■■■■■                                                |  40% of 2.3 MiB
(VSCode) 2025-08-09 11:16:43.923 [ERROR]: Invalid LSP port: |■■■■■■■■■■■■■■■■■■■■■■■■■■■■■■■■                                                |  40% of 2.3 MiB

|■■■■■■■■■■■■■■■■■■■■■■■■■■■■■■■■■■■■■■■■                                        |  50% of 2.3 MiB
(VSCode) 2025-08-09 11:16:43.925 [ERROR]: Invalid LSP port: |■■■■■■■■■■■■■■■■■■■■■■■■■■■■■■■■■■■■■■■■                                        |  50% of 2.3 MiB

|■■■■■■■■■■■■■■■■■■■■■■■■■■■■■■■■■■■■■■■■■■■■■■■■                                |  60% of 2.3 MiB
(VSCode) 2025-08-09 11:16:43.927 [ERROR]: Invalid LSP port: |■■■■■■■■■■■■■■■■■■■■■■■■■■■■■■■■■■■■■■■■■■■■■■■■                                |  60% of 2.3 MiB

|■■■■■■■■■■■■■■■■■■■■■■■■■■■■■■■■■■■■■■■■■■■■■■■■■■■■■■■■                        |  70% of 2.3 MiB
(VSCode) 2025-08-09 11:16:43.929 [ERROR]: Invalid LSP port: |■■■■■■■■■■■■■■■■■■■■■■■■■■■■■■■■■■■■■■■■■■■■■■■■■■■■■■■■                        |  70% of 2.3 MiB

|■■■■■■■■■■■■■■■■■■■■■■■■■■■■■■■■■■■■■■■■■■■■■■■■■■■■■■■■■■■■■■■■                |  80% of 2.3 MiB
(VSCode) 2025-08-09 11:16:43.931 [ERROR]: Invalid LSP port: |■■■■■■■■■■■■■■■■■■■■■■■■■■■■■■■■■■■■■■■■■■■■■■■■■■■■■■■■■■■■■■■■                |  80% of 2.3 MiB

|■■■■■■■■■■■■■■■■■■■■■■■■■■■■■■■■■■■■■■■■■■■■■■■■■■■■■■■■■■■■■■■■■■■■■■■■        |  90% of 2.3 MiB
(VSCode) 2025-08-09 11:16:43.932 [ERROR]: Invalid LSP port: |■■■■■■■■■■■■■■■■■■■■■■■■■■■■■■■■■■■■■■■■■■■■■■■■■■■■■■■■■■■■■■■■■■■■■■■■        |  90% of 2.3 MiB

|■■■■■■■■■■■■■■■■■■■■■■■■■■■■■■■■■■■■■■■■■■■■■■■■■■■■■■■■■■■■■■■■■■■■■■■■■■■■■■■■| 100% of 2.3 MiB
(VSCode) 2025-08-09 11:16:43.934 [ERROR]: Invalid LSP port: |■■■■■■■■■■■■■■■■■■■■■■■■■■■■■■■■■■■■■■■■■■■■■■■■■■■■■■■■■■■■■■■■■■■■■■■■■■■■■■■■| 100% of 2.3 MiB

FFMPEG playwright build v1011 downloaded to /home/gitpod/.codeium/ws-browser/ffmpeg-1011
(VSCode) 2025-08-09 11:16:43.999 [ERROR]: Invalid LSP port: FFMPEG playwright build v1011 downloaded to /home/gitpod/.codeium/ws-browser/ffmpeg-1011

Downloading Chromium Headless Shell 133.0.6943.16 (playwright build v1155) from https://cdn.playwright.dev/dbazure/download/playwright/builds/chromium/1155/chromium-headless-shell-linux.zip
(VSCode) 2025-08-09 11:16:43.999 [ERROR]: Invalid LSP port: Downloading Chromium Headless Shell 133.0.6943.16 (playwright build v1155) from https://cdn.playwright.dev/dbazure/download/playwright/builds/chromium/1155/chromium-headless-shell-linux.zip

|                                                                                |   0% of 99.9 MiB
(VSCode) 2025-08-09 11:16:44.497 [ERROR]: Invalid LSP port: |                                                                                |   0% of 99.9 MiB

|■■■■■■■■                                                                        |  10% of 99.9 MiB
(VSCode) 2025-08-09 11:16:44.584 [ERROR]: Invalid LSP port: |■■■■■■■■                                                                        |  10% of 99.9 MiB

|■■■■■■■■■■■■■■■■                                                                |  20% of 99.9 MiB
(VSCode) 2025-08-09 11:16:44.643 [ERROR]: Invalid LSP port: |■■■■■■■■■■■■■■■■                                                                |  20% of 99.9 MiB

|■■■■■■■■■■■■■■■■■■■■■■■■                                                        |  30% of 99.9 MiB
(VSCode) 2025-08-09 11:16:44.694 [ERROR]: Invalid LSP port: |■■■■■■■■■■■■■■■■■■■■■■■■                                                        |  30% of 99.9 MiB

|■■■■■■■■■■■■■■■■■■■■■■■■■■■■■■■■                                                |  40% of 99.9 MiB
(VSCode) 2025-08-09 11:16:44.736 [ERROR]: Invalid LSP port: |■■■■■■■■■■■■■■■■■■■■■■■■■■■■■■■■                                                |  40% of 99.9 MiB

|■■■■■■■■■■■■■■■■■■■■■■■■■■■■■■■■■■■■■■■■                                        |  50% of 99.9 MiB
(VSCode) 2025-08-09 11:16:44.777 [ERROR]: Invalid LSP port: |■■■■■■■■■■■■■■■■■■■■■■■■■■■■■■■■■■■■■■■■                                        |  50% of 99.9 MiB

|■■■■■■■■■■■■■■■■■■■■■■■■■■■■■■■■■■■■■■■■■■■■■■■■                                |  60% of 99.9 MiB
(VSCode) 2025-08-09 11:16:45.097 [ERROR]: Invalid LSP port: |■■■■■■■■■■■■■■■■■■■■■■■■■■■■■■■■■■■■■■■■■■■■■■■■                                |  60% of 99.9 MiB

|■■■■■■■■■■■■■■■■■■■■■■■■■■■■■■■■■■■■■■■■■■■■■■■■■■■■■■■■                        |  70% of 99.9 MiB
(VSCode) 2025-08-09 11:16:45.151 [ERROR]: Invalid LSP port: |■■■■■■■■■■■■■■■■■■■■■■■■■■■■■■■■■■■■■■■■■■■■■■■■■■■■■■■■                        |  70% of 99.9 MiB

|■■■■■■■■■■■■■■■■■■■■■■■■■■■■■■■■■■■■■■■■■■■■■■■■■■■■■■■■■■■■■■■■                |  80% of 99.9 MiB
(VSCode) 2025-08-09 11:16:45.213 [ERROR]: Invalid LSP port: |■■■■■■■■■■■■■■■■■■■■■■■■■■■■■■■■■■■■■■■■■■■■■■■■■■■■■■■■■■■■■■■■                |  80% of 99.9 MiB

|■■■■■■■■■■■■■■■■■■■■■■■■■■■■■■■■■■■■■■■■■■■■■■■■■■■■■■■■■■■■■■■■■■■■■■■■        |  90% of 99.9 MiB
(VSCode) 2025-08-09 11:16:45.263 [ERROR]: Invalid LSP port: |■■■■■■■■■■■■■■■■■■■■■■■■■■■■■■■■■■■■■■■■■■■■■■■■■■■■■■■■■■■■■■■■■■■■■■■■        |  90% of 99.9 MiB

|■■■■■■■■■■■■■■■■■■■■■■■■■■■■■■■■■■■■■■■■■■■■■■■■■■■■■■■■■■■■■■■■■■■■■■■■■■■■■■■■| 100% of 99.9 MiB
(VSCode) 2025-08-09 11:16:45.302 [ERROR]: Invalid LSP port: |■■■■■■■■■■■■■■■■■■■■■■■■■■■■■■■■■■■■■■■■■■■■■■■■■■■■■■■■■■■■■■■■■■■■■■■■■■■■■■■■| 100% of 99.9 MiB

Chromium Headless Shell 133.0.6943.16 (playwright build v1155) downloaded to /home/gitpod/.codeium/ws-browser/chromium_headless_shell-1155
(VSCode) 2025-08-09 11:16:47.454 [ERROR]: Invalid LSP port: Chromium Headless Shell 133.0.6943.16 (playwright build v1155) downloaded to /home/gitpod/.codeium/ws-browser/chromium_headless_shell-1155

Playwright Host validation warning: 
╔══════════════════════════════════════════════════════╗
║ Host system is missing dependencies to run browsers. ║
║ Please install them with the following command:      ║
║                                                      ║
║     sudo npx playwright install-deps                 ║
║                                                      ║
║ Alternatively, use apt:                              ║
║     sudo apt-get install libatk1.0-0\                ║
║         libatk-bridge2.0-0\                          ║
║         libcups2\                                    ║
║         libxcomposite1\                              ║
║         libxdamage1\                                 ║
║         libxfixes3\                                  ║
║         libxrandr2\                                  ║
║         libgbm1\                                     ║
║         libxkbcommon0\                               ║
║         libatspi2.0-0                                ║
║                                                      ║
║ <3 Playwright Team                                   ║
╚══════════════════════════════════════════════════════╝
    at validateDependenciesLinux (/home/gitpod/.cache/ms-playwright-go/1.50.1/package/lib/server/registry/dependencies.js:216:9)
    at process.processTicksAndRejections (node:internal/process/task_queues:105:5)
    at async Registry._validateHostRequirements (/home/gitpod/.cache/ms-playwright-go/1.50.1/package/lib/server/registry/index.js:865:43)
    at async Registry._validateHostRequirementsForExecutableIfNeeded (/home/gitpod/.cache/ms-playwright-go/1.50.1/package/lib/server/registry/index.js:963:7)
    at async Registry.validateHostRequirementsForExecutablesIfNeeded (/home/gitpod/.cache/ms-playwright-go/1.50.1/package/lib/server/registry/index.js:952:43)
    at async t.<anonymous> (/home/gitpod/.cache/ms-playwright-go/1.50.1/package/lib/cli/program.js:122:7)
(VSCode) 2025-08-09 11:17:03.177 [INFO]: openAllTextDocuments took 24250.042254999997ms
(VSCode) 2025-08-09 11:21:21.609 [WARN]: User not logged in
(VSCode) 2025-08-09 11:21:22.686 [WARN]: User not logged in
(VSCode) 2025-08-09 11:21:27.553 [WARN]: User not logged in
(VSCode) 2025-08-09 11:21:28.000 [WARN]: User not logged in
(VSCode) 2025-08-09 11:21:28.278 [WARN]: User not logged in
(VSCode) 2025-08-09 11:21:28.602 [WARN]: User not logged in
(VSCode) 2025-08-09 11:21:28.906 [WARN]: User not logged in
(VSCode) 2025-08-09 11:21:31.596 [WARN]: User not logged in
(VSCode) 2025-08-09 11:21:32.032 [WARN]: User not logged in
(VSCode) 2025-08-09 11:21:45.153 [WARN]: User not logged in
(VSCode) 2025-08-09 11:22:18.673 [WARN]: User not logged in
(VSCode) 2025-08-09 11:22:18.803 [WARN]: User not logged in
(VSCode) 2025-08-09 11:22:19.978 [WARN]: User not logged in
(VSCode) 2025-08-09 11:22:20.106 [WARN]: User not logged in
(VSCode) 2025-08-09 11:22:20.788 [WARN]: User not logged in
(VSCode) 2025-08-09 11:22:21.444 [WARN]: User not logged in
(VSCode) 2025-08-09 11:22:22.081 [WARN]: User not logged in
(VSCode) 2025-08-09 11:22:25.300 [WARN]: User not logged in
(VSCode) 2025-08-09 11:22:27.242 [WARN]: User not logged in
(VSCode) 2025-08-09 11:22:29.091 [WARN]: User not logged in
(VSCode) 2025-08-09 11:22:29.383 [WARN]: User not logged in
(VSCode) 2025-08-09 11:22:30.501 [WARN]: User not logged in
(VSCode) 2025-08-09 11:22:30.662 [WARN]: User not logged in
(VSCode) 2025-08-09 11:22:31.154 [WARN]: User not logged in
(VSCode) 2025-08-09 11:22:34.815 [WARN]: User not logged in
(VSCode) 2025-08-09 11:22:35.026 [WARN]: User not logged in
(VSCode) 2025-08-09 11:22:38.136 [WARN]: User not logged in
(VSCode) 2025-08-09 11:22:40.997 [WARN]: User not logged in
(VSCode) 2025-08-09 11:23:03.068 [WARN]: User not logged in
(VSCode) 2025-08-09 11:23:03.366 [WARN]: User not logged in
(VSCode) 2025-08-09 11:23:03.562 [WARN]: User not logged in
(VSCode) 2025-08-09 11:23:04.560 [WARN]: User not logged in
(VSCode) 2025-08-09 11:23:05.108 [WARN]: User not logged in
(VSCode) 2025-08-09 11:23:15.738 [WARN]: User not logged in
(VSCode) 2025-08-09 11:23:15.852 [WARN]: User not logged in
(VSCode) 2025-08-09 11:23:16.534 [WARN]: User not logged in
(VSCode) 2025-08-09 11:23:16.949 [WARN]: User not logged in
(VSCode) 2025-08-09 11:23:31.766 [WARN]: User not logged in
(VSCode) 2025-08-09 11:23:31.885 [WARN]: User not logged in
(VSCode) 2025-08-09 11:23:32.275 [WARN]: User not logged in
(VSCode) 2025-08-09 11:23:32.419 [WARN]: User not logged in
(VSCode) 2025-08-09 11:23:33.187 [WARN]: User not logged in
(VSCode) 2025-08-09 11:23:34.034 [WARN]: User not logged in
(VSCode) 2025-08-09 11:23:39.502 [WARN]: User not logged in
(VSCode) 2025-08-09 11:23:40.252 [WARN]: User not logged in
(VSCode) 2025-08-09 11:23:40.732 [WARN]: User not logged in
(VSCode) 2025-08-09 11:23:41.479 [WARN]: User not logged in
(VSCode) 2025-08-09 11:23:41.594 [WARN]: User not logged in
(VSCode) 2025-08-09 11:23:41.686 [WARN]: User not logged in
(VSCode) 2025-08-09 11:23:42.577 [WARN]: User not logged in
(VSCode) 2025-08-09 11:23:42.697 [WARN]: User not logged in
(VSCode) 2025-08-09 11:23:42.881 [WARN]: User not logged in
(VSCode) 2025-08-09 11:23:42.958 [WARN]: User not logged in
(VSCode) 2025-08-09 11:23:43.263 [WARN]: User not logged in
(VSCode) 2025-08-09 11:23:44.156 [WARN]: User not logged in
(VSCode) 2025-08-09 11:24:36.703 [WARN]: User not logged in
(VSCode) 2025-08-09 11:24:40.421 [WARN]: User not logged in
(VSCode) 2025-08-09 11:24:41.621 [WARN]: User not logged in
(VSCode) 2025-08-09 11:24:42.124 [WARN]: User not logged in
(VSCode) 2025-08-09 11:24:42.397 [WARN]: User not logged in
(VSCode) 2025-08-09 11:24:42.670 [WARN]: User not logged in
(VSCode) 2025-08-09 11:24:43.041 [WARN]: User not logged in
(VSCode) 2025-08-09 11:24:44.525 [WARN]: User not logged in
(VSCode) 2025-08-09 11:24:45.987 [WARN]: User not logged in
(VSCode) 2025-08-09 11:24:47.562 [WARN]: User not logged in
(VSCode) 2025-08-09 11:24:52.324 [WARN]: User not logged in
(VSCode) 2025-08-09 11:24:52.637 [WARN]: User not logged in
(VSCode) 2025-08-09 11:24:52.925 [WARN]: User not logged in
(VSCode) 2025-08-09 11:24:54.499 [WARN]: User not logged in
(VSCode) 2025-08-09 11:24:57.822 [WARN]: User not logged in
(VSCode) 2025-08-09 11:25:00.977 [WARN]: User not logged in
(VSCode) 2025-08-09 11:25:01.609 [WARN]: User not logged in
(VSCode) 2025-08-09 11:25:02.253 [WARN]: User not logged in
(VSCode) 2025-08-09 11:25:02.341 [WARN]: User not logged in
(VSCode) 2025-08-09 11:25:02.784 [WARN]: User not logged in
(VSCode) 2025-08-09 11:25:03.891 [WARN]: User not logged in
(VSCode) 2025-08-09 11:25:04.166 [WARN]: User not logged in
(VSCode) 2025-08-09 11:25:05.441 [WARN]: User not logged in
(VSCode) 2025-08-09 11:25:07.362 [WARN]: User not logged in
(VSCode) 2025-08-09 11:25:07.573 [WARN]: User not logged in
(VSCode) 2025-08-09 11:25:16.960 [WARN]: User not logged in
(VSCode) 2025-08-09 11:25:19.215 [WARN]: User not logged in
(VSCode) 2025-08-09 11:25:23.810 [WARN]: User not logged in
(VSCode) 2025-08-09 11:25:28.208 [WARN]: User not logged in
(VSCode) 2025-08-09 11:25:30.552 [WARN]: User not logged in
(VSCode) 2025-08-09 11:25:54.980 [WARN]: User not logged in
(VSCode) 2025-08-09 11:25:55.561 [WARN]: User not logged in
(VSCode) 2025-08-09 11:25:55.821 [WARN]: User not logged in
(VSCode) 2025-08-09 11:25:56.133 [WARN]: User not logged in
(VSCode) 2025-08-09 11:25:56.536 [WARN]: User not logged in
(VSCode) 2025-08-09 11:25:56.880 [WARN]: User not logged in
(VSCode) 2025-08-09 11:27:27.921 [WARN]: User not logged in
(VSCode) 2025-08-09 11:27:28.488 [WARN]: User not logged in
(VSCode) 2025-08-09 11:27:29.725 [WARN]: User not logged in
(VSCode) 2025-08-09 11:27:30.047 [WARN]: User not logged in
(VSCode) 2025-08-09 11:27:32.506 [WARN]: User not logged in
(VSCode) 2025-08-09 11:27:35.601 [WARN]: User not logged in
(VSCode) 2025-08-09 11:27:35.921 [WARN]: User not logged in
(VSCode) 2025-08-09 11:27:37.096 [WARN]: User not logged in
(VSCode) 2025-08-09 11:27:39.505 [WARN]: User not logged in
(VSCode) 2025-08-09 11:27:39.636 [WARN]: User not logged in
(VSCode) 2025-08-09 11:27:41.546 [WARN]: User not logged in
(VSCode) 2025-08-09 11:27:42.931 [WARN]: User not logged in
(VSCode) 2025-08-09 11:28:01.027 [WARN]: User not logged in
(VSCode) 2025-08-09 11:28:01.377 [WARN]: User not logged in
(VSCode) 2025-08-09 11:28:01.914 [WARN]: User not logged in
(VSCode) 2025-08-09 11:28:12.479 [WARN]: User not logged in
(VSCode) 2025-08-09 11:28:13.194 [WARN]: User not logged in
(VSCode) 2025-08-09 11:28:25.758 [WARN]: User not logged in
(VSCode) 2025-08-09 11:28:26.356 [WARN]: User not logged in
(VSCode) 2025-08-09 11:29:52.193 [WARN]: User not logged in
(VSCode) 2025-08-09 11:29:52.722 [WARN]: User not logged in
(VSCode) 2025-08-09 11:30:03.452 [WARN]: User not logged in
(VSCode) 2025-08-09 11:30:05.623 [WARN]: User not logged in
(VSCode) 2025-08-09 11:30:18.072 [WARN]: User not logged in
(VSCode) 2025-08-09 11:30:18.858 [WARN]: User not logged in
(VSCode) 2025-08-09 11:31:14.389 [WARN]: User not logged in
(VSCode) 2025-08-09 11:31:14.477 [WARN]: User not logged in
(VSCode) 2025-08-09 11:31:14.724 [WARN]: User not logged in
(VSCode) 2025-08-09 11:31:29.907 [WARN]: User not logged in
(VSCode) 2025-08-09 11:31:30.105 [WARN]: User not logged in
(VSCode) 2025-08-09 11:31:42.354 [WARN]: User not logged in
(VSCode) 2025-08-09 11:31:42.727 [WARN]: User not logged in
(VSCode) 2025-08-09 11:31:54.050 [WARN]: User not logged in
(VSCode) 2025-08-09 11:31:56.026 [WARN]: User not logged in
(VSCode) 2025-08-09 12:06:51.657 [INFO]: Disposing language server process
(VSCode) 2025-08-09 12:06:51.658 [INFO]: Deleting manager directory: /tmp/0f4fdffa-0b5d-4e02-b07d-82df5116020d/codeium/manager
(VSCode) 2025-08-09 12:06:51.659 [INFO]: Successfully disposed language server
W0809 12:06:51.658186   687 main.go:142] [Language Server Manager] Got signal terminated, shutting down
I0809 12:06:51.962892   707 server.go:1395] Language server shutting down
(VSCode) 2025-08-09 12:06:52.764 [ERROR]: Failed to stop lsp
