2025-08-09 14:58:16.178 [info] [main] Log level: Info
2025-08-09 14:58:16.178 [info] [main] Validating found git in: "git"
2025-08-09 14:58:16.178 [info] [main] Using git "2.49.0" from "git"
2025-08-09 14:58:16.178 [info] [Model][doInitialScan] Initial repository scan started
2025-08-09 14:58:16.178 [info] > git rev-parse --show-toplevel [5ms]
2025-08-09 14:58:16.178 [info] > git rev-parse --git-dir --git-common-dir [98ms]
2025-08-09 14:58:16.178 [info] [Model][openRepository] Opened repository (path): /workspace/Website-starter
2025-08-09 14:58:16.178 [info] [Model][openRepository] Opened repository (real path): /workspace/Website-starter
2025-08-09 14:58:16.178 [info] > git rev-parse --show-toplevel [120ms]
2025-08-09 14:58:16.178 [info] > git config --get commit.template [127ms]
2025-08-09 14:58:16.178 [info] > git rev-parse --show-toplevel [48ms]
2025-08-09 14:58:16.178 [info] > git for-each-ref --format=%(refname)%00%(upstream:short)%00%(objectname)%00%(upstream:track)%00%(upstream:remotename)%00%(upstream:remoteref) refs/heads/main refs/remotes/main [11ms]
2025-08-09 14:58:16.178 [info] > git rev-parse --show-toplevel [4ms]
2025-08-09 14:58:16.178 [info] > git rev-parse --show-toplevel [14ms]
2025-08-09 14:58:16.178 [info] > git for-each-ref --sort -committerdate --format %(refname)%00%(objectname)%00%(*objectname) [6ms]
2025-08-09 14:58:16.178 [info] > git rev-parse --show-toplevel [2ms]
2025-08-09 14:58:16.178 [info] > git status -z -uall [19ms]
2025-08-09 14:58:16.178 [info] > git rev-parse --show-toplevel [68ms]
2025-08-09 14:58:16.178 [info] > git for-each-ref --format=%(refname)%00%(upstream:short)%00%(objectname)%00%(upstream:track)%00%(upstream:remotename)%00%(upstream:remoteref) refs/heads/main refs/remotes/main [9ms]
2025-08-09 14:58:16.178 [info] > git config --get commit.template [12ms]
2025-08-09 14:58:16.178 [info] > git config --get --local branch.main.vscode-merge-base [11ms]
2025-08-09 14:58:16.178 [info] > git for-each-ref --format=%(refname)%00%(upstream:short)%00%(objectname)%00%(upstream:track)%00%(upstream:remotename)%00%(upstream:remoteref) refs/heads/main refs/remotes/main [6ms]
2025-08-09 14:58:16.178 [info] > git rev-parse --show-toplevel [11ms]
2025-08-09 14:58:16.178 [info] [Model][doInitialScan] Initial repository scan completed - repositories (1), closed repositories (0), parent repositories (0), unsafe repositories (0)
2025-08-09 14:58:16.178 [info] > git for-each-ref --format=%(refname)%00%(upstream:short)%00%(objectname)%00%(upstream:track)%00%(upstream:remotename)%00%(upstream:remoteref) refs/heads/origin/main refs/remotes/origin/main [2ms]
2025-08-09 14:58:16.178 [info] > git status -z -uall [76ms]
2025-08-09 14:58:16.178 [info] > git for-each-ref --sort -committerdate --format %(refname)%00%(objectname)%00%(*objectname) [72ms]
2025-08-09 14:58:16.178 [info] > git fetch [484ms]
2025-08-09 14:58:16.178 [info] > git merge-base refs/heads/main refs/remotes/origin/main [148ms]
2025-08-09 14:58:16.178 [info] > git merge-base refs/heads/main refs/remotes/origin/main [27ms]
2025-08-09 14:58:16.178 [info] > git config --get commit.template [20ms]
2025-08-09 14:58:16.178 [info] > git diff --name-status -z --diff-filter=ADMR 0d7a3a898007be1d8200d8db99d59472a2da8d06...refs/remotes/origin/main [27ms]
2025-08-09 14:58:16.178 [info] > git diff --name-status -z --diff-filter=ADMR 0d7a3a898007be1d8200d8db99d59472a2da8d06...refs/remotes/origin/main [5ms]
2025-08-09 14:58:16.183 [info] > git for-each-ref --format=%(refname)%00%(upstream:short)%00%(objectname)%00%(upstream:track)%00%(upstream:remotename)%00%(upstream:remoteref) refs/heads/main refs/remotes/main [6ms]
2025-08-09 14:58:16.214 [info] > git for-each-ref --sort -committerdate --format %(refname)%00%(objectname)%00%(*objectname) [6ms]
2025-08-09 14:58:17.587 [info] > git status -z -uall [1386ms]
2025-08-09 14:58:17.587 [info] > git check-ignore -v -z --stdin [4ms]
2025-08-09 14:58:18.181 [info] > git check-ignore -v -z --stdin [2ms]
2025-08-09 14:58:19.207 [info] > git config --get commit.template [108ms]
2025-08-09 14:58:19.208 [info] > git for-each-ref --format=%(refname)%00%(upstream:short)%00%(objectname)%00%(upstream:track)%00%(upstream:remotename)%00%(upstream:remoteref) refs/heads/main refs/remotes/main [35ms]
2025-08-09 14:58:19.272 [info] > git status -z -uall [56ms]
2025-08-09 14:58:19.272 [info] > git for-each-ref --sort -committerdate --format %(refname)%00%(objectname)%00%(*objectname) [5ms]
2025-08-09 14:58:20.806 [info] > git check-ignore -v -z --stdin [3ms]
2025-08-09 14:58:20.986 [info] > git show --textconv :src/components/sections/landing/HeroSection.astro [9ms]
2025-08-09 14:58:20.987 [info] > git ls-files --stage -- src/components/sections/landing/HeroSection.astro [2ms]
2025-08-09 14:58:20.997 [info] > git cat-file -s 651d4ec772e9f1908a9a04cbe4abb909827b9701 [2ms]
2025-08-09 14:58:22.801 [info] > git check-ignore -v -z --stdin [3ms]
2025-08-09 14:58:27.347 [info] > git config --get --local branch.main.github-pr-owner-number [4ms]
2025-08-09 14:58:27.347 [warning] [Git][config] git config failed: Failed to execute git
2025-08-09 14:58:29.985 [info] > git check-ignore -v -z --stdin [4ms]
2025-08-09 14:58:54.615 [info] > git check-ignore -v -z --stdin [2ms]
2025-08-09 14:58:54.684 [info] > git config --get commit.template [11ms]
2025-08-09 14:58:54.686 [info] > git for-each-ref --format=%(refname)%00%(upstream:short)%00%(objectname)%00%(upstream:track)%00%(upstream:remotename)%00%(upstream:remoteref) refs/heads/main refs/remotes/main [3ms]
2025-08-09 14:58:54.711 [info] > git status -z -uall [15ms]
2025-08-09 14:58:54.712 [info] > git for-each-ref --sort -committerdate --format %(refname)%00%(objectname)%00%(*objectname) [3ms]
2025-08-09 14:58:59.038 [info] > git show --textconv :src/components/sections/landing/HeroSection.astro [12ms]
2025-08-09 14:58:59.040 [info] > git ls-files --stage -- src/components/sections/landing/HeroSection.astro [2ms]
2025-08-09 14:58:59.053 [info] > git cat-file -s 651d4ec772e9f1908a9a04cbe4abb909827b9701 [2ms]
2025-08-09 14:58:59.111 [info] > git check-ignore -v -z --stdin [2ms]
2025-08-09 14:58:59.835 [info] > git blame --root --incremental 0d7a3a898007be1d8200d8db99d59472a2da8d06 -- src/components/sections/landing/HeroSection.astro [4ms]
2025-08-09 14:59:00.192 [info] > git check-ignore -v -z --stdin [3ms]
2025-08-09 14:59:01.418 [info] > git check-ignore -v -z --stdin [2ms]
2025-08-09 14:59:02.419 [info] > git check-ignore -v -z --stdin [2ms]
2025-08-09 14:59:33.417 [info] > git check-ignore -v -z --stdin [2ms]
2025-08-09 14:59:33.675 [info] > git for-each-ref --format=%(refname)%00%(upstream:short)%00%(objectname)%00%(upstream:track)%00%(upstream:remotename)%00%(upstream:remoteref) refs/heads/main refs/remotes/main [3ms]
2025-08-09 14:59:33.675 [info] > git config --get commit.template [15ms]
2025-08-09 14:59:33.701 [info] > git status -z -uall [14ms]
2025-08-09 14:59:33.702 [info] > git for-each-ref --sort -committerdate --format %(refname)%00%(objectname)%00%(*objectname) [3ms]
2025-08-09 14:59:36.923 [info] > git show --textconv :src/components/sections/landing/HeroSection.astro [12ms]
2025-08-09 14:59:36.925 [info] > git ls-files --stage -- src/components/sections/landing/HeroSection.astro [2ms]
2025-08-09 14:59:36.937 [info] > git cat-file -s 651d4ec772e9f1908a9a04cbe4abb909827b9701 [2ms]
2025-08-09 15:00:00.361 [info] > git check-ignore -v -z --stdin [2ms]
2025-08-09 15:00:00.633 [info] > git config --get commit.template [12ms]
2025-08-09 15:00:00.634 [info] > git for-each-ref --format=%(refname)%00%(upstream:short)%00%(objectname)%00%(upstream:track)%00%(upstream:remotename)%00%(upstream:remoteref) refs/heads/main refs/remotes/main [2ms]
2025-08-09 15:00:00.658 [info] > git for-each-ref --sort -committerdate --format %(refname)%00%(objectname)%00%(*objectname) [3ms]
2025-08-09 15:00:00.659 [info] > git status -z -uall [14ms]
2025-08-09 15:00:08.064 [info] > git show --textconv :src/assets/styles/global.css [10ms]
2025-08-09 15:00:08.065 [info] > git ls-files --stage -- src/assets/styles/global.css [2ms]
2025-08-09 15:00:08.078 [info] > git cat-file -s 50bf8db4d56518176564a94ccf94019947884767 [2ms]
2025-08-09 15:00:08.638 [info] > git blame --root --incremental 0d7a3a898007be1d8200d8db99d59472a2da8d06 -- src/assets/styles/global.css [4ms]
2025-08-09 15:00:28.171 [info] > git config --get commit.template [5ms]
2025-08-09 15:00:28.188 [info] > git for-each-ref --format=%(refname)%00%(upstream:short)%00%(objectname)%00%(upstream:track)%00%(upstream:remotename)%00%(upstream:remoteref) refs/heads/main refs/remotes/main [3ms]
2025-08-09 15:00:28.365 [info] > git status -z -uall [94ms]
2025-08-09 15:00:28.366 [info] > git for-each-ref --sort -committerdate --format %(refname)%00%(objectname)%00%(*objectname) [82ms]
2025-08-09 15:00:36.100 [info] > git check-ignore -v -z --stdin [3ms]
2025-08-09 15:01:18.012 [info] > git fetch [333ms]
2025-08-09 15:01:18.033 [info] > git config --get commit.template [9ms]
2025-08-09 15:01:18.035 [info] > git for-each-ref --format=%(refname)%00%(upstream:short)%00%(objectname)%00%(upstream:track)%00%(upstream:remotename)%00%(upstream:remoteref) refs/heads/main refs/remotes/main [2ms]
2025-08-09 15:01:18.055 [info] > git for-each-ref --sort -committerdate --format %(refname)%00%(objectname)%00%(*objectname) [3ms]
2025-08-09 15:01:18.058 [info] > git status -z -uall [14ms]
2025-08-09 15:01:20.567 [info] > git config --get commit.template [12ms]
2025-08-09 15:01:20.568 [info] > git for-each-ref --format=%(refname)%00%(upstream:short)%00%(objectname)%00%(upstream:track)%00%(upstream:remotename)%00%(upstream:remoteref) refs/heads/main refs/remotes/main [2ms]
2025-08-09 15:01:20.593 [info] > git for-each-ref --sort -committerdate --format %(refname)%00%(objectname)%00%(*objectname) [3ms]
2025-08-09 15:01:20.596 [info] > git status -z -uall [14ms]
2025-08-09 15:01:25.633 [info] > git config --get commit.template [15ms]
2025-08-09 15:01:25.634 [info] > git for-each-ref --format=%(refname)%00%(upstream:short)%00%(objectname)%00%(upstream:track)%00%(upstream:remotename)%00%(upstream:remoteref) refs/heads/main refs/remotes/main [3ms]
2025-08-09 15:01:25.662 [info] > git status -z -uall [15ms]
2025-08-09 15:01:25.663 [info] > git for-each-ref --sort -committerdate --format %(refname)%00%(objectname)%00%(*objectname) [3ms]
2025-08-09 15:01:30.687 [info] > git config --get commit.template [9ms]
2025-08-09 15:01:30.689 [info] > git for-each-ref --format=%(refname)%00%(upstream:short)%00%(objectname)%00%(upstream:track)%00%(upstream:remotename)%00%(upstream:remoteref) refs/heads/main refs/remotes/main [2ms]
2025-08-09 15:01:30.708 [info] > git for-each-ref --sort -committerdate --format %(refname)%00%(objectname)%00%(*objectname) [3ms]
2025-08-09 15:01:30.712 [info] > git status -z -uall [15ms]
2025-08-09 15:01:31.176 [info] > git show --textconv :src/assets/styles/global.css [14ms]
2025-08-09 15:01:31.178 [info] > git ls-files --stage -- src/assets/styles/global.css [3ms]
2025-08-09 15:01:31.191 [info] > git cat-file -s 50bf8db4d56518176564a94ccf94019947884767 [2ms]
2025-08-09 15:01:37.911 [info] > git config --get commit.template [12ms]
2025-08-09 15:01:37.913 [info] > git for-each-ref --format=%(refname)%00%(upstream:short)%00%(objectname)%00%(upstream:track)%00%(upstream:remotename)%00%(upstream:remoteref) refs/heads/main refs/remotes/main [3ms]
2025-08-09 15:01:37.936 [info] > git for-each-ref --sort -committerdate --format %(refname)%00%(objectname)%00%(*objectname) [3ms]
2025-08-09 15:01:37.937 [info] > git status -z -uall [14ms]
2025-08-09 15:01:42.964 [info] > git config --get commit.template [11ms]
2025-08-09 15:01:42.966 [info] > git for-each-ref --format=%(refname)%00%(upstream:short)%00%(objectname)%00%(upstream:track)%00%(upstream:remotename)%00%(upstream:remoteref) refs/heads/main refs/remotes/main [3ms]
2025-08-09 15:01:42.985 [info] > git for-each-ref --sort -committerdate --format %(refname)%00%(objectname)%00%(*objectname) [3ms]
2025-08-09 15:01:42.988 [info] > git status -z -uall [13ms]
2025-08-09 15:01:53.819 [info] > git check-ignore -v -z --stdin [3ms]
2025-08-09 15:01:55.317 [info] > git check-ignore -v -z --stdin [2ms]
2025-08-09 15:01:55.877 [info] > git check-ignore -v -z --stdin [2ms]
2025-08-09 15:02:23.121 [info] > git check-ignore -v -z --stdin [2ms]
2025-08-09 15:02:23.623 [info] > git config --get commit.template [2ms]
2025-08-09 15:02:23.636 [info] > git for-each-ref --format=%(refname)%00%(upstream:short)%00%(objectname)%00%(upstream:track)%00%(upstream:remotename)%00%(upstream:remoteref) refs/heads/main refs/remotes/main [3ms]
2025-08-09 15:02:23.655 [info] > git for-each-ref --sort -committerdate --format %(refname)%00%(objectname)%00%(*objectname) [3ms]
2025-08-09 15:02:23.659 [info] > git status -z -uall [15ms]
2025-08-09 15:02:24.032 [info] > git check-ignore -v -z --stdin [4ms]
2025-08-09 15:02:24.150 [info] > git show --textconv :src/layouts/MainLayout.astro [10ms]
2025-08-09 15:02:24.151 [info] > git ls-files --stage -- src/layouts/MainLayout.astro [2ms]
2025-08-09 15:02:24.161 [info] > git cat-file -s 14bf206fd6a51d4f3962b9dca1d15db464a9b075 [2ms]
2025-08-09 15:02:24.406 [info] > git blame --root --incremental 0d7a3a898007be1d8200d8db99d59472a2da8d06 -- src/layouts/MainLayout.astro [3ms]
2025-08-09 15:02:25.418 [info] > git check-ignore -v -z --stdin [3ms]
2025-08-09 15:03:41.425 [info] > git config --get commit.template [10ms]
2025-08-09 15:03:41.427 [info] > git for-each-ref --format=%(refname)%00%(upstream:short)%00%(objectname)%00%(upstream:track)%00%(upstream:remotename)%00%(upstream:remoteref) refs/heads/main refs/remotes/main [3ms]
2025-08-09 15:03:41.458 [info] > git status -z -uall [23ms]
2025-08-09 15:03:41.459 [info] > git for-each-ref --sort -committerdate --format %(refname)%00%(objectname)%00%(*objectname) [16ms]
2025-08-09 15:03:41.462 [info] > git check-ignore -v -z --stdin [5ms]
2025-08-09 15:03:44.255 [info] > git show --textconv :src/layouts/MainLayout.astro [16ms]
2025-08-09 15:03:44.256 [info] > git ls-files --stage -- src/layouts/MainLayout.astro [2ms]
2025-08-09 15:03:44.269 [info] > git cat-file -s 14bf206fd6a51d4f3962b9dca1d15db464a9b075 [2ms]
2025-08-09 15:03:46.984 [info] > git show --textconv :src/assets/styles/global.css [12ms]
2025-08-09 15:03:46.986 [info] > git ls-files --stage -- src/assets/styles/global.css [3ms]
2025-08-09 15:03:46.999 [info] > git cat-file -s 50bf8db4d56518176564a94ccf94019947884767 [2ms]
2025-08-09 15:04:00.703 [info] > git config --get commit.template [10ms]
2025-08-09 15:04:00.705 [info] > git for-each-ref --format=%(refname)%00%(upstream:short)%00%(objectname)%00%(upstream:track)%00%(upstream:remotename)%00%(upstream:remoteref) refs/heads/main refs/remotes/main [3ms]
2025-08-09 15:04:00.730 [info] > git for-each-ref --sort -committerdate --format %(refname)%00%(objectname)%00%(*objectname) [3ms]
2025-08-09 15:04:00.731 [info] > git status -z -uall [16ms]
2025-08-09 15:04:09.300 [info] > git config --get commit.template [18ms]
2025-08-09 15:04:09.302 [info] > git for-each-ref --format=%(refname)%00%(upstream:short)%00%(objectname)%00%(upstream:track)%00%(upstream:remotename)%00%(upstream:remoteref) refs/heads/main refs/remotes/main [3ms]
2025-08-09 15:04:09.329 [info] > git for-each-ref --sort -committerdate --format %(refname)%00%(objectname)%00%(*objectname) [3ms]
2025-08-09 15:04:09.331 [info] > git status -z -uall [15ms]
2025-08-09 15:04:14.356 [info] > git config --get commit.template [10ms]
2025-08-09 15:04:14.358 [info] > git for-each-ref --format=%(refname)%00%(upstream:short)%00%(objectname)%00%(upstream:track)%00%(upstream:remotename)%00%(upstream:remoteref) refs/heads/main refs/remotes/main [3ms]
2025-08-09 15:04:14.380 [info] > git for-each-ref --sort -committerdate --format %(refname)%00%(objectname)%00%(*objectname) [3ms]
2025-08-09 15:04:14.381 [info] > git status -z -uall [15ms]
2025-08-09 15:04:18.440 [info] > git fetch [367ms]
2025-08-09 15:04:18.466 [info] > git config --get commit.template [13ms]
2025-08-09 15:04:18.468 [info] > git for-each-ref --format=%(refname)%00%(upstream:short)%00%(objectname)%00%(upstream:track)%00%(upstream:remotename)%00%(upstream:remoteref) refs/heads/main refs/remotes/main [3ms]
2025-08-09 15:04:18.495 [info] > git status -z -uall [15ms]
2025-08-09 15:04:18.496 [info] > git for-each-ref --sort -committerdate --format %(refname)%00%(objectname)%00%(*objectname) [4ms]
2025-08-09 15:04:19.409 [info] > git config --get commit.template [6ms]
2025-08-09 15:04:19.433 [info] > git for-each-ref --format=%(refname)%00%(upstream:short)%00%(objectname)%00%(upstream:track)%00%(upstream:remotename)%00%(upstream:remoteref) refs/heads/main refs/remotes/main [4ms]
2025-08-09 15:04:19.473 [info] > git for-each-ref --sort -committerdate --format %(refname)%00%(objectname)%00%(*objectname) [4ms]
2025-08-09 15:04:19.474 [info] > git status -z -uall [25ms]
2025-08-09 15:04:19.967 [info] > git ls-files --stage -- src/assets/styles/global.css [2ms]
2025-08-09 15:04:19.980 [info] > git cat-file -s 50bf8db4d56518176564a94ccf94019947884767 [2ms]
2025-08-09 15:04:20.214 [info] > git show --textconv :src/assets/styles/global.css [2ms]
2025-08-09 15:04:24.497 [info] > git config --get commit.template [9ms]
2025-08-09 15:04:24.499 [info] > git for-each-ref --format=%(refname)%00%(upstream:short)%00%(objectname)%00%(upstream:track)%00%(upstream:remotename)%00%(upstream:remoteref) refs/heads/main refs/remotes/main [3ms]
2025-08-09 15:04:24.522 [info] > git status -z -uall [14ms]
2025-08-09 15:04:24.522 [info] > git for-each-ref --sort -committerdate --format %(refname)%00%(objectname)%00%(*objectname) [4ms]
2025-08-09 15:04:37.522 [info] > git config --get commit.template [12ms]
2025-08-09 15:04:37.524 [info] > git for-each-ref --format=%(refname)%00%(upstream:short)%00%(objectname)%00%(upstream:track)%00%(upstream:remotename)%00%(upstream:remoteref) refs/heads/main refs/remotes/main [3ms]
2025-08-09 15:04:37.545 [info] > git for-each-ref --sort -committerdate --format %(refname)%00%(objectname)%00%(*objectname) [3ms]
2025-08-09 15:04:37.549 [info] > git status -z -uall [15ms]
2025-08-09 15:04:42.575 [info] > git config --get commit.template [9ms]
2025-08-09 15:04:42.577 [info] > git for-each-ref --format=%(refname)%00%(upstream:short)%00%(objectname)%00%(upstream:track)%00%(upstream:remotename)%00%(upstream:remoteref) refs/heads/main refs/remotes/main [2ms]
2025-08-09 15:04:42.599 [info] > git for-each-ref --sort -committerdate --format %(refname)%00%(objectname)%00%(*objectname) [3ms]
2025-08-09 15:04:42.600 [info] > git status -z -uall [15ms]
2025-08-09 15:04:55.992 [info] > git config --get commit.template [14ms]
2025-08-09 15:04:55.994 [info] > git for-each-ref --format=%(refname)%00%(upstream:short)%00%(objectname)%00%(upstream:track)%00%(upstream:remotename)%00%(upstream:remoteref) refs/heads/main refs/remotes/main [3ms]
2025-08-09 15:04:56.070 [info] > git for-each-ref --sort -committerdate --format %(refname)%00%(objectname)%00%(*objectname) [4ms]
2025-08-09 15:04:56.071 [info] > git status -z -uall [64ms]
2025-08-09 15:05:01.098 [info] > git config --get commit.template [11ms]
2025-08-09 15:05:01.100 [info] > git for-each-ref --format=%(refname)%00%(upstream:short)%00%(objectname)%00%(upstream:track)%00%(upstream:remotename)%00%(upstream:remoteref) refs/heads/main refs/remotes/main [3ms]
2025-08-09 15:05:01.120 [info] > git for-each-ref --sort -committerdate --format %(refname)%00%(objectname)%00%(*objectname) [3ms]
2025-08-09 15:05:01.123 [info] > git status -z -uall [14ms]
2025-08-09 15:05:10.984 [info] > git config --get commit.template [12ms]
2025-08-09 15:05:10.986 [info] > git for-each-ref --format=%(refname)%00%(upstream:short)%00%(objectname)%00%(upstream:track)%00%(upstream:remotename)%00%(upstream:remoteref) refs/heads/main refs/remotes/main [3ms]
2025-08-09 15:05:11.014 [info] > git status -z -uall [15ms]
2025-08-09 15:05:11.019 [info] > git for-each-ref --sort -committerdate --format %(refname)%00%(objectname)%00%(*objectname) [7ms]
2025-08-09 15:05:16.047 [info] > git config --get commit.template [13ms]
2025-08-09 15:05:16.049 [info] > git for-each-ref --format=%(refname)%00%(upstream:short)%00%(objectname)%00%(upstream:track)%00%(upstream:remotename)%00%(upstream:remoteref) refs/heads/main refs/remotes/main [3ms]
2025-08-09 15:05:16.073 [info] > git for-each-ref --sort -committerdate --format %(refname)%00%(objectname)%00%(*objectname) [3ms]
2025-08-09 15:05:16.076 [info] > git status -z -uall [16ms]
2025-08-09 15:05:21.103 [info] > git config --get commit.template [10ms]
2025-08-09 15:05:21.105 [info] > git for-each-ref --format=%(refname)%00%(upstream:short)%00%(objectname)%00%(upstream:track)%00%(upstream:remotename)%00%(upstream:remoteref) refs/heads/main refs/remotes/main [3ms]
2025-08-09 15:05:21.131 [info] > git for-each-ref --sort -committerdate --format %(refname)%00%(objectname)%00%(*objectname) [3ms]
2025-08-09 15:05:21.133 [info] > git status -z -uall [16ms]
2025-08-09 15:05:26.152 [info] > git config --get commit.template [5ms]
2025-08-09 15:05:26.165 [info] > git for-each-ref --format=%(refname)%00%(upstream:short)%00%(objectname)%00%(upstream:track)%00%(upstream:remotename)%00%(upstream:remoteref) refs/heads/main refs/remotes/main [3ms]
2025-08-09 15:05:26.188 [info] > git for-each-ref --sort -committerdate --format %(refname)%00%(objectname)%00%(*objectname) [2ms]
2025-08-09 15:05:26.190 [info] > git status -z -uall [14ms]
2025-08-09 15:05:39.436 [info] > git config --get commit.template [17ms]
2025-08-09 15:05:39.439 [info] > git for-each-ref --format=%(refname)%00%(upstream:short)%00%(objectname)%00%(upstream:track)%00%(upstream:remotename)%00%(upstream:remoteref) refs/heads/main refs/remotes/main [4ms]
2025-08-09 15:05:39.471 [info] > git status -z -uall [15ms]
2025-08-09 15:05:39.472 [info] > git for-each-ref --sort -committerdate --format %(refname)%00%(objectname)%00%(*objectname) [5ms]
2025-08-09 15:05:44.505 [info] > git config --get commit.template [13ms]
2025-08-09 15:05:44.506 [info] > git for-each-ref --format=%(refname)%00%(upstream:short)%00%(objectname)%00%(upstream:track)%00%(upstream:remotename)%00%(upstream:remoteref) refs/heads/main refs/remotes/main [3ms]
2025-08-09 15:05:44.536 [info] > git for-each-ref --sort -committerdate --format %(refname)%00%(objectname)%00%(*objectname) [4ms]
2025-08-09 15:05:44.537 [info] > git status -z -uall [17ms]
2025-08-09 15:05:49.564 [info] > git config --get commit.template [10ms]
2025-08-09 15:05:49.566 [info] > git for-each-ref --format=%(refname)%00%(upstream:short)%00%(objectname)%00%(upstream:track)%00%(upstream:remotename)%00%(upstream:remoteref) refs/heads/main refs/remotes/main [3ms]
2025-08-09 15:05:49.587 [info] > git for-each-ref --sort -committerdate --format %(refname)%00%(objectname)%00%(*objectname) [2ms]
2025-08-09 15:05:49.590 [info] > git status -z -uall [14ms]
2025-08-09 15:05:55.279 [info] > git show --textconv :src/components/sections/landing/HeroSection.astro [12ms]
2025-08-09 15:05:55.280 [info] > git ls-files --stage -- src/components/sections/landing/HeroSection.astro [2ms]
2025-08-09 15:05:55.291 [info] > git cat-file -s 651d4ec772e9f1908a9a04cbe4abb909827b9701 [2ms]
2025-08-09 15:06:09.523 [info] > git show --textconv :src/assets/styles/global.css [10ms]
2025-08-09 15:06:09.524 [info] > git ls-files --stage -- src/assets/styles/global.css [3ms]
2025-08-09 15:06:09.538 [info] > git cat-file -s 50bf8db4d56518176564a94ccf94019947884767 [3ms]
2025-08-09 15:06:10.561 [info] > git config --get commit.template [14ms]
2025-08-09 15:06:10.563 [info] > git for-each-ref --format=%(refname)%00%(upstream:short)%00%(objectname)%00%(upstream:track)%00%(upstream:remotename)%00%(upstream:remoteref) refs/heads/main refs/remotes/main [3ms]
2025-08-09 15:06:10.587 [info] > git for-each-ref --sort -committerdate --format %(refname)%00%(objectname)%00%(*objectname) [3ms]
2025-08-09 15:06:10.590 [info] > git status -z -uall [15ms]
2025-08-09 15:06:19.461 [info] > git config --get commit.template [10ms]
2025-08-09 15:06:19.463 [info] > git for-each-ref --format=%(refname)%00%(upstream:short)%00%(objectname)%00%(upstream:track)%00%(upstream:remotename)%00%(upstream:remoteref) refs/heads/main refs/remotes/main [3ms]
2025-08-09 15:06:19.483 [info] > git for-each-ref --sort -committerdate --format %(refname)%00%(objectname)%00%(*objectname) [2ms]
2025-08-09 15:06:19.485 [info] > git status -z -uall [14ms]
2025-08-09 15:06:27.628 [info] > git config --get commit.template [14ms]
2025-08-09 15:06:27.630 [info] > git for-each-ref --format=%(refname)%00%(upstream:short)%00%(objectname)%00%(upstream:track)%00%(upstream:remotename)%00%(upstream:remoteref) refs/heads/main refs/remotes/main [3ms]
2025-08-09 15:06:27.656 [info] > git for-each-ref --sort -committerdate --format %(refname)%00%(objectname)%00%(*objectname) [4ms]
2025-08-09 15:06:27.657 [info] > git status -z -uall [16ms]
2025-08-09 15:06:32.675 [info] > git config --get commit.template [2ms]
2025-08-09 15:06:32.689 [info] > git for-each-ref --format=%(refname)%00%(upstream:short)%00%(objectname)%00%(upstream:track)%00%(upstream:remotename)%00%(upstream:remoteref) refs/heads/main refs/remotes/main [3ms]
2025-08-09 15:06:32.715 [info] > git for-each-ref --sort -committerdate --format %(refname)%00%(objectname)%00%(*objectname) [4ms]
2025-08-09 15:06:32.715 [info] > git status -z -uall [15ms]
2025-08-09 15:06:37.740 [info] > git config --get commit.template [10ms]
2025-08-09 15:06:37.742 [info] > git for-each-ref --format=%(refname)%00%(upstream:short)%00%(objectname)%00%(upstream:track)%00%(upstream:remotename)%00%(upstream:remoteref) refs/heads/main refs/remotes/main [2ms]
2025-08-09 15:06:37.762 [info] > git for-each-ref --sort -committerdate --format %(refname)%00%(objectname)%00%(*objectname) [3ms]
2025-08-09 15:06:37.766 [info] > git status -z -uall [15ms]
2025-08-09 15:06:39.714 [info] > git show --textconv :src/components/sections/landing/HeroSection.astro [12ms]
2025-08-09 15:06:39.715 [info] > git ls-files --stage -- src/components/sections/landing/HeroSection.astro [2ms]
2025-08-09 15:06:39.728 [info] > git cat-file -s 651d4ec772e9f1908a9a04cbe4abb909827b9701 [2ms]
2025-08-09 15:06:42.793 [info] > git config --get commit.template [11ms]
2025-08-09 15:06:42.795 [info] > git for-each-ref --format=%(refname)%00%(upstream:short)%00%(objectname)%00%(upstream:track)%00%(upstream:remotename)%00%(upstream:remoteref) refs/heads/main refs/remotes/main [3ms]
2025-08-09 15:06:42.813 [info] > git for-each-ref --sort -committerdate --format %(refname)%00%(objectname)%00%(*objectname) [2ms]
2025-08-09 15:06:42.820 [info] > git status -z -uall [17ms]
2025-08-09 15:06:52.737 [info] > git config --get commit.template [13ms]
2025-08-09 15:06:52.739 [info] > git for-each-ref --format=%(refname)%00%(upstream:short)%00%(objectname)%00%(upstream:track)%00%(upstream:remotename)%00%(upstream:remoteref) refs/heads/main refs/remotes/main [3ms]
2025-08-09 15:06:52.764 [info] > git for-each-ref --sort -committerdate --format %(refname)%00%(objectname)%00%(*objectname) [3ms]
2025-08-09 15:06:52.767 [info] > git status -z -uall [16ms]
2025-08-09 15:06:56.543 [info] > git show --textconv :src/assets/styles/global.css [9ms]
2025-08-09 15:06:56.544 [info] > git ls-files --stage -- src/assets/styles/global.css [1ms]
2025-08-09 15:06:56.554 [info] > git cat-file -s 50bf8db4d56518176564a94ccf94019947884767 [2ms]
2025-08-09 15:07:07.782 [info] > git config --get commit.template [11ms]
2025-08-09 15:07:07.784 [info] > git for-each-ref --format=%(refname)%00%(upstream:short)%00%(objectname)%00%(upstream:track)%00%(upstream:remotename)%00%(upstream:remoteref) refs/heads/main refs/remotes/main [2ms]
2025-08-09 15:07:07.808 [info] > git for-each-ref --sort -committerdate --format %(refname)%00%(objectname)%00%(*objectname) [3ms]
2025-08-09 15:07:07.811 [info] > git status -z -uall [16ms]
2025-08-09 15:07:35.913 [info] > git config --get commit.template [6ms]
2025-08-09 15:07:35.926 [info] > git for-each-ref --format=%(refname)%00%(upstream:short)%00%(objectname)%00%(upstream:track)%00%(upstream:remotename)%00%(upstream:remoteref) refs/heads/main refs/remotes/main [2ms]
2025-08-09 15:07:35.948 [info] > git for-each-ref --sort -committerdate --format %(refname)%00%(objectname)%00%(*objectname) [3ms]
2025-08-09 15:07:35.950 [info] > git status -z -uall [14ms]
2025-08-09 15:07:36.244 [info] > git fetch [358ms]
2025-08-09 15:07:36.268 [info] > git config --get commit.template [12ms]
2025-08-09 15:07:36.269 [info] > git for-each-ref --format=%(refname)%00%(upstream:short)%00%(objectname)%00%(upstream:track)%00%(upstream:remotename)%00%(upstream:remoteref) refs/heads/main refs/remotes/main [2ms]
2025-08-09 15:07:36.295 [info] > git for-each-ref --sort -committerdate --format %(refname)%00%(objectname)%00%(*objectname) [3ms]
2025-08-09 15:07:36.295 [info] > git status -z -uall [14ms]
2025-08-09 15:07:37.751 [info] > git ls-files --stage -- src/assets/styles/global.css [5ms]
2025-08-09 15:07:37.771 [info] > git cat-file -s 50bf8db4d56518176564a94ccf94019947884767 [3ms]
2025-08-09 15:07:37.927 [info] > git show --textconv :src/assets/styles/global.css [4ms]
2025-08-09 15:07:40.982 [info] > git config --get commit.template [14ms]
2025-08-09 15:07:40.983 [info] > git for-each-ref --format=%(refname)%00%(upstream:short)%00%(objectname)%00%(upstream:track)%00%(upstream:remotename)%00%(upstream:remoteref) refs/heads/main refs/remotes/main [4ms]
2025-08-09 15:07:41.024 [info] > git for-each-ref --sort -committerdate --format %(refname)%00%(objectname)%00%(*objectname) [6ms]
2025-08-09 15:07:41.032 [info] > git status -z -uall [27ms]
2025-08-09 15:07:59.397 [info] > git config --get commit.template [6ms]
2025-08-09 15:07:59.481 [info] > git for-each-ref --format=%(refname)%00%(upstream:short)%00%(objectname)%00%(upstream:track)%00%(upstream:remotename)%00%(upstream:remoteref) refs/heads/main refs/remotes/main [4ms]
2025-08-09 15:07:59.568 [info] > git for-each-ref --sort -committerdate --format %(refname)%00%(objectname)%00%(*objectname) [61ms]
2025-08-09 15:07:59.570 [info] > git status -z -uall [76ms]
2025-08-09 15:09:24.927 [info] > git config --get commit.template [2ms]
2025-08-09 15:09:24.941 [info] > git for-each-ref --format=%(refname)%00%(upstream:short)%00%(objectname)%00%(upstream:track)%00%(upstream:remotename)%00%(upstream:remoteref) refs/heads/main refs/remotes/main [3ms]
2025-08-09 15:09:24.967 [info] > git for-each-ref --sort -committerdate --format %(refname)%00%(objectname)%00%(*objectname) [3ms]
2025-08-09 15:09:24.968 [info] > git status -z -uall [15ms]
