2025-08-10 12:08:43.022 [info] [main] Log level: Info
2025-08-10 12:08:43.022 [info] [main] Validating found git in: "git"
2025-08-10 12:08:43.022 [info] [main] Using git "2.49.0" from "git"
2025-08-10 12:08:43.022 [info] [Model][doInitialScan] Initial repository scan started
2025-08-10 12:08:43.022 [info] > git rev-parse --show-toplevel [31ms]
2025-08-10 12:08:43.022 [info] > git rev-parse --git-dir --git-common-dir [56ms]
2025-08-10 12:08:43.022 [info] [Model][openRepository] Opened repository (path): /workspace/Website-starter
2025-08-10 12:08:43.022 [info] [Model][openRepository] Opened repository (real path): /workspace/Website-starter
2025-08-10 12:08:43.022 [info] > git rev-parse --show-toplevel [23ms]
2025-08-10 12:08:43.022 [info] > git config --get commit.template [89ms]
2025-08-10 12:08:43.022 [info] > git rev-parse --show-toplevel [10ms]
2025-08-10 12:08:43.022 [info] > git for-each-ref --format=%(refname)%00%(upstream:short)%00%(objectname)%00%(upstream:track)%00%(upstream:remotename)%00%(upstream:remoteref) refs/heads/main refs/remotes/main [66ms]
2025-08-10 12:08:43.022 [info] > git rev-parse --show-toplevel [3ms]
2025-08-10 12:08:43.022 [info] > git fetch [2605ms]
2025-08-10 12:08:43.022 [info] > git for-each-ref --sort -committerdate --format %(refname)%00%(objectname)%00%(*objectname) [8ms] (cancelled)
2025-08-10 12:08:43.022 [info] > git rev-parse --show-toplevel [2427ms]
2025-08-10 12:08:43.022 [info] > git status -z -uall [95ms] (cancelled)
2025-08-10 12:08:43.022 [info] > git rev-parse --show-toplevel [2ms]
2025-08-10 12:08:43.022 [info] > git config --get commit.template [8ms]
2025-08-10 12:08:43.022 [info] > git config --get commit.template [13ms]
2025-08-10 12:08:43.022 [info] > git for-each-ref --format=%(refname)%00%(upstream:short)%00%(objectname)%00%(upstream:track)%00%(upstream:remotename)%00%(upstream:remoteref) refs/heads/main refs/remotes/main [75ms]
2025-08-10 12:08:43.022 [info] > git config --get --local branch.main.vscode-merge-base [16ms]
2025-08-10 12:08:43.022 [info] > git for-each-ref --format=%(refname)%00%(upstream:short)%00%(objectname)%00%(upstream:track)%00%(upstream:remotename)%00%(upstream:remoteref) refs/heads/main refs/remotes/main [7ms]
2025-08-10 12:08:43.022 [info] > git for-each-ref --format=%(refname)%00%(upstream:short)%00%(objectname)%00%(upstream:track)%00%(upstream:remotename)%00%(upstream:remoteref) refs/heads/main refs/remotes/main [12ms]
2025-08-10 12:08:43.022 [info] > git rev-parse --show-toplevel [18ms]
2025-08-10 12:08:43.022 [info] > git for-each-ref --format=%(refname)%00%(upstream:short)%00%(objectname)%00%(upstream:track)%00%(upstream:remotename)%00%(upstream:remoteref) refs/heads/origin/main refs/remotes/origin/main [4ms]
2025-08-10 12:08:43.022 [info] > git merge-base refs/heads/main refs/remotes/origin/main [7ms]
2025-08-10 12:08:43.022 [info] > git rev-parse --show-toplevel [52ms]
2025-08-10 12:08:43.022 [info] [Model][doInitialScan] Initial repository scan completed - repositories (1), closed repositories (0), parent repositories (0), unsafe repositories (0)
2025-08-10 12:08:43.026 [info] > git for-each-ref --sort -committerdate --format %(refname)%00%(objectname)%00%(*objectname) [12ms]
2025-08-10 12:08:43.026 [info] > git diff --name-status -z --diff-filter=ADMR 0d7a3a898007be1d8200d8db99d59472a2da8d06...refs/remotes/origin/main [51ms]
2025-08-10 12:08:43.028 [info] > git status -z -uall [48ms]
2025-08-10 12:08:43.028 [info] > git merge-base refs/heads/main refs/remotes/origin/main [9ms]
2025-08-10 12:08:43.056 [info] > git diff --name-status -z --diff-filter=ADMR 0d7a3a898007be1d8200d8db99d59472a2da8d06...refs/remotes/origin/main [22ms]
2025-08-10 12:08:43.936 [info] > git check-ignore -v -z --stdin [3ms]
2025-08-10 12:08:50.617 [info] > git config --get --local branch.main.github-pr-owner-number [3ms]
2025-08-10 12:08:50.617 [warning] [Git][config] git config failed: Failed to execute git
2025-08-10 12:08:53.488 [info] > git config --get commit.template [12ms]
2025-08-10 12:08:53.490 [info] > git for-each-ref --format=%(refname)%00%(upstream:short)%00%(objectname)%00%(upstream:track)%00%(upstream:remotename)%00%(upstream:remoteref) refs/heads/main refs/remotes/main [3ms]
2025-08-10 12:08:53.511 [info] > git for-each-ref --sort -committerdate --format %(refname)%00%(objectname)%00%(*objectname) [3ms]
2025-08-10 12:08:53.514 [info] > git status -z -uall [15ms]
2025-08-10 12:08:58.545 [info] > git config --get commit.template [9ms]
2025-08-10 12:08:58.547 [info] > git for-each-ref --format=%(refname)%00%(upstream:short)%00%(objectname)%00%(upstream:track)%00%(upstream:remotename)%00%(upstream:remoteref) refs/heads/main refs/remotes/main [3ms]
2025-08-10 12:08:58.570 [info] > git for-each-ref --sort -committerdate --format %(refname)%00%(objectname)%00%(*objectname) [3ms]
2025-08-10 12:08:58.574 [info] > git status -z -uall [16ms]
2025-08-10 12:09:03.598 [info] > git config --get commit.template [9ms]
2025-08-10 12:09:03.600 [info] > git for-each-ref --format=%(refname)%00%(upstream:short)%00%(objectname)%00%(upstream:track)%00%(upstream:remotename)%00%(upstream:remoteref) refs/heads/main refs/remotes/main [2ms]
2025-08-10 12:09:03.619 [info] > git for-each-ref --sort -committerdate --format %(refname)%00%(objectname)%00%(*objectname) [2ms]
2025-08-10 12:09:03.623 [info] > git status -z -uall [15ms]
2025-08-10 12:09:08.651 [info] > git config --get commit.template [11ms]
2025-08-10 12:09:08.652 [info] > git for-each-ref --format=%(refname)%00%(upstream:short)%00%(objectname)%00%(upstream:track)%00%(upstream:remotename)%00%(upstream:remoteref) refs/heads/main refs/remotes/main [4ms]
2025-08-10 12:09:08.679 [info] > git status -z -uall [17ms]
2025-08-10 12:09:08.679 [info] > git for-each-ref --sort -committerdate --format %(refname)%00%(objectname)%00%(*objectname) [5ms]
2025-08-10 12:09:13.705 [info] > git config --get commit.template [9ms]
2025-08-10 12:09:13.706 [info] > git for-each-ref --format=%(refname)%00%(upstream:short)%00%(objectname)%00%(upstream:track)%00%(upstream:remotename)%00%(upstream:remoteref) refs/heads/main refs/remotes/main [2ms]
2025-08-10 12:09:13.727 [info] > git for-each-ref --sort -committerdate --format %(refname)%00%(objectname)%00%(*objectname) [3ms]
2025-08-10 12:09:13.729 [info] > git status -z -uall [14ms]
2025-08-10 12:09:34.556 [info] > git config --get commit.template [11ms]
2025-08-10 12:09:34.557 [info] > git for-each-ref --format=%(refname)%00%(upstream:short)%00%(objectname)%00%(upstream:track)%00%(upstream:remotename)%00%(upstream:remoteref) refs/heads/main refs/remotes/main [3ms]
2025-08-10 12:09:34.581 [info] > git for-each-ref --sort -committerdate --format %(refname)%00%(objectname)%00%(*objectname) [3ms]
2025-08-10 12:09:34.582 [info] > git status -z -uall [15ms]
2025-08-10 12:09:40.528 [info] > git config --get commit.template [2ms]
2025-08-10 12:09:40.543 [info] > git for-each-ref --format=%(refname)%00%(upstream:short)%00%(objectname)%00%(upstream:track)%00%(upstream:remotename)%00%(upstream:remoteref) refs/heads/main refs/remotes/main [3ms]
2025-08-10 12:09:40.570 [info] > git for-each-ref --sort -committerdate --format %(refname)%00%(objectname)%00%(*objectname) [3ms]
2025-08-10 12:09:40.570 [info] > git status -z -uall [15ms]
2025-08-10 12:09:45.597 [info] > git config --get commit.template [11ms]
2025-08-10 12:09:45.600 [info] > git for-each-ref --format=%(refname)%00%(upstream:short)%00%(objectname)%00%(upstream:track)%00%(upstream:remotename)%00%(upstream:remoteref) refs/heads/main refs/remotes/main [2ms]
2025-08-10 12:09:45.631 [info] > git status -z -uall [20ms]
2025-08-10 12:09:45.631 [info] > git for-each-ref --sort -committerdate --format %(refname)%00%(objectname)%00%(*objectname) [6ms]
2025-08-10 12:09:50.653 [info] > git config --get commit.template [2ms]
2025-08-10 12:09:50.667 [info] > git for-each-ref --format=%(refname)%00%(upstream:short)%00%(objectname)%00%(upstream:track)%00%(upstream:remotename)%00%(upstream:remoteref) refs/heads/main refs/remotes/main [3ms]
2025-08-10 12:09:50.692 [info] > git for-each-ref --sort -committerdate --format %(refname)%00%(objectname)%00%(*objectname) [3ms]
2025-08-10 12:09:50.696 [info] > git status -z -uall [17ms]
2025-08-10 12:10:08.942 [info] > git config --get commit.template [12ms]
2025-08-10 12:10:08.944 [info] > git for-each-ref --format=%(refname)%00%(upstream:short)%00%(objectname)%00%(upstream:track)%00%(upstream:remotename)%00%(upstream:remoteref) refs/heads/main refs/remotes/main [3ms]
2025-08-10 12:10:08.969 [info] > git for-each-ref --sort -committerdate --format %(refname)%00%(objectname)%00%(*objectname) [3ms]
2025-08-10 12:10:08.970 [info] > git status -z -uall [14ms]
2025-08-10 12:11:11.036 [info] > git config --get commit.template [12ms]
2025-08-10 12:11:11.038 [info] > git for-each-ref --format=%(refname)%00%(upstream:short)%00%(objectname)%00%(upstream:track)%00%(upstream:remotename)%00%(upstream:remoteref) refs/heads/main refs/remotes/main [3ms]
2025-08-10 12:11:11.121 [info] > git for-each-ref --sort -committerdate --format %(refname)%00%(objectname)%00%(*objectname) [5ms]
2025-08-10 12:11:11.122 [info] > git status -z -uall [73ms]
2025-08-10 12:11:16.150 [info] > git config --get commit.template [12ms]
2025-08-10 12:11:16.152 [info] > git for-each-ref --format=%(refname)%00%(upstream:short)%00%(objectname)%00%(upstream:track)%00%(upstream:remotename)%00%(upstream:remoteref) refs/heads/main refs/remotes/main [3ms]
2025-08-10 12:11:16.178 [info] > git for-each-ref --sort -committerdate --format %(refname)%00%(objectname)%00%(*objectname) [3ms]
2025-08-10 12:11:16.180 [info] > git status -z -uall [16ms]
2025-08-10 12:11:21.213 [info] > git config --get commit.template [15ms]
2025-08-10 12:11:21.215 [info] > git for-each-ref --format=%(refname)%00%(upstream:short)%00%(objectname)%00%(upstream:track)%00%(upstream:remotename)%00%(upstream:remoteref) refs/heads/main refs/remotes/main [3ms]
2025-08-10 12:11:21.247 [info] > git for-each-ref --sort -committerdate --format %(refname)%00%(objectname)%00%(*objectname) [4ms]
2025-08-10 12:11:21.248 [info] > git status -z -uall [20ms]
2025-08-10 12:11:40.933 [info] > git config --get commit.template [2ms]
2025-08-10 12:11:40.945 [info] > git for-each-ref --format=%(refname)%00%(upstream:short)%00%(objectname)%00%(upstream:track)%00%(upstream:remotename)%00%(upstream:remoteref) refs/heads/main refs/remotes/main [2ms]
2025-08-10 12:11:40.967 [info] > git for-each-ref --sort -committerdate --format %(refname)%00%(objectname)%00%(*objectname) [3ms]
2025-08-10 12:11:40.969 [info] > git status -z -uall [14ms]
2025-08-10 12:11:43.373 [info] > git fetch [341ms]
2025-08-10 12:11:43.395 [info] > git config --get commit.template [11ms]
2025-08-10 12:11:43.396 [info] > git for-each-ref --format=%(refname)%00%(upstream:short)%00%(objectname)%00%(upstream:track)%00%(upstream:remotename)%00%(upstream:remoteref) refs/heads/main refs/remotes/main [3ms]
2025-08-10 12:11:43.416 [info] > git for-each-ref --sort -committerdate --format %(refname)%00%(objectname)%00%(*objectname) [2ms]
2025-08-10 12:11:43.419 [info] > git status -z -uall [14ms]
2025-08-10 12:11:48.041 [info] > git config --get commit.template [10ms]
2025-08-10 12:11:48.043 [info] > git for-each-ref --format=%(refname)%00%(upstream:short)%00%(objectname)%00%(upstream:track)%00%(upstream:remotename)%00%(upstream:remoteref) refs/heads/main refs/remotes/main [2ms]
2025-08-10 12:11:48.064 [info] > git for-each-ref --sort -committerdate --format %(refname)%00%(objectname)%00%(*objectname) [2ms]
2025-08-10 12:11:48.067 [info] > git status -z -uall [15ms]
2025-08-10 12:14:45.569 [info] > git config --get commit.template [16ms]
2025-08-10 12:14:45.570 [info] > git for-each-ref --format=%(refname)%00%(upstream:short)%00%(objectname)%00%(upstream:track)%00%(upstream:remotename)%00%(upstream:remoteref) refs/heads/main refs/remotes/main [4ms]
2025-08-10 12:14:45.598 [info] > git for-each-ref --sort -committerdate --format %(refname)%00%(objectname)%00%(*objectname) [4ms]
2025-08-10 12:14:45.599 [info] > git status -z -uall [16ms]
2025-08-10 12:14:45.889 [info] > git fetch [353ms]
2025-08-10 12:14:45.906 [info] > git config --get commit.template [2ms]
2025-08-10 12:14:45.920 [info] > git for-each-ref --format=%(refname)%00%(upstream:short)%00%(objectname)%00%(upstream:track)%00%(upstream:remotename)%00%(upstream:remoteref) refs/heads/main refs/remotes/main [3ms]
2025-08-10 12:14:45.947 [info] > git status -z -uall [15ms]
2025-08-10 12:14:45.948 [info] > git for-each-ref --sort -committerdate --format %(refname)%00%(objectname)%00%(*objectname) [3ms]
2025-08-10 12:14:50.621 [info] > git config --get commit.template [3ms]
2025-08-10 12:14:50.637 [info] > git for-each-ref --format=%(refname)%00%(upstream:short)%00%(objectname)%00%(upstream:track)%00%(upstream:remotename)%00%(upstream:remoteref) refs/heads/main refs/remotes/main [3ms]
2025-08-10 12:14:50.665 [info] > git for-each-ref --sort -committerdate --format %(refname)%00%(objectname)%00%(*objectname) [3ms]
2025-08-10 12:14:50.667 [info] > git status -z -uall [18ms]
2025-08-10 12:14:57.325 [info] > git config --get commit.template [74ms]
2025-08-10 12:14:57.328 [info] > git for-each-ref --format=%(refname)%00%(upstream:short)%00%(objectname)%00%(upstream:track)%00%(upstream:remotename)%00%(upstream:remoteref) refs/heads/main refs/remotes/main [4ms]
2025-08-10 12:14:57.355 [info] > git status -z -uall [15ms]
2025-08-10 12:14:57.356 [info] > git for-each-ref --sort -committerdate --format %(refname)%00%(objectname)%00%(*objectname) [2ms]
2025-08-10 12:15:44.068 [info] > git config --get commit.template [15ms]
2025-08-10 12:15:44.070 [info] > git for-each-ref --format=%(refname)%00%(upstream:short)%00%(objectname)%00%(upstream:track)%00%(upstream:remotename)%00%(upstream:remoteref) refs/heads/main refs/remotes/main [3ms]
2025-08-10 12:15:44.102 [info] > git for-each-ref --sort -committerdate --format %(refname)%00%(objectname)%00%(*objectname) [3ms]
2025-08-10 12:15:44.104 [info] > git status -z -uall [19ms]
2025-08-10 12:16:12.603 [info] > git config --get commit.template [15ms]
2025-08-10 12:16:12.604 [info] > git for-each-ref --format=%(refname)%00%(upstream:short)%00%(objectname)%00%(upstream:track)%00%(upstream:remotename)%00%(upstream:remoteref) refs/heads/main refs/remotes/main [2ms]
2025-08-10 12:16:12.634 [info] > git status -z -uall [16ms]
2025-08-10 12:16:12.635 [info] > git for-each-ref --sort -committerdate --format %(refname)%00%(objectname)%00%(*objectname) [4ms]
2025-08-10 12:16:17.863 [info] > git config --get commit.template [16ms]
2025-08-10 12:16:17.865 [info] > git for-each-ref --format=%(refname)%00%(upstream:short)%00%(objectname)%00%(upstream:track)%00%(upstream:remotename)%00%(upstream:remoteref) refs/heads/main refs/remotes/main [4ms]
2025-08-10 12:16:17.902 [info] > git status -z -uall [19ms]
2025-08-10 12:16:17.903 [info] > git for-each-ref --sort -committerdate --format %(refname)%00%(objectname)%00%(*objectname) [5ms]
2025-08-10 12:16:22.938 [info] > git config --get commit.template [17ms]
2025-08-10 12:16:22.940 [info] > git for-each-ref --format=%(refname)%00%(upstream:short)%00%(objectname)%00%(upstream:track)%00%(upstream:remotename)%00%(upstream:remoteref) refs/heads/main refs/remotes/main [3ms]
2025-08-10 12:16:22.971 [info] > git for-each-ref --sort -committerdate --format %(refname)%00%(objectname)%00%(*objectname) [4ms]
2025-08-10 12:16:22.971 [info] > git status -z -uall [17ms]
2025-08-10 12:16:28.005 [info] > git config --get commit.template [14ms]
2025-08-10 12:16:28.007 [info] > git for-each-ref --format=%(refname)%00%(upstream:short)%00%(objectname)%00%(upstream:track)%00%(upstream:remotename)%00%(upstream:remoteref) refs/heads/main refs/remotes/main [3ms]
2025-08-10 12:16:28.040 [info] > git status -z -uall [18ms]
2025-08-10 12:16:28.041 [info] > git for-each-ref --sort -committerdate --format %(refname)%00%(objectname)%00%(*objectname) [6ms]
2025-08-10 12:16:36.401 [info] > git config --get commit.template [15ms]
2025-08-10 12:16:36.403 [info] > git for-each-ref --format=%(refname)%00%(upstream:short)%00%(objectname)%00%(upstream:track)%00%(upstream:remotename)%00%(upstream:remoteref) refs/heads/main refs/remotes/main [3ms]
2025-08-10 12:16:36.436 [info] > git for-each-ref --sort -committerdate --format %(refname)%00%(objectname)%00%(*objectname) [3ms]
2025-08-10 12:16:36.443 [info] > git status -z -uall [25ms]
2025-08-10 12:16:41.477 [info] > git config --get commit.template [14ms]
2025-08-10 12:16:41.482 [info] > git for-each-ref --format=%(refname)%00%(upstream:short)%00%(objectname)%00%(upstream:track)%00%(upstream:remotename)%00%(upstream:remoteref) refs/heads/main refs/remotes/main [6ms]
2025-08-10 12:16:41.535 [info] > git status -z -uall [36ms]
2025-08-10 12:16:41.537 [info] > git for-each-ref --sort -committerdate --format %(refname)%00%(objectname)%00%(*objectname) [6ms]
2025-08-10 12:16:46.584 [info] > git config --get commit.template [24ms]
2025-08-10 12:16:46.587 [info] > git for-each-ref --format=%(refname)%00%(upstream:short)%00%(objectname)%00%(upstream:track)%00%(upstream:remotename)%00%(upstream:remoteref) refs/heads/main refs/remotes/main [3ms]
2025-08-10 12:16:46.618 [info] > git for-each-ref --sort -committerdate --format %(refname)%00%(objectname)%00%(*objectname) [5ms]
2025-08-10 12:16:46.619 [info] > git status -z -uall [17ms]
2025-08-10 12:16:51.648 [info] > git config --get commit.template [6ms]
2025-08-10 12:16:51.664 [info] > git for-each-ref --format=%(refname)%00%(upstream:short)%00%(objectname)%00%(upstream:track)%00%(upstream:remotename)%00%(upstream:remoteref) refs/heads/main refs/remotes/main [2ms]
2025-08-10 12:16:51.689 [info] > git for-each-ref --sort -committerdate --format %(refname)%00%(objectname)%00%(*objectname) [3ms]
2025-08-10 12:16:51.691 [info] > git status -z -uall [15ms]
2025-08-10 12:17:04.254 [info] > git config --get commit.template [13ms]
2025-08-10 12:17:04.256 [info] > git for-each-ref --format=%(refname)%00%(upstream:short)%00%(objectname)%00%(upstream:track)%00%(upstream:remotename)%00%(upstream:remoteref) refs/heads/main refs/remotes/main [3ms]
2025-08-10 12:17:04.282 [info] > git for-each-ref --sort -committerdate --format %(refname)%00%(objectname)%00%(*objectname) [4ms]
2025-08-10 12:17:04.283 [info] > git status -z -uall [16ms]
2025-08-10 12:17:09.319 [info] > git config --get commit.template [15ms]
2025-08-10 12:17:09.320 [info] > git for-each-ref --format=%(refname)%00%(upstream:short)%00%(objectname)%00%(upstream:track)%00%(upstream:remotename)%00%(upstream:remoteref) refs/heads/main refs/remotes/main [3ms]
2025-08-10 12:17:09.345 [info] > git status -z -uall [14ms]
2025-08-10 12:17:09.346 [info] > git for-each-ref --sort -committerdate --format %(refname)%00%(objectname)%00%(*objectname) [4ms]
2025-08-10 12:17:40.947 [info] > git config --get commit.template [12ms]
2025-08-10 12:17:40.950 [info] > git for-each-ref --format=%(refname)%00%(upstream:short)%00%(objectname)%00%(upstream:track)%00%(upstream:remotename)%00%(upstream:remoteref) refs/heads/main refs/remotes/main [2ms]
2025-08-10 12:17:40.979 [info] > git status -z -uall [15ms]
2025-08-10 12:17:40.979 [info] > git for-each-ref --sort -committerdate --format %(refname)%00%(objectname)%00%(*objectname) [4ms]
2025-08-10 12:17:46.300 [info] > git fetch [334ms]
2025-08-10 12:17:46.320 [info] > git config --get commit.template [2ms]
2025-08-10 12:17:46.341 [info] > git for-each-ref --format=%(refname)%00%(upstream:short)%00%(objectname)%00%(upstream:track)%00%(upstream:remotename)%00%(upstream:remoteref) refs/heads/main refs/remotes/main [3ms]
2025-08-10 12:17:46.376 [info] > git status -z -uall [20ms]
2025-08-10 12:17:46.378 [info] > git for-each-ref --sort -committerdate --format %(refname)%00%(objectname)%00%(*objectname) [5ms]
2025-08-10 12:17:47.565 [info] > git config --get commit.template [37ms]
2025-08-10 12:17:47.582 [info] > git for-each-ref --format=%(refname)%00%(upstream:short)%00%(objectname)%00%(upstream:track)%00%(upstream:remotename)%00%(upstream:remoteref) refs/heads/main refs/remotes/main [4ms]
2025-08-10 12:17:47.613 [info] > git status -z -uall [17ms]
2025-08-10 12:17:47.616 [info] > git for-each-ref --sort -committerdate --format %(refname)%00%(objectname)%00%(*objectname) [4ms]
2025-08-10 12:18:06.242 [info] > git config --get commit.template [15ms]
2025-08-10 12:18:06.244 [info] > git for-each-ref --format=%(refname)%00%(upstream:short)%00%(objectname)%00%(upstream:track)%00%(upstream:remotename)%00%(upstream:remoteref) refs/heads/main refs/remotes/main [3ms]
2025-08-10 12:18:06.274 [info] > git status -z -uall [16ms]
2025-08-10 12:18:06.275 [info] > git for-each-ref --sort -committerdate --format %(refname)%00%(objectname)%00%(*objectname) [3ms]
2025-08-10 12:18:14.267 [info] > git config --get commit.template [10ms]
2025-08-10 12:18:14.269 [info] > git for-each-ref --format=%(refname)%00%(upstream:short)%00%(objectname)%00%(upstream:track)%00%(upstream:remotename)%00%(upstream:remoteref) refs/heads/main refs/remotes/main [2ms]
2025-08-10 12:18:14.291 [info] > git for-each-ref --sort -committerdate --format %(refname)%00%(objectname)%00%(*objectname) [3ms]
2025-08-10 12:18:14.294 [info] > git status -z -uall [16ms]
2025-08-10 12:18:19.321 [info] > git config --get commit.template [11ms]
2025-08-10 12:18:19.323 [info] > git for-each-ref --format=%(refname)%00%(upstream:short)%00%(objectname)%00%(upstream:track)%00%(upstream:remotename)%00%(upstream:remoteref) refs/heads/main refs/remotes/main [3ms]
2025-08-10 12:18:19.348 [info] > git for-each-ref --sort -committerdate --format %(refname)%00%(objectname)%00%(*objectname) [6ms]
2025-08-10 12:18:19.349 [info] > git status -z -uall [16ms]
2025-08-10 12:18:24.378 [info] > git config --get commit.template [12ms]
2025-08-10 12:18:24.380 [info] > git for-each-ref --format=%(refname)%00%(upstream:short)%00%(objectname)%00%(upstream:track)%00%(upstream:remotename)%00%(upstream:remoteref) refs/heads/main refs/remotes/main [3ms]
2025-08-10 12:18:24.408 [info] > git for-each-ref --sort -committerdate --format %(refname)%00%(objectname)%00%(*objectname) [3ms]
2025-08-10 12:18:24.411 [info] > git status -z -uall [18ms]
2025-08-10 12:18:29.442 [info] > git config --get commit.template [14ms]
2025-08-10 12:18:29.444 [info] > git for-each-ref --format=%(refname)%00%(upstream:short)%00%(objectname)%00%(upstream:track)%00%(upstream:remotename)%00%(upstream:remoteref) refs/heads/main refs/remotes/main [2ms]
2025-08-10 12:18:29.478 [info] > git status -z -uall [20ms]
2025-08-10 12:18:29.478 [info] > git for-each-ref --sort -committerdate --format %(refname)%00%(objectname)%00%(*objectname) [3ms]
2025-08-10 12:18:37.032 [info] > git config --get commit.template [3ms]
2025-08-10 12:18:37.050 [info] > git for-each-ref --format=%(refname)%00%(upstream:short)%00%(objectname)%00%(upstream:track)%00%(upstream:remotename)%00%(upstream:remoteref) refs/heads/main refs/remotes/main [4ms]
2025-08-10 12:18:37.079 [info] > git status -z -uall [17ms]
2025-08-10 12:18:37.080 [info] > git for-each-ref --sort -committerdate --format %(refname)%00%(objectname)%00%(*objectname) [3ms]
2025-08-10 12:18:51.585 [info] > git config --get commit.template [17ms]
2025-08-10 12:18:51.586 [info] > git for-each-ref --format=%(refname)%00%(upstream:short)%00%(objectname)%00%(upstream:track)%00%(upstream:remotename)%00%(upstream:remoteref) refs/heads/main refs/remotes/main [4ms]
2025-08-10 12:18:51.615 [info] > git for-each-ref --sort -committerdate --format %(refname)%00%(objectname)%00%(*objectname) [4ms]
2025-08-10 12:18:51.617 [info] > git status -z -uall [17ms]
2025-08-10 12:18:56.653 [info] > git config --get commit.template [14ms]
2025-08-10 12:18:56.655 [info] > git for-each-ref --format=%(refname)%00%(upstream:short)%00%(objectname)%00%(upstream:track)%00%(upstream:remotename)%00%(upstream:remoteref) refs/heads/main refs/remotes/main [3ms]
2025-08-10 12:18:56.692 [info] > git status -z -uall [21ms]
2025-08-10 12:18:56.692 [info] > git for-each-ref --sort -committerdate --format %(refname)%00%(objectname)%00%(*objectname) [5ms]
2025-08-10 12:19:01.732 [info] > git config --get commit.template [21ms]
2025-08-10 12:19:01.734 [info] > git for-each-ref --format=%(refname)%00%(upstream:short)%00%(objectname)%00%(upstream:track)%00%(upstream:remotename)%00%(upstream:remoteref) refs/heads/main refs/remotes/main [5ms]
2025-08-10 12:19:01.771 [info] > git status -z -uall [17ms]
2025-08-10 12:19:01.774 [info] > git for-each-ref --sort -committerdate --format %(refname)%00%(objectname)%00%(*objectname) [4ms]
2025-08-10 12:19:09.857 [info] > git config --get commit.template [14ms]
2025-08-10 12:19:09.859 [info] > git for-each-ref --format=%(refname)%00%(upstream:short)%00%(objectname)%00%(upstream:track)%00%(upstream:remotename)%00%(upstream:remoteref) refs/heads/main refs/remotes/main [3ms]
2025-08-10 12:19:09.887 [info] > git status -z -uall [16ms]
2025-08-10 12:19:09.887 [info] > git for-each-ref --sort -committerdate --format %(refname)%00%(objectname)%00%(*objectname) [4ms]
2025-08-10 12:19:17.128 [info] > git config --get commit.template [3ms]
2025-08-10 12:19:17.143 [info] > git for-each-ref --format=%(refname)%00%(upstream:short)%00%(objectname)%00%(upstream:track)%00%(upstream:remotename)%00%(upstream:remoteref) refs/heads/main refs/remotes/main [4ms]
2025-08-10 12:19:17.169 [info] > git for-each-ref --sort -committerdate --format %(refname)%00%(objectname)%00%(*objectname) [4ms]
2025-08-10 12:19:17.174 [info] > git status -z -uall [20ms]
2025-08-10 12:19:22.201 [info] > git config --get commit.template [10ms]
2025-08-10 12:19:22.203 [info] > git for-each-ref --format=%(refname)%00%(upstream:short)%00%(objectname)%00%(upstream:track)%00%(upstream:remotename)%00%(upstream:remoteref) refs/heads/main refs/remotes/main [3ms]
2025-08-10 12:19:22.228 [info] > git for-each-ref --sort -committerdate --format %(refname)%00%(objectname)%00%(*objectname) [4ms]
2025-08-10 12:19:22.229 [info] > git status -z -uall [17ms]
2025-08-10 12:19:32.934 [info] > git config --get commit.template [20ms]
2025-08-10 12:19:32.935 [info] > git for-each-ref --format=%(refname)%00%(upstream:short)%00%(objectname)%00%(upstream:track)%00%(upstream:remotename)%00%(upstream:remoteref) refs/heads/main refs/remotes/main [4ms]
2025-08-10 12:19:32.964 [info] > git for-each-ref --sort -committerdate --format %(refname)%00%(objectname)%00%(*objectname) [4ms]
2025-08-10 12:19:32.966 [info] > git status -z -uall [17ms]
2025-08-10 12:19:37.995 [info] > git config --get commit.template [11ms]
2025-08-10 12:19:37.997 [info] > git for-each-ref --format=%(refname)%00%(upstream:short)%00%(objectname)%00%(upstream:track)%00%(upstream:remotename)%00%(upstream:remoteref) refs/heads/main refs/remotes/main [3ms]
2025-08-10 12:19:38.024 [info] > git for-each-ref --sort -committerdate --format %(refname)%00%(objectname)%00%(*objectname) [3ms]
2025-08-10 12:19:38.026 [info] > git status -z -uall [16ms]
2025-08-10 12:19:43.061 [info] > git config --get commit.template [15ms]
2025-08-10 12:19:43.062 [info] > git for-each-ref --format=%(refname)%00%(upstream:short)%00%(objectname)%00%(upstream:track)%00%(upstream:remotename)%00%(upstream:remoteref) refs/heads/main refs/remotes/main [3ms]
2025-08-10 12:19:43.088 [info] > git for-each-ref --sort -committerdate --format %(refname)%00%(objectname)%00%(*objectname) [3ms]
2025-08-10 12:19:43.089 [info] > git status -z -uall [15ms]
2025-08-10 12:19:58.727 [info] > git config --get commit.template [11ms]
2025-08-10 12:19:58.729 [info] > git for-each-ref --format=%(refname)%00%(upstream:short)%00%(objectname)%00%(upstream:track)%00%(upstream:remotename)%00%(upstream:remoteref) refs/heads/main refs/remotes/main [3ms]
2025-08-10 12:19:58.751 [info] > git for-each-ref --sort -committerdate --format %(refname)%00%(objectname)%00%(*objectname) [3ms]
2025-08-10 12:19:58.754 [info] > git status -z -uall [15ms]
2025-08-10 12:20:06.932 [info] > git config --get commit.template [10ms]
2025-08-10 12:20:06.933 [info] > git for-each-ref --format=%(refname)%00%(upstream:short)%00%(objectname)%00%(upstream:track)%00%(upstream:remotename)%00%(upstream:remoteref) refs/heads/main refs/remotes/main [2ms]
2025-08-10 12:20:06.955 [info] > git for-each-ref --sort -committerdate --format %(refname)%00%(objectname)%00%(*objectname) [3ms]
2025-08-10 12:20:06.958 [info] > git status -z -uall [15ms]
2025-08-10 12:20:15.929 [info] > git config --get commit.template [13ms]
2025-08-10 12:20:15.931 [info] > git for-each-ref --format=%(refname)%00%(upstream:short)%00%(objectname)%00%(upstream:track)%00%(upstream:remotename)%00%(upstream:remoteref) refs/heads/main refs/remotes/main [3ms]
2025-08-10 12:20:15.955 [info] > git for-each-ref --sort -committerdate --format %(refname)%00%(objectname)%00%(*objectname) [3ms]
2025-08-10 12:20:15.957 [info] > git status -z -uall [14ms]
2025-08-10 12:20:25.004 [info] > git config --get commit.template [3ms]
2025-08-10 12:20:25.019 [info] > git for-each-ref --format=%(refname)%00%(upstream:short)%00%(objectname)%00%(upstream:track)%00%(upstream:remotename)%00%(upstream:remoteref) refs/heads/main refs/remotes/main [3ms]
2025-08-10 12:20:25.047 [info] > git for-each-ref --sort -committerdate --format %(refname)%00%(objectname)%00%(*objectname) [3ms]
2025-08-10 12:20:25.048 [info] > git status -z -uall [15ms]
2025-08-10 12:20:35.251 [info] > git config --get commit.template [15ms]
2025-08-10 12:20:35.254 [info] > git for-each-ref --format=%(refname)%00%(upstream:short)%00%(objectname)%00%(upstream:track)%00%(upstream:remotename)%00%(upstream:remoteref) refs/heads/main refs/remotes/main [3ms]
2025-08-10 12:20:35.282 [info] > git status -z -uall [16ms]
2025-08-10 12:20:35.283 [info] > git for-each-ref --sort -committerdate --format %(refname)%00%(objectname)%00%(*objectname) [4ms]
2025-08-10 12:20:40.317 [info] > git config --get commit.template [15ms]
2025-08-10 12:20:40.318 [info] > git for-each-ref --format=%(refname)%00%(upstream:short)%00%(objectname)%00%(upstream:track)%00%(upstream:remotename)%00%(upstream:remoteref) refs/heads/main refs/remotes/main [3ms]
2025-08-10 12:20:40.348 [info] > git for-each-ref --sort -committerdate --format %(refname)%00%(objectname)%00%(*objectname) [3ms]
2025-08-10 12:20:40.350 [info] > git status -z -uall [17ms]
2025-08-10 12:20:45.383 [info] > git config --get commit.template [14ms]
2025-08-10 12:20:45.384 [info] > git for-each-ref --format=%(refname)%00%(upstream:short)%00%(objectname)%00%(upstream:track)%00%(upstream:remotename)%00%(upstream:remoteref) refs/heads/main refs/remotes/main [3ms]
2025-08-10 12:20:45.412 [info] > git for-each-ref --sort -committerdate --format %(refname)%00%(objectname)%00%(*objectname) [4ms]
2025-08-10 12:20:45.416 [info] > git status -z -uall [18ms]
2025-08-10 12:20:46.744 [info] > git fetch [347ms]
2025-08-10 12:20:46.831 [info] > git config --get commit.template [72ms]
2025-08-10 12:20:46.832 [info] > git for-each-ref --format=%(refname)%00%(upstream:short)%00%(objectname)%00%(upstream:track)%00%(upstream:remotename)%00%(upstream:remoteref) refs/heads/main refs/remotes/main [5ms]
2025-08-10 12:20:46.864 [info] > git status -z -uall [16ms]
2025-08-10 12:20:46.866 [info] > git for-each-ref --sort -committerdate --format %(refname)%00%(objectname)%00%(*objectname) [3ms]
2025-08-10 12:20:57.944 [info] > git config --get commit.template [15ms]
2025-08-10 12:20:57.945 [info] > git for-each-ref --format=%(refname)%00%(upstream:short)%00%(objectname)%00%(upstream:track)%00%(upstream:remotename)%00%(upstream:remoteref) refs/heads/main refs/remotes/main [2ms]
2025-08-10 12:20:57.977 [info] > git for-each-ref --sort -committerdate --format %(refname)%00%(objectname)%00%(*objectname) [4ms]
2025-08-10 12:20:57.978 [info] > git status -z -uall [18ms]
2025-08-10 12:21:45.835 [info] > git config --get commit.template [15ms]
2025-08-10 12:21:45.837 [info] > git for-each-ref --format=%(refname)%00%(upstream:short)%00%(objectname)%00%(upstream:track)%00%(upstream:remotename)%00%(upstream:remoteref) refs/heads/main refs/remotes/main [3ms]
2025-08-10 12:21:45.915 [info] > git status -z -uall [66ms]
2025-08-10 12:21:45.916 [info] > git for-each-ref --sort -committerdate --format %(refname)%00%(objectname)%00%(*objectname) [54ms]
2025-08-10 12:21:50.950 [info] > git config --get commit.template [16ms]
2025-08-10 12:21:50.952 [info] > git for-each-ref --format=%(refname)%00%(upstream:short)%00%(objectname)%00%(upstream:track)%00%(upstream:remotename)%00%(upstream:remoteref) refs/heads/main refs/remotes/main [3ms]
2025-08-10 12:21:50.983 [info] > git for-each-ref --sort -committerdate --format %(refname)%00%(objectname)%00%(*objectname) [3ms]
2025-08-10 12:21:50.984 [info] > git status -z -uall [16ms]
2025-08-10 12:21:56.014 [info] > git config --get commit.template [11ms]
2025-08-10 12:21:56.017 [info] > git for-each-ref --format=%(refname)%00%(upstream:short)%00%(objectname)%00%(upstream:track)%00%(upstream:remotename)%00%(upstream:remoteref) refs/heads/main refs/remotes/main [4ms]
2025-08-10 12:21:56.053 [info] > git status -z -uall [23ms]
2025-08-10 12:21:56.055 [info] > git for-each-ref --sort -committerdate --format %(refname)%00%(objectname)%00%(*objectname) [4ms]
2025-08-10 12:22:01.092 [info] > git config --get commit.template [17ms]
2025-08-10 12:22:01.094 [info] > git for-each-ref --format=%(refname)%00%(upstream:short)%00%(objectname)%00%(upstream:track)%00%(upstream:remotename)%00%(upstream:remoteref) refs/heads/main refs/remotes/main [3ms]
2025-08-10 12:22:01.124 [info] > git for-each-ref --sort -committerdate --format %(refname)%00%(objectname)%00%(*objectname) [3ms]
2025-08-10 12:22:01.125 [info] > git status -z -uall [17ms]
2025-08-10 12:22:09.155 [info] > git config --get commit.template [12ms]
2025-08-10 12:22:09.156 [info] > git for-each-ref --format=%(refname)%00%(upstream:short)%00%(objectname)%00%(upstream:track)%00%(upstream:remotename)%00%(upstream:remoteref) refs/heads/main refs/remotes/main [2ms]
2025-08-10 12:22:09.181 [info] > git for-each-ref --sort -committerdate --format %(refname)%00%(objectname)%00%(*objectname) [4ms]
2025-08-10 12:22:09.185 [info] > git status -z -uall [18ms]
2025-08-10 12:23:08.526 [info] > git for-each-ref --format=%(refname)%00%(upstream:short)%00%(objectname)%00%(upstream:track)%00%(upstream:remotename)%00%(upstream:remoteref) refs/heads/main refs/remotes/main [49ms]
2025-08-10 12:23:08.526 [info] > git config --get commit.template [60ms]
2025-08-10 12:23:08.726 [info] > git for-each-ref --sort -committerdate --format %(refname)%00%(objectname)%00%(*objectname) [5ms]
2025-08-10 12:23:08.748 [info] > git status -z -uall [93ms]
2025-08-10 12:23:13.778 [info] > git config --get commit.template [12ms]
2025-08-10 12:23:13.779 [info] > git for-each-ref --format=%(refname)%00%(upstream:short)%00%(objectname)%00%(upstream:track)%00%(upstream:remotename)%00%(upstream:remoteref) refs/heads/main refs/remotes/main [2ms]
2025-08-10 12:23:13.805 [info] > git status -z -uall [15ms]
2025-08-10 12:23:13.806 [info] > git for-each-ref --sort -committerdate --format %(refname)%00%(objectname)%00%(*objectname) [3ms]
2025-08-10 12:23:18.832 [info] > git config --get commit.template [10ms]
2025-08-10 12:23:18.834 [info] > git for-each-ref --format=%(refname)%00%(upstream:short)%00%(objectname)%00%(upstream:track)%00%(upstream:remotename)%00%(upstream:remoteref) refs/heads/main refs/remotes/main [2ms]
2025-08-10 12:23:18.857 [info] > git for-each-ref --sort -committerdate --format %(refname)%00%(objectname)%00%(*objectname) [3ms]
2025-08-10 12:23:18.858 [info] > git status -z -uall [15ms]
2025-08-10 12:23:23.889 [info] > git config --get commit.template [12ms]
2025-08-10 12:23:23.889 [info] > git for-each-ref --format=%(refname)%00%(upstream:short)%00%(objectname)%00%(upstream:track)%00%(upstream:remotename)%00%(upstream:remoteref) refs/heads/main refs/remotes/main [3ms]
2025-08-10 12:23:23.913 [info] > git for-each-ref --sort -committerdate --format %(refname)%00%(objectname)%00%(*objectname) [3ms]
2025-08-10 12:23:23.920 [info] > git status -z -uall [20ms]
2025-08-10 12:23:28.950 [info] > git config --get commit.template [13ms]
2025-08-10 12:23:28.951 [info] > git for-each-ref --format=%(refname)%00%(upstream:short)%00%(objectname)%00%(upstream:track)%00%(upstream:remotename)%00%(upstream:remoteref) refs/heads/main refs/remotes/main [3ms]
2025-08-10 12:23:28.972 [info] > git for-each-ref --sort -committerdate --format %(refname)%00%(objectname)%00%(*objectname) [3ms]
2025-08-10 12:23:28.975 [info] > git status -z -uall [14ms]
2025-08-10 12:23:50.304 [info] > git config --get commit.template [11ms]
2025-08-10 12:23:50.305 [info] > git for-each-ref --format=%(refname)%00%(upstream:short)%00%(objectname)%00%(upstream:track)%00%(upstream:remotename)%00%(upstream:remoteref) refs/heads/main refs/remotes/main [3ms]
2025-08-10 12:23:50.326 [info] > git for-each-ref --sort -committerdate --format %(refname)%00%(objectname)%00%(*objectname) [3ms]
2025-08-10 12:23:50.332 [info] > git status -z -uall [18ms]
2025-08-10 12:23:50.624 [info] > git fetch [342ms]
2025-08-10 12:23:50.648 [info] > git config --get commit.template [11ms]
2025-08-10 12:23:50.650 [info] > git for-each-ref --format=%(refname)%00%(upstream:short)%00%(objectname)%00%(upstream:track)%00%(upstream:remotename)%00%(upstream:remoteref) refs/heads/main refs/remotes/main [2ms]
2025-08-10 12:23:50.679 [info] > git status -z -uall [17ms]
2025-08-10 12:23:50.679 [info] > git for-each-ref --sort -committerdate --format %(refname)%00%(objectname)%00%(*objectname) [3ms]
2025-08-10 12:23:55.361 [info] > git config --get commit.template [12ms]
2025-08-10 12:23:55.363 [info] > git for-each-ref --format=%(refname)%00%(upstream:short)%00%(objectname)%00%(upstream:track)%00%(upstream:remotename)%00%(upstream:remoteref) refs/heads/main refs/remotes/main [2ms]
2025-08-10 12:23:55.385 [info] > git for-each-ref --sort -committerdate --format %(refname)%00%(objectname)%00%(*objectname) [3ms]
2025-08-10 12:23:55.388 [info] > git status -z -uall [15ms]
2025-08-10 12:24:00.420 [info] > git config --get commit.template [14ms]
2025-08-10 12:24:00.422 [info] > git for-each-ref --format=%(refname)%00%(upstream:short)%00%(objectname)%00%(upstream:track)%00%(upstream:remotename)%00%(upstream:remoteref) refs/heads/main refs/remotes/main [3ms]
2025-08-10 12:24:00.450 [info] > git status -z -uall [16ms]
2025-08-10 12:24:00.451 [info] > git for-each-ref --sort -committerdate --format %(refname)%00%(objectname)%00%(*objectname) [4ms]
2025-08-10 12:24:05.470 [info] > git config --get commit.template [3ms]
2025-08-10 12:24:05.483 [info] > git for-each-ref --format=%(refname)%00%(upstream:short)%00%(objectname)%00%(upstream:track)%00%(upstream:remotename)%00%(upstream:remoteref) refs/heads/main refs/remotes/main [2ms]
2025-08-10 12:24:05.504 [info] > git for-each-ref --sort -committerdate --format %(refname)%00%(objectname)%00%(*objectname) [3ms]
2025-08-10 12:24:05.507 [info] > git status -z -uall [14ms]
2025-08-10 12:24:10.535 [info] > git config --get commit.template [11ms]
2025-08-10 12:24:10.537 [info] > git for-each-ref --format=%(refname)%00%(upstream:short)%00%(objectname)%00%(upstream:track)%00%(upstream:remotename)%00%(upstream:remoteref) refs/heads/main refs/remotes/main [2ms]
2025-08-10 12:24:10.559 [info] > git for-each-ref --sort -committerdate --format %(refname)%00%(objectname)%00%(*objectname) [3ms]
2025-08-10 12:24:10.563 [info] > git status -z -uall [17ms]
2025-08-10 12:24:15.593 [info] > git config --get commit.template [12ms]
2025-08-10 12:24:15.594 [info] > git for-each-ref --format=%(refname)%00%(upstream:short)%00%(objectname)%00%(upstream:track)%00%(upstream:remotename)%00%(upstream:remoteref) refs/heads/main refs/remotes/main [3ms]
2025-08-10 12:24:15.619 [info] > git for-each-ref --sort -committerdate --format %(refname)%00%(objectname)%00%(*objectname) [3ms]
2025-08-10 12:24:15.621 [info] > git status -z -uall [16ms]
2025-08-10 12:24:20.652 [info] > git config --get commit.template [15ms]
2025-08-10 12:24:20.655 [info] > git for-each-ref --format=%(refname)%00%(upstream:short)%00%(objectname)%00%(upstream:track)%00%(upstream:remotename)%00%(upstream:remoteref) refs/heads/main refs/remotes/main [3ms]
2025-08-10 12:24:20.684 [info] > git for-each-ref --sort -committerdate --format %(refname)%00%(objectname)%00%(*objectname) [3ms]
2025-08-10 12:24:20.687 [info] > git status -z -uall [17ms]
2025-08-10 12:24:28.197 [info] > git config --get commit.template [1ms]
2025-08-10 12:24:28.211 [info] > git for-each-ref --format=%(refname)%00%(upstream:short)%00%(objectname)%00%(upstream:track)%00%(upstream:remotename)%00%(upstream:remoteref) refs/heads/main refs/remotes/main [2ms]
2025-08-10 12:24:28.237 [info] > git status -z -uall [15ms]
2025-08-10 12:24:28.239 [info] > git for-each-ref --sort -committerdate --format %(refname)%00%(objectname)%00%(*objectname) [4ms]
2025-08-10 12:24:42.857 [info] > git config --get commit.template [13ms]
2025-08-10 12:24:42.860 [info] > git for-each-ref --format=%(refname)%00%(upstream:short)%00%(objectname)%00%(upstream:track)%00%(upstream:remotename)%00%(upstream:remoteref) refs/heads/main refs/remotes/main [3ms]
2025-08-10 12:24:42.882 [info] > git for-each-ref --sort -committerdate --format %(refname)%00%(objectname)%00%(*objectname) [2ms]
2025-08-10 12:24:42.885 [info] > git status -z -uall [15ms]
2025-08-10 12:24:47.933 [info] > git for-each-ref --format=%(refname)%00%(upstream:short)%00%(objectname)%00%(upstream:track)%00%(upstream:remotename)%00%(upstream:remoteref) refs/heads/main refs/remotes/main [1ms]
2025-08-10 12:24:47.941 [info] > git config --get commit.template [28ms]
2025-08-10 12:24:47.980 [info] > git status -z -uall [19ms]
2025-08-10 12:24:47.980 [info] > git for-each-ref --sort -committerdate --format %(refname)%00%(objectname)%00%(*objectname) [5ms]
2025-08-10 12:24:54.402 [info] > git config --get commit.template [2ms]
2025-08-10 12:24:54.417 [info] > git for-each-ref --format=%(refname)%00%(upstream:short)%00%(objectname)%00%(upstream:track)%00%(upstream:remotename)%00%(upstream:remoteref) refs/heads/main refs/remotes/main [4ms]
2025-08-10 12:24:54.459 [info] > git status -z -uall [16ms]
2025-08-10 12:24:54.460 [info] > git for-each-ref --sort -committerdate --format %(refname)%00%(objectname)%00%(*objectname) [4ms]
2025-08-10 12:25:10.660 [info] > git config --get commit.template [2ms]
2025-08-10 12:25:10.674 [info] > git for-each-ref --format=%(refname)%00%(upstream:short)%00%(objectname)%00%(upstream:track)%00%(upstream:remotename)%00%(upstream:remoteref) refs/heads/main refs/remotes/main [2ms]
2025-08-10 12:25:10.705 [info] > git status -z -uall [17ms]
2025-08-10 12:25:10.707 [info] > git for-each-ref --sort -committerdate --format %(refname)%00%(objectname)%00%(*objectname) [3ms]
2025-08-10 12:25:18.059 [info] > git config --get commit.template [18ms]
2025-08-10 12:25:18.060 [info] > git for-each-ref --format=%(refname)%00%(upstream:short)%00%(objectname)%00%(upstream:track)%00%(upstream:remotename)%00%(upstream:remoteref) refs/heads/main refs/remotes/main [2ms]
2025-08-10 12:25:18.088 [info] > git for-each-ref --sort -committerdate --format %(refname)%00%(objectname)%00%(*objectname) [3ms]
2025-08-10 12:25:18.089 [info] > git status -z -uall [16ms]
2025-08-10 12:25:23.567 [info] > git config --get commit.template [13ms]
2025-08-10 12:25:23.569 [info] > git for-each-ref --format=%(refname)%00%(upstream:short)%00%(objectname)%00%(upstream:track)%00%(upstream:remotename)%00%(upstream:remoteref) refs/heads/main refs/remotes/main [3ms]
2025-08-10 12:25:23.602 [info] > git status -z -uall [18ms]
2025-08-10 12:25:23.602 [info] > git for-each-ref --sort -committerdate --format %(refname)%00%(objectname)%00%(*objectname) [4ms]
2025-08-10 12:25:36.567 [info] > git config --get commit.template [12ms]
2025-08-10 12:25:36.569 [info] > git for-each-ref --format=%(refname)%00%(upstream:short)%00%(objectname)%00%(upstream:track)%00%(upstream:remotename)%00%(upstream:remoteref) refs/heads/main refs/remotes/main [2ms]
2025-08-10 12:25:36.594 [info] > git for-each-ref --sort -committerdate --format %(refname)%00%(objectname)%00%(*objectname) [3ms]
2025-08-10 12:25:36.596 [info] > git status -z -uall [16ms]
2025-08-10 12:25:49.777 [info] > git config --get commit.template [4ms]
2025-08-10 12:25:49.794 [info] > git for-each-ref --format=%(refname)%00%(upstream:short)%00%(objectname)%00%(upstream:track)%00%(upstream:remotename)%00%(upstream:remoteref) refs/heads/main refs/remotes/main [3ms]
2025-08-10 12:25:49.826 [info] > git status -z -uall [20ms]
2025-08-10 12:25:49.827 [info] > git for-each-ref --sort -committerdate --format %(refname)%00%(objectname)%00%(*objectname) [5ms]
2025-08-10 12:25:56.844 [info] > git config --get commit.template [19ms]
2025-08-10 12:25:56.846 [info] > git for-each-ref --format=%(refname)%00%(upstream:short)%00%(objectname)%00%(upstream:track)%00%(upstream:remotename)%00%(upstream:remoteref) refs/heads/main refs/remotes/main [3ms]
2025-08-10 12:25:56.878 [info] > git status -z -uall [17ms]
2025-08-10 12:25:56.880 [info] > git for-each-ref --sort -committerdate --format %(refname)%00%(objectname)%00%(*objectname) [3ms]
2025-08-10 12:26:51.039 [info] > git fetch [343ms]
2025-08-10 12:26:51.067 [info] > git config --get commit.template [13ms]
2025-08-10 12:26:51.069 [info] > git for-each-ref --format=%(refname)%00%(upstream:short)%00%(objectname)%00%(upstream:track)%00%(upstream:remotename)%00%(upstream:remoteref) refs/heads/main refs/remotes/main [3ms]
2025-08-10 12:26:51.093 [info] > git for-each-ref --sort -committerdate --format %(refname)%00%(objectname)%00%(*objectname) [3ms]
2025-08-10 12:26:51.094 [info] > git status -z -uall [15ms]
2025-08-10 12:26:52.517 [info] > git config --get commit.template [17ms]
2025-08-10 12:26:52.518 [info] > git for-each-ref --format=%(refname)%00%(upstream:short)%00%(objectname)%00%(upstream:track)%00%(upstream:remotename)%00%(upstream:remoteref) refs/heads/main refs/remotes/main [4ms]
2025-08-10 12:26:52.548 [info] > git status -z -uall [17ms]
2025-08-10 12:26:52.552 [info] > git for-each-ref --sort -committerdate --format %(refname)%00%(objectname)%00%(*objectname) [5ms]
2025-08-10 12:26:57.585 [info] > git config --get commit.template [13ms]
2025-08-10 12:26:57.587 [info] > git for-each-ref --format=%(refname)%00%(upstream:short)%00%(objectname)%00%(upstream:track)%00%(upstream:remotename)%00%(upstream:remoteref) refs/heads/main refs/remotes/main [3ms]
2025-08-10 12:26:57.611 [info] > git for-each-ref --sort -committerdate --format %(refname)%00%(objectname)%00%(*objectname) [3ms]
2025-08-10 12:26:57.614 [info] > git status -z -uall [16ms]
2025-08-10 12:27:02.647 [info] > git config --get commit.template [14ms]
2025-08-10 12:27:02.648 [info] > git for-each-ref --format=%(refname)%00%(upstream:short)%00%(objectname)%00%(upstream:track)%00%(upstream:remotename)%00%(upstream:remoteref) refs/heads/main refs/remotes/main [3ms]
2025-08-10 12:27:02.680 [info] > git for-each-ref --sort -committerdate --format %(refname)%00%(objectname)%00%(*objectname) [3ms]
2025-08-10 12:27:02.681 [info] > git status -z -uall [17ms]
2025-08-10 12:27:07.715 [info] > git config --get commit.template [15ms]
2025-08-10 12:27:07.717 [info] > git for-each-ref --format=%(refname)%00%(upstream:short)%00%(objectname)%00%(upstream:track)%00%(upstream:remotename)%00%(upstream:remoteref) refs/heads/main refs/remotes/main [3ms]
2025-08-10 12:27:07.748 [info] > git for-each-ref --sort -committerdate --format %(refname)%00%(objectname)%00%(*objectname) [3ms]
2025-08-10 12:27:07.750 [info] > git status -z -uall [18ms]
2025-08-10 12:27:12.783 [info] > git config --get commit.template [13ms]
2025-08-10 12:27:12.784 [info] > git for-each-ref --format=%(refname)%00%(upstream:short)%00%(objectname)%00%(upstream:track)%00%(upstream:remotename)%00%(upstream:remoteref) refs/heads/main refs/remotes/main [3ms]
2025-08-10 12:27:12.808 [info] > git for-each-ref --sort -committerdate --format %(refname)%00%(objectname)%00%(*objectname) [3ms]
2025-08-10 12:27:12.809 [info] > git status -z -uall [15ms]
2025-08-10 12:29:52.226 [info] > git fetch [311ms]
2025-08-10 12:29:52.249 [info] > git config --get commit.template [10ms]
2025-08-10 12:29:52.252 [info] > git for-each-ref --format=%(refname)%00%(upstream:short)%00%(objectname)%00%(upstream:track)%00%(upstream:remotename)%00%(upstream:remoteref) refs/heads/main refs/remotes/main [2ms]
2025-08-10 12:29:52.274 [info] > git for-each-ref --sort -committerdate --format %(refname)%00%(objectname)%00%(*objectname) [3ms]
2025-08-10 12:29:52.278 [info] > git status -z -uall [17ms]
2025-08-10 12:29:53.720 [info] > git config --get commit.template [10ms]
2025-08-10 12:29:53.721 [info] > git for-each-ref --format=%(refname)%00%(upstream:short)%00%(objectname)%00%(upstream:track)%00%(upstream:remotename)%00%(upstream:remoteref) refs/heads/main refs/remotes/main [2ms]
2025-08-10 12:29:53.746 [info] > git status -z -uall [15ms]
2025-08-10 12:29:53.747 [info] > git for-each-ref --sort -committerdate --format %(refname)%00%(objectname)%00%(*objectname) [4ms]
2025-08-10 12:30:20.546 [info] > git config --get commit.template [16ms]
2025-08-10 12:30:20.548 [info] > git for-each-ref --format=%(refname)%00%(upstream:short)%00%(objectname)%00%(upstream:track)%00%(upstream:remotename)%00%(upstream:remoteref) refs/heads/main refs/remotes/main [3ms]
2025-08-10 12:30:20.622 [info] > git for-each-ref --sort -committerdate --format %(refname)%00%(objectname)%00%(*objectname) [4ms]
2025-08-10 12:30:20.629 [info] > git status -z -uall [66ms]
2025-08-10 12:30:33.289 [info] > git config --get commit.template [11ms]
2025-08-10 12:30:33.293 [info] > git for-each-ref --format=%(refname)%00%(upstream:short)%00%(objectname)%00%(upstream:track)%00%(upstream:remotename)%00%(upstream:remoteref) refs/heads/main refs/remotes/main [6ms]
2025-08-10 12:30:33.332 [info] > git status -z -uall [23ms]
2025-08-10 12:30:33.334 [info] > git for-each-ref --sort -committerdate --format %(refname)%00%(objectname)%00%(*objectname) [3ms]
2025-08-10 12:30:59.943 [info] > git config --get commit.template [12ms]
2025-08-10 12:30:59.945 [info] > git for-each-ref --format=%(refname)%00%(upstream:short)%00%(objectname)%00%(upstream:track)%00%(upstream:remotename)%00%(upstream:remoteref) refs/heads/main refs/remotes/main [3ms]
2025-08-10 12:30:59.971 [info] > git for-each-ref --sort -committerdate --format %(refname)%00%(objectname)%00%(*objectname) [4ms]
2025-08-10 12:30:59.971 [info] > git status -z -uall [17ms]
2025-08-10 12:31:05.004 [info] > git config --get commit.template [14ms]
2025-08-10 12:31:05.005 [info] > git for-each-ref --format=%(refname)%00%(upstream:short)%00%(objectname)%00%(upstream:track)%00%(upstream:remotename)%00%(upstream:remoteref) refs/heads/main refs/remotes/main [3ms]
2025-08-10 12:31:05.036 [info] > git status -z -uall [18ms]
2025-08-10 12:31:05.036 [info] > git for-each-ref --sort -committerdate --format %(refname)%00%(objectname)%00%(*objectname) [4ms]
2025-08-10 12:31:32.805 [info] > git config --get commit.template [14ms]
2025-08-10 12:31:32.807 [info] > git for-each-ref --format=%(refname)%00%(upstream:short)%00%(objectname)%00%(upstream:track)%00%(upstream:remotename)%00%(upstream:remoteref) refs/heads/main refs/remotes/main [2ms]
2025-08-10 12:31:32.835 [info] > git status -z -uall [15ms]
2025-08-10 12:31:32.837 [info] > git for-each-ref --sort -committerdate --format %(refname)%00%(objectname)%00%(*objectname) [4ms]
2025-08-10 12:31:41.945 [info] > git config --get commit.template [17ms]
2025-08-10 12:31:41.947 [info] > git for-each-ref --format=%(refname)%00%(upstream:short)%00%(objectname)%00%(upstream:track)%00%(upstream:remotename)%00%(upstream:remoteref) refs/heads/main refs/remotes/main [3ms]
2025-08-10 12:31:42.030 [info] > git status -z -uall [17ms]
2025-08-10 12:31:42.032 [info] > git for-each-ref --sort -committerdate --format %(refname)%00%(objectname)%00%(*objectname) [4ms]
2025-08-10 12:32:05.288 [info] > git config --get commit.template [3ms]
2025-08-10 12:32:05.305 [info] > git for-each-ref --format=%(refname)%00%(upstream:short)%00%(objectname)%00%(upstream:track)%00%(upstream:remotename)%00%(upstream:remoteref) refs/heads/main refs/remotes/main [3ms]
2025-08-10 12:32:05.338 [info] > git status -z -uall [18ms]
2025-08-10 12:32:05.339 [info] > git for-each-ref --sort -committerdate --format %(refname)%00%(objectname)%00%(*objectname) [4ms]
2025-08-10 12:32:10.943 [info] > git config --get commit.template [13ms]
2025-08-10 12:32:10.945 [info] > git for-each-ref --format=%(refname)%00%(upstream:short)%00%(objectname)%00%(upstream:track)%00%(upstream:remotename)%00%(upstream:remoteref) refs/heads/main refs/remotes/main [3ms]
2025-08-10 12:32:10.967 [info] > git for-each-ref --sort -committerdate --format %(refname)%00%(objectname)%00%(*objectname) [3ms]
2025-08-10 12:32:10.970 [info] > git status -z -uall [15ms]
2025-08-10 12:32:20.893 [info] > git config --get commit.template [15ms]
2025-08-10 12:32:20.895 [info] > git for-each-ref --format=%(refname)%00%(upstream:short)%00%(objectname)%00%(upstream:track)%00%(upstream:remotename)%00%(upstream:remoteref) refs/heads/main refs/remotes/main [3ms]
2025-08-10 12:32:20.923 [info] > git for-each-ref --sort -committerdate --format %(refname)%00%(objectname)%00%(*objectname) [3ms]
2025-08-10 12:32:20.923 [info] > git status -z -uall [16ms]
2025-08-10 12:32:32.788 [info] > git config --get commit.template [15ms]
2025-08-10 12:32:32.790 [info] > git for-each-ref --format=%(refname)%00%(upstream:short)%00%(objectname)%00%(upstream:track)%00%(upstream:remotename)%00%(upstream:remoteref) refs/heads/main refs/remotes/main [3ms]
2025-08-10 12:32:32.820 [info] > git status -z -uall [17ms]
2025-08-10 12:32:32.822 [info] > git for-each-ref --sort -committerdate --format %(refname)%00%(objectname)%00%(*objectname) [4ms]
2025-08-10 12:32:43.165 [info] > git config --get commit.template [3ms]
2025-08-10 12:32:43.181 [info] > git for-each-ref --format=%(refname)%00%(upstream:short)%00%(objectname)%00%(upstream:track)%00%(upstream:remotename)%00%(upstream:remoteref) refs/heads/main refs/remotes/main [2ms]
2025-08-10 12:32:43.215 [info] > git for-each-ref --sort -committerdate --format %(refname)%00%(objectname)%00%(*objectname) [4ms]
2025-08-10 12:32:43.215 [info] > git status -z -uall [21ms]
2025-08-10 12:32:56.586 [info] > git config --get commit.template [3ms]
2025-08-10 12:32:56.603 [info] > git for-each-ref --format=%(refname)%00%(upstream:short)%00%(objectname)%00%(upstream:track)%00%(upstream:remotename)%00%(upstream:remoteref) refs/heads/main refs/remotes/main [3ms]
2025-08-10 12:32:56.632 [info] > git for-each-ref --sort -committerdate --format %(refname)%00%(objectname)%00%(*objectname) [3ms]
2025-08-10 12:32:56.634 [info] > git status -z -uall [18ms]
2025-08-10 12:32:56.890 [info] > git fetch [320ms]
2025-08-10 12:32:56.920 [info] > git config --get commit.template [16ms]
2025-08-10 12:32:56.923 [info] > git for-each-ref --format=%(refname)%00%(upstream:short)%00%(objectname)%00%(upstream:track)%00%(upstream:remotename)%00%(upstream:remoteref) refs/heads/main refs/remotes/main [3ms]
2025-08-10 12:32:56.956 [info] > git for-each-ref --sort -committerdate --format %(refname)%00%(objectname)%00%(*objectname) [3ms]
2025-08-10 12:32:56.956 [info] > git status -z -uall [17ms]
2025-08-10 12:33:01.665 [info] > git config --get commit.template [14ms]
2025-08-10 12:33:01.668 [info] > git for-each-ref --format=%(refname)%00%(upstream:short)%00%(objectname)%00%(upstream:track)%00%(upstream:remotename)%00%(upstream:remoteref) refs/heads/main refs/remotes/main [4ms]
2025-08-10 12:33:01.699 [info] > git status -z -uall [14ms]
2025-08-10 12:33:01.700 [info] > git for-each-ref --sort -committerdate --format %(refname)%00%(objectname)%00%(*objectname) [3ms]
2025-08-10 12:33:24.031 [info] > git config --get commit.template [12ms]
2025-08-10 12:33:24.032 [info] > git for-each-ref --format=%(refname)%00%(upstream:short)%00%(objectname)%00%(upstream:track)%00%(upstream:remotename)%00%(upstream:remoteref) refs/heads/main refs/remotes/main [2ms]
2025-08-10 12:33:24.063 [info] > git status -z -uall [18ms]
2025-08-10 12:33:24.064 [info] > git for-each-ref --sort -committerdate --format %(refname)%00%(objectname)%00%(*objectname) [3ms]
2025-08-10 12:33:38.687 [info] > git config --get commit.template [2ms]
2025-08-10 12:33:38.702 [info] > git for-each-ref --format=%(refname)%00%(upstream:short)%00%(objectname)%00%(upstream:track)%00%(upstream:remotename)%00%(upstream:remoteref) refs/heads/main refs/remotes/main [3ms]
2025-08-10 12:33:38.730 [info] > git for-each-ref --sort -committerdate --format %(refname)%00%(objectname)%00%(*objectname) [3ms]
2025-08-10 12:33:38.731 [info] > git status -z -uall [16ms]
2025-08-10 12:33:46.930 [info] > git config --get commit.template [16ms]
2025-08-10 12:33:46.932 [info] > git for-each-ref --format=%(refname)%00%(upstream:short)%00%(objectname)%00%(upstream:track)%00%(upstream:remotename)%00%(upstream:remoteref) refs/heads/main refs/remotes/main [3ms]
2025-08-10 12:33:46.963 [info] > git for-each-ref --sort -committerdate --format %(refname)%00%(objectname)%00%(*objectname) [3ms]
2025-08-10 12:33:46.963 [info] > git status -z -uall [15ms]
2025-08-10 12:34:43.500 [info] > git config --get commit.template [10ms]
2025-08-10 12:34:43.502 [info] > git for-each-ref --format=%(refname)%00%(upstream:short)%00%(objectname)%00%(upstream:track)%00%(upstream:remotename)%00%(upstream:remoteref) refs/heads/main refs/remotes/main [3ms]
2025-08-10 12:34:43.523 [info] > git for-each-ref --sort -committerdate --format %(refname)%00%(objectname)%00%(*objectname) [3ms]
2025-08-10 12:34:43.526 [info] > git status -z -uall [15ms]
2025-08-10 12:34:52.185 [info] > git config --get commit.template [17ms]
2025-08-10 12:34:52.186 [info] > git for-each-ref --format=%(refname)%00%(upstream:short)%00%(objectname)%00%(upstream:track)%00%(upstream:remotename)%00%(upstream:remoteref) refs/heads/main refs/remotes/main [3ms]
2025-08-10 12:34:52.227 [info] > git status -z -uall [28ms]
2025-08-10 12:34:52.228 [info] > git for-each-ref --sort -committerdate --format %(refname)%00%(objectname)%00%(*objectname) [3ms]
2025-08-10 12:35:00.483 [info] > git config --get commit.template [15ms]
2025-08-10 12:35:00.484 [info] > git for-each-ref --format=%(refname)%00%(upstream:short)%00%(objectname)%00%(upstream:track)%00%(upstream:remotename)%00%(upstream:remoteref) refs/heads/main refs/remotes/main [2ms]
2025-08-10 12:35:00.513 [info] > git for-each-ref --sort -committerdate --format %(refname)%00%(objectname)%00%(*objectname) [3ms]
2025-08-10 12:35:00.515 [info] > git status -z -uall [16ms]
2025-08-10 12:35:08.326 [info] > git config --get commit.template [15ms]
2025-08-10 12:35:08.327 [info] > git for-each-ref --format=%(refname)%00%(upstream:short)%00%(objectname)%00%(upstream:track)%00%(upstream:remotename)%00%(upstream:remoteref) refs/heads/main refs/remotes/main [2ms]
2025-08-10 12:35:08.354 [info] > git for-each-ref --sort -committerdate --format %(refname)%00%(objectname)%00%(*objectname) [4ms]
2025-08-10 12:35:08.357 [info] > git status -z -uall [16ms]
2025-08-10 12:35:20.865 [info] > git config --get commit.template [19ms]
2025-08-10 12:35:20.866 [info] > git for-each-ref --format=%(refname)%00%(upstream:short)%00%(objectname)%00%(upstream:track)%00%(upstream:remotename)%00%(upstream:remoteref) refs/heads/main refs/remotes/main [4ms]
2025-08-10 12:35:20.913 [info] > git status -z -uall [32ms]
2025-08-10 12:35:20.913 [info] > git for-each-ref --sort -committerdate --format %(refname)%00%(objectname)%00%(*objectname) [18ms]
2025-08-10 12:35:34.936 [info] > git config --get commit.template [12ms]
2025-08-10 12:35:34.939 [info] > git for-each-ref --format=%(refname)%00%(upstream:short)%00%(objectname)%00%(upstream:track)%00%(upstream:remotename)%00%(upstream:remoteref) refs/heads/main refs/remotes/main [3ms]
2025-08-10 12:35:34.969 [info] > git for-each-ref --sort -committerdate --format %(refname)%00%(objectname)%00%(*objectname) [4ms]
2025-08-10 12:35:34.969 [info] > git status -z -uall [18ms]
2025-08-10 12:35:41.936 [info] > git config --get commit.template [16ms]
2025-08-10 12:35:41.939 [info] > git for-each-ref --format=%(refname)%00%(upstream:short)%00%(objectname)%00%(upstream:track)%00%(upstream:remotename)%00%(upstream:remoteref) refs/heads/main refs/remotes/main [2ms]
2025-08-10 12:35:41.970 [info] > git status -z -uall [16ms]
2025-08-10 12:35:41.971 [info] > git for-each-ref --sort -committerdate --format %(refname)%00%(objectname)%00%(*objectname) [3ms]
2025-08-10 12:36:36.050 [info] > git config --get commit.template [13ms]
2025-08-10 12:36:36.051 [info] > git for-each-ref --format=%(refname)%00%(upstream:short)%00%(objectname)%00%(upstream:track)%00%(upstream:remotename)%00%(upstream:remoteref) refs/heads/main refs/remotes/main [2ms]
2025-08-10 12:36:36.080 [info] > git status -z -uall [15ms]
2025-08-10 12:36:36.081 [info] > git for-each-ref --sort -committerdate --format %(refname)%00%(objectname)%00%(*objectname) [3ms]
2025-08-10 12:36:36.339 [info] > git fetch [317ms]
2025-08-10 12:36:36.366 [info] > git config --get commit.template [13ms]
2025-08-10 12:36:36.370 [info] > git for-each-ref --format=%(refname)%00%(upstream:short)%00%(objectname)%00%(upstream:track)%00%(upstream:remotename)%00%(upstream:remoteref) refs/heads/main refs/remotes/main [5ms]
2025-08-10 12:36:36.397 [info] > git status -z -uall [17ms]
2025-08-10 12:36:36.397 [info] > git for-each-ref --sort -committerdate --format %(refname)%00%(objectname)%00%(*objectname) [4ms]
2025-08-10 12:36:41.112 [info] > git config --get commit.template [11ms]
2025-08-10 12:36:41.113 [info] > git for-each-ref --format=%(refname)%00%(upstream:short)%00%(objectname)%00%(upstream:track)%00%(upstream:remotename)%00%(upstream:remoteref) refs/heads/main refs/remotes/main [3ms]
2025-08-10 12:36:41.144 [info] > git for-each-ref --sort -committerdate --format %(refname)%00%(objectname)%00%(*objectname) [3ms]
2025-08-10 12:36:41.145 [info] > git status -z -uall [16ms]
2025-08-10 12:36:57.585 [info] > git config --get commit.template [13ms]
2025-08-10 12:36:57.586 [info] > git for-each-ref --format=%(refname)%00%(upstream:short)%00%(objectname)%00%(upstream:track)%00%(upstream:remotename)%00%(upstream:remoteref) refs/heads/main refs/remotes/main [2ms]
2025-08-10 12:36:57.609 [info] > git for-each-ref --sort -committerdate --format %(refname)%00%(objectname)%00%(*objectname) [3ms]
2025-08-10 12:36:57.612 [info] > git status -z -uall [16ms]
2025-08-10 12:37:02.652 [info] > git for-each-ref --format=%(refname)%00%(upstream:short)%00%(objectname)%00%(upstream:track)%00%(upstream:remotename)%00%(upstream:remoteref) refs/heads/main refs/remotes/main [5ms]
2025-08-10 12:37:02.652 [info] > git config --get commit.template [20ms]
2025-08-10 12:37:02.686 [info] > git for-each-ref --sort -committerdate --format %(refname)%00%(objectname)%00%(*objectname) [4ms]
2025-08-10 12:37:02.688 [info] > git status -z -uall [19ms]
2025-08-10 12:37:07.729 [info] > git config --get commit.template [24ms]
2025-08-10 12:37:07.732 [info] > git for-each-ref --format=%(refname)%00%(upstream:short)%00%(objectname)%00%(upstream:track)%00%(upstream:remotename)%00%(upstream:remoteref) refs/heads/main refs/remotes/main [3ms]
2025-08-10 12:37:07.760 [info] > git for-each-ref --sort -committerdate --format %(refname)%00%(objectname)%00%(*objectname) [4ms]
2025-08-10 12:37:07.761 [info] > git status -z -uall [16ms]
2025-08-10 12:37:12.941 [info] > git config --get commit.template [15ms]
2025-08-10 12:37:12.942 [info] > git for-each-ref --format=%(refname)%00%(upstream:short)%00%(objectname)%00%(upstream:track)%00%(upstream:remotename)%00%(upstream:remoteref) refs/heads/main refs/remotes/main [3ms]
2025-08-10 12:37:12.968 [info] > git for-each-ref --sort -committerdate --format %(refname)%00%(objectname)%00%(*objectname) [3ms]
2025-08-10 12:37:12.970 [info] > git status -z -uall [16ms]
2025-08-10 12:37:34.276 [info] > git config --get commit.template [15ms]
2025-08-10 12:37:34.278 [info] > git for-each-ref --format=%(refname)%00%(upstream:short)%00%(objectname)%00%(upstream:track)%00%(upstream:remotename)%00%(upstream:remoteref) refs/heads/main refs/remotes/main [4ms]
2025-08-10 12:37:34.316 [info] > git status -z -uall [22ms]
2025-08-10 12:37:34.316 [info] > git for-each-ref --sort -committerdate --format %(refname)%00%(objectname)%00%(*objectname) [8ms]
2025-08-10 12:37:39.364 [info] > git config --get commit.template [12ms]
2025-08-10 12:37:39.367 [info] > git for-each-ref --format=%(refname)%00%(upstream:short)%00%(objectname)%00%(upstream:track)%00%(upstream:remotename)%00%(upstream:remoteref) refs/heads/main refs/remotes/main [3ms]
2025-08-10 12:37:39.389 [info] > git for-each-ref --sort -committerdate --format %(refname)%00%(objectname)%00%(*objectname) [3ms]
2025-08-10 12:37:39.391 [info] > git status -z -uall [15ms]
2025-08-10 12:37:44.425 [info] > git config --get commit.template [18ms]
2025-08-10 12:37:44.432 [info] > git for-each-ref --format=%(refname)%00%(upstream:short)%00%(objectname)%00%(upstream:track)%00%(upstream:remotename)%00%(upstream:remoteref) refs/heads/main refs/remotes/main [8ms]
2025-08-10 12:37:44.465 [info] > git for-each-ref --sort -committerdate --format %(refname)%00%(objectname)%00%(*objectname) [3ms]
2025-08-10 12:37:44.467 [info] > git status -z -uall [16ms]
2025-08-10 12:37:49.493 [info] > git config --get commit.template [11ms]
2025-08-10 12:37:49.495 [info] > git for-each-ref --format=%(refname)%00%(upstream:short)%00%(objectname)%00%(upstream:track)%00%(upstream:remotename)%00%(upstream:remoteref) refs/heads/main refs/remotes/main [3ms]
2025-08-10 12:37:49.531 [info] > git status -z -uall [24ms]
2025-08-10 12:37:49.534 [info] > git for-each-ref --sort -committerdate --format %(refname)%00%(objectname)%00%(*objectname) [4ms]
2025-08-10 12:37:54.569 [info] > git config --get commit.template [13ms]
2025-08-10 12:37:54.571 [info] > git for-each-ref --format=%(refname)%00%(upstream:short)%00%(objectname)%00%(upstream:track)%00%(upstream:remotename)%00%(upstream:remoteref) refs/heads/main refs/remotes/main [2ms]
2025-08-10 12:37:54.603 [info] > git status -z -uall [18ms]
2025-08-10 12:37:54.604 [info] > git for-each-ref --sort -committerdate --format %(refname)%00%(objectname)%00%(*objectname) [5ms]
2025-08-10 12:37:59.630 [info] > git config --get commit.template [1ms]
2025-08-10 12:37:59.657 [info] > git for-each-ref --format=%(refname)%00%(upstream:short)%00%(objectname)%00%(upstream:track)%00%(upstream:remotename)%00%(upstream:remoteref) refs/heads/main refs/remotes/main [3ms]
2025-08-10 12:37:59.682 [info] > git for-each-ref --sort -committerdate --format %(refname)%00%(objectname)%00%(*objectname) [2ms]
2025-08-10 12:37:59.684 [info] > git status -z -uall [16ms]
2025-08-10 12:38:04.710 [info] > git config --get commit.template [10ms]
2025-08-10 12:38:04.711 [info] > git for-each-ref --format=%(refname)%00%(upstream:short)%00%(objectname)%00%(upstream:track)%00%(upstream:remotename)%00%(upstream:remoteref) refs/heads/main refs/remotes/main [2ms]
2025-08-10 12:38:04.746 [info] > git for-each-ref --sort -committerdate --format %(refname)%00%(objectname)%00%(*objectname) [4ms]
2025-08-10 12:38:04.749 [info] > git status -z -uall [23ms]
2025-08-10 12:38:26.046 [info] > git config --get commit.template [15ms]
2025-08-10 12:38:26.048 [info] > git for-each-ref --format=%(refname)%00%(upstream:short)%00%(objectname)%00%(upstream:track)%00%(upstream:remotename)%00%(upstream:remoteref) refs/heads/main refs/remotes/main [3ms]
2025-08-10 12:38:26.078 [info] > git status -z -uall [15ms]
2025-08-10 12:38:26.079 [info] > git for-each-ref --sort -committerdate --format %(refname)%00%(objectname)%00%(*objectname) [3ms]
