2025-08-08 09:19:59.932 [info] [main] Log level: Info
2025-08-08 09:19:59.932 [info] [main] Validating found git in: "git"
2025-08-08 09:19:59.932 [info] [main] Using git "2.49.0" from "git"
2025-08-08 09:19:59.932 [info] [Model][doInitialScan] Initial repository scan started
2025-08-08 09:19:59.932 [info] > git rev-parse --show-toplevel [31ms]
2025-08-08 09:19:59.932 [info] > git rev-parse --git-dir --git-common-dir [92ms]
2025-08-08 09:19:59.932 [info] [Model][openRepository] Opened repository (path): /workspace/Website-starter
2025-08-08 09:19:59.932 [info] [Model][openRepository] Opened repository (real path): /workspace/Website-starter
2025-08-08 09:19:59.932 [info] > git rev-parse --show-toplevel [7ms]
2025-08-08 09:19:59.932 [info] > git config --get commit.template [16ms]
2025-08-08 09:19:59.932 [info] > git for-each-ref --format=%(refname)%00%(upstream:short)%00%(objectname)%00%(upstream:track)%00%(upstream:remotename)%00%(upstream:remoteref) refs/heads/main refs/remotes/main [11ms]
2025-08-08 09:19:59.932 [info] > git rev-parse --show-toplevel [24ms]
2025-08-08 09:19:59.932 [info] > git rev-parse --show-toplevel [20ms]
2025-08-08 09:19:59.932 [info] > git status -z -uall [57ms]
2025-08-08 09:19:59.932 [info] > git for-each-ref --sort -committerdate --format %(refname)%00%(objectname)%00%(*objectname) [49ms]
2025-08-08 09:19:59.932 [info] > git for-each-ref --format=%(refname)%00%(upstream:short)%00%(objectname)%00%(upstream:track)%00%(upstream:remotename)%00%(upstream:remoteref) refs/heads/main refs/remotes/main [12ms]
2025-08-08 09:19:59.932 [info] > git rev-parse --show-toplevel [59ms]
2025-08-08 09:19:59.932 [info] > git config --get --local branch.main.vscode-merge-base [48ms]
2025-08-08 09:19:59.932 [info] > git config --get commit.template [67ms]
2025-08-08 09:19:59.932 [info] > git for-each-ref --format=%(refname)%00%(upstream:short)%00%(objectname)%00%(upstream:track)%00%(upstream:remotename)%00%(upstream:remoteref) refs/heads/origin/main refs/remotes/origin/main [2048ms]
2025-08-08 09:19:59.932 [info] > git rev-parse --show-toplevel [2102ms]
2025-08-08 09:19:59.932 [info] > git fetch [2361ms]
2025-08-08 09:19:59.932 [info] > git rev-parse --show-toplevel [15ms]
2025-08-08 09:19:59.932 [info] > git for-each-ref --format=%(refname)%00%(upstream:short)%00%(objectname)%00%(upstream:track)%00%(upstream:remotename)%00%(upstream:remoteref) refs/heads/main refs/remotes/main [25ms]
2025-08-08 09:19:59.932 [info] > git merge-base refs/heads/main refs/remotes/origin/main [39ms]
2025-08-08 09:19:59.932 [info] > git config --get commit.template [72ms]
2025-08-08 09:19:59.932 [info] > git diff --name-status -z --diff-filter=ADMR 0d7a3a898007be1d8200d8db99d59472a2da8d06...refs/remotes/origin/main [65ms]
2025-08-08 09:19:59.932 [info] > git rev-parse --show-toplevel [21ms]
2025-08-08 09:19:59.932 [info] [Model][doInitialScan] Initial repository scan completed - repositories (1), closed repositories (0), parent repositories (0), unsafe repositories (0)
2025-08-08 09:19:59.932 [info] > git for-each-ref --format=%(refname)%00%(upstream:short)%00%(objectname)%00%(upstream:track)%00%(upstream:remotename)%00%(upstream:remoteref) refs/heads/main refs/remotes/main [12ms]
2025-08-08 09:19:59.932 [info] > git status -z -uall [94ms]
2025-08-08 09:19:59.932 [info] > git for-each-ref --sort -committerdate --format %(refname)%00%(objectname)%00%(*objectname) [21ms]
2025-08-08 09:20:00.562 [info] > git check-ignore -v -z --stdin [3ms]
2025-08-08 09:20:08.254 [info] > git config --get --local branch.main.github-pr-owner-number [4ms]
2025-08-08 09:20:08.254 [warning] [Git][config] git config failed: Failed to execute git
2025-08-08 09:20:10.644 [info] > git config --get commit.template [17ms]
2025-08-08 09:20:10.645 [info] > git for-each-ref --format=%(refname)%00%(upstream:short)%00%(objectname)%00%(upstream:track)%00%(upstream:remotename)%00%(upstream:remoteref) refs/heads/main refs/remotes/main [4ms]
2025-08-08 09:20:10.833 [info] > git status -z -uall [96ms]
2025-08-08 09:20:10.834 [info] > git for-each-ref --sort -committerdate --format %(refname)%00%(objectname)%00%(*objectname) [6ms]
2025-08-08 09:20:16.126 [info] > git config --get commit.template [4ms]
2025-08-08 09:20:16.231 [info] > git for-each-ref --format=%(refname)%00%(upstream:short)%00%(objectname)%00%(upstream:track)%00%(upstream:remotename)%00%(upstream:remoteref) refs/heads/main refs/remotes/main [5ms]
2025-08-08 09:20:16.426 [info] > git status -z -uall [182ms]
2025-08-08 09:20:16.431 [info] > git for-each-ref --sort -committerdate --format %(refname)%00%(objectname)%00%(*objectname) [97ms]
2025-08-08 09:20:27.544 [info] > git config --get commit.template [4ms]
2025-08-08 09:20:27.559 [info] > git for-each-ref --format=%(refname)%00%(upstream:short)%00%(objectname)%00%(upstream:track)%00%(upstream:remotename)%00%(upstream:remoteref) refs/heads/main refs/remotes/main [3ms]
2025-08-08 09:20:27.588 [info] > git for-each-ref --sort -committerdate --format %(refname)%00%(objectname)%00%(*objectname) [4ms]
2025-08-08 09:20:27.591 [info] > git status -z -uall [20ms]
2025-08-08 09:20:41.180 [info] > git config --get commit.template [12ms]
2025-08-08 09:20:41.183 [info] > git for-each-ref --format=%(refname)%00%(upstream:short)%00%(objectname)%00%(upstream:track)%00%(upstream:remotename)%00%(upstream:remoteref) refs/heads/main refs/remotes/main [4ms]
2025-08-08 09:20:41.221 [info] > git for-each-ref --sort -committerdate --format %(refname)%00%(objectname)%00%(*objectname) [4ms]
2025-08-08 09:20:41.222 [info] > git status -z -uall [28ms]
2025-08-08 09:20:48.726 [info] > git config --get commit.template [12ms]
2025-08-08 09:20:48.728 [info] > git for-each-ref --format=%(refname)%00%(upstream:short)%00%(objectname)%00%(upstream:track)%00%(upstream:remotename)%00%(upstream:remoteref) refs/heads/main refs/remotes/main [3ms]
2025-08-08 09:20:48.757 [info] > git for-each-ref --sort -committerdate --format %(refname)%00%(objectname)%00%(*objectname) [3ms]
2025-08-08 09:20:48.767 [info] > git status -z -uall [26ms]
