2025-08-09 00:01:15.272 [info] [main] Log level: Info
2025-08-09 00:01:15.273 [info] [main] Validating found git in: "git"
2025-08-09 00:01:15.273 [info] [main] Using git "2.49.0" from "git"
2025-08-09 00:01:15.273 [info] [Model][doInitialScan] Initial repository scan started
2025-08-09 00:01:15.273 [info] > git rev-parse --show-toplevel [2ms]
2025-08-09 00:01:15.273 [info] > git rev-parse --git-dir --git-common-dir [8ms]
2025-08-09 00:01:15.273 [info] [Model][openRepository] Opened repository (path): /workspace/Website-starter
2025-08-09 00:01:15.273 [info] [Model][openRepository] Opened repository (real path): /workspace/Website-starter
2025-08-09 00:01:15.273 [info] > git config --get commit.template [6ms]
2025-08-09 00:01:15.273 [info] > git rev-parse --show-toplevel [9ms]
2025-08-09 00:01:15.273 [info] > git for-each-ref --format=%(refname)%00%(upstream:short)%00%(objectname)%00%(upstream:track)%00%(upstream:remotename)%00%(upstream:remoteref) refs/heads/main refs/remotes/main [89ms]
2025-08-09 00:01:15.273 [info] > git rev-parse --show-toplevel [60ms]
2025-08-09 00:01:15.273 [info] > git rev-parse --show-toplevel [14ms]
2025-08-09 00:01:15.273 [info] > git status -z -uall [27ms]
2025-08-09 00:01:15.273 [info] > git for-each-ref --sort -committerdate --format %(refname)%00%(objectname)%00%(*objectname) [21ms]
2025-08-09 00:01:15.273 [info] > git rev-parse --show-toplevel [7ms]
2025-08-09 00:01:15.273 [info] > git rev-parse --show-toplevel [6ms]
2025-08-09 00:01:15.273 [info] > git for-each-ref --format=%(refname)%00%(upstream:short)%00%(objectname)%00%(upstream:track)%00%(upstream:remotename)%00%(upstream:remoteref) refs/heads/main refs/remotes/main [12ms]
2025-08-09 00:01:15.273 [info] > git config --get commit.template [12ms]
2025-08-09 00:01:15.273 [info] > git config --get --local branch.main.vscode-merge-base [11ms]
2025-08-09 00:01:15.273 [info] > git for-each-ref --format=%(refname)%00%(upstream:short)%00%(objectname)%00%(upstream:track)%00%(upstream:remotename)%00%(upstream:remoteref) refs/heads/main refs/remotes/main [6ms]
2025-08-09 00:01:15.273 [info] > git rev-parse --show-toplevel [11ms]
2025-08-09 00:01:15.273 [info] > git for-each-ref --format=%(refname)%00%(upstream:short)%00%(objectname)%00%(upstream:track)%00%(upstream:remotename)%00%(upstream:remoteref) refs/heads/origin/main refs/remotes/origin/main [8ms]
2025-08-09 00:01:15.273 [info] > git rev-parse --show-toplevel [8ms]
2025-08-09 00:01:15.273 [info] > git merge-base refs/heads/main refs/remotes/origin/main [16ms]
2025-08-09 00:01:15.284 [info] > git status -z -uall [21ms]
2025-08-09 00:01:15.284 [info] > git rev-parse --show-toplevel [12ms]
2025-08-09 00:01:15.285 [info] [Model][doInitialScan] Initial repository scan completed - repositories (1), closed repositories (0), parent repositories (0), unsafe repositories (0)
2025-08-09 00:01:15.286 [info] > git for-each-ref --sort -committerdate --format %(refname)%00%(objectname)%00%(*objectname) [18ms]
2025-08-09 00:01:15.296 [info] > git diff --name-status -z --diff-filter=ADMR 0d7a3a898007be1d8200d8db99d59472a2da8d06...refs/remotes/origin/main [14ms]
2025-08-09 00:01:15.297 [info] > git merge-base refs/heads/main refs/remotes/origin/main [3ms]
2025-08-09 00:01:15.312 [info] > git diff --name-status -z --diff-filter=ADMR 0d7a3a898007be1d8200d8db99d59472a2da8d06...refs/remotes/origin/main [10ms]
2025-08-09 00:01:15.373 [info] > git fetch [342ms]
2025-08-09 00:01:15.385 [info] > git config --get commit.template [5ms]
2025-08-09 00:01:15.401 [info] > git for-each-ref --format=%(refname)%00%(upstream:short)%00%(objectname)%00%(upstream:track)%00%(upstream:remotename)%00%(upstream:remoteref) refs/heads/main refs/remotes/main [16ms]
2025-08-09 00:01:15.415 [info] > git for-each-ref --sort -committerdate --format %(refname)%00%(objectname)%00%(*objectname) [3ms]
2025-08-09 00:01:15.421 [info] > git status -z -uall [14ms]
2025-08-09 00:01:15.833 [info] > git check-ignore -v -z --stdin [2ms]
2025-08-09 00:01:16.563 [info] > git check-ignore -v -z --stdin [2ms]
2025-08-09 00:01:18.641 [info] > git config --get commit.template [6ms]
2025-08-09 00:01:18.643 [info] > git for-each-ref --format=%(refname)%00%(upstream:short)%00%(objectname)%00%(upstream:track)%00%(upstream:remotename)%00%(upstream:remoteref) refs/heads/main refs/remotes/main [3ms]
2025-08-09 00:01:18.687 [info] > git status -z -uall [39ms]
2025-08-09 00:01:18.687 [info] > git for-each-ref --sort -committerdate --format %(refname)%00%(objectname)%00%(*objectname) [33ms]
2025-08-09 00:01:19.603 [info] > git show --textconv :src/components/ui/buttons/PrimaryCTA.astro [40ms]
2025-08-09 00:01:19.604 [info] > git ls-files --stage -- src/components/ui/buttons/PrimaryCTA.astro [1ms]
2025-08-09 00:01:19.613 [info] > git cat-file -s 17596086970dc70a2bdadfcfeb7c314eb7060c29 [2ms]
2025-08-09 00:01:22.349 [info] > git config --get --local branch.main.github-pr-owner-number [4ms]
2025-08-09 00:01:22.349 [warning] [Git][config] git config failed: Failed to execute git
2025-08-09 00:01:37.338 [info] > git blame --root --incremental 0d7a3a898007be1d8200d8db99d59472a2da8d06 -- src/components/ui/buttons/PrimaryCTA.astro [6ms]
2025-08-09 00:01:41.335 [info] > git config --get commit.template [11ms]
2025-08-09 00:01:41.337 [info] > git for-each-ref --format=%(refname)%00%(upstream:short)%00%(objectname)%00%(upstream:track)%00%(upstream:remotename)%00%(upstream:remoteref) refs/heads/main refs/remotes/main [3ms]
2025-08-09 00:01:41.358 [info] > git for-each-ref --sort -committerdate --format %(refname)%00%(objectname)%00%(*objectname) [3ms]
2025-08-09 00:01:41.360 [info] > git status -z -uall [15ms]
2025-08-09 00:01:47.273 [info] > git config --get commit.template [2ms]
2025-08-09 00:01:47.286 [info] > git for-each-ref --format=%(refname)%00%(upstream:short)%00%(objectname)%00%(upstream:track)%00%(upstream:remotename)%00%(upstream:remoteref) refs/heads/main refs/remotes/main [3ms]
2025-08-09 00:01:47.306 [info] > git for-each-ref --sort -committerdate --format %(refname)%00%(objectname)%00%(*objectname) [2ms]
2025-08-09 00:01:47.360 [info] > git status -z -uall [65ms]
2025-08-09 00:02:06.161 [info] > git check-ignore -v -z --stdin [24ms]
2025-08-09 00:02:06.161 [info] > git show --textconv :src/components/sections/landing/HeroSection.astro [13ms]
2025-08-09 00:02:06.162 [info] > git ls-files --stage -- src/components/sections/landing/HeroSection.astro [2ms]
2025-08-09 00:02:06.172 [info] > git cat-file -s 651d4ec772e9f1908a9a04cbe4abb909827b9701 [2ms]
2025-08-09 00:02:06.665 [info] > git blame --root --incremental 0d7a3a898007be1d8200d8db99d59472a2da8d06 -- src/components/sections/landing/HeroSection.astro [4ms]
2025-08-09 00:02:20.577 [info] > git config --get commit.template [12ms]
2025-08-09 00:02:20.578 [info] > git for-each-ref --format=%(refname)%00%(upstream:short)%00%(objectname)%00%(upstream:track)%00%(upstream:remotename)%00%(upstream:remoteref) refs/heads/main refs/remotes/main [2ms]
2025-08-09 00:02:20.603 [info] > git for-each-ref --sort -committerdate --format %(refname)%00%(objectname)%00%(*objectname) [3ms]
2025-08-09 00:02:20.603 [info] > git status -z -uall [14ms]
2025-08-09 00:02:46.457 [info] > git config --get commit.template [14ms]
2025-08-09 00:02:46.459 [info] > git for-each-ref --format=%(refname)%00%(upstream:short)%00%(objectname)%00%(upstream:track)%00%(upstream:remotename)%00%(upstream:remoteref) refs/heads/main refs/remotes/main [3ms]
2025-08-09 00:02:46.487 [info] > git status -z -uall [15ms]
2025-08-09 00:02:46.488 [info] > git for-each-ref --sort -committerdate --format %(refname)%00%(objectname)%00%(*objectname) [3ms]
2025-08-09 00:03:04.293 [info] > git config --get commit.template [9ms]
2025-08-09 00:03:04.294 [info] > git for-each-ref --format=%(refname)%00%(upstream:short)%00%(objectname)%00%(upstream:track)%00%(upstream:remotename)%00%(upstream:remoteref) refs/heads/main refs/remotes/main [2ms]
2025-08-09 00:03:04.314 [info] > git for-each-ref --sort -committerdate --format %(refname)%00%(objectname)%00%(*objectname) [3ms]
2025-08-09 00:03:04.317 [info] > git status -z -uall [14ms]
2025-08-09 00:03:09.341 [info] > git config --get commit.template [10ms]
2025-08-09 00:03:09.342 [info] > git for-each-ref --format=%(refname)%00%(upstream:short)%00%(objectname)%00%(upstream:track)%00%(upstream:remotename)%00%(upstream:remoteref) refs/heads/main refs/remotes/main [2ms]
2025-08-09 00:03:09.362 [info] > git for-each-ref --sort -committerdate --format %(refname)%00%(objectname)%00%(*objectname) [2ms]
2025-08-09 00:03:09.365 [info] > git status -z -uall [14ms]
2025-08-09 00:03:27.629 [info] > git show --textconv :src/components/ui/buttons/PrimaryCTA.astro [12ms]
2025-08-09 00:03:27.630 [info] > git ls-files --stage -- src/components/ui/buttons/PrimaryCTA.astro [3ms]
2025-08-09 00:03:27.642 [info] > git cat-file -s 17596086970dc70a2bdadfcfeb7c314eb7060c29 [2ms]
2025-08-09 00:03:40.200 [info] > git config --get commit.template [9ms]
2025-08-09 00:03:40.202 [info] > git for-each-ref --format=%(refname)%00%(upstream:short)%00%(objectname)%00%(upstream:track)%00%(upstream:remotename)%00%(upstream:remoteref) refs/heads/main refs/remotes/main [3ms]
2025-08-09 00:03:40.223 [info] > git for-each-ref --sort -committerdate --format %(refname)%00%(objectname)%00%(*objectname) [3ms]
2025-08-09 00:03:40.224 [info] > git status -z -uall [14ms]
2025-08-09 00:04:02.305 [info] > git config --get commit.template [11ms]
2025-08-09 00:04:02.306 [info] > git for-each-ref --format=%(refname)%00%(upstream:short)%00%(objectname)%00%(upstream:track)%00%(upstream:remotename)%00%(upstream:remoteref) refs/heads/main refs/remotes/main [2ms]
2025-08-09 00:04:02.326 [info] > git for-each-ref --sort -committerdate --format %(refname)%00%(objectname)%00%(*objectname) [3ms]
2025-08-09 00:04:02.329 [info] > git status -z -uall [14ms]
2025-08-09 00:04:07.358 [info] > git config --get commit.template [15ms]
2025-08-09 00:04:07.358 [info] > git for-each-ref --format=%(refname)%00%(upstream:short)%00%(objectname)%00%(upstream:track)%00%(upstream:remotename)%00%(upstream:remoteref) refs/heads/main refs/remotes/main [3ms]
2025-08-09 00:04:07.383 [info] > git for-each-ref --sort -committerdate --format %(refname)%00%(objectname)%00%(*objectname) [3ms]
2025-08-09 00:04:07.383 [info] > git status -z -uall [14ms]
2025-08-09 00:04:12.411 [info] > git config --get commit.template [13ms]
2025-08-09 00:04:12.413 [info] > git for-each-ref --format=%(refname)%00%(upstream:short)%00%(objectname)%00%(upstream:track)%00%(upstream:remotename)%00%(upstream:remoteref) refs/heads/main refs/remotes/main [3ms]
2025-08-09 00:04:12.433 [info] > git for-each-ref --sort -committerdate --format %(refname)%00%(objectname)%00%(*objectname) [3ms]
2025-08-09 00:04:12.436 [info] > git status -z -uall [14ms]
2025-08-09 00:04:15.768 [info] > git fetch [332ms]
2025-08-09 00:04:15.791 [info] > git config --get commit.template [11ms]
2025-08-09 00:04:15.793 [info] > git for-each-ref --format=%(refname)%00%(upstream:short)%00%(objectname)%00%(upstream:track)%00%(upstream:remotename)%00%(upstream:remoteref) refs/heads/main refs/remotes/main [3ms]
2025-08-09 00:04:15.817 [info] > git for-each-ref --sort -committerdate --format %(refname)%00%(objectname)%00%(*objectname) [2ms]
2025-08-09 00:04:15.817 [info] > git status -z -uall [14ms]
2025-08-09 00:04:17.279 [info] > git ls-files --stage -- src/components/ui/buttons/PrimaryCTA.astro [1ms]
2025-08-09 00:04:17.291 [info] > git cat-file -s 17596086970dc70a2bdadfcfeb7c314eb7060c29 [2ms]
2025-08-09 00:04:17.398 [info] > git show --textconv :src/components/ui/buttons/PrimaryCTA.astro [2ms]
2025-08-09 00:04:17.462 [info] > git config --get commit.template [11ms]
2025-08-09 00:04:17.464 [info] > git for-each-ref --format=%(refname)%00%(upstream:short)%00%(objectname)%00%(upstream:track)%00%(upstream:remotename)%00%(upstream:remoteref) refs/heads/main refs/remotes/main [2ms]
2025-08-09 00:04:17.489 [info] > git for-each-ref --sort -committerdate --format %(refname)%00%(objectname)%00%(*objectname) [3ms]
2025-08-09 00:04:17.489 [info] > git status -z -uall [14ms]
2025-08-09 00:04:46.550 [info] > git config --get commit.template [10ms]
2025-08-09 00:04:46.551 [info] > git for-each-ref --format=%(refname)%00%(upstream:short)%00%(objectname)%00%(upstream:track)%00%(upstream:remotename)%00%(upstream:remoteref) refs/heads/main refs/remotes/main [2ms]
2025-08-09 00:04:46.571 [info] > git for-each-ref --sort -committerdate --format %(refname)%00%(objectname)%00%(*objectname) [3ms]
2025-08-09 00:04:46.574 [info] > git status -z -uall [14ms]
2025-08-09 00:05:47.300 [info] > git config --get commit.template [11ms]
2025-08-09 00:05:47.302 [info] > git for-each-ref --format=%(refname)%00%(upstream:short)%00%(objectname)%00%(upstream:track)%00%(upstream:remotename)%00%(upstream:remoteref) refs/heads/main refs/remotes/main [3ms]
2025-08-09 00:05:47.329 [info] > git for-each-ref --sort -committerdate --format %(refname)%00%(objectname)%00%(*objectname) [3ms]
2025-08-09 00:05:47.329 [info] > git status -z -uall [15ms]
2025-08-09 00:07:56.022 [info] > git fetch [323ms]
2025-08-09 00:07:56.044 [info] > git config --get commit.template [11ms]
2025-08-09 00:07:56.047 [info] > git for-each-ref --format=%(refname)%00%(upstream:short)%00%(objectname)%00%(upstream:track)%00%(upstream:remotename)%00%(upstream:remoteref) refs/heads/main refs/remotes/main [3ms]
2025-08-09 00:07:56.073 [info] > git status -z -uall [15ms]
2025-08-09 00:07:56.073 [info] > git for-each-ref --sort -committerdate --format %(refname)%00%(objectname)%00%(*objectname) [3ms]
2025-08-09 00:07:58.094 [info] > git config --get commit.template [11ms]
2025-08-09 00:07:58.096 [info] > git for-each-ref --format=%(refname)%00%(upstream:short)%00%(objectname)%00%(upstream:track)%00%(upstream:remotename)%00%(upstream:remoteref) refs/heads/main refs/remotes/main [2ms]
2025-08-09 00:07:58.122 [info] > git for-each-ref --sort -committerdate --format %(refname)%00%(objectname)%00%(*objectname) [3ms]
2025-08-09 00:07:58.122 [info] > git status -z -uall [14ms]
2025-08-09 00:07:58.324 [info] > git ls-files --stage -- src/components/ui/buttons/PrimaryCTA.astro [2ms]
2025-08-09 00:07:58.337 [info] > git cat-file -s 17596086970dc70a2bdadfcfeb7c314eb7060c29 [2ms]
2025-08-09 00:07:58.633 [info] > git show --textconv :src/components/ui/buttons/PrimaryCTA.astro [2ms]
2025-08-09 00:08:08.635 [info] > git config --get commit.template [11ms]
2025-08-09 00:08:08.637 [info] > git for-each-ref --format=%(refname)%00%(upstream:short)%00%(objectname)%00%(upstream:track)%00%(upstream:remotename)%00%(upstream:remoteref) refs/heads/main refs/remotes/main [3ms]
2025-08-09 00:08:08.659 [info] > git for-each-ref --sort -committerdate --format %(refname)%00%(objectname)%00%(*objectname) [3ms]
2025-08-09 00:08:08.660 [info] > git status -z -uall [14ms]
2025-08-09 00:08:45.496 [info] > git config --get commit.template [12ms]
2025-08-09 00:08:45.497 [info] > git for-each-ref --format=%(refname)%00%(upstream:short)%00%(objectname)%00%(upstream:track)%00%(upstream:remotename)%00%(upstream:remoteref) refs/heads/main refs/remotes/main [2ms]
2025-08-09 00:08:45.521 [info] > git for-each-ref --sort -committerdate --format %(refname)%00%(objectname)%00%(*objectname) [2ms]
2025-08-09 00:08:45.523 [info] > git status -z -uall [15ms]
2025-08-09 00:08:50.548 [info] > git config --get commit.template [12ms]
2025-08-09 00:08:50.549 [info] > git for-each-ref --format=%(refname)%00%(upstream:short)%00%(objectname)%00%(upstream:track)%00%(upstream:remotename)%00%(upstream:remoteref) refs/heads/main refs/remotes/main [2ms]
2025-08-09 00:08:50.575 [info] > git status -z -uall [14ms]
2025-08-09 00:08:50.576 [info] > git for-each-ref --sort -committerdate --format %(refname)%00%(objectname)%00%(*objectname) [3ms]
2025-08-09 00:08:55.592 [info] > git config --get commit.template [3ms]
2025-08-09 00:08:55.606 [info] > git for-each-ref --format=%(refname)%00%(upstream:short)%00%(objectname)%00%(upstream:track)%00%(upstream:remotename)%00%(upstream:remoteref) refs/heads/main refs/remotes/main [3ms]
2025-08-09 00:08:55.631 [info] > git status -z -uall [14ms]
2025-08-09 00:08:55.631 [info] > git for-each-ref --sort -committerdate --format %(refname)%00%(objectname)%00%(*objectname) [3ms]
2025-08-09 00:09:00.658 [info] > git config --get commit.template [12ms]
2025-08-09 00:09:00.660 [info] > git for-each-ref --format=%(refname)%00%(upstream:short)%00%(objectname)%00%(upstream:track)%00%(upstream:remotename)%00%(upstream:remoteref) refs/heads/main refs/remotes/main [3ms]
2025-08-09 00:09:00.684 [info] > git status -z -uall [13ms]
2025-08-09 00:09:00.685 [info] > git for-each-ref --sort -committerdate --format %(refname)%00%(objectname)%00%(*objectname) [3ms]
2025-08-09 00:09:22.565 [info] > git check-ignore -v -z --stdin [2ms]
2025-08-09 00:09:23.523 [info] > git show --textconv :src/assets/styles/global.css [12ms]
2025-08-09 00:09:23.525 [info] > git ls-files --stage -- src/assets/styles/global.css [2ms]
2025-08-09 00:09:23.539 [info] > git cat-file -s 50bf8db4d56518176564a94ccf94019947884767 [2ms]
2025-08-09 00:09:24.091 [info] > git blame --root --incremental 0d7a3a898007be1d8200d8db99d59472a2da8d06 -- src/assets/styles/global.css [4ms]
2025-08-09 00:10:56.413 [info] > git fetch [325ms]
2025-08-09 00:10:56.436 [info] > git config --get commit.template [12ms]
2025-08-09 00:10:56.438 [info] > git for-each-ref --format=%(refname)%00%(upstream:short)%00%(objectname)%00%(upstream:track)%00%(upstream:remotename)%00%(upstream:remoteref) refs/heads/main refs/remotes/main [2ms]
2025-08-09 00:10:56.459 [info] > git for-each-ref --sort -committerdate --format %(refname)%00%(objectname)%00%(*objectname) [2ms]
2025-08-09 00:10:56.460 [info] > git status -z -uall [13ms]
2025-08-09 00:10:57.668 [info] > git config --get commit.template [10ms]
2025-08-09 00:10:57.669 [info] > git for-each-ref --format=%(refname)%00%(upstream:short)%00%(objectname)%00%(upstream:track)%00%(upstream:remotename)%00%(upstream:remoteref) refs/heads/main refs/remotes/main [2ms]
2025-08-09 00:10:57.688 [info] > git for-each-ref --sort -committerdate --format %(refname)%00%(objectname)%00%(*objectname) [2ms]
2025-08-09 00:10:57.692 [info] > git status -z -uall [14ms]
2025-08-09 00:10:57.845 [info] > git ls-files --stage -- src/assets/styles/global.css [2ms]
2025-08-09 00:10:57.859 [info] > git cat-file -s 50bf8db4d56518176564a94ccf94019947884767 [3ms]
2025-08-09 00:10:57.995 [info] > git show --textconv :src/assets/styles/global.css [3ms]
2025-08-09 00:11:05.431 [info] > git show --textconv :src/components/ui/buttons/PrimaryCTA.astro [11ms]
2025-08-09 00:11:05.433 [info] > git ls-files --stage -- src/components/ui/buttons/PrimaryCTA.astro [2ms]
2025-08-09 00:11:05.446 [info] > git cat-file -s 17596086970dc70a2bdadfcfeb7c314eb7060c29 [2ms]
2025-08-09 00:11:14.950 [info] > git config --get commit.template [12ms]
2025-08-09 00:11:14.952 [info] > git for-each-ref --format=%(refname)%00%(upstream:short)%00%(objectname)%00%(upstream:track)%00%(upstream:remotename)%00%(upstream:remoteref) refs/heads/main refs/remotes/main [2ms]
2025-08-09 00:11:14.982 [info] > git status -z -uall [18ms]
2025-08-09 00:11:14.983 [info] > git for-each-ref --sort -committerdate --format %(refname)%00%(objectname)%00%(*objectname) [7ms]
2025-08-09 00:11:21.574 [info] > git config --get commit.template [12ms]
2025-08-09 00:11:21.576 [info] > git for-each-ref --format=%(refname)%00%(upstream:short)%00%(objectname)%00%(upstream:track)%00%(upstream:remotename)%00%(upstream:remoteref) refs/heads/main refs/remotes/main [3ms]
2025-08-09 00:11:21.603 [info] > git status -z -uall [15ms]
2025-08-09 00:11:21.603 [info] > git for-each-ref --sort -committerdate --format %(refname)%00%(objectname)%00%(*objectname) [3ms]
2025-08-09 00:11:26.628 [info] > git config --get commit.template [12ms]
2025-08-09 00:11:26.630 [info] > git for-each-ref --format=%(refname)%00%(upstream:short)%00%(objectname)%00%(upstream:track)%00%(upstream:remotename)%00%(upstream:remoteref) refs/heads/main refs/remotes/main [3ms]
2025-08-09 00:11:26.654 [info] > git for-each-ref --sort -committerdate --format %(refname)%00%(objectname)%00%(*objectname) [3ms]
2025-08-09 00:11:26.655 [info] > git status -z -uall [14ms]
2025-08-09 00:11:32.905 [info] > git config --get commit.template [10ms]
2025-08-09 00:11:32.908 [info] > git for-each-ref --format=%(refname)%00%(upstream:short)%00%(objectname)%00%(upstream:track)%00%(upstream:remotename)%00%(upstream:remoteref) refs/heads/main refs/remotes/main [3ms]
2025-08-09 00:11:32.930 [info] > git for-each-ref --sort -committerdate --format %(refname)%00%(objectname)%00%(*objectname) [3ms]
2025-08-09 00:11:32.932 [info] > git status -z -uall [14ms]
2025-08-09 00:11:37.956 [info] > git config --get commit.template [9ms]
2025-08-09 00:11:37.957 [info] > git for-each-ref --format=%(refname)%00%(upstream:short)%00%(objectname)%00%(upstream:track)%00%(upstream:remotename)%00%(upstream:remoteref) refs/heads/main refs/remotes/main [2ms]
2025-08-09 00:11:37.984 [info] > git status -z -uall [15ms]
2025-08-09 00:11:37.985 [info] > git for-each-ref --sort -committerdate --format %(refname)%00%(objectname)%00%(*objectname) [5ms]
2025-08-09 00:11:53.834 [info] > git config --get commit.template [15ms]
2025-08-09 00:11:53.836 [info] > git for-each-ref --format=%(refname)%00%(upstream:short)%00%(objectname)%00%(upstream:track)%00%(upstream:remotename)%00%(upstream:remoteref) refs/heads/main refs/remotes/main [3ms]
2025-08-09 00:11:53.862 [info] > git for-each-ref --sort -committerdate --format %(refname)%00%(objectname)%00%(*objectname) [3ms]
2025-08-09 00:11:53.863 [info] > git status -z -uall [16ms]
2025-08-09 00:12:02.686 [info] > git config --get commit.template [12ms]
2025-08-09 00:12:02.688 [info] > git for-each-ref --format=%(refname)%00%(upstream:short)%00%(objectname)%00%(upstream:track)%00%(upstream:remotename)%00%(upstream:remoteref) refs/heads/main refs/remotes/main [3ms]
2025-08-09 00:12:02.713 [info] > git status -z -uall [14ms]
2025-08-09 00:12:02.715 [info] > git for-each-ref --sort -committerdate --format %(refname)%00%(objectname)%00%(*objectname) [3ms]
2025-08-09 00:12:29.093 [info] > git config --get commit.template [12ms]
2025-08-09 00:12:29.095 [info] > git for-each-ref --format=%(refname)%00%(upstream:short)%00%(objectname)%00%(upstream:track)%00%(upstream:remotename)%00%(upstream:remoteref) refs/heads/main refs/remotes/main [3ms]
2025-08-09 00:12:29.119 [info] > git for-each-ref --sort -committerdate --format %(refname)%00%(objectname)%00%(*objectname) [3ms]
2025-08-09 00:12:29.119 [info] > git status -z -uall [14ms]
2025-08-09 00:12:34.143 [info] > git config --get commit.template [11ms]
2025-08-09 00:12:34.145 [info] > git for-each-ref --format=%(refname)%00%(upstream:short)%00%(objectname)%00%(upstream:track)%00%(upstream:remotename)%00%(upstream:remoteref) refs/heads/main refs/remotes/main [2ms]
2025-08-09 00:12:34.169 [info] > git for-each-ref --sort -committerdate --format %(refname)%00%(objectname)%00%(*objectname) [3ms]
2025-08-09 00:12:34.170 [info] > git status -z -uall [14ms]
2025-08-09 00:12:39.197 [info] > git config --get commit.template [13ms]
2025-08-09 00:12:39.198 [info] > git for-each-ref --format=%(refname)%00%(upstream:short)%00%(objectname)%00%(upstream:track)%00%(upstream:remotename)%00%(upstream:remoteref) refs/heads/main refs/remotes/main [2ms]
2025-08-09 00:12:39.222 [info] > git for-each-ref --sort -committerdate --format %(refname)%00%(objectname)%00%(*objectname) [3ms]
2025-08-09 00:12:39.224 [info] > git status -z -uall [14ms]
2025-08-09 00:12:50.551 [info] > git config --get commit.template [11ms]
2025-08-09 00:12:50.552 [info] > git for-each-ref --format=%(refname)%00%(upstream:short)%00%(objectname)%00%(upstream:track)%00%(upstream:remotename)%00%(upstream:remoteref) refs/heads/main refs/remotes/main [2ms]
2025-08-09 00:12:50.576 [info] > git for-each-ref --sort -committerdate --format %(refname)%00%(objectname)%00%(*objectname) [3ms]
2025-08-09 00:12:50.577 [info] > git status -z -uall [14ms]
2025-08-09 00:12:55.602 [info] > git config --get commit.template [11ms]
2025-08-09 00:12:55.604 [info] > git for-each-ref --format=%(refname)%00%(upstream:short)%00%(objectname)%00%(upstream:track)%00%(upstream:remotename)%00%(upstream:remoteref) refs/heads/main refs/remotes/main [3ms]
2025-08-09 00:12:55.624 [info] > git for-each-ref --sort -committerdate --format %(refname)%00%(objectname)%00%(*objectname) [2ms]
2025-08-09 00:12:55.628 [info] > git status -z -uall [15ms]
2025-08-09 00:13:00.654 [info] > git config --get commit.template [11ms]
2025-08-09 00:13:00.656 [info] > git for-each-ref --format=%(refname)%00%(upstream:short)%00%(objectname)%00%(upstream:track)%00%(upstream:remotename)%00%(upstream:remoteref) refs/heads/main refs/remotes/main [2ms]
2025-08-09 00:13:00.680 [info] > git for-each-ref --sort -committerdate --format %(refname)%00%(objectname)%00%(*objectname) [3ms]
2025-08-09 00:13:00.680 [info] > git status -z -uall [13ms]
2025-08-09 00:13:05.705 [info] > git config --get commit.template [11ms]
2025-08-09 00:13:05.707 [info] > git for-each-ref --format=%(refname)%00%(upstream:short)%00%(objectname)%00%(upstream:track)%00%(upstream:remotename)%00%(upstream:remoteref) refs/heads/main refs/remotes/main [3ms]
2025-08-09 00:13:05.732 [info] > git for-each-ref --sort -committerdate --format %(refname)%00%(objectname)%00%(*objectname) [2ms]
2025-08-09 00:13:05.733 [info] > git status -z -uall [14ms]
2025-08-09 00:13:22.718 [info] > git config --get commit.template [12ms]
2025-08-09 00:13:22.720 [info] > git for-each-ref --format=%(refname)%00%(upstream:short)%00%(objectname)%00%(upstream:track)%00%(upstream:remotename)%00%(upstream:remoteref) refs/heads/main refs/remotes/main [3ms]
2025-08-09 00:13:22.744 [info] > git for-each-ref --sort -committerdate --format %(refname)%00%(objectname)%00%(*objectname) [3ms]
2025-08-09 00:13:22.745 [info] > git status -z -uall [14ms]
2025-08-09 00:13:45.104 [info] > git show --textconv :src/assets/styles/global.css [12ms]
2025-08-09 00:13:45.105 [info] > git ls-files --stage -- src/assets/styles/global.css [2ms]
2025-08-09 00:13:45.118 [info] > git cat-file -s 50bf8db4d56518176564a94ccf94019947884767 [2ms]
2025-08-09 00:13:56.804 [info] > git fetch [332ms]
2025-08-09 00:13:56.826 [info] > git config --get commit.template [11ms]
2025-08-09 00:13:56.828 [info] > git for-each-ref --format=%(refname)%00%(upstream:short)%00%(objectname)%00%(upstream:track)%00%(upstream:remotename)%00%(upstream:remoteref) refs/heads/main refs/remotes/main [2ms]
2025-08-09 00:13:56.854 [info] > git status -z -uall [15ms]
2025-08-09 00:13:56.854 [info] > git for-each-ref --sort -committerdate --format %(refname)%00%(objectname)%00%(*objectname) [4ms]
2025-08-09 00:13:58.023 [info] > git config --get commit.template [10ms]
2025-08-09 00:13:58.025 [info] > git for-each-ref --format=%(refname)%00%(upstream:short)%00%(objectname)%00%(upstream:track)%00%(upstream:remotename)%00%(upstream:remoteref) refs/heads/main refs/remotes/main [2ms]
2025-08-09 00:13:58.044 [info] > git for-each-ref --sort -committerdate --format %(refname)%00%(objectname)%00%(*objectname) [3ms]
2025-08-09 00:13:58.047 [info] > git status -z -uall [14ms]
2025-08-09 00:13:58.361 [info] > git ls-files --stage -- src/assets/styles/global.css [2ms]
2025-08-09 00:13:58.372 [info] > git cat-file -s 50bf8db4d56518176564a94ccf94019947884767 [2ms]
2025-08-09 00:13:58.466 [info] > git show --textconv :src/assets/styles/global.css [2ms]
2025-08-09 00:14:44.489 [info] > git show --textconv :src/components/sections/landing/HeroSection.astro [9ms]
2025-08-09 00:14:44.490 [info] > git ls-files --stage -- src/components/sections/landing/HeroSection.astro [1ms]
2025-08-09 00:14:44.500 [info] > git cat-file -s 651d4ec772e9f1908a9a04cbe4abb909827b9701 [2ms]
2025-08-09 00:14:47.754 [info] > git show --textconv :src/components/ui/buttons/PrimaryCTA.astro [12ms]
2025-08-09 00:14:47.755 [info] > git ls-files --stage -- src/components/ui/buttons/PrimaryCTA.astro [2ms]
2025-08-09 00:14:47.768 [info] > git cat-file -s 17596086970dc70a2bdadfcfeb7c314eb7060c29 [2ms]
2025-08-09 00:15:04.683 [info] > git config --get commit.template [12ms]
2025-08-09 00:15:04.685 [info] > git for-each-ref --format=%(refname)%00%(upstream:short)%00%(objectname)%00%(upstream:track)%00%(upstream:remotename)%00%(upstream:remoteref) refs/heads/main refs/remotes/main [3ms]
2025-08-09 00:15:04.708 [info] > git for-each-ref --sort -committerdate --format %(refname)%00%(objectname)%00%(*objectname) [2ms]
2025-08-09 00:15:04.710 [info] > git status -z -uall [14ms]
2025-08-09 00:15:09.732 [info] > git config --get commit.template [9ms]
2025-08-09 00:15:09.733 [info] > git for-each-ref --format=%(refname)%00%(upstream:short)%00%(objectname)%00%(upstream:track)%00%(upstream:remotename)%00%(upstream:remoteref) refs/heads/main refs/remotes/main [2ms]
2025-08-09 00:15:09.756 [info] > git for-each-ref --sort -committerdate --format %(refname)%00%(objectname)%00%(*objectname) [3ms]
2025-08-09 00:15:09.758 [info] > git status -z -uall [14ms]
2025-08-09 00:15:14.783 [info] > git config --get commit.template [11ms]
2025-08-09 00:15:14.785 [info] > git for-each-ref --format=%(refname)%00%(upstream:short)%00%(objectname)%00%(upstream:track)%00%(upstream:remotename)%00%(upstream:remoteref) refs/heads/main refs/remotes/main [3ms]
2025-08-09 00:15:14.813 [info] > git status -z -uall [16ms]
2025-08-09 00:15:14.814 [info] > git for-each-ref --sort -committerdate --format %(refname)%00%(objectname)%00%(*objectname) [6ms]
2025-08-09 00:15:19.840 [info] > git config --get commit.template [12ms]
2025-08-09 00:15:19.842 [info] > git for-each-ref --format=%(refname)%00%(upstream:short)%00%(objectname)%00%(upstream:track)%00%(upstream:remotename)%00%(upstream:remoteref) refs/heads/main refs/remotes/main [2ms]
2025-08-09 00:15:19.867 [info] > git status -z -uall [14ms]
2025-08-09 00:15:19.867 [info] > git for-each-ref --sort -committerdate --format %(refname)%00%(objectname)%00%(*objectname) [3ms]
2025-08-09 00:15:25.651 [info] > git config --get commit.template [10ms]
2025-08-09 00:15:25.653 [info] > git for-each-ref --format=%(refname)%00%(upstream:short)%00%(objectname)%00%(upstream:track)%00%(upstream:remotename)%00%(upstream:remoteref) refs/heads/main refs/remotes/main [2ms]
2025-08-09 00:15:25.672 [info] > git for-each-ref --sort -committerdate --format %(refname)%00%(objectname)%00%(*objectname) [2ms]
2025-08-09 00:15:25.675 [info] > git status -z -uall [14ms]
2025-08-09 00:15:51.185 [info] > git config --get commit.template [33ms]
2025-08-09 00:15:51.187 [info] > git for-each-ref --format=%(refname)%00%(upstream:short)%00%(objectname)%00%(upstream:track)%00%(upstream:remotename)%00%(upstream:remoteref) refs/heads/main refs/remotes/main [2ms]
2025-08-09 00:15:51.212 [info] > git for-each-ref --sort -committerdate --format %(refname)%00%(objectname)%00%(*objectname) [3ms]
2025-08-09 00:15:51.212 [info] > git status -z -uall [14ms]
2025-08-09 00:16:57.201 [info] > git fetch [334ms]
2025-08-09 00:16:57.223 [info] > git config --get commit.template [11ms]
2025-08-09 00:16:57.225 [info] > git for-each-ref --format=%(refname)%00%(upstream:short)%00%(objectname)%00%(upstream:track)%00%(upstream:remotename)%00%(upstream:remoteref) refs/heads/main refs/remotes/main [2ms]
2025-08-09 00:16:57.247 [info] > git for-each-ref --sort -committerdate --format %(refname)%00%(objectname)%00%(*objectname) [3ms]
2025-08-09 00:16:57.248 [info] > git status -z -uall [14ms]
2025-08-09 00:16:58.470 [info] > git config --get commit.template [12ms]
2025-08-09 00:16:58.472 [info] > git for-each-ref --format=%(refname)%00%(upstream:short)%00%(objectname)%00%(upstream:track)%00%(upstream:remotename)%00%(upstream:remoteref) refs/heads/main refs/remotes/main [3ms]
2025-08-09 00:16:58.499 [info] > git status -z -uall [16ms]
2025-08-09 00:16:58.499 [info] > git for-each-ref --sort -committerdate --format %(refname)%00%(objectname)%00%(*objectname) [4ms]
2025-08-09 00:16:58.742 [info] > git ls-files --stage -- src/components/ui/buttons/PrimaryCTA.astro [2ms]
2025-08-09 00:16:58.755 [info] > git cat-file -s 17596086970dc70a2bdadfcfeb7c314eb7060c29 [2ms]
2025-08-09 00:16:58.847 [info] > git show --textconv :src/components/ui/buttons/PrimaryCTA.astro [3ms]
2025-08-09 00:17:53.649 [info] > git config --get commit.template [12ms]
2025-08-09 00:17:53.650 [info] > git for-each-ref --format=%(refname)%00%(upstream:short)%00%(objectname)%00%(upstream:track)%00%(upstream:remotename)%00%(upstream:remoteref) refs/heads/main refs/remotes/main [2ms]
2025-08-09 00:17:53.686 [info] > git status -z -uall [25ms]
2025-08-09 00:17:53.688 [info] > git for-each-ref --sort -committerdate --format %(refname)%00%(objectname)%00%(*objectname) [3ms]
2025-08-09 00:18:09.914 [info] > git config --get commit.template [12ms]
2025-08-09 00:18:09.914 [info] > git for-each-ref --format=%(refname)%00%(upstream:short)%00%(objectname)%00%(upstream:track)%00%(upstream:remotename)%00%(upstream:remoteref) refs/heads/main refs/remotes/main [2ms]
2025-08-09 00:18:09.938 [info] > git for-each-ref --sort -committerdate --format %(refname)%00%(objectname)%00%(*objectname) [3ms]
2025-08-09 00:18:09.940 [info] > git status -z -uall [14ms]
2025-08-09 00:18:25.133 [info] > git config --get commit.template [4ms]
2025-08-09 00:18:25.146 [info] > git for-each-ref --format=%(refname)%00%(upstream:short)%00%(objectname)%00%(upstream:track)%00%(upstream:remotename)%00%(upstream:remoteref) refs/heads/main refs/remotes/main [3ms]
2025-08-09 00:18:25.170 [info] > git status -z -uall [13ms]
2025-08-09 00:18:25.171 [info] > git for-each-ref --sort -committerdate --format %(refname)%00%(objectname)%00%(*objectname) [3ms]
2025-08-09 00:19:36.889 [info] > git config --get commit.template [11ms]
2025-08-09 00:19:36.890 [info] > git for-each-ref --format=%(refname)%00%(upstream:short)%00%(objectname)%00%(upstream:track)%00%(upstream:remotename)%00%(upstream:remoteref) refs/heads/main refs/remotes/main [2ms]
2025-08-09 00:19:36.915 [info] > git status -z -uall [14ms]
2025-08-09 00:19:36.916 [info] > git for-each-ref --sort -committerdate --format %(refname)%00%(objectname)%00%(*objectname) [3ms]
2025-08-09 00:19:44.903 [info] > git config --get commit.template [12ms]
2025-08-09 00:19:44.905 [info] > git for-each-ref --format=%(refname)%00%(upstream:short)%00%(objectname)%00%(upstream:track)%00%(upstream:remotename)%00%(upstream:remoteref) refs/heads/main refs/remotes/main [2ms]
2025-08-09 00:19:44.931 [info] > git status -z -uall [13ms]
2025-08-09 00:19:44.931 [info] > git for-each-ref --sort -committerdate --format %(refname)%00%(objectname)%00%(*objectname) [3ms]
2025-08-09 00:19:56.611 [info] > git config --get commit.template [11ms]
2025-08-09 00:19:56.613 [info] > git for-each-ref --format=%(refname)%00%(upstream:short)%00%(objectname)%00%(upstream:track)%00%(upstream:remotename)%00%(upstream:remoteref) refs/heads/main refs/remotes/main [2ms]
2025-08-09 00:19:56.637 [info] > git for-each-ref --sort -committerdate --format %(refname)%00%(objectname)%00%(*objectname) [2ms]
2025-08-09 00:19:56.640 [info] > git status -z -uall [15ms]
2025-08-09 00:19:57.576 [info] > git fetch [316ms]
2025-08-09 00:19:57.596 [info] > git config --get commit.template [9ms]
2025-08-09 00:19:57.598 [info] > git for-each-ref --format=%(refname)%00%(upstream:short)%00%(objectname)%00%(upstream:track)%00%(upstream:remotename)%00%(upstream:remoteref) refs/heads/main refs/remotes/main [2ms]
2025-08-09 00:19:57.617 [info] > git for-each-ref --sort -committerdate --format %(refname)%00%(objectname)%00%(*objectname) [3ms]
2025-08-09 00:19:57.620 [info] > git status -z -uall [14ms]
2025-08-09 00:19:59.336 [info] > git ls-files --stage -- src/components/ui/buttons/PrimaryCTA.astro [1ms]
2025-08-09 00:19:59.347 [info] > git cat-file -s 17596086970dc70a2bdadfcfeb7c314eb7060c29 [1ms]
2025-08-09 00:19:59.466 [info] > git show --textconv :src/components/ui/buttons/PrimaryCTA.astro [3ms]
2025-08-09 00:20:01.664 [info] > git config --get commit.template [11ms]
2025-08-09 00:20:01.667 [info] > git for-each-ref --format=%(refname)%00%(upstream:short)%00%(objectname)%00%(upstream:track)%00%(upstream:remotename)%00%(upstream:remoteref) refs/heads/main refs/remotes/main [3ms]
2025-08-09 00:20:01.691 [info] > git for-each-ref --sort -committerdate --format %(refname)%00%(objectname)%00%(*objectname) [3ms]
2025-08-09 00:20:01.692 [info] > git status -z -uall [14ms]
2025-08-09 00:21:36.270 [info] > git show --textconv :src/assets/styles/global.css [11ms]
2025-08-09 00:21:36.272 [info] > git ls-files --stage -- src/assets/styles/global.css [2ms]
2025-08-09 00:21:36.282 [info] > git cat-file -s 50bf8db4d56518176564a94ccf94019947884767 [2ms]
2025-08-09 00:21:38.647 [info] > git show --textconv :src/components/ui/buttons/PrimaryCTA.astro [9ms]
2025-08-09 00:21:38.648 [info] > git ls-files --stage -- src/components/ui/buttons/PrimaryCTA.astro [1ms]
2025-08-09 00:21:38.659 [info] > git cat-file -s 17596086970dc70a2bdadfcfeb7c314eb7060c29 [2ms]
2025-08-09 00:21:45.173 [info] > git config --get commit.template [13ms]
2025-08-09 00:21:45.175 [info] > git for-each-ref --format=%(refname)%00%(upstream:short)%00%(objectname)%00%(upstream:track)%00%(upstream:remotename)%00%(upstream:remoteref) refs/heads/main refs/remotes/main [2ms]
2025-08-09 00:21:45.201 [info] > git status -z -uall [14ms]
2025-08-09 00:21:45.201 [info] > git for-each-ref --sort -committerdate --format %(refname)%00%(objectname)%00%(*objectname) [3ms]
2025-08-09 00:22:13.435 [info] > git show --textconv :src/assets/styles/global.css [11ms]
2025-08-09 00:22:13.436 [info] > git ls-files --stage -- src/assets/styles/global.css [2ms]
2025-08-09 00:22:13.448 [info] > git cat-file -s 50bf8db4d56518176564a94ccf94019947884767 [2ms]
2025-08-09 00:22:27.334 [info] > git config --get commit.template [11ms]
2025-08-09 00:22:27.336 [info] > git for-each-ref --format=%(refname)%00%(upstream:short)%00%(objectname)%00%(upstream:track)%00%(upstream:remotename)%00%(upstream:remoteref) refs/heads/main refs/remotes/main [2ms]
2025-08-09 00:22:27.360 [info] > git for-each-ref --sort -committerdate --format %(refname)%00%(objectname)%00%(*objectname) [3ms]
2025-08-09 00:22:27.362 [info] > git status -z -uall [15ms]
2025-08-09 00:22:32.387 [info] > git config --get commit.template [12ms]
2025-08-09 00:22:32.388 [info] > git for-each-ref --format=%(refname)%00%(upstream:short)%00%(objectname)%00%(upstream:track)%00%(upstream:remotename)%00%(upstream:remoteref) refs/heads/main refs/remotes/main [2ms]
2025-08-09 00:22:32.414 [info] > git for-each-ref --sort -committerdate --format %(refname)%00%(objectname)%00%(*objectname) [3ms]
2025-08-09 00:22:32.415 [info] > git status -z -uall [15ms]
2025-08-09 00:22:44.559 [info] > git config --get commit.template [11ms]
2025-08-09 00:22:44.561 [info] > git for-each-ref --format=%(refname)%00%(upstream:short)%00%(objectname)%00%(upstream:track)%00%(upstream:remotename)%00%(upstream:remoteref) refs/heads/main refs/remotes/main [3ms]
2025-08-09 00:22:44.584 [info] > git for-each-ref --sort -committerdate --format %(refname)%00%(objectname)%00%(*objectname) [3ms]
2025-08-09 00:22:44.586 [info] > git status -z -uall [14ms]
2025-08-09 00:24:26.300 [info] > git fetch [339ms]
2025-08-09 00:24:26.320 [info] > git config --get commit.template [8ms]
2025-08-09 00:24:26.322 [info] > git for-each-ref --format=%(refname)%00%(upstream:short)%00%(objectname)%00%(upstream:track)%00%(upstream:remotename)%00%(upstream:remoteref) refs/heads/main refs/remotes/main [2ms]
2025-08-09 00:24:26.345 [info] > git for-each-ref --sort -committerdate --format %(refname)%00%(objectname)%00%(*objectname) [3ms]
2025-08-09 00:24:26.347 [info] > git status -z -uall [15ms]
2025-08-09 00:24:27.585 [info] > git config --get commit.template [10ms]
2025-08-09 00:24:27.587 [info] > git for-each-ref --format=%(refname)%00%(upstream:short)%00%(objectname)%00%(upstream:track)%00%(upstream:remotename)%00%(upstream:remoteref) refs/heads/main refs/remotes/main [2ms]
2025-08-09 00:24:27.607 [info] > git for-each-ref --sort -committerdate --format %(refname)%00%(objectname)%00%(*objectname) [3ms]
2025-08-09 00:24:27.610 [info] > git status -z -uall [14ms]
2025-08-09 00:24:27.766 [info] > git ls-files --stage -- src/assets/styles/global.css [2ms]
2025-08-09 00:24:27.778 [info] > git cat-file -s 50bf8db4d56518176564a94ccf94019947884767 [1ms]
2025-08-09 00:24:27.872 [info] > git show --textconv :src/assets/styles/global.css [2ms]
