2025-08-09 20:31:22.934 [info] Log level: Info
2025-08-09 20:31:22.934 [info] VSCODE_MACHINE_ID: 10d3d877-fe56-442f-a117-f9035039c6e9
2025-08-09 20:31:22.934 [info] VSCODE_SESSION_ID: 9d7bb86f-ab7f-496f-8671-ef1edda4279a1754771471603
2025-08-09 20:31:22.934 [info] VSCODE_VERSION: 1.102.3
2025-08-09 20:31:22.934 [info] VSCODE_APP_NAME: Gitpod Code
2025-08-09 20:31:22.934 [info] VSCODE_APP_HOST: Gitpod
2025-08-09 20:31:22.934 [info] VSCODE_UI_KIND: web
2025-08-09 20:31:22.934 [info] GITPOD_WORKSPACE_CONTEXT_URL: https://github.com/Abdallah-Develop/Website-starter
2025-08-09 20:31:22.934 [info] GITPOD_INSTANCE_ID: eb757465-6846-426d-ac63-2b34d3382057
2025-08-09 20:31:22.934 [info] GITPOD_WORKSPACE_URL: https://abdallahdev-websitestar-esjdme0laxn.ws-eu120.gitpod.io
2025-08-09 20:31:22.934 [info] Gitpod Web 3953e81
2025-08-09 20:31:22.934 [info] Reading sessions from keychain...
2025-08-09 20:31:26.594 [info] Got stored sessions!
2025-08-09 20:31:26.594 [info] Verified session with the following scopes: function:accessCodeSyncStorage function:closePort function:controlAdmission function:deleteEnvVar function:generateNewGitpodToken function:getDefaultWorkspaceImage function:getGitpodTokenScopes function:getIDToken function:getLoggedInUser function:getOpenPorts function:getSupportedWorkspaceClasses function:getTeams function:getToken function:getWorkspace function:getWorkspaceEnvVars function:getWorkspaceOwner function:getWorkspaceTimeout function:getWorkspaceUsers function:guessGitTokenScopes function:isWorkspaceOwner function:openPort function:sendHeartBeat function:setEnvVar function:setWorkspaceTimeout function:stopWorkspace function:takeSnapshot function:trackEvent function:updateGitStatus function:waitForSnapshot resource:contentBlob::*::create/get resource:envVar::*/**::update resource:envVar::*/*::update resource:envVar::Abdallah-Develop/Website-starter::create/get/update/delete resource:gitpodToken::*::create resource:snapshot::ws-abdallahdev-websitestar-esjdme0laxn::create resource:token::*::get resource:userStorage::*::create/get/update resource:workspace::abdallahdev-websitestar-esjdme0laxn::get/update resource:workspaceInstance::eb757465-6846-426d-ac63-2b34d3382057::get/update/delete
2025-08-09 20:31:26.594 [info] Got 1 verified sessions.
2025-08-09 20:31:26.594 [info] Getting sessions for all scopes...
2025-08-09 20:31:26.594 [info] Getting GitHub sessions for all scopes...
2025-08-09 20:31:26.594 [info] Got 1 sessions for all scopes...
2025-08-09 20:31:26.594 [info] Getting sessions for function:accessCodeSyncStorage...
2025-08-09 20:31:26.594 [info] Got 1 sessions for function:accessCodeSyncStorage...
2025-08-09 20:31:28.519 [info] Got 1 GitHub sessions for all scopes...
2025-08-09 20:31:31.098 [info] Getting sessions for all scopes...
2025-08-09 20:31:31.098 [info] Got 1 sessions for all scopes...
2025-08-09 20:31:32.208 [info] Getting GitHub sessions for all scopes...
2025-08-09 20:31:32.208 [info] Got 1 GitHub sessions for all scopes...
2025-08-09 20:31:33.909 [info] Getting sessions for all scopes...
2025-08-09 20:31:33.909 [info] Getting GitHub sessions for all scopes...
2025-08-09 20:31:33.909 [info] Got 1 sessions for all scopes...
2025-08-09 20:31:33.909 [info] Got 1 GitHub sessions for all scopes...
2025-08-09 20:31:37.230 [info] Getting GitHub sessions for read:user,repo,user:email,workflow...
2025-08-09 20:31:37.230 [info] Got 0 GitHub sessions for read:user,repo,user:email,workflow...
2025-08-09 20:31:38.333 [info] Getting sessions for all scopes...
2025-08-09 20:31:38.333 [info] Getting GitHub sessions for all scopes...
2025-08-09 20:31:38.333 [info] Got 1 sessions for all scopes...
2025-08-09 20:31:38.333 [info] Got 1 GitHub sessions for all scopes...
2025-08-09 20:31:40.823 [info] Getting GitHub sessions for project,read:org,read:user,repo,user:email,workflow...
2025-08-09 20:31:40.823 [info] Got 0 GitHub sessions for project,read:org,read:user,repo,user:email,workflow...
2025-08-09 20:31:40.912 [info] Getting sessions for all scopes...
2025-08-09 20:31:40.912 [info] Getting GitHub sessions for all scopes...
2025-08-09 20:31:40.912 [info] Got 1 sessions for all scopes...
2025-08-09 20:31:40.912 [info] Got 1 GitHub sessions for all scopes...
2025-08-09 20:31:41.516 [info] Getting sessions for all scopes...
2025-08-09 20:31:41.516 [info] Getting GitHub sessions for all scopes...
2025-08-09 20:31:41.516 [info] Got 1 sessions for all scopes...
2025-08-09 20:31:41.516 [info] Got 1 GitHub sessions for all scopes...
2025-08-09 20:31:42.160 [info] Getting sessions for all scopes...
2025-08-09 20:31:42.160 [info] Getting GitHub sessions for all scopes...
2025-08-09 20:31:42.160 [info] Got 1 sessions for all scopes...
2025-08-09 20:31:42.160 [info] Got 1 GitHub sessions for all scopes...
2025-08-09 20:31:42.161 [info] Getting sessions for all scopes...
2025-08-09 20:31:42.161 [info] Getting GitHub sessions for all scopes...
2025-08-09 20:31:42.161 [info] Got 1 sessions for all scopes...
2025-08-09 20:31:42.161 [info] Got 1 GitHub sessions for all scopes...
2025-08-09 20:31:42.161 [info] Getting sessions for all scopes...
2025-08-09 20:31:42.161 [info] Getting GitHub sessions for all scopes...
2025-08-09 20:31:42.161 [info] Got 1 sessions for all scopes...
2025-08-09 20:31:42.161 [info] Got 1 GitHub sessions for all scopes...
2025-08-09 20:31:42.348 [info] Getting GitHub sessions for read:user,repo,user:email,workflow...
2025-08-09 20:31:42.348 [info] Got 0 GitHub sessions for read:user,repo,user:email,workflow...
2025-08-09 20:31:43.908 [info] Getting GitHub sessions for read:user,repo,user:email...
2025-08-09 20:31:43.908 [info] Got 0 GitHub sessions for read:user,repo,user:email...
2025-08-09 20:31:44.856 [info] Getting GitHub sessions for read:user,repo,user:email,workflow...
2025-08-09 20:31:44.856 [info] Got 0 GitHub sessions for read:user,repo,user:email,workflow...
