2025-08-08 20:07:34.777 [info] Log level: Info
2025-08-08 20:07:34.777 [info] VSCODE_MACHINE_ID: 10d3d877-fe56-442f-a117-f9035039c6e9
2025-08-08 20:07:34.777 [info] VSCODE_SESSION_ID: aad17bc5-a9e6-4ec6-b97b-fe6f6e6f79d61754683644845
2025-08-08 20:07:34.777 [info] VSCODE_VERSION: 1.102.3
2025-08-08 20:07:34.777 [info] VSCODE_APP_NAME: Gitpod Code
2025-08-08 20:07:34.777 [info] VSCODE_APP_HOST: Gitpod
2025-08-08 20:07:34.777 [info] VSCODE_UI_KIND: web
2025-08-08 20:07:34.777 [info] GITPOD_WORKSPACE_CONTEXT_URL: https://github.com/Abdallah-Develop/Website-starter
2025-08-08 20:07:34.777 [info] GITPOD_INSTANCE_ID: 2f837f42-47b0-4395-9a8e-42383a0dc8f2
2025-08-08 20:07:34.777 [info] GITPOD_WORKSPACE_URL: https://abdallahdev-websitestar-esjdme0laxn.ws-eu120.gitpod.io
2025-08-08 20:07:34.777 [info] Gitpod Web 3953e81
2025-08-08 20:07:34.777 [info] Reading sessions from keychain...
2025-08-08 20:07:35.148 [info] Got stored sessions!
2025-08-08 20:07:35.148 [info] Getting sessions for all scopes...
2025-08-08 20:07:35.148 [info] Getting GitHub sessions for all scopes...
2025-08-08 20:07:35.161 [info] Verified session with the following scopes: function:accessCodeSyncStorage function:closePort function:controlAdmission function:deleteEnvVar function:generateNewGitpodToken function:getDefaultWorkspaceImage function:getGitpodTokenScopes function:getIDToken function:getLoggedInUser function:getOpenPorts function:getSupportedWorkspaceClasses function:getTeams function:getToken function:getWorkspace function:getWorkspaceEnvVars function:getWorkspaceOwner function:getWorkspaceTimeout function:getWorkspaceUsers function:guessGitTokenScopes function:isWorkspaceOwner function:openPort function:sendHeartBeat function:setEnvVar function:setWorkspaceTimeout function:stopWorkspace function:takeSnapshot function:trackEvent function:updateGitStatus function:waitForSnapshot resource:contentBlob::*::create/get resource:envVar::*/**::update resource:envVar::*/*::update resource:envVar::Abdallah-Develop/Website-starter::create/get/update/delete resource:gitpodToken::*::create resource:snapshot::ws-abdallahdev-websitestar-esjdme0laxn::create resource:token::*::get resource:userStorage::*::create/get/update resource:workspace::abdallahdev-websitestar-esjdme0laxn::get/update resource:workspaceInstance::2f837f42-47b0-4395-9a8e-42383a0dc8f2::get/update/delete
2025-08-08 20:07:35.161 [info] Got 1 verified sessions.
2025-08-08 20:07:35.161 [info] Got 1 sessions for all scopes...
2025-08-08 20:07:35.162 [info] Getting sessions for all scopes...
2025-08-08 20:07:35.162 [info] Got 1 sessions for all scopes...
2025-08-08 20:07:35.162 [info] Getting sessions for all scopes...
2025-08-08 20:07:35.162 [info] Got 1 sessions for all scopes...
2025-08-08 20:07:35.162 [info] Getting sessions for function:accessCodeSyncStorage...
2025-08-08 20:07:35.162 [info] Got 1 sessions for function:accessCodeSyncStorage...
2025-08-08 20:07:36.543 [info] Getting sessions for all scopes...
2025-08-08 20:07:36.544 [info] Got 1 sessions for all scopes...
2025-08-08 20:07:36.544 [info] Getting sessions for all scopes...
2025-08-08 20:07:36.544 [info] Got 1 sessions for all scopes...
2025-08-08 20:07:36.599 [info] Getting sessions for all scopes...
2025-08-08 20:07:36.599 [info] Got 1 sessions for all scopes...
2025-08-08 20:07:36.658 [info] Got 1 GitHub sessions for all scopes...
2025-08-08 20:07:36.658 [info] Getting GitHub sessions for all scopes...
2025-08-08 20:07:36.658 [info] Got 1 GitHub sessions for all scopes...
2025-08-08 20:07:36.658 [info] Getting GitHub sessions for all scopes...
2025-08-08 20:07:36.658 [info] Got 1 GitHub sessions for all scopes...
2025-08-08 20:07:36.658 [info] Getting GitHub sessions for all scopes...
2025-08-08 20:07:36.658 [info] Got 1 GitHub sessions for all scopes...
2025-08-08 20:07:36.658 [info] Getting GitHub sessions for all scopes...
2025-08-08 20:07:36.658 [info] Got 1 GitHub sessions for all scopes...
2025-08-08 20:07:37.648 [info] Getting GitHub sessions for all scopes...
2025-08-08 20:07:37.648 [info] Getting sessions for all scopes...
2025-08-08 20:07:37.648 [info] Got 1 GitHub sessions for all scopes...
2025-08-08 20:07:37.648 [info] Got 1 sessions for all scopes...
2025-08-08 20:07:37.648 [info] Getting GitHub sessions for all scopes...
2025-08-08 20:07:37.648 [info] Got 1 GitHub sessions for all scopes...
2025-08-08 20:07:37.890 [info] Getting sessions for all scopes...
2025-08-08 20:07:37.890 [info] Getting GitHub sessions for all scopes...
2025-08-08 20:07:37.890 [info] Got 1 sessions for all scopes...
2025-08-08 20:07:37.890 [info] Got 1 GitHub sessions for all scopes...
2025-08-08 20:07:38.925 [info] Getting sessions for all scopes...
2025-08-08 20:07:38.925 [info] Getting GitHub sessions for all scopes...
2025-08-08 20:07:38.925 [info] Got 1 sessions for all scopes...
2025-08-08 20:07:38.925 [info] Got 1 GitHub sessions for all scopes...
2025-08-08 20:07:39.467 [info] Getting GitHub sessions for read:user,repo,user:email,workflow...
2025-08-08 20:07:39.467 [info] Got 0 GitHub sessions for read:user,repo,user:email,workflow...
2025-08-08 20:07:39.994 [info] Getting GitHub sessions for project,read:org,read:user,repo,user:email,workflow...
2025-08-08 20:07:39.994 [info] Got 0 GitHub sessions for project,read:org,read:user,repo,user:email,workflow...
2025-08-08 20:07:40.500 [info] Getting sessions for all scopes...
2025-08-08 20:07:40.500 [info] Getting GitHub sessions for all scopes...
2025-08-08 20:07:40.500 [info] Got 1 sessions for all scopes...
2025-08-08 20:07:40.500 [info] Got 1 GitHub sessions for all scopes...
2025-08-08 20:07:40.986 [info] Getting GitHub sessions for read:user,repo,user:email,workflow...
2025-08-08 20:07:40.986 [info] Got 0 GitHub sessions for read:user,repo,user:email,workflow...
2025-08-08 20:07:41.582 [info] Getting GitHub sessions for read:user,repo,user:email...
2025-08-08 20:07:41.582 [info] Got 0 GitHub sessions for read:user,repo,user:email...
2025-08-08 20:07:41.990 [info] Getting GitHub sessions for read:user,repo,user:email,workflow...
2025-08-08 20:07:41.990 [info] Got 0 GitHub sessions for read:user,repo,user:email,workflow...
2025-08-08 20:07:47.185 [info] Getting sessions for all scopes...
2025-08-08 20:07:47.185 [info] Getting GitHub sessions for all scopes...
2025-08-08 20:07:47.186 [info] Got 1 sessions for all scopes...
2025-08-08 20:07:47.186 [info] Got 1 GitHub sessions for all scopes...
2025-08-08 20:07:47.459 [info] Getting sessions for all scopes...
2025-08-08 20:07:47.459 [info] Getting GitHub sessions for all scopes...
2025-08-08 20:07:47.459 [info] Got 1 sessions for all scopes...
2025-08-08 20:07:47.459 [info] Got 1 GitHub sessions for all scopes...
