2025-08-08 23:32:50.625 [info] [main] Log level: Info
2025-08-08 23:32:50.625 [info] [main] Validating found git in: "git"
2025-08-08 23:32:50.625 [info] [main] Using git "2.49.0" from "git"
2025-08-08 23:32:50.625 [info] [Model][doInitialScan] Initial repository scan started
2025-08-08 23:32:50.625 [info] > git rev-parse --show-toplevel [3ms]
2025-08-08 23:32:50.625 [info] > git rev-parse --git-dir --git-common-dir [2ms]
2025-08-08 23:32:50.625 [info] [Model][openRepository] Opened repository (path): /workspace/Website-starter
2025-08-08 23:32:50.625 [info] [Model][openRepository] Opened repository (real path): /workspace/Website-starter
2025-08-08 23:32:50.625 [info] > git config --get commit.template [6ms]
2025-08-08 23:32:50.625 [info] > git rev-parse --show-toplevel [9ms]
2025-08-08 23:32:50.625 [info] > git for-each-ref --format=%(refname)%00%(upstream:short)%00%(objectname)%00%(upstream:track)%00%(upstream:remotename)%00%(upstream:remoteref) refs/heads/main refs/remotes/main [8ms]
2025-08-08 23:32:50.625 [info] > git rev-parse --show-toplevel [36ms]
2025-08-08 23:32:50.625 [info] > git rev-parse --show-toplevel [13ms]
2025-08-08 23:32:50.625 [info] > git for-each-ref --sort -committerdate --format %(refname)%00%(objectname)%00%(*objectname) [7ms]
2025-08-08 23:32:50.625 [info] > git rev-parse --show-toplevel [2ms]
2025-08-08 23:32:50.625 [info] > git status -z -uall [19ms]
2025-08-08 23:32:50.625 [info] > git rev-parse --show-toplevel [108ms]
2025-08-08 23:32:50.625 [info] > git config --get commit.template [77ms]
2025-08-08 23:32:50.625 [info] > git for-each-ref --format=%(refname)%00%(upstream:short)%00%(objectname)%00%(upstream:track)%00%(upstream:remotename)%00%(upstream:remoteref) refs/heads/main refs/remotes/main [106ms]
2025-08-08 23:32:50.625 [info] > git rev-parse --show-toplevel [17ms]
2025-08-08 23:32:50.625 [info] > git config --get --local branch.main.vscode-merge-base [24ms]
2025-08-08 23:32:50.625 [info] > git rev-parse --show-toplevel [11ms]
2025-08-08 23:32:50.625 [info] > git for-each-ref --format=%(refname)%00%(upstream:short)%00%(objectname)%00%(upstream:track)%00%(upstream:remotename)%00%(upstream:remoteref) refs/heads/main refs/remotes/main [18ms]
2025-08-08 23:32:50.625 [info] > git for-each-ref --format=%(refname)%00%(upstream:short)%00%(objectname)%00%(upstream:track)%00%(upstream:remotename)%00%(upstream:remoteref) refs/heads/origin/main refs/remotes/origin/main [11ms]
2025-08-08 23:32:50.625 [info] > git rev-parse --show-toplevel [73ms]
2025-08-08 23:32:50.625 [info] [Model][doInitialScan] Initial repository scan completed - repositories (1), closed repositories (0), parent repositories (0), unsafe repositories (0)
2025-08-08 23:32:50.625 [info] > git merge-base refs/heads/main refs/remotes/origin/main [72ms]
2025-08-08 23:32:50.625 [info] > git fetch [426ms]
2025-08-08 23:32:50.625 [info] > git for-each-ref --sort -committerdate --format %(refname)%00%(objectname)%00%(*objectname) [2ms] (cancelled)
2025-08-08 23:32:50.625 [info] > git diff --name-status -z --diff-filter=ADMR 0d7a3a898007be1d8200d8db99d59472a2da8d06...refs/remotes/origin/main [21ms]
2025-08-08 23:32:50.625 [info] > git status -z -uall [46ms] (cancelled)
2025-08-08 23:32:50.625 [info] > git merge-base refs/heads/main refs/remotes/origin/main [44ms]
2025-08-08 23:32:50.625 [info] > git config --get commit.template [22ms]
2025-08-08 23:32:50.625 [info] > git diff --name-status -z --diff-filter=ADMR 0d7a3a898007be1d8200d8db99d59472a2da8d06...refs/remotes/origin/main [11ms]
2025-08-08 23:32:50.625 [info] > git for-each-ref --format=%(refname)%00%(upstream:short)%00%(objectname)%00%(upstream:track)%00%(upstream:remotename)%00%(upstream:remoteref) refs/heads/main refs/remotes/main [4ms]
2025-08-08 23:32:50.625 [info] > git for-each-ref --sort -committerdate --format %(refname)%00%(objectname)%00%(*objectname) [5ms]
2025-08-08 23:32:50.625 [info] > git status -z -uall [15ms]
2025-08-08 23:32:53.093 [info] > git check-ignore -v -z --stdin [2ms]
2025-08-08 23:32:55.093 [info] > git show --textconv :src/components/ui/buttons/PrimaryCTA.astro [7ms]
2025-08-08 23:32:55.095 [info] > git ls-files --stage -- src/components/ui/buttons/PrimaryCTA.astro [3ms]
2025-08-08 23:32:55.103 [info] > git cat-file -s 17596086970dc70a2bdadfcfeb7c314eb7060c29 [3ms]
2025-08-08 23:33:00.694 [info] > git config --get --local branch.main.github-pr-owner-number [6ms]
2025-08-08 23:33:00.694 [warning] [Git][config] git config failed: Failed to execute git
2025-08-08 23:35:50.918 [info] > git fetch [322ms]
2025-08-08 23:35:50.940 [info] > git config --get commit.template [11ms]
2025-08-08 23:35:50.941 [info] > git for-each-ref --format=%(refname)%00%(upstream:short)%00%(objectname)%00%(upstream:track)%00%(upstream:remotename)%00%(upstream:remoteref) refs/heads/main refs/remotes/main [3ms]
2025-08-08 23:35:50.961 [info] > git for-each-ref --sort -committerdate --format %(refname)%00%(objectname)%00%(*objectname) [2ms]
2025-08-08 23:35:50.965 [info] > git status -z -uall [14ms]
2025-08-08 23:35:52.158 [info] > git config --get commit.template [2ms]
2025-08-08 23:35:52.172 [info] > git for-each-ref --format=%(refname)%00%(upstream:short)%00%(objectname)%00%(upstream:track)%00%(upstream:remotename)%00%(upstream:remoteref) refs/heads/main refs/remotes/main [3ms]
2025-08-08 23:35:52.196 [info] > git for-each-ref --sort -committerdate --format %(refname)%00%(objectname)%00%(*objectname) [4ms]
2025-08-08 23:35:52.199 [info] > git status -z -uall [17ms]
2025-08-08 23:35:52.470 [info] > git ls-files --stage -- src/components/ui/buttons/PrimaryCTA.astro [2ms]
2025-08-08 23:35:52.482 [info] > git cat-file -s 17596086970dc70a2bdadfcfeb7c314eb7060c29 [2ms]
2025-08-08 23:35:52.606 [info] > git show --textconv :src/components/ui/buttons/PrimaryCTA.astro [3ms]
2025-08-08 23:36:39.872 [info] > git blame --root --incremental 0d7a3a898007be1d8200d8db99d59472a2da8d06 -- src/components/ui/buttons/PrimaryCTA.astro [3ms]
2025-08-08 23:36:44.777 [info] > git config --get commit.template [13ms]
2025-08-08 23:36:44.779 [info] > git for-each-ref --format=%(refname)%00%(upstream:short)%00%(objectname)%00%(upstream:track)%00%(upstream:remotename)%00%(upstream:remoteref) refs/heads/main refs/remotes/main [2ms]
2025-08-08 23:36:44.806 [info] > git status -z -uall [15ms]
2025-08-08 23:36:44.809 [info] > git for-each-ref --sort -committerdate --format %(refname)%00%(objectname)%00%(*objectname) [2ms]
2025-08-08 23:36:45.934 [info] > git check-ignore -v -z --stdin [2ms]
2025-08-08 23:36:48.669 [info] > git show --textconv :src/assets/styles/global.css [12ms]
2025-08-08 23:36:48.671 [info] > git ls-files --stage -- src/assets/styles/global.css [2ms]
2025-08-08 23:36:48.684 [info] > git cat-file -s 50bf8db4d56518176564a94ccf94019947884767 [2ms]
2025-08-08 23:36:49.450 [info] > git blame --root --incremental 0d7a3a898007be1d8200d8db99d59472a2da8d06 -- src/assets/styles/global.css [6ms]
2025-08-08 23:36:54.029 [info] > git config --get commit.template [15ms]
2025-08-08 23:36:54.031 [info] > git for-each-ref --format=%(refname)%00%(upstream:short)%00%(objectname)%00%(upstream:track)%00%(upstream:remotename)%00%(upstream:remoteref) refs/heads/main refs/remotes/main [3ms]
2025-08-08 23:36:54.060 [info] > git status -z -uall [15ms]
2025-08-08 23:36:54.061 [info] > git for-each-ref --sort -committerdate --format %(refname)%00%(objectname)%00%(*objectname) [3ms]
2025-08-08 23:37:00.136 [info] > git config --get commit.template [9ms]
2025-08-08 23:37:00.137 [info] > git for-each-ref --format=%(refname)%00%(upstream:short)%00%(objectname)%00%(upstream:track)%00%(upstream:remotename)%00%(upstream:remoteref) refs/heads/main refs/remotes/main [2ms]
2025-08-08 23:37:00.161 [info] > git for-each-ref --sort -committerdate --format %(refname)%00%(objectname)%00%(*objectname) [3ms]
2025-08-08 23:37:00.162 [info] > git status -z -uall [16ms]
2025-08-08 23:37:05.802 [info] > git config --get commit.template [20ms]
2025-08-08 23:37:05.811 [info] > git for-each-ref --format=%(refname)%00%(upstream:short)%00%(objectname)%00%(upstream:track)%00%(upstream:remotename)%00%(upstream:remoteref) refs/heads/main refs/remotes/main [9ms]
2025-08-08 23:37:05.837 [info] > git status -z -uall [14ms]
2025-08-08 23:37:05.837 [info] > git for-each-ref --sort -committerdate --format %(refname)%00%(objectname)%00%(*objectname) [3ms]
2025-08-08 23:37:14.187 [info] > git config --get commit.template [14ms]
2025-08-08 23:37:14.187 [info] > git for-each-ref --format=%(refname)%00%(upstream:short)%00%(objectname)%00%(upstream:track)%00%(upstream:remotename)%00%(upstream:remoteref) refs/heads/main refs/remotes/main [3ms]
2025-08-08 23:37:14.216 [info] > git status -z -uall [16ms]
2025-08-08 23:37:14.216 [info] > git for-each-ref --sort -committerdate --format %(refname)%00%(objectname)%00%(*objectname) [3ms]
2025-08-08 23:37:36.215 [info] > git show --textconv :src/components/ui/buttons/PrimaryCTA.astro [10ms]
2025-08-08 23:37:36.216 [info] > git ls-files --stage -- src/components/ui/buttons/PrimaryCTA.astro [1ms]
2025-08-08 23:37:36.227 [info] > git cat-file -s 17596086970dc70a2bdadfcfeb7c314eb7060c29 [2ms]
2025-08-08 23:38:06.681 [info] > git config --get commit.template [12ms]
2025-08-08 23:38:06.682 [info] > git for-each-ref --format=%(refname)%00%(upstream:short)%00%(objectname)%00%(upstream:track)%00%(upstream:remotename)%00%(upstream:remoteref) refs/heads/main refs/remotes/main [3ms]
2025-08-08 23:38:06.701 [info] > git for-each-ref --sort -committerdate --format %(refname)%00%(objectname)%00%(*objectname) [2ms]
2025-08-08 23:38:06.705 [info] > git status -z -uall [15ms]
2025-08-08 23:38:08.960 [info] > git check-ignore -v -z --stdin [2ms]
2025-08-08 23:38:10.458 [info] > git show --textconv :src/components/sections/landing/HeroSection.astro [12ms]
2025-08-08 23:38:10.459 [info] > git ls-files --stage -- src/components/sections/landing/HeroSection.astro [2ms]
2025-08-08 23:38:10.472 [info] > git cat-file -s 651d4ec772e9f1908a9a04cbe4abb909827b9701 [2ms]
2025-08-08 23:38:10.974 [info] > git blame --root --incremental 0d7a3a898007be1d8200d8db99d59472a2da8d06 -- src/components/sections/landing/HeroSection.astro [4ms]
2025-08-08 23:38:21.807 [info] > git config --get commit.template [13ms]
2025-08-08 23:38:21.809 [info] > git for-each-ref --format=%(refname)%00%(upstream:short)%00%(objectname)%00%(upstream:track)%00%(upstream:remotename)%00%(upstream:remoteref) refs/heads/main refs/remotes/main [3ms]
2025-08-08 23:38:21.834 [info] > git for-each-ref --sort -committerdate --format %(refname)%00%(objectname)%00%(*objectname) [3ms]
2025-08-08 23:38:21.834 [info] > git status -z -uall [14ms]
2025-08-08 23:38:26.988 [info] > git config --get commit.template [12ms]
2025-08-08 23:38:26.990 [info] > git for-each-ref --format=%(refname)%00%(upstream:short)%00%(objectname)%00%(upstream:track)%00%(upstream:remotename)%00%(upstream:remoteref) refs/heads/main refs/remotes/main [2ms]
2025-08-08 23:38:27.017 [info] > git status -z -uall [15ms]
2025-08-08 23:38:27.018 [info] > git for-each-ref --sort -committerdate --format %(refname)%00%(objectname)%00%(*objectname) [4ms]
2025-08-08 23:38:32.113 [info] > git config --get commit.template [16ms]
2025-08-08 23:38:32.115 [info] > git for-each-ref --format=%(refname)%00%(upstream:short)%00%(objectname)%00%(upstream:track)%00%(upstream:remotename)%00%(upstream:remoteref) refs/heads/main refs/remotes/main [3ms]
2025-08-08 23:38:32.188 [info] > git status -z -uall [63ms]
2025-08-08 23:38:32.190 [info] > git for-each-ref --sort -committerdate --format %(refname)%00%(objectname)%00%(*objectname) [4ms]
2025-08-08 23:38:42.875 [info] > git config --get commit.template [11ms]
2025-08-08 23:38:42.876 [info] > git for-each-ref --format=%(refname)%00%(upstream:short)%00%(objectname)%00%(upstream:track)%00%(upstream:remotename)%00%(upstream:remoteref) refs/heads/main refs/remotes/main [2ms]
2025-08-08 23:38:42.906 [info] > git for-each-ref --sort -committerdate --format %(refname)%00%(objectname)%00%(*objectname) [4ms]
2025-08-08 23:38:42.914 [info] > git status -z -uall [24ms]
2025-08-08 23:38:51.337 [info] > git fetch [355ms]
2025-08-08 23:38:51.359 [info] > git config --get commit.template [11ms]
2025-08-08 23:38:51.361 [info] > git for-each-ref --format=%(refname)%00%(upstream:short)%00%(objectname)%00%(upstream:track)%00%(upstream:remotename)%00%(upstream:remoteref) refs/heads/main refs/remotes/main [2ms]
2025-08-08 23:38:51.389 [info] > git for-each-ref --sort -committerdate --format %(refname)%00%(objectname)%00%(*objectname) [4ms]
2025-08-08 23:38:51.389 [info] > git status -z -uall [18ms]
2025-08-08 23:38:52.622 [info] > git config --get commit.template [17ms]
2025-08-08 23:38:52.622 [info] > git for-each-ref --format=%(refname)%00%(upstream:short)%00%(objectname)%00%(upstream:track)%00%(upstream:remotename)%00%(upstream:remoteref) refs/heads/main refs/remotes/main [3ms]
2025-08-08 23:38:52.661 [info] > git status -z -uall [23ms]
2025-08-08 23:38:52.667 [info] > git for-each-ref --sort -committerdate --format %(refname)%00%(objectname)%00%(*objectname) [7ms]
2025-08-08 23:38:53.056 [info] > git ls-files --stage -- src/components/sections/landing/HeroSection.astro [3ms]
2025-08-08 23:38:53.078 [info] > git cat-file -s 651d4ec772e9f1908a9a04cbe4abb909827b9701 [4ms]
2025-08-08 23:38:54.601 [info] > git show --textconv :src/components/sections/landing/HeroSection.astro [3ms]
2025-08-08 23:38:57.810 [info] > git check-ignore -v -z --stdin [2ms]
2025-08-08 23:39:08.591 [info] > git show --textconv :src/components/sections/landing/HeroSection.astro [12ms]
2025-08-08 23:39:08.592 [info] > git ls-files --stage -- src/components/sections/landing/HeroSection.astro [2ms]
2025-08-08 23:39:08.603 [info] > git cat-file -s 651d4ec772e9f1908a9a04cbe4abb909827b9701 [2ms]
2025-08-08 23:40:04.248 [info] > git show --textconv :src/assets/styles/global.css [14ms]
2025-08-08 23:40:04.249 [info] > git ls-files --stage -- src/assets/styles/global.css [2ms]
2025-08-08 23:40:04.262 [info] > git cat-file -s 50bf8db4d56518176564a94ccf94019947884767 [2ms]
2025-08-08 23:40:09.641 [info] > git config --get commit.template [10ms]
2025-08-08 23:40:09.642 [info] > git for-each-ref --format=%(refname)%00%(upstream:short)%00%(objectname)%00%(upstream:track)%00%(upstream:remotename)%00%(upstream:remoteref) refs/heads/main refs/remotes/main [2ms]
2025-08-08 23:40:09.682 [info] > git status -z -uall [27ms]
2025-08-08 23:40:09.682 [info] > git for-each-ref --sort -committerdate --format %(refname)%00%(objectname)%00%(*objectname) [15ms]
2025-08-08 23:40:14.707 [info] > git config --get commit.template [10ms]
2025-08-08 23:40:14.708 [info] > git for-each-ref --format=%(refname)%00%(upstream:short)%00%(objectname)%00%(upstream:track)%00%(upstream:remotename)%00%(upstream:remoteref) refs/heads/main refs/remotes/main [2ms]
2025-08-08 23:40:14.733 [info] > git for-each-ref --sort -committerdate --format %(refname)%00%(objectname)%00%(*objectname) [3ms]
2025-08-08 23:40:14.734 [info] > git status -z -uall [15ms]
