2025-08-09 14:54:58.719 [info] Log level: Info
2025-08-09 14:54:58.719 [info] VSCODE_MACHINE_ID: 10d3d877-fe56-442f-a117-f9035039c6e9
2025-08-09 14:54:58.719 [info] VSCODE_SESSION_ID: 364dbb4f-cdc5-421c-8838-6b5ad190edc21754751289658
2025-08-09 14:54:58.719 [info] VSCODE_VERSION: 1.102.3
2025-08-09 14:54:58.719 [info] VSCODE_APP_NAME: Gitpod Code
2025-08-09 14:54:58.719 [info] VSCODE_APP_HOST: Gitpod
2025-08-09 14:54:58.719 [info] VSCODE_UI_KIND: web
2025-08-09 14:54:58.719 [info] GITPOD_WORKSPACE_CONTEXT_URL: https://github.com/Abdallah-Develop/Website-starter
2025-08-09 14:54:58.719 [info] GITPOD_INSTANCE_ID: b59029ac-1008-4582-9739-2f9f6ca07115
2025-08-09 14:54:58.719 [info] GITPOD_WORKSPACE_URL: https://abdallahdev-websitestar-esjdme0laxn.ws-eu120.gitpod.io
2025-08-09 14:54:58.719 [info] Gitpod Web 3953e81
2025-08-09 14:54:58.719 [info] Reading sessions from keychain...
2025-08-09 14:54:59.805 [info] Got stored sessions!
2025-08-09 14:54:59.805 [info] Verified session with the following scopes: function:accessCodeSyncStorage function:closePort function:controlAdmission function:deleteEnvVar function:generateNewGitpodToken function:getDefaultWorkspaceImage function:getGitpodTokenScopes function:getIDToken function:getLoggedInUser function:getOpenPorts function:getSupportedWorkspaceClasses function:getTeams function:getToken function:getWorkspace function:getWorkspaceEnvVars function:getWorkspaceOwner function:getWorkspaceTimeout function:getWorkspaceUsers function:guessGitTokenScopes function:isWorkspaceOwner function:openPort function:sendHeartBeat function:setEnvVar function:setWorkspaceTimeout function:stopWorkspace function:takeSnapshot function:trackEvent function:updateGitStatus function:waitForSnapshot resource:contentBlob::*::create/get resource:envVar::*/**::update resource:envVar::*/*::update resource:envVar::Abdallah-Develop/Website-starter::create/get/update/delete resource:gitpodToken::*::create resource:snapshot::ws-abdallahdev-websitestar-esjdme0laxn::create resource:token::*::get resource:userStorage::*::create/get/update resource:workspace::abdallahdev-websitestar-esjdme0laxn::get/update resource:workspaceInstance::b59029ac-1008-4582-9739-2f9f6ca07115::get/update/delete
2025-08-09 14:54:59.806 [info] Got 1 verified sessions.
2025-08-09 14:54:59.806 [info] Getting sessions for all scopes...
2025-08-09 14:54:59.806 [info] Getting GitHub sessions for all scopes...
2025-08-09 14:54:59.806 [info] Got 1 sessions for all scopes...
2025-08-09 14:54:59.806 [info] Getting sessions for all scopes...
2025-08-09 14:54:59.806 [info] Got 1 sessions for all scopes...
2025-08-09 14:54:59.806 [info] Getting sessions for all scopes...
2025-08-09 14:54:59.806 [info] Got 1 sessions for all scopes...
2025-08-09 14:55:00.832 [info] Got 1 GitHub sessions for all scopes...
2025-08-09 14:55:01.381 [info] Getting GitHub sessions for all scopes...
2025-08-09 14:55:01.381 [info] Getting sessions for all scopes...
2025-08-09 14:55:01.381 [info] Got 1 GitHub sessions for all scopes...
2025-08-09 14:55:01.381 [info] Got 1 sessions for all scopes...
2025-08-09 14:55:01.381 [info] Getting GitHub sessions for all scopes...
2025-08-09 14:55:01.381 [info] Got 1 GitHub sessions for all scopes...
2025-08-09 14:55:02.347 [info] Getting sessions for function:accessCodeSyncStorage...
2025-08-09 14:55:02.347 [info] Got 1 sessions for function:accessCodeSyncStorage...
2025-08-09 14:55:02.560 [info] Getting GitHub sessions for read:user,repo,user:email,workflow...
2025-08-09 14:55:02.560 [info] Got 0 GitHub sessions for read:user,repo,user:email,workflow...
2025-08-09 14:55:02.578 [info] Getting GitHub sessions for all scopes...
2025-08-09 14:55:02.578 [info] Got 1 GitHub sessions for all scopes...
2025-08-09 14:55:03.833 [info] Getting sessions for all scopes...
2025-08-09 14:55:03.833 [info] Getting GitHub sessions for all scopes...
2025-08-09 14:55:03.833 [info] Got 1 sessions for all scopes...
2025-08-09 14:55:03.833 [info] Got 1 GitHub sessions for all scopes...
2025-08-09 14:55:03.857 [info] Getting GitHub sessions for project,read:org,read:user,repo,user:email,workflow...
2025-08-09 14:55:03.858 [info] Got 0 GitHub sessions for project,read:org,read:user,repo,user:email,workflow...
2025-08-09 14:55:03.963 [info] Getting sessions for all scopes...
2025-08-09 14:55:03.963 [info] Getting GitHub sessions for all scopes...
2025-08-09 14:55:03.963 [info] Got 1 sessions for all scopes...
2025-08-09 14:55:03.963 [info] Got 1 GitHub sessions for all scopes...
2025-08-09 14:55:04.441 [info] Getting sessions for all scopes...
2025-08-09 14:55:04.441 [info] Getting GitHub sessions for all scopes...
2025-08-09 14:55:04.441 [info] Got 1 sessions for all scopes...
2025-08-09 14:55:04.441 [info] Got 1 GitHub sessions for all scopes...
2025-08-09 14:55:04.760 [info] Getting GitHub sessions for read:user,repo,user:email,workflow...
2025-08-09 14:55:04.760 [info] Got 0 GitHub sessions for read:user,repo,user:email,workflow...
2025-08-09 14:55:04.762 [info] Getting sessions for all scopes...
2025-08-09 14:55:04.763 [info] Getting GitHub sessions for all scopes...
2025-08-09 14:55:04.763 [info] Got 1 sessions for all scopes...
2025-08-09 14:55:04.763 [info] Got 1 GitHub sessions for all scopes...
2025-08-09 14:55:04.797 [info] Getting sessions for all scopes...
2025-08-09 14:55:04.797 [info] Getting GitHub sessions for all scopes...
2025-08-09 14:55:04.797 [info] Got 1 sessions for all scopes...
2025-08-09 14:55:04.797 [info] Got 1 GitHub sessions for all scopes...
2025-08-09 14:55:05.470 [info] Getting sessions for all scopes...
2025-08-09 14:55:05.470 [info] Getting GitHub sessions for all scopes...
2025-08-09 14:55:05.470 [info] Got 1 sessions for all scopes...
2025-08-09 14:55:05.470 [info] Got 1 GitHub sessions for all scopes...
2025-08-09 14:55:06.368 [info] Getting GitHub sessions for read:user,repo,user:email...
2025-08-09 14:55:06.368 [info] Got 0 GitHub sessions for read:user,repo,user:email...
2025-08-09 14:55:07.765 [info] Getting GitHub sessions for read:user,repo,user:email,workflow...
2025-08-09 14:55:07.765 [info] Got 0 GitHub sessions for read:user,repo,user:email,workflow...
2025-08-09 14:55:07.776 [info] Getting sessions for all scopes...
2025-08-09 14:55:07.776 [info] Getting GitHub sessions for all scopes...
2025-08-09 14:55:07.776 [info] Got 1 sessions for all scopes...
2025-08-09 14:55:07.776 [info] Got 1 GitHub sessions for all scopes...
2025-08-09 14:55:07.990 [info] Getting sessions for all scopes...
2025-08-09 14:55:07.990 [info] Getting GitHub sessions for all scopes...
2025-08-09 14:55:07.990 [info] Got 1 sessions for all scopes...
2025-08-09 14:55:07.990 [info] Got 1 GitHub sessions for all scopes...
2025-08-09 14:55:08.583 [info] Getting sessions for all scopes...
2025-08-09 14:55:08.583 [info] Getting GitHub sessions for all scopes...
2025-08-09 14:55:08.583 [info] Got 1 sessions for all scopes...
2025-08-09 14:55:08.583 [info] Got 1 GitHub sessions for all scopes...
2025-08-09 14:55:08.583 [info] Getting sessions for all scopes...
2025-08-09 14:55:08.583 [info] Getting GitHub sessions for all scopes...
2025-08-09 14:55:08.583 [info] Got 1 sessions for all scopes...
2025-08-09 14:55:08.583 [info] Got 1 GitHub sessions for all scopes...
2025-08-09 14:55:08.583 [info] Getting sessions for all scopes...
2025-08-09 14:55:08.583 [info] Getting GitHub sessions for all scopes...
2025-08-09 14:55:08.583 [info] Got 1 sessions for all scopes...
2025-08-09 14:55:08.583 [info] Got 1 GitHub sessions for all scopes...
2025-08-09 14:55:13.122 [info] Getting sessions for all scopes...
2025-08-09 14:55:13.122 [info] Getting GitHub sessions for all scopes...
2025-08-09 14:55:13.122 [info] Got 1 sessions for all scopes...
2025-08-09 14:55:13.122 [info] Got 1 GitHub sessions for all scopes...
2025-08-09 14:55:13.235 [info] Getting sessions for all scopes...
2025-08-09 14:55:13.235 [info] Getting GitHub sessions for all scopes...
2025-08-09 14:55:13.235 [info] Got 1 sessions for all scopes...
2025-08-09 14:55:13.235 [info] Got 1 GitHub sessions for all scopes...
2025-08-09 14:55:41.376 [info] Getting sessions for all scopes...
2025-08-09 14:55:41.377 [info] Getting GitHub sessions for all scopes...
2025-08-09 14:55:41.377 [info] Got 1 sessions for all scopes...
2025-08-09 14:55:41.377 [info] Got 1 GitHub sessions for all scopes...
2025-08-09 14:55:41.473 [info] Getting sessions for all scopes...
2025-08-09 14:55:41.473 [info] Getting GitHub sessions for all scopes...
2025-08-09 14:55:41.473 [info] Got 1 sessions for all scopes...
2025-08-09 14:55:41.473 [info] Got 1 GitHub sessions for all scopes...
