2025-08-07 22:45:35.507 [info] Log level: Info
2025-08-07 22:45:35.550 [info] VSCODE_MACHINE_ID: 10d3d877-fe56-442f-a117-f9035039c6e9
2025-08-07 22:45:35.550 [info] VSCODE_SESSION_ID: d3d18a26-a5f6-4b45-a502-56a7888603141754606724204
2025-08-07 22:45:35.550 [info] VSCODE_VERSION: 1.102.3
2025-08-07 22:45:35.550 [info] VSCODE_APP_NAME: Gitpod Code
2025-08-07 22:45:35.550 [info] VSCODE_APP_HOST: Gitpod
2025-08-07 22:45:35.550 [info] VSCODE_UI_KIND: web
2025-08-07 22:45:35.550 [info] GITPOD_WORKSPACE_CONTEXT_URL: https://github.com/Abdallah-Develop/Website-starter
2025-08-07 22:45:35.550 [info] GITPOD_INSTANCE_ID: cb19860f-f55c-4238-b489-d3fd28dbcdb2
2025-08-07 22:45:35.550 [info] GITPOD_WORKSPACE_URL: https://abdallahdev-websitestar-esjdme0laxn.ws-eu120.gitpod.io
2025-08-07 22:45:35.558 [info] Gitpod Web 3953e81
2025-08-07 22:45:35.558 [info] Reading sessions from keychain...
2025-08-07 22:45:36.199 [info] Got stored sessions!
2025-08-07 22:45:36.199 [info] Verified session with the following scopes: function:accessCodeSyncStorage function:closePort function:controlAdmission function:deleteEnvVar function:generateNewGitpodToken function:getDefaultWorkspaceImage function:getGitpodTokenScopes function:getIDToken function:getLoggedInUser function:getOpenPorts function:getSupportedWorkspaceClasses function:getTeams function:getToken function:getWorkspace function:getWorkspaceEnvVars function:getWorkspaceOwner function:getWorkspaceTimeout function:getWorkspaceUsers function:guessGitTokenScopes function:isWorkspaceOwner function:openPort function:sendHeartBeat function:setEnvVar function:setWorkspaceTimeout function:stopWorkspace function:takeSnapshot function:trackEvent function:updateGitStatus function:waitForSnapshot resource:contentBlob::*::create/get resource:envVar::*/**::update resource:envVar::*/*::update resource:envVar::Abdallah-Develop/Website-starter::create/get/update/delete resource:gitpodToken::*::create resource:snapshot::ws-abdallahdev-websitestar-esjdme0laxn::create resource:token::*::get resource:userStorage::*::create/get/update resource:workspace::abdallahdev-websitestar-esjdme0laxn::get/update resource:workspaceInstance::cb19860f-f55c-4238-b489-d3fd28dbcdb2::get/update/delete
2025-08-07 22:45:36.199 [info] Got 1 verified sessions.
2025-08-07 22:45:36.199 [info] Getting sessions for all scopes...
2025-08-07 22:45:36.199 [info] Getting GitHub sessions for all scopes...
2025-08-07 22:45:36.199 [info] Got 1 sessions for all scopes...
2025-08-07 22:45:36.199 [info] Getting sessions for all scopes...
2025-08-07 22:45:36.199 [info] Got 1 sessions for all scopes...
2025-08-07 22:45:36.199 [info] Getting sessions for all scopes...
2025-08-07 22:45:36.199 [info] Got 1 sessions for all scopes...
2025-08-07 22:45:39.789 [info] Got 1 GitHub sessions for all scopes...
2025-08-07 22:45:39.876 [info] Getting GitHub sessions for all scopes...
2025-08-07 22:45:39.876 [info] Getting sessions for all scopes...
2025-08-07 22:45:39.876 [info] Got 1 GitHub sessions for all scopes...
2025-08-07 22:45:39.876 [info] Got 1 sessions for all scopes...
2025-08-07 22:45:39.876 [info] Getting GitHub sessions for all scopes...
2025-08-07 22:45:39.876 [info] Got 1 GitHub sessions for all scopes...
2025-08-07 22:45:40.884 [info] Getting sessions for all scopes...
2025-08-07 22:45:40.884 [info] Getting GitHub sessions for all scopes...
2025-08-07 22:45:40.884 [info] Got 1 sessions for all scopes...
2025-08-07 22:45:40.884 [info] Got 1 GitHub sessions for all scopes...
2025-08-07 22:45:40.972 [info] Getting GitHub sessions for read:user,repo,user:email,workflow...
2025-08-07 22:45:40.972 [info] Got 0 GitHub sessions for read:user,repo,user:email,workflow...
2025-08-07 22:45:40.973 [info] Getting sessions for all scopes...
2025-08-07 22:45:40.973 [info] Getting GitHub sessions for all scopes...
2025-08-07 22:45:40.973 [info] Got 1 sessions for all scopes...
2025-08-07 22:45:40.973 [info] Got 1 GitHub sessions for all scopes...
2025-08-07 22:45:40.975 [info] Getting sessions for function:accessCodeSyncStorage...
2025-08-07 22:45:40.976 [info] Got 1 sessions for function:accessCodeSyncStorage...
2025-08-07 22:45:40.988 [info] Getting GitHub sessions for all scopes...
2025-08-07 22:45:40.988 [info] Got 1 GitHub sessions for all scopes...
2025-08-07 22:45:41.279 [info] Getting sessions for all scopes...
2025-08-07 22:45:41.279 [info] Getting GitHub sessions for all scopes...
2025-08-07 22:45:41.279 [info] Got 1 sessions for all scopes...
2025-08-07 22:45:41.279 [info] Got 1 GitHub sessions for all scopes...
2025-08-07 22:45:41.875 [info] Getting sessions for all scopes...
2025-08-07 22:45:41.875 [info] Getting GitHub sessions for all scopes...
2025-08-07 22:45:41.875 [info] Got 1 sessions for all scopes...
2025-08-07 22:45:41.875 [info] Got 1 GitHub sessions for all scopes...
2025-08-07 22:45:42.073 [info] Getting sessions for all scopes...
2025-08-07 22:45:42.073 [info] Getting GitHub sessions for all scopes...
2025-08-07 22:45:42.073 [info] Got 1 sessions for all scopes...
2025-08-07 22:45:42.073 [info] Got 1 GitHub sessions for all scopes...
2025-08-07 22:45:42.284 [info] Getting sessions for all scopes...
2025-08-07 22:45:42.284 [info] Getting GitHub sessions for all scopes...
2025-08-07 22:45:42.284 [info] Got 1 sessions for all scopes...
2025-08-07 22:45:42.284 [info] Got 1 GitHub sessions for all scopes...
2025-08-07 22:45:42.371 [info] Getting sessions for all scopes...
2025-08-07 22:45:42.371 [info] Getting GitHub sessions for all scopes...
2025-08-07 22:45:42.372 [info] Got 1 sessions for all scopes...
2025-08-07 22:45:42.372 [info] Got 1 GitHub sessions for all scopes...
2025-08-07 22:45:42.583 [info] Getting sessions for all scopes...
2025-08-07 22:45:42.584 [info] Getting GitHub sessions for all scopes...
2025-08-07 22:45:42.584 [info] Got 1 sessions for all scopes...
2025-08-07 22:45:42.584 [info] Got 1 GitHub sessions for all scopes...
2025-08-07 22:45:42.977 [info] Getting sessions for all scopes...
2025-08-07 22:45:42.977 [info] Getting GitHub sessions for all scopes...
2025-08-07 22:45:42.977 [info] Got 1 sessions for all scopes...
2025-08-07 22:45:42.977 [info] Got 1 GitHub sessions for all scopes...
2025-08-07 22:45:42.977 [info] Getting sessions for all scopes...
2025-08-07 22:45:42.977 [info] Getting GitHub sessions for all scopes...
2025-08-07 22:45:42.977 [info] Got 1 sessions for all scopes...
2025-08-07 22:45:42.977 [info] Got 1 GitHub sessions for all scopes...
2025-08-07 22:45:42.977 [info] Getting sessions for all scopes...
2025-08-07 22:45:42.977 [info] Getting GitHub sessions for all scopes...
2025-08-07 22:45:42.977 [info] Got 1 sessions for all scopes...
2025-08-07 22:45:42.978 [info] Got 1 GitHub sessions for all scopes...
2025-08-07 22:45:42.985 [info] Getting sessions for all scopes...
2025-08-07 22:45:42.985 [info] Getting GitHub sessions for all scopes...
2025-08-07 22:45:42.985 [info] Got 1 sessions for all scopes...
2025-08-07 22:45:42.985 [info] Got 1 GitHub sessions for all scopes...
2025-08-07 22:45:42.986 [info] Getting GitHub sessions for project,read:org,read:user,repo,user:email,workflow...
2025-08-07 22:45:42.986 [info] Got 0 GitHub sessions for project,read:org,read:user,repo,user:email,workflow...
2025-08-07 22:45:43.069 [info] Getting sessions for all scopes...
2025-08-07 22:45:43.069 [info] Getting GitHub sessions for all scopes...
2025-08-07 22:45:43.070 [info] Got 1 sessions for all scopes...
2025-08-07 22:45:43.070 [info] Got 1 GitHub sessions for all scopes...
2025-08-07 22:45:43.071 [info] Getting sessions for all scopes...
2025-08-07 22:45:43.071 [info] Getting GitHub sessions for all scopes...
2025-08-07 22:45:43.071 [info] Got 1 sessions for all scopes...
2025-08-07 22:45:43.071 [info] Got 1 GitHub sessions for all scopes...
2025-08-07 22:45:44.268 [info] Getting GitHub sessions for read:user,repo,user:email,workflow...
2025-08-07 22:45:44.268 [info] Got 0 GitHub sessions for read:user,repo,user:email,workflow...
2025-08-07 22:45:44.673 [info] Getting sessions for all scopes...
2025-08-07 22:45:44.673 [info] Getting GitHub sessions for all scopes...
2025-08-07 22:45:44.673 [info] Got 1 sessions for all scopes...
2025-08-07 22:45:44.673 [info] Got 1 GitHub sessions for all scopes...
2025-08-07 22:45:47.685 [info] Getting sessions for all scopes...
2025-08-07 22:45:47.685 [info] Getting GitHub sessions for all scopes...
2025-08-07 22:45:47.685 [info] Got 1 sessions for all scopes...
2025-08-07 22:45:47.685 [info] Got 1 GitHub sessions for all scopes...
2025-08-07 22:45:47.694 [info] Getting GitHub sessions for read:user,repo,user:email...
2025-08-07 22:45:47.694 [info] Got 0 GitHub sessions for read:user,repo,user:email...
2025-08-07 22:45:50.160 [info] Getting GitHub sessions for read:user,repo,user:email,workflow...
2025-08-07 22:45:50.160 [info] Got 0 GitHub sessions for read:user,repo,user:email,workflow...
2025-08-07 23:13:43.219 [info] Getting sessions for all scopes...
2025-08-07 23:13:43.219 [info] Getting GitHub sessions for all scopes...
2025-08-07 23:13:43.219 [info] Got 1 sessions for all scopes...
2025-08-07 23:13:43.219 [info] Got 1 GitHub sessions for all scopes...
2025-08-07 23:13:43.316 [info] Getting sessions for all scopes...
2025-08-07 23:13:43.316 [info] Getting GitHub sessions for all scopes...
2025-08-07 23:13:43.316 [info] Got 1 sessions for all scopes...
2025-08-07 23:13:43.316 [info] Got 1 GitHub sessions for all scopes...
