Language service plugin "typescript-semantic" (3) failed to provide document feature for volar-embedded-content://0.mts/file%253A%252F%252F%252Fworkspace%252FWebsite-starter%252Fsrc%252Flayouts%252FMainLayout.astro. TypeError: Cannot read properties of undefined (reading 'updateFromProject')
    at synchronizeHostData (/ide/extensions/node_modules/typescript/lib/typescript.js:151808:14)
    at Object.getProgram (/ide/extensions/node_modules/typescript/lib/typescript.js:151993:5)
    at w (/workspace/.vscode-remote/extensions/astro-build.astro-vscode-2.15.4-linux-x64/dist/node/server.js:833:50352)
    at async Object.provideDiagnostics (/workspace/.vscode-remote/extensions/astro-build.astro-vscode-2.15.4-linux-x64/dist/node/server.js:833:46822)
    at async Object.provideDiagnostics (/workspace/.vscode-remote/extensions/astro-build.astro-vscode-2.15.4-linux-x64/dist/node/server.js:843:1478)
    at async /workspace/.vscode-remote/extensions/astro-build.astro-vscode-2.15.4-linux-x64/dist/node/server.js:37:54746
    at async IF (/workspace/.vscode-remote/extensions/astro-build.astro-vscode-2.15.4-linux-x64/dist/node/server.js:37:27173)
    at async u (/workspace/.vscode-remote/extensions/astro-build.astro-vscode-2.15.4-linux-x64/dist/node/server.js:37:26957)
    at async mJ (/workspace/.vscode-remote/extensions/astro-build.astro-vscode-2.15.4-linux-x64/dist/node/server.js:37:26377)
    at async g (/workspace/.vscode-remote/extensions/astro-build.astro-vscode-2.15.4-linux-x64/dist/node/server.js:37:54313)
Language service plugin "typescript-semantic" (3) failed to provide document feature for volar-embedded-content://1.mts/file%253A%252F%252F%252Fworkspace%252FWebsite-starter%252Fsrc%252Flayouts%252FMainLayout.astro. TypeError: Cannot read properties of undefined (reading 'updateFromProject')
    at synchronizeHostData (/ide/extensions/node_modules/typescript/lib/typescript.js:151808:14)
    at Object.getProgram (/ide/extensions/node_modules/typescript/lib/typescript.js:151993:5)
    at w (/workspace/.vscode-remote/extensions/astro-build.astro-vscode-2.15.4-linux-x64/dist/node/server.js:833:50352)
    at async Object.provideDiagnostics (/workspace/.vscode-remote/extensions/astro-build.astro-vscode-2.15.4-linux-x64/dist/node/server.js:833:46822)
    at async Object.provideDiagnostics (/workspace/.vscode-remote/extensions/astro-build.astro-vscode-2.15.4-linux-x64/dist/node/server.js:843:1478)
    at async /workspace/.vscode-remote/extensions/astro-build.astro-vscode-2.15.4-linux-x64/dist/node/server.js:37:54746
    at async IF (/workspace/.vscode-remote/extensions/astro-build.astro-vscode-2.15.4-linux-x64/dist/node/server.js:37:27173)
    at async u (/workspace/.vscode-remote/extensions/astro-build.astro-vscode-2.15.4-linux-x64/dist/node/server.js:37:26957)
    at async mJ (/workspace/.vscode-remote/extensions/astro-build.astro-vscode-2.15.4-linux-x64/dist/node/server.js:37:26377)
    at async g (/workspace/.vscode-remote/extensions/astro-build.astro-vscode-2.15.4-linux-x64/dist/node/server.js:37:54313)
Language service plugin "typescript-semantic" (3) failed to provide document feature for volar-embedded-content://tsx/file%253A%252F%252F%252Fworkspace%252FWebsite-starter%252Fsrc%252Flayouts%252FMainLayout.astro. TypeError: Cannot read properties of undefined (reading 'updateFromProject')
    at synchronizeHostData (/ide/extensions/node_modules/typescript/lib/typescript.js:151808:14)
    at Object.getProgram (/ide/extensions/node_modules/typescript/lib/typescript.js:151993:5)
    at w (/workspace/.vscode-remote/extensions/astro-build.astro-vscode-2.15.4-linux-x64/dist/node/server.js:833:50352)
    at async Object.provideDiagnostics (/workspace/.vscode-remote/extensions/astro-build.astro-vscode-2.15.4-linux-x64/dist/node/server.js:833:46822)
    at async Object.provideDiagnostics (/workspace/.vscode-remote/extensions/astro-build.astro-vscode-2.15.4-linux-x64/dist/node/server.js:843:1478)
    at async /workspace/.vscode-remote/extensions/astro-build.astro-vscode-2.15.4-linux-x64/dist/node/server.js:37:54746
    at async IF (/workspace/.vscode-remote/extensions/astro-build.astro-vscode-2.15.4-linux-x64/dist/node/server.js:37:27173)
    at async u (/workspace/.vscode-remote/extensions/astro-build.astro-vscode-2.15.4-linux-x64/dist/node/server.js:37:26957)
    at async mJ (/workspace/.vscode-remote/extensions/astro-build.astro-vscode-2.15.4-linux-x64/dist/node/server.js:37:26377)
    at async g (/workspace/.vscode-remote/extensions/astro-build.astro-vscode-2.15.4-linux-x64/dist/node/server.js:37:54313)
Language service plugin "typescript-semantic" (3) failed to provide document feature for volar-embedded-content://tsx/file%253A%252F%252F%252Fworkspace%252FWebsite-starter%252Fsrc%252Flayouts%252FMainLayout.astro. TypeError: Cannot read properties of undefined (reading 'updateFromProject')
    at synchronizeHostData (/ide/extensions/node_modules/typescript/lib/typescript.js:151808:14)
    at Object.getProgram (/ide/extensions/node_modules/typescript/lib/typescript.js:151993:5)
    at w (/workspace/.vscode-remote/extensions/astro-build.astro-vscode-2.15.4-linux-x64/dist/node/server.js:833:50352)
    at async Object.provideDiagnostics (/workspace/.vscode-remote/extensions/astro-build.astro-vscode-2.15.4-linux-x64/dist/node/server.js:833:46822)
    at async Object.provideDiagnostics (/workspace/.vscode-remote/extensions/astro-build.astro-vscode-2.15.4-linux-x64/dist/node/server.js:843:1478)
    at async /workspace/.vscode-remote/extensions/astro-build.astro-vscode-2.15.4-linux-x64/dist/node/server.js:37:54746
    at async IF (/workspace/.vscode-remote/extensions/astro-build.astro-vscode-2.15.4-linux-x64/dist/node/server.js:37:27173)
    at async u (/workspace/.vscode-remote/extensions/astro-build.astro-vscode-2.15.4-linux-x64/dist/node/server.js:37:26957)
    at async mJ (/workspace/.vscode-remote/extensions/astro-build.astro-vscode-2.15.4-linux-x64/dist/node/server.js:37:26377)
    at async g (/workspace/.vscode-remote/extensions/astro-build.astro-vscode-2.15.4-linux-x64/dist/node/server.js:37:54313)
Language service plugin "typescript-semantic" (3) failed to provide document feature for volar-embedded-content://0.mts/file%253A%252F%252F%252Fworkspace%252FWebsite-starter%252Fsrc%252Flayouts%252FMainLayout.astro. TypeError: Cannot read properties of undefined (reading 'updateFromProject')
    at synchronizeHostData (/ide/extensions/node_modules/typescript/lib/typescript.js:151808:14)
    at Object.getProgram (/ide/extensions/node_modules/typescript/lib/typescript.js:151993:5)
    at w (/workspace/.vscode-remote/extensions/astro-build.astro-vscode-2.15.4-linux-x64/dist/node/server.js:833:50352)
    at async Object.provideDiagnostics (/workspace/.vscode-remote/extensions/astro-build.astro-vscode-2.15.4-linux-x64/dist/node/server.js:833:46822)
    at async Object.provideDiagnostics (/workspace/.vscode-remote/extensions/astro-build.astro-vscode-2.15.4-linux-x64/dist/node/server.js:843:1478)
    at async /workspace/.vscode-remote/extensions/astro-build.astro-vscode-2.15.4-linux-x64/dist/node/server.js:37:54746
    at async IF (/workspace/.vscode-remote/extensions/astro-build.astro-vscode-2.15.4-linux-x64/dist/node/server.js:37:27173)
    at async u (/workspace/.vscode-remote/extensions/astro-build.astro-vscode-2.15.4-linux-x64/dist/node/server.js:37:26957)
    at async mJ (/workspace/.vscode-remote/extensions/astro-build.astro-vscode-2.15.4-linux-x64/dist/node/server.js:37:26377)
    at async g (/workspace/.vscode-remote/extensions/astro-build.astro-vscode-2.15.4-linux-x64/dist/node/server.js:37:54313)
Language service plugin "typescript-semantic" (3) failed to provide document feature for volar-embedded-content://1.mts/file%253A%252F%252F%252Fworkspace%252FWebsite-starter%252Fsrc%252Flayouts%252FMainLayout.astro. TypeError: Cannot read properties of undefined (reading 'updateFromProject')
    at synchronizeHostData (/ide/extensions/node_modules/typescript/lib/typescript.js:151808:14)
    at Object.getProgram (/ide/extensions/node_modules/typescript/lib/typescript.js:151993:5)
    at w (/workspace/.vscode-remote/extensions/astro-build.astro-vscode-2.15.4-linux-x64/dist/node/server.js:833:50352)
    at async Object.provideDiagnostics (/workspace/.vscode-remote/extensions/astro-build.astro-vscode-2.15.4-linux-x64/dist/node/server.js:833:46822)
    at async Object.provideDiagnostics (/workspace/.vscode-remote/extensions/astro-build.astro-vscode-2.15.4-linux-x64/dist/node/server.js:843:1478)
    at async /workspace/.vscode-remote/extensions/astro-build.astro-vscode-2.15.4-linux-x64/dist/node/server.js:37:54746
    at async IF (/workspace/.vscode-remote/extensions/astro-build.astro-vscode-2.15.4-linux-x64/dist/node/server.js:37:27173)
    at async u (/workspace/.vscode-remote/extensions/astro-build.astro-vscode-2.15.4-linux-x64/dist/node/server.js:37:26957)
    at async mJ (/workspace/.vscode-remote/extensions/astro-build.astro-vscode-2.15.4-linux-x64/dist/node/server.js:37:26377)
    at async g (/workspace/.vscode-remote/extensions/astro-build.astro-vscode-2.15.4-linux-x64/dist/node/server.js:37:54313)
Language service plugin "typescript-semantic" (3) failed to provide document feature for volar-embedded-content://tsx/file%253A%252F%252F%252Fworkspace%252FWebsite-starter%252Fsrc%252Flayouts%252FMainLayout.astro. TypeError: Cannot read properties of undefined (reading 'updateFromProject')
    at synchronizeHostData (/ide/extensions/node_modules/typescript/lib/typescript.js:151808:14)
    at Object.getProgram (/ide/extensions/node_modules/typescript/lib/typescript.js:151993:5)
    at w (/workspace/.vscode-remote/extensions/astro-build.astro-vscode-2.15.4-linux-x64/dist/node/server.js:833:50352)
    at async Object.provideDiagnostics (/workspace/.vscode-remote/extensions/astro-build.astro-vscode-2.15.4-linux-x64/dist/node/server.js:833:46822)
    at async Object.provideDiagnostics (/workspace/.vscode-remote/extensions/astro-build.astro-vscode-2.15.4-linux-x64/dist/node/server.js:843:1478)
    at async /workspace/.vscode-remote/extensions/astro-build.astro-vscode-2.15.4-linux-x64/dist/node/server.js:37:54746
    at async IF (/workspace/.vscode-remote/extensions/astro-build.astro-vscode-2.15.4-linux-x64/dist/node/server.js:37:27173)
    at async u (/workspace/.vscode-remote/extensions/astro-build.astro-vscode-2.15.4-linux-x64/dist/node/server.js:37:26957)
    at async mJ (/workspace/.vscode-remote/extensions/astro-build.astro-vscode-2.15.4-linux-x64/dist/node/server.js:37:26377)
    at async g (/workspace/.vscode-remote/extensions/astro-build.astro-vscode-2.15.4-linux-x64/dist/node/server.js:37:54313)
Language service plugin "typescript-semantic" (3) failed to provide document feature for volar-embedded-content://tsx/file%253A%252F%252F%252Fworkspace%252FWebsite-starter%252Fsrc%252Flayouts%252FMainLayout.astro. TypeError: Cannot read properties of undefined (reading 'updateFromProject')
    at synchronizeHostData (/ide/extensions/node_modules/typescript/lib/typescript.js:151808:14)
    at Object.getProgram (/ide/extensions/node_modules/typescript/lib/typescript.js:151993:5)
    at w (/workspace/.vscode-remote/extensions/astro-build.astro-vscode-2.15.4-linux-x64/dist/node/server.js:833:50352)
    at async Object.provideDiagnostics (/workspace/.vscode-remote/extensions/astro-build.astro-vscode-2.15.4-linux-x64/dist/node/server.js:833:46822)
    at async Object.provideDiagnostics (/workspace/.vscode-remote/extensions/astro-build.astro-vscode-2.15.4-linux-x64/dist/node/server.js:843:1478)
    at async /workspace/.vscode-remote/extensions/astro-build.astro-vscode-2.15.4-linux-x64/dist/node/server.js:37:54746
    at async IF (/workspace/.vscode-remote/extensions/astro-build.astro-vscode-2.15.4-linux-x64/dist/node/server.js:37:27173)
    at async u (/workspace/.vscode-remote/extensions/astro-build.astro-vscode-2.15.4-linux-x64/dist/node/server.js:37:26957)
    at async mJ (/workspace/.vscode-remote/extensions/astro-build.astro-vscode-2.15.4-linux-x64/dist/node/server.js:37:26377)
    at async g (/workspace/.vscode-remote/extensions/astro-build.astro-vscode-2.15.4-linux-x64/dist/node/server.js:37:54313)
