2025-08-07 23:42:35.662 [info] Log level: Info
2025-08-07 23:42:35.771 [info] VSCODE_MACHINE_ID: 10d3d877-fe56-442f-a117-f9035039c6e9
2025-08-07 23:42:35.771 [info] VSCODE_SESSION_ID: d33c6882-083f-4239-9e81-e53a5e87d7d91754610143008
2025-08-07 23:42:35.771 [info] VSCODE_VERSION: 1.102.3
2025-08-07 23:42:35.771 [info] VSCODE_APP_NAME: Gitpod Code
2025-08-07 23:42:35.771 [info] VSCODE_APP_HOST: Gitpod
2025-08-07 23:42:35.771 [info] VSCODE_UI_KIND: web
2025-08-07 23:42:35.771 [info] GITPOD_WORKSPACE_CONTEXT_URL: https://github.com/Abdallah-Develop/Website-starter
2025-08-07 23:42:35.771 [info] GITPOD_INSTANCE_ID: 9e7aefbe-595a-41af-993d-340c45622d6d
2025-08-07 23:42:35.771 [info] GITPOD_WORKSPACE_URL: https://abdallahdev-websitestar-esjdme0laxn.ws-eu120.gitpod.io
2025-08-07 23:42:35.776 [info] Gitpod Web 3953e81
2025-08-07 23:42:35.776 [info] Reading sessions from keychain...
2025-08-07 23:42:38.455 [info] Got stored sessions!
2025-08-07 23:42:38.455 [info] Verified session with the following scopes: function:accessCodeSyncStorage function:closePort function:controlAdmission function:deleteEnvVar function:generateNewGitpodToken function:getDefaultWorkspaceImage function:getGitpodTokenScopes function:getIDToken function:getLoggedInUser function:getOpenPorts function:getSupportedWorkspaceClasses function:getTeams function:getToken function:getWorkspace function:getWorkspaceEnvVars function:getWorkspaceOwner function:getWorkspaceTimeout function:getWorkspaceUsers function:guessGitTokenScopes function:isWorkspaceOwner function:openPort function:sendHeartBeat function:setEnvVar function:setWorkspaceTimeout function:stopWorkspace function:takeSnapshot function:trackEvent function:updateGitStatus function:waitForSnapshot resource:contentBlob::*::create/get resource:envVar::*/**::update resource:envVar::*/*::update resource:envVar::Abdallah-Develop/Website-starter::create/get/update/delete resource:gitpodToken::*::create resource:snapshot::ws-abdallahdev-websitestar-esjdme0laxn::create resource:token::*::get resource:userStorage::*::create/get/update resource:workspace::abdallahdev-websitestar-esjdme0laxn::get/update resource:workspaceInstance::9e7aefbe-595a-41af-993d-340c45622d6d::get/update/delete
2025-08-07 23:42:38.455 [info] Got 1 verified sessions.
2025-08-07 23:42:38.455 [info] Getting sessions for all scopes...
2025-08-07 23:42:38.455 [info] Getting GitHub sessions for all scopes...
2025-08-07 23:42:38.455 [info] Got 1 sessions for all scopes...
2025-08-07 23:42:38.455 [info] Getting sessions for all scopes...
2025-08-07 23:42:38.455 [info] Got 1 sessions for all scopes...
2025-08-07 23:42:38.455 [info] Getting sessions for all scopes...
2025-08-07 23:42:38.455 [info] Got 1 sessions for all scopes...
2025-08-07 23:42:38.455 [info] Getting sessions for function:accessCodeSyncStorage...
2025-08-07 23:42:38.455 [info] Got 1 sessions for function:accessCodeSyncStorage...
2025-08-07 23:42:39.173 [info] Got 1 GitHub sessions for all scopes...
2025-08-07 23:42:41.068 [info] Getting GitHub sessions for all scopes...
2025-08-07 23:42:41.070 [info] Getting sessions for all scopes...
2025-08-07 23:42:41.070 [info] Got 1 GitHub sessions for all scopes...
2025-08-07 23:42:41.070 [info] Got 1 sessions for all scopes...
2025-08-07 23:42:41.070 [info] Getting GitHub sessions for all scopes...
2025-08-07 23:42:41.070 [info] Got 1 GitHub sessions for all scopes...
2025-08-07 23:42:41.071 [info] Getting GitHub sessions for read:user,repo,user:email,workflow...
2025-08-07 23:42:41.071 [info] Got 0 GitHub sessions for read:user,repo,user:email,workflow...
2025-08-07 23:42:41.258 [info] Getting GitHub sessions for all scopes...
2025-08-07 23:42:41.258 [info] Got 1 GitHub sessions for all scopes...
2025-08-07 23:42:43.256 [info] Getting sessions for all scopes...
2025-08-07 23:42:43.256 [info] Getting GitHub sessions for all scopes...
2025-08-07 23:42:43.256 [info] Got 1 sessions for all scopes...
2025-08-07 23:42:43.256 [info] Got 1 GitHub sessions for all scopes...
2025-08-07 23:42:43.357 [info] Getting sessions for all scopes...
2025-08-07 23:42:43.357 [info] Getting GitHub sessions for all scopes...
2025-08-07 23:42:43.357 [info] Got 1 sessions for all scopes...
2025-08-07 23:42:43.357 [info] Got 1 GitHub sessions for all scopes...
2025-08-07 23:42:43.465 [info] Getting sessions for all scopes...
2025-08-07 23:42:43.465 [info] Getting GitHub sessions for all scopes...
2025-08-07 23:42:43.465 [info] Got 1 sessions for all scopes...
2025-08-07 23:42:43.465 [info] Got 1 GitHub sessions for all scopes...
2025-08-07 23:42:44.185 [info] Getting sessions for all scopes...
2025-08-07 23:42:44.186 [info] Getting GitHub sessions for all scopes...
2025-08-07 23:42:44.186 [info] Got 1 sessions for all scopes...
2025-08-07 23:42:44.186 [info] Got 1 GitHub sessions for all scopes...
2025-08-07 23:42:44.199 [info] Getting sessions for all scopes...
2025-08-07 23:42:44.199 [info] Getting GitHub sessions for all scopes...
2025-08-07 23:42:44.199 [info] Got 1 sessions for all scopes...
2025-08-07 23:42:44.199 [info] Got 1 GitHub sessions for all scopes...
2025-08-07 23:42:44.199 [info] Getting sessions for all scopes...
2025-08-07 23:42:44.199 [info] Getting GitHub sessions for all scopes...
2025-08-07 23:42:44.199 [info] Got 1 sessions for all scopes...
2025-08-07 23:42:44.199 [info] Got 1 GitHub sessions for all scopes...
2025-08-07 23:42:44.199 [info] Getting sessions for all scopes...
2025-08-07 23:42:44.199 [info] Getting GitHub sessions for all scopes...
2025-08-07 23:42:44.199 [info] Got 1 sessions for all scopes...
2025-08-07 23:42:44.199 [info] Got 1 GitHub sessions for all scopes...
2025-08-07 23:42:44.203 [info] Getting sessions for all scopes...
2025-08-07 23:42:44.203 [info] Getting GitHub sessions for all scopes...
2025-08-07 23:42:44.203 [info] Got 1 sessions for all scopes...
2025-08-07 23:42:44.203 [info] Got 1 GitHub sessions for all scopes...
2025-08-07 23:42:44.257 [info] Getting sessions for all scopes...
2025-08-07 23:42:44.257 [info] Getting GitHub sessions for all scopes...
2025-08-07 23:42:44.257 [info] Got 1 sessions for all scopes...
2025-08-07 23:42:44.257 [info] Got 1 GitHub sessions for all scopes...
2025-08-07 23:42:48.052 [info] Getting sessions for all scopes...
2025-08-07 23:42:48.052 [info] Getting GitHub sessions for all scopes...
2025-08-07 23:42:48.052 [info] Got 1 sessions for all scopes...
2025-08-07 23:42:48.052 [info] Got 1 GitHub sessions for all scopes...
2025-08-07 23:42:48.482 [info] Getting GitHub sessions for project,read:org,read:user,repo,user:email,workflow...
2025-08-07 23:42:48.482 [info] Got 0 GitHub sessions for project,read:org,read:user,repo,user:email,workflow...
2025-08-07 23:42:49.389 [info] Getting GitHub sessions for read:user,repo,user:email,workflow...
2025-08-07 23:42:49.389 [info] Got 0 GitHub sessions for read:user,repo,user:email,workflow...
2025-08-07 23:42:49.921 [info] Getting GitHub sessions for read:user,repo,user:email...
2025-08-07 23:42:49.921 [info] Got 0 GitHub sessions for read:user,repo,user:email...
2025-08-07 23:42:50.689 [info] Getting GitHub sessions for read:user,repo,user:email,workflow...
2025-08-07 23:42:50.689 [info] Got 0 GitHub sessions for read:user,repo,user:email,workflow...
2025-08-07 23:43:02.546 [info] Getting sessions for all scopes...
2025-08-07 23:43:02.546 [info] Getting GitHub sessions for all scopes...
2025-08-07 23:43:02.546 [info] Got 1 sessions for all scopes...
2025-08-07 23:43:02.546 [info] Got 1 GitHub sessions for all scopes...
2025-08-07 23:43:03.050 [info] Getting sessions for all scopes...
2025-08-07 23:43:03.050 [info] Getting GitHub sessions for all scopes...
2025-08-07 23:43:03.050 [info] Got 1 sessions for all scopes...
2025-08-07 23:43:03.050 [info] Got 1 GitHub sessions for all scopes...
2025-08-07 23:43:06.706 [info] Getting sessions for all scopes...
2025-08-07 23:43:06.706 [info] Getting GitHub sessions for all scopes...
2025-08-07 23:43:06.706 [info] Got 1 sessions for all scopes...
2025-08-07 23:43:06.706 [info] Got 1 GitHub sessions for all scopes...
2025-08-07 23:43:06.869 [info] Getting sessions for all scopes...
2025-08-07 23:43:06.870 [info] Getting GitHub sessions for all scopes...
2025-08-07 23:43:06.870 [info] Got 1 sessions for all scopes...
2025-08-07 23:43:06.870 [info] Got 1 GitHub sessions for all scopes...
