2025-08-09 11:16:25.331 [info] Log level: Info
2025-08-09 11:16:25.331 [info] VSCODE_MACHINE_ID: 10d3d877-fe56-442f-a117-f9035039c6e9
2025-08-09 11:16:25.331 [info] VSCODE_SESSION_ID: c594cae1-5c2f-4a84-82af-9cb327ccd4401754738161912
2025-08-09 11:16:25.331 [info] VSCODE_VERSION: 1.102.3
2025-08-09 11:16:25.331 [info] VSCODE_APP_NAME: Gitpod Code
2025-08-09 11:16:25.331 [info] VSCODE_APP_HOST: Gitpod
2025-08-09 11:16:25.331 [info] VSCODE_UI_KIND: web
2025-08-09 11:16:25.332 [info] GITPOD_WORKSPACE_CONTEXT_URL: https://github.com/Abdallah-Develop/Website-starter
2025-08-09 11:16:25.332 [info] GITPOD_INSTANCE_ID: fef437b8-4b22-4935-9935-454c9e9663ce
2025-08-09 11:16:25.332 [info] GITPOD_WORKSPACE_URL: https://abdallahdev-websitestar-esjdme0laxn.ws-eu120.gitpod.io
2025-08-09 11:16:25.332 [info] Gitpod Web 3953e81
2025-08-09 11:16:25.332 [info] Reading sessions from keychain...
2025-08-09 11:16:25.838 [info] Got stored sessions!
2025-08-09 11:16:25.839 [info] Getting sessions for all scopes...
2025-08-09 11:16:25.839 [info] Getting GitHub sessions for all scopes...
2025-08-09 11:16:25.891 [info] Verified session with the following scopes: function:accessCodeSyncStorage function:closePort function:controlAdmission function:deleteEnvVar function:generateNewGitpodToken function:getDefaultWorkspaceImage function:getGitpodTokenScopes function:getIDToken function:getLoggedInUser function:getOpenPorts function:getSupportedWorkspaceClasses function:getTeams function:getToken function:getWorkspace function:getWorkspaceEnvVars function:getWorkspaceOwner function:getWorkspaceTimeout function:getWorkspaceUsers function:guessGitTokenScopes function:isWorkspaceOwner function:openPort function:sendHeartBeat function:setEnvVar function:setWorkspaceTimeout function:stopWorkspace function:takeSnapshot function:trackEvent function:updateGitStatus function:waitForSnapshot resource:contentBlob::*::create/get resource:envVar::*/**::update resource:envVar::*/*::update resource:envVar::Abdallah-Develop/Website-starter::create/get/update/delete resource:gitpodToken::*::create resource:snapshot::ws-abdallahdev-websitestar-esjdme0laxn::create resource:token::*::get resource:userStorage::*::create/get/update resource:workspace::abdallahdev-websitestar-esjdme0laxn::get/update resource:workspaceInstance::fef437b8-4b22-4935-9935-454c9e9663ce::get/update/delete
2025-08-09 11:16:25.891 [info] Got 1 verified sessions.
2025-08-09 11:16:25.891 [info] Got 1 sessions for all scopes...
2025-08-09 11:16:25.891 [info] Getting sessions for all scopes...
2025-08-09 11:16:25.891 [info] Got 1 sessions for all scopes...
2025-08-09 11:16:25.891 [info] Getting sessions for all scopes...
2025-08-09 11:16:25.891 [info] Got 1 sessions for all scopes...
2025-08-09 11:16:26.921 [info] Got 1 GitHub sessions for all scopes...
2025-08-09 11:16:30.420 [info] Getting GitHub sessions for all scopes...
2025-08-09 11:16:30.420 [info] Getting sessions for all scopes...
2025-08-09 11:16:30.420 [info] Got 1 GitHub sessions for all scopes...
2025-08-09 11:16:30.420 [info] Got 1 sessions for all scopes...
2025-08-09 11:16:30.421 [info] Getting GitHub sessions for all scopes...
2025-08-09 11:16:30.421 [info] Got 1 GitHub sessions for all scopes...
2025-08-09 11:16:30.620 [info] Getting GitHub sessions for all scopes...
2025-08-09 11:16:30.620 [info] Got 1 GitHub sessions for all scopes...
2025-08-09 11:16:30.627 [info] Getting sessions for all scopes...
2025-08-09 11:16:30.627 [info] Getting GitHub sessions for all scopes...
2025-08-09 11:16:30.627 [info] Got 1 sessions for all scopes...
2025-08-09 11:16:30.627 [info] Got 1 GitHub sessions for all scopes...
2025-08-09 11:16:30.714 [info] Getting sessions for function:accessCodeSyncStorage...
2025-08-09 11:16:30.714 [info] Got 1 sessions for function:accessCodeSyncStorage...
2025-08-09 11:16:30.731 [info] Getting sessions for all scopes...
2025-08-09 11:16:30.731 [info] Getting GitHub sessions for all scopes...
2025-08-09 11:16:30.731 [info] Got 1 sessions for all scopes...
2025-08-09 11:16:30.731 [info] Got 1 GitHub sessions for all scopes...
2025-08-09 11:16:30.825 [info] Getting sessions for all scopes...
2025-08-09 11:16:30.825 [info] Getting GitHub sessions for all scopes...
2025-08-09 11:16:30.825 [info] Got 1 sessions for all scopes...
2025-08-09 11:16:30.825 [info] Got 1 GitHub sessions for all scopes...
2025-08-09 11:16:30.835 [info] Getting sessions for all scopes...
2025-08-09 11:16:30.835 [info] Getting GitHub sessions for all scopes...
2025-08-09 11:16:30.835 [info] Got 1 sessions for all scopes...
2025-08-09 11:16:30.835 [info] Got 1 GitHub sessions for all scopes...
2025-08-09 11:16:31.542 [info] Getting GitHub sessions for read:user,repo,user:email,workflow...
2025-08-09 11:16:31.542 [info] Got 0 GitHub sessions for read:user,repo,user:email,workflow...
2025-08-09 11:16:31.545 [info] Getting sessions for all scopes...
2025-08-09 11:16:31.545 [info] Getting GitHub sessions for all scopes...
2025-08-09 11:16:31.545 [info] Got 1 sessions for all scopes...
2025-08-09 11:16:31.545 [info] Got 1 GitHub sessions for all scopes...
2025-08-09 11:16:31.545 [info] Getting sessions for all scopes...
2025-08-09 11:16:31.545 [info] Getting GitHub sessions for all scopes...
2025-08-09 11:16:31.545 [info] Got 1 sessions for all scopes...
2025-08-09 11:16:31.545 [info] Got 1 GitHub sessions for all scopes...
2025-08-09 11:16:31.723 [info] Getting sessions for all scopes...
2025-08-09 11:16:31.723 [info] Getting GitHub sessions for all scopes...
2025-08-09 11:16:31.723 [info] Got 1 sessions for all scopes...
2025-08-09 11:16:31.723 [info] Got 1 GitHub sessions for all scopes...
2025-08-09 11:16:31.833 [info] Getting sessions for all scopes...
2025-08-09 11:16:31.833 [info] Getting GitHub sessions for all scopes...
2025-08-09 11:16:31.833 [info] Got 1 sessions for all scopes...
2025-08-09 11:16:31.833 [info] Got 1 GitHub sessions for all scopes...
2025-08-09 11:16:31.919 [info] Getting sessions for all scopes...
2025-08-09 11:16:31.919 [info] Getting GitHub sessions for all scopes...
2025-08-09 11:16:31.919 [info] Got 1 sessions for all scopes...
2025-08-09 11:16:31.919 [info] Got 1 GitHub sessions for all scopes...
2025-08-09 11:16:31.922 [info] Getting sessions for all scopes...
2025-08-09 11:16:31.923 [info] Getting GitHub sessions for all scopes...
2025-08-09 11:16:31.923 [info] Got 1 sessions for all scopes...
2025-08-09 11:16:31.923 [info] Got 1 GitHub sessions for all scopes...
2025-08-09 11:16:31.923 [info] Getting sessions for all scopes...
2025-08-09 11:16:31.923 [info] Getting GitHub sessions for all scopes...
2025-08-09 11:16:31.923 [info] Got 1 sessions for all scopes...
2025-08-09 11:16:31.923 [info] Got 1 GitHub sessions for all scopes...
2025-08-09 11:16:32.318 [info] Getting sessions for all scopes...
2025-08-09 11:16:32.318 [info] Getting GitHub sessions for all scopes...
2025-08-09 11:16:32.318 [info] Got 1 sessions for all scopes...
2025-08-09 11:16:32.318 [info] Got 1 GitHub sessions for all scopes...
2025-08-09 11:16:32.535 [info] Getting sessions for all scopes...
2025-08-09 11:16:32.535 [info] Getting GitHub sessions for all scopes...
2025-08-09 11:16:32.535 [info] Got 1 sessions for all scopes...
2025-08-09 11:16:32.535 [info] Got 1 GitHub sessions for all scopes...
2025-08-09 11:16:32.537 [info] Getting GitHub sessions for project,read:org,read:user,repo,user:email,workflow...
2025-08-09 11:16:32.537 [info] Got 0 GitHub sessions for project,read:org,read:user,repo,user:email,workflow...
2025-08-09 11:16:32.941 [info] Getting sessions for all scopes...
2025-08-09 11:16:32.941 [info] Getting GitHub sessions for all scopes...
2025-08-09 11:16:32.942 [info] Got 1 sessions for all scopes...
2025-08-09 11:16:32.942 [info] Got 1 GitHub sessions for all scopes...
2025-08-09 11:16:32.976 [info] Getting GitHub sessions for read:user,repo,user:email,workflow...
2025-08-09 11:16:32.976 [info] Got 0 GitHub sessions for read:user,repo,user:email,workflow...
2025-08-09 11:16:33.814 [info] Getting GitHub sessions for read:user,repo,user:email...
2025-08-09 11:16:33.814 [info] Got 0 GitHub sessions for read:user,repo,user:email...
2025-08-09 11:16:34.574 [info] Getting GitHub sessions for read:user,repo,user:email,workflow...
2025-08-09 11:16:34.574 [info] Got 0 GitHub sessions for read:user,repo,user:email,workflow...
2025-08-09 11:17:24.354 [info] Getting sessions for all scopes...
2025-08-09 11:17:24.354 [info] Getting GitHub sessions for all scopes...
2025-08-09 11:17:24.354 [info] Got 1 sessions for all scopes...
2025-08-09 11:17:24.354 [info] Got 1 GitHub sessions for all scopes...
2025-08-09 11:17:24.442 [info] Getting sessions for all scopes...
2025-08-09 11:17:24.442 [info] Getting GitHub sessions for all scopes...
2025-08-09 11:17:24.442 [info] Got 1 sessions for all scopes...
2025-08-09 11:17:24.442 [info] Got 1 GitHub sessions for all scopes...
2025-08-09 11:18:04.804 [info] Getting sessions for all scopes...
2025-08-09 11:18:04.804 [info] Getting GitHub sessions for all scopes...
2025-08-09 11:18:04.804 [info] Got 1 sessions for all scopes...
2025-08-09 11:18:04.804 [info] Got 1 GitHub sessions for all scopes...
2025-08-09 11:18:04.963 [info] Getting sessions for all scopes...
2025-08-09 11:18:04.963 [info] Getting GitHub sessions for all scopes...
2025-08-09 11:18:04.963 [info] Got 1 sessions for all scopes...
2025-08-09 11:18:04.963 [info] Got 1 GitHub sessions for all scopes...
2025-08-09 11:20:49.685 [info] Getting sessions for all scopes...
2025-08-09 11:20:49.685 [info] Getting GitHub sessions for all scopes...
2025-08-09 11:20:49.685 [info] Got 1 sessions for all scopes...
2025-08-09 11:20:49.685 [info] Got 1 GitHub sessions for all scopes...
2025-08-09 11:20:50.070 [info] Getting sessions for all scopes...
2025-08-09 11:20:50.070 [info] Getting GitHub sessions for all scopes...
2025-08-09 11:20:50.070 [info] Got 1 sessions for all scopes...
2025-08-09 11:20:50.070 [info] Got 1 GitHub sessions for all scopes...
2025-08-09 11:22:03.587 [info] Getting sessions for all scopes...
2025-08-09 11:22:03.587 [info] Getting GitHub sessions for all scopes...
2025-08-09 11:22:03.587 [info] Got 1 sessions for all scopes...
2025-08-09 11:22:03.587 [info] Got 1 GitHub sessions for all scopes...
2025-08-09 11:22:03.710 [info] Getting sessions for all scopes...
2025-08-09 11:22:03.710 [info] Getting GitHub sessions for all scopes...
2025-08-09 11:22:03.710 [info] Got 1 sessions for all scopes...
2025-08-09 11:22:03.710 [info] Got 1 GitHub sessions for all scopes...
2025-08-09 11:27:47.053 [info] Getting sessions for all scopes...
2025-08-09 11:27:47.054 [info] Getting GitHub sessions for all scopes...
2025-08-09 11:27:47.054 [info] Got 1 sessions for all scopes...
2025-08-09 11:27:47.054 [info] Got 1 GitHub sessions for all scopes...
2025-08-09 11:27:47.143 [info] Getting sessions for all scopes...
2025-08-09 11:27:47.143 [info] Getting GitHub sessions for all scopes...
2025-08-09 11:27:47.143 [info] Got 1 sessions for all scopes...
2025-08-09 11:27:47.143 [info] Got 1 GitHub sessions for all scopes...
2025-08-09 11:32:14.918 [info] Getting sessions for all scopes...
2025-08-09 11:32:14.918 [info] Getting GitHub sessions for all scopes...
2025-08-09 11:32:14.918 [info] Got 1 sessions for all scopes...
2025-08-09 11:32:14.918 [info] Got 1 GitHub sessions for all scopes...
2025-08-09 11:32:15.044 [info] Getting sessions for all scopes...
2025-08-09 11:32:15.044 [info] Getting GitHub sessions for all scopes...
2025-08-09 11:32:15.044 [info] Got 1 sessions for all scopes...
2025-08-09 11:32:15.044 [info] Got 1 GitHub sessions for all scopes...
