(VSCode) 2025-08-09 12:02:05.846 [INFO]: No proxy settings found
(VSCode) 2025-08-09 12:02:07.541 [INFO]: Checking network connection...
(VSCode) 2025-08-09 12:02:08.741 [INFO]: No Network Issue connecting to https://server.codeium.com/healthz
(VSCode) 2025-08-09 12:02:09.639 [INFO]: Creating manager directory: /tmp/31a85e44-25e6-4461-b534-42fe11950617/codeium/manager
(VSCode) 2025-08-09 12:02:10.153 [INFO]: Using cached LS with valid crc32: /workspace/.vscode-remote/extensions/codeium.codeium-1.48.2-universal/dist/e03af6ebc40b844314d448f947c80b636d093049/language_server_linux_x64
(VSCode) 2025-08-09 12:02:10.162 [INFO]: Language server started
2025/08/09 12:02:10 maxprocs: Leaving GOMAXPROCS=16: CPU quota undefined
I0809 12:02:10.403588  3339 main.go:604] [Language Server Manager] Setting GOMAXPROCS to 4
I0809 12:02:10.403676  3339 main.go:829] [Language Server Manager] Starting language server manager with pid 3339
I0809 12:02:10.403781  3339 main.go:138] [Language Server Manager] Manager acquired its lock file /tmp/31a85e44-25e6-4461-b534-42fe11950617/codeium/manager/locks/manager.lock
I0809 12:02:10.404567  3339 main.go:283] [Language Server Manager] Waiting for random port file in /tmp/31a85e44-25e6-4461-b534-42fe11950617/codeium/manager/child_random_port_1754740930403951496_3165294060609674193 to be created
2025/08/09 12:02:10 maxprocs: Leaving GOMAXPROCS=16: CPU quota undefined
I0809 12:02:10.661600  3366 main.go:604] Setting GOMAXPROCS to 4
I0809 12:02:10.662206  3366 main.go:823] Starting language server process with pid 3366
I0809 12:02:10.662266  3366 server.go:296] Language server will attempt to listen on host 127.0.0.1
I0809 12:02:10.662911  3366 server.go:303] Language server listening on random port at 34993
I0809 12:02:11.354127  3366 web_server.go:256] Chat Web Server listening at ws://127.0.0.1:37769
I0809 12:02:11.652429  3366 server.go:955] Local search is enabled, will index local files.
I0809 12:02:11.652474  3366 server.go:959] Using 4 indexer workers
I0809 12:02:11.827557  3366 server.go:1196] Child process attempting to acquire lock file /tmp/31a85e44-25e6-4461-b534-42fe11950617/codeium/manager/locks/child_lock_1754740930404006166_2929613731704335393
I0809 12:02:11.827642  3366 server.go:1204] Child process acquired lock file /tmp/31a85e44-25e6-4461-b534-42fe11950617/codeium/manager/locks/child_lock_1754740930404006166_2929613731704335393
39343
I0809 12:02:11.910902  3339 main.go:319] [Language Server Manager] Found random server port 34993
I0809 12:02:11.910929  3339 main.go:320] [Language Server Manager] Found random lsp port 39343
I0809 12:02:11.910946  3339 main.go:327] [Language Server Manager] Attempting to connect to language server at 127.0.0.1:34993
I0809 12:02:11.924380  3339 main.go:192] [Language Server Manager] Fixing language server port at 34993
I0809 12:02:11.924433  3339 main.go:381] [Language Server Manager] Successfully connected to new language server at 127.0.0.1:34993
(VSCode) 2025-08-09 12:02:11.970 [INFO]: Found language server running on port 34993
Playwright Host validation warning: 
╔══════════════════════════════════════════════════════╗
║ Host system is missing dependencies to run browsers. ║
║ Please install them with the following command:      ║
║                                                      ║
║     sudo npx playwright install-deps                 ║
║                                                      ║
║ Alternatively, use apt:                              ║
║     sudo apt-get install libatk1.0-0\                ║
║         libatk-bridge2.0-0\                          ║
║         libcups2\                                    ║
║         libxcomposite1\                              ║
║         libxdamage1\                                 ║
║         libxfixes3\                                  ║
║         libxrandr2\                                  ║
║         libgbm1\                                     ║
║         libxkbcommon0\                               ║
║         libatspi2.0-0                                ║
║                                                      ║
║ <3 Playwright Team                                   ║
╚══════════════════════════════════════════════════════╝
    at validateDependenciesLinux (/home/gitpod/.cache/ms-playwright-go/1.50.1/package/lib/server/registry/dependencies.js:216:9)
    at process.processTicksAndRejections (node:internal/process/task_queues:105:5)
    at async Registry._validateHostRequirements (/home/gitpod/.cache/ms-playwright-go/1.50.1/package/lib/server/registry/index.js:865:43)
    at async Registry._validateHostRequirementsForExecutableIfNeeded (/home/gitpod/.cache/ms-playwright-go/1.50.1/package/lib/server/registry/index.js:963:7)
    at async Registry.validateHostRequirementsForExecutablesIfNeeded (/home/gitpod/.cache/ms-playwright-go/1.50.1/package/lib/server/registry/index.js:952:43)
    at async t.<anonymous> (/home/gitpod/.cache/ms-playwright-go/1.50.1/package/lib/cli/program.js:122:7)
(VSCode) 2025-08-09 12:02:12.963 [INFO]: openAllTextDocuments took 250.2120270000014ms
(VSCode) 2025-08-09 12:02:42.343 [WARN]: User not logged in
(VSCode) 2025-08-09 12:02:42.477 [WARN]: User not logged in
(VSCode) 2025-08-09 12:02:42.615 [WARN]: User not logged in
(VSCode) 2025-08-09 12:02:42.731 [WARN]: User not logged in
(VSCode) 2025-08-09 12:02:42.843 [WARN]: User not logged in
(VSCode) 2025-08-09 12:02:50.333 [WARN]: User not logged in
(VSCode) 2025-08-09 12:02:51.282 [WARN]: User not logged in
(VSCode) 2025-08-09 12:02:56.467 [WARN]: User not logged in
(VSCode) 2025-08-09 12:02:56.875 [WARN]: User not logged in
(VSCode) 2025-08-09 12:02:59.926 [WARN]: User not logged in
(VSCode) 2025-08-09 12:03:00.098 [WARN]: User not logged in
(VSCode) 2025-08-09 12:03:02.367 [WARN]: User not logged in
(VSCode) 2025-08-09 12:03:02.687 [WARN]: User not logged in
(VSCode) 2025-08-09 12:03:04.483 [WARN]: User not logged in
(VSCode) 2025-08-09 12:03:05.671 [WARN]: User not logged in
(VSCode) 2025-08-09 12:03:07.481 [WARN]: User not logged in
(VSCode) 2025-08-09 12:03:16.600 [WARN]: User not logged in
(VSCode) 2025-08-09 12:03:21.479 [WARN]: User not logged in
(VSCode) 2025-08-09 12:03:26.124 [WARN]: User not logged in
(VSCode) 2025-08-09 12:03:26.573 [WARN]: User not logged in
(VSCode) 2025-08-09 12:03:29.982 [WARN]: User not logged in
(VSCode) 2025-08-09 12:03:30.761 [WARN]: User not logged in
(VSCode) 2025-08-09 12:03:34.981 [WARN]: User not logged in
(VSCode) 2025-08-09 12:03:35.390 [WARN]: User not logged in
(VSCode) 2025-08-09 12:03:35.502 [WARN]: User not logged in
(VSCode) 2025-08-09 12:03:35.755 [WARN]: User not logged in
(VSCode) 2025-08-09 12:03:35.907 [WARN]: User not logged in
(VSCode) 2025-08-09 12:03:36.206 [WARN]: User not logged in
(VSCode) 2025-08-09 12:03:38.922 [WARN]: User not logged in
(VSCode) 2025-08-09 12:03:46.395 [WARN]: User not logged in
(VSCode) 2025-08-09 12:03:52.834 [WARN]: User not logged in
(VSCode) 2025-08-09 12:04:06.400 [WARN]: User not logged in
(VSCode) 2025-08-09 12:04:10.932 [WARN]: User not logged in
(VSCode) 2025-08-09 12:04:11.043 [WARN]: User not logged in
(VSCode) 2025-08-09 12:04:22.305 [WARN]: User not logged in
(VSCode) 2025-08-09 12:04:24.463 [WARN]: User not logged in
(VSCode) 2025-08-09 12:04:34.961 [WARN]: User not logged in
(VSCode) 2025-08-09 12:04:44.231 [WARN]: User not logged in
(VSCode) 2025-08-09 12:04:44.971 [WARN]: User not logged in
(VSCode) 2025-08-09 12:04:46.300 [WARN]: User not logged in
(VSCode) 2025-08-09 12:04:48.965 [WARN]: User not logged in
(VSCode) 2025-08-09 12:04:49.469 [WARN]: User not logged in
(VSCode) 2025-08-09 12:04:49.752 [WARN]: User not logged in
(VSCode) 2025-08-09 12:04:49.927 [WARN]: User not logged in
(VSCode) 2025-08-09 12:05:11.555 [WARN]: User not logged in
(VSCode) 2025-08-09 12:05:15.654 [WARN]: User not logged in
(VSCode) 2025-08-09 12:05:15.786 [WARN]: User not logged in
(VSCode) 2025-08-09 12:05:16.851 [WARN]: User not logged in
(VSCode) 2025-08-09 12:05:18.366 [WARN]: User not logged in
(VSCode) 2025-08-09 12:05:18.657 [WARN]: User not logged in
(VSCode) 2025-08-09 12:05:18.831 [WARN]: User not logged in
(VSCode) 2025-08-09 12:05:20.318 [WARN]: User not logged in
(VSCode) 2025-08-09 12:05:34.494 [WARN]: User not logged in
(VSCode) 2025-08-09 12:12:17.560 [WARN]: User not logged in
(VSCode) 2025-08-09 12:12:23.645 [WARN]: User not logged in
(VSCode) 2025-08-09 12:12:23.948 [WARN]: User not logged in
(VSCode) 2025-08-09 12:12:24.143 [WARN]: User not logged in
(VSCode) 2025-08-09 12:12:25.409 [WARN]: User not logged in
(VSCode) 2025-08-09 12:12:26.159 [WARN]: User not logged in
(VSCode) 2025-08-09 12:12:33.052 [WARN]: User not logged in
(VSCode) 2025-08-09 12:12:34.448 [WARN]: User not logged in
(VSCode) 2025-08-09 12:12:34.599 [WARN]: User not logged in
(VSCode) 2025-08-09 12:12:36.148 [WARN]: User not logged in
(VSCode) 2025-08-09 12:12:50.122 [WARN]: User not logged in
(VSCode) 2025-08-09 12:12:51.358 [WARN]: User not logged in
(VSCode) 2025-08-09 12:12:54.587 [WARN]: User not logged in
(VSCode) 2025-08-09 12:12:54.833 [WARN]: User not logged in
(VSCode) 2025-08-09 12:12:55.003 [WARN]: User not logged in
(VSCode) 2025-08-09 12:12:56.062 [WARN]: User not logged in
(VSCode) 2025-08-09 12:12:56.186 [WARN]: User not logged in
(VSCode) 2025-08-09 12:13:00.120 [WARN]: User not logged in
(VSCode) 2025-08-09 12:13:00.336 [WARN]: User not logged in
(VSCode) 2025-08-09 12:13:01.313 [WARN]: User not logged in
(VSCode) 2025-08-09 12:13:03.676 [WARN]: User not logged in
(VSCode) 2025-08-09 12:13:04.252 [WARN]: User not logged in
(VSCode) 2025-08-09 12:13:06.443 [WARN]: User not logged in
(VSCode) 2025-08-09 12:13:06.623 [WARN]: User not logged in
(VSCode) 2025-08-09 12:13:07.860 [WARN]: User not logged in
(VSCode) 2025-08-09 12:13:41.350 [WARN]: User not logged in
(VSCode) 2025-08-09 12:14:35.149 [WARN]: User not logged in
(VSCode) 2025-08-09 12:18:22.491 [WARN]: User not logged in
(VSCode) 2025-08-09 12:18:23.196 [WARN]: User not logged in
(VSCode) 2025-08-09 12:18:23.599 [WARN]: User not logged in
(VSCode) 2025-08-09 12:18:24.978 [WARN]: User not logged in
(VSCode) 2025-08-09 12:18:25.725 [WARN]: User not logged in
(VSCode) 2025-08-09 12:18:26.361 [WARN]: User not logged in
(VSCode) 2025-08-09 12:18:26.655 [WARN]: User not logged in
(VSCode) 2025-08-09 12:18:26.918 [WARN]: User not logged in
(VSCode) 2025-08-09 12:18:27.250 [WARN]: User not logged in
(VSCode) 2025-08-09 12:18:27.639 [WARN]: User not logged in
(VSCode) 2025-08-09 12:18:28.086 [WARN]: User not logged in
(VSCode) 2025-08-09 12:18:28.386 [WARN]: User not logged in
(VSCode) 2025-08-09 12:18:28.758 [WARN]: User not logged in
(VSCode) 2025-08-09 12:18:31.167 [WARN]: User not logged in
(VSCode) 2025-08-09 12:18:31.373 [WARN]: User not logged in
(VSCode) 2025-08-09 12:18:32.130 [WARN]: User not logged in
(VSCode) 2025-08-09 12:18:32.365 [WARN]: User not logged in
(VSCode) 2025-08-09 12:18:32.543 [WARN]: User not logged in
(VSCode) 2025-08-09 12:18:33.567 [WARN]: User not logged in
(VSCode) 2025-08-09 12:18:35.742 [WARN]: User not logged in
(VSCode) 2025-08-09 12:18:36.256 [WARN]: User not logged in
(VSCode) 2025-08-09 12:18:36.565 [WARN]: User not logged in
(VSCode) 2025-08-09 12:18:36.793 [WARN]: User not logged in
(VSCode) 2025-08-09 12:18:37.148 [WARN]: User not logged in
(VSCode) 2025-08-09 12:18:38.313 [WARN]: User not logged in
(VSCode) 2025-08-09 12:18:38.589 [WARN]: User not logged in
(VSCode) 2025-08-09 12:18:39.068 [WARN]: User not logged in
(VSCode) 2025-08-09 12:18:39.407 [WARN]: User not logged in
(VSCode) 2025-08-09 12:18:39.860 [WARN]: User not logged in
(VSCode) 2025-08-09 12:18:40.353 [WARN]: User not logged in
(VSCode) 2025-08-09 12:18:40.642 [WARN]: User not logged in
(VSCode) 2025-08-09 12:18:41.109 [WARN]: User not logged in
(VSCode) 2025-08-09 12:18:41.359 [WARN]: User not logged in
(VSCode) 2025-08-09 12:18:41.745 [WARN]: User not logged in
(VSCode) 2025-08-09 12:18:44.439 [WARN]: User not logged in
(VSCode) 2025-08-09 12:18:45.011 [WARN]: User not logged in
(VSCode) 2025-08-09 12:18:45.303 [WARN]: User not logged in
(VSCode) 2025-08-09 12:18:45.665 [WARN]: User not logged in
(VSCode) 2025-08-09 12:21:47.579 [WARN]: User not logged in
(VSCode) 2025-08-09 12:21:49.575 [WARN]: User not logged in
(VSCode) 2025-08-09 12:21:54.688 [WARN]: User not logged in
(VSCode) 2025-08-09 12:21:55.174 [WARN]: User not logged in
(VSCode) 2025-08-09 12:21:56.112 [WARN]: User not logged in
(VSCode) 2025-08-09 12:21:56.933 [WARN]: User not logged in
(VSCode) 2025-08-09 12:21:57.091 [WARN]: User not logged in
(VSCode) 2025-08-09 12:21:57.511 [WARN]: User not logged in
(VSCode) 2025-08-09 12:22:49.600 [WARN]: User not logged in
(VSCode) 2025-08-09 12:22:50.593 [WARN]: User not logged in
(VSCode) 2025-08-09 12:22:50.870 [WARN]: User not logged in
(VSCode) 2025-08-09 12:22:57.454 [WARN]: User not logged in
(VSCode) 2025-08-09 12:23:02.463 [WARN]: User not logged in
(VSCode) 2025-08-09 12:23:05.153 [WARN]: User not logged in
(VSCode) 2025-08-09 12:23:05.634 [WARN]: User not logged in
(VSCode) 2025-08-09 12:23:06.564 [WARN]: User not logged in
(VSCode) 2025-08-09 12:23:08.348 [WARN]: User not logged in
(VSCode) 2025-08-09 12:23:09.829 [WARN]: User not logged in
(VSCode) 2025-08-09 12:23:10.918 [WARN]: User not logged in
(VSCode) 2025-08-09 12:23:12.606 [WARN]: User not logged in
(VSCode) 2025-08-09 12:23:13.707 [WARN]: User not logged in
(VSCode) 2025-08-09 12:23:14.304 [WARN]: User not logged in
(VSCode) 2025-08-09 12:23:14.828 [WARN]: User not logged in
(VSCode) 2025-08-09 12:23:15.674 [WARN]: User not logged in
(VSCode) 2025-08-09 12:23:16.609 [WARN]: User not logged in
(VSCode) 2025-08-09 12:23:17.726 [WARN]: User not logged in
(VSCode) 2025-08-09 12:23:19.166 [WARN]: User not logged in
(VSCode) 2025-08-09 12:23:22.322 [WARN]: User not logged in
(VSCode) 2025-08-09 12:23:22.871 [WARN]: User not logged in
(VSCode) 2025-08-09 12:23:24.106 [WARN]: User not logged in
(VSCode) 2025-08-09 12:23:25.858 [WARN]: User not logged in
(VSCode) 2025-08-09 12:23:28.012 [WARN]: User not logged in
(VSCode) 2025-08-09 12:23:28.174 [WARN]: User not logged in
(VSCode) 2025-08-09 12:23:30.947 [WARN]: User not logged in
(VSCode) 2025-08-09 12:23:33.961 [WARN]: User not logged in
(VSCode) 2025-08-09 12:23:35.745 [WARN]: User not logged in
(VSCode) 2025-08-09 12:23:35.896 [WARN]: User not logged in
(VSCode) 2025-08-09 12:23:36.799 [WARN]: User not logged in
(VSCode) 2025-08-09 12:23:38.396 [WARN]: User not logged in
(VSCode) 2025-08-09 12:23:40.922 [WARN]: User not logged in
(VSCode) 2025-08-09 12:23:41.247 [WARN]: User not logged in
(VSCode) 2025-08-09 12:23:41.509 [WARN]: User not logged in
(VSCode) 2025-08-09 12:23:41.883 [WARN]: User not logged in
(VSCode) 2025-08-09 12:23:43.688 [WARN]: User not logged in
(VSCode) 2025-08-09 12:23:43.828 [WARN]: User not logged in
(VSCode) 2025-08-09 12:23:44.147 [WARN]: User not logged in
(VSCode) 2025-08-09 12:23:45.701 [WARN]: User not logged in
(VSCode) 2025-08-09 12:23:46.729 [WARN]: User not logged in
(VSCode) 2025-08-09 12:23:55.080 [WARN]: User not logged in
(VSCode) 2025-08-09 12:24:09.645 [WARN]: User not logged in
(VSCode) 2025-08-09 12:24:10.550 [WARN]: User not logged in
(VSCode) 2025-08-09 12:24:10.735 [WARN]: User not logged in
(VSCode) 2025-08-09 12:24:11.179 [WARN]: User not logged in
(VSCode) 2025-08-09 12:24:13.129 [WARN]: User not logged in
(VSCode) 2025-08-09 12:24:29.531 [WARN]: User not logged in
(VSCode) 2025-08-09 12:24:29.906 [WARN]: User not logged in
(VSCode) 2025-08-09 12:24:31.443 [WARN]: User not logged in
(VSCode) 2025-08-09 12:24:34.461 [WARN]: User not logged in
(VSCode) 2025-08-09 12:24:35.269 [WARN]: User not logged in
(VSCode) 2025-08-09 12:24:43.185 [WARN]: User not logged in
(VSCode) 2025-08-09 12:24:57.877 [WARN]: User not logged in
(VSCode) 2025-08-09 12:24:58.237 [WARN]: User not logged in
(VSCode) 2025-08-09 12:24:59.255 [WARN]: User not logged in
(VSCode) 2025-08-09 12:24:59.928 [WARN]: User not logged in
(VSCode) 2025-08-09 12:25:00.976 [WARN]: User not logged in
(VSCode) 2025-08-09 12:25:18.766 [WARN]: User not logged in
(VSCode) 2025-08-09 12:25:18.937 [WARN]: User not logged in
(VSCode) 2025-08-09 12:25:19.097 [WARN]: User not logged in
(VSCode) 2025-08-09 12:25:19.460 [WARN]: User not logged in
(VSCode) 2025-08-09 12:25:26.475 [WARN]: User not logged in
(VSCode) 2025-08-09 12:25:26.764 [WARN]: User not logged in
(VSCode) 2025-08-09 12:25:27.371 [WARN]: User not logged in
(VSCode) 2025-08-09 12:25:27.654 [WARN]: User not logged in
(VSCode) 2025-08-09 12:25:27.803 [WARN]: User not logged in
(VSCode) 2025-08-09 12:25:54.923 [WARN]: User not logged in
(VSCode) 2025-08-09 12:25:55.041 [WARN]: User not logged in
(VSCode) 2025-08-09 12:25:56.876 [WARN]: User not logged in
(VSCode) 2025-08-09 12:25:57.717 [WARN]: User not logged in
(VSCode) 2025-08-09 12:25:58.579 [WARN]: User not logged in
(VSCode) 2025-08-09 12:26:00.423 [WARN]: User not logged in
(VSCode) 2025-08-09 12:26:01.854 [WARN]: User not logged in
(VSCode) 2025-08-09 12:26:03.263 [WARN]: User not logged in
(VSCode) 2025-08-09 12:26:03.797 [WARN]: User not logged in
(VSCode) 2025-08-09 12:26:05.408 [WARN]: User not logged in
(VSCode) 2025-08-09 12:26:05.542 [WARN]: User not logged in
(VSCode) 2025-08-09 12:26:06.456 [WARN]: User not logged in
(VSCode) 2025-08-09 12:26:08.285 [WARN]: User not logged in
(VSCode) 2025-08-09 12:26:45.557 [WARN]: User not logged in
(VSCode) 2025-08-09 12:26:46.045 [WARN]: User not logged in
(VSCode) 2025-08-09 12:26:46.299 [WARN]: User not logged in
(VSCode) 2025-08-09 12:26:47.311 [WARN]: User not logged in
(VSCode) 2025-08-09 12:26:47.736 [WARN]: User not logged in
(VSCode) 2025-08-09 12:26:48.036 [WARN]: User not logged in
(VSCode) 2025-08-09 12:26:49.566 [WARN]: User not logged in
(VSCode) 2025-08-09 12:26:50.529 [WARN]: User not logged in
(VSCode) 2025-08-09 12:26:52.253 [WARN]: User not logged in
(VSCode) 2025-08-09 12:26:52.870 [WARN]: User not logged in
(VSCode) 2025-08-09 12:26:53.253 [WARN]: User not logged in
(VSCode) 2025-08-09 12:27:23.490 [WARN]: User not logged in
(VSCode) 2025-08-09 12:27:25.238 [WARN]: User not logged in
(VSCode) 2025-08-09 12:27:25.496 [WARN]: User not logged in
(VSCode) 2025-08-09 12:27:26.840 [WARN]: User not logged in
(VSCode) 2025-08-09 12:27:27.096 [WARN]: User not logged in
(VSCode) 2025-08-09 12:27:27.950 [WARN]: User not logged in
(VSCode) 2025-08-09 12:27:28.251 [WARN]: User not logged in
(VSCode) 2025-08-09 12:27:29.464 [WARN]: User not logged in
(VSCode) 2025-08-09 12:27:29.584 [WARN]: User not logged in
(VSCode) 2025-08-09 12:27:30.133 [WARN]: User not logged in
(VSCode) 2025-08-09 12:27:30.407 [WARN]: User not logged in
(VSCode) 2025-08-09 12:27:31.858 [WARN]: User not logged in
(VSCode) 2025-08-09 12:27:33.285 [WARN]: User not logged in
(VSCode) 2025-08-09 12:27:35.167 [WARN]: User not logged in
(VSCode) 2025-08-09 12:27:36.510 [WARN]: User not logged in
(VSCode) 2025-08-09 12:27:51.828 [WARN]: User not logged in
(VSCode) 2025-08-09 12:27:54.347 [WARN]: User not logged in
(VSCode) 2025-08-09 12:27:54.610 [WARN]: User not logged in
(VSCode) 2025-08-09 12:28:11.552 [WARN]: User not logged in
(VSCode) 2025-08-09 12:28:11.910 [WARN]: User not logged in
(VSCode) 2025-08-09 12:28:12.057 [WARN]: User not logged in
(VSCode) 2025-08-09 12:28:12.362 [WARN]: User not logged in
(VSCode) 2025-08-09 12:28:12.525 [WARN]: User not logged in
(VSCode) 2025-08-09 12:28:12.823 [WARN]: User not logged in
(VSCode) 2025-08-09 12:28:13.618 [WARN]: User not logged in
(VSCode) 2025-08-09 12:28:13.769 [WARN]: User not logged in
(VSCode) 2025-08-09 12:28:14.126 [WARN]: User not logged in
(VSCode) 2025-08-09 12:28:14.885 [WARN]: User not logged in
(VSCode) 2025-08-09 12:28:15.431 [WARN]: User not logged in
(VSCode) 2025-08-09 12:28:15.863 [WARN]: User not logged in
(VSCode) 2025-08-09 12:28:16.008 [WARN]: User not logged in
(VSCode) 2025-08-09 12:28:54.785 [WARN]: User not logged in
(VSCode) 2025-08-09 12:28:55.742 [WARN]: User not logged in
(VSCode) 2025-08-09 12:29:15.151 [WARN]: User not logged in
(VSCode) 2025-08-09 12:29:15.293 [WARN]: User not logged in
(VSCode) 2025-08-09 12:29:16.028 [WARN]: User not logged in
(VSCode) 2025-08-09 12:29:16.347 [WARN]: User not logged in
(VSCode) 2025-08-09 12:29:30.952 [WARN]: User not logged in
(VSCode) 2025-08-09 12:29:31.071 [WARN]: User not logged in
(VSCode) 2025-08-09 12:29:53.881 [WARN]: User not logged in
(VSCode) 2025-08-09 12:29:54.699 [WARN]: User not logged in
(VSCode) 2025-08-09 12:30:23.750 [WARN]: User not logged in
(VSCode) 2025-08-09 12:30:35.235 [WARN]: User not logged in
(VSCode) 2025-08-09 12:30:36.346 [WARN]: User not logged in
(VSCode) 2025-08-09 12:30:45.278 [WARN]: User not logged in
(VSCode) 2025-08-09 12:30:47.599 [WARN]: User not logged in
(VSCode) 2025-08-09 12:30:51.326 [WARN]: User not logged in
(VSCode) 2025-08-09 12:31:33.222 [WARN]: User not logged in
(VSCode) 2025-08-09 12:31:33.861 [WARN]: User not logged in
(VSCode) 2025-08-09 12:31:34.103 [WARN]: User not logged in
(VSCode) 2025-08-09 12:31:34.570 [WARN]: User not logged in
(VSCode) 2025-08-09 12:31:36.250 [WARN]: User not logged in
(VSCode) 2025-08-09 12:31:38.350 [WARN]: User not logged in
(VSCode) 2025-08-09 12:31:39.373 [WARN]: User not logged in
(VSCode) 2025-08-09 12:31:39.730 [WARN]: User not logged in
(VSCode) 2025-08-09 12:31:40.603 [WARN]: User not logged in
(VSCode) 2025-08-09 12:31:41.611 [WARN]: User not logged in
(VSCode) 2025-08-09 12:31:41.966 [WARN]: User not logged in
(VSCode) 2025-08-09 12:31:43.071 [WARN]: User not logged in
(VSCode) 2025-08-09 12:31:43.402 [WARN]: User not logged in
(VSCode) 2025-08-09 12:31:43.879 [WARN]: User not logged in
(VSCode) 2025-08-09 12:31:44.059 [WARN]: User not logged in
(VSCode) 2025-08-09 12:31:44.512 [WARN]: User not logged in
(VSCode) 2025-08-09 12:31:44.916 [WARN]: User not logged in
(VSCode) 2025-08-09 12:31:46.354 [WARN]: User not logged in
(VSCode) 2025-08-09 12:31:48.662 [WARN]: User not logged in
(VSCode) 2025-08-09 12:31:50.476 [WARN]: User not logged in
(VSCode) 2025-08-09 12:31:58.564 [WARN]: User not logged in
(VSCode) 2025-08-09 12:31:59.195 [WARN]: User not logged in
(VSCode) 2025-08-09 12:56:12.192 [INFO]: Disposing language server process
(VSCode) 2025-08-09 12:56:12.192 [INFO]: Deleting manager directory: /tmp/31a85e44-25e6-4461-b534-42fe11950617/codeium/manager
(VSCode) 2025-08-09 12:56:12.193 [INFO]: Successfully disposed language server
W0809 12:56:12.192785  3339 main.go:142] [Language Server Manager] Got signal terminated, shutting down
E0809 12:56:12.586088  3339 main.go:395] [Language Server Manager] Failed to acquire lock on /tmp/31a85e44-25e6-4461-b534-42fe11950617/codeium/manager/locks/child_lock_1754740930404006166_2929613731704335393: open /tmp/31a85e44-25e6-4461-b534-42fe11950617/codeium/manager/locks/child_lock_1754740930404006166_2929613731704335393: no such file or directory
I0809 12:56:12.587128  3366 server.go:1422] Exit requested on language server process 3366
I0809 12:56:12.587283  3366 server.go:1395] Language server shutting down
(VSCode) 2025-08-09 12:56:14.373 [ERROR]: Failed to stop lsp
(VSCode) 2025-08-09 12:56:14.379 [INFO]: Language server exited with code 0
