2025-08-09 13:10:37.362 [info] Log level: Info
2025-08-09 13:10:37.362 [info] VSCODE_MACHINE_ID: 10d3d877-fe56-442f-a117-f9035039c6e9
2025-08-09 13:10:37.362 [info] VSCODE_SESSION_ID: 936ad288-9e0e-41c4-b966-fa3236e716981754745019601
2025-08-09 13:10:37.362 [info] VSCODE_VERSION: 1.102.3
2025-08-09 13:10:37.362 [info] VSCODE_APP_NAME: Gitpod Code
2025-08-09 13:10:37.362 [info] VSCODE_APP_HOST: Gitpod
2025-08-09 13:10:37.362 [info] VSCODE_UI_KIND: web
2025-08-09 13:10:37.362 [info] GITPOD_WORKSPACE_CONTEXT_URL: https://github.com/Abdallah-Develop/Website-starter
2025-08-09 13:10:37.362 [info] GITPOD_INSTANCE_ID: fef437b8-4b22-4935-9935-454c9e9663ce
2025-08-09 13:10:37.362 [info] GITPOD_WORKSPACE_URL: https://abdallahdev-websitestar-esjdme0laxn.ws-eu120.gitpod.io
2025-08-09 13:10:37.362 [info] Gitpod Web 3953e81
2025-08-09 13:10:37.362 [info] Reading sessions from keychain...
2025-08-09 13:10:40.927 [info] Got stored sessions!
2025-08-09 13:10:40.928 [info] Getting sessions for all scopes...
2025-08-09 13:10:40.928 [info] Getting GitHub sessions for all scopes...
2025-08-09 13:10:41.239 [info] Verified session with the following scopes: function:accessCodeSyncStorage function:closePort function:controlAdmission function:deleteEnvVar function:generateNewGitpodToken function:getDefaultWorkspaceImage function:getGitpodTokenScopes function:getIDToken function:getLoggedInUser function:getOpenPorts function:getSupportedWorkspaceClasses function:getTeams function:getToken function:getWorkspace function:getWorkspaceEnvVars function:getWorkspaceOwner function:getWorkspaceTimeout function:getWorkspaceUsers function:guessGitTokenScopes function:isWorkspaceOwner function:openPort function:sendHeartBeat function:setEnvVar function:setWorkspaceTimeout function:stopWorkspace function:takeSnapshot function:trackEvent function:updateGitStatus function:waitForSnapshot resource:contentBlob::*::create/get resource:envVar::*/**::update resource:envVar::*/*::update resource:envVar::Abdallah-Develop/Website-starter::create/get/update/delete resource:gitpodToken::*::create resource:snapshot::ws-abdallahdev-websitestar-esjdme0laxn::create resource:token::*::get resource:userStorage::*::create/get/update resource:workspace::abdallahdev-websitestar-esjdme0laxn::get/update resource:workspaceInstance::fef437b8-4b22-4935-9935-454c9e9663ce::get/update/delete
2025-08-09 13:10:41.239 [info] Got 1 verified sessions.
2025-08-09 13:10:41.239 [info] Got 1 sessions for all scopes...
2025-08-09 13:10:41.239 [info] Getting sessions for all scopes...
2025-08-09 13:10:41.239 [info] Got 1 sessions for all scopes...
2025-08-09 13:10:41.240 [info] Getting sessions for all scopes...
2025-08-09 13:10:41.240 [info] Got 1 sessions for all scopes...
2025-08-09 13:10:41.259 [info] Getting sessions for all scopes...
2025-08-09 13:10:41.259 [info] Got 1 sessions for all scopes...
2025-08-09 13:10:41.260 [info] Getting sessions for function:accessCodeSyncStorage...
2025-08-09 13:10:41.260 [info] Got 1 sessions for function:accessCodeSyncStorage...
2025-08-09 13:10:41.418 [info] Got 1 GitHub sessions for all scopes...
2025-08-09 13:10:41.418 [info] Getting GitHub sessions for all scopes...
2025-08-09 13:10:41.418 [info] Got 1 GitHub sessions for all scopes...
2025-08-09 13:10:42.137 [info] Getting GitHub sessions for read:user,repo,user:email,workflow...
2025-08-09 13:10:42.137 [info] Got 0 GitHub sessions for read:user,repo,user:email,workflow...
2025-08-09 13:10:42.217 [info] Getting GitHub sessions for all scopes...
2025-08-09 13:10:42.217 [info] Getting sessions for all scopes...
2025-08-09 13:10:42.217 [info] Got 1 GitHub sessions for all scopes...
2025-08-09 13:10:42.217 [info] Got 1 sessions for all scopes...
2025-08-09 13:10:42.217 [info] Getting GitHub sessions for all scopes...
2025-08-09 13:10:42.217 [info] Got 1 GitHub sessions for all scopes...
2025-08-09 13:10:42.323 [info] Getting sessions for all scopes...
2025-08-09 13:10:42.323 [info] Getting GitHub sessions for all scopes...
2025-08-09 13:10:42.323 [info] Got 1 sessions for all scopes...
2025-08-09 13:10:42.323 [info] Got 1 GitHub sessions for all scopes...
2025-08-09 13:10:42.327 [info] Getting sessions for all scopes...
2025-08-09 13:10:42.327 [info] Got 1 sessions for all scopes...
2025-08-09 13:10:42.417 [info] Getting GitHub sessions for all scopes...
2025-08-09 13:10:42.417 [info] Got 1 GitHub sessions for all scopes...
2025-08-09 13:10:42.417 [info] Getting GitHub sessions for all scopes...
2025-08-09 13:10:42.417 [info] Got 1 GitHub sessions for all scopes...
2025-08-09 13:10:42.918 [info] Getting sessions for all scopes...
2025-08-09 13:10:42.918 [info] Getting GitHub sessions for all scopes...
2025-08-09 13:10:42.918 [info] Got 1 sessions for all scopes...
2025-08-09 13:10:42.918 [info] Got 1 GitHub sessions for all scopes...
2025-08-09 13:10:43.026 [info] Getting sessions for all scopes...
2025-08-09 13:10:43.026 [info] Getting GitHub sessions for all scopes...
2025-08-09 13:10:43.026 [info] Got 1 sessions for all scopes...
2025-08-09 13:10:43.026 [info] Got 1 GitHub sessions for all scopes...
2025-08-09 13:10:43.318 [info] Getting sessions for all scopes...
2025-08-09 13:10:43.318 [info] Getting GitHub sessions for all scopes...
2025-08-09 13:10:43.318 [info] Got 1 sessions for all scopes...
2025-08-09 13:10:43.318 [info] Got 1 GitHub sessions for all scopes...
2025-08-09 13:10:43.319 [info] Getting sessions for all scopes...
2025-08-09 13:10:43.319 [info] Getting GitHub sessions for all scopes...
2025-08-09 13:10:43.319 [info] Got 1 sessions for all scopes...
2025-08-09 13:10:43.319 [info] Got 1 GitHub sessions for all scopes...
2025-08-09 13:10:43.333 [info] Getting GitHub sessions for project,read:org,read:user,repo,user:email,workflow...
2025-08-09 13:10:43.333 [info] Got 0 GitHub sessions for project,read:org,read:user,repo,user:email,workflow...
2025-08-09 13:10:43.614 [info] Getting sessions for all scopes...
2025-08-09 13:10:43.615 [info] Getting GitHub sessions for all scopes...
2025-08-09 13:10:43.615 [info] Got 1 sessions for all scopes...
2025-08-09 13:10:43.615 [info] Got 1 GitHub sessions for all scopes...
2025-08-09 13:10:43.926 [info] Getting sessions for all scopes...
2025-08-09 13:10:43.926 [info] Getting GitHub sessions for all scopes...
2025-08-09 13:10:43.926 [info] Got 1 sessions for all scopes...
2025-08-09 13:10:43.926 [info] Got 1 GitHub sessions for all scopes...
2025-08-09 13:10:43.926 [info] Getting sessions for all scopes...
2025-08-09 13:10:43.926 [info] Getting GitHub sessions for all scopes...
2025-08-09 13:10:43.926 [info] Got 1 sessions for all scopes...
2025-08-09 13:10:43.926 [info] Got 1 GitHub sessions for all scopes...
2025-08-09 13:10:44.150 [info] Getting GitHub sessions for read:user,repo,user:email,workflow...
2025-08-09 13:10:44.151 [info] Got 0 GitHub sessions for read:user,repo,user:email,workflow...
2025-08-09 13:10:44.255 [info] Getting sessions for all scopes...
2025-08-09 13:10:44.255 [info] Getting GitHub sessions for all scopes...
2025-08-09 13:10:44.255 [info] Got 1 sessions for all scopes...
2025-08-09 13:10:44.255 [info] Got 1 GitHub sessions for all scopes...
2025-08-09 13:10:44.742 [info] Getting GitHub sessions for read:user,repo,user:email...
2025-08-09 13:10:44.742 [info] Got 0 GitHub sessions for read:user,repo,user:email...
2025-08-09 13:10:45.078 [info] Getting GitHub sessions for read:user,repo,user:email,workflow...
2025-08-09 13:10:45.078 [info] Got 0 GitHub sessions for read:user,repo,user:email,workflow...
2025-08-09 13:10:55.647 [info] Getting sessions for all scopes...
2025-08-09 13:10:55.647 [info] Getting GitHub sessions for all scopes...
2025-08-09 13:10:55.647 [info] Got 1 sessions for all scopes...
2025-08-09 13:10:55.647 [info] Got 1 GitHub sessions for all scopes...
2025-08-09 13:10:55.806 [info] Getting sessions for all scopes...
2025-08-09 13:10:55.806 [info] Getting GitHub sessions for all scopes...
2025-08-09 13:10:55.806 [info] Got 1 sessions for all scopes...
2025-08-09 13:10:55.806 [info] Got 1 GitHub sessions for all scopes...
