2025-08-10 10:34:21.471 [info] Extension host with pid 9557 started
2025-08-10 10:34:21.471 [error] Error: EEXIST: file already exists, open '/workspace/.vscode-remote/data/User/workspaceStorage/1cafd87f/vscode.lock'
2025-08-10 10:34:21.471 [info] Lock '/workspace/.vscode-remote/data/User/workspaceStorage/1cafd87f/vscode.lock': Could not acquire lock, checking if the file is stale.
2025-08-10 10:34:21.472 [info] Lock '/workspace/.vscode-remote/data/User/workspaceStorage/1cafd87f/vscode.lock': The lock does not look stale, elapsed: 310 ms, giving up.
2025-08-10 10:34:21.472 [error] Error: EEXIST: file already exists, open '/workspace/.vscode-remote/data/User/workspaceStorage/1cafd87f-1/vscode.lock'
2025-08-10 10:34:21.473 [info] Lock '/workspace/.vscode-remote/data/User/workspaceStorage/1cafd87f-1/vscode.lock': Could not acquire lock, checking if the file is stale.
2025-08-10 10:34:21.473 [info] Lock '/workspace/.vscode-remote/data/User/workspaceStorage/1cafd87f-1/vscode.lock': The lock does not look stale, elapsed: 660 ms, giving up.
2025-08-10 10:34:21.476 [info] Lock '/workspace/.vscode-remote/data/User/workspaceStorage/1cafd87f-2/vscode.lock': Lock acquired.
2025-08-10 10:34:22.725 [info] ExtensionService#_doActivateExtension vscode.simple-browser, startup: false, activationEvent: 'onWebviewPanel:simpleBrowser.view'
2025-08-10 10:34:22.726 [info] ExtensionService#_doActivateExtension astro-build.astro-vscode, startup: false, activationEvent: 'onLanguage:astro'
2025-08-10 10:34:22.727 [info] ExtensionService#_doActivateExtension vscode.emmet, startup: false, activationEvent: 'onLanguage'
2025-08-10 10:34:23.729 [info] ExtensionService#_doActivateExtension vscode.git-base, startup: true, activationEvent: '*', root cause: vscode.git
2025-08-10 10:34:23.731 [info] ExtensionService#_doActivateExtension gitpod.gitpod-web, startup: true, activationEvent: '*'
2025-08-10 10:34:23.877 [info] ExtensionService#_doActivateExtension vscode.npm, startup: true, activationEvent: 'workspaceContains:package.json'
2025-08-10 10:34:24.555 [info] ExtensionService#_doActivateExtension vscode.git, startup: true, activationEvent: '*'
2025-08-10 10:34:24.558 [info] ExtensionService#_doActivateExtension vscode.github, startup: true, activationEvent: '*'
2025-08-10 10:34:25.655 [info] Eager extensions activated
2025-08-10 10:34:25.655 [info] ExtensionService#_doActivateExtension vscode.debug-auto-launch, startup: false, activationEvent: 'onStartupFinished'
2025-08-10 10:34:25.655 [info] ExtensionService#_doActivateExtension vscode.merge-conflict, startup: false, activationEvent: 'onStartupFinished'
2025-08-10 10:34:25.656 [info] ExtensionService#_doActivateExtension bradlc.vscode-tailwindcss, startup: false, activationEvent: 'onStartupFinished'
2025-08-10 10:34:25.656 [info] ExtensionService#_doActivateExtension Codeium.codeium, startup: false, activationEvent: 'onStartupFinished'
2025-08-10 10:34:25.657 [info] ExtensionService#_doActivateExtension esbenp.prettier-vscode, startup: false, activationEvent: 'onStartupFinished'
2025-08-10 10:34:25.657 [info] ExtensionService#_doActivateExtension vscode.github-authentication, startup: false, activationEvent: 'onStartupFinished', root cause: GitHub.vscode-pull-request-github
2025-08-10 10:34:25.657 [info] ExtensionService#_doActivateExtension PKief.material-icon-theme, startup: false, activationEvent: 'onStartupFinished'
2025-08-10 10:34:28.056 [info] ExtensionService#_doActivateExtension redhat.vscode-yaml, startup: false, activationEvent: 'onLanguage:yaml'
2025-08-10 10:34:28.464 [info] ExtensionService#_doActivateExtension GitHub.vscode-pull-request-github, startup: false, activationEvent: 'onStartupFinished'
2025-08-10 10:34:30.424 [warning] [redhat.vscode-yaml] Accessing a resource scoped configuration without providing a resource is not expected. To get the effective value for '[yaml]', provide the URI of a resource or 'null' for any resource.
2025-08-10 10:34:30.426 [warning] [redhat.vscode-yaml] Accessing a resource scoped configuration without providing a resource is not expected. To get the effective value for '[yaml]', provide the URI of a resource or 'null' for any resource.
2025-08-10 10:34:30.928 [info] ExtensionService#_doActivateExtension vscode.configuration-editing, startup: false, activationEvent: 'onLanguage:json'
2025-08-10 10:34:30.928 [info] ExtensionService#_doActivateExtension vscode.extension-editing, startup: false, activationEvent: 'onLanguage:json'
2025-08-10 10:34:30.929 [info] ExtensionService#_doActivateExtension vscode.json-language-features, startup: false, activationEvent: 'onLanguage:json'
2025-08-10 10:34:31.436 [warning] [redhat.vscode-yaml] Accessing a resource scoped configuration without providing a resource is not expected. To get the effective value for '[yaml]', provide the URI of a resource or 'null' for any resource.
2025-08-10 10:34:32.831 [warning] [redhat.vscode-yaml] Accessing a resource scoped configuration without providing a resource is not expected. To get the effective value for '[yaml]', provide the URI of a resource or 'null' for any resource.
2025-08-10 10:34:32.854 [warning] [redhat.vscode-yaml] Accessing a resource scoped configuration without providing a resource is not expected. To get the effective value for '[yaml]', provide the URI of a resource or 'null' for any resource.
2025-08-10 10:34:32.893 [warning] [redhat.vscode-yaml] Accessing a resource scoped configuration without providing a resource is not expected. To get the effective value for '[yaml]', provide the URI of a resource or 'null' for any resource.
2025-08-10 10:34:33.483 [warning] [redhat.vscode-yaml] Accessing a resource scoped configuration without providing a resource is not expected. To get the effective value for '[yaml]', provide the URI of a resource or 'null' for any resource.
2025-08-10 10:34:35.938 [info] ExtensionService#_doActivateExtension vscode.typescript-language-features, startup: false, activationEvent: 'onLanguage:jsonc'
2025-08-10 10:34:36.861 [warning] [redhat.vscode-yaml] Accessing a resource scoped configuration without providing a resource is not expected. To get the effective value for '[yaml]', provide the URI of a resource or 'null' for any resource.
2025-08-10 10:34:45.705 [info] Extension host terminating: received terminate message from renderer
2025-08-10 10:34:45.705 [info] Lock '/workspace/.vscode-remote/data/User/workspaceStorage/1cafd87f-2/vscode.lock': Marking the lockfile as scheduled to be released in 6000 ms.
2025-08-10 10:34:45.739 [warning] Canceled
2025-08-10 10:34:45.744 [error] [astro-build.astro-vscode] provider FAILED
2025-08-10 10:34:45.744 [error] Error: Starting server failed
	at nf.$start (/workspace/.vscode-remote/extensions/astro-build.astro-vscode-2.15.4-linux-x64/dist/node/client.js:43:12225)
	at async nf.sendRequest (/workspace/.vscode-remote/extensions/astro-build.astro-vscode-2.15.4-linux-x64/dist/node/client.js:41:113630)
	at async lb.provideColors (file:///ide/out/vs/workbench/api/node/extensionHostProcess.js:140:168728)
2025-08-10 10:34:45.745 [error] [astro-build.astro-vscode] provider FAILED
2025-08-10 10:34:45.745 [error] Error: Starting server failed
	at nf.$start (/workspace/.vscode-remote/extensions/astro-build.astro-vscode-2.15.4-linux-x64/dist/node/client.js:43:12225)
	at async nf.sendRequest (/workspace/.vscode-remote/extensions/astro-build.astro-vscode-2.15.4-linux-x64/dist/node/client.js:41:113630)
	at async Gm.provideCodeActions (file:///ide/out/vs/workbench/api/node/extensionHostProcess.js:140:147591)
2025-08-10 10:34:45.745 [error] [astro-build.astro-vscode] provider FAILED
2025-08-10 10:34:45.745 [error] Error: Starting server failed
	at nf.$start (/workspace/.vscode-remote/extensions/astro-build.astro-vscode-2.15.4-linux-x64/dist/node/client.js:43:12225)
	at async nf.sendRequest (/workspace/.vscode-remote/extensions/astro-build.astro-vscode-2.15.4-linux-x64/dist/node/client.js:41:113630)
	at async Gm.provideCodeActions (file:///ide/out/vs/workbench/api/node/extensionHostProcess.js:140:147591)
2025-08-10 10:34:45.759 [error] Error: Channel has been closed
	at n (file:///ide/out/vs/workbench/api/node/extensionHostProcess.js:120:3673)
	at Object.info (file:///ide/out/vs/workbench/api/node/extensionHostProcess.js:120:4043)
	at T.info (/ide/extensions/json-language-features/client/dist/node/jsonClientMain.js:2:291132)
	at ChildProcess.<anonymous> (/ide/extensions/json-language-features/client/dist/node/jsonClientMain.js:2:514778)
	at ChildProcess.emit (node:events:518:28)
	at ChildProcess.emit (node:domain:489:12)
	at ChildProcess._handle.onexit (node:internal/child_process:293:12)
2025-08-10 10:34:45.760 [info] Extension host with pid 9557 exiting with code 0
