2025-08-10 11:14:56.555 [info] Log level: Info
2025-08-10 11:14:56.607 [info] VSCODE_MACHINE_ID: 10d3d877-fe56-442f-a117-f9035039c6e9
2025-08-10 11:14:56.607 [info] VSCODE_SESSION_ID: b21d2dcb-e07b-4627-8f26-4277f7ff9a581754824489288
2025-08-10 11:14:56.607 [info] VSCODE_VERSION: 1.102.3
2025-08-10 11:14:56.607 [info] VSCODE_APP_NAME: Gitpod Code
2025-08-10 11:14:56.607 [info] VSCODE_APP_HOST: Gitpod
2025-08-10 11:14:56.607 [info] VSCODE_UI_KIND: web
2025-08-10 11:14:56.607 [info] GITPOD_WORKSPACE_CONTEXT_URL: https://github.com/Abdallah-Develop/Website-starter
2025-08-10 11:14:56.607 [info] GITPOD_INSTANCE_ID: ca23dfbd-9ee2-47a7-b45d-42083e4f2a87
2025-08-10 11:14:56.607 [info] GITPOD_WORKSPACE_URL: https://abdallahdev-websitestar-esjdme0laxn.ws-eu120.gitpod.io
2025-08-10 11:14:56.620 [info] Gitpod Web 3953e81
2025-08-10 11:14:56.620 [info] Reading sessions from keychain...
2025-08-10 11:14:57.934 [info] Got stored sessions!
2025-08-10 11:14:57.934 [info] Verified session with the following scopes: function:accessCodeSyncStorage function:closePort function:controlAdmission function:deleteEnvVar function:generateNewGitpodToken function:getDefaultWorkspaceImage function:getGitpodTokenScopes function:getIDToken function:getLoggedInUser function:getOpenPorts function:getSupportedWorkspaceClasses function:getTeams function:getToken function:getWorkspace function:getWorkspaceEnvVars function:getWorkspaceOwner function:getWorkspaceTimeout function:getWorkspaceUsers function:guessGitTokenScopes function:isWorkspaceOwner function:openPort function:sendHeartBeat function:setEnvVar function:setWorkspaceTimeout function:stopWorkspace function:takeSnapshot function:trackEvent function:updateGitStatus function:waitForSnapshot resource:contentBlob::*::create/get resource:envVar::*/**::update resource:envVar::*/*::update resource:envVar::Abdallah-Develop/Website-starter::create/get/update/delete resource:gitpodToken::*::create resource:snapshot::ws-abdallahdev-websitestar-esjdme0laxn::create resource:token::*::get resource:userStorage::*::create/get/update resource:workspace::abdallahdev-websitestar-esjdme0laxn::get/update resource:workspaceInstance::ca23dfbd-9ee2-47a7-b45d-42083e4f2a87::get/update/delete
2025-08-10 11:14:57.934 [info] Got 1 verified sessions.
2025-08-10 11:14:57.934 [info] Getting sessions for all scopes...
2025-08-10 11:14:57.934 [info] Getting GitHub sessions for all scopes...
2025-08-10 11:14:57.934 [info] Got 1 sessions for all scopes...
2025-08-10 11:14:57.946 [info] Getting sessions for all scopes...
2025-08-10 11:14:57.946 [info] Got 1 sessions for all scopes...
2025-08-10 11:14:58.261 [info] Got 1 GitHub sessions for all scopes...
2025-08-10 11:14:58.261 [info] Getting GitHub sessions for all scopes...
2025-08-10 11:14:58.261 [info] Got 1 GitHub sessions for all scopes...
2025-08-10 11:15:01.819 [info] Getting sessions for all scopes...
2025-08-10 11:15:01.819 [info] Getting GitHub sessions for all scopes...
2025-08-10 11:15:01.819 [info] Got 1 sessions for all scopes...
2025-08-10 11:15:01.819 [info] Got 1 GitHub sessions for all scopes...
2025-08-10 11:15:01.923 [info] Getting sessions for all scopes...
2025-08-10 11:15:01.923 [info] Got 1 sessions for all scopes...
2025-08-10 11:15:01.926 [info] Getting sessions for all scopes...
2025-08-10 11:15:01.926 [info] Got 1 sessions for all scopes...
2025-08-10 11:15:01.932 [info] Getting GitHub sessions for all scopes...
2025-08-10 11:15:01.932 [info] Got 1 GitHub sessions for all scopes...
2025-08-10 11:15:01.932 [info] Getting GitHub sessions for all scopes...
2025-08-10 11:15:01.932 [info] Got 1 GitHub sessions for all scopes...
2025-08-10 11:15:01.933 [info] Getting GitHub sessions for read:user,repo,user:email,workflow...
2025-08-10 11:15:01.933 [info] Got 0 GitHub sessions for read:user,repo,user:email,workflow...
2025-08-10 11:15:02.117 [info] Getting sessions for all scopes...
2025-08-10 11:15:02.117 [info] Getting GitHub sessions for all scopes...
2025-08-10 11:15:02.118 [info] Got 1 sessions for all scopes...
2025-08-10 11:15:02.118 [info] Got 1 GitHub sessions for all scopes...
2025-08-10 11:15:02.127 [info] Getting sessions for function:accessCodeSyncStorage...
2025-08-10 11:15:02.127 [info] Got 1 sessions for function:accessCodeSyncStorage...
2025-08-10 11:15:03.059 [info] Getting sessions for all scopes...
2025-08-10 11:15:03.059 [info] Getting GitHub sessions for all scopes...
2025-08-10 11:15:03.059 [info] Got 1 sessions for all scopes...
2025-08-10 11:15:03.059 [info] Got 1 GitHub sessions for all scopes...
2025-08-10 11:15:03.134 [info] Getting sessions for all scopes...
2025-08-10 11:15:03.134 [info] Getting GitHub sessions for all scopes...
2025-08-10 11:15:03.134 [info] Got 1 sessions for all scopes...
2025-08-10 11:15:03.134 [info] Got 1 GitHub sessions for all scopes...
2025-08-10 11:15:03.136 [info] Getting sessions for all scopes...
2025-08-10 11:15:03.137 [info] Getting GitHub sessions for all scopes...
2025-08-10 11:15:03.137 [info] Got 1 sessions for all scopes...
2025-08-10 11:15:03.137 [info] Got 1 GitHub sessions for all scopes...
2025-08-10 11:15:03.616 [info] Getting sessions for all scopes...
2025-08-10 11:15:03.616 [info] Getting GitHub sessions for all scopes...
2025-08-10 11:15:03.656 [info] Got 1 sessions for all scopes...
2025-08-10 11:15:03.656 [info] Got 1 GitHub sessions for all scopes...
2025-08-10 11:15:04.055 [info] Getting GitHub sessions for project,read:org,read:user,repo,user:email,workflow...
2025-08-10 11:15:04.055 [info] Got 0 GitHub sessions for project,read:org,read:user,repo,user:email,workflow...
2025-08-10 11:15:04.270 [info] Getting sessions for all scopes...
2025-08-10 11:15:04.270 [info] Getting GitHub sessions for all scopes...
2025-08-10 11:15:04.270 [info] Got 1 sessions for all scopes...
2025-08-10 11:15:04.270 [info] Got 1 GitHub sessions for all scopes...
2025-08-10 11:15:05.137 [info] Getting sessions for all scopes...
2025-08-10 11:15:05.137 [info] Getting GitHub sessions for all scopes...
2025-08-10 11:15:05.137 [info] Got 1 sessions for all scopes...
2025-08-10 11:15:05.137 [info] Got 1 GitHub sessions for all scopes...
2025-08-10 11:15:05.141 [info] Getting sessions for all scopes...
2025-08-10 11:15:05.141 [info] Getting GitHub sessions for all scopes...
2025-08-10 11:15:05.141 [info] Got 1 sessions for all scopes...
2025-08-10 11:15:05.141 [info] Got 1 GitHub sessions for all scopes...
2025-08-10 11:15:05.315 [info] Getting GitHub sessions for read:user,repo,user:email,workflow...
2025-08-10 11:15:05.315 [info] Got 0 GitHub sessions for read:user,repo,user:email,workflow...
2025-08-10 11:15:05.423 [info] Getting sessions for all scopes...
2025-08-10 11:15:05.423 [info] Getting GitHub sessions for all scopes...
2025-08-10 11:15:05.423 [info] Got 1 sessions for all scopes...
2025-08-10 11:15:05.423 [info] Got 1 GitHub sessions for all scopes...
2025-08-10 11:15:05.424 [info] Getting sessions for all scopes...
2025-08-10 11:15:05.424 [info] Getting GitHub sessions for all scopes...
2025-08-10 11:15:05.424 [info] Got 1 sessions for all scopes...
2025-08-10 11:15:05.424 [info] Got 1 GitHub sessions for all scopes...
2025-08-10 11:15:05.424 [info] Getting sessions for all scopes...
2025-08-10 11:15:05.424 [info] Getting GitHub sessions for all scopes...
2025-08-10 11:15:05.424 [info] Got 1 sessions for all scopes...
2025-08-10 11:15:05.424 [info] Got 1 GitHub sessions for all scopes...
2025-08-10 11:15:05.424 [info] Getting sessions for all scopes...
2025-08-10 11:15:05.424 [info] Getting GitHub sessions for all scopes...
2025-08-10 11:15:05.424 [info] Got 1 sessions for all scopes...
2025-08-10 11:15:05.424 [info] Got 1 GitHub sessions for all scopes...
2025-08-10 11:15:06.117 [info] Getting GitHub sessions for read:user,repo,user:email...
2025-08-10 11:15:06.117 [info] Got 0 GitHub sessions for read:user,repo,user:email...
2025-08-10 11:15:06.837 [info] Getting GitHub sessions for read:user,repo,user:email,workflow...
2025-08-10 11:15:06.837 [info] Got 0 GitHub sessions for read:user,repo,user:email,workflow...
2025-08-10 11:15:10.714 [info] Getting sessions for all scopes...
2025-08-10 11:15:10.715 [info] Getting GitHub sessions for all scopes...
2025-08-10 11:15:10.715 [info] Got 1 sessions for all scopes...
2025-08-10 11:15:10.715 [info] Got 1 GitHub sessions for all scopes...
2025-08-10 11:15:10.814 [info] Getting sessions for all scopes...
2025-08-10 11:15:10.814 [info] Getting GitHub sessions for all scopes...
2025-08-10 11:15:10.814 [info] Got 1 sessions for all scopes...
2025-08-10 11:15:10.814 [info] Got 1 GitHub sessions for all scopes...
