2025-08-10 12:08:40.216 [info] Log level: Info
2025-08-10 12:08:40.216 [info] VSCODE_MACHINE_ID: 10d3d877-fe56-442f-a117-f9035039c6e9
2025-08-10 12:08:40.216 [info] VSCODE_SESSION_ID: 0dfb4bf5-a6a9-4c6e-9b48-33da80a5aa771754827711384
2025-08-10 12:08:40.216 [info] VSCODE_VERSION: 1.102.3
2025-08-10 12:08:40.216 [info] VSCODE_APP_NAME: Gitpod Code
2025-08-10 12:08:40.216 [info] VSCODE_APP_HOST: Gitpod
2025-08-10 12:08:40.216 [info] VSCODE_UI_KIND: web
2025-08-10 12:08:40.216 [info] GITPOD_WORKSPACE_CONTEXT_URL: https://github.com/Abdallah-Develop/Website-starter
2025-08-10 12:08:40.216 [info] GITPOD_INSTANCE_ID: ca23dfbd-9ee2-47a7-b45d-42083e4f2a87
2025-08-10 12:08:40.216 [info] GITPOD_WORKSPACE_URL: https://abdallahdev-websitestar-esjdme0laxn.ws-eu120.gitpod.io
2025-08-10 12:08:40.216 [info] Gitpod Web 3953e81
2025-08-10 12:08:40.216 [info] Reading sessions from keychain...
2025-08-10 12:08:43.125 [info] Got stored sessions!
2025-08-10 12:08:43.127 [info] Verified session with the following scopes: function:accessCodeSyncStorage function:closePort function:controlAdmission function:deleteEnvVar function:generateNewGitpodToken function:getDefaultWorkspaceImage function:getGitpodTokenScopes function:getIDToken function:getLoggedInUser function:getOpenPorts function:getSupportedWorkspaceClasses function:getTeams function:getToken function:getWorkspace function:getWorkspaceEnvVars function:getWorkspaceOwner function:getWorkspaceTimeout function:getWorkspaceUsers function:guessGitTokenScopes function:isWorkspaceOwner function:openPort function:sendHeartBeat function:setEnvVar function:setWorkspaceTimeout function:stopWorkspace function:takeSnapshot function:trackEvent function:updateGitStatus function:waitForSnapshot resource:contentBlob::*::create/get resource:envVar::*/**::update resource:envVar::*/*::update resource:envVar::Abdallah-Develop/Website-starter::create/get/update/delete resource:gitpodToken::*::create resource:snapshot::ws-abdallahdev-websitestar-esjdme0laxn::create resource:token::*::get resource:userStorage::*::create/get/update resource:workspace::abdallahdev-websitestar-esjdme0laxn::get/update resource:workspaceInstance::ca23dfbd-9ee2-47a7-b45d-42083e4f2a87::get/update/delete
2025-08-10 12:08:43.128 [info] Got 1 verified sessions.
2025-08-10 12:08:43.128 [info] Getting sessions for all scopes...
2025-08-10 12:08:43.128 [info] Getting GitHub sessions for all scopes...
2025-08-10 12:08:43.128 [info] Got 1 sessions for all scopes...
2025-08-10 12:08:43.128 [info] Getting sessions for all scopes...
2025-08-10 12:08:43.128 [info] Got 1 sessions for all scopes...
2025-08-10 12:08:43.128 [info] Getting sessions for all scopes...
2025-08-10 12:08:43.128 [info] Got 1 sessions for all scopes...
2025-08-10 12:08:43.130 [info] Getting sessions for all scopes...
2025-08-10 12:08:43.130 [info] Got 1 sessions for all scopes...
2025-08-10 12:08:43.358 [info] Getting sessions for all scopes...
2025-08-10 12:08:43.358 [info] Got 1 sessions for all scopes...
2025-08-10 12:08:43.421 [info] Getting sessions for all scopes...
2025-08-10 12:08:43.421 [info] Got 1 sessions for all scopes...
2025-08-10 12:08:43.461 [info] Getting sessions for function:accessCodeSyncStorage...
2025-08-10 12:08:43.461 [info] Got 1 sessions for function:accessCodeSyncStorage...
2025-08-10 12:08:43.541 [info] Got 1 GitHub sessions for all scopes...
2025-08-10 12:08:43.541 [info] Getting GitHub sessions for all scopes...
2025-08-10 12:08:43.541 [info] Got 1 GitHub sessions for all scopes...
2025-08-10 12:08:43.541 [info] Getting GitHub sessions for all scopes...
2025-08-10 12:08:43.541 [info] Got 1 GitHub sessions for all scopes...
2025-08-10 12:08:43.541 [info] Getting GitHub sessions for all scopes...
2025-08-10 12:08:43.541 [info] Got 1 GitHub sessions for all scopes...
2025-08-10 12:08:44.369 [info] Getting GitHub sessions for all scopes...
2025-08-10 12:08:44.369 [info] Getting sessions for all scopes...
2025-08-10 12:08:44.369 [info] Got 1 GitHub sessions for all scopes...
2025-08-10 12:08:44.369 [info] Got 1 sessions for all scopes...
2025-08-10 12:08:44.369 [info] Getting GitHub sessions for all scopes...
2025-08-10 12:08:44.369 [info] Got 1 GitHub sessions for all scopes...
2025-08-10 12:08:44.417 [info] Getting sessions for all scopes...
2025-08-10 12:08:44.417 [info] Got 1 sessions for all scopes...
2025-08-10 12:08:44.729 [info] Getting sessions for all scopes...
2025-08-10 12:08:44.729 [info] Got 1 sessions for all scopes...
2025-08-10 12:08:44.730 [info] Getting sessions for all scopes...
2025-08-10 12:08:44.730 [info] Got 1 sessions for all scopes...
2025-08-10 12:08:46.215 [info] Getting GitHub sessions for all scopes...
2025-08-10 12:08:46.215 [info] Got 1 GitHub sessions for all scopes...
2025-08-10 12:08:46.215 [info] Getting GitHub sessions for all scopes...
2025-08-10 12:08:46.215 [info] Got 1 GitHub sessions for all scopes...
2025-08-10 12:08:46.215 [info] Getting GitHub sessions for all scopes...
2025-08-10 12:08:46.215 [info] Got 1 GitHub sessions for all scopes...
2025-08-10 12:08:46.215 [info] Getting GitHub sessions for all scopes...
2025-08-10 12:08:46.215 [info] Got 1 GitHub sessions for all scopes...
2025-08-10 12:08:46.681 [info] Getting GitHub sessions for read:user,repo,user:email,workflow...
2025-08-10 12:08:46.682 [info] Got 0 GitHub sessions for read:user,repo,user:email,workflow...
2025-08-10 12:08:47.832 [info] Getting GitHub sessions for project,read:org,read:user,repo,user:email,workflow...
2025-08-10 12:08:47.832 [info] Got 0 GitHub sessions for project,read:org,read:user,repo,user:email,workflow...
2025-08-10 12:08:48.413 [info] Getting sessions for all scopes...
2025-08-10 12:08:48.414 [info] Getting GitHub sessions for all scopes...
2025-08-10 12:08:48.414 [info] Got 1 sessions for all scopes...
2025-08-10 12:08:48.414 [info] Got 1 GitHub sessions for all scopes...
2025-08-10 12:08:48.414 [info] Getting sessions for all scopes...
2025-08-10 12:08:48.414 [info] Getting GitHub sessions for all scopes...
2025-08-10 12:08:48.414 [info] Got 1 sessions for all scopes...
2025-08-10 12:08:48.414 [info] Got 1 GitHub sessions for all scopes...
2025-08-10 12:08:48.414 [info] Getting sessions for all scopes...
2025-08-10 12:08:48.414 [info] Getting GitHub sessions for all scopes...
2025-08-10 12:08:48.414 [info] Got 1 sessions for all scopes...
2025-08-10 12:08:48.414 [info] Got 1 GitHub sessions for all scopes...
2025-08-10 12:08:48.625 [info] Getting GitHub sessions for read:user,repo,user:email,workflow...
2025-08-10 12:08:48.625 [info] Got 0 GitHub sessions for read:user,repo,user:email,workflow...
2025-08-10 12:08:49.164 [info] Getting GitHub sessions for read:user,repo,user:email...
2025-08-10 12:08:49.164 [info] Got 0 GitHub sessions for read:user,repo,user:email...
2025-08-10 12:08:50.254 [info] Getting GitHub sessions for read:user,repo,user:email,workflow...
2025-08-10 12:08:50.254 [info] Got 0 GitHub sessions for read:user,repo,user:email,workflow...
2025-08-10 12:22:06.746 [info] Getting sessions for all scopes...
2025-08-10 12:22:06.746 [info] Getting GitHub sessions for all scopes...
2025-08-10 12:22:06.746 [info] Got 1 sessions for all scopes...
2025-08-10 12:22:06.746 [info] Got 1 GitHub sessions for all scopes...
2025-08-10 12:22:06.833 [info] Getting sessions for all scopes...
2025-08-10 12:22:06.833 [info] Getting GitHub sessions for all scopes...
2025-08-10 12:22:06.833 [info] Got 1 sessions for all scopes...
2025-08-10 12:22:06.833 [info] Got 1 GitHub sessions for all scopes...
