2025-08-10 13:24:51.198 [info] [main] Log level: Info
2025-08-10 13:24:51.198 [info] [main] Validating found git in: "git"
2025-08-10 13:24:51.198 [info] [main] Using git "2.49.0" from "git"
2025-08-10 13:24:51.198 [info] [Model][doInitialScan] Initial repository scan started
2025-08-10 13:24:51.198 [info] > git rev-parse --show-toplevel [104ms]
2025-08-10 13:24:51.198 [info] > git rev-parse --git-dir --git-common-dir [7ms]
2025-08-10 13:24:51.198 [info] [Model][openRepository] Opened repository (path): /workspace/Website-starter
2025-08-10 13:24:51.198 [info] [Model][openRepository] Opened repository (real path): /workspace/Website-starter
2025-08-10 13:24:51.198 [info] > git config --get commit.template [9ms]
2025-08-10 13:24:51.198 [info] > git rev-parse --show-toplevel [4ms]
2025-08-10 13:24:51.198 [info] > git rev-parse --show-toplevel [111ms]
2025-08-10 13:24:51.198 [info] > git for-each-ref --format=%(refname)%00%(upstream:short)%00%(objectname)%00%(upstream:track)%00%(upstream:remotename)%00%(upstream:remoteref) refs/heads/main refs/remotes/main [117ms]
2025-08-10 13:24:51.198 [info] > git rev-parse --show-toplevel [41ms]
2025-08-10 13:24:51.198 [info] > git for-each-ref --sort -committerdate --format %(refname)%00%(objectname)%00%(*objectname) [12ms]
2025-08-10 13:24:51.198 [info] > git rev-parse --show-toplevel [11ms]
2025-08-10 13:24:51.198 [info] > git status -z -uall [57ms]
2025-08-10 13:24:51.198 [info] > git rev-parse --show-toplevel [34ms]
2025-08-10 13:24:51.198 [info] > git for-each-ref --format=%(refname)%00%(upstream:short)%00%(objectname)%00%(upstream:track)%00%(upstream:remotename)%00%(upstream:remoteref) refs/heads/main refs/remotes/main [65ms]
2025-08-10 13:24:51.198 [info] > git config --get commit.template [75ms]
2025-08-10 13:24:51.198 [info] > git rev-parse --show-toplevel [33ms]
2025-08-10 13:24:51.198 [info] > git config --get --local branch.main.vscode-merge-base [40ms]
2025-08-10 13:24:51.198 [info] > git for-each-ref --format=%(refname)%00%(upstream:short)%00%(objectname)%00%(upstream:track)%00%(upstream:remotename)%00%(upstream:remoteref) refs/heads/main refs/remotes/main [35ms]
2025-08-10 13:24:51.198 [info] > git rev-parse --show-toplevel [23ms]
2025-08-10 13:24:51.198 [info] [Model][doInitialScan] Initial repository scan completed - repositories (1), closed repositories (0), parent repositories (0), unsafe repositories (0)
2025-08-10 13:24:51.198 [info] > git fetch [391ms]
2025-08-10 13:24:51.198 [info] > git for-each-ref --format=%(refname)%00%(upstream:short)%00%(objectname)%00%(upstream:track)%00%(upstream:remotename)%00%(upstream:remoteref) refs/heads/origin/main refs/remotes/origin/main [29ms]
2025-08-10 13:24:51.198 [info] > git merge-base refs/heads/main refs/remotes/origin/main [9ms]
2025-08-10 13:24:51.198 [info] > git config --get commit.template [9ms]
2025-08-10 13:24:51.198 [info] > git merge-base refs/heads/main refs/remotes/origin/main [7ms]
2025-08-10 13:24:51.198 [info] > git diff --name-status -z --diff-filter=ADMR 0d7a3a898007be1d8200d8db99d59472a2da8d06...refs/remotes/origin/main [20ms]
2025-08-10 13:24:51.198 [info] > git for-each-ref --format=%(refname)%00%(upstream:short)%00%(objectname)%00%(upstream:track)%00%(upstream:remotename)%00%(upstream:remoteref) refs/heads/main refs/remotes/main [7ms]
2025-08-10 13:24:51.198 [info] > git diff --name-status -z --diff-filter=ADMR 0d7a3a898007be1d8200d8db99d59472a2da8d06...refs/remotes/origin/main [15ms]
2025-08-10 13:24:51.198 [info] > git for-each-ref --sort -committerdate --format %(refname)%00%(objectname)%00%(*objectname) [4ms]
2025-08-10 13:24:51.198 [info] > git status -z -uall [15ms]
2025-08-10 13:24:51.765 [info] > git check-ignore -v -z --stdin [2ms]
2025-08-10 13:24:52.685 [info] > git check-ignore -v -z --stdin [2ms]
2025-08-10 13:25:00.146 [info] > git show --textconv :src/components/ui/icons/icons.ts [9ms]
2025-08-10 13:25:00.158 [info] > git ls-files --stage -- src/components/ui/icons/icons.ts [15ms]
2025-08-10 13:25:00.171 [info] > git cat-file -s 4d8da5dfc3ea0ca53c34f9b9e9a55446fbdcd0c3 [6ms]
2025-08-10 13:25:02.419 [info] > git blame --root --incremental 0d7a3a898007be1d8200d8db99d59472a2da8d06 -- src/components/ui/icons/icons.ts [7ms]
2025-08-10 13:25:04.626 [info] > git config --get --local branch.main.github-pr-owner-number [4ms]
2025-08-10 13:25:04.626 [warning] [Git][config] git config failed: Failed to execute git
2025-08-10 13:25:13.792 [info] > git config --get commit.template [10ms]
2025-08-10 13:25:13.793 [info] > git for-each-ref --format=%(refname)%00%(upstream:short)%00%(objectname)%00%(upstream:track)%00%(upstream:remotename)%00%(upstream:remoteref) refs/heads/main refs/remotes/main [2ms]
2025-08-10 13:25:13.817 [info] > git for-each-ref --sort -committerdate --format %(refname)%00%(objectname)%00%(*objectname) [3ms]
2025-08-10 13:25:13.822 [info] > git status -z -uall [17ms]
2025-08-10 13:25:19.027 [info] > git config --get commit.template [22ms]
2025-08-10 13:25:19.031 [info] > git for-each-ref --format=%(refname)%00%(upstream:short)%00%(objectname)%00%(upstream:track)%00%(upstream:remotename)%00%(upstream:remoteref) refs/heads/main refs/remotes/main [5ms]
2025-08-10 13:25:19.092 [info] > git for-each-ref --sort -committerdate --format %(refname)%00%(objectname)%00%(*objectname) [7ms]
2025-08-10 13:25:19.107 [info] > git status -z -uall [45ms]
2025-08-10 13:25:24.139 [info] > git config --get commit.template [12ms]
2025-08-10 13:25:24.141 [info] > git for-each-ref --format=%(refname)%00%(upstream:short)%00%(objectname)%00%(upstream:track)%00%(upstream:remotename)%00%(upstream:remoteref) refs/heads/main refs/remotes/main [2ms]
2025-08-10 13:25:24.166 [info] > git for-each-ref --sort -committerdate --format %(refname)%00%(objectname)%00%(*objectname) [4ms]
2025-08-10 13:25:24.166 [info] > git status -z -uall [16ms]
2025-08-10 13:25:34.470 [info] > git config --get commit.template [19ms]
2025-08-10 13:25:34.473 [info] > git for-each-ref --format=%(refname)%00%(upstream:short)%00%(objectname)%00%(upstream:track)%00%(upstream:remotename)%00%(upstream:remoteref) refs/heads/main refs/remotes/main [4ms]
2025-08-10 13:25:34.515 [info] > git for-each-ref --sort -committerdate --format %(refname)%00%(objectname)%00%(*objectname) [5ms]
2025-08-10 13:25:34.516 [info] > git status -z -uall [24ms]
2025-08-10 13:25:39.542 [info] > git config --get commit.template [3ms]
2025-08-10 13:25:39.563 [info] > git for-each-ref --format=%(refname)%00%(upstream:short)%00%(objectname)%00%(upstream:track)%00%(upstream:remotename)%00%(upstream:remoteref) refs/heads/main refs/remotes/main [4ms]
2025-08-10 13:25:39.603 [info] > git status -z -uall [23ms]
2025-08-10 13:25:39.605 [info] > git for-each-ref --sort -committerdate --format %(refname)%00%(objectname)%00%(*objectname) [6ms]
2025-08-10 13:25:44.646 [info] > git config --get commit.template [17ms]
2025-08-10 13:25:44.649 [info] > git for-each-ref --format=%(refname)%00%(upstream:short)%00%(objectname)%00%(upstream:track)%00%(upstream:remotename)%00%(upstream:remoteref) refs/heads/main refs/remotes/main [4ms]
2025-08-10 13:25:44.689 [info] > git for-each-ref --sort -committerdate --format %(refname)%00%(objectname)%00%(*objectname) [5ms]
2025-08-10 13:25:44.691 [info] > git status -z -uall [24ms]
2025-08-10 13:25:56.722 [info] > git config --get commit.template [16ms]
2025-08-10 13:25:56.724 [info] > git for-each-ref --format=%(refname)%00%(upstream:short)%00%(objectname)%00%(upstream:track)%00%(upstream:remotename)%00%(upstream:remoteref) refs/heads/main refs/remotes/main [3ms]
2025-08-10 13:25:56.760 [info] > git for-each-ref --sort -committerdate --format %(refname)%00%(objectname)%00%(*objectname) [5ms]
2025-08-10 13:25:56.764 [info] > git status -z -uall [25ms]
2025-08-10 13:26:36.835 [info] > git config --get commit.template [17ms]
2025-08-10 13:26:36.836 [info] > git for-each-ref --format=%(refname)%00%(upstream:short)%00%(objectname)%00%(upstream:track)%00%(upstream:remotename)%00%(upstream:remoteref) refs/heads/main refs/remotes/main [5ms]
2025-08-10 13:26:36.936 [info] > git status -z -uall [19ms]
2025-08-10 13:26:36.936 [info] > git for-each-ref --sort -committerdate --format %(refname)%00%(objectname)%00%(*objectname) [7ms]
2025-08-10 13:26:37.142 [info] > git ls-files --stage -- src/components/ui/icons/icons.ts [3ms]
2025-08-10 13:26:37.154 [info] > git cat-file -s 4d8da5dfc3ea0ca53c34f9b9e9a55446fbdcd0c3 [2ms]
2025-08-10 13:26:37.434 [info] > git show --textconv :src/components/ui/icons/icons.ts [2ms]
2025-08-10 13:26:42.404 [info] > git config --get commit.template [11ms]
2025-08-10 13:26:42.406 [info] > git for-each-ref --format=%(refname)%00%(upstream:short)%00%(objectname)%00%(upstream:track)%00%(upstream:remotename)%00%(upstream:remoteref) refs/heads/main refs/remotes/main [3ms]
2025-08-10 13:26:42.431 [info] > git for-each-ref --sort -committerdate --format %(refname)%00%(objectname)%00%(*objectname) [3ms]
2025-08-10 13:26:42.432 [info] > git status -z -uall [15ms]
2025-08-10 13:26:54.306 [info] > git config --get commit.template [13ms]
2025-08-10 13:26:54.307 [info] > git for-each-ref --format=%(refname)%00%(upstream:short)%00%(objectname)%00%(upstream:track)%00%(upstream:remotename)%00%(upstream:remoteref) refs/heads/main refs/remotes/main [2ms]
2025-08-10 13:26:54.329 [info] > git for-each-ref --sort -committerdate --format %(refname)%00%(objectname)%00%(*objectname) [3ms]
2025-08-10 13:26:54.332 [info] > git status -z -uall [15ms]
2025-08-10 13:28:09.298 [info] > git fetch [332ms]
2025-08-10 13:28:09.324 [info] > git config --get commit.template [14ms]
2025-08-10 13:28:09.326 [info] > git for-each-ref --format=%(refname)%00%(upstream:short)%00%(objectname)%00%(upstream:track)%00%(upstream:remotename)%00%(upstream:remoteref) refs/heads/main refs/remotes/main [3ms]
2025-08-10 13:28:09.348 [info] > git for-each-ref --sort -committerdate --format %(refname)%00%(objectname)%00%(*objectname) [3ms]
2025-08-10 13:28:09.351 [info] > git status -z -uall [15ms]
2025-08-10 13:28:10.664 [info] > git config --get commit.template [2ms]
2025-08-10 13:28:10.676 [info] > git for-each-ref --format=%(refname)%00%(upstream:short)%00%(objectname)%00%(upstream:track)%00%(upstream:remotename)%00%(upstream:remoteref) refs/heads/main refs/remotes/main [2ms]
2025-08-10 13:28:10.698 [info] > git for-each-ref --sort -committerdate --format %(refname)%00%(objectname)%00%(*objectname) [4ms]
2025-08-10 13:28:10.700 [info] > git status -z -uall [15ms]
2025-08-10 13:28:11.201 [info] > git ls-files --stage -- src/components/ui/icons/icons.ts [3ms]
2025-08-10 13:28:11.214 [info] > git cat-file -s 4d8da5dfc3ea0ca53c34f9b9e9a55446fbdcd0c3 [2ms]
2025-08-10 13:28:11.398 [info] > git show --textconv :src/components/ui/icons/icons.ts [3ms]
2025-08-10 13:28:22.289 [info] > git config --get commit.template [11ms]
2025-08-10 13:28:22.291 [info] > git for-each-ref --format=%(refname)%00%(upstream:short)%00%(objectname)%00%(upstream:track)%00%(upstream:remotename)%00%(upstream:remoteref) refs/heads/main refs/remotes/main [3ms]
2025-08-10 13:28:22.315 [info] > git for-each-ref --sort -committerdate --format %(refname)%00%(objectname)%00%(*objectname) [5ms]
2025-08-10 13:28:22.318 [info] > git status -z -uall [16ms]
2025-08-10 13:28:27.675 [info] > git config --get commit.template [13ms]
2025-08-10 13:28:27.677 [info] > git for-each-ref --format=%(refname)%00%(upstream:short)%00%(objectname)%00%(upstream:track)%00%(upstream:remotename)%00%(upstream:remoteref) refs/heads/main refs/remotes/main [2ms]
2025-08-10 13:28:27.698 [info] > git for-each-ref --sort -committerdate --format %(refname)%00%(objectname)%00%(*objectname) [3ms]
2025-08-10 13:28:27.700 [info] > git status -z -uall [14ms]
2025-08-10 13:28:32.731 [info] > git config --get commit.template [12ms]
2025-08-10 13:28:32.735 [info] > git for-each-ref --format=%(refname)%00%(upstream:short)%00%(objectname)%00%(upstream:track)%00%(upstream:remotename)%00%(upstream:remoteref) refs/heads/main refs/remotes/main [5ms]
2025-08-10 13:28:32.757 [info] > git for-each-ref --sort -committerdate --format %(refname)%00%(objectname)%00%(*objectname) [3ms]
2025-08-10 13:28:32.760 [info] > git status -z -uall [15ms]
2025-08-10 13:28:37.784 [info] > git config --get commit.template [9ms]
2025-08-10 13:28:37.786 [info] > git for-each-ref --format=%(refname)%00%(upstream:short)%00%(objectname)%00%(upstream:track)%00%(upstream:remotename)%00%(upstream:remoteref) refs/heads/main refs/remotes/main [2ms]
2025-08-10 13:28:37.809 [info] > git for-each-ref --sort -committerdate --format %(refname)%00%(objectname)%00%(*objectname) [3ms]
2025-08-10 13:28:37.810 [info] > git status -z -uall [15ms]
2025-08-10 13:28:42.834 [info] > git config --get commit.template [10ms]
2025-08-10 13:28:42.836 [info] > git for-each-ref --format=%(refname)%00%(upstream:short)%00%(objectname)%00%(upstream:track)%00%(upstream:remotename)%00%(upstream:remoteref) refs/heads/main refs/remotes/main [3ms]
2025-08-10 13:28:42.857 [info] > git for-each-ref --sort -committerdate --format %(refname)%00%(objectname)%00%(*objectname) [4ms]
2025-08-10 13:28:42.860 [info] > git status -z -uall [15ms]
2025-08-10 13:28:49.235 [info] > git config --get commit.template [11ms]
2025-08-10 13:28:49.236 [info] > git for-each-ref --format=%(refname)%00%(upstream:short)%00%(objectname)%00%(upstream:track)%00%(upstream:remotename)%00%(upstream:remoteref) refs/heads/main refs/remotes/main [2ms]
2025-08-10 13:28:49.260 [info] > git for-each-ref --sort -committerdate --format %(refname)%00%(objectname)%00%(*objectname) [3ms]
2025-08-10 13:28:49.262 [info] > git status -z -uall [15ms]
2025-08-10 13:28:54.292 [info] > git config --get commit.template [13ms]
2025-08-10 13:28:54.292 [info] > git for-each-ref --format=%(refname)%00%(upstream:short)%00%(objectname)%00%(upstream:track)%00%(upstream:remotename)%00%(upstream:remoteref) refs/heads/main refs/remotes/main [2ms]
2025-08-10 13:28:54.317 [info] > git for-each-ref --sort -committerdate --format %(refname)%00%(objectname)%00%(*objectname) [3ms]
2025-08-10 13:28:54.321 [info] > git status -z -uall [16ms]
2025-08-10 13:28:59.341 [info] > git config --get commit.template [4ms]
2025-08-10 13:28:59.356 [info] > git for-each-ref --format=%(refname)%00%(upstream:short)%00%(objectname)%00%(upstream:track)%00%(upstream:remotename)%00%(upstream:remoteref) refs/heads/main refs/remotes/main [2ms]
2025-08-10 13:28:59.380 [info] > git for-each-ref --sort -committerdate --format %(refname)%00%(objectname)%00%(*objectname) [5ms]
2025-08-10 13:28:59.381 [info] > git status -z -uall [14ms]
2025-08-10 13:29:04.409 [info] > git config --get commit.template [12ms]
2025-08-10 13:29:04.411 [info] > git for-each-ref --format=%(refname)%00%(upstream:short)%00%(objectname)%00%(upstream:track)%00%(upstream:remotename)%00%(upstream:remoteref) refs/heads/main refs/remotes/main [3ms]
2025-08-10 13:29:04.438 [info] > git for-each-ref --sort -committerdate --format %(refname)%00%(objectname)%00%(*objectname) [4ms]
2025-08-10 13:29:04.438 [info] > git status -z -uall [16ms]
2025-08-10 13:29:09.465 [info] > git config --get commit.template [12ms]
2025-08-10 13:29:09.467 [info] > git for-each-ref --format=%(refname)%00%(upstream:short)%00%(objectname)%00%(upstream:track)%00%(upstream:remotename)%00%(upstream:remoteref) refs/heads/main refs/remotes/main [3ms]
2025-08-10 13:29:09.492 [info] > git status -z -uall [15ms]
2025-08-10 13:29:09.492 [info] > git for-each-ref --sort -committerdate --format %(refname)%00%(objectname)%00%(*objectname) [3ms]
2025-08-10 13:29:20.935 [info] > git config --get commit.template [14ms]
2025-08-10 13:29:20.937 [info] > git for-each-ref --format=%(refname)%00%(upstream:short)%00%(objectname)%00%(upstream:track)%00%(upstream:remotename)%00%(upstream:remoteref) refs/heads/main refs/remotes/main [3ms]
2025-08-10 13:29:20.967 [info] > git for-each-ref --sort -committerdate --format %(refname)%00%(objectname)%00%(*objectname) [3ms]
2025-08-10 13:29:20.970 [info] > git status -z -uall [18ms]
2025-08-10 13:29:25.997 [info] > git config --get commit.template [10ms]
2025-08-10 13:29:25.999 [info] > git for-each-ref --format=%(refname)%00%(upstream:short)%00%(objectname)%00%(upstream:track)%00%(upstream:remotename)%00%(upstream:remoteref) refs/heads/main refs/remotes/main [2ms]
2025-08-10 13:29:26.020 [info] > git for-each-ref --sort -committerdate --format %(refname)%00%(objectname)%00%(*objectname) [3ms]
2025-08-10 13:29:26.023 [info] > git status -z -uall [14ms]
2025-08-10 13:29:37.242 [info] > git config --get commit.template [11ms]
2025-08-10 13:29:37.244 [info] > git for-each-ref --format=%(refname)%00%(upstream:short)%00%(objectname)%00%(upstream:track)%00%(upstream:remotename)%00%(upstream:remoteref) refs/heads/main refs/remotes/main [3ms]
2025-08-10 13:29:37.264 [info] > git for-each-ref --sort -committerdate --format %(refname)%00%(objectname)%00%(*objectname) [3ms]
2025-08-10 13:29:37.268 [info] > git status -z -uall [15ms]
2025-08-10 13:29:47.294 [info] > git config --get commit.template [13ms]
2025-08-10 13:29:47.296 [info] > git for-each-ref --format=%(refname)%00%(upstream:short)%00%(objectname)%00%(upstream:track)%00%(upstream:remotename)%00%(upstream:remoteref) refs/heads/main refs/remotes/main [3ms]
2025-08-10 13:29:47.335 [info] > git for-each-ref --sort -committerdate --format %(refname)%00%(objectname)%00%(*objectname) [3ms]
2025-08-10 13:29:47.336 [info] > git status -z -uall [16ms]
2025-08-10 13:31:09.705 [info] > git fetch [339ms]
2025-08-10 13:31:09.727 [info] > git config --get commit.template [10ms]
2025-08-10 13:31:09.729 [info] > git for-each-ref --format=%(refname)%00%(upstream:short)%00%(objectname)%00%(upstream:track)%00%(upstream:remotename)%00%(upstream:remoteref) refs/heads/main refs/remotes/main [3ms]
2025-08-10 13:31:09.750 [info] > git for-each-ref --sort -committerdate --format %(refname)%00%(objectname)%00%(*objectname) [3ms]
2025-08-10 13:31:09.753 [info] > git status -z -uall [15ms]
2025-08-10 13:31:49.619 [info] > git config --get commit.template [11ms]
2025-08-10 13:31:49.620 [info] > git for-each-ref --format=%(refname)%00%(upstream:short)%00%(objectname)%00%(upstream:track)%00%(upstream:remotename)%00%(upstream:remoteref) refs/heads/main refs/remotes/main [2ms]
2025-08-10 13:31:49.641 [info] > git for-each-ref --sort -committerdate --format %(refname)%00%(objectname)%00%(*objectname) [3ms]
2025-08-10 13:31:49.645 [info] > git status -z -uall [15ms]
2025-08-10 13:34:10.098 [info] > git fetch [330ms]
2025-08-10 13:34:10.123 [info] > git config --get commit.template [13ms]
2025-08-10 13:34:10.125 [info] > git for-each-ref --format=%(refname)%00%(upstream:short)%00%(objectname)%00%(upstream:track)%00%(upstream:remotename)%00%(upstream:remoteref) refs/heads/main refs/remotes/main [3ms]
2025-08-10 13:34:10.151 [info] > git for-each-ref --sort -committerdate --format %(refname)%00%(objectname)%00%(*objectname) [3ms]
2025-08-10 13:34:10.152 [info] > git status -z -uall [16ms]
2025-08-10 13:37:10.493 [info] > git fetch [326ms]
2025-08-10 13:37:10.517 [info] > git config --get commit.template [12ms]
2025-08-10 13:37:10.519 [info] > git for-each-ref --format=%(refname)%00%(upstream:short)%00%(objectname)%00%(upstream:track)%00%(upstream:remotename)%00%(upstream:remoteref) refs/heads/main refs/remotes/main [3ms]
2025-08-10 13:37:10.546 [info] > git status -z -uall [16ms]
2025-08-10 13:37:10.546 [info] > git for-each-ref --sort -committerdate --format %(refname)%00%(objectname)%00%(*objectname) [4ms]
2025-08-10 13:40:10.897 [info] > git fetch [336ms]
2025-08-10 13:40:10.923 [info] > git config --get commit.template [13ms]
2025-08-10 13:40:10.924 [info] > git for-each-ref --format=%(refname)%00%(upstream:short)%00%(objectname)%00%(upstream:track)%00%(upstream:remotename)%00%(upstream:remoteref) refs/heads/main refs/remotes/main [2ms]
2025-08-10 13:40:10.949 [info] > git for-each-ref --sort -committerdate --format %(refname)%00%(objectname)%00%(*objectname) [4ms]
2025-08-10 13:40:10.952 [info] > git status -z -uall [16ms]
2025-08-10 13:43:11.290 [info] > git fetch [322ms]
2025-08-10 13:43:11.314 [info] > git config --get commit.template [11ms]
2025-08-10 13:43:11.317 [info] > git for-each-ref --format=%(refname)%00%(upstream:short)%00%(objectname)%00%(upstream:track)%00%(upstream:remotename)%00%(upstream:remoteref) refs/heads/main refs/remotes/main [3ms]
2025-08-10 13:43:11.342 [info] > git for-each-ref --sort -committerdate --format %(refname)%00%(objectname)%00%(*objectname) [3ms]
2025-08-10 13:43:11.342 [info] > git status -z -uall [15ms]
2025-08-10 13:46:11.686 [info] > git fetch [328ms]
2025-08-10 13:46:11.709 [info] > git config --get commit.template [11ms]
2025-08-10 13:46:11.710 [info] > git for-each-ref --format=%(refname)%00%(upstream:short)%00%(objectname)%00%(upstream:track)%00%(upstream:remotename)%00%(upstream:remoteref) refs/heads/main refs/remotes/main [2ms]
2025-08-10 13:46:11.733 [info] > git for-each-ref --sort -committerdate --format %(refname)%00%(objectname)%00%(*objectname) [2ms]
2025-08-10 13:46:11.734 [info] > git status -z -uall [15ms]
2025-08-10 13:49:12.096 [info] > git fetch [346ms]
2025-08-10 13:49:12.118 [info] > git config --get commit.template [10ms]
2025-08-10 13:49:12.120 [info] > git for-each-ref --format=%(refname)%00%(upstream:short)%00%(objectname)%00%(upstream:track)%00%(upstream:remotename)%00%(upstream:remoteref) refs/heads/main refs/remotes/main [3ms]
2025-08-10 13:49:12.144 [info] > git status -z -uall [15ms]
2025-08-10 13:49:12.145 [info] > git for-each-ref --sort -committerdate --format %(refname)%00%(objectname)%00%(*objectname) [3ms]
2025-08-10 13:52:12.496 [info] > git fetch [336ms]
2025-08-10 13:52:12.517 [info] > git config --get commit.template [10ms]
2025-08-10 13:52:12.518 [info] > git for-each-ref --format=%(refname)%00%(upstream:short)%00%(objectname)%00%(upstream:track)%00%(upstream:remotename)%00%(upstream:remoteref) refs/heads/main refs/remotes/main [2ms]
2025-08-10 13:52:12.538 [info] > git for-each-ref --sort -committerdate --format %(refname)%00%(objectname)%00%(*objectname) [2ms]
2025-08-10 13:52:12.542 [info] > git status -z -uall [15ms]
2025-08-10 13:55:12.914 [info] > git fetch [356ms]
2025-08-10 13:55:12.942 [info] > git config --get commit.template [14ms]
2025-08-10 13:55:12.943 [info] > git for-each-ref --format=%(refname)%00%(upstream:short)%00%(objectname)%00%(upstream:track)%00%(upstream:remotename)%00%(upstream:remoteref) refs/heads/main refs/remotes/main [3ms]
2025-08-10 13:55:12.972 [info] > git status -z -uall [15ms]
2025-08-10 13:55:12.973 [info] > git for-each-ref --sort -committerdate --format %(refname)%00%(objectname)%00%(*objectname) [4ms]
2025-08-10 13:58:13.310 [info] > git fetch [323ms]
2025-08-10 13:58:13.324 [info] > git config --get commit.template [2ms]
2025-08-10 13:58:13.339 [info] > git for-each-ref --format=%(refname)%00%(upstream:short)%00%(objectname)%00%(upstream:track)%00%(upstream:remotename)%00%(upstream:remoteref) refs/heads/main refs/remotes/main [3ms]
2025-08-10 13:58:13.364 [info] > git for-each-ref --sort -committerdate --format %(refname)%00%(objectname)%00%(*objectname) [3ms]
2025-08-10 13:58:13.365 [info] > git status -z -uall [16ms]
