2025-08-08 23:55:43.602 [info] [main] Log level: Info
2025-08-08 23:55:43.602 [info] [main] Validating found git in: "git"
2025-08-08 23:55:43.602 [info] [main] Using git "2.49.0" from "git"
2025-08-08 23:55:43.602 [info] [Model][doInitialScan] Initial repository scan started
2025-08-08 23:55:43.602 [info] > git rev-parse --show-toplevel [7ms]
2025-08-08 23:55:43.602 [info] > git rev-parse --git-dir --git-common-dir [5ms]
2025-08-08 23:55:43.602 [info] [Model][openRepository] Opened repository (path): /workspace/Website-starter
2025-08-08 23:55:43.602 [info] [Model][openRepository] Opened repository (real path): /workspace/Website-starter
2025-08-08 23:55:43.602 [info] > git config --get commit.template [7ms]
2025-08-08 23:55:43.602 [info] > git rev-parse --show-toplevel [2ms]
2025-08-08 23:55:43.602 [info] > git rev-parse --show-toplevel [66ms]
2025-08-08 23:55:43.602 [info] > git for-each-ref --format=%(refname)%00%(upstream:short)%00%(objectname)%00%(upstream:track)%00%(upstream:remotename)%00%(upstream:remoteref) refs/heads/main refs/remotes/main [73ms]
2025-08-08 23:55:43.602 [info] > git rev-parse --show-toplevel [3ms]
2025-08-08 23:55:43.602 [info] > git rev-parse --show-toplevel [18ms]
2025-08-08 23:55:43.602 [info] > git for-each-ref --sort -committerdate --format %(refname)%00%(objectname)%00%(*objectname) [6ms]
2025-08-08 23:55:43.602 [info] > git status -z -uall [22ms]
2025-08-08 23:55:43.602 [info] > git rev-parse --show-toplevel [5ms]
2025-08-08 23:55:43.602 [info] > git rev-parse --show-toplevel [6ms]
2025-08-08 23:55:43.602 [info] > git for-each-ref --format=%(refname)%00%(upstream:short)%00%(objectname)%00%(upstream:track)%00%(upstream:remotename)%00%(upstream:remoteref) refs/heads/main refs/remotes/main [14ms]
2025-08-08 23:55:43.602 [info] > git config --get commit.template [13ms]
2025-08-08 23:55:43.602 [info] > git config --get --local branch.main.vscode-merge-base [12ms]
2025-08-08 23:55:43.602 [info] > git for-each-ref --format=%(refname)%00%(upstream:short)%00%(objectname)%00%(upstream:track)%00%(upstream:remotename)%00%(upstream:remoteref) refs/heads/main refs/remotes/main [7ms]
2025-08-08 23:55:43.602 [info] > git rev-parse --show-toplevel [14ms]
2025-08-08 23:55:43.602 [info] > git for-each-ref --format=%(refname)%00%(upstream:short)%00%(objectname)%00%(upstream:track)%00%(upstream:remotename)%00%(upstream:remoteref) refs/heads/origin/main refs/remotes/origin/main [930ms]
2025-08-08 23:55:43.602 [info] > git merge-base refs/heads/main refs/remotes/origin/main [45ms]
2025-08-08 23:55:43.602 [info] > git rev-parse --show-toplevel [983ms]
2025-08-08 23:55:43.602 [info] [Model][doInitialScan] Initial repository scan completed - repositories (1), closed repositories (0), parent repositories (0), unsafe repositories (0)
2025-08-08 23:55:43.602 [info] > git fetch [1238ms]
2025-08-08 23:55:43.602 [info] > git diff --name-status -z --diff-filter=ADMR 0d7a3a898007be1d8200d8db99d59472a2da8d06...refs/remotes/origin/main [31ms]
2025-08-08 23:55:43.603 [info] > git merge-base refs/heads/main refs/remotes/origin/main [11ms]
2025-08-08 23:55:43.609 [info] > git config --get commit.template [8ms]
2025-08-08 23:55:43.618 [info] > git diff --name-status -z --diff-filter=ADMR 0d7a3a898007be1d8200d8db99d59472a2da8d06...refs/remotes/origin/main [10ms]
2025-08-08 23:55:43.621 [info] > git for-each-ref --format=%(refname)%00%(upstream:short)%00%(objectname)%00%(upstream:track)%00%(upstream:remotename)%00%(upstream:remoteref) refs/heads/main refs/remotes/main [4ms]
2025-08-08 23:55:43.638 [info] > git for-each-ref --sort -committerdate --format %(refname)%00%(objectname)%00%(*objectname) [3ms]
2025-08-08 23:55:43.644 [info] > git status -z -uall [16ms]
2025-08-08 23:55:44.121 [info] > git check-ignore -v -z --stdin [2ms]
2025-08-08 23:55:45.947 [info] > git show --textconv :src/components/ui/buttons/PrimaryCTA.astro [8ms]
2025-08-08 23:55:45.948 [info] > git ls-files --stage -- src/components/ui/buttons/PrimaryCTA.astro [2ms]
2025-08-08 23:55:45.955 [info] > git cat-file -s 17596086970dc70a2bdadfcfeb7c314eb7060c29 [2ms]
2025-08-08 23:55:49.117 [info] > git blame --root --incremental 0d7a3a898007be1d8200d8db99d59472a2da8d06 -- src/components/ui/buttons/PrimaryCTA.astro [7ms]
2025-08-08 23:55:50.488 [info] > git config --get --local branch.main.github-pr-owner-number [5ms]
2025-08-08 23:55:50.488 [warning] [Git][config] git config failed: Failed to execute git
2025-08-08 23:55:53.297 [info] > git config --get commit.template [3ms]
2025-08-08 23:55:53.315 [info] > git for-each-ref --format=%(refname)%00%(upstream:short)%00%(objectname)%00%(upstream:track)%00%(upstream:remotename)%00%(upstream:remoteref) refs/heads/main refs/remotes/main [4ms]
2025-08-08 23:55:53.360 [info] > git status -z -uall [29ms]
2025-08-08 23:55:53.362 [info] > git for-each-ref --sort -committerdate --format %(refname)%00%(objectname)%00%(*objectname) [18ms]
2025-08-08 23:55:58.388 [info] > git config --get commit.template [11ms]
2025-08-08 23:55:58.390 [info] > git for-each-ref --format=%(refname)%00%(upstream:short)%00%(objectname)%00%(upstream:track)%00%(upstream:remotename)%00%(upstream:remoteref) refs/heads/main refs/remotes/main [3ms]
2025-08-08 23:55:58.413 [info] > git for-each-ref --sort -committerdate --format %(refname)%00%(objectname)%00%(*objectname) [3ms]
2025-08-08 23:55:58.414 [info] > git status -z -uall [14ms]
2025-08-08 23:56:22.182 [info] > git config --get commit.template [12ms]
2025-08-08 23:56:22.182 [info] > git for-each-ref --format=%(refname)%00%(upstream:short)%00%(objectname)%00%(upstream:track)%00%(upstream:remotename)%00%(upstream:remoteref) refs/heads/main refs/remotes/main [4ms]
2025-08-08 23:56:22.205 [info] > git for-each-ref --sort -committerdate --format %(refname)%00%(objectname)%00%(*objectname) [3ms]
2025-08-08 23:56:22.209 [info] > git status -z -uall [17ms]
2025-08-08 23:56:34.661 [info] > git config --get commit.template [1ms]
2025-08-08 23:56:34.672 [info] > git for-each-ref --format=%(refname)%00%(upstream:short)%00%(objectname)%00%(upstream:track)%00%(upstream:remotename)%00%(upstream:remoteref) refs/heads/main refs/remotes/main [2ms]
2025-08-08 23:56:34.691 [info] > git for-each-ref --sort -committerdate --format %(refname)%00%(objectname)%00%(*objectname) [2ms]
2025-08-08 23:56:34.695 [info] > git status -z -uall [14ms]
2025-08-08 23:56:51.284 [info] > git config --get commit.template [9ms]
2025-08-08 23:56:51.285 [info] > git for-each-ref --format=%(refname)%00%(upstream:short)%00%(objectname)%00%(upstream:track)%00%(upstream:remotename)%00%(upstream:remoteref) refs/heads/main refs/remotes/main [2ms]
2025-08-08 23:56:51.304 [info] > git for-each-ref --sort -committerdate --format %(refname)%00%(objectname)%00%(*objectname) [3ms]
2025-08-08 23:56:51.307 [info] > git status -z -uall [14ms]
2025-08-08 23:57:16.673 [info] > git config --get commit.template [11ms]
2025-08-08 23:57:16.675 [info] > git for-each-ref --format=%(refname)%00%(upstream:short)%00%(objectname)%00%(upstream:track)%00%(upstream:remotename)%00%(upstream:remoteref) refs/heads/main refs/remotes/main [3ms]
2025-08-08 23:57:16.698 [info] > git for-each-ref --sort -committerdate --format %(refname)%00%(objectname)%00%(*objectname) [3ms]
2025-08-08 23:57:16.699 [info] > git status -z -uall [14ms]
2025-08-08 23:57:57.501 [info] > git config --get commit.template [11ms]
2025-08-08 23:57:57.502 [info] > git for-each-ref --format=%(refname)%00%(upstream:short)%00%(objectname)%00%(upstream:track)%00%(upstream:remotename)%00%(upstream:remoteref) refs/heads/main refs/remotes/main [2ms]
2025-08-08 23:57:57.525 [info] > git for-each-ref --sort -committerdate --format %(refname)%00%(objectname)%00%(*objectname) [3ms]
2025-08-08 23:57:57.527 [info] > git status -z -uall [15ms]
2025-08-08 23:58:17.203 [info] > git config --get commit.template [11ms]
2025-08-08 23:58:17.203 [info] > git for-each-ref --format=%(refname)%00%(upstream:short)%00%(objectname)%00%(upstream:track)%00%(upstream:remotename)%00%(upstream:remoteref) refs/heads/main refs/remotes/main [2ms]
2025-08-08 23:58:17.228 [info] > git for-each-ref --sort -committerdate --format %(refname)%00%(objectname)%00%(*objectname) [4ms]
2025-08-08 23:58:17.229 [info] > git status -z -uall [16ms]
2025-08-08 23:58:25.033 [info] > git config --get commit.template [11ms]
2025-08-08 23:58:25.035 [info] > git for-each-ref --format=%(refname)%00%(upstream:short)%00%(objectname)%00%(upstream:track)%00%(upstream:remotename)%00%(upstream:remoteref) refs/heads/main refs/remotes/main [2ms]
2025-08-08 23:58:25.058 [info] > git for-each-ref --sort -committerdate --format %(refname)%00%(objectname)%00%(*objectname) [3ms]
2025-08-08 23:58:25.059 [info] > git status -z -uall [14ms]
2025-08-08 23:58:38.753 [info] > git config --get commit.template [10ms]
2025-08-08 23:58:38.755 [info] > git for-each-ref --format=%(refname)%00%(upstream:short)%00%(objectname)%00%(upstream:track)%00%(upstream:remotename)%00%(upstream:remoteref) refs/heads/main refs/remotes/main [2ms]
2025-08-08 23:58:38.777 [info] > git for-each-ref --sort -committerdate --format %(refname)%00%(objectname)%00%(*objectname) [4ms]
2025-08-08 23:58:38.778 [info] > git status -z -uall [14ms]
2025-08-08 23:58:43.986 [info] > git fetch [327ms]
2025-08-08 23:58:44.006 [info] > git config --get commit.template [10ms]
2025-08-08 23:58:44.009 [info] > git for-each-ref --format=%(refname)%00%(upstream:short)%00%(objectname)%00%(upstream:track)%00%(upstream:remotename)%00%(upstream:remoteref) refs/heads/main refs/remotes/main [3ms]
2025-08-08 23:58:44.032 [info] > git for-each-ref --sort -committerdate --format %(refname)%00%(objectname)%00%(*objectname) [3ms]
2025-08-08 23:58:44.034 [info] > git status -z -uall [15ms]
2025-08-08 23:58:45.289 [info] > git config --get commit.template [10ms]
2025-08-08 23:58:45.291 [info] > git for-each-ref --format=%(refname)%00%(upstream:short)%00%(objectname)%00%(upstream:track)%00%(upstream:remotename)%00%(upstream:remoteref) refs/heads/main refs/remotes/main [2ms]
2025-08-08 23:58:45.313 [info] > git for-each-ref --sort -committerdate --format %(refname)%00%(objectname)%00%(*objectname) [3ms]
2025-08-08 23:58:45.314 [info] > git status -z -uall [14ms]
2025-08-08 23:58:45.663 [info] > git ls-files --stage -- src/components/ui/buttons/PrimaryCTA.astro [2ms]
2025-08-08 23:58:45.674 [info] > git cat-file -s 17596086970dc70a2bdadfcfeb7c314eb7060c29 [2ms]
2025-08-08 23:58:45.778 [info] > git show --textconv :src/components/ui/buttons/PrimaryCTA.astro [2ms]
2025-08-08 23:59:02.247 [info] > git config --get commit.template [8ms]
2025-08-08 23:59:02.249 [info] > git for-each-ref --format=%(refname)%00%(upstream:short)%00%(objectname)%00%(upstream:track)%00%(upstream:remotename)%00%(upstream:remoteref) refs/heads/main refs/remotes/main [2ms]
2025-08-08 23:59:02.272 [info] > git for-each-ref --sort -committerdate --format %(refname)%00%(objectname)%00%(*objectname) [3ms]
2025-08-08 23:59:02.274 [info] > git status -z -uall [15ms]
