(VSCode) 2025-08-10 13:55:05.890 [INFO]: No proxy settings found
(VSCode) 2025-08-10 13:55:09.476 [INFO]: Checking network connection...
(VSCode) 2025-08-10 13:55:10.042 [INFO]: No Network Issue connecting to https://server.codeium.com/healthz
(VSCode) 2025-08-10 13:55:10.281 [INFO]: Creating manager directory: /tmp/bc456b40-80e9-4df2-8287-07d4ea1b347a/codeium/manager
(VSCode) 2025-08-10 13:55:10.589 [INFO]: Using cached LS with valid crc32: /workspace/.vscode-remote/extensions/codeium.codeium-1.48.2-universal/dist/e03af6ebc40b844314d448f947c80b636d093049/language_server_linux_x64
(VSCode) 2025-08-10 13:55:10.598 [INFO]: Language server started
2025/08/10 13:55:10 maxprocs: Leaving GOMAXPROCS=16: CPU quota undefined
I0810 13:55:10.838832 23676 main.go:604] [Language Server Manager] Setting GOMAXPROCS to 4
I0810 13:55:10.838965 23676 main.go:829] [Language Server Manager] Starting language server manager with pid 23676
I0810 13:55:10.839080 23676 main.go:138] [Language Server Manager] Manager acquired its lock file /tmp/bc456b40-80e9-4df2-8287-07d4ea1b347a/codeium/manager/locks/manager.lock
I0810 13:55:10.839876 23676 main.go:283] [Language Server Manager] Waiting for random port file in /tmp/bc456b40-80e9-4df2-8287-07d4ea1b347a/codeium/manager/child_random_port_1754834110839180637_7357692360161314957 to be created
2025/08/10 13:55:10 maxprocs: Leaving GOMAXPROCS=16: CPU quota undefined
I0810 13:55:11.090637 23697 main.go:604] Setting GOMAXPROCS to 4
I0810 13:55:11.090819 23697 main.go:823] Starting language server process with pid 23697
I0810 13:55:11.090859 23697 server.go:296] Language server will attempt to listen on host 127.0.0.1
I0810 13:55:11.091461 23697 server.go:303] Language server listening on random port at 44107
I0810 13:55:11.797171 23697 web_server.go:256] Chat Web Server listening at ws://127.0.0.1:36449
I0810 13:55:12.105448 23697 server.go:955] Local search is enabled, will index local files.
I0810 13:55:12.105478 23697 server.go:959] Using 4 indexer workers
I0810 13:55:12.262784 23697 server.go:1196] Child process attempting to acquire lock file /tmp/bc456b40-80e9-4df2-8287-07d4ea1b347a/codeium/manager/locks/child_lock_1754834110839232307_4949476347100558539
I0810 13:55:12.262844 23697 server.go:1204] Child process acquired lock file /tmp/bc456b40-80e9-4df2-8287-07d4ea1b347a/codeium/manager/locks/child_lock_1754834110839232307_4949476347100558539
34103
I0810 13:55:12.347291 23676 main.go:319] [Language Server Manager] Found random server port 44107
I0810 13:55:12.347327 23676 main.go:320] [Language Server Manager] Found random lsp port 34103
I0810 13:55:12.347346 23676 main.go:327] [Language Server Manager] Attempting to connect to language server at 127.0.0.1:44107
I0810 13:55:12.359827 23676 main.go:192] [Language Server Manager] Fixing language server port at 44107
I0810 13:55:12.359865 23676 main.go:381] [Language Server Manager] Successfully connected to new language server at 127.0.0.1:44107
(VSCode) 2025-08-10 13:55:12.447 [INFO]: Found language server running on port 44107
Playwright Host validation warning: 
╔══════════════════════════════════════════════════════╗
║ Host system is missing dependencies to run browsers. ║
║ Please install them with the following command:      ║
║                                                      ║
║     sudo npx playwright install-deps                 ║
║                                                      ║
║ Alternatively, use apt:                              ║
║     sudo apt-get install libatk1.0-0\                ║
║         libatk-bridge2.0-0\                          ║
║         libcups2\                                    ║
║         libxcomposite1\                              ║
║         libxdamage1\                                 ║
║         libxfixes3\                                  ║
║         libxrandr2\                                  ║
║         libgbm1\                                     ║
║         libxkbcommon0\                               ║
║         libatspi2.0-0                                ║
║                                                      ║
║ <3 Playwright Team                                   ║
╚══════════════════════════════════════════════════════╝
    at validateDependenciesLinux (/home/gitpod/.cache/ms-playwright-go/1.50.1/package/lib/server/registry/dependencies.js:216:9)
    at process.processTicksAndRejections (node:internal/process/task_queues:105:5)
    at async Registry._validateHostRequirements (/home/gitpod/.cache/ms-playwright-go/1.50.1/package/lib/server/registry/index.js:865:43)
    at async Registry._validateHostRequirementsForExecutableIfNeeded (/home/gitpod/.cache/ms-playwright-go/1.50.1/package/lib/server/registry/index.js:963:7)
    at async Registry.validateHostRequirementsForExecutablesIfNeeded (/home/gitpod/.cache/ms-playwright-go/1.50.1/package/lib/server/registry/index.js:952:43)
    at async t.<anonymous> (/home/gitpod/.cache/ms-playwright-go/1.50.1/package/lib/cli/program.js:122:7)
(VSCode) 2025-08-10 13:56:10.959 [INFO]: openAllTextDocuments took 564.6984530000045ms
