2025-08-10 13:47:46.930 [info] [main] Log level: Info
2025-08-10 13:47:46.930 [info] [main] Validating found git in: "git"
2025-08-10 13:47:46.930 [info] [main] Using git "2.49.0" from "git"
2025-08-10 13:47:46.930 [info] [Model][doInitialScan] Initial repository scan started
2025-08-10 13:47:46.930 [info] > git rev-parse --show-toplevel [6ms]
2025-08-10 13:47:46.930 [info] > git rev-parse --git-dir --git-common-dir [4ms]
2025-08-10 13:47:46.930 [info] [Model][openRepository] Opened repository (path): /workspace/Website-starter
2025-08-10 13:47:46.930 [info] [Model][openRepository] Opened repository (real path): /workspace/Website-starter
2025-08-10 13:47:46.930 [info] > git rev-parse --show-toplevel [7ms]
2025-08-10 13:47:46.930 [info] > git config --get commit.template [82ms]
2025-08-10 13:47:46.930 [info] > git rev-parse --show-toplevel [7ms]
2025-08-10 13:47:46.930 [info] > git rev-parse --show-toplevel [297ms]
2025-08-10 13:47:46.930 [info] > git for-each-ref --format=%(refname)%00%(upstream:short)%00%(objectname)%00%(upstream:track)%00%(upstream:remotename)%00%(upstream:remoteref) refs/heads/main refs/remotes/main [382ms]
2025-08-10 13:47:46.930 [info] > git rev-parse --show-toplevel [7ms]
2025-08-10 13:47:46.930 [info] > git for-each-ref --sort -committerdate --format %(refname)%00%(objectname)%00%(*objectname) [6ms]
2025-08-10 13:47:46.930 [info] > git rev-parse --show-toplevel [100ms]
2025-08-10 13:47:46.930 [info] > git status -z -uall [16ms]
2025-08-10 13:47:46.930 [info] > git for-each-ref --format=%(refname)%00%(upstream:short)%00%(objectname)%00%(upstream:track)%00%(upstream:remotename)%00%(upstream:remoteref) refs/heads/main refs/remotes/main [299ms]
2025-08-10 13:47:46.930 [info] > git fetch [1090ms]
2025-08-10 13:47:46.930 [info] > git config --get commit.template [191ms]
2025-08-10 13:47:46.930 [info] > git rev-parse --show-toplevel [201ms]
2025-08-10 13:47:46.930 [info] > git config --get --local branch.main.vscode-merge-base [103ms]
2025-08-10 13:47:46.930 [info] > git config --get commit.template [27ms]
2025-08-10 13:47:46.930 [info] > git rev-parse --show-toplevel [88ms]
2025-08-10 13:47:46.930 [info] [Model][doInitialScan] Initial repository scan completed - repositories (1), closed repositories (0), parent repositories (0), unsafe repositories (0)
2025-08-10 13:47:46.930 [info] > git for-each-ref --format=%(refname)%00%(upstream:short)%00%(objectname)%00%(upstream:track)%00%(upstream:remotename)%00%(upstream:remoteref) refs/heads/origin/main refs/remotes/origin/main [95ms]
2025-08-10 13:47:46.930 [info] > git for-each-ref --format=%(refname)%00%(upstream:short)%00%(objectname)%00%(upstream:track)%00%(upstream:remotename)%00%(upstream:remoteref) refs/heads/main refs/remotes/main [15ms]
2025-08-10 13:47:46.930 [info] > git for-each-ref --format=%(refname)%00%(upstream:short)%00%(objectname)%00%(upstream:track)%00%(upstream:remotename)%00%(upstream:remoteref) refs/heads/main refs/remotes/main [91ms]
2025-08-10 13:47:46.930 [info] > git merge-base refs/heads/main refs/remotes/origin/main [3ms]
2025-08-10 13:47:46.930 [info] > git status -z -uall [100ms]
2025-08-10 13:47:46.930 [info] > git merge-base refs/heads/main refs/remotes/origin/main [4ms]
2025-08-10 13:47:46.930 [info] > git for-each-ref --sort -committerdate --format %(refname)%00%(objectname)%00%(*objectname) [100ms]
2025-08-10 13:47:46.930 [info] > git diff --name-status -z --diff-filter=ADMR 0d7a3a898007be1d8200d8db99d59472a2da8d06...refs/remotes/origin/main [201ms]
2025-08-10 13:47:46.930 [info] > git diff --name-status -z --diff-filter=ADMR 0d7a3a898007be1d8200d8db99d59472a2da8d06...refs/remotes/origin/main [214ms]
2025-08-10 13:47:46.930 [info] > git merge-base refs/heads/main refs/remotes/origin/main [301ms]
2025-08-10 13:47:46.930 [info] > git diff --name-status -z --diff-filter=ADMR 0d7a3a898007be1d8200d8db99d59472a2da8d06...refs/remotes/origin/main [95ms]
2025-08-10 13:47:47.458 [info] > git check-ignore -v -z --stdin [7ms]
2025-08-10 13:47:50.297 [info] > git show --textconv :src/components/ui/icons/icons.ts [8ms]
2025-08-10 13:47:50.298 [info] > git ls-files --stage -- src/components/ui/icons/icons.ts [2ms]
2025-08-10 13:47:50.306 [info] > git cat-file -s 4d8da5dfc3ea0ca53c34f9b9e9a55446fbdcd0c3 [2ms]
2025-08-10 13:47:56.114 [info] > git blame --root --incremental 0d7a3a898007be1d8200d8db99d59472a2da8d06 -- src/components/ui/icons/icons.ts [14ms]
2025-08-10 13:47:56.251 [info] > git config --get --local branch.main.github-pr-owner-number [6ms]
2025-08-10 13:47:56.251 [warning] [Git][config] git config failed: Failed to execute git
2025-08-10 13:48:01.949 [info] > git config --get commit.template [13ms]
2025-08-10 13:48:01.950 [info] > git for-each-ref --format=%(refname)%00%(upstream:short)%00%(objectname)%00%(upstream:track)%00%(upstream:remotename)%00%(upstream:remoteref) refs/heads/main refs/remotes/main [4ms]
2025-08-10 13:48:01.976 [info] > git status -z -uall [15ms]
2025-08-10 13:48:01.977 [info] > git for-each-ref --sort -committerdate --format %(refname)%00%(objectname)%00%(*objectname) [3ms]
2025-08-10 13:48:14.419 [info] > git config --get commit.template [19ms]
2025-08-10 13:48:14.422 [info] > git for-each-ref --format=%(refname)%00%(upstream:short)%00%(objectname)%00%(upstream:track)%00%(upstream:remotename)%00%(upstream:remoteref) refs/heads/main refs/remotes/main [3ms]
2025-08-10 13:48:14.441 [info] > git for-each-ref --sort -committerdate --format %(refname)%00%(objectname)%00%(*objectname) [3ms]
2025-08-10 13:48:14.446 [info] > git status -z -uall [15ms]
2025-08-10 13:48:19.474 [info] > git config --get commit.template [11ms]
2025-08-10 13:48:19.476 [info] > git for-each-ref --format=%(refname)%00%(upstream:short)%00%(objectname)%00%(upstream:track)%00%(upstream:remotename)%00%(upstream:remoteref) refs/heads/main refs/remotes/main [3ms]
2025-08-10 13:48:19.501 [info] > git for-each-ref --sort -committerdate --format %(refname)%00%(objectname)%00%(*objectname) [5ms]
2025-08-10 13:48:19.503 [info] > git status -z -uall [16ms]
2025-08-10 13:48:27.443 [info] > git config --get commit.template [9ms]
2025-08-10 13:48:27.444 [info] > git for-each-ref --format=%(refname)%00%(upstream:short)%00%(objectname)%00%(upstream:track)%00%(upstream:remotename)%00%(upstream:remoteref) refs/heads/main refs/remotes/main [2ms]
2025-08-10 13:48:27.464 [info] > git for-each-ref --sort -committerdate --format %(refname)%00%(objectname)%00%(*objectname) [3ms]
2025-08-10 13:48:27.468 [info] > git status -z -uall [15ms]
2025-08-10 13:48:32.493 [info] > git config --get commit.template [10ms]
2025-08-10 13:48:32.495 [info] > git for-each-ref --format=%(refname)%00%(upstream:short)%00%(objectname)%00%(upstream:track)%00%(upstream:remotename)%00%(upstream:remoteref) refs/heads/main refs/remotes/main [3ms]
2025-08-10 13:48:32.518 [info] > git for-each-ref --sort -committerdate --format %(refname)%00%(objectname)%00%(*objectname) [3ms]
2025-08-10 13:48:32.521 [info] > git status -z -uall [16ms]
2025-08-10 13:49:02.321 [info] > git config --get commit.template [12ms]
2025-08-10 13:49:02.322 [info] > git for-each-ref --format=%(refname)%00%(upstream:short)%00%(objectname)%00%(upstream:track)%00%(upstream:remotename)%00%(upstream:remoteref) refs/heads/main refs/remotes/main [2ms]
2025-08-10 13:49:02.347 [info] > git for-each-ref --sort -committerdate --format %(refname)%00%(objectname)%00%(*objectname) [3ms]
2025-08-10 13:49:02.349 [info] > git status -z -uall [15ms]
2025-08-10 13:49:13.313 [info] > git config --get commit.template [2ms]
2025-08-10 13:49:13.327 [info] > git for-each-ref --format=%(refname)%00%(upstream:short)%00%(objectname)%00%(upstream:track)%00%(upstream:remotename)%00%(upstream:remoteref) refs/heads/main refs/remotes/main [3ms]
2025-08-10 13:49:13.353 [info] > git for-each-ref --sort -committerdate --format %(refname)%00%(objectname)%00%(*objectname) [3ms]
2025-08-10 13:49:13.354 [info] > git status -z -uall [16ms]
2025-08-10 13:50:46.842 [info] > git fetch [317ms]
2025-08-10 13:50:46.863 [info] > git config --get commit.template [10ms]
2025-08-10 13:50:46.864 [info] > git for-each-ref --format=%(refname)%00%(upstream:short)%00%(objectname)%00%(upstream:track)%00%(upstream:remotename)%00%(upstream:remoteref) refs/heads/main refs/remotes/main [2ms]
2025-08-10 13:50:46.884 [info] > git for-each-ref --sort -committerdate --format %(refname)%00%(objectname)%00%(*objectname) [3ms]
2025-08-10 13:50:46.888 [info] > git status -z -uall [15ms]
2025-08-10 13:50:49.561 [info] > git config --get commit.template [9ms]
2025-08-10 13:50:49.563 [info] > git for-each-ref --format=%(refname)%00%(upstream:short)%00%(objectname)%00%(upstream:track)%00%(upstream:remotename)%00%(upstream:remoteref) refs/heads/main refs/remotes/main [3ms]
2025-08-10 13:50:49.581 [info] > git for-each-ref --sort -committerdate --format %(refname)%00%(objectname)%00%(*objectname) [2ms]
2025-08-10 13:50:49.586 [info] > git status -z -uall [15ms]
2025-08-10 13:53:47.246 [info] > git fetch [343ms]
2025-08-10 13:53:47.265 [info] > git config --get commit.template [9ms]
2025-08-10 13:53:47.268 [info] > git for-each-ref --format=%(refname)%00%(upstream:short)%00%(objectname)%00%(upstream:track)%00%(upstream:remotename)%00%(upstream:remoteref) refs/heads/main refs/remotes/main [3ms]
2025-08-10 13:53:47.293 [info] > git for-each-ref --sort -committerdate --format %(refname)%00%(objectname)%00%(*objectname) [3ms]
2025-08-10 13:53:47.296 [info] > git status -z -uall [16ms]
2025-08-10 13:56:47.682 [info] > git fetch [370ms]
2025-08-10 13:56:47.706 [info] > git config --get commit.template [11ms]
2025-08-10 13:56:47.708 [info] > git for-each-ref --format=%(refname)%00%(upstream:short)%00%(objectname)%00%(upstream:track)%00%(upstream:remotename)%00%(upstream:remoteref) refs/heads/main refs/remotes/main [3ms]
2025-08-10 13:56:47.731 [info] > git status -z -uall [15ms]
2025-08-10 13:56:47.732 [info] > git for-each-ref --sort -committerdate --format %(refname)%00%(objectname)%00%(*objectname) [4ms]
