2025-08-09 14:11:31.405 [info] Log level: Info
2025-08-09 14:11:31.405 [info] VSCODE_MACHINE_ID: 10d3d877-fe56-442f-a117-f9035039c6e9
2025-08-09 14:11:31.405 [info] VSCODE_SESSION_ID: fd5e508f-04af-4fbe-9ce4-f2a8328017e21754748681867
2025-08-09 14:11:31.405 [info] VSCODE_VERSION: 1.102.3
2025-08-09 14:11:31.405 [info] VSCODE_APP_NAME: Gitpod Code
2025-08-09 14:11:31.405 [info] VSCODE_APP_HOST: Gitpod
2025-08-09 14:11:31.405 [info] VSCODE_UI_KIND: web
2025-08-09 14:11:31.405 [info] GITPOD_WORKSPACE_CONTEXT_URL: https://github.com/Abdallah-Develop/Website-starter
2025-08-09 14:11:31.405 [info] GITPOD_INSTANCE_ID: b59029ac-1008-4582-9739-2f9f6ca07115
2025-08-09 14:11:31.405 [info] GITPOD_WORKSPACE_URL: https://abdallahdev-websitestar-esjdme0laxn.ws-eu120.gitpod.io
2025-08-09 14:11:31.405 [info] Gitpod Web 3953e81
2025-08-09 14:11:31.405 [info] Reading sessions from keychain...
2025-08-09 14:11:32.275 [info] Got stored sessions!
2025-08-09 14:11:32.275 [info] Getting sessions for all scopes...
2025-08-09 14:11:32.275 [info] Getting GitHub sessions for all scopes...
2025-08-09 14:11:32.387 [info] Verified session with the following scopes: function:accessCodeSyncStorage function:closePort function:controlAdmission function:deleteEnvVar function:generateNewGitpodToken function:getDefaultWorkspaceImage function:getGitpodTokenScopes function:getIDToken function:getLoggedInUser function:getOpenPorts function:getSupportedWorkspaceClasses function:getTeams function:getToken function:getWorkspace function:getWorkspaceEnvVars function:getWorkspaceOwner function:getWorkspaceTimeout function:getWorkspaceUsers function:guessGitTokenScopes function:isWorkspaceOwner function:openPort function:sendHeartBeat function:setEnvVar function:setWorkspaceTimeout function:stopWorkspace function:takeSnapshot function:trackEvent function:updateGitStatus function:waitForSnapshot resource:contentBlob::*::create/get resource:envVar::*/**::update resource:envVar::*/*::update resource:envVar::Abdallah-Develop/Website-starter::create/get/update/delete resource:gitpodToken::*::create resource:snapshot::ws-abdallahdev-websitestar-esjdme0laxn::create resource:token::*::get resource:userStorage::*::create/get/update resource:workspace::abdallahdev-websitestar-esjdme0laxn::get/update resource:workspaceInstance::b59029ac-1008-4582-9739-2f9f6ca07115::get/update/delete
2025-08-09 14:11:32.387 [info] Got 1 verified sessions.
2025-08-09 14:11:32.387 [info] Got 1 sessions for all scopes...
2025-08-09 14:11:32.387 [info] Getting sessions for all scopes...
2025-08-09 14:11:32.387 [info] Got 1 sessions for all scopes...
2025-08-09 14:11:32.387 [info] Getting sessions for all scopes...
2025-08-09 14:11:32.387 [info] Got 1 sessions for all scopes...
2025-08-09 14:11:34.784 [info] Getting sessions for all scopes...
2025-08-09 14:11:34.784 [info] Got 1 sessions for all scopes...
2025-08-09 14:11:35.198 [info] Getting sessions for all scopes...
2025-08-09 14:11:35.198 [info] Got 1 sessions for all scopes...
2025-08-09 14:11:35.199 [info] Got 1 GitHub sessions for all scopes...
2025-08-09 14:11:35.199 [info] Getting GitHub sessions for all scopes...
2025-08-09 14:11:35.199 [info] Got 1 GitHub sessions for all scopes...
2025-08-09 14:11:35.199 [info] Getting GitHub sessions for all scopes...
2025-08-09 14:11:35.199 [info] Got 1 GitHub sessions for all scopes...
2025-08-09 14:11:35.199 [info] Getting GitHub sessions for all scopes...
2025-08-09 14:11:35.199 [info] Got 1 GitHub sessions for all scopes...
2025-08-09 14:11:35.270 [info] Getting GitHub sessions for read:user,repo,user:email,workflow...
2025-08-09 14:11:35.270 [info] Got 0 GitHub sessions for read:user,repo,user:email,workflow...
2025-08-09 14:11:35.675 [info] Getting GitHub sessions for all scopes...
2025-08-09 14:11:35.675 [info] Getting sessions for all scopes...
2025-08-09 14:11:35.675 [info] Got 1 GitHub sessions for all scopes...
2025-08-09 14:11:35.675 [info] Got 1 sessions for all scopes...
2025-08-09 14:11:35.675 [info] Getting GitHub sessions for all scopes...
2025-08-09 14:11:35.675 [info] Got 1 GitHub sessions for all scopes...
2025-08-09 14:11:35.969 [info] Getting sessions for all scopes...
2025-08-09 14:11:35.969 [info] Getting GitHub sessions for all scopes...
2025-08-09 14:11:35.969 [info] Got 1 sessions for all scopes...
2025-08-09 14:11:35.969 [info] Got 1 GitHub sessions for all scopes...
2025-08-09 14:11:35.969 [info] Getting sessions for function:accessCodeSyncStorage...
2025-08-09 14:11:35.969 [info] Got 1 sessions for function:accessCodeSyncStorage...
2025-08-09 14:11:36.185 [info] Getting GitHub sessions for project,read:org,read:user,repo,user:email,workflow...
2025-08-09 14:11:36.185 [info] Got 0 GitHub sessions for project,read:org,read:user,repo,user:email,workflow...
2025-08-09 14:11:36.265 [info] Getting sessions for all scopes...
2025-08-09 14:11:36.265 [info] Getting GitHub sessions for all scopes...
2025-08-09 14:11:36.265 [info] Got 1 sessions for all scopes...
2025-08-09 14:11:36.265 [info] Got 1 GitHub sessions for all scopes...
2025-08-09 14:11:37.503 [info] Getting GitHub sessions for read:user,repo,user:email,workflow...
2025-08-09 14:11:37.503 [info] Got 0 GitHub sessions for read:user,repo,user:email,workflow...
2025-08-09 14:11:37.535 [info] Getting sessions for all scopes...
2025-08-09 14:11:37.535 [info] Getting GitHub sessions for all scopes...
2025-08-09 14:11:37.535 [info] Got 1 sessions for all scopes...
2025-08-09 14:11:37.535 [info] Got 1 GitHub sessions for all scopes...
2025-08-09 14:11:37.772 [info] Getting sessions for all scopes...
2025-08-09 14:11:37.772 [info] Getting GitHub sessions for all scopes...
2025-08-09 14:11:37.772 [info] Got 1 sessions for all scopes...
2025-08-09 14:11:37.772 [info] Got 1 GitHub sessions for all scopes...
2025-08-09 14:11:37.773 [info] Getting sessions for all scopes...
2025-08-09 14:11:37.774 [info] Getting GitHub sessions for all scopes...
2025-08-09 14:11:37.774 [info] Got 1 sessions for all scopes...
2025-08-09 14:11:37.774 [info] Got 1 GitHub sessions for all scopes...
2025-08-09 14:11:38.066 [info] Getting sessions for all scopes...
2025-08-09 14:11:38.066 [info] Getting GitHub sessions for all scopes...
2025-08-09 14:11:38.066 [info] Got 1 sessions for all scopes...
2025-08-09 14:11:38.066 [info] Got 1 GitHub sessions for all scopes...
2025-08-09 14:11:38.090 [info] Getting sessions for all scopes...
2025-08-09 14:11:38.091 [info] Getting GitHub sessions for all scopes...
2025-08-09 14:11:38.091 [info] Got 1 sessions for all scopes...
2025-08-09 14:11:38.091 [info] Got 1 GitHub sessions for all scopes...
2025-08-09 14:11:38.378 [info] Getting GitHub sessions for read:user,repo,user:email...
2025-08-09 14:11:38.378 [info] Got 0 GitHub sessions for read:user,repo,user:email...
2025-08-09 14:11:38.379 [info] Getting sessions for all scopes...
2025-08-09 14:11:38.379 [info] Getting GitHub sessions for all scopes...
2025-08-09 14:11:38.379 [info] Got 1 sessions for all scopes...
2025-08-09 14:11:38.379 [info] Got 1 GitHub sessions for all scopes...
2025-08-09 14:11:38.536 [info] Getting sessions for all scopes...
2025-08-09 14:11:38.536 [info] Getting GitHub sessions for all scopes...
2025-08-09 14:11:38.536 [info] Got 1 sessions for all scopes...
2025-08-09 14:11:38.536 [info] Got 1 GitHub sessions for all scopes...
2025-08-09 14:11:38.536 [info] Getting sessions for all scopes...
2025-08-09 14:11:38.536 [info] Getting GitHub sessions for all scopes...
2025-08-09 14:11:38.536 [info] Got 1 sessions for all scopes...
2025-08-09 14:11:38.536 [info] Got 1 GitHub sessions for all scopes...
2025-08-09 14:11:38.536 [info] Getting sessions for all scopes...
2025-08-09 14:11:38.536 [info] Getting GitHub sessions for all scopes...
2025-08-09 14:11:38.536 [info] Got 1 sessions for all scopes...
2025-08-09 14:11:38.536 [info] Got 1 GitHub sessions for all scopes...
2025-08-09 14:11:39.882 [info] Getting GitHub sessions for read:user,repo,user:email,workflow...
2025-08-09 14:11:39.882 [info] Got 0 GitHub sessions for read:user,repo,user:email,workflow...
2025-08-09 14:11:44.949 [info] Getting sessions for all scopes...
2025-08-09 14:11:44.949 [info] Getting GitHub sessions for all scopes...
2025-08-09 14:11:44.949 [info] Got 1 sessions for all scopes...
2025-08-09 14:11:44.949 [info] Got 1 GitHub sessions for all scopes...
2025-08-09 14:11:45.245 [info] Getting sessions for all scopes...
2025-08-09 14:11:45.245 [info] Getting GitHub sessions for all scopes...
2025-08-09 14:11:45.245 [info] Got 1 sessions for all scopes...
2025-08-09 14:11:45.245 [info] Got 1 GitHub sessions for all scopes...
2025-08-09 14:13:48.607 [info] Getting sessions for all scopes...
2025-08-09 14:13:48.607 [info] Getting GitHub sessions for all scopes...
2025-08-09 14:13:48.607 [info] Got 1 sessions for all scopes...
2025-08-09 14:13:48.607 [info] Got 1 GitHub sessions for all scopes...
2025-08-09 14:13:49.311 [info] Getting sessions for all scopes...
2025-08-09 14:13:49.311 [info] Getting GitHub sessions for all scopes...
2025-08-09 14:13:49.311 [info] Got 1 sessions for all scopes...
2025-08-09 14:13:49.311 [info] Got 1 GitHub sessions for all scopes...
2025-08-09 14:13:59.323 [info] Getting sessions for all scopes...
2025-08-09 14:13:59.323 [info] Getting GitHub sessions for all scopes...
2025-08-09 14:13:59.323 [info] Got 1 sessions for all scopes...
2025-08-09 14:13:59.323 [info] Got 1 GitHub sessions for all scopes...
2025-08-09 14:13:59.468 [info] Getting sessions for all scopes...
2025-08-09 14:13:59.468 [info] Getting GitHub sessions for all scopes...
2025-08-09 14:13:59.468 [info] Got 1 sessions for all scopes...
2025-08-09 14:13:59.468 [info] Got 1 GitHub sessions for all scopes...
2025-08-09 14:36:07.408 [info] Getting sessions for all scopes...
2025-08-09 14:36:07.408 [info] Getting GitHub sessions for all scopes...
2025-08-09 14:36:07.408 [info] Got 1 sessions for all scopes...
2025-08-09 14:36:07.408 [info] Got 1 GitHub sessions for all scopes...
2025-08-09 14:36:07.562 [info] Getting sessions for all scopes...
2025-08-09 14:36:07.562 [info] Getting GitHub sessions for all scopes...
2025-08-09 14:36:07.562 [info] Got 1 sessions for all scopes...
2025-08-09 14:36:07.562 [info] Got 1 GitHub sessions for all scopes...
2025-08-09 14:36:07.759 [info] Getting sessions for all scopes...
2025-08-09 14:36:07.759 [info] Getting GitHub sessions for all scopes...
2025-08-09 14:36:07.759 [info] Got 1 sessions for all scopes...
2025-08-09 14:36:07.759 [info] Got 1 GitHub sessions for all scopes...
2025-08-09 14:36:07.899 [info] Getting sessions for all scopes...
2025-08-09 14:36:07.899 [info] Getting GitHub sessions for all scopes...
2025-08-09 14:36:07.899 [info] Got 1 sessions for all scopes...
2025-08-09 14:36:07.899 [info] Got 1 GitHub sessions for all scopes...
2025-08-09 14:36:08.267 [info] Getting sessions for all scopes...
2025-08-09 14:36:08.267 [info] Getting GitHub sessions for all scopes...
2025-08-09 14:36:08.267 [info] Got 1 sessions for all scopes...
2025-08-09 14:36:08.267 [info] Got 1 GitHub sessions for all scopes...
2025-08-09 14:36:08.394 [info] Getting sessions for all scopes...
2025-08-09 14:36:08.394 [info] Getting GitHub sessions for all scopes...
2025-08-09 14:36:08.394 [info] Got 1 sessions for all scopes...
2025-08-09 14:36:08.394 [info] Got 1 GitHub sessions for all scopes...
