2025-08-10 13:24:49.851 [info] Log level: Info
2025-08-10 13:24:49.851 [info] VSCODE_MACHINE_ID: 10d3d877-fe56-442f-a117-f9035039c6e9
2025-08-10 13:24:49.851 [info] VSCODE_SESSION_ID: 0e53d340-d713-4097-8244-5395c326d1151754832280684
2025-08-10 13:24:49.851 [info] VSCODE_VERSION: 1.102.3
2025-08-10 13:24:49.851 [info] VSCODE_APP_NAME: Gitpod Code
2025-08-10 13:24:49.851 [info] VSCODE_APP_HOST: Gitpod
2025-08-10 13:24:49.851 [info] VSCODE_UI_KIND: web
2025-08-10 13:24:49.851 [info] GITPOD_WORKSPACE_CONTEXT_URL: https://github.com/Abdallah-Develop/Website-starter
2025-08-10 13:24:49.851 [info] GITPOD_INSTANCE_ID: ca23dfbd-9ee2-47a7-b45d-42083e4f2a87
2025-08-10 13:24:49.851 [info] GITPOD_WORKSPACE_URL: https://abdallahdev-websitestar-esjdme0laxn.ws-eu120.gitpod.io
2025-08-10 13:24:49.851 [info] Gitpod Web 3953e81
2025-08-10 13:24:49.851 [info] Reading sessions from keychain...
2025-08-10 13:24:51.293 [info] Got stored sessions!
2025-08-10 13:24:51.294 [info] Verified session with the following scopes: function:accessCodeSyncStorage function:closePort function:controlAdmission function:deleteEnvVar function:generateNewGitpodToken function:getDefaultWorkspaceImage function:getGitpodTokenScopes function:getIDToken function:getLoggedInUser function:getOpenPorts function:getSupportedWorkspaceClasses function:getTeams function:getToken function:getWorkspace function:getWorkspaceEnvVars function:getWorkspaceOwner function:getWorkspaceTimeout function:getWorkspaceUsers function:guessGitTokenScopes function:isWorkspaceOwner function:openPort function:sendHeartBeat function:setEnvVar function:setWorkspaceTimeout function:stopWorkspace function:takeSnapshot function:trackEvent function:updateGitStatus function:waitForSnapshot resource:contentBlob::*::create/get resource:envVar::*/**::update resource:envVar::*/*::update resource:envVar::Abdallah-Develop/Website-starter::create/get/update/delete resource:gitpodToken::*::create resource:snapshot::ws-abdallahdev-websitestar-esjdme0laxn::create resource:token::*::get resource:userStorage::*::create/get/update resource:workspace::abdallahdev-websitestar-esjdme0laxn::get/update resource:workspaceInstance::ca23dfbd-9ee2-47a7-b45d-42083e4f2a87::get/update/delete
2025-08-10 13:24:51.294 [info] Got 1 verified sessions.
2025-08-10 13:24:51.294 [info] Getting sessions for all scopes...
2025-08-10 13:24:51.294 [info] Getting GitHub sessions for all scopes...
2025-08-10 13:24:51.294 [info] Got 1 sessions for all scopes...
2025-08-10 13:24:51.294 [info] Getting sessions for all scopes...
2025-08-10 13:24:51.294 [info] Got 1 sessions for all scopes...
2025-08-10 13:24:51.294 [info] Getting sessions for all scopes...
2025-08-10 13:24:51.294 [info] Got 1 sessions for all scopes...
2025-08-10 13:24:53.593 [info] Got 1 GitHub sessions for all scopes...
2025-08-10 13:24:56.045 [info] Getting GitHub sessions for all scopes...
2025-08-10 13:24:56.045 [info] Getting sessions for all scopes...
2025-08-10 13:24:56.046 [info] Got 1 GitHub sessions for all scopes...
2025-08-10 13:24:56.046 [info] Got 1 sessions for all scopes...
2025-08-10 13:24:56.046 [info] Getting GitHub sessions for all scopes...
2025-08-10 13:24:56.046 [info] Got 1 GitHub sessions for all scopes...
2025-08-10 13:24:59.703 [info] Getting GitHub sessions for all scopes...
2025-08-10 13:24:59.703 [info] Got 1 GitHub sessions for all scopes...
2025-08-10 13:24:59.807 [info] Getting GitHub sessions for read:user,repo,user:email,workflow...
2025-08-10 13:24:59.807 [info] Got 0 GitHub sessions for read:user,repo,user:email,workflow...
2025-08-10 13:25:00.089 [info] Getting sessions for all scopes...
2025-08-10 13:25:00.089 [info] Getting GitHub sessions for all scopes...
2025-08-10 13:25:00.089 [info] Got 1 sessions for all scopes...
2025-08-10 13:25:00.089 [info] Got 1 GitHub sessions for all scopes...
2025-08-10 13:25:00.499 [info] Getting sessions for all scopes...
2025-08-10 13:25:00.499 [info] Getting GitHub sessions for all scopes...
2025-08-10 13:25:00.499 [info] Got 1 sessions for all scopes...
2025-08-10 13:25:00.499 [info] Got 1 GitHub sessions for all scopes...
2025-08-10 13:25:00.499 [info] Getting sessions for function:accessCodeSyncStorage...
2025-08-10 13:25:00.500 [info] Got 1 sessions for function:accessCodeSyncStorage...
2025-08-10 13:25:02.397 [info] Getting GitHub sessions for project,read:org,read:user,repo,user:email,workflow...
2025-08-10 13:25:02.397 [info] Got 0 GitHub sessions for project,read:org,read:user,repo,user:email,workflow...
2025-08-10 13:25:02.734 [info] Getting sessions for all scopes...
2025-08-10 13:25:02.734 [info] Getting GitHub sessions for all scopes...
2025-08-10 13:25:02.734 [info] Got 1 sessions for all scopes...
2025-08-10 13:25:02.734 [info] Got 1 GitHub sessions for all scopes...
2025-08-10 13:25:03.114 [info] Getting GitHub sessions for read:user,repo,user:email,workflow...
2025-08-10 13:25:03.114 [info] Getting sessions for all scopes...
2025-08-10 13:25:03.114 [info] Got 0 GitHub sessions for read:user,repo,user:email,workflow...
2025-08-10 13:25:03.114 [info] Got 1 sessions for all scopes...
2025-08-10 13:25:03.114 [info] Getting GitHub sessions for all scopes...
2025-08-10 13:25:03.114 [info] Got 1 GitHub sessions for all scopes...
2025-08-10 13:25:03.296 [info] Getting sessions for all scopes...
2025-08-10 13:25:03.296 [info] Getting GitHub sessions for all scopes...
2025-08-10 13:25:03.296 [info] Got 1 sessions for all scopes...
2025-08-10 13:25:03.296 [info] Got 1 GitHub sessions for all scopes...
2025-08-10 13:25:03.498 [info] Getting sessions for all scopes...
2025-08-10 13:25:03.498 [info] Getting GitHub sessions for all scopes...
2025-08-10 13:25:03.498 [info] Got 1 sessions for all scopes...
2025-08-10 13:25:03.498 [info] Got 1 GitHub sessions for all scopes...
2025-08-10 13:25:03.549 [info] Getting sessions for all scopes...
2025-08-10 13:25:03.549 [info] Getting GitHub sessions for all scopes...
2025-08-10 13:25:03.549 [info] Got 1 sessions for all scopes...
2025-08-10 13:25:03.549 [info] Got 1 GitHub sessions for all scopes...
2025-08-10 13:25:03.883 [info] Getting GitHub sessions for read:user,repo,user:email...
2025-08-10 13:25:03.883 [info] Got 0 GitHub sessions for read:user,repo,user:email...
2025-08-10 13:25:03.886 [info] Getting sessions for all scopes...
2025-08-10 13:25:03.886 [info] Getting GitHub sessions for all scopes...
2025-08-10 13:25:03.886 [info] Got 1 sessions for all scopes...
2025-08-10 13:25:03.886 [info] Got 1 GitHub sessions for all scopes...
2025-08-10 13:25:03.916 [info] Getting sessions for all scopes...
2025-08-10 13:25:03.916 [info] Getting GitHub sessions for all scopes...
2025-08-10 13:25:03.916 [info] Got 1 sessions for all scopes...
2025-08-10 13:25:03.916 [info] Got 1 GitHub sessions for all scopes...
2025-08-10 13:25:03.918 [info] Getting sessions for all scopes...
2025-08-10 13:25:03.918 [info] Getting GitHub sessions for all scopes...
2025-08-10 13:25:03.918 [info] Got 1 sessions for all scopes...
2025-08-10 13:25:03.918 [info] Got 1 GitHub sessions for all scopes...
2025-08-10 13:25:03.918 [info] Getting sessions for all scopes...
2025-08-10 13:25:03.918 [info] Getting GitHub sessions for all scopes...
2025-08-10 13:25:03.918 [info] Got 1 sessions for all scopes...
2025-08-10 13:25:03.918 [info] Got 1 GitHub sessions for all scopes...
2025-08-10 13:25:04.254 [info] Getting GitHub sessions for read:user,repo,user:email,workflow...
2025-08-10 13:25:04.254 [info] Got 0 GitHub sessions for read:user,repo,user:email,workflow...
2025-08-10 13:25:05.721 [info] Getting sessions for all scopes...
2025-08-10 13:25:05.721 [info] Getting GitHub sessions for all scopes...
2025-08-10 13:25:05.722 [info] Got 1 sessions for all scopes...
2025-08-10 13:25:05.722 [info] Got 1 GitHub sessions for all scopes...
2025-08-10 13:25:05.899 [info] Getting sessions for all scopes...
2025-08-10 13:25:05.899 [info] Getting GitHub sessions for all scopes...
2025-08-10 13:25:05.899 [info] Got 1 sessions for all scopes...
2025-08-10 13:25:05.899 [info] Got 1 GitHub sessions for all scopes...
