2025-08-10 12:59:32.032 [info] [main] Log level: Info
2025-08-10 12:59:32.032 [info] [main] Validating found git in: "git"
2025-08-10 12:59:32.032 [info] [main] Using git "2.49.0" from "git"
2025-08-10 12:59:32.032 [info] [Model][doInitialScan] Initial repository scan started
2025-08-10 12:59:32.032 [info] > git rev-parse --show-toplevel [25ms]
2025-08-10 12:59:32.032 [info] > git rev-parse --git-dir --git-common-dir [6ms]
2025-08-10 12:59:32.032 [info] [Model][openRepository] Opened repository (path): /workspace/Website-starter
2025-08-10 12:59:32.032 [info] [Model][openRepository] Opened repository (real path): /workspace/Website-starter
2025-08-10 12:59:32.032 [info] > git rev-parse --show-toplevel [6ms]
2025-08-10 12:59:32.032 [info] > git config --get commit.template [12ms]
2025-08-10 12:59:32.032 [info] > git for-each-ref --format=%(refname)%00%(upstream:short)%00%(objectname)%00%(upstream:track)%00%(upstream:remotename)%00%(upstream:remoteref) refs/heads/main refs/remotes/main [6ms]
2025-08-10 12:59:32.032 [info] > git rev-parse --show-toplevel [14ms]
2025-08-10 12:59:32.032 [info] > git rev-parse --show-toplevel [15ms]
2025-08-10 12:59:32.032 [info] > git for-each-ref --sort -committerdate --format %(refname)%00%(objectname)%00%(*objectname) [66ms]
2025-08-10 12:59:32.032 [info] > git status -z -uall [81ms]
2025-08-10 12:59:32.032 [info] > git rev-parse --show-toplevel [33ms]
2025-08-10 12:59:32.033 [info] > git for-each-ref --format=%(refname)%00%(upstream:short)%00%(objectname)%00%(upstream:track)%00%(upstream:remotename)%00%(upstream:remoteref) refs/heads/main refs/remotes/main [8ms]
2025-08-10 12:59:32.033 [info] > git config --get commit.template [75ms]
2025-08-10 12:59:32.033 [info] > git rev-parse --show-toplevel [37ms]
2025-08-10 12:59:32.033 [info] > git config --get --local branch.main.vscode-merge-base [43ms]
2025-08-10 12:59:32.033 [info] > git for-each-ref --format=%(refname)%00%(upstream:short)%00%(objectname)%00%(upstream:track)%00%(upstream:remotename)%00%(upstream:remoteref) refs/heads/main refs/remotes/main [68ms]
2025-08-10 12:59:32.033 [info] > git for-each-ref --format=%(refname)%00%(upstream:short)%00%(objectname)%00%(upstream:track)%00%(upstream:remotename)%00%(upstream:remoteref) refs/heads/origin/main refs/remotes/origin/main [7ms]
2025-08-10 12:59:32.033 [info] > git rev-parse --show-toplevel [9ms]
2025-08-10 12:59:32.033 [info] > git merge-base refs/heads/main refs/remotes/origin/main [19ms]
2025-08-10 12:59:32.033 [info] > git for-each-ref --sort -committerdate --format %(refname)%00%(objectname)%00%(*objectname) [7ms]
2025-08-10 12:59:32.033 [info] > git rev-parse --show-toplevel [19ms]
2025-08-10 12:59:32.033 [info] [Model][doInitialScan] Initial repository scan completed - repositories (1), closed repositories (0), parent repositories (0), unsafe repositories (0)
2025-08-10 12:59:32.033 [info] > git status -z -uall [14ms]
2025-08-10 12:59:32.033 [info] > git diff --name-status -z --diff-filter=ADMR 0d7a3a898007be1d8200d8db99d59472a2da8d06...refs/remotes/origin/main [66ms]
2025-08-10 12:59:32.033 [info] > git merge-base refs/heads/main refs/remotes/origin/main [12ms]
2025-08-10 12:59:32.033 [info] > git fetch [501ms]
2025-08-10 12:59:32.033 [info] > git diff --name-status -z --diff-filter=ADMR 0d7a3a898007be1d8200d8db99d59472a2da8d06...refs/remotes/origin/main [11ms]
2025-08-10 12:59:32.033 [info] > git config --get commit.template [2ms]
2025-08-10 12:59:32.033 [info] > git for-each-ref --format=%(refname)%00%(upstream:short)%00%(objectname)%00%(upstream:track)%00%(upstream:remotename)%00%(upstream:remoteref) refs/heads/main refs/remotes/main [2ms]
2025-08-10 12:59:32.033 [info] > git status -z -uall [86ms]
2025-08-10 12:59:32.033 [info] > git for-each-ref --sort -committerdate --format %(refname)%00%(objectname)%00%(*objectname) [28ms]
2025-08-10 12:59:33.582 [info] > git check-ignore -v -z --stdin [2ms]
2025-08-10 12:59:39.531 [info] > git config --get --local branch.main.github-pr-owner-number [4ms]
2025-08-10 12:59:39.531 [warning] [Git][config] git config failed: Failed to execute git
2025-08-10 12:59:48.836 [info] > git config --get commit.template [6ms]
2025-08-10 12:59:48.853 [info] > git for-each-ref --format=%(refname)%00%(upstream:short)%00%(objectname)%00%(upstream:track)%00%(upstream:remotename)%00%(upstream:remoteref) refs/heads/main refs/remotes/main [2ms]
2025-08-10 12:59:48.896 [info] > git status -z -uall [22ms]
2025-08-10 12:59:48.898 [info] > git for-each-ref --sort -committerdate --format %(refname)%00%(objectname)%00%(*objectname) [6ms]
2025-08-10 13:00:15.031 [info] > git config --get commit.template [2ms]
2025-08-10 13:00:15.048 [info] > git for-each-ref --format=%(refname)%00%(upstream:short)%00%(objectname)%00%(upstream:track)%00%(upstream:remotename)%00%(upstream:remoteref) refs/heads/main refs/remotes/main [3ms]
2025-08-10 13:00:15.134 [info] > git status -z -uall [17ms]
2025-08-10 13:00:15.134 [info] > git for-each-ref --sort -committerdate --format %(refname)%00%(objectname)%00%(*objectname) [5ms]
2025-08-10 13:00:20.164 [info] > git config --get commit.template [11ms]
2025-08-10 13:00:20.165 [info] > git for-each-ref --format=%(refname)%00%(upstream:short)%00%(objectname)%00%(upstream:track)%00%(upstream:remotename)%00%(upstream:remoteref) refs/heads/main refs/remotes/main [2ms]
2025-08-10 13:00:20.187 [info] > git for-each-ref --sort -committerdate --format %(refname)%00%(objectname)%00%(*objectname) [3ms]
2025-08-10 13:00:20.190 [info] > git status -z -uall [14ms]
2025-08-10 13:00:25.217 [info] > git config --get commit.template [11ms]
2025-08-10 13:00:25.219 [info] > git for-each-ref --format=%(refname)%00%(upstream:short)%00%(objectname)%00%(upstream:track)%00%(upstream:remotename)%00%(upstream:remoteref) refs/heads/main refs/remotes/main [3ms]
2025-08-10 13:00:25.243 [info] > git for-each-ref --sort -committerdate --format %(refname)%00%(objectname)%00%(*objectname) [5ms]
2025-08-10 13:00:25.245 [info] > git status -z -uall [15ms]
2025-08-10 13:00:30.276 [info] > git config --get commit.template [13ms]
2025-08-10 13:00:30.277 [info] > git for-each-ref --format=%(refname)%00%(upstream:short)%00%(objectname)%00%(upstream:track)%00%(upstream:remotename)%00%(upstream:remoteref) refs/heads/main refs/remotes/main [2ms]
2025-08-10 13:00:30.302 [info] > git for-each-ref --sort -committerdate --format %(refname)%00%(objectname)%00%(*objectname) [3ms]
2025-08-10 13:00:30.304 [info] > git status -z -uall [15ms]
2025-08-10 13:00:35.333 [info] > git config --get commit.template [12ms]
2025-08-10 13:00:35.335 [info] > git for-each-ref --format=%(refname)%00%(upstream:short)%00%(objectname)%00%(upstream:track)%00%(upstream:remotename)%00%(upstream:remoteref) refs/heads/main refs/remotes/main [3ms]
2025-08-10 13:00:35.362 [info] > git status -z -uall [17ms]
2025-08-10 13:00:35.363 [info] > git for-each-ref --sort -committerdate --format %(refname)%00%(objectname)%00%(*objectname) [5ms]
2025-08-10 13:00:50.297 [info] > git config --get commit.template [12ms]
2025-08-10 13:00:50.299 [info] > git for-each-ref --format=%(refname)%00%(upstream:short)%00%(objectname)%00%(upstream:track)%00%(upstream:remotename)%00%(upstream:remoteref) refs/heads/main refs/remotes/main [3ms]
2025-08-10 13:00:50.321 [info] > git for-each-ref --sort -committerdate --format %(refname)%00%(objectname)%00%(*objectname) [3ms]
2025-08-10 13:00:50.324 [info] > git status -z -uall [16ms]
2025-08-10 13:01:19.982 [info] > git config --get commit.template [10ms]
2025-08-10 13:01:19.984 [info] > git for-each-ref --format=%(refname)%00%(upstream:short)%00%(objectname)%00%(upstream:track)%00%(upstream:remotename)%00%(upstream:remoteref) refs/heads/main refs/remotes/main [2ms]
2025-08-10 13:01:20.007 [info] > git for-each-ref --sort -committerdate --format %(refname)%00%(objectname)%00%(*objectname) [3ms]
2025-08-10 13:01:20.009 [info] > git status -z -uall [15ms]
2025-08-10 13:01:37.553 [info] > git config --get commit.template [3ms]
2025-08-10 13:01:37.572 [info] > git for-each-ref --format=%(refname)%00%(upstream:short)%00%(objectname)%00%(upstream:track)%00%(upstream:remotename)%00%(upstream:remoteref) refs/heads/main refs/remotes/main [4ms]
2025-08-10 13:01:37.601 [info] > git status -z -uall [14ms]
2025-08-10 13:01:37.613 [info] > git for-each-ref --sort -committerdate --format %(refname)%00%(objectname)%00%(*objectname) [15ms]
2025-08-10 13:01:42.643 [info] > git config --get commit.template [12ms]
2025-08-10 13:01:42.645 [info] > git for-each-ref --format=%(refname)%00%(upstream:short)%00%(objectname)%00%(upstream:track)%00%(upstream:remotename)%00%(upstream:remoteref) refs/heads/main refs/remotes/main [3ms]
2025-08-10 13:01:42.666 [info] > git for-each-ref --sort -committerdate --format %(refname)%00%(objectname)%00%(*objectname) [3ms]
2025-08-10 13:01:42.669 [info] > git status -z -uall [15ms]
2025-08-10 13:02:32.287 [info] > git fetch [324ms]
2025-08-10 13:02:32.311 [info] > git config --get commit.template [12ms]
2025-08-10 13:02:32.313 [info] > git for-each-ref --format=%(refname)%00%(upstream:short)%00%(objectname)%00%(upstream:track)%00%(upstream:remotename)%00%(upstream:remoteref) refs/heads/main refs/remotes/main [3ms]
2025-08-10 13:02:32.336 [info] > git for-each-ref --sort -committerdate --format %(refname)%00%(objectname)%00%(*objectname) [3ms]
2025-08-10 13:02:32.338 [info] > git status -z -uall [14ms]
2025-08-10 13:02:33.561 [info] > git config --get commit.template [10ms]
2025-08-10 13:02:33.563 [info] > git for-each-ref --format=%(refname)%00%(upstream:short)%00%(objectname)%00%(upstream:track)%00%(upstream:remotename)%00%(upstream:remoteref) refs/heads/main refs/remotes/main [2ms]
2025-08-10 13:02:33.585 [info] > git for-each-ref --sort -committerdate --format %(refname)%00%(objectname)%00%(*objectname) [4ms]
2025-08-10 13:02:33.587 [info] > git status -z -uall [15ms]
2025-08-10 13:03:06.415 [info] > git config --get commit.template [71ms]
2025-08-10 13:03:06.432 [info] > git for-each-ref --format=%(refname)%00%(upstream:short)%00%(objectname)%00%(upstream:track)%00%(upstream:remotename)%00%(upstream:remoteref) refs/heads/main refs/remotes/main [2ms]
2025-08-10 13:03:06.459 [info] > git for-each-ref --sort -committerdate --format %(refname)%00%(objectname)%00%(*objectname) [3ms]
2025-08-10 13:03:06.460 [info] > git status -z -uall [15ms]
2025-08-10 13:04:48.279 [info] > git config --get commit.template [13ms]
2025-08-10 13:04:48.281 [info] > git for-each-ref --format=%(refname)%00%(upstream:short)%00%(objectname)%00%(upstream:track)%00%(upstream:remotename)%00%(upstream:remoteref) refs/heads/main refs/remotes/main [3ms]
2025-08-10 13:04:48.315 [info] > git status -z -uall [20ms]
2025-08-10 13:04:48.316 [info] > git for-each-ref --sort -committerdate --format %(refname)%00%(objectname)%00%(*objectname) [7ms]
2025-08-10 13:04:56.968 [info] > git config --get commit.template [12ms]
2025-08-10 13:04:56.970 [info] > git for-each-ref --format=%(refname)%00%(upstream:short)%00%(objectname)%00%(upstream:track)%00%(upstream:remotename)%00%(upstream:remoteref) refs/heads/main refs/remotes/main [3ms]
2025-08-10 13:04:57.022 [info] > git for-each-ref --sort -committerdate --format %(refname)%00%(objectname)%00%(*objectname) [4ms]
2025-08-10 13:04:57.026 [info] > git status -z -uall [44ms]
2025-08-10 13:05:02.058 [info] > git config --get commit.template [16ms]
2025-08-10 13:05:02.058 [info] > git for-each-ref --format=%(refname)%00%(upstream:short)%00%(objectname)%00%(upstream:track)%00%(upstream:remotename)%00%(upstream:remoteref) refs/heads/main refs/remotes/main [2ms]
2025-08-10 13:05:02.086 [info] > git status -z -uall [15ms]
2025-08-10 13:05:02.087 [info] > git for-each-ref --sort -committerdate --format %(refname)%00%(objectname)%00%(*objectname) [3ms]
2025-08-10 13:05:07.113 [info] > git config --get commit.template [10ms]
2025-08-10 13:05:07.115 [info] > git for-each-ref --format=%(refname)%00%(upstream:short)%00%(objectname)%00%(upstream:track)%00%(upstream:remotename)%00%(upstream:remoteref) refs/heads/main refs/remotes/main [3ms]
2025-08-10 13:05:07.137 [info] > git for-each-ref --sort -committerdate --format %(refname)%00%(objectname)%00%(*objectname) [3ms]
2025-08-10 13:05:07.140 [info] > git status -z -uall [15ms]
2025-08-10 13:05:12.172 [info] > git config --get commit.template [16ms]
2025-08-10 13:05:12.173 [info] > git for-each-ref --format=%(refname)%00%(upstream:short)%00%(objectname)%00%(upstream:track)%00%(upstream:remotename)%00%(upstream:remoteref) refs/heads/main refs/remotes/main [4ms]
2025-08-10 13:05:12.198 [info] > git status -z -uall [14ms]
2025-08-10 13:05:12.198 [info] > git for-each-ref --sort -committerdate --format %(refname)%00%(objectname)%00%(*objectname) [3ms]
2025-08-10 13:05:17.572 [info] > git config --get commit.template [10ms]
2025-08-10 13:05:17.574 [info] > git for-each-ref --format=%(refname)%00%(upstream:short)%00%(objectname)%00%(upstream:track)%00%(upstream:remotename)%00%(upstream:remoteref) refs/heads/main refs/remotes/main [2ms]
2025-08-10 13:05:17.595 [info] > git for-each-ref --sort -committerdate --format %(refname)%00%(objectname)%00%(*objectname) [3ms]
2025-08-10 13:05:17.598 [info] > git status -z -uall [15ms]
2025-08-10 13:05:22.629 [info] > git config --get commit.template [13ms]
2025-08-10 13:05:22.631 [info] > git for-each-ref --format=%(refname)%00%(upstream:short)%00%(objectname)%00%(upstream:track)%00%(upstream:remotename)%00%(upstream:remoteref) refs/heads/main refs/remotes/main [3ms]
2025-08-10 13:05:22.654 [info] > git for-each-ref --sort -committerdate --format %(refname)%00%(objectname)%00%(*objectname) [3ms]
2025-08-10 13:05:22.655 [info] > git status -z -uall [15ms]
2025-08-10 13:05:27.683 [info] > git config --get commit.template [12ms]
2025-08-10 13:05:27.684 [info] > git for-each-ref --format=%(refname)%00%(upstream:short)%00%(objectname)%00%(upstream:track)%00%(upstream:remotename)%00%(upstream:remoteref) refs/heads/main refs/remotes/main [4ms]
2025-08-10 13:05:27.708 [info] > git for-each-ref --sort -committerdate --format %(refname)%00%(objectname)%00%(*objectname) [4ms]
2025-08-10 13:05:27.714 [info] > git status -z -uall [19ms]
2025-08-10 13:05:32.686 [info] > git fetch [331ms]
2025-08-10 13:05:32.710 [info] > git config --get commit.template [14ms]
2025-08-10 13:05:32.711 [info] > git for-each-ref --format=%(refname)%00%(upstream:short)%00%(objectname)%00%(upstream:track)%00%(upstream:remotename)%00%(upstream:remoteref) refs/heads/main refs/remotes/main [2ms]
2025-08-10 13:05:32.732 [info] > git for-each-ref --sort -committerdate --format %(refname)%00%(objectname)%00%(*objectname) [3ms]
2025-08-10 13:05:32.735 [info] > git status -z -uall [14ms]
2025-08-10 13:05:32.758 [info] > git config --get commit.template [10ms]
2025-08-10 13:05:32.759 [info] > git for-each-ref --format=%(refname)%00%(upstream:short)%00%(objectname)%00%(upstream:track)%00%(upstream:remotename)%00%(upstream:remoteref) refs/heads/main refs/remotes/main [2ms]
2025-08-10 13:05:32.780 [info] > git for-each-ref --sort -committerdate --format %(refname)%00%(objectname)%00%(*objectname) [3ms]
2025-08-10 13:05:32.784 [info] > git status -z -uall [15ms]
2025-08-10 13:05:37.811 [info] > git config --get commit.template [11ms]
2025-08-10 13:05:37.813 [info] > git for-each-ref --format=%(refname)%00%(upstream:short)%00%(objectname)%00%(upstream:track)%00%(upstream:remotename)%00%(upstream:remoteref) refs/heads/main refs/remotes/main [3ms]
2025-08-10 13:05:37.836 [info] > git for-each-ref --sort -committerdate --format %(refname)%00%(objectname)%00%(*objectname) [4ms]
2025-08-10 13:05:37.837 [info] > git status -z -uall [14ms]
2025-08-10 13:05:42.864 [info] > git config --get commit.template [11ms]
2025-08-10 13:05:42.866 [info] > git for-each-ref --format=%(refname)%00%(upstream:short)%00%(objectname)%00%(upstream:track)%00%(upstream:remotename)%00%(upstream:remoteref) refs/heads/main refs/remotes/main [3ms]
2025-08-10 13:05:42.889 [info] > git for-each-ref --sort -committerdate --format %(refname)%00%(objectname)%00%(*objectname) [3ms]
2025-08-10 13:05:42.891 [info] > git status -z -uall [15ms]
2025-08-10 13:05:47.918 [info] > git config --get commit.template [12ms]
2025-08-10 13:05:47.920 [info] > git for-each-ref --format=%(refname)%00%(upstream:short)%00%(objectname)%00%(upstream:track)%00%(upstream:remotename)%00%(upstream:remoteref) refs/heads/main refs/remotes/main [3ms]
2025-08-10 13:05:47.942 [info] > git for-each-ref --sort -committerdate --format %(refname)%00%(objectname)%00%(*objectname) [3ms]
2025-08-10 13:05:47.944 [info] > git status -z -uall [14ms]
2025-08-10 13:05:52.970 [info] > git config --get commit.template [10ms]
2025-08-10 13:05:52.970 [info] > git for-each-ref --format=%(refname)%00%(upstream:short)%00%(objectname)%00%(upstream:track)%00%(upstream:remotename)%00%(upstream:remoteref) refs/heads/main refs/remotes/main [2ms]
2025-08-10 13:05:52.996 [info] > git for-each-ref --sort -committerdate --format %(refname)%00%(objectname)%00%(*objectname) [4ms]
2025-08-10 13:05:52.996 [info] > git status -z -uall [15ms]
2025-08-10 13:05:58.023 [info] > git config --get commit.template [11ms]
2025-08-10 13:05:58.026 [info] > git for-each-ref --format=%(refname)%00%(upstream:short)%00%(objectname)%00%(upstream:track)%00%(upstream:remotename)%00%(upstream:remoteref) refs/heads/main refs/remotes/main [2ms]
2025-08-10 13:05:58.048 [info] > git for-each-ref --sort -committerdate --format %(refname)%00%(objectname)%00%(*objectname) [4ms]
2025-08-10 13:05:58.050 [info] > git status -z -uall [15ms]
2025-08-10 13:06:10.753 [info] > git config --get commit.template [15ms]
2025-08-10 13:06:10.754 [info] > git for-each-ref --format=%(refname)%00%(upstream:short)%00%(objectname)%00%(upstream:track)%00%(upstream:remotename)%00%(upstream:remoteref) refs/heads/main refs/remotes/main [3ms]
2025-08-10 13:06:10.834 [info] > git status -z -uall [16ms]
2025-08-10 13:06:10.836 [info] > git for-each-ref --sort -committerdate --format %(refname)%00%(objectname)%00%(*objectname) [4ms]
2025-08-10 13:06:15.860 [info] > git config --get commit.template [10ms]
2025-08-10 13:06:15.862 [info] > git for-each-ref --format=%(refname)%00%(upstream:short)%00%(objectname)%00%(upstream:track)%00%(upstream:remotename)%00%(upstream:remoteref) refs/heads/main refs/remotes/main [3ms]
2025-08-10 13:06:15.885 [info] > git for-each-ref --sort -committerdate --format %(refname)%00%(objectname)%00%(*objectname) [3ms]
2025-08-10 13:06:15.886 [info] > git status -z -uall [15ms]
2025-08-10 13:06:20.919 [info] > git config --get commit.template [16ms]
2025-08-10 13:06:20.921 [info] > git for-each-ref --format=%(refname)%00%(upstream:short)%00%(objectname)%00%(upstream:track)%00%(upstream:remotename)%00%(upstream:remoteref) refs/heads/main refs/remotes/main [3ms]
2025-08-10 13:06:20.949 [info] > git status -z -uall [15ms]
2025-08-10 13:06:20.951 [info] > git for-each-ref --sort -committerdate --format %(refname)%00%(objectname)%00%(*objectname) [4ms]
2025-08-10 13:06:25.977 [info] > git config --get commit.template [11ms]
2025-08-10 13:06:25.979 [info] > git for-each-ref --format=%(refname)%00%(upstream:short)%00%(objectname)%00%(upstream:track)%00%(upstream:remotename)%00%(upstream:remoteref) refs/heads/main refs/remotes/main [3ms]
2025-08-10 13:06:26.001 [info] > git for-each-ref --sort -committerdate --format %(refname)%00%(objectname)%00%(*objectname) [3ms]
2025-08-10 13:06:26.005 [info] > git status -z -uall [17ms]
2025-08-10 13:06:31.033 [info] > git config --get commit.template [12ms]
2025-08-10 13:06:31.035 [info] > git for-each-ref --format=%(refname)%00%(upstream:short)%00%(objectname)%00%(upstream:track)%00%(upstream:remotename)%00%(upstream:remoteref) refs/heads/main refs/remotes/main [3ms]
2025-08-10 13:06:31.058 [info] > git for-each-ref --sort -committerdate --format %(refname)%00%(objectname)%00%(*objectname) [3ms]
2025-08-10 13:06:31.060 [info] > git status -z -uall [14ms]
2025-08-10 13:06:36.087 [info] > git config --get commit.template [10ms]
2025-08-10 13:06:36.090 [info] > git for-each-ref --format=%(refname)%00%(upstream:short)%00%(objectname)%00%(upstream:track)%00%(upstream:remotename)%00%(upstream:remoteref) refs/heads/main refs/remotes/main [3ms]
2025-08-10 13:06:36.117 [info] > git status -z -uall [15ms]
2025-08-10 13:06:36.118 [info] > git for-each-ref --sort -committerdate --format %(refname)%00%(objectname)%00%(*objectname) [3ms]
2025-08-10 13:06:41.143 [info] > git config --get commit.template [10ms]
2025-08-10 13:06:41.144 [info] > git for-each-ref --format=%(refname)%00%(upstream:short)%00%(objectname)%00%(upstream:track)%00%(upstream:remotename)%00%(upstream:remoteref) refs/heads/main refs/remotes/main [2ms]
2025-08-10 13:06:41.165 [info] > git for-each-ref --sort -committerdate --format %(refname)%00%(objectname)%00%(*objectname) [3ms]
2025-08-10 13:06:41.168 [info] > git status -z -uall [15ms]
2025-08-10 13:06:46.194 [info] > git config --get commit.template [10ms]
2025-08-10 13:06:46.196 [info] > git for-each-ref --format=%(refname)%00%(upstream:short)%00%(objectname)%00%(upstream:track)%00%(upstream:remotename)%00%(upstream:remoteref) refs/heads/main refs/remotes/main [2ms]
2025-08-10 13:06:46.223 [info] > git for-each-ref --sort -committerdate --format %(refname)%00%(objectname)%00%(*objectname) [4ms]
2025-08-10 13:06:46.226 [info] > git status -z -uall [17ms]
2025-08-10 13:06:51.245 [info] > git config --get commit.template [3ms]
2025-08-10 13:06:51.258 [info] > git for-each-ref --format=%(refname)%00%(upstream:short)%00%(objectname)%00%(upstream:track)%00%(upstream:remotename)%00%(upstream:remoteref) refs/heads/main refs/remotes/main [3ms]
2025-08-10 13:06:51.285 [info] > git for-each-ref --sort -committerdate --format %(refname)%00%(objectname)%00%(*objectname) [3ms]
2025-08-10 13:06:51.285 [info] > git status -z -uall [15ms]
2025-08-10 13:06:56.313 [info] > git config --get commit.template [11ms]
2025-08-10 13:06:56.315 [info] > git for-each-ref --format=%(refname)%00%(upstream:short)%00%(objectname)%00%(upstream:track)%00%(upstream:remotename)%00%(upstream:remoteref) refs/heads/main refs/remotes/main [3ms]
2025-08-10 13:06:56.342 [info] > git for-each-ref --sort -committerdate --format %(refname)%00%(objectname)%00%(*objectname) [3ms]
2025-08-10 13:06:56.343 [info] > git status -z -uall [15ms]
2025-08-10 13:07:01.374 [info] > git config --get commit.template [13ms]
2025-08-10 13:07:01.375 [info] > git for-each-ref --format=%(refname)%00%(upstream:short)%00%(objectname)%00%(upstream:track)%00%(upstream:remotename)%00%(upstream:remoteref) refs/heads/main refs/remotes/main [2ms]
2025-08-10 13:07:01.398 [info] > git for-each-ref --sort -committerdate --format %(refname)%00%(objectname)%00%(*objectname) [3ms]
2025-08-10 13:07:01.401 [info] > git status -z -uall [15ms]
2025-08-10 13:07:17.691 [info] > git check-ignore -v -z --stdin [2ms]
2025-08-10 13:07:19.316 [info] > git show --textconv :src/components/ui/icons/icons.ts [92ms]
2025-08-10 13:07:19.319 [info] > git ls-files --stage -- src/components/ui/icons/icons.ts [78ms]
2025-08-10 13:07:19.518 [info] > git cat-file -s 4d8da5dfc3ea0ca53c34f9b9e9a55446fbdcd0c3 [186ms]
2025-08-10 13:07:21.144 [info] > git blame --root --incremental 0d7a3a898007be1d8200d8db99d59472a2da8d06 -- src/components/ui/icons/icons.ts [8ms]
2025-08-10 13:07:56.882 [info] > git config --get commit.template [11ms]
2025-08-10 13:07:56.884 [info] > git for-each-ref --format=%(refname)%00%(upstream:short)%00%(objectname)%00%(upstream:track)%00%(upstream:remotename)%00%(upstream:remoteref) refs/heads/main refs/remotes/main [3ms]
2025-08-10 13:07:56.908 [info] > git for-each-ref --sort -committerdate --format %(refname)%00%(objectname)%00%(*objectname) [3ms]
2025-08-10 13:07:56.908 [info] > git status -z -uall [15ms]
2025-08-10 13:08:01.943 [info] > git config --get commit.template [15ms]
2025-08-10 13:08:01.945 [info] > git for-each-ref --format=%(refname)%00%(upstream:short)%00%(objectname)%00%(upstream:track)%00%(upstream:remotename)%00%(upstream:remoteref) refs/heads/main refs/remotes/main [4ms]
2025-08-10 13:08:01.980 [info] > git for-each-ref --sort -committerdate --format %(refname)%00%(objectname)%00%(*objectname) [4ms]
2025-08-10 13:08:01.984 [info] > git status -z -uall [22ms]
2025-08-10 13:08:05.990 [info] > git show --textconv :src/components/ui/icons/icons.ts [10ms]
2025-08-10 13:08:05.991 [info] > git ls-files --stage -- src/components/ui/icons/icons.ts [2ms]
2025-08-10 13:08:06.003 [info] > git cat-file -s 4d8da5dfc3ea0ca53c34f9b9e9a55446fbdcd0c3 [2ms]
2025-08-10 13:08:33.083 [info] > git fetch [333ms]
2025-08-10 13:08:33.108 [info] > git config --get commit.template [13ms]
2025-08-10 13:08:33.110 [info] > git for-each-ref --format=%(refname)%00%(upstream:short)%00%(objectname)%00%(upstream:track)%00%(upstream:remotename)%00%(upstream:remoteref) refs/heads/main refs/remotes/main [2ms]
2025-08-10 13:08:33.139 [info] > git status -z -uall [16ms]
2025-08-10 13:08:33.142 [info] > git for-each-ref --sort -committerdate --format %(refname)%00%(objectname)%00%(*objectname) [4ms]
2025-08-10 13:08:34.339 [info] > git config --get commit.template [2ms]
2025-08-10 13:08:34.352 [info] > git for-each-ref --format=%(refname)%00%(upstream:short)%00%(objectname)%00%(upstream:track)%00%(upstream:remotename)%00%(upstream:remoteref) refs/heads/main refs/remotes/main [2ms]
2025-08-10 13:08:34.374 [info] > git for-each-ref --sort -committerdate --format %(refname)%00%(objectname)%00%(*objectname) [3ms]
2025-08-10 13:08:34.377 [info] > git status -z -uall [15ms]
2025-08-10 13:08:34.810 [info] > git ls-files --stage -- src/components/ui/icons/icons.ts [2ms]
2025-08-10 13:08:34.821 [info] > git cat-file -s 4d8da5dfc3ea0ca53c34f9b9e9a55446fbdcd0c3 [2ms]
2025-08-10 13:08:35.027 [info] > git show --textconv :src/components/ui/icons/icons.ts [3ms]
2025-08-10 13:09:38.605 [info] > git check-ignore -v -z --stdin [2ms]
2025-08-10 13:09:50.741 [info] > git show --textconv :src/components/ui/icons/icons.ts [12ms]
2025-08-10 13:09:50.742 [info] > git ls-files --stage -- src/components/ui/icons/icons.ts [3ms]
2025-08-10 13:09:50.754 [info] > git cat-file -s 4d8da5dfc3ea0ca53c34f9b9e9a55446fbdcd0c3 [3ms]
2025-08-10 13:11:33.522 [info] > git fetch [364ms]
2025-08-10 13:11:33.545 [info] > git config --get commit.template [11ms]
2025-08-10 13:11:33.546 [info] > git for-each-ref --format=%(refname)%00%(upstream:short)%00%(objectname)%00%(upstream:track)%00%(upstream:remotename)%00%(upstream:remoteref) refs/heads/main refs/remotes/main [2ms]
2025-08-10 13:11:33.572 [info] > git for-each-ref --sort -committerdate --format %(refname)%00%(objectname)%00%(*objectname) [3ms]
2025-08-10 13:11:33.574 [info] > git status -z -uall [15ms]
2025-08-10 13:11:34.965 [info] > git config --get commit.template [11ms]
2025-08-10 13:11:34.967 [info] > git for-each-ref --format=%(refname)%00%(upstream:short)%00%(objectname)%00%(upstream:track)%00%(upstream:remotename)%00%(upstream:remoteref) refs/heads/main refs/remotes/main [3ms]
2025-08-10 13:11:34.990 [info] > git for-each-ref --sort -committerdate --format %(refname)%00%(objectname)%00%(*objectname) [3ms]
2025-08-10 13:11:34.992 [info] > git status -z -uall [16ms]
2025-08-10 13:11:35.142 [info] > git ls-files --stage -- src/components/ui/icons/icons.ts [3ms]
2025-08-10 13:11:35.156 [info] > git cat-file -s 4d8da5dfc3ea0ca53c34f9b9e9a55446fbdcd0c3 [2ms]
2025-08-10 13:11:35.254 [info] > git show --textconv :src/components/ui/icons/icons.ts [2ms]
2025-08-10 13:14:33.935 [info] > git fetch [345ms]
2025-08-10 13:14:33.961 [info] > git config --get commit.template [13ms]
2025-08-10 13:14:33.963 [info] > git for-each-ref --format=%(refname)%00%(upstream:short)%00%(objectname)%00%(upstream:track)%00%(upstream:remotename)%00%(upstream:remoteref) refs/heads/main refs/remotes/main [3ms]
2025-08-10 13:14:33.989 [info] > git status -z -uall [15ms]
2025-08-10 13:14:33.990 [info] > git for-each-ref --sort -committerdate --format %(refname)%00%(objectname)%00%(*objectname) [3ms]
2025-08-10 13:17:34.322 [info] > git fetch [317ms]
2025-08-10 13:17:34.347 [info] > git config --get commit.template [12ms]
2025-08-10 13:17:34.349 [info] > git for-each-ref --format=%(refname)%00%(upstream:short)%00%(objectname)%00%(upstream:track)%00%(upstream:remotename)%00%(upstream:remoteref) refs/heads/main refs/remotes/main [3ms]
2025-08-10 13:17:34.370 [info] > git for-each-ref --sort -committerdate --format %(refname)%00%(objectname)%00%(*objectname) [3ms]
2025-08-10 13:17:34.372 [info] > git status -z -uall [14ms]
2025-08-10 13:20:34.735 [info] > git fetch [347ms]
2025-08-10 13:20:34.758 [info] > git config --get commit.template [11ms]
2025-08-10 13:20:34.759 [info] > git for-each-ref --format=%(refname)%00%(upstream:short)%00%(objectname)%00%(upstream:track)%00%(upstream:remotename)%00%(upstream:remoteref) refs/heads/main refs/remotes/main [2ms]
2025-08-10 13:20:34.781 [info] > git for-each-ref --sort -committerdate --format %(refname)%00%(objectname)%00%(*objectname) [4ms]
2025-08-10 13:20:34.783 [info] > git status -z -uall [15ms]
2025-08-10 13:23:35.145 [info] > git fetch [345ms]
2025-08-10 13:23:35.162 [info] > git config --get commit.template [4ms]
2025-08-10 13:23:35.175 [info] > git for-each-ref --format=%(refname)%00%(upstream:short)%00%(objectname)%00%(upstream:track)%00%(upstream:remotename)%00%(upstream:remoteref) refs/heads/main refs/remotes/main [3ms]
2025-08-10 13:23:35.204 [info] > git status -z -uall [15ms]
2025-08-10 13:23:35.205 [info] > git for-each-ref --sort -committerdate --format %(refname)%00%(objectname)%00%(*objectname) [3ms]
2025-08-10 13:26:35.552 [info] > git fetch [328ms]
2025-08-10 13:26:35.576 [info] > git config --get commit.template [12ms]
2025-08-10 13:26:35.578 [info] > git for-each-ref --format=%(refname)%00%(upstream:short)%00%(objectname)%00%(upstream:track)%00%(upstream:remotename)%00%(upstream:remoteref) refs/heads/main refs/remotes/main [3ms]
2025-08-10 13:26:35.600 [info] > git for-each-ref --sort -committerdate --format %(refname)%00%(objectname)%00%(*objectname) [3ms]
2025-08-10 13:26:35.602 [info] > git status -z -uall [15ms]
2025-08-10 13:29:35.966 [info] > git fetch [348ms]
2025-08-10 13:29:35.986 [info] > git config --get commit.template [9ms]
2025-08-10 13:29:35.988 [info] > git for-each-ref --format=%(refname)%00%(upstream:short)%00%(objectname)%00%(upstream:track)%00%(upstream:remotename)%00%(upstream:remoteref) refs/heads/main refs/remotes/main [2ms]
2025-08-10 13:29:36.009 [info] > git for-each-ref --sort -committerdate --format %(refname)%00%(objectname)%00%(*objectname) [3ms]
2025-08-10 13:29:36.013 [info] > git status -z -uall [16ms]
2025-08-10 13:32:36.371 [info] > git fetch [342ms]
2025-08-10 13:32:36.394 [info] > git config --get commit.template [10ms]
2025-08-10 13:32:36.396 [info] > git for-each-ref --format=%(refname)%00%(upstream:short)%00%(objectname)%00%(upstream:track)%00%(upstream:remotename)%00%(upstream:remoteref) refs/heads/main refs/remotes/main [2ms]
2025-08-10 13:32:36.418 [info] > git for-each-ref --sort -committerdate --format %(refname)%00%(objectname)%00%(*objectname) [3ms]
2025-08-10 13:32:36.420 [info] > git status -z -uall [14ms]
2025-08-10 13:35:36.757 [info] > git fetch [321ms]
2025-08-10 13:35:36.783 [info] > git config --get commit.template [12ms]
2025-08-10 13:35:36.784 [info] > git for-each-ref --format=%(refname)%00%(upstream:short)%00%(objectname)%00%(upstream:track)%00%(upstream:remotename)%00%(upstream:remoteref) refs/heads/main refs/remotes/main [2ms]
2025-08-10 13:35:36.813 [info] > git status -z -uall [15ms]
2025-08-10 13:35:36.813 [info] > git for-each-ref --sort -committerdate --format %(refname)%00%(objectname)%00%(*objectname) [3ms]
2025-08-10 13:38:37.136 [info] > git fetch [308ms]
2025-08-10 13:38:37.160 [info] > git config --get commit.template [12ms]
2025-08-10 13:38:37.162 [info] > git for-each-ref --format=%(refname)%00%(upstream:short)%00%(objectname)%00%(upstream:track)%00%(upstream:remotename)%00%(upstream:remoteref) refs/heads/main refs/remotes/main [3ms]
2025-08-10 13:38:37.187 [info] > git for-each-ref --sort -committerdate --format %(refname)%00%(objectname)%00%(*objectname) [2ms]
2025-08-10 13:38:37.188 [info] > git status -z -uall [15ms]
