2025-08-09 15:29:58.994 [info] [main] Log level: Info
2025-08-09 15:29:58.994 [info] [main] Validating found git in: "git"
2025-08-09 15:29:58.994 [info] [main] Using git "2.49.0" from "git"
2025-08-09 15:29:58.994 [info] [Model][doInitialScan] Initial repository scan started
2025-08-09 15:29:58.994 [info] > git rev-parse --show-toplevel [3ms]
2025-08-09 15:29:58.994 [info] > git rev-parse --git-dir --git-common-dir [2ms]
2025-08-09 15:29:58.994 [info] [Model][openRepository] Opened repository (path): /workspace/Website-starter
2025-08-09 15:29:58.994 [info] [Model][openRepository] Opened repository (real path): /workspace/Website-starter
2025-08-09 15:29:58.994 [info] > git config --get commit.template [6ms]
2025-08-09 15:29:58.994 [info] > git rev-parse --show-toplevel [9ms]
2025-08-09 15:29:58.994 [info] > git for-each-ref --format=%(refname)%00%(upstream:short)%00%(objectname)%00%(upstream:track)%00%(upstream:remotename)%00%(upstream:remoteref) refs/heads/main refs/remotes/main [3ms]
2025-08-09 15:29:58.994 [info] > git rev-parse --show-toplevel [16ms]
2025-08-09 15:29:58.994 [info] > git for-each-ref --sort -committerdate --format %(refname)%00%(objectname)%00%(*objectname) [8ms]
2025-08-09 15:29:58.994 [info] > git status -z -uall [16ms]
2025-08-09 15:29:58.994 [info] > git rev-parse --show-toplevel [3ms]
2025-08-09 15:29:58.994 [info] > git rev-parse --show-toplevel [34ms]
2025-08-09 15:29:58.994 [info] > git config --get commit.template [43ms]
2025-08-09 15:29:58.994 [info] > git for-each-ref --format=%(refname)%00%(upstream:short)%00%(objectname)%00%(upstream:track)%00%(upstream:remotename)%00%(upstream:remoteref) refs/heads/main refs/remotes/main [51ms]
2025-08-09 15:29:58.994 [info] > git rev-parse --show-toplevel [7ms]
2025-08-09 15:29:58.994 [info] > git config --get --local branch.main.vscode-merge-base [28ms]
2025-08-09 15:29:58.994 [info] > git for-each-ref --format=%(refname)%00%(upstream:short)%00%(objectname)%00%(upstream:track)%00%(upstream:remotename)%00%(upstream:remoteref) refs/heads/main refs/remotes/main [36ms]
2025-08-09 15:29:58.994 [info] > git rev-parse --show-toplevel [10ms]
2025-08-09 15:29:58.994 [info] > git for-each-ref --format=%(refname)%00%(upstream:short)%00%(objectname)%00%(upstream:track)%00%(upstream:remotename)%00%(upstream:remoteref) refs/heads/origin/main refs/remotes/origin/main [17ms]
2025-08-09 15:29:58.994 [info] > git rev-parse --show-toplevel [5ms]
2025-08-09 15:29:58.994 [info] [Model][doInitialScan] Initial repository scan completed - repositories (1), closed repositories (0), parent repositories (0), unsafe repositories (0)
2025-08-09 15:29:58.994 [info] > git merge-base refs/heads/main refs/remotes/origin/main [13ms]
2025-08-09 15:29:58.994 [info] > git diff --name-status -z --diff-filter=ADMR 0d7a3a898007be1d8200d8db99d59472a2da8d06...refs/remotes/origin/main [11ms]
2025-08-09 15:29:58.994 [info] > git for-each-ref --sort -committerdate --format %(refname)%00%(objectname)%00%(*objectname) [3ms]
2025-08-09 15:29:58.994 [info] > git status -z -uall [15ms]
2025-08-09 15:29:58.994 [info] > git fetch [329ms]
2025-08-09 15:29:58.994 [info] > git for-each-ref --format=%(refname)%00%(upstream:short)%00%(objectname)%00%(upstream:track)%00%(upstream:remotename)%00%(upstream:remoteref) refs/heads/main refs/remotes/main [34ms]
2025-08-09 15:29:58.994 [info] > git config --get commit.template [39ms]
2025-08-09 15:29:58.994 [info] > git status -z -uall [19ms]
2025-08-09 15:29:58.994 [info] > git for-each-ref --sort -committerdate --format %(refname)%00%(objectname)%00%(*objectname) [14ms]
2025-08-09 15:29:59.499 [info] > git check-ignore -v -z --stdin [2ms]
2025-08-09 15:30:01.608 [info] > git check-ignore -v -z --stdin [7ms]
2025-08-09 15:30:04.097 [info] > git show --textconv :src/components/sections/landing/HeroSection.astro [7ms]
2025-08-09 15:30:04.098 [info] > git ls-files --stage -- src/components/sections/landing/HeroSection.astro [2ms]
2025-08-09 15:30:04.110 [info] > git cat-file -s 651d4ec772e9f1908a9a04cbe4abb909827b9701 [6ms]
2025-08-09 15:30:06.745 [info] > git blame --root --incremental 0d7a3a898007be1d8200d8db99d59472a2da8d06 -- src/components/sections/landing/HeroSection.astro [4ms]
2025-08-09 15:30:10.555 [info] > git config --get --local branch.main.github-pr-owner-number [10ms]
2025-08-09 15:30:10.555 [warning] [Git][config] git config failed: Failed to execute git
2025-08-09 15:30:24.061 [info] > git config --get commit.template [14ms]
2025-08-09 15:30:24.062 [info] > git for-each-ref --format=%(refname)%00%(upstream:short)%00%(objectname)%00%(upstream:track)%00%(upstream:remotename)%00%(upstream:remoteref) refs/heads/main refs/remotes/main [3ms]
2025-08-09 15:30:24.088 [info] > git for-each-ref --sort -committerdate --format %(refname)%00%(objectname)%00%(*objectname) [3ms]
2025-08-09 15:30:24.091 [info] > git status -z -uall [17ms]
2025-08-09 15:30:46.296 [info] > git config --get commit.template [14ms]
2025-08-09 15:30:46.297 [info] > git for-each-ref --format=%(refname)%00%(upstream:short)%00%(objectname)%00%(upstream:track)%00%(upstream:remotename)%00%(upstream:remoteref) refs/heads/main refs/remotes/main [3ms]
2025-08-09 15:30:46.322 [info] > git for-each-ref --sort -committerdate --format %(refname)%00%(objectname)%00%(*objectname) [3ms]
2025-08-09 15:30:46.323 [info] > git status -z -uall [15ms]
2025-08-09 15:30:51.353 [info] > git config --get commit.template [12ms]
2025-08-09 15:30:51.355 [info] > git for-each-ref --format=%(refname)%00%(upstream:short)%00%(objectname)%00%(upstream:track)%00%(upstream:remotename)%00%(upstream:remoteref) refs/heads/main refs/remotes/main [3ms]
2025-08-09 15:30:51.376 [info] > git for-each-ref --sort -committerdate --format %(refname)%00%(objectname)%00%(*objectname) [4ms]
2025-08-09 15:30:51.380 [info] > git status -z -uall [16ms]
2025-08-09 15:31:05.560 [info] > git config --get commit.template [13ms]
2025-08-09 15:31:05.561 [info] > git for-each-ref --format=%(refname)%00%(upstream:short)%00%(objectname)%00%(upstream:track)%00%(upstream:remotename)%00%(upstream:remoteref) refs/heads/main refs/remotes/main [3ms]
2025-08-09 15:31:05.587 [info] > git for-each-ref --sort -committerdate --format %(refname)%00%(objectname)%00%(*objectname) [3ms]
2025-08-09 15:31:05.588 [info] > git status -z -uall [16ms]
2025-08-09 15:31:13.300 [info] > git config --get commit.template [12ms]
2025-08-09 15:31:13.303 [info] > git for-each-ref --format=%(refname)%00%(upstream:short)%00%(objectname)%00%(upstream:track)%00%(upstream:remotename)%00%(upstream:remoteref) refs/heads/main refs/remotes/main [4ms]
2025-08-09 15:31:13.327 [info] > git for-each-ref --sort -committerdate --format %(refname)%00%(objectname)%00%(*objectname) [3ms]
2025-08-09 15:31:13.329 [info] > git status -z -uall [15ms]
2025-08-09 15:31:31.392 [info] > git config --get commit.template [14ms]
2025-08-09 15:31:31.395 [info] > git for-each-ref --format=%(refname)%00%(upstream:short)%00%(objectname)%00%(upstream:track)%00%(upstream:remotename)%00%(upstream:remoteref) refs/heads/main refs/remotes/main [3ms]
2025-08-09 15:31:31.421 [info] > git status -z -uall [14ms]
2025-08-09 15:31:31.422 [info] > git for-each-ref --sort -committerdate --format %(refname)%00%(objectname)%00%(*objectname) [3ms]
2025-08-09 15:31:59.910 [info] > git config --get commit.template [10ms]
2025-08-09 15:31:59.910 [info] > git for-each-ref --format=%(refname)%00%(upstream:short)%00%(objectname)%00%(upstream:track)%00%(upstream:remotename)%00%(upstream:remoteref) refs/heads/main refs/remotes/main [3ms]
2025-08-09 15:31:59.929 [info] > git for-each-ref --sort -committerdate --format %(refname)%00%(objectname)%00%(*objectname) [3ms]
2025-08-09 15:31:59.933 [info] > git status -z -uall [15ms]
2025-08-09 15:32:18.315 [info] > git config --get commit.template [13ms]
2025-08-09 15:32:18.317 [info] > git for-each-ref --format=%(refname)%00%(upstream:short)%00%(objectname)%00%(upstream:track)%00%(upstream:remotename)%00%(upstream:remoteref) refs/heads/main refs/remotes/main [3ms]
2025-08-09 15:32:18.349 [info] > git status -z -uall [16ms]
2025-08-09 15:32:18.352 [info] > git for-each-ref --sort -committerdate --format %(refname)%00%(objectname)%00%(*objectname) [6ms]
2025-08-09 15:32:43.227 [info] > git config --get commit.template [14ms]
2025-08-09 15:32:43.229 [info] > git for-each-ref --format=%(refname)%00%(upstream:short)%00%(objectname)%00%(upstream:track)%00%(upstream:remotename)%00%(upstream:remoteref) refs/heads/main refs/remotes/main [3ms]
2025-08-09 15:32:43.256 [info] > git status -z -uall [15ms]
2025-08-09 15:32:43.257 [info] > git for-each-ref --sort -committerdate --format %(refname)%00%(objectname)%00%(*objectname) [3ms]
2025-08-09 15:33:14.159 [info] > git config --get commit.template [10ms]
2025-08-09 15:33:14.161 [info] > git for-each-ref --format=%(refname)%00%(upstream:short)%00%(objectname)%00%(upstream:track)%00%(upstream:remotename)%00%(upstream:remoteref) refs/heads/main refs/remotes/main [2ms]
2025-08-09 15:33:14.184 [info] > git for-each-ref --sort -committerdate --format %(refname)%00%(objectname)%00%(*objectname) [3ms]
2025-08-09 15:33:14.186 [info] > git status -z -uall [15ms]
2025-08-09 15:33:14.478 [info] > git fetch [338ms]
2025-08-09 15:33:14.503 [info] > git config --get commit.template [11ms]
2025-08-09 15:33:14.505 [info] > git for-each-ref --format=%(refname)%00%(upstream:short)%00%(objectname)%00%(upstream:track)%00%(upstream:remotename)%00%(upstream:remoteref) refs/heads/main refs/remotes/main [2ms]
2025-08-09 15:33:14.529 [info] > git for-each-ref --sort -committerdate --format %(refname)%00%(objectname)%00%(*objectname) [4ms]
2025-08-09 15:33:14.530 [info] > git status -z -uall [16ms]
2025-08-09 15:33:15.997 [info] > git ls-files --stage -- src/components/sections/landing/HeroSection.astro [2ms]
2025-08-09 15:33:16.008 [info] > git cat-file -s 651d4ec772e9f1908a9a04cbe4abb909827b9701 [2ms]
2025-08-09 15:33:16.198 [info] > git show --textconv :src/components/sections/landing/HeroSection.astro [2ms]
2025-08-09 15:33:26.796 [info] > git config --get commit.template [12ms]
2025-08-09 15:33:26.798 [info] > git for-each-ref --format=%(refname)%00%(upstream:short)%00%(objectname)%00%(upstream:track)%00%(upstream:remotename)%00%(upstream:remoteref) refs/heads/main refs/remotes/main [3ms]
2025-08-09 15:33:26.824 [info] > git for-each-ref --sort -committerdate --format %(refname)%00%(objectname)%00%(*objectname) [4ms]
2025-08-09 15:33:26.824 [info] > git status -z -uall [14ms]
2025-08-09 15:34:27.378 [info] > git check-ignore -v -z --stdin [2ms]
2025-08-09 15:34:28.768 [info] > git show --textconv :src/pages/index.astro [11ms]
2025-08-09 15:34:28.769 [info] > git ls-files --stage -- src/pages/index.astro [2ms]
2025-08-09 15:34:28.782 [info] > git cat-file -s 93d4a1368d83ae2b7b75995187e726ad019791c4 [2ms]
2025-08-09 15:34:28.974 [info] > git check-ignore -v -z --stdin [2ms]
2025-08-09 15:34:29.133 [info] > git blame --root --incremental 0d7a3a898007be1d8200d8db99d59472a2da8d06 -- src/pages/index.astro [4ms]
2025-08-09 15:34:49.350 [info] > git config --get commit.template [12ms]
2025-08-09 15:34:49.351 [info] > git for-each-ref --format=%(refname)%00%(upstream:short)%00%(objectname)%00%(upstream:track)%00%(upstream:remotename)%00%(upstream:remoteref) refs/heads/main refs/remotes/main [2ms]
2025-08-09 15:34:49.377 [info] > git status -z -uall [14ms]
2025-08-09 15:34:49.377 [info] > git for-each-ref --sort -committerdate --format %(refname)%00%(objectname)%00%(*objectname) [3ms]
2025-08-09 15:34:56.217 [info] > git config --get commit.template [3ms]
2025-08-09 15:34:56.231 [info] > git for-each-ref --format=%(refname)%00%(upstream:short)%00%(objectname)%00%(upstream:track)%00%(upstream:remotename)%00%(upstream:remoteref) refs/heads/main refs/remotes/main [3ms]
2025-08-09 15:34:56.252 [info] > git for-each-ref --sort -committerdate --format %(refname)%00%(objectname)%00%(*objectname) [3ms]
2025-08-09 15:34:56.259 [info] > git status -z -uall [18ms]
2025-08-09 15:35:01.283 [info] > git config --get commit.template [9ms]
2025-08-09 15:35:01.285 [info] > git for-each-ref --format=%(refname)%00%(upstream:short)%00%(objectname)%00%(upstream:track)%00%(upstream:remotename)%00%(upstream:remoteref) refs/heads/main refs/remotes/main [3ms]
2025-08-09 15:35:01.304 [info] > git for-each-ref --sort -committerdate --format %(refname)%00%(objectname)%00%(*objectname) [2ms]
2025-08-09 15:35:01.308 [info] > git status -z -uall [14ms]
2025-08-09 15:35:33.783 [info] > git config --get commit.template [13ms]
2025-08-09 15:35:33.785 [info] > git for-each-ref --format=%(refname)%00%(upstream:short)%00%(objectname)%00%(upstream:track)%00%(upstream:remotename)%00%(upstream:remoteref) refs/heads/main refs/remotes/main [3ms]
2025-08-09 15:35:33.806 [info] > git for-each-ref --sort -committerdate --format %(refname)%00%(objectname)%00%(*objectname) [3ms]
2025-08-09 15:35:33.808 [info] > git status -z -uall [15ms]
2025-08-09 15:35:40.320 [info] > git config --get commit.template [11ms]
2025-08-09 15:35:40.320 [info] > git for-each-ref --format=%(refname)%00%(upstream:short)%00%(objectname)%00%(upstream:track)%00%(upstream:remotename)%00%(upstream:remoteref) refs/heads/main refs/remotes/main [2ms]
2025-08-09 15:35:40.344 [info] > git for-each-ref --sort -committerdate --format %(refname)%00%(objectname)%00%(*objectname) [3ms]
2025-08-09 15:35:40.346 [info] > git status -z -uall [15ms]
2025-08-09 15:35:52.390 [info] > git config --get commit.template [10ms]
2025-08-09 15:35:52.392 [info] > git for-each-ref --format=%(refname)%00%(upstream:short)%00%(objectname)%00%(upstream:track)%00%(upstream:remotename)%00%(upstream:remoteref) refs/heads/main refs/remotes/main [3ms]
2025-08-09 15:35:52.410 [info] > git for-each-ref --sort -committerdate --format %(refname)%00%(objectname)%00%(*objectname) [2ms]
2025-08-09 15:35:52.414 [info] > git status -z -uall [14ms]
2025-08-09 15:36:04.932 [info] > git config --get commit.template [16ms]
2025-08-09 15:36:04.934 [info] > git for-each-ref --format=%(refname)%00%(upstream:short)%00%(objectname)%00%(upstream:track)%00%(upstream:remotename)%00%(upstream:remoteref) refs/heads/main refs/remotes/main [3ms]
2025-08-09 15:36:04.960 [info] > git for-each-ref --sort -committerdate --format %(refname)%00%(objectname)%00%(*objectname) [3ms]
2025-08-09 15:36:05.018 [info] > git status -z -uall [73ms]
2025-08-09 15:36:10.046 [info] > git config --get commit.template [13ms]
2025-08-09 15:36:10.048 [info] > git for-each-ref --format=%(refname)%00%(upstream:short)%00%(objectname)%00%(upstream:track)%00%(upstream:remotename)%00%(upstream:remoteref) refs/heads/main refs/remotes/main [3ms]
2025-08-09 15:36:10.068 [info] > git for-each-ref --sort -committerdate --format %(refname)%00%(objectname)%00%(*objectname) [3ms]
2025-08-09 15:36:10.072 [info] > git status -z -uall [15ms]
2025-08-09 15:36:14.871 [info] > git fetch [325ms]
2025-08-09 15:36:14.898 [info] > git config --get commit.template [14ms]
2025-08-09 15:36:14.900 [info] > git for-each-ref --format=%(refname)%00%(upstream:short)%00%(objectname)%00%(upstream:track)%00%(upstream:remotename)%00%(upstream:remoteref) refs/heads/main refs/remotes/main [3ms]
2025-08-09 15:36:14.926 [info] > git for-each-ref --sort -committerdate --format %(refname)%00%(objectname)%00%(*objectname) [3ms]
2025-08-09 15:36:14.927 [info] > git status -z -uall [15ms]
2025-08-09 15:36:15.101 [info] > git config --get commit.template [13ms]
2025-08-09 15:36:15.103 [info] > git for-each-ref --format=%(refname)%00%(upstream:short)%00%(objectname)%00%(upstream:track)%00%(upstream:remotename)%00%(upstream:remoteref) refs/heads/main refs/remotes/main [3ms]
2025-08-09 15:36:15.127 [info] > git for-each-ref --sort -committerdate --format %(refname)%00%(objectname)%00%(*objectname) [3ms]
2025-08-09 15:36:15.128 [info] > git status -z -uall [15ms]
2025-08-09 15:36:16.385 [info] > git ls-files --stage -- src/pages/index.astro [3ms]
2025-08-09 15:36:16.395 [info] > git cat-file -s 93d4a1368d83ae2b7b75995187e726ad019791c4 [2ms]
2025-08-09 15:36:16.516 [info] > git show --textconv :src/pages/index.astro [2ms]
2025-08-09 15:36:54.053 [info] > git config --get commit.template [10ms]
2025-08-09 15:36:54.054 [info] > git for-each-ref --format=%(refname)%00%(upstream:short)%00%(objectname)%00%(upstream:track)%00%(upstream:remotename)%00%(upstream:remoteref) refs/heads/main refs/remotes/main [2ms]
2025-08-09 15:36:54.074 [info] > git for-each-ref --sort -committerdate --format %(refname)%00%(objectname)%00%(*objectname) [2ms]
2025-08-09 15:36:54.078 [info] > git status -z -uall [15ms]
2025-08-09 15:37:18.002 [info] > git check-ignore -v -z --stdin [2ms]
2025-08-09 15:37:18.256 [info] > git config --get commit.template [11ms]
2025-08-09 15:37:18.258 [info] > git for-each-ref --format=%(refname)%00%(upstream:short)%00%(objectname)%00%(upstream:track)%00%(upstream:remotename)%00%(upstream:remoteref) refs/heads/main refs/remotes/main [3ms]
2025-08-09 15:37:18.282 [info] > git for-each-ref --sort -committerdate --format %(refname)%00%(objectname)%00%(*objectname) [3ms]
2025-08-09 15:37:18.284 [info] > git status -z -uall [15ms]
2025-08-09 15:37:51.914 [info] > git check-ignore -v -z --stdin [2ms]
2025-08-09 15:37:54.754 [info] > git check-ignore -v -z --stdin [2ms]
2025-08-09 15:37:57.998 [info] > git check-ignore -v -z --stdin [3ms]
2025-08-09 15:39:15.263 [info] > git fetch [319ms]
2025-08-09 15:39:15.284 [info] > git config --get commit.template [11ms]
2025-08-09 15:39:15.285 [info] > git for-each-ref --format=%(refname)%00%(upstream:short)%00%(objectname)%00%(upstream:track)%00%(upstream:remotename)%00%(upstream:remoteref) refs/heads/main refs/remotes/main [2ms]
2025-08-09 15:39:15.310 [info] > git for-each-ref --sort -committerdate --format %(refname)%00%(objectname)%00%(*objectname) [2ms]
2025-08-09 15:39:15.313 [info] > git status -z -uall [15ms]
2025-08-09 15:39:16.542 [info] > git config --get commit.template [12ms]
2025-08-09 15:39:16.544 [info] > git for-each-ref --format=%(refname)%00%(upstream:short)%00%(objectname)%00%(upstream:track)%00%(upstream:remotename)%00%(upstream:remoteref) refs/heads/main refs/remotes/main [3ms]
2025-08-09 15:39:16.565 [info] > git for-each-ref --sort -committerdate --format %(refname)%00%(objectname)%00%(*objectname) [2ms]
2025-08-09 15:39:16.569 [info] > git status -z -uall [16ms]
