2025-08-10 09:24:36.729 [info] [main] Log level: Info
2025-08-10 09:24:36.729 [info] [main] Validating found git in: "git"
2025-08-10 09:24:36.729 [info] [main] Using git "2.49.0" from "git"
2025-08-10 09:24:36.729 [info] [Model][doInitialScan] Initial repository scan started
2025-08-10 09:24:36.729 [info] > git rev-parse --show-toplevel [6ms]
2025-08-10 09:24:36.729 [info] > git rev-parse --git-dir --git-common-dir [112ms]
2025-08-10 09:24:36.729 [info] [Model][openRepository] Opened repository (path): /workspace/Website-starter
2025-08-10 09:24:36.729 [info] [Model][openRepository] Opened repository (real path): /workspace/Website-starter
2025-08-10 09:24:36.729 [info] > git rev-parse --show-toplevel [13ms]
2025-08-10 09:24:36.729 [info] > git config --get commit.template [19ms]
2025-08-10 09:24:36.729 [info] > git rev-parse --show-toplevel [18ms]
2025-08-10 09:24:36.729 [info] > git for-each-ref --format=%(refname)%00%(upstream:short)%00%(objectname)%00%(upstream:track)%00%(upstream:remotename)%00%(upstream:remoteref) refs/heads/main refs/remotes/main [13ms]
2025-08-10 09:24:36.729 [info] > git rev-parse --show-toplevel [276ms]
2025-08-10 09:24:36.729 [info] > git status -z -uall [3787ms]
2025-08-10 09:24:36.729 [info] > git rev-parse --show-toplevel [3771ms]
2025-08-10 09:24:36.729 [info] > git fetch [4204ms]
2025-08-10 09:24:36.730 [info] > git for-each-ref --sort -committerdate --format %(refname)%00%(objectname)%00%(*objectname) [3781ms] (cancelled)
2025-08-10 09:24:36.730 [info] > git for-each-ref --format=%(refname)%00%(upstream:short)%00%(objectname)%00%(upstream:track)%00%(upstream:remotename)%00%(upstream:remoteref) refs/heads/main refs/remotes/main [296ms]
2025-08-10 09:24:36.730 [info] > git config --get commit.template [17ms]
2025-08-10 09:24:36.730 [info] > git config --get commit.template [209ms]
2025-08-10 09:24:36.730 [info] > git rev-parse --show-toplevel [216ms]
2025-08-10 09:24:36.730 [info] > git config --get --local branch.main.vscode-merge-base [11ms]
2025-08-10 09:24:36.730 [info] > git rev-parse --show-toplevel [91ms]
2025-08-10 09:24:36.730 [info] > git for-each-ref --format=%(refname)%00%(upstream:short)%00%(objectname)%00%(upstream:track)%00%(upstream:remotename)%00%(upstream:remoteref) refs/heads/main refs/remotes/main [15ms]
2025-08-10 09:24:36.730 [info] > git for-each-ref --format=%(refname)%00%(upstream:short)%00%(objectname)%00%(upstream:track)%00%(upstream:remotename)%00%(upstream:remoteref) refs/heads/origin/main refs/remotes/origin/main [22ms]
2025-08-10 09:24:36.730 [info] > git rev-parse --show-toplevel [91ms]
2025-08-10 09:24:36.730 [info] [Model][doInitialScan] Initial repository scan completed - repositories (1), closed repositories (0), parent repositories (0), unsafe repositories (0)
2025-08-10 09:24:36.730 [info] > git for-each-ref --format=%(refname)%00%(upstream:short)%00%(objectname)%00%(upstream:track)%00%(upstream:remotename)%00%(upstream:remoteref) refs/heads/main refs/remotes/main [100ms]
2025-08-10 09:24:36.730 [info] > git merge-base refs/heads/main refs/remotes/origin/main [10ms]
2025-08-10 09:24:36.730 [info] > git diff --name-status -z --diff-filter=ADMR 0d7a3a898007be1d8200d8db99d59472a2da8d06...refs/remotes/origin/main [85ms]
2025-08-10 09:24:36.730 [info] > git merge-base refs/heads/main refs/remotes/origin/main [91ms]
2025-08-10 09:24:36.730 [info] > git for-each-ref --sort -committerdate --format %(refname)%00%(objectname)%00%(*objectname) [86ms]
2025-08-10 09:24:36.730 [info] > git status -z -uall [96ms]
2025-08-10 09:24:36.730 [info] > git diff --name-status -z --diff-filter=ADMR 0d7a3a898007be1d8200d8db99d59472a2da8d06...refs/remotes/origin/main [8ms]
2025-08-10 09:24:37.525 [info] > git check-ignore -v -z --stdin [81ms]
2025-08-10 09:24:43.158 [info] > git config --get --local branch.main.github-pr-owner-number [16ms]
2025-08-10 09:24:43.158 [warning] [Git][config] git config failed: Failed to execute git
2025-08-10 09:24:43.614 [info] > git check-ignore -v -z --stdin [72ms]
2025-08-10 09:25:03.205 [info] > git check-ignore -v -z --stdin [3ms]
2025-08-10 09:25:03.411 [info] > git config --get commit.template [10ms]
2025-08-10 09:25:03.413 [info] > git for-each-ref --format=%(refname)%00%(upstream:short)%00%(objectname)%00%(upstream:track)%00%(upstream:remotename)%00%(upstream:remoteref) refs/heads/main refs/remotes/main [3ms]
2025-08-10 09:25:03.431 [info] > git for-each-ref --sort -committerdate --format %(refname)%00%(objectname)%00%(*objectname) [3ms]
2025-08-10 09:25:03.436 [info] > git status -z -uall [15ms]
2025-08-10 09:27:36.781 [info] > git fetch [348ms]
2025-08-10 09:27:36.800 [info] > git config --get commit.template [8ms]
2025-08-10 09:27:36.801 [info] > git for-each-ref --format=%(refname)%00%(upstream:short)%00%(objectname)%00%(upstream:track)%00%(upstream:remotename)%00%(upstream:remoteref) refs/heads/main refs/remotes/main [2ms]
2025-08-10 09:27:36.823 [info] > git for-each-ref --sort -committerdate --format %(refname)%00%(objectname)%00%(*objectname) [3ms]
2025-08-10 09:27:36.826 [info] > git status -z -uall [15ms]
2025-08-10 09:27:38.028 [info] > git config --get commit.template [2ms]
2025-08-10 09:27:38.040 [info] > git for-each-ref --format=%(refname)%00%(upstream:short)%00%(objectname)%00%(upstream:track)%00%(upstream:remotename)%00%(upstream:remoteref) refs/heads/main refs/remotes/main [3ms]
2025-08-10 09:27:38.057 [info] > git for-each-ref --sort -committerdate --format %(refname)%00%(objectname)%00%(*objectname) [2ms]
2025-08-10 09:27:38.062 [info] > git status -z -uall [15ms]
2025-08-10 09:28:10.576 [info] > git config --get commit.template [10ms]
2025-08-10 09:28:10.578 [info] > git for-each-ref --format=%(refname)%00%(upstream:short)%00%(objectname)%00%(upstream:track)%00%(upstream:remotename)%00%(upstream:remoteref) refs/heads/main refs/remotes/main [3ms]
2025-08-10 09:28:10.602 [info] > git for-each-ref --sort -committerdate --format %(refname)%00%(objectname)%00%(*objectname) [4ms]
2025-08-10 09:28:10.607 [info] > git status -z -uall [19ms]
2025-08-10 09:28:12.057 [info] > git check-ignore -v -z --stdin [2ms]
2025-08-10 09:28:21.125 [info] > git check-ignore -v -z --stdin [3ms]
2025-08-10 09:28:21.677 [info] > git config --get commit.template [14ms]
2025-08-10 09:28:21.678 [info] > git for-each-ref --format=%(refname)%00%(upstream:short)%00%(objectname)%00%(upstream:track)%00%(upstream:remotename)%00%(upstream:remoteref) refs/heads/main refs/remotes/main [3ms]
2025-08-10 09:28:21.704 [info] > git for-each-ref --sort -committerdate --format %(refname)%00%(objectname)%00%(*objectname) [4ms]
2025-08-10 09:28:21.707 [info] > git status -z -uall [18ms]
2025-08-10 09:28:26.485 [info] > git check-ignore -v -z --stdin [2ms]
2025-08-10 09:28:53.738 [info] > git check-ignore -v -z --stdin [2ms]
2025-08-10 09:30:37.256 [info] > git fetch [412ms]
2025-08-10 09:30:37.298 [info] > git config --get commit.template [15ms]
2025-08-10 09:30:37.299 [info] > git for-each-ref --format=%(refname)%00%(upstream:short)%00%(objectname)%00%(upstream:track)%00%(upstream:remotename)%00%(upstream:remoteref) refs/heads/main refs/remotes/main [3ms]
2025-08-10 09:30:37.345 [info] > git status -z -uall [29ms]
2025-08-10 09:30:37.345 [info] > git for-each-ref --sort -committerdate --format %(refname)%00%(objectname)%00%(*objectname) [4ms]
2025-08-10 09:30:38.573 [info] > git config --get commit.template [32ms]
2025-08-10 09:30:38.578 [info] > git for-each-ref --format=%(refname)%00%(upstream:short)%00%(objectname)%00%(upstream:track)%00%(upstream:remotename)%00%(upstream:remoteref) refs/heads/main refs/remotes/main [6ms]
2025-08-10 09:30:38.618 [info] > git for-each-ref --sort -committerdate --format %(refname)%00%(objectname)%00%(*objectname) [10ms]
2025-08-10 09:30:38.627 [info] > git status -z -uall [33ms]
2025-08-10 09:30:47.943 [info] > git check-ignore -v -z --stdin [4ms]
2025-08-10 09:30:47.981 [info] > git config --get commit.template [15ms]
2025-08-10 09:30:47.982 [info] > git for-each-ref --format=%(refname)%00%(upstream:short)%00%(objectname)%00%(upstream:track)%00%(upstream:remotename)%00%(upstream:remoteref) refs/heads/main refs/remotes/main [3ms]
2025-08-10 09:30:48.010 [info] > git for-each-ref --sort -committerdate --format %(refname)%00%(objectname)%00%(*objectname) [3ms]
2025-08-10 09:30:48.014 [info] > git status -z -uall [20ms]
2025-08-10 09:32:18.680 [info] > git check-ignore -v -z --stdin [3ms]
2025-08-10 09:32:44.910 [info] > git config --get commit.template [13ms]
2025-08-10 09:32:44.912 [info] > git for-each-ref --format=%(refname)%00%(upstream:short)%00%(objectname)%00%(upstream:track)%00%(upstream:remotename)%00%(upstream:remoteref) refs/heads/main refs/remotes/main [4ms]
2025-08-10 09:32:44.950 [info] > git for-each-ref --sort -committerdate --format %(refname)%00%(objectname)%00%(*objectname) [3ms]
2025-08-10 09:32:44.959 [info] > git status -z -uall [28ms]
2025-08-10 09:32:46.506 [info] > git check-ignore -v -z --stdin [2ms]
2025-08-10 09:33:37.742 [info] > git fetch [376ms]
2025-08-10 09:33:37.766 [info] > git config --get commit.template [12ms]
2025-08-10 09:33:37.768 [info] > git for-each-ref --format=%(refname)%00%(upstream:short)%00%(objectname)%00%(upstream:track)%00%(upstream:remotename)%00%(upstream:remoteref) refs/heads/main refs/remotes/main [3ms]
2025-08-10 09:33:37.799 [info] > git for-each-ref --sort -committerdate --format %(refname)%00%(objectname)%00%(*objectname) [6ms]
2025-08-10 09:33:37.804 [info] > git status -z -uall [25ms]
2025-08-10 09:33:39.058 [info] > git config --get commit.template [10ms]
2025-08-10 09:33:39.060 [info] > git for-each-ref --format=%(refname)%00%(upstream:short)%00%(objectname)%00%(upstream:track)%00%(upstream:remotename)%00%(upstream:remoteref) refs/heads/main refs/remotes/main [3ms]
2025-08-10 09:33:39.080 [info] > git for-each-ref --sort -committerdate --format %(refname)%00%(objectname)%00%(*objectname) [4ms]
2025-08-10 09:33:39.084 [info] > git status -z -uall [16ms]
2025-08-10 09:33:59.766 [info] > git check-ignore -v -z --stdin [2ms]
2025-08-10 09:33:59.892 [info] > git config --get commit.template [12ms]
2025-08-10 09:33:59.894 [info] > git for-each-ref --format=%(refname)%00%(upstream:short)%00%(objectname)%00%(upstream:track)%00%(upstream:remotename)%00%(upstream:remoteref) refs/heads/main refs/remotes/main [3ms]
2025-08-10 09:33:59.921 [info] > git for-each-ref --sort -committerdate --format %(refname)%00%(objectname)%00%(*objectname) [4ms]
2025-08-10 09:33:59.924 [info] > git status -z -uall [18ms]
2025-08-10 09:35:18.152 [info] > git config --get commit.template [14ms]
2025-08-10 09:35:18.154 [info] > git for-each-ref --format=%(refname)%00%(upstream:short)%00%(objectname)%00%(upstream:track)%00%(upstream:remotename)%00%(upstream:remoteref) refs/heads/main refs/remotes/main [3ms]
2025-08-10 09:35:18.182 [info] > git for-each-ref --sort -committerdate --format %(refname)%00%(objectname)%00%(*objectname) [4ms]
2025-08-10 09:35:18.184 [info] > git status -z -uall [17ms]
2025-08-10 09:35:20.179 [info] > git check-ignore -v -z --stdin [2ms]
2025-08-10 09:35:44.311 [info] > git check-ignore -v -z --stdin [2ms]
2025-08-10 09:36:38.206 [info] > git fetch [378ms]
2025-08-10 09:36:38.232 [info] > git config --get commit.template [11ms]
2025-08-10 09:36:38.257 [info] > git for-each-ref --format=%(refname)%00%(upstream:short)%00%(objectname)%00%(upstream:track)%00%(upstream:remotename)%00%(upstream:remoteref) refs/heads/main refs/remotes/main [5ms]
2025-08-10 09:36:38.284 [info] > git for-each-ref --sort -committerdate --format %(refname)%00%(objectname)%00%(*objectname) [3ms]
2025-08-10 09:36:38.287 [info] > git status -z -uall [17ms]
2025-08-10 09:36:39.459 [info] > git config --get commit.template [2ms]
2025-08-10 09:36:39.472 [info] > git for-each-ref --format=%(refname)%00%(upstream:short)%00%(objectname)%00%(upstream:track)%00%(upstream:remotename)%00%(upstream:remoteref) refs/heads/main refs/remotes/main [2ms]
2025-08-10 09:36:39.491 [info] > git for-each-ref --sort -committerdate --format %(refname)%00%(objectname)%00%(*objectname) [3ms]
2025-08-10 09:36:39.495 [info] > git status -z -uall [15ms]
2025-08-10 09:38:00.996 [info] > git config --get commit.template [14ms]
2025-08-10 09:38:00.998 [info] > git for-each-ref --format=%(refname)%00%(upstream:short)%00%(objectname)%00%(upstream:track)%00%(upstream:remotename)%00%(upstream:remoteref) refs/heads/main refs/remotes/main [3ms]
2025-08-10 09:38:01.031 [info] > git for-each-ref --sort -committerdate --format %(refname)%00%(objectname)%00%(*objectname) [4ms]
2025-08-10 09:38:01.039 [info] > git status -z -uall [30ms]
2025-08-10 09:38:02.231 [info] > git check-ignore -v -z --stdin [4ms]
2025-08-10 09:38:27.621 [info] > git check-ignore -v -z --stdin [8ms]
2025-08-10 09:38:28.171 [info] > git config --get commit.template [12ms]
2025-08-10 09:38:28.175 [info] > git for-each-ref --format=%(refname)%00%(upstream:short)%00%(objectname)%00%(upstream:track)%00%(upstream:remotename)%00%(upstream:remoteref) refs/heads/main refs/remotes/main [5ms]
2025-08-10 09:38:28.200 [info] > git for-each-ref --sort -committerdate --format %(refname)%00%(objectname)%00%(*objectname) [4ms]
2025-08-10 09:38:28.204 [info] > git status -z -uall [18ms]
2025-08-10 09:38:31.502 [info] > git show --textconv :src/components/sections/landing/HeroSection.astro [13ms]
2025-08-10 09:38:31.504 [info] > git ls-files --stage -- src/components/sections/landing/HeroSection.astro [4ms]
2025-08-10 09:38:31.520 [info] > git cat-file -s 651d4ec772e9f1908a9a04cbe4abb909827b9701 [6ms]
2025-08-10 09:38:32.160 [info] > git blame --root --incremental 0d7a3a898007be1d8200d8db99d59472a2da8d06 -- src/components/sections/landing/HeroSection.astro [12ms]
2025-08-10 09:39:38.666 [info] > git fetch [362ms]
2025-08-10 09:39:38.696 [info] > git config --get commit.template [13ms]
2025-08-10 09:39:38.699 [info] > git for-each-ref --format=%(refname)%00%(upstream:short)%00%(objectname)%00%(upstream:track)%00%(upstream:remotename)%00%(upstream:remoteref) refs/heads/main refs/remotes/main [4ms]
2025-08-10 09:39:38.748 [info] > git status -z -uall [27ms]
2025-08-10 09:39:38.749 [info] > git for-each-ref --sort -committerdate --format %(refname)%00%(objectname)%00%(*objectname) [4ms]
2025-08-10 09:39:39.779 [info] > git check-ignore -v -z --stdin [3ms]
2025-08-10 09:39:40.065 [info] > git config --get commit.template [3ms]
2025-08-10 09:39:40.079 [info] > git for-each-ref --format=%(refname)%00%(upstream:short)%00%(objectname)%00%(upstream:track)%00%(upstream:remotename)%00%(upstream:remoteref) refs/heads/main refs/remotes/main [3ms]
2025-08-10 09:39:40.106 [info] > git for-each-ref --sort -committerdate --format %(refname)%00%(objectname)%00%(*objectname) [4ms]
2025-08-10 09:39:40.112 [info] > git status -z -uall [20ms]
2025-08-10 09:42:39.117 [info] > git fetch [354ms]
2025-08-10 09:42:39.138 [info] > git config --get commit.template [10ms]
2025-08-10 09:42:39.140 [info] > git for-each-ref --format=%(refname)%00%(upstream:short)%00%(objectname)%00%(upstream:track)%00%(upstream:remotename)%00%(upstream:remoteref) refs/heads/main refs/remotes/main [3ms]
2025-08-10 09:42:39.166 [info] > git for-each-ref --sort -committerdate --format %(refname)%00%(objectname)%00%(*objectname) [4ms]
2025-08-10 09:42:39.167 [info] > git status -z -uall [16ms]
2025-08-10 09:42:40.376 [info] > git config --get commit.template [11ms]
2025-08-10 09:42:40.376 [info] > git for-each-ref --format=%(refname)%00%(upstream:short)%00%(objectname)%00%(upstream:track)%00%(upstream:remotename)%00%(upstream:remoteref) refs/heads/main refs/remotes/main [3ms]
2025-08-10 09:42:40.397 [info] > git for-each-ref --sort -committerdate --format %(refname)%00%(objectname)%00%(*objectname) [3ms]
2025-08-10 09:42:40.403 [info] > git status -z -uall [18ms]
2025-08-10 09:46:23.595 [info] > git fetch [353ms]
2025-08-10 09:46:23.623 [info] > git config --get commit.template [14ms]
2025-08-10 09:46:23.626 [info] > git for-each-ref --format=%(refname)%00%(upstream:short)%00%(objectname)%00%(upstream:track)%00%(upstream:remotename)%00%(upstream:remoteref) refs/heads/main refs/remotes/main [4ms]
2025-08-10 09:46:23.656 [info] > git for-each-ref --sort -committerdate --format %(refname)%00%(objectname)%00%(*objectname) [3ms]
2025-08-10 09:46:23.658 [info] > git status -z -uall [18ms]
2025-08-10 09:46:24.856 [info] > git config --get commit.template [15ms]
2025-08-10 09:46:24.859 [info] > git for-each-ref --format=%(refname)%00%(upstream:short)%00%(objectname)%00%(upstream:track)%00%(upstream:remotename)%00%(upstream:remoteref) refs/heads/main refs/remotes/main [5ms]
2025-08-10 09:46:24.889 [info] > git for-each-ref --sort -committerdate --format %(refname)%00%(objectname)%00%(*objectname) [3ms]
2025-08-10 09:46:24.891 [info] > git status -z -uall [18ms]
2025-08-10 09:46:32.248 [info] > git config --get commit.template [0ms]
2025-08-10 09:46:32.272 [info] > git for-each-ref --format=%(refname)%00%(upstream:short)%00%(objectname)%00%(upstream:track)%00%(upstream:remotename)%00%(upstream:remoteref) refs/heads/main refs/remotes/main [4ms]
2025-08-10 09:46:32.301 [info] > git for-each-ref --sort -committerdate --format %(refname)%00%(objectname)%00%(*objectname) [4ms]
2025-08-10 09:46:32.305 [info] > git status -z -uall [19ms]
2025-08-10 09:48:24.536 [info] > git config --get commit.template [12ms]
2025-08-10 09:48:24.538 [info] > git for-each-ref --format=%(refname)%00%(upstream:short)%00%(objectname)%00%(upstream:track)%00%(upstream:remotename)%00%(upstream:remoteref) refs/heads/main refs/remotes/main [3ms]
2025-08-10 09:48:24.563 [info] > git for-each-ref --sort -committerdate --format %(refname)%00%(objectname)%00%(*objectname) [4ms]
2025-08-10 09:48:24.565 [info] > git status -z -uall [17ms]
2025-08-10 09:48:27.158 [info] > git check-ignore -v -z --stdin [3ms]
2025-08-10 09:48:46.213 [info] > git check-ignore -v -z --stdin [2ms]
2025-08-10 09:48:46.520 [info] > git config --get commit.template [14ms]
2025-08-10 09:48:46.521 [info] > git for-each-ref --format=%(refname)%00%(upstream:short)%00%(objectname)%00%(upstream:track)%00%(upstream:remotename)%00%(upstream:remoteref) refs/heads/main refs/remotes/main [3ms]
2025-08-10 09:48:46.549 [info] > git for-each-ref --sort -committerdate --format %(refname)%00%(objectname)%00%(*objectname) [3ms]
2025-08-10 09:48:46.554 [info] > git status -z -uall [19ms]
2025-08-10 09:49:24.035 [info] > git fetch [361ms]
2025-08-10 09:49:24.060 [info] > git config --get commit.template [11ms]
2025-08-10 09:49:24.064 [info] > git for-each-ref --format=%(refname)%00%(upstream:short)%00%(objectname)%00%(upstream:track)%00%(upstream:remotename)%00%(upstream:remoteref) refs/heads/main refs/remotes/main [4ms]
2025-08-10 09:49:24.084 [info] > git for-each-ref --sort -committerdate --format %(refname)%00%(objectname)%00%(*objectname) [4ms]
2025-08-10 09:49:24.088 [info] > git status -z -uall [16ms]
2025-08-10 09:49:25.268 [info] > git config --get commit.template [14ms]
2025-08-10 09:49:25.270 [info] > git for-each-ref --format=%(refname)%00%(upstream:short)%00%(objectname)%00%(upstream:track)%00%(upstream:remotename)%00%(upstream:remoteref) refs/heads/main refs/remotes/main [3ms]
2025-08-10 09:49:25.301 [info] > git for-each-ref --sort -committerdate --format %(refname)%00%(objectname)%00%(*objectname) [4ms]
2025-08-10 09:49:25.304 [info] > git status -z -uall [21ms]
2025-08-10 09:49:30.335 [info] > git config --get commit.template [13ms]
2025-08-10 09:49:30.336 [info] > git for-each-ref --format=%(refname)%00%(upstream:short)%00%(objectname)%00%(upstream:track)%00%(upstream:remotename)%00%(upstream:remoteref) refs/heads/main refs/remotes/main [3ms]
2025-08-10 09:49:30.372 [info] > git for-each-ref --sort -committerdate --format %(refname)%00%(objectname)%00%(*objectname) [4ms]
2025-08-10 09:49:30.375 [info] > git status -z -uall [22ms]
2025-08-10 09:51:59.579 [info] > git config --get commit.template [13ms]
2025-08-10 09:51:59.581 [info] > git for-each-ref --format=%(refname)%00%(upstream:short)%00%(objectname)%00%(upstream:track)%00%(upstream:remotename)%00%(upstream:remoteref) refs/heads/main refs/remotes/main [3ms]
2025-08-10 09:51:59.607 [info] > git for-each-ref --sort -committerdate --format %(refname)%00%(objectname)%00%(*objectname) [4ms]
2025-08-10 09:51:59.611 [info] > git status -z -uall [18ms]
2025-08-10 09:52:01.128 [info] > git check-ignore -v -z --stdin [5ms]
2025-08-10 09:52:10.398 [info] > git config --get commit.template [18ms]
2025-08-10 09:52:10.400 [info] > git for-each-ref --format=%(refname)%00%(upstream:short)%00%(objectname)%00%(upstream:track)%00%(upstream:remotename)%00%(upstream:remoteref) refs/heads/main refs/remotes/main [3ms]
2025-08-10 09:52:10.429 [info] > git for-each-ref --sort -committerdate --format %(refname)%00%(objectname)%00%(*objectname) [4ms]
2025-08-10 09:52:10.435 [info] > git status -z -uall [24ms]
2025-08-10 09:52:19.894 [info] > git config --get commit.template [5ms]
2025-08-10 09:52:19.920 [info] > git for-each-ref --format=%(refname)%00%(upstream:short)%00%(objectname)%00%(upstream:track)%00%(upstream:remotename)%00%(upstream:remoteref) refs/heads/main refs/remotes/main [7ms]
2025-08-10 09:52:19.965 [info] > git status -z -uall [24ms]
2025-08-10 09:52:19.966 [info] > git for-each-ref --sort -committerdate --format %(refname)%00%(objectname)%00%(*objectname) [5ms]
2025-08-10 09:52:24.469 [info] > git fetch [368ms]
2025-08-10 09:52:24.495 [info] > git config --get commit.template [11ms]
2025-08-10 09:52:24.498 [info] > git for-each-ref --format=%(refname)%00%(upstream:short)%00%(objectname)%00%(upstream:track)%00%(upstream:remotename)%00%(upstream:remoteref) refs/heads/main refs/remotes/main [3ms]
2025-08-10 09:52:24.536 [info] > git status -z -uall [28ms]
2025-08-10 09:52:24.536 [info] > git for-each-ref --sort -committerdate --format %(refname)%00%(objectname)%00%(*objectname) [8ms]
2025-08-10 09:52:25.774 [info] > git config --get commit.template [14ms]
2025-08-10 09:52:25.777 [info] > git for-each-ref --format=%(refname)%00%(upstream:short)%00%(objectname)%00%(upstream:track)%00%(upstream:remotename)%00%(upstream:remoteref) refs/heads/main refs/remotes/main [3ms]
2025-08-10 09:52:25.803 [info] > git for-each-ref --sort -committerdate --format %(refname)%00%(objectname)%00%(*objectname) [3ms]
2025-08-10 09:52:25.805 [info] > git status -z -uall [16ms]
2025-08-10 09:52:50.198 [info] > git config --get commit.template [13ms]
2025-08-10 09:52:50.198 [info] > git for-each-ref --format=%(refname)%00%(upstream:short)%00%(objectname)%00%(upstream:track)%00%(upstream:remotename)%00%(upstream:remoteref) refs/heads/main refs/remotes/main [3ms]
2025-08-10 09:52:50.223 [info] > git for-each-ref --sort -committerdate --format %(refname)%00%(objectname)%00%(*objectname) [3ms]
2025-08-10 09:52:50.226 [info] > git status -z -uall [16ms]
2025-08-10 09:52:55.334 [info] > git check-ignore -v -z --stdin [4ms]
2025-08-10 09:53:07.354 [info] > git config --get commit.template [3ms]
2025-08-10 09:53:07.369 [info] > git for-each-ref --format=%(refname)%00%(upstream:short)%00%(objectname)%00%(upstream:track)%00%(upstream:remotename)%00%(upstream:remoteref) refs/heads/main refs/remotes/main [3ms]
2025-08-10 09:53:07.394 [info] > git for-each-ref --sort -committerdate --format %(refname)%00%(objectname)%00%(*objectname) [3ms]
2025-08-10 09:53:07.397 [info] > git status -z -uall [17ms]
2025-08-10 09:57:16.233 [info] > git fetch [336ms]
2025-08-10 09:57:16.247 [info] > git config --get commit.template [2ms]
2025-08-10 09:57:16.262 [info] > git for-each-ref --format=%(refname)%00%(upstream:short)%00%(objectname)%00%(upstream:track)%00%(upstream:remotename)%00%(upstream:remoteref) refs/heads/main refs/remotes/main [2ms]
2025-08-10 09:57:16.291 [info] > git for-each-ref --sort -committerdate --format %(refname)%00%(objectname)%00%(*objectname) [3ms]
2025-08-10 09:57:16.296 [info] > git status -z -uall [22ms]
2025-08-10 09:57:17.567 [info] > git config --get commit.template [17ms]
2025-08-10 09:57:17.569 [info] > git for-each-ref --format=%(refname)%00%(upstream:short)%00%(objectname)%00%(upstream:track)%00%(upstream:remotename)%00%(upstream:remoteref) refs/heads/main refs/remotes/main [3ms]
2025-08-10 09:57:17.596 [info] > git for-each-ref --sort -committerdate --format %(refname)%00%(objectname)%00%(*objectname) [4ms]
2025-08-10 09:57:17.599 [info] > git status -z -uall [19ms]
2025-08-10 09:57:50.787 [info] > git check-ignore -v -z --stdin [2ms]
2025-08-10 09:57:51.123 [info] > git config --get commit.template [11ms]
2025-08-10 09:57:51.125 [info] > git for-each-ref --format=%(refname)%00%(upstream:short)%00%(objectname)%00%(upstream:track)%00%(upstream:remotename)%00%(upstream:remoteref) refs/heads/main refs/remotes/main [3ms]
2025-08-10 09:57:51.145 [info] > git for-each-ref --sort -committerdate --format %(refname)%00%(objectname)%00%(*objectname) [3ms]
2025-08-10 09:57:51.149 [info] > git status -z -uall [15ms]
2025-08-10 09:58:01.635 [info] > git config --get commit.template [14ms]
2025-08-10 09:58:01.637 [info] > git for-each-ref --format=%(refname)%00%(upstream:short)%00%(objectname)%00%(upstream:track)%00%(upstream:remotename)%00%(upstream:remoteref) refs/heads/main refs/remotes/main [3ms]
2025-08-10 09:58:01.665 [info] > git for-each-ref --sort -committerdate --format %(refname)%00%(objectname)%00%(*objectname) [4ms]
2025-08-10 09:58:01.670 [info] > git status -z -uall [21ms]
2025-08-10 09:58:15.873 [info] > git check-ignore -v -z --stdin [3ms]
2025-08-10 09:58:16.255 [info] > git config --get commit.template [12ms]
2025-08-10 09:58:16.257 [info] > git for-each-ref --format=%(refname)%00%(upstream:short)%00%(objectname)%00%(upstream:track)%00%(upstream:remotename)%00%(upstream:remoteref) refs/heads/main refs/remotes/main [3ms]
2025-08-10 09:58:16.285 [info] > git for-each-ref --sort -committerdate --format %(refname)%00%(objectname)%00%(*objectname) [5ms]
2025-08-10 09:58:16.286 [info] > git status -z -uall [18ms]
2025-08-10 09:59:46.194 [info] > git check-ignore -v -z --stdin [2ms]
2025-08-10 09:59:46.357 [info] > git config --get commit.template [10ms]
2025-08-10 09:59:46.359 [info] > git for-each-ref --format=%(refname)%00%(upstream:short)%00%(objectname)%00%(upstream:track)%00%(upstream:remotename)%00%(upstream:remoteref) refs/heads/main refs/remotes/main [3ms]
2025-08-10 09:59:46.384 [info] > git for-each-ref --sort -committerdate --format %(refname)%00%(objectname)%00%(*objectname) [3ms]
2025-08-10 09:59:46.388 [info] > git status -z -uall [17ms]
2025-08-10 10:00:12.104 [info] > git config --get commit.template [8ms]
2025-08-10 10:00:12.106 [info] > git for-each-ref --format=%(refname)%00%(upstream:short)%00%(objectname)%00%(upstream:track)%00%(upstream:remotename)%00%(upstream:remoteref) refs/heads/main refs/remotes/main [2ms]
2025-08-10 10:00:12.126 [info] > git for-each-ref --sort -committerdate --format %(refname)%00%(objectname)%00%(*objectname) [3ms]
2025-08-10 10:00:12.136 [info] > git status -z -uall [21ms]
2025-08-10 10:00:13.497 [info] > git check-ignore -v -z --stdin [3ms]
2025-08-10 10:00:16.659 [info] > git fetch [347ms]
2025-08-10 10:00:16.683 [info] > git config --get commit.template [13ms]
2025-08-10 10:00:16.686 [info] > git for-each-ref --format=%(refname)%00%(upstream:short)%00%(objectname)%00%(upstream:track)%00%(upstream:remotename)%00%(upstream:remoteref) refs/heads/main refs/remotes/main [3ms]
2025-08-10 10:00:16.709 [info] > git for-each-ref --sort -committerdate --format %(refname)%00%(objectname)%00%(*objectname) [3ms]
2025-08-10 10:00:16.713 [info] > git status -z -uall [17ms]
2025-08-10 10:00:17.912 [info] > git config --get commit.template [13ms]
2025-08-10 10:00:17.914 [info] > git for-each-ref --format=%(refname)%00%(upstream:short)%00%(objectname)%00%(upstream:track)%00%(upstream:remotename)%00%(upstream:remoteref) refs/heads/main refs/remotes/main [3ms]
2025-08-10 10:00:17.940 [info] > git for-each-ref --sort -committerdate --format %(refname)%00%(objectname)%00%(*objectname) [4ms]
2025-08-10 10:00:17.943 [info] > git status -z -uall [17ms]
2025-08-10 10:00:27.552 [info] > git config --get commit.template [17ms]
2025-08-10 10:00:27.553 [info] > git for-each-ref --format=%(refname)%00%(upstream:short)%00%(objectname)%00%(upstream:track)%00%(upstream:remotename)%00%(upstream:remoteref) refs/heads/main refs/remotes/main [4ms]
2025-08-10 10:00:27.584 [info] > git for-each-ref --sort -committerdate --format %(refname)%00%(objectname)%00%(*objectname) [4ms]
2025-08-10 10:00:27.586 [info] > git status -z -uall [19ms]
2025-08-10 10:00:33.936 [info] > git check-ignore -v -z --stdin [3ms]
2025-08-10 10:00:39.898 [info] > git config --get commit.template [16ms]
2025-08-10 10:00:39.900 [info] > git for-each-ref --format=%(refname)%00%(upstream:short)%00%(objectname)%00%(upstream:track)%00%(upstream:remotename)%00%(upstream:remoteref) refs/heads/main refs/remotes/main [4ms]
2025-08-10 10:00:39.926 [info] > git for-each-ref --sort -committerdate --format %(refname)%00%(objectname)%00%(*objectname) [3ms]
2025-08-10 10:00:39.934 [info] > git status -z -uall [22ms]
2025-08-10 10:03:17.080 [info] > git fetch [350ms]
2025-08-10 10:03:17.104 [info] > git config --get commit.template [12ms]
2025-08-10 10:03:17.107 [info] > git for-each-ref --format=%(refname)%00%(upstream:short)%00%(objectname)%00%(upstream:track)%00%(upstream:remotename)%00%(upstream:remoteref) refs/heads/main refs/remotes/main [4ms]
2025-08-10 10:03:17.138 [info] > git for-each-ref --sort -committerdate --format %(refname)%00%(objectname)%00%(*objectname) [4ms]
2025-08-10 10:03:17.139 [info] > git status -z -uall [19ms]
2025-08-10 10:03:18.364 [info] > git config --get commit.template [17ms]
2025-08-10 10:03:18.365 [info] > git for-each-ref --format=%(refname)%00%(upstream:short)%00%(objectname)%00%(upstream:track)%00%(upstream:remotename)%00%(upstream:remoteref) refs/heads/main refs/remotes/main [4ms]
2025-08-10 10:03:18.398 [info] > git for-each-ref --sort -committerdate --format %(refname)%00%(objectname)%00%(*objectname) [4ms]
2025-08-10 10:03:18.399 [info] > git status -z -uall [20ms]
2025-08-10 10:03:23.431 [info] > git config --get commit.template [6ms]
2025-08-10 10:03:23.446 [info] > git for-each-ref --format=%(refname)%00%(upstream:short)%00%(objectname)%00%(upstream:track)%00%(upstream:remotename)%00%(upstream:remoteref) refs/heads/main refs/remotes/main [3ms]
2025-08-10 10:03:23.471 [info] > git for-each-ref --sort -committerdate --format %(refname)%00%(objectname)%00%(*objectname) [4ms]
2025-08-10 10:03:23.473 [info] > git status -z -uall [16ms]
2025-08-10 10:03:36.652 [info] > git config --get commit.template [14ms]
2025-08-10 10:03:36.654 [info] > git for-each-ref --format=%(refname)%00%(upstream:short)%00%(objectname)%00%(upstream:track)%00%(upstream:remotename)%00%(upstream:remoteref) refs/heads/main refs/remotes/main [3ms]
2025-08-10 10:03:36.686 [info] > git for-each-ref --sort -committerdate --format %(refname)%00%(objectname)%00%(*objectname) [4ms]
2025-08-10 10:03:36.692 [info] > git status -z -uall [23ms]
2025-08-10 10:03:41.715 [info] > git config --get commit.template [9ms]
2025-08-10 10:03:41.717 [info] > git for-each-ref --format=%(refname)%00%(upstream:short)%00%(objectname)%00%(upstream:track)%00%(upstream:remotename)%00%(upstream:remoteref) refs/heads/main refs/remotes/main [2ms]
2025-08-10 10:03:41.744 [info] > git for-each-ref --sort -committerdate --format %(refname)%00%(objectname)%00%(*objectname) [4ms]
2025-08-10 10:03:41.744 [info] > git status -z -uall [17ms]
2025-08-10 10:03:46.776 [info] > git config --get commit.template [15ms]
2025-08-10 10:03:46.779 [info] > git for-each-ref --format=%(refname)%00%(upstream:short)%00%(objectname)%00%(upstream:track)%00%(upstream:remotename)%00%(upstream:remoteref) refs/heads/main refs/remotes/main [4ms]
2025-08-10 10:03:46.808 [info] > git for-each-ref --sort -committerdate --format %(refname)%00%(objectname)%00%(*objectname) [4ms]
2025-08-10 10:03:46.809 [info] > git status -z -uall [19ms]
2025-08-10 10:03:51.829 [info] > git config --get commit.template [3ms]
2025-08-10 10:03:51.843 [info] > git for-each-ref --format=%(refname)%00%(upstream:short)%00%(objectname)%00%(upstream:track)%00%(upstream:remotename)%00%(upstream:remoteref) refs/heads/main refs/remotes/main [3ms]
2025-08-10 10:03:51.868 [info] > git for-each-ref --sort -committerdate --format %(refname)%00%(objectname)%00%(*objectname) [3ms]
2025-08-10 10:03:51.874 [info] > git status -z -uall [19ms]
2025-08-10 10:03:56.902 [info] > git config --get commit.template [12ms]
2025-08-10 10:03:56.904 [info] > git for-each-ref --format=%(refname)%00%(upstream:short)%00%(objectname)%00%(upstream:track)%00%(upstream:remotename)%00%(upstream:remoteref) refs/heads/main refs/remotes/main [3ms]
2025-08-10 10:03:56.927 [info] > git for-each-ref --sort -committerdate --format %(refname)%00%(objectname)%00%(*objectname) [4ms]
2025-08-10 10:03:56.930 [info] > git status -z -uall [18ms]
2025-08-10 10:04:02.877 [info] > git config --get commit.template [11ms]
2025-08-10 10:04:02.878 [info] > git for-each-ref --format=%(refname)%00%(upstream:short)%00%(objectname)%00%(upstream:track)%00%(upstream:remotename)%00%(upstream:remoteref) refs/heads/main refs/remotes/main [3ms]
2025-08-10 10:04:02.904 [info] > git for-each-ref --sort -committerdate --format %(refname)%00%(objectname)%00%(*objectname) [4ms]
2025-08-10 10:04:02.906 [info] > git status -z -uall [18ms]
2025-08-10 10:04:11.888 [info] > git config --get commit.template [14ms]
2025-08-10 10:04:11.890 [info] > git for-each-ref --format=%(refname)%00%(upstream:short)%00%(objectname)%00%(upstream:track)%00%(upstream:remotename)%00%(upstream:remoteref) refs/heads/main refs/remotes/main [3ms]
2025-08-10 10:04:11.920 [info] > git for-each-ref --sort -committerdate --format %(refname)%00%(objectname)%00%(*objectname) [5ms]
2025-08-10 10:04:11.921 [info] > git status -z -uall [18ms]
2025-08-10 10:04:16.948 [info] > git config --get commit.template [11ms]
2025-08-10 10:04:16.950 [info] > git for-each-ref --format=%(refname)%00%(upstream:short)%00%(objectname)%00%(upstream:track)%00%(upstream:remotename)%00%(upstream:remoteref) refs/heads/main refs/remotes/main [3ms]
2025-08-10 10:04:16.979 [info] > git for-each-ref --sort -committerdate --format %(refname)%00%(objectname)%00%(*objectname) [4ms]
2025-08-10 10:04:16.980 [info] > git status -z -uall [19ms]
2025-08-10 10:04:22.009 [info] > git config --get commit.template [12ms]
2025-08-10 10:04:22.011 [info] > git for-each-ref --format=%(refname)%00%(upstream:short)%00%(objectname)%00%(upstream:track)%00%(upstream:remotename)%00%(upstream:remoteref) refs/heads/main refs/remotes/main [3ms]
2025-08-10 10:04:22.033 [info] > git for-each-ref --sort -committerdate --format %(refname)%00%(objectname)%00%(*objectname) [3ms]
2025-08-10 10:04:22.037 [info] > git status -z -uall [17ms]
2025-08-10 10:04:27.066 [info] > git config --get commit.template [13ms]
2025-08-10 10:04:27.069 [info] > git for-each-ref --format=%(refname)%00%(upstream:short)%00%(objectname)%00%(upstream:track)%00%(upstream:remotename)%00%(upstream:remoteref) refs/heads/main refs/remotes/main [4ms]
2025-08-10 10:04:27.094 [info] > git for-each-ref --sort -committerdate --format %(refname)%00%(objectname)%00%(*objectname) [4ms]
2025-08-10 10:04:27.098 [info] > git status -z -uall [18ms]
2025-08-10 10:04:32.136 [info] > git config --get commit.template [17ms]
2025-08-10 10:04:32.139 [info] > git for-each-ref --format=%(refname)%00%(upstream:short)%00%(objectname)%00%(upstream:track)%00%(upstream:remotename)%00%(upstream:remoteref) refs/heads/main refs/remotes/main [4ms]
2025-08-10 10:04:32.185 [info] > git for-each-ref --sort -committerdate --format %(refname)%00%(objectname)%00%(*objectname) [4ms]
2025-08-10 10:04:32.196 [info] > git status -z -uall [38ms]
2025-08-10 10:04:59.507 [info] > git config --get commit.template [15ms]
2025-08-10 10:04:59.511 [info] > git for-each-ref --format=%(refname)%00%(upstream:short)%00%(objectname)%00%(upstream:track)%00%(upstream:remotename)%00%(upstream:remoteref) refs/heads/main refs/remotes/main [5ms]
2025-08-10 10:04:59.542 [info] > git for-each-ref --sort -committerdate --format %(refname)%00%(objectname)%00%(*objectname) [4ms]
2025-08-10 10:04:59.547 [info] > git status -z -uall [23ms]
2025-08-10 10:05:04.576 [info] > git config --get commit.template [10ms]
2025-08-10 10:05:04.578 [info] > git for-each-ref --format=%(refname)%00%(upstream:short)%00%(objectname)%00%(upstream:track)%00%(upstream:remotename)%00%(upstream:remoteref) refs/heads/main refs/remotes/main [3ms]
2025-08-10 10:05:04.614 [info] > git for-each-ref --sort -committerdate --format %(refname)%00%(objectname)%00%(*objectname) [9ms]
2025-08-10 10:05:04.617 [info] > git status -z -uall [26ms]
2025-08-10 10:05:09.649 [info] > git config --get commit.template [15ms]
2025-08-10 10:05:09.651 [info] > git for-each-ref --format=%(refname)%00%(upstream:short)%00%(objectname)%00%(upstream:track)%00%(upstream:remotename)%00%(upstream:remoteref) refs/heads/main refs/remotes/main [3ms]
2025-08-10 10:05:09.679 [info] > git for-each-ref --sort -committerdate --format %(refname)%00%(objectname)%00%(*objectname) [3ms]
2025-08-10 10:05:09.682 [info] > git status -z -uall [18ms]
2025-08-10 10:05:34.368 [info] > git config --get commit.template [14ms]
2025-08-10 10:05:34.369 [info] > git for-each-ref --format=%(refname)%00%(upstream:short)%00%(objectname)%00%(upstream:track)%00%(upstream:remotename)%00%(upstream:remoteref) refs/heads/main refs/remotes/main [3ms]
2025-08-10 10:05:34.396 [info] > git for-each-ref --sort -committerdate --format %(refname)%00%(objectname)%00%(*objectname) [3ms]
2025-08-10 10:05:34.397 [info] > git status -z -uall [17ms]
2025-08-10 10:05:39.422 [info] > git config --get commit.template [10ms]
2025-08-10 10:05:39.424 [info] > git for-each-ref --format=%(refname)%00%(upstream:short)%00%(objectname)%00%(upstream:track)%00%(upstream:remotename)%00%(upstream:remoteref) refs/heads/main refs/remotes/main [3ms]
2025-08-10 10:05:39.445 [info] > git for-each-ref --sort -committerdate --format %(refname)%00%(objectname)%00%(*objectname) [3ms]
2025-08-10 10:05:39.449 [info] > git status -z -uall [15ms]
2025-08-10 10:05:44.474 [info] > git config --get commit.template [11ms]
2025-08-10 10:05:44.476 [info] > git for-each-ref --format=%(refname)%00%(upstream:short)%00%(objectname)%00%(upstream:track)%00%(upstream:remotename)%00%(upstream:remoteref) refs/heads/main refs/remotes/main [3ms]
2025-08-10 10:05:44.499 [info] > git for-each-ref --sort -committerdate --format %(refname)%00%(objectname)%00%(*objectname) [4ms]
2025-08-10 10:05:44.502 [info] > git status -z -uall [17ms]
2025-08-10 10:05:49.532 [info] > git config --get commit.template [11ms]
2025-08-10 10:05:49.533 [info] > git for-each-ref --format=%(refname)%00%(upstream:short)%00%(objectname)%00%(upstream:track)%00%(upstream:remotename)%00%(upstream:remoteref) refs/heads/main refs/remotes/main [3ms]
2025-08-10 10:05:49.553 [info] > git for-each-ref --sort -committerdate --format %(refname)%00%(objectname)%00%(*objectname) [3ms]
2025-08-10 10:05:49.564 [info] > git status -z -uall [23ms]
2025-08-10 10:06:15.718 [info] > git config --get commit.template [21ms]
2025-08-10 10:06:15.721 [info] > git for-each-ref --format=%(refname)%00%(upstream:short)%00%(objectname)%00%(upstream:track)%00%(upstream:remotename)%00%(upstream:remoteref) refs/heads/main refs/remotes/main [5ms]
2025-08-10 10:06:15.785 [info] > git for-each-ref --sort -committerdate --format %(refname)%00%(objectname)%00%(*objectname) [4ms]
2025-08-10 10:06:15.795 [info] > git status -z -uall [28ms]
2025-08-10 10:06:17.610 [info] > git fetch [440ms]
2025-08-10 10:06:17.654 [info] > git config --get commit.template [25ms]
2025-08-10 10:06:17.657 [info] > git for-each-ref --format=%(refname)%00%(upstream:short)%00%(objectname)%00%(upstream:track)%00%(upstream:remotename)%00%(upstream:remoteref) refs/heads/main refs/remotes/main [4ms]
2025-08-10 10:06:17.696 [info] > git status -z -uall [20ms]
2025-08-10 10:06:17.699 [info] > git for-each-ref --sort -committerdate --format %(refname)%00%(objectname)%00%(*objectname) [6ms]
2025-08-10 10:06:20.838 [info] > git config --get commit.template [26ms]
2025-08-10 10:06:20.844 [info] > git for-each-ref --format=%(refname)%00%(upstream:short)%00%(objectname)%00%(upstream:track)%00%(upstream:remotename)%00%(upstream:remoteref) refs/heads/main refs/remotes/main [7ms]
2025-08-10 10:06:20.890 [info] > git for-each-ref --sort -committerdate --format %(refname)%00%(objectname)%00%(*objectname) [8ms]
2025-08-10 10:06:20.891 [info] > git status -z -uall [23ms]
2025-08-10 10:06:25.926 [info] > git config --get commit.template [17ms]
2025-08-10 10:06:25.931 [info] > git for-each-ref --format=%(refname)%00%(upstream:short)%00%(objectname)%00%(upstream:track)%00%(upstream:remotename)%00%(upstream:remoteref) refs/heads/main refs/remotes/main [6ms]
2025-08-10 10:06:25.976 [info] > git for-each-ref --sort -committerdate --format %(refname)%00%(objectname)%00%(*objectname) [4ms]
2025-08-10 10:06:25.980 [info] > git status -z -uall [20ms]
2025-08-10 10:06:36.722 [info] > git config --get commit.template [13ms]
2025-08-10 10:06:36.726 [info] > git for-each-ref --format=%(refname)%00%(upstream:short)%00%(objectname)%00%(upstream:track)%00%(upstream:remotename)%00%(upstream:remoteref) refs/heads/main refs/remotes/main [5ms]
2025-08-10 10:06:36.759 [info] > git for-each-ref --sort -committerdate --format %(refname)%00%(objectname)%00%(*objectname) [4ms]
2025-08-10 10:06:36.763 [info] > git status -z -uall [19ms]
2025-08-10 10:06:51.840 [info] > git config --get commit.template [14ms]
2025-08-10 10:06:51.843 [info] > git for-each-ref --format=%(refname)%00%(upstream:short)%00%(objectname)%00%(upstream:track)%00%(upstream:remotename)%00%(upstream:remoteref) refs/heads/main refs/remotes/main [3ms]
2025-08-10 10:06:51.870 [info] > git status -z -uall [16ms]
2025-08-10 10:06:51.870 [info] > git for-each-ref --sort -committerdate --format %(refname)%00%(objectname)%00%(*objectname) [4ms]
