2025-08-08 09:17:24.838 [info] Log level: Info
2025-08-08 09:17:24.838 [info] VSCODE_MACHINE_ID: 10d3d877-fe56-442f-a117-f9035039c6e9
2025-08-08 09:17:24.838 [info] VSCODE_SESSION_ID: 82d5a601-d2a7-4c05-870b-ab1e38c62f461754644636760
2025-08-08 09:17:24.838 [info] VSCODE_VERSION: 1.102.3
2025-08-08 09:17:24.838 [info] VSCODE_APP_NAME: Gitpod Code
2025-08-08 09:17:24.838 [info] VSCODE_APP_HOST: Gitpod
2025-08-08 09:17:24.838 [info] VSCODE_UI_KIND: web
2025-08-08 09:17:24.838 [info] GITPOD_WORKSPACE_CONTEXT_URL: https://github.com/Abdallah-Develop/Website-starter
2025-08-08 09:17:24.838 [info] GITPOD_INSTANCE_ID: 6e8c512a-59d9-465c-b77d-9c6a17f57fce
2025-08-08 09:17:24.838 [info] GITPOD_WORKSPACE_URL: https://abdallahdev-websitestar-esjdme0laxn.ws-eu120.gitpod.io
2025-08-08 09:17:24.838 [info] Gitpod Web 3953e81
2025-08-08 09:17:24.838 [info] Reading sessions from keychain...
2025-08-08 09:17:27.655 [info] Got stored sessions!
2025-08-08 09:17:27.655 [info] Verified session with the following scopes: function:accessCodeSyncStorage function:closePort function:controlAdmission function:deleteEnvVar function:generateNewGitpodToken function:getDefaultWorkspaceImage function:getGitpodTokenScopes function:getIDToken function:getLoggedInUser function:getOpenPorts function:getSupportedWorkspaceClasses function:getTeams function:getToken function:getWorkspace function:getWorkspaceEnvVars function:getWorkspaceOwner function:getWorkspaceTimeout function:getWorkspaceUsers function:guessGitTokenScopes function:isWorkspaceOwner function:openPort function:sendHeartBeat function:setEnvVar function:setWorkspaceTimeout function:stopWorkspace function:takeSnapshot function:trackEvent function:updateGitStatus function:waitForSnapshot resource:contentBlob::*::create/get resource:envVar::*/**::update resource:envVar::*/*::update resource:envVar::Abdallah-Develop/Website-starter::create/get/update/delete resource:gitpodToken::*::create resource:snapshot::ws-abdallahdev-websitestar-esjdme0laxn::create resource:token::*::get resource:userStorage::*::create/get/update resource:workspace::abdallahdev-websitestar-esjdme0laxn::get/update resource:workspaceInstance::6e8c512a-59d9-465c-b77d-9c6a17f57fce::get/update/delete
2025-08-08 09:17:27.655 [info] Got 1 verified sessions.
2025-08-08 09:17:27.655 [info] Getting sessions for all scopes...
2025-08-08 09:17:27.655 [info] Getting GitHub sessions for all scopes...
2025-08-08 09:17:27.655 [info] Got 1 sessions for all scopes...
2025-08-08 09:17:27.655 [info] Getting sessions for all scopes...
2025-08-08 09:17:27.655 [info] Got 1 sessions for all scopes...
2025-08-08 09:17:27.655 [info] Getting sessions for all scopes...
2025-08-08 09:17:27.655 [info] Got 1 sessions for all scopes...
2025-08-08 09:17:27.659 [info] Getting sessions for function:accessCodeSyncStorage...
2025-08-08 09:17:27.659 [info] Got 1 sessions for function:accessCodeSyncStorage...
2025-08-08 09:17:29.878 [info] Getting sessions for all scopes...
2025-08-08 09:17:29.878 [info] Got 1 sessions for all scopes...
2025-08-08 09:17:29.902 [info] Got 1 GitHub sessions for all scopes...
2025-08-08 09:17:29.902 [info] Getting GitHub sessions for all scopes...
2025-08-08 09:17:29.902 [info] Got 1 GitHub sessions for all scopes...
2025-08-08 09:17:29.902 [info] Getting GitHub sessions for all scopes...
2025-08-08 09:17:29.902 [info] Got 1 GitHub sessions for all scopes...
2025-08-08 09:17:30.855 [info] Getting GitHub sessions for read:user,repo,user:email,workflow...
2025-08-08 09:17:30.855 [info] Got 0 GitHub sessions for read:user,repo,user:email,workflow...
2025-08-08 09:17:31.036 [info] Getting sessions for all scopes...
2025-08-08 09:17:31.036 [info] Getting GitHub sessions for all scopes...
2025-08-08 09:17:31.036 [info] Got 1 sessions for all scopes...
2025-08-08 09:17:31.036 [info] Got 1 GitHub sessions for all scopes...
2025-08-08 09:17:31.421 [info] Getting GitHub sessions for all scopes...
2025-08-08 09:17:31.421 [info] Got 1 GitHub sessions for all scopes...
2025-08-08 09:17:32.124 [info] Getting sessions for all scopes...
2025-08-08 09:17:32.124 [info] Getting GitHub sessions for all scopes...
2025-08-08 09:17:32.124 [info] Got 1 sessions for all scopes...
2025-08-08 09:17:32.124 [info] Got 1 GitHub sessions for all scopes...
2025-08-08 09:17:32.437 [info] Getting GitHub sessions for project,read:org,read:user,repo,user:email,workflow...
2025-08-08 09:17:32.437 [info] Got 0 GitHub sessions for project,read:org,read:user,repo,user:email,workflow...
2025-08-08 09:17:33.849 [info] Getting sessions for all scopes...
2025-08-08 09:17:33.849 [info] Getting GitHub sessions for all scopes...
2025-08-08 09:17:33.849 [info] Got 1 sessions for all scopes...
2025-08-08 09:17:33.850 [info] Got 1 GitHub sessions for all scopes...
2025-08-08 09:17:34.136 [info] Getting GitHub sessions for read:user,repo,user:email,workflow...
2025-08-08 09:17:34.136 [info] Got 0 GitHub sessions for read:user,repo,user:email,workflow...
2025-08-08 09:17:34.157 [info] Getting sessions for all scopes...
2025-08-08 09:17:34.157 [info] Getting GitHub sessions for all scopes...
2025-08-08 09:17:34.157 [info] Got 1 sessions for all scopes...
2025-08-08 09:17:34.157 [info] Got 1 GitHub sessions for all scopes...
2025-08-08 09:17:35.236 [info] Getting GitHub sessions for read:user,repo,user:email...
2025-08-08 09:17:35.236 [info] Got 0 GitHub sessions for read:user,repo,user:email...
2025-08-08 09:17:35.237 [info] Getting sessions for all scopes...
2025-08-08 09:17:35.237 [info] Getting GitHub sessions for all scopes...
2025-08-08 09:17:35.237 [info] Got 1 sessions for all scopes...
2025-08-08 09:17:35.237 [info] Got 1 GitHub sessions for all scopes...
2025-08-08 09:17:35.488 [info] Getting sessions for all scopes...
2025-08-08 09:17:35.488 [info] Getting GitHub sessions for all scopes...
2025-08-08 09:17:35.488 [info] Got 1 sessions for all scopes...
2025-08-08 09:17:35.488 [info] Got 1 GitHub sessions for all scopes...
2025-08-08 09:17:35.780 [info] Getting GitHub sessions for read:user,repo,user:email,workflow...
2025-08-08 09:17:35.780 [info] Got 0 GitHub sessions for read:user,repo,user:email,workflow...
2025-08-08 09:17:35.946 [info] Getting sessions for all scopes...
2025-08-08 09:17:35.947 [info] Getting GitHub sessions for all scopes...
2025-08-08 09:17:35.947 [info] Got 1 sessions for all scopes...
2025-08-08 09:17:35.947 [info] Got 1 GitHub sessions for all scopes...
2025-08-08 09:17:35.947 [info] Getting sessions for all scopes...
2025-08-08 09:17:35.947 [info] Getting GitHub sessions for all scopes...
2025-08-08 09:17:35.947 [info] Got 1 sessions for all scopes...
2025-08-08 09:17:35.947 [info] Got 1 GitHub sessions for all scopes...
2025-08-08 09:17:35.947 [info] Getting sessions for all scopes...
2025-08-08 09:17:35.947 [info] Getting GitHub sessions for all scopes...
2025-08-08 09:17:35.947 [info] Got 1 sessions for all scopes...
2025-08-08 09:17:35.947 [info] Got 1 GitHub sessions for all scopes...
