2025-08-09 19:55:20.966 [info] Extension host with pid 4131 started
2025-08-09 19:55:20.966 [error] Error: EEXIST: file already exists, open '/workspace/.vscode-remote/data/User/workspaceStorage/1cafd87f/vscode.lock'
2025-08-09 19:55:20.966 [info] Lock '/workspace/.vscode-remote/data/User/workspaceStorage/1cafd87f/vscode.lock': Could not acquire lock, checking if the file is stale.
2025-08-09 19:55:20.967 [info] Lock '/workspace/.vscode-remote/data/User/workspaceStorage/1cafd87f/vscode.lock': The lock does not look stale, elapsed: 619 ms, giving up.
2025-08-09 19:55:20.967 [error] Error: EEXIST: file already exists, open '/workspace/.vscode-remote/data/User/workspaceStorage/1cafd87f-1/vscode.lock'
2025-08-09 19:55:20.967 [info] Lock '/workspace/.vscode-remote/data/User/workspaceStorage/1cafd87f-1/vscode.lock': Could not acquire lock, checking if the file is stale.
2025-08-09 19:55:20.968 [info] Lock '/workspace/.vscode-remote/data/User/workspaceStorage/1cafd87f-1/vscode.lock': The pid 13764 appears to be gone.
2025-08-09 19:55:20.968 [info] Lock '/workspace/.vscode-remote/data/User/workspaceStorage/1cafd87f-1/vscode.lock': Deleting a stale lock.
2025-08-09 19:55:20.969 [info] Lock '/workspace/.vscode-remote/data/User/workspaceStorage/1cafd87f-1/vscode.lock': Lock acquired.
2025-08-09 19:55:22.502 [info] ExtensionService#_doActivateExtension vscode.simple-browser, startup: false, activationEvent: 'onWebviewPanel:simpleBrowser.view'
2025-08-09 19:55:22.503 [info] ExtensionService#_doActivateExtension gitpod.gitpod-web, startup: false, activationEvent: 'onAuthenticationRequest:gitpod'
2025-08-09 19:55:22.504 [info] ExtensionService#_doActivateExtension astro-build.astro-vscode, startup: false, activationEvent: 'onLanguage:astro'
2025-08-09 19:55:22.504 [info] ExtensionService#_doActivateExtension vscode.emmet, startup: false, activationEvent: 'onLanguage'
2025-08-09 19:55:23.506 [info] ExtensionService#_doActivateExtension vscode.git-base, startup: true, activationEvent: '*', root cause: vscode.git
2025-08-09 19:55:23.511 [info] ExtensionService#_doActivateExtension vscode.npm, startup: true, activationEvent: 'workspaceContains:package.json'
2025-08-09 19:55:30.509 [info] Not activating extension 'astro-build.astro-vscode': Timed out while searching for 'workspaceContains' pattern astro.config.*
2025-08-09 19:55:33.515 [info] ExtensionService#_doActivateExtension vscode.debug-auto-launch, startup: false, activationEvent: 'onStartupFinished'
2025-08-09 19:55:33.515 [info] ExtensionService#_doActivateExtension vscode.merge-conflict, startup: false, activationEvent: 'onStartupFinished'
2025-08-09 19:55:33.515 [info] ExtensionService#_doActivateExtension bradlc.vscode-tailwindcss, startup: false, activationEvent: 'onStartupFinished'
2025-08-09 19:55:33.516 [info] ExtensionService#_doActivateExtension Codeium.codeium, startup: false, activationEvent: 'onStartupFinished'
2025-08-09 19:55:33.516 [info] ExtensionService#_doActivateExtension esbenp.prettier-vscode, startup: false, activationEvent: 'onStartupFinished'
2025-08-09 19:55:33.516 [info] ExtensionService#_doActivateExtension vscode.github-authentication, startup: false, activationEvent: 'onStartupFinished', root cause: GitHub.vscode-pull-request-github
2025-08-09 19:55:33.516 [info] ExtensionService#_doActivateExtension PKief.material-icon-theme, startup: false, activationEvent: 'onStartupFinished'
2025-08-09 19:55:35.201 [error] Error: Extension 'vscode.git' is not known or not activated
	at hw.getActivatedExtension (file:///ide/out/vs/workbench/api/node/extensionHostProcess.js:112:12822)
	at KG.getExtensionExports (file:///ide/out/vs/workbench/api/node/extensionHostProcess.js:117:13438)
	at get exports (file:///ide/out/vs/workbench/api/node/extensionHostProcess.js:117:29775)
	at /workspace/.vscode-remote/extensions/codeium.codeium-1.48.2-universal/dist/extension.js:2:4171046
	at new Promise (<anonymous>)
	at /workspace/.vscode-remote/extensions/codeium.codeium-1.48.2-universal/dist/extension.js:2:4170840
	at d (/workspace/.vscode-remote/extensions/codeium.codeium-1.48.2-universal/dist/extension.js:2:4163778)
	at Generator.<anonymous> (/workspace/.vscode-remote/extensions/codeium.codeium-1.48.2-universal/dist/extension.js:2:4165120)
	at Generator.next (/workspace/.vscode-remote/extensions/codeium.codeium-1.48.2-universal/dist/extension.js:2:4164207)
	at i (/workspace/.vscode-remote/extensions/codeium.codeium-1.48.2-universal/dist/extension.js:2:4169681)
	at s (/workspace/.vscode-remote/extensions/codeium.codeium-1.48.2-universal/dist/extension.js:2:4169884)
	at /workspace/.vscode-remote/extensions/codeium.codeium-1.48.2-universal/dist/extension.js:2:4169943
	at new Promise (<anonymous>)
	at /workspace/.vscode-remote/extensions/codeium.codeium-1.48.2-universal/dist/extension.js:2:4169824
	at 53201 (/workspace/.vscode-remote/extensions/codeium.codeium-1.48.2-universal/dist/extension.js:2:4171370)
	at t (/workspace/.vscode-remote/extensions/codeium.codeium-1.48.2-universal/dist/extension.js:2:6328462)
	at 65590 (/workspace/.vscode-remote/extensions/codeium.codeium-1.48.2-universal/dist/extension.js:2:2232156)
	at t (/workspace/.vscode-remote/extensions/codeium.codeium-1.48.2-universal/dist/extension.js:2:6328462)
	at 49146 (/workspace/.vscode-remote/extensions/codeium.codeium-1.48.2-universal/dist/extension.js:2:2408280)
	at t (/workspace/.vscode-remote/extensions/codeium.codeium-1.48.2-universal/dist/extension.js:2:6328462)
	at /workspace/.vscode-remote/extensions/codeium.codeium-1.48.2-universal/dist/extension.js:2:6329212
	at Object.<anonymous> (/workspace/.vscode-remote/extensions/codeium.codeium-1.48.2-universal/dist/extension.js:2:6329243)
	at Module._compile (node:internal/modules/cjs/loader:1730:14)
	at Object..js (node:internal/modules/cjs/loader:1895:10)
	at Module.load (node:internal/modules/cjs/loader:1465:32)
	at Function.<anonymous> (node:internal/modules/cjs/loader:1282:12)
	at e._load (file:///ide/out/vs/workbench/api/node/extensionHostProcess.js:356:6048)
	at t._load (file:///ide/out/vs/workbench/api/node/extensionHostProcess.js:174:28910)
	at i._load (file:///ide/out/vs/workbench/api/node/extensionHostProcess.js:166:26874)
	at TracingChannel.traceSync (node:diagnostics_channel:322:14)
	at wrapModuleLoad (node:internal/modules/cjs/loader:235:24)
	at Module.require (node:internal/modules/cjs/loader:1487:12)
	at require (node:internal/modules/helpers:135:16)
	at KG._doLoadModule (file:///ide/out/vs/workbench/api/node/extensionHostProcess.js:205:1632)
2025-08-09 20:36:13.813 [info] Extension host terminating: renderer disconnected for too long (2)
2025-08-09 20:36:13.814 [info] Lock '/workspace/.vscode-remote/data/User/workspaceStorage/1cafd87f-1/vscode.lock': Marking the lockfile as scheduled to be released in 6000 ms.
2025-08-09 20:36:13.815 [info] Extension host with pid 4131 exiting with code 0
