2025-08-08 23:32:49.999 [info] Log level: Info
2025-08-08 23:32:50.210 [info] VSCODE_MACHINE_ID: 10d3d877-fe56-442f-a117-f9035039c6e9
2025-08-08 23:32:50.210 [info] VSCODE_SESSION_ID: d83b40fe-df75-43e4-8326-524d35c276d31754695959672
2025-08-08 23:32:50.210 [info] VSCODE_VERSION: 1.102.3
2025-08-08 23:32:50.210 [info] VSCODE_APP_NAME: Gitpod Code
2025-08-08 23:32:50.210 [info] VSCODE_APP_HOST: Gitpod
2025-08-08 23:32:50.210 [info] VSCODE_UI_KIND: web
2025-08-08 23:32:50.210 [info] GITPOD_WORKSPACE_CONTEXT_URL: https://github.com/Abdallah-Develop/Website-starter
2025-08-08 23:32:50.210 [info] GITPOD_INSTANCE_ID: 084e8d19-ef0d-46ef-9b9c-428f3e606b98
2025-08-08 23:32:50.210 [info] GITPOD_WORKSPACE_URL: https://abdallahdev-websitestar-esjdme0laxn.ws-eu120.gitpod.io
2025-08-08 23:32:50.216 [info] Gitpod Web 3953e81
2025-08-08 23:32:50.216 [info] Reading sessions from keychain...
2025-08-08 23:32:53.099 [info] Got stored sessions!
2025-08-08 23:32:53.100 [info] Verified session with the following scopes: function:accessCodeSyncStorage function:closePort function:controlAdmission function:deleteEnvVar function:generateNewGitpodToken function:getDefaultWorkspaceImage function:getGitpodTokenScopes function:getIDToken function:getLoggedInUser function:getOpenPorts function:getSupportedWorkspaceClasses function:getTeams function:getToken function:getWorkspace function:getWorkspaceEnvVars function:getWorkspaceOwner function:getWorkspaceTimeout function:getWorkspaceUsers function:guessGitTokenScopes function:isWorkspaceOwner function:openPort function:sendHeartBeat function:setEnvVar function:setWorkspaceTimeout function:stopWorkspace function:takeSnapshot function:trackEvent function:updateGitStatus function:waitForSnapshot resource:contentBlob::*::create/get resource:envVar::*/**::update resource:envVar::*/*::update resource:envVar::Abdallah-Develop/Website-starter::create/get/update/delete resource:gitpodToken::*::create resource:snapshot::ws-abdallahdev-websitestar-esjdme0laxn::create resource:token::*::get resource:userStorage::*::create/get/update resource:workspace::abdallahdev-websitestar-esjdme0laxn::get/update resource:workspaceInstance::084e8d19-ef0d-46ef-9b9c-428f3e606b98::get/update/delete
2025-08-08 23:32:53.100 [info] Got 1 verified sessions.
2025-08-08 23:32:53.100 [info] Getting sessions for all scopes...
2025-08-08 23:32:53.100 [info] Getting GitHub sessions for all scopes...
2025-08-08 23:32:53.100 [info] Got 1 sessions for all scopes...
2025-08-08 23:32:54.008 [info] Got 1 GitHub sessions for all scopes...
2025-08-08 23:32:54.085 [info] Getting sessions for all scopes...
2025-08-08 23:32:54.085 [info] Got 1 sessions for all scopes...
2025-08-08 23:32:55.006 [info] Getting GitHub sessions for all scopes...
2025-08-08 23:32:55.006 [info] Got 1 GitHub sessions for all scopes...
2025-08-08 23:32:55.187 [info] Getting sessions for all scopes...
2025-08-08 23:32:55.187 [info] Getting GitHub sessions for all scopes...
2025-08-08 23:32:55.187 [info] Got 1 sessions for all scopes...
2025-08-08 23:32:55.187 [info] Got 1 GitHub sessions for all scopes...
2025-08-08 23:32:55.291 [info] Getting GitHub sessions for read:user,repo,user:email,workflow...
2025-08-08 23:32:55.291 [info] Got 0 GitHub sessions for read:user,repo,user:email,workflow...
2025-08-08 23:32:55.483 [info] Getting sessions for all scopes...
2025-08-08 23:32:55.483 [info] Getting GitHub sessions for all scopes...
2025-08-08 23:32:55.483 [info] Got 1 sessions for all scopes...
2025-08-08 23:32:55.483 [info] Got 1 GitHub sessions for all scopes...
2025-08-08 23:32:55.515 [info] Getting GitHub sessions for project,read:org,read:user,repo,user:email,workflow...
2025-08-08 23:32:55.515 [info] Got 0 GitHub sessions for project,read:org,read:user,repo,user:email,workflow...
2025-08-08 23:32:55.704 [info] Getting sessions for all scopes...
2025-08-08 23:32:55.704 [info] Getting GitHub sessions for all scopes...
2025-08-08 23:32:55.704 [info] Got 1 sessions for all scopes...
2025-08-08 23:32:55.704 [info] Got 1 GitHub sessions for all scopes...
2025-08-08 23:32:55.919 [info] Getting sessions for all scopes...
2025-08-08 23:32:55.920 [info] Getting GitHub sessions for all scopes...
2025-08-08 23:32:55.920 [info] Got 1 sessions for all scopes...
2025-08-08 23:32:55.920 [info] Got 1 GitHub sessions for all scopes...
2025-08-08 23:32:56.394 [info] Getting GitHub sessions for read:user,repo,user:email,workflow...
2025-08-08 23:32:56.394 [info] Got 0 GitHub sessions for read:user,repo,user:email,workflow...
2025-08-08 23:32:56.819 [info] Getting sessions for function:accessCodeSyncStorage...
2025-08-08 23:32:56.819 [info] Got 1 sessions for function:accessCodeSyncStorage...
2025-08-08 23:32:58.188 [info] Getting GitHub sessions for read:user,repo,user:email...
2025-08-08 23:32:58.188 [info] Got 0 GitHub sessions for read:user,repo,user:email...
2025-08-08 23:32:58.440 [info] Getting sessions for all scopes...
2025-08-08 23:32:58.440 [info] Getting GitHub sessions for all scopes...
2025-08-08 23:32:58.440 [info] Got 1 sessions for all scopes...
2025-08-08 23:32:58.440 [info] Got 1 GitHub sessions for all scopes...
2025-08-08 23:32:59.395 [info] Getting sessions for all scopes...
2025-08-08 23:32:59.396 [info] Getting GitHub sessions for all scopes...
2025-08-08 23:32:59.396 [info] Got 1 sessions for all scopes...
2025-08-08 23:32:59.396 [info] Got 1 GitHub sessions for all scopes...
2025-08-08 23:32:59.397 [info] Getting sessions for all scopes...
2025-08-08 23:32:59.397 [info] Getting GitHub sessions for all scopes...
2025-08-08 23:32:59.397 [info] Got 1 sessions for all scopes...
2025-08-08 23:32:59.397 [info] Got 1 GitHub sessions for all scopes...
2025-08-08 23:32:59.782 [info] Getting sessions for all scopes...
2025-08-08 23:32:59.782 [info] Getting GitHub sessions for all scopes...
2025-08-08 23:32:59.782 [info] Got 1 sessions for all scopes...
2025-08-08 23:32:59.782 [info] Got 1 GitHub sessions for all scopes...
2025-08-08 23:32:59.892 [info] Getting GitHub sessions for read:user,repo,user:email,workflow...
2025-08-08 23:32:59.892 [info] Got 0 GitHub sessions for read:user,repo,user:email,workflow...
2025-08-08 23:32:59.982 [info] Getting sessions for all scopes...
2025-08-08 23:32:59.983 [info] Getting GitHub sessions for all scopes...
2025-08-08 23:32:59.983 [info] Got 1 sessions for all scopes...
2025-08-08 23:32:59.983 [info] Got 1 GitHub sessions for all scopes...
2025-08-08 23:33:00.302 [info] Getting sessions for all scopes...
2025-08-08 23:33:00.302 [info] Getting GitHub sessions for all scopes...
2025-08-08 23:33:00.302 [info] Got 1 sessions for all scopes...
2025-08-08 23:33:00.302 [info] Got 1 GitHub sessions for all scopes...
2025-08-08 23:33:00.382 [info] Getting sessions for all scopes...
2025-08-08 23:33:00.382 [info] Getting GitHub sessions for all scopes...
2025-08-08 23:33:00.382 [info] Got 1 sessions for all scopes...
2025-08-08 23:33:00.382 [info] Got 1 GitHub sessions for all scopes...
2025-08-08 23:33:00.382 [info] Getting sessions for all scopes...
2025-08-08 23:33:00.382 [info] Getting GitHub sessions for all scopes...
2025-08-08 23:33:00.382 [info] Got 1 sessions for all scopes...
2025-08-08 23:33:00.382 [info] Got 1 GitHub sessions for all scopes...
2025-08-08 23:33:00.382 [info] Getting sessions for all scopes...
2025-08-08 23:33:00.382 [info] Getting GitHub sessions for all scopes...
2025-08-08 23:33:00.382 [info] Got 1 sessions for all scopes...
2025-08-08 23:33:00.382 [info] Got 1 GitHub sessions for all scopes...
2025-08-08 23:33:01.385 [info] Getting sessions for all scopes...
2025-08-08 23:33:01.385 [info] Getting GitHub sessions for all scopes...
2025-08-08 23:33:01.385 [info] Got 1 sessions for all scopes...
2025-08-08 23:33:01.385 [info] Got 1 GitHub sessions for all scopes...
2025-08-08 23:33:01.681 [info] Getting sessions for all scopes...
2025-08-08 23:33:01.681 [info] Getting GitHub sessions for all scopes...
2025-08-08 23:33:01.681 [info] Got 1 sessions for all scopes...
2025-08-08 23:33:01.681 [info] Got 1 GitHub sessions for all scopes...
