2025-08-09 20:46:55.747 [info] Log level: Info
2025-08-09 20:46:55.848 [info] VSCODE_MACHINE_ID: 10d3d877-fe56-442f-a117-f9035039c6e9
2025-08-09 20:46:55.848 [info] VSCODE_SESSION_ID: a998da47-ad1f-46db-8584-af40ee9b27261754772400761
2025-08-09 20:46:55.848 [info] VSCODE_VERSION: 1.102.3
2025-08-09 20:46:55.848 [info] VSCODE_APP_NAME: Gitpod Code
2025-08-09 20:46:55.848 [info] VSCODE_APP_HOST: Gitpod
2025-08-09 20:46:55.848 [info] VSCODE_UI_KIND: web
2025-08-09 20:46:55.848 [info] GITPOD_WORKSPACE_CONTEXT_URL: https://github.com/Abdallah-Develop/Website-starter
2025-08-09 20:46:55.848 [info] GITPOD_INSTANCE_ID: eb757465-6846-426d-ac63-2b34d3382057
2025-08-09 20:46:55.848 [info] GITPOD_WORKSPACE_URL: https://abdallahdev-websitestar-esjdme0laxn.ws-eu120.gitpod.io
2025-08-09 20:46:55.855 [info] Gitpod Web 3953e81
2025-08-09 20:46:55.855 [info] Reading sessions from keychain...
2025-08-09 20:46:56.958 [info] Got stored sessions!
2025-08-09 20:46:56.958 [info] Verified session with the following scopes: function:accessCodeSyncStorage function:closePort function:controlAdmission function:deleteEnvVar function:generateNewGitpodToken function:getDefaultWorkspaceImage function:getGitpodTokenScopes function:getIDToken function:getLoggedInUser function:getOpenPorts function:getSupportedWorkspaceClasses function:getTeams function:getToken function:getWorkspace function:getWorkspaceEnvVars function:getWorkspaceOwner function:getWorkspaceTimeout function:getWorkspaceUsers function:guessGitTokenScopes function:isWorkspaceOwner function:openPort function:sendHeartBeat function:setEnvVar function:setWorkspaceTimeout function:stopWorkspace function:takeSnapshot function:trackEvent function:updateGitStatus function:waitForSnapshot resource:contentBlob::*::create/get resource:envVar::*/**::update resource:envVar::*/*::update resource:envVar::Abdallah-Develop/Website-starter::create/get/update/delete resource:gitpodToken::*::create resource:snapshot::ws-abdallahdev-websitestar-esjdme0laxn::create resource:token::*::get resource:userStorage::*::create/get/update resource:workspace::abdallahdev-websitestar-esjdme0laxn::get/update resource:workspaceInstance::eb757465-6846-426d-ac63-2b34d3382057::get/update/delete
2025-08-09 20:46:56.959 [info] Got 1 verified sessions.
2025-08-09 20:46:56.959 [info] Getting sessions for all scopes...
2025-08-09 20:46:56.959 [info] Getting GitHub sessions for all scopes...
2025-08-09 20:46:56.959 [info] Got 1 sessions for all scopes...
2025-08-09 20:46:56.959 [info] Getting sessions for all scopes...
2025-08-09 20:46:56.959 [info] Got 1 sessions for all scopes...
2025-08-09 20:46:56.959 [info] Getting sessions for all scopes...
2025-08-09 20:46:56.959 [info] Got 1 sessions for all scopes...
2025-08-09 20:46:56.959 [info] Getting sessions for function:accessCodeSyncStorage...
2025-08-09 20:46:56.959 [info] Got 1 sessions for function:accessCodeSyncStorage...
2025-08-09 20:46:59.408 [info] Got 1 GitHub sessions for all scopes...
2025-08-09 20:47:02.019 [info] Getting GitHub sessions for all scopes...
2025-08-09 20:47:02.019 [info] Getting sessions for all scopes...
2025-08-09 20:47:02.019 [info] Got 1 GitHub sessions for all scopes...
2025-08-09 20:47:02.019 [info] Got 1 sessions for all scopes...
2025-08-09 20:47:02.019 [info] Getting GitHub sessions for all scopes...
2025-08-09 20:47:02.019 [info] Got 1 GitHub sessions for all scopes...
2025-08-09 20:47:06.050 [info] Getting GitHub sessions for all scopes...
2025-08-09 20:47:06.050 [info] Got 1 GitHub sessions for all scopes...
2025-08-09 20:47:07.625 [info] Getting GitHub sessions for read:user,repo,user:email,workflow...
2025-08-09 20:47:07.625 [info] Got 0 GitHub sessions for read:user,repo,user:email,workflow...
2025-08-09 20:47:07.668 [info] Getting sessions for all scopes...
2025-08-09 20:47:07.668 [info] Getting GitHub sessions for all scopes...
2025-08-09 20:47:07.668 [info] Got 1 sessions for all scopes...
2025-08-09 20:47:07.668 [info] Got 1 GitHub sessions for all scopes...
2025-08-09 20:47:08.570 [info] Getting sessions for all scopes...
2025-08-09 20:47:08.570 [info] Getting GitHub sessions for all scopes...
2025-08-09 20:47:08.570 [info] Got 1 sessions for all scopes...
2025-08-09 20:47:08.570 [info] Got 1 GitHub sessions for all scopes...
2025-08-09 20:47:09.787 [info] Getting GitHub sessions for project,read:org,read:user,repo,user:email,workflow...
2025-08-09 20:47:09.788 [info] Got 0 GitHub sessions for project,read:org,read:user,repo,user:email,workflow...
2025-08-09 20:47:10.069 [info] Getting sessions for all scopes...
2025-08-09 20:47:10.069 [info] Getting GitHub sessions for all scopes...
2025-08-09 20:47:10.069 [info] Got 1 sessions for all scopes...
2025-08-09 20:47:10.069 [info] Got 1 GitHub sessions for all scopes...
2025-08-09 20:47:10.509 [info] Getting sessions for all scopes...
2025-08-09 20:47:10.509 [info] Getting GitHub sessions for all scopes...
2025-08-09 20:47:10.509 [info] Got 1 sessions for all scopes...
2025-08-09 20:47:10.509 [info] Got 1 GitHub sessions for all scopes...
2025-08-09 20:47:10.509 [info] Getting sessions for all scopes...
2025-08-09 20:47:10.509 [info] Getting GitHub sessions for all scopes...
2025-08-09 20:47:10.509 [info] Got 1 sessions for all scopes...
2025-08-09 20:47:10.509 [info] Got 1 GitHub sessions for all scopes...
2025-08-09 20:47:11.244 [info] Getting GitHub sessions for read:user,repo,user:email,workflow...
2025-08-09 20:47:11.244 [info] Got 0 GitHub sessions for read:user,repo,user:email,workflow...
2025-08-09 20:47:12.306 [info] Getting GitHub sessions for read:user,repo,user:email...
2025-08-09 20:47:12.306 [info] Got 0 GitHub sessions for read:user,repo,user:email...
2025-08-09 20:47:13.358 [info] Getting GitHub sessions for read:user,repo,user:email,workflow...
2025-08-09 20:47:13.358 [info] Got 0 GitHub sessions for read:user,repo,user:email,workflow...
