2025-08-10 10:34:58.028 [info] [main] Log level: Info
2025-08-10 10:34:58.028 [info] [main] Validating found git in: "git"
2025-08-10 10:34:58.028 [info] [main] Using git "2.49.0" from "git"
2025-08-10 10:34:58.028 [info] [Model][doInitialScan] Initial repository scan started
2025-08-10 10:34:58.028 [info] > git rev-parse --show-toplevel [3ms]
2025-08-10 10:34:58.028 [info] > git rev-parse --git-dir --git-common-dir [2ms]
2025-08-10 10:34:58.028 [info] [Model][openRepository] Opened repository (path): /workspace/Website-starter
2025-08-10 10:34:58.028 [info] [Model][openRepository] Opened repository (real path): /workspace/Website-starter
2025-08-10 10:34:58.028 [info] > git config --get commit.template [7ms]
2025-08-10 10:34:58.028 [info] > git rev-parse --show-toplevel [3ms]
2025-08-10 10:34:58.028 [info] > git for-each-ref --format=%(refname)%00%(upstream:short)%00%(objectname)%00%(upstream:track)%00%(upstream:remotename)%00%(upstream:remoteref) refs/heads/main refs/remotes/main [8ms]
2025-08-10 10:34:58.028 [info] > git rev-parse --show-toplevel [29ms]
2025-08-10 10:34:58.028 [info] > git rev-parse --show-toplevel [27ms]
2025-08-10 10:34:58.028 [info] > git status -z -uall [22ms]
2025-08-10 10:34:58.028 [info] > git for-each-ref --sort -committerdate --format %(refname)%00%(objectname)%00%(*objectname) [14ms]
2025-08-10 10:34:58.028 [info] > git rev-parse --show-toplevel [7ms]
2025-08-10 10:34:58.028 [info] > git for-each-ref --format=%(refname)%00%(upstream:short)%00%(objectname)%00%(upstream:track)%00%(upstream:remotename)%00%(upstream:remoteref) refs/heads/main refs/remotes/main [16ms]
2025-08-10 10:34:58.028 [info] > git config --get commit.template [68ms]
2025-08-10 10:34:58.028 [info] > git rev-parse --show-toplevel [74ms]
2025-08-10 10:34:58.028 [info] > git config --get --local branch.main.vscode-merge-base [118ms]
2025-08-10 10:34:58.028 [info] > git rev-parse --show-toplevel [31ms]
2025-08-10 10:34:58.028 [info] > git for-each-ref --format=%(refname)%00%(upstream:short)%00%(objectname)%00%(upstream:track)%00%(upstream:remotename)%00%(upstream:remoteref) refs/heads/origin/main refs/remotes/origin/main [9ms]
2025-08-10 10:34:58.028 [info] > git for-each-ref --format=%(refname)%00%(upstream:short)%00%(objectname)%00%(upstream:track)%00%(upstream:remotename)%00%(upstream:remoteref) refs/heads/main refs/remotes/main [20ms]
2025-08-10 10:34:58.028 [info] > git rev-parse --show-toplevel [6ms]
2025-08-10 10:34:58.028 [info] [Model][doInitialScan] Initial repository scan completed - repositories (1), closed repositories (0), parent repositories (0), unsafe repositories (0)
2025-08-10 10:34:58.028 [info] > git merge-base refs/heads/main refs/remotes/origin/main [13ms]
2025-08-10 10:34:58.028 [info] > git diff --name-status -z --diff-filter=ADMR 0d7a3a898007be1d8200d8db99d59472a2da8d06...refs/remotes/origin/main [5ms]
2025-08-10 10:34:58.028 [info] > git status -z -uall [1116ms]
2025-08-10 10:34:58.028 [info] > git for-each-ref --sort -committerdate --format %(refname)%00%(objectname)%00%(*objectname) [1109ms]
2025-08-10 10:34:58.028 [info] > git fetch [1474ms]
2025-08-10 10:34:58.028 [info] > git config --get commit.template [40ms]
2025-08-10 10:34:58.031 [info] > git for-each-ref --format=%(refname)%00%(upstream:short)%00%(objectname)%00%(upstream:track)%00%(upstream:remotename)%00%(upstream:remoteref) refs/heads/main refs/remotes/main [4ms]
2025-08-10 10:34:58.064 [info] > git for-each-ref --sort -committerdate --format %(refname)%00%(objectname)%00%(*objectname) [10ms]
2025-08-10 10:34:58.069 [info] > git status -z -uall [24ms]
2025-08-10 10:34:58.722 [info] > git check-ignore -v -z --stdin [7ms]
2025-08-10 10:35:03.040 [info] > git config --get --local branch.main.github-pr-owner-number [6ms]
2025-08-10 10:35:03.040 [warning] [Git][config] git config failed: Failed to execute git
2025-08-10 10:35:54.516 [info] > git config --get commit.template [2ms]
2025-08-10 10:35:54.532 [info] > git for-each-ref --format=%(refname)%00%(upstream:short)%00%(objectname)%00%(upstream:track)%00%(upstream:remotename)%00%(upstream:remoteref) refs/heads/main refs/remotes/main [3ms]
2025-08-10 10:35:54.619 [info] > git status -z -uall [74ms]
2025-08-10 10:35:54.622 [info] > git for-each-ref --sort -committerdate --format %(refname)%00%(objectname)%00%(*objectname) [6ms]
2025-08-10 10:35:59.650 [info] > git config --get commit.template [3ms]
2025-08-10 10:35:59.670 [info] > git for-each-ref --format=%(refname)%00%(upstream:short)%00%(objectname)%00%(upstream:track)%00%(upstream:remotename)%00%(upstream:remoteref) refs/heads/main refs/remotes/main [3ms]
2025-08-10 10:35:59.702 [info] > git status -z -uall [17ms]
2025-08-10 10:35:59.706 [info] > git for-each-ref --sort -committerdate --format %(refname)%00%(objectname)%00%(*objectname) [8ms]
2025-08-10 10:36:04.735 [info] > git config --get commit.template [11ms]
2025-08-10 10:36:04.737 [info] > git for-each-ref --format=%(refname)%00%(upstream:short)%00%(objectname)%00%(upstream:track)%00%(upstream:remotename)%00%(upstream:remoteref) refs/heads/main refs/remotes/main [2ms]
2025-08-10 10:36:04.760 [info] > git for-each-ref --sort -committerdate --format %(refname)%00%(objectname)%00%(*objectname) [3ms]
2025-08-10 10:36:04.762 [info] > git status -z -uall [15ms]
2025-08-10 10:36:15.667 [info] > git config --get commit.template [16ms]
2025-08-10 10:36:15.668 [info] > git for-each-ref --format=%(refname)%00%(upstream:short)%00%(objectname)%00%(upstream:track)%00%(upstream:remotename)%00%(upstream:remoteref) refs/heads/main refs/remotes/main [3ms]
2025-08-10 10:36:15.698 [info] > git status -z -uall [15ms]
2025-08-10 10:36:15.700 [info] > git for-each-ref --sort -committerdate --format %(refname)%00%(objectname)%00%(*objectname) [4ms]
2025-08-10 10:36:34.814 [info] > git config --get commit.template [13ms]
2025-08-10 10:36:34.815 [info] > git for-each-ref --format=%(refname)%00%(upstream:short)%00%(objectname)%00%(upstream:track)%00%(upstream:remotename)%00%(upstream:remoteref) refs/heads/main refs/remotes/main [3ms]
2025-08-10 10:36:34.846 [info] > git for-each-ref --sort -committerdate --format %(refname)%00%(objectname)%00%(*objectname) [4ms]
2025-08-10 10:36:34.846 [info] > git status -z -uall [18ms]
2025-08-10 10:37:00.420 [info] > git config --get commit.template [16ms]
2025-08-10 10:37:00.422 [info] > git for-each-ref --format=%(refname)%00%(upstream:short)%00%(objectname)%00%(upstream:track)%00%(upstream:remotename)%00%(upstream:remoteref) refs/heads/main refs/remotes/main [3ms]
2025-08-10 10:37:00.454 [info] > git status -z -uall [19ms]
2025-08-10 10:37:00.455 [info] > git for-each-ref --sort -committerdate --format %(refname)%00%(objectname)%00%(*objectname) [6ms]
2025-08-10 10:37:11.420 [info] > git config --get commit.template [87ms]
2025-08-10 10:37:11.423 [info] > git for-each-ref --format=%(refname)%00%(upstream:short)%00%(objectname)%00%(upstream:track)%00%(upstream:remotename)%00%(upstream:remoteref) refs/heads/main refs/remotes/main [4ms]
2025-08-10 10:37:11.618 [info] > git status -z -uall [102ms]
2025-08-10 10:37:11.618 [info] > git for-each-ref --sort -committerdate --format %(refname)%00%(objectname)%00%(*objectname) [84ms]
2025-08-10 10:37:16.645 [info] > git config --get commit.template [3ms]
2025-08-10 10:37:16.662 [info] > git for-each-ref --format=%(refname)%00%(upstream:short)%00%(objectname)%00%(upstream:track)%00%(upstream:remotename)%00%(upstream:remoteref) refs/heads/main refs/remotes/main [4ms]
2025-08-10 10:37:16.715 [info] > git status -z -uall [42ms]
2025-08-10 10:37:16.722 [info] > git for-each-ref --sort -committerdate --format %(refname)%00%(objectname)%00%(*objectname) [37ms]
2025-08-10 10:37:21.743 [info] > git config --get commit.template [3ms]
2025-08-10 10:37:21.760 [info] > git for-each-ref --format=%(refname)%00%(upstream:short)%00%(objectname)%00%(upstream:track)%00%(upstream:remotename)%00%(upstream:remoteref) refs/heads/main refs/remotes/main [4ms]
2025-08-10 10:37:21.791 [info] > git status -z -uall [16ms]
2025-08-10 10:37:21.792 [info] > git for-each-ref --sort -committerdate --format %(refname)%00%(objectname)%00%(*objectname) [4ms]
2025-08-10 10:37:36.926 [info] > git config --get commit.template [3ms]
2025-08-10 10:37:36.942 [info] > git for-each-ref --format=%(refname)%00%(upstream:short)%00%(objectname)%00%(upstream:track)%00%(upstream:remotename)%00%(upstream:remoteref) refs/heads/main refs/remotes/main [2ms]
2025-08-10 10:37:36.974 [info] > git status -z -uall [17ms]
2025-08-10 10:37:36.975 [info] > git for-each-ref --sort -committerdate --format %(refname)%00%(objectname)%00%(*objectname) [4ms]
2025-08-10 10:37:45.522 [info] > git config --get commit.template [3ms]
2025-08-10 10:37:45.539 [info] > git for-each-ref --format=%(refname)%00%(upstream:short)%00%(objectname)%00%(upstream:track)%00%(upstream:remotename)%00%(upstream:remoteref) refs/heads/main refs/remotes/main [4ms]
2025-08-10 10:37:45.572 [info] > git for-each-ref --sort -committerdate --format %(refname)%00%(objectname)%00%(*objectname) [4ms]
2025-08-10 10:37:45.573 [info] > git status -z -uall [19ms]
2025-08-10 10:38:01.980 [info] > git config --get commit.template [15ms]
2025-08-10 10:38:01.981 [info] > git for-each-ref --format=%(refname)%00%(upstream:short)%00%(objectname)%00%(upstream:track)%00%(upstream:remotename)%00%(upstream:remoteref) refs/heads/main refs/remotes/main [4ms]
2025-08-10 10:38:02.009 [info] > git status -z -uall [15ms]
2025-08-10 10:38:02.009 [info] > git for-each-ref --sort -committerdate --format %(refname)%00%(objectname)%00%(*objectname) [3ms]
2025-08-10 10:38:02.277 [info] > git fetch [325ms]
2025-08-10 10:38:02.293 [info] > git config --get commit.template [2ms]
2025-08-10 10:38:02.308 [info] > git for-each-ref --format=%(refname)%00%(upstream:short)%00%(objectname)%00%(upstream:track)%00%(upstream:remotename)%00%(upstream:remoteref) refs/heads/main refs/remotes/main [3ms]
2025-08-10 10:38:02.335 [info] > git for-each-ref --sort -committerdate --format %(refname)%00%(objectname)%00%(*objectname) [3ms]
2025-08-10 10:38:02.336 [info] > git status -z -uall [16ms]
2025-08-10 10:38:10.600 [info] > git config --get commit.template [13ms]
2025-08-10 10:38:10.602 [info] > git for-each-ref --format=%(refname)%00%(upstream:short)%00%(objectname)%00%(upstream:track)%00%(upstream:remotename)%00%(upstream:remoteref) refs/heads/main refs/remotes/main [4ms]
2025-08-10 10:38:10.633 [info] > git for-each-ref --sort -committerdate --format %(refname)%00%(objectname)%00%(*objectname) [4ms]
2025-08-10 10:38:10.634 [info] > git status -z -uall [18ms]
2025-08-10 10:38:22.617 [info] > git config --get commit.template [4ms]
2025-08-10 10:38:22.633 [info] > git for-each-ref --format=%(refname)%00%(upstream:short)%00%(objectname)%00%(upstream:track)%00%(upstream:remotename)%00%(upstream:remoteref) refs/heads/main refs/remotes/main [3ms]
2025-08-10 10:38:22.664 [info] > git status -z -uall [16ms]
2025-08-10 10:38:22.664 [info] > git for-each-ref --sort -committerdate --format %(refname)%00%(objectname)%00%(*objectname) [5ms]
2025-08-10 10:38:29.293 [info] > git config --get commit.template [13ms]
2025-08-10 10:38:29.295 [info] > git for-each-ref --format=%(refname)%00%(upstream:short)%00%(objectname)%00%(upstream:track)%00%(upstream:remotename)%00%(upstream:remoteref) refs/heads/main refs/remotes/main [3ms]
2025-08-10 10:38:29.321 [info] > git for-each-ref --sort -committerdate --format %(refname)%00%(objectname)%00%(*objectname) [3ms]
2025-08-10 10:38:29.322 [info] > git status -z -uall [16ms]
2025-08-10 10:38:37.024 [info] > git config --get commit.template [13ms]
2025-08-10 10:38:37.026 [info] > git for-each-ref --format=%(refname)%00%(upstream:short)%00%(objectname)%00%(upstream:track)%00%(upstream:remotename)%00%(upstream:remoteref) refs/heads/main refs/remotes/main [3ms]
2025-08-10 10:38:37.057 [info] > git status -z -uall [19ms]
2025-08-10 10:38:37.058 [info] > git for-each-ref --sort -committerdate --format %(refname)%00%(objectname)%00%(*objectname) [5ms]
2025-08-10 10:38:42.094 [info] > git config --get commit.template [16ms]
2025-08-10 10:38:42.096 [info] > git for-each-ref --format=%(refname)%00%(upstream:short)%00%(objectname)%00%(upstream:track)%00%(upstream:remotename)%00%(upstream:remoteref) refs/heads/main refs/remotes/main [3ms]
2025-08-10 10:38:42.129 [info] > git for-each-ref --sort -committerdate --format %(refname)%00%(objectname)%00%(*objectname) [4ms]
2025-08-10 10:38:42.130 [info] > git status -z -uall [19ms]
2025-08-10 10:38:47.166 [info] > git config --get commit.template [14ms]
2025-08-10 10:38:47.168 [info] > git for-each-ref --format=%(refname)%00%(upstream:short)%00%(objectname)%00%(upstream:track)%00%(upstream:remotename)%00%(upstream:remoteref) refs/heads/main refs/remotes/main [3ms]
2025-08-10 10:38:47.197 [info] > git status -z -uall [17ms]
2025-08-10 10:38:47.199 [info] > git for-each-ref --sort -committerdate --format %(refname)%00%(objectname)%00%(*objectname) [5ms]
2025-08-10 10:38:52.231 [info] > git config --get commit.template [14ms]
2025-08-10 10:38:52.233 [info] > git for-each-ref --format=%(refname)%00%(upstream:short)%00%(objectname)%00%(upstream:track)%00%(upstream:remotename)%00%(upstream:remoteref) refs/heads/main refs/remotes/main [3ms]
2025-08-10 10:38:52.261 [info] > git for-each-ref --sort -committerdate --format %(refname)%00%(objectname)%00%(*objectname) [3ms]
2025-08-10 10:38:52.261 [info] > git status -z -uall [15ms]
2025-08-10 10:39:10.276 [info] > git config --get commit.template [17ms]
2025-08-10 10:39:10.279 [info] > git for-each-ref --format=%(refname)%00%(upstream:short)%00%(objectname)%00%(upstream:track)%00%(upstream:remotename)%00%(upstream:remoteref) refs/heads/main refs/remotes/main [3ms]
2025-08-10 10:39:10.311 [info] > git status -z -uall [16ms]
2025-08-10 10:39:10.312 [info] > git for-each-ref --sort -committerdate --format %(refname)%00%(objectname)%00%(*objectname) [2ms]
2025-08-10 10:39:22.363 [info] > git config --get commit.template [12ms]
2025-08-10 10:39:22.365 [info] > git for-each-ref --format=%(refname)%00%(upstream:short)%00%(objectname)%00%(upstream:track)%00%(upstream:remotename)%00%(upstream:remoteref) refs/heads/main refs/remotes/main [3ms]
2025-08-10 10:39:22.392 [info] > git for-each-ref --sort -committerdate --format %(refname)%00%(objectname)%00%(*objectname) [3ms]
2025-08-10 10:39:22.393 [info] > git status -z -uall [18ms]
2025-08-10 10:39:29.942 [info] > git config --get commit.template [3ms]
2025-08-10 10:39:29.960 [info] > git for-each-ref --format=%(refname)%00%(upstream:short)%00%(objectname)%00%(upstream:track)%00%(upstream:remotename)%00%(upstream:remoteref) refs/heads/main refs/remotes/main [3ms]
2025-08-10 10:39:29.992 [info] > git for-each-ref --sort -committerdate --format %(refname)%00%(objectname)%00%(*objectname) [3ms]
2025-08-10 10:39:29.993 [info] > git status -z -uall [19ms]
2025-08-10 10:40:54.106 [info] > git config --get commit.template [11ms]
2025-08-10 10:40:54.107 [info] > git for-each-ref --format=%(refname)%00%(upstream:short)%00%(objectname)%00%(upstream:track)%00%(upstream:remotename)%00%(upstream:remoteref) refs/heads/main refs/remotes/main [2ms]
2025-08-10 10:40:54.130 [info] > git for-each-ref --sort -committerdate --format %(refname)%00%(objectname)%00%(*objectname) [3ms]
2025-08-10 10:40:54.132 [info] > git status -z -uall [15ms]
2025-08-10 10:41:02.697 [info] > git fetch [343ms]
2025-08-10 10:41:02.724 [info] > git config --get commit.template [13ms]
2025-08-10 10:41:02.726 [info] > git for-each-ref --format=%(refname)%00%(upstream:short)%00%(objectname)%00%(upstream:track)%00%(upstream:remotename)%00%(upstream:remoteref) refs/heads/main refs/remotes/main [2ms]
2025-08-10 10:41:02.759 [info] > git for-each-ref --sort -committerdate --format %(refname)%00%(objectname)%00%(*objectname) [4ms]
2025-08-10 10:41:02.761 [info] > git status -z -uall [20ms]
2025-08-10 10:41:03.936 [info] > git config --get commit.template [12ms]
2025-08-10 10:41:03.939 [info] > git for-each-ref --format=%(refname)%00%(upstream:short)%00%(objectname)%00%(upstream:track)%00%(upstream:remotename)%00%(upstream:remoteref) refs/heads/main refs/remotes/main [3ms]
2025-08-10 10:41:03.966 [info] > git for-each-ref --sort -committerdate --format %(refname)%00%(objectname)%00%(*objectname) [3ms]
2025-08-10 10:41:03.967 [info] > git status -z -uall [17ms]
2025-08-10 10:42:00.294 [info] > git config --get commit.template [13ms]
2025-08-10 10:42:00.296 [info] > git for-each-ref --format=%(refname)%00%(upstream:short)%00%(objectname)%00%(upstream:track)%00%(upstream:remotename)%00%(upstream:remoteref) refs/heads/main refs/remotes/main [4ms]
2025-08-10 10:42:00.327 [info] > git for-each-ref --sort -committerdate --format %(refname)%00%(objectname)%00%(*objectname) [4ms]
2025-08-10 10:42:00.328 [info] > git status -z -uall [18ms]
2025-08-10 10:42:23.258 [info] > git config --get commit.template [12ms]
2025-08-10 10:42:23.260 [info] > git for-each-ref --format=%(refname)%00%(upstream:short)%00%(objectname)%00%(upstream:track)%00%(upstream:remotename)%00%(upstream:remoteref) refs/heads/main refs/remotes/main [3ms]
2025-08-10 10:42:23.289 [info] > git for-each-ref --sort -committerdate --format %(refname)%00%(objectname)%00%(*objectname) [3ms]
2025-08-10 10:42:23.293 [info] > git status -z -uall [20ms]
2025-08-10 10:42:47.654 [info] > git config --get commit.template [20ms]
2025-08-10 10:42:47.659 [info] > git for-each-ref --format=%(refname)%00%(upstream:short)%00%(objectname)%00%(upstream:track)%00%(upstream:remotename)%00%(upstream:remoteref) refs/heads/main refs/remotes/main [6ms]
2025-08-10 10:42:47.733 [info] > git status -z -uall [56ms]
2025-08-10 10:42:47.734 [info] > git for-each-ref --sort -committerdate --format %(refname)%00%(objectname)%00%(*objectname) [5ms]
2025-08-10 10:43:09.969 [info] > git config --get commit.template [3ms]
2025-08-10 10:43:09.987 [info] > git for-each-ref --format=%(refname)%00%(upstream:short)%00%(objectname)%00%(upstream:track)%00%(upstream:remotename)%00%(upstream:remoteref) refs/heads/main refs/remotes/main [3ms]
2025-08-10 10:43:10.015 [info] > git for-each-ref --sort -committerdate --format %(refname)%00%(objectname)%00%(*objectname) [4ms]
2025-08-10 10:43:10.016 [info] > git status -z -uall [16ms]
2025-08-10 10:43:15.049 [info] > git config --get commit.template [14ms]
2025-08-10 10:43:15.050 [info] > git for-each-ref --format=%(refname)%00%(upstream:short)%00%(objectname)%00%(upstream:track)%00%(upstream:remotename)%00%(upstream:remoteref) refs/heads/main refs/remotes/main [3ms]
2025-08-10 10:43:15.077 [info] > git for-each-ref --sort -committerdate --format %(refname)%00%(objectname)%00%(*objectname) [3ms]
2025-08-10 10:43:15.081 [info] > git status -z -uall [20ms]
2025-08-10 10:44:03.126 [info] > git fetch [348ms]
2025-08-10 10:44:03.156 [info] > git config --get commit.template [15ms]
2025-08-10 10:44:03.156 [info] > git for-each-ref --format=%(refname)%00%(upstream:short)%00%(objectname)%00%(upstream:track)%00%(upstream:remotename)%00%(upstream:remoteref) refs/heads/main refs/remotes/main [3ms]
2025-08-10 10:44:03.185 [info] > git for-each-ref --sort -committerdate --format %(refname)%00%(objectname)%00%(*objectname) [3ms]
2025-08-10 10:44:03.186 [info] > git status -z -uall [17ms]
2025-08-10 10:44:04.345 [info] > git config --get commit.template [11ms]
2025-08-10 10:44:04.347 [info] > git for-each-ref --format=%(refname)%00%(upstream:short)%00%(objectname)%00%(upstream:track)%00%(upstream:remotename)%00%(upstream:remoteref) refs/heads/main refs/remotes/main [3ms]
2025-08-10 10:44:04.368 [info] > git for-each-ref --sort -committerdate --format %(refname)%00%(objectname)%00%(*objectname) [2ms]
2025-08-10 10:44:04.371 [info] > git status -z -uall [15ms]
2025-08-10 10:44:20.587 [info] > git config --get commit.template [16ms]
2025-08-10 10:44:20.589 [info] > git for-each-ref --format=%(refname)%00%(upstream:short)%00%(objectname)%00%(upstream:track)%00%(upstream:remotename)%00%(upstream:remoteref) refs/heads/main refs/remotes/main [3ms]
2025-08-10 10:44:20.618 [info] > git for-each-ref --sort -committerdate --format %(refname)%00%(objectname)%00%(*objectname) [4ms]
2025-08-10 10:44:20.621 [info] > git status -z -uall [18ms]
2025-08-10 10:44:25.649 [info] > git config --get commit.template [13ms]
2025-08-10 10:44:25.652 [info] > git for-each-ref --format=%(refname)%00%(upstream:short)%00%(objectname)%00%(upstream:track)%00%(upstream:remotename)%00%(upstream:remoteref) refs/heads/main refs/remotes/main [4ms]
2025-08-10 10:44:25.684 [info] > git status -z -uall [17ms]
2025-08-10 10:44:25.685 [info] > git for-each-ref --sort -committerdate --format %(refname)%00%(objectname)%00%(*objectname) [4ms]
2025-08-10 10:44:30.712 [info] > git config --get commit.template [10ms]
2025-08-10 10:44:30.715 [info] > git for-each-ref --format=%(refname)%00%(upstream:short)%00%(objectname)%00%(upstream:track)%00%(upstream:remotename)%00%(upstream:remoteref) refs/heads/main refs/remotes/main [3ms]
2025-08-10 10:44:30.740 [info] > git status -z -uall [15ms]
2025-08-10 10:44:30.741 [info] > git for-each-ref --sort -committerdate --format %(refname)%00%(objectname)%00%(*objectname) [3ms]
2025-08-10 10:44:35.107 [info] > git check-ignore -v -z --stdin [2ms]
2025-08-10 10:44:36.247 [info] > git show --textconv :src/components/sections/landing/HeroSection.astro [15ms]
2025-08-10 10:44:36.248 [info] > git ls-files --stage -- src/components/sections/landing/HeroSection.astro [2ms]
2025-08-10 10:44:36.269 [info] > git cat-file -s 651d4ec772e9f1908a9a04cbe4abb909827b9701 [6ms]
2025-08-10 10:44:37.816 [info] > git blame --root --incremental 0d7a3a898007be1d8200d8db99d59472a2da8d06 -- src/components/sections/landing/HeroSection.astro [5ms]
2025-08-10 10:45:11.298 [info] > git config --get commit.template [16ms]
2025-08-10 10:45:11.301 [info] > git for-each-ref --format=%(refname)%00%(upstream:short)%00%(objectname)%00%(upstream:track)%00%(upstream:remotename)%00%(upstream:remoteref) refs/heads/main refs/remotes/main [3ms]
2025-08-10 10:45:11.330 [info] > git for-each-ref --sort -committerdate --format %(refname)%00%(objectname)%00%(*objectname) [4ms]
2025-08-10 10:45:11.332 [info] > git status -z -uall [18ms]
2025-08-10 10:45:16.367 [info] > git config --get commit.template [15ms]
2025-08-10 10:45:16.368 [info] > git for-each-ref --format=%(refname)%00%(upstream:short)%00%(objectname)%00%(upstream:track)%00%(upstream:remotename)%00%(upstream:remoteref) refs/heads/main refs/remotes/main [3ms]
2025-08-10 10:45:16.397 [info] > git for-each-ref --sort -committerdate --format %(refname)%00%(objectname)%00%(*objectname) [3ms]
2025-08-10 10:45:16.399 [info] > git status -z -uall [16ms]
2025-08-10 10:45:21.421 [info] > git config --get commit.template [4ms]
2025-08-10 10:45:21.438 [info] > git for-each-ref --format=%(refname)%00%(upstream:short)%00%(objectname)%00%(upstream:track)%00%(upstream:remotename)%00%(upstream:remoteref) refs/heads/main refs/remotes/main [3ms]
2025-08-10 10:45:21.470 [info] > git for-each-ref --sort -committerdate --format %(refname)%00%(objectname)%00%(*objectname) [4ms]
2025-08-10 10:45:21.472 [info] > git status -z -uall [20ms]
2025-08-10 10:45:26.505 [info] > git config --get commit.template [15ms]
2025-08-10 10:45:26.507 [info] > git for-each-ref --format=%(refname)%00%(upstream:short)%00%(objectname)%00%(upstream:track)%00%(upstream:remotename)%00%(upstream:remoteref) refs/heads/main refs/remotes/main [3ms]
2025-08-10 10:45:26.536 [info] > git status -z -uall [16ms]
2025-08-10 10:45:26.536 [info] > git for-each-ref --sort -committerdate --format %(refname)%00%(objectname)%00%(*objectname) [3ms]
2025-08-10 10:45:31.569 [info] > git config --get commit.template [12ms]
2025-08-10 10:45:31.570 [info] > git for-each-ref --format=%(refname)%00%(upstream:short)%00%(objectname)%00%(upstream:track)%00%(upstream:remotename)%00%(upstream:remoteref) refs/heads/main refs/remotes/main [2ms]
2025-08-10 10:45:31.598 [info] > git for-each-ref --sort -committerdate --format %(refname)%00%(objectname)%00%(*objectname) [3ms]
2025-08-10 10:45:31.601 [info] > git status -z -uall [17ms]
2025-08-10 10:45:50.718 [info] > git config --get commit.template [11ms]
2025-08-10 10:45:50.720 [info] > git for-each-ref --format=%(refname)%00%(upstream:short)%00%(objectname)%00%(upstream:track)%00%(upstream:remotename)%00%(upstream:remoteref) refs/heads/main refs/remotes/main [3ms]
2025-08-10 10:45:50.743 [info] > git for-each-ref --sort -committerdate --format %(refname)%00%(objectname)%00%(*objectname) [4ms]
2025-08-10 10:45:50.747 [info] > git status -z -uall [17ms]
2025-08-10 10:46:01.503 [info] > git config --get commit.template [14ms]
2025-08-10 10:46:01.514 [info] > git for-each-ref --format=%(refname)%00%(upstream:short)%00%(objectname)%00%(upstream:track)%00%(upstream:remotename)%00%(upstream:remoteref) refs/heads/main refs/remotes/main [12ms]
2025-08-10 10:46:01.549 [info] > git status -z -uall [19ms]
2025-08-10 10:46:01.550 [info] > git for-each-ref --sort -committerdate --format %(refname)%00%(objectname)%00%(*objectname) [5ms]
2025-08-10 10:46:31.539 [info] > git config --get commit.template [16ms]
2025-08-10 10:46:31.541 [info] > git for-each-ref --format=%(refname)%00%(upstream:short)%00%(objectname)%00%(upstream:track)%00%(upstream:remotename)%00%(upstream:remoteref) refs/heads/main refs/remotes/main [4ms]
2025-08-10 10:46:31.574 [info] > git status -z -uall [19ms]
2025-08-10 10:46:31.576 [info] > git for-each-ref --sort -committerdate --format %(refname)%00%(objectname)%00%(*objectname) [4ms]
2025-08-10 10:46:39.695 [info] > git config --get commit.template [12ms]
2025-08-10 10:46:39.696 [info] > git for-each-ref --format=%(refname)%00%(upstream:short)%00%(objectname)%00%(upstream:track)%00%(upstream:remotename)%00%(upstream:remoteref) refs/heads/main refs/remotes/main [2ms]
2025-08-10 10:46:39.726 [info] > git status -z -uall [15ms]
2025-08-10 10:46:39.728 [info] > git for-each-ref --sort -committerdate --format %(refname)%00%(objectname)%00%(*objectname) [4ms]
2025-08-10 10:46:56.173 [info] > git config --get commit.template [15ms]
2025-08-10 10:46:56.174 [info] > git for-each-ref --format=%(refname)%00%(upstream:short)%00%(objectname)%00%(upstream:track)%00%(upstream:remotename)%00%(upstream:remoteref) refs/heads/main refs/remotes/main [2ms]
2025-08-10 10:46:56.206 [info] > git for-each-ref --sort -committerdate --format %(refname)%00%(objectname)%00%(*objectname) [4ms]
2025-08-10 10:46:56.206 [info] > git status -z -uall [19ms]
2025-08-10 10:47:04.216 [info] > git fetch [350ms]
2025-08-10 10:47:04.242 [info] > git config --get commit.template [12ms]
2025-08-10 10:47:04.244 [info] > git for-each-ref --format=%(refname)%00%(upstream:short)%00%(objectname)%00%(upstream:track)%00%(upstream:remotename)%00%(upstream:remoteref) refs/heads/main refs/remotes/main [2ms]
2025-08-10 10:47:04.276 [info] > git for-each-ref --sort -committerdate --format %(refname)%00%(objectname)%00%(*objectname) [4ms]
2025-08-10 10:47:04.278 [info] > git status -z -uall [20ms]
2025-08-10 10:47:05.454 [info] > git config --get commit.template [16ms]
2025-08-10 10:47:05.457 [info] > git for-each-ref --format=%(refname)%00%(upstream:short)%00%(objectname)%00%(upstream:track)%00%(upstream:remotename)%00%(upstream:remoteref) refs/heads/main refs/remotes/main [4ms]
2025-08-10 10:47:05.488 [info] > git for-each-ref --sort -committerdate --format %(refname)%00%(objectname)%00%(*objectname) [5ms]
2025-08-10 10:47:05.489 [info] > git status -z -uall [18ms]
2025-08-10 10:47:11.196 [info] > git config --get commit.template [13ms]
2025-08-10 10:47:11.198 [info] > git for-each-ref --format=%(refname)%00%(upstream:short)%00%(objectname)%00%(upstream:track)%00%(upstream:remotename)%00%(upstream:remoteref) refs/heads/main refs/remotes/main [2ms]
2025-08-10 10:47:11.223 [info] > git for-each-ref --sort -committerdate --format %(refname)%00%(objectname)%00%(*objectname) [4ms]
2025-08-10 10:47:11.227 [info] > git status -z -uall [18ms]
2025-08-10 10:47:16.259 [info] > git config --get commit.template [13ms]
2025-08-10 10:47:16.261 [info] > git for-each-ref --format=%(refname)%00%(upstream:short)%00%(objectname)%00%(upstream:track)%00%(upstream:remotename)%00%(upstream:remoteref) refs/heads/main refs/remotes/main [3ms]
2025-08-10 10:47:16.288 [info] > git for-each-ref --sort -committerdate --format %(refname)%00%(objectname)%00%(*objectname) [4ms]
2025-08-10 10:47:16.291 [info] > git status -z -uall [18ms]
2025-08-10 10:47:21.325 [info] > git for-each-ref --format=%(refname)%00%(upstream:short)%00%(objectname)%00%(upstream:track)%00%(upstream:remotename)%00%(upstream:remoteref) refs/heads/main refs/remotes/main [1ms]
2025-08-10 10:47:21.325 [info] > git config --get commit.template [17ms]
2025-08-10 10:47:21.357 [info] > git for-each-ref --sort -committerdate --format %(refname)%00%(objectname)%00%(*objectname) [3ms]
2025-08-10 10:47:21.362 [info] > git status -z -uall [21ms]
2025-08-10 10:47:26.392 [info] > git config --get commit.template [12ms]
2025-08-10 10:47:26.395 [info] > git for-each-ref --format=%(refname)%00%(upstream:short)%00%(objectname)%00%(upstream:track)%00%(upstream:remotename)%00%(upstream:remoteref) refs/heads/main refs/remotes/main [4ms]
2025-08-10 10:47:26.422 [info] > git for-each-ref --sort -committerdate --format %(refname)%00%(objectname)%00%(*objectname) [4ms]
2025-08-10 10:47:26.423 [info] > git status -z -uall [15ms]
2025-08-10 10:47:32.796 [info] > git config --get commit.template [10ms]
2025-08-10 10:47:32.798 [info] > git for-each-ref --format=%(refname)%00%(upstream:short)%00%(objectname)%00%(upstream:track)%00%(upstream:remotename)%00%(upstream:remoteref) refs/heads/main refs/remotes/main [3ms]
2025-08-10 10:47:32.821 [info] > git for-each-ref --sort -committerdate --format %(refname)%00%(objectname)%00%(*objectname) [3ms]
2025-08-10 10:47:32.824 [info] > git status -z -uall [16ms]
2025-08-10 10:49:18.927 [info] > git config --get commit.template [17ms]
2025-08-10 10:49:18.928 [info] > git for-each-ref --format=%(refname)%00%(upstream:short)%00%(objectname)%00%(upstream:track)%00%(upstream:remotename)%00%(upstream:remoteref) refs/heads/main refs/remotes/main [4ms]
2025-08-10 10:49:18.961 [info] > git for-each-ref --sort -committerdate --format %(refname)%00%(objectname)%00%(*objectname) [4ms]
2025-08-10 10:49:18.963 [info] > git status -z -uall [19ms]
2025-08-10 10:49:37.167 [info] > git config --get commit.template [3ms]
2025-08-10 10:49:37.183 [info] > git for-each-ref --format=%(refname)%00%(upstream:short)%00%(objectname)%00%(upstream:track)%00%(upstream:remotename)%00%(upstream:remoteref) refs/heads/main refs/remotes/main [3ms]
2025-08-10 10:49:37.208 [info] > git for-each-ref --sort -committerdate --format %(refname)%00%(objectname)%00%(*objectname) [3ms]
2025-08-10 10:49:37.215 [info] > git status -z -uall [20ms]
2025-08-10 10:49:42.235 [info] > git config --get commit.template [2ms]
2025-08-10 10:49:42.252 [info] > git for-each-ref --format=%(refname)%00%(upstream:short)%00%(objectname)%00%(upstream:track)%00%(upstream:remotename)%00%(upstream:remoteref) refs/heads/main refs/remotes/main [3ms]
2025-08-10 10:49:42.282 [info] > git for-each-ref --sort -committerdate --format %(refname)%00%(objectname)%00%(*objectname) [3ms]
2025-08-10 10:49:42.286 [info] > git status -z -uall [20ms]
2025-08-10 10:49:47.321 [info] > git config --get commit.template [14ms]
2025-08-10 10:49:47.323 [info] > git for-each-ref --format=%(refname)%00%(upstream:short)%00%(objectname)%00%(upstream:track)%00%(upstream:remotename)%00%(upstream:remoteref) refs/heads/main refs/remotes/main [3ms]
2025-08-10 10:49:47.353 [info] > git status -z -uall [18ms]
2025-08-10 10:49:47.353 [info] > git for-each-ref --sort -committerdate --format %(refname)%00%(objectname)%00%(*objectname) [7ms]
2025-08-10 10:49:52.385 [info] > git config --get commit.template [13ms]
2025-08-10 10:49:52.387 [info] > git for-each-ref --format=%(refname)%00%(upstream:short)%00%(objectname)%00%(upstream:track)%00%(upstream:remotename)%00%(upstream:remoteref) refs/heads/main refs/remotes/main [2ms]
2025-08-10 10:49:52.414 [info] > git for-each-ref --sort -committerdate --format %(refname)%00%(objectname)%00%(*objectname) [3ms]
2025-08-10 10:49:52.415 [info] > git status -z -uall [17ms]
2025-08-10 10:49:57.450 [info] > git config --get commit.template [13ms]
2025-08-10 10:49:57.453 [info] > git for-each-ref --format=%(refname)%00%(upstream:short)%00%(objectname)%00%(upstream:track)%00%(upstream:remotename)%00%(upstream:remoteref) refs/heads/main refs/remotes/main [4ms]
2025-08-10 10:49:57.486 [info] > git status -z -uall [20ms]
2025-08-10 10:49:57.486 [info] > git for-each-ref --sort -committerdate --format %(refname)%00%(objectname)%00%(*objectname) [5ms]
2025-08-10 10:50:02.518 [info] > git config --get commit.template [14ms]
2025-08-10 10:50:02.522 [info] > git for-each-ref --format=%(refname)%00%(upstream:short)%00%(objectname)%00%(upstream:track)%00%(upstream:remotename)%00%(upstream:remoteref) refs/heads/main refs/remotes/main [4ms]
2025-08-10 10:50:02.558 [info] > git status -z -uall [18ms]
2025-08-10 10:50:02.558 [info] > git for-each-ref --sort -committerdate --format %(refname)%00%(objectname)%00%(*objectname) [4ms]
2025-08-10 10:50:04.650 [info] > git fetch [354ms]
2025-08-10 10:50:04.670 [info] > git config --get commit.template [5ms]
2025-08-10 10:50:04.685 [info] > git for-each-ref --format=%(refname)%00%(upstream:short)%00%(objectname)%00%(upstream:track)%00%(upstream:remotename)%00%(upstream:remoteref) refs/heads/main refs/remotes/main [3ms]
2025-08-10 10:50:04.714 [info] > git status -z -uall [17ms]
2025-08-10 10:50:04.714 [info] > git for-each-ref --sort -committerdate --format %(refname)%00%(objectname)%00%(*objectname) [4ms]
2025-08-10 10:50:07.592 [info] > git config --get commit.template [14ms]
2025-08-10 10:50:07.594 [info] > git for-each-ref --format=%(refname)%00%(upstream:short)%00%(objectname)%00%(upstream:track)%00%(upstream:remotename)%00%(upstream:remoteref) refs/heads/main refs/remotes/main [3ms]
2025-08-10 10:50:07.620 [info] > git for-each-ref --sort -committerdate --format %(refname)%00%(objectname)%00%(*objectname) [4ms]
2025-08-10 10:50:07.624 [info] > git status -z -uall [18ms]
2025-08-10 10:50:12.657 [info] > git config --get commit.template [14ms]
2025-08-10 10:50:12.659 [info] > git for-each-ref --format=%(refname)%00%(upstream:short)%00%(objectname)%00%(upstream:track)%00%(upstream:remotename)%00%(upstream:remoteref) refs/heads/main refs/remotes/main [3ms]
2025-08-10 10:50:12.692 [info] > git for-each-ref --sort -committerdate --format %(refname)%00%(objectname)%00%(*objectname) [4ms]
2025-08-10 10:50:12.692 [info] > git status -z -uall [19ms]
2025-08-10 10:50:17.729 [info] > git config --get commit.template [19ms]
2025-08-10 10:50:17.730 [info] > git for-each-ref --format=%(refname)%00%(upstream:short)%00%(objectname)%00%(upstream:track)%00%(upstream:remotename)%00%(upstream:remoteref) refs/heads/main refs/remotes/main [4ms]
2025-08-10 10:50:17.756 [info] > git for-each-ref --sort -committerdate --format %(refname)%00%(objectname)%00%(*objectname) [3ms]
2025-08-10 10:50:17.760 [info] > git status -z -uall [18ms]
2025-08-10 10:50:22.791 [info] > git config --get commit.template [13ms]
2025-08-10 10:50:22.793 [info] > git for-each-ref --format=%(refname)%00%(upstream:short)%00%(objectname)%00%(upstream:track)%00%(upstream:remotename)%00%(upstream:remoteref) refs/heads/main refs/remotes/main [3ms]
2025-08-10 10:50:22.823 [info] > git status -z -uall [17ms]
2025-08-10 10:50:22.825 [info] > git for-each-ref --sort -committerdate --format %(refname)%00%(objectname)%00%(*objectname) [3ms]
2025-08-10 10:50:27.859 [info] > git config --get commit.template [18ms]
2025-08-10 10:50:27.862 [info] > git for-each-ref --format=%(refname)%00%(upstream:short)%00%(objectname)%00%(upstream:track)%00%(upstream:remotename)%00%(upstream:remoteref) refs/heads/main refs/remotes/main [6ms]
2025-08-10 10:50:27.895 [info] > git status -z -uall [19ms]
2025-08-10 10:50:27.895 [info] > git for-each-ref --sort -committerdate --format %(refname)%00%(objectname)%00%(*objectname) [4ms]
2025-08-10 10:50:36.811 [info] > git config --get commit.template [14ms]
2025-08-10 10:50:36.813 [info] > git for-each-ref --format=%(refname)%00%(upstream:short)%00%(objectname)%00%(upstream:track)%00%(upstream:remotename)%00%(upstream:remoteref) refs/heads/main refs/remotes/main [3ms]
2025-08-10 10:50:36.844 [info] > git for-each-ref --sort -committerdate --format %(refname)%00%(objectname)%00%(*objectname) [4ms]
2025-08-10 10:50:36.848 [info] > git status -z -uall [21ms]
2025-08-10 10:51:52.360 [info] > git config --get commit.template [16ms]
2025-08-10 10:51:52.362 [info] > git for-each-ref --format=%(refname)%00%(upstream:short)%00%(objectname)%00%(upstream:track)%00%(upstream:remotename)%00%(upstream:remoteref) refs/heads/main refs/remotes/main [3ms]
2025-08-10 10:51:52.392 [info] > git for-each-ref --sort -committerdate --format %(refname)%00%(objectname)%00%(*objectname) [3ms]
2025-08-10 10:51:52.394 [info] > git status -z -uall [19ms]
2025-08-10 10:51:57.429 [info] > git config --get commit.template [17ms]
2025-08-10 10:51:57.432 [info] > git for-each-ref --format=%(refname)%00%(upstream:short)%00%(objectname)%00%(upstream:track)%00%(upstream:remotename)%00%(upstream:remoteref) refs/heads/main refs/remotes/main [4ms]
2025-08-10 10:51:57.468 [info] > git status -z -uall [21ms]
2025-08-10 10:51:57.468 [info] > git for-each-ref --sort -committerdate --format %(refname)%00%(objectname)%00%(*objectname) [6ms]
2025-08-10 10:52:02.499 [info] > git config --get commit.template [12ms]
2025-08-10 10:52:02.501 [info] > git for-each-ref --format=%(refname)%00%(upstream:short)%00%(objectname)%00%(upstream:track)%00%(upstream:remotename)%00%(upstream:remoteref) refs/heads/main refs/remotes/main [3ms]
2025-08-10 10:52:02.528 [info] > git for-each-ref --sort -committerdate --format %(refname)%00%(objectname)%00%(*objectname) [3ms]
2025-08-10 10:52:02.529 [info] > git status -z -uall [17ms]
2025-08-10 10:52:09.512 [info] > git config --get commit.template [15ms]
2025-08-10 10:52:09.514 [info] > git for-each-ref --format=%(refname)%00%(upstream:short)%00%(objectname)%00%(upstream:track)%00%(upstream:remotename)%00%(upstream:remoteref) refs/heads/main refs/remotes/main [3ms]
2025-08-10 10:52:09.545 [info] > git status -z -uall [19ms]
2025-08-10 10:52:09.546 [info] > git for-each-ref --sort -committerdate --format %(refname)%00%(objectname)%00%(*objectname) [7ms]
2025-08-10 10:52:14.577 [info] > git config --get commit.template [14ms]
2025-08-10 10:52:14.579 [info] > git for-each-ref --format=%(refname)%00%(upstream:short)%00%(objectname)%00%(upstream:track)%00%(upstream:remotename)%00%(upstream:remoteref) refs/heads/main refs/remotes/main [4ms]
2025-08-10 10:52:14.609 [info] > git for-each-ref --sort -committerdate --format %(refname)%00%(objectname)%00%(*objectname) [3ms]
2025-08-10 10:52:14.610 [info] > git status -z -uall [17ms]
2025-08-10 10:52:21.866 [info] > git config --get commit.template [16ms]
2025-08-10 10:52:21.867 [info] > git for-each-ref --format=%(refname)%00%(upstream:short)%00%(objectname)%00%(upstream:track)%00%(upstream:remotename)%00%(upstream:remoteref) refs/heads/main refs/remotes/main [2ms]
2025-08-10 10:52:21.903 [info] > git for-each-ref --sort -committerdate --format %(refname)%00%(objectname)%00%(*objectname) [4ms]
2025-08-10 10:52:21.903 [info] > git status -z -uall [20ms]
2025-08-10 10:52:48.396 [info] > git config --get commit.template [16ms]
2025-08-10 10:52:48.399 [info] > git for-each-ref --format=%(refname)%00%(upstream:short)%00%(objectname)%00%(upstream:track)%00%(upstream:remotename)%00%(upstream:remoteref) refs/heads/main refs/remotes/main [4ms]
2025-08-10 10:52:48.429 [info] > git status -z -uall [17ms]
2025-08-10 10:52:48.430 [info] > git for-each-ref --sort -committerdate --format %(refname)%00%(objectname)%00%(*objectname) [3ms]
2025-08-10 10:53:05.061 [info] > git fetch [331ms]
2025-08-10 10:53:05.087 [info] > git config --get commit.template [13ms]
2025-08-10 10:53:05.088 [info] > git for-each-ref --format=%(refname)%00%(upstream:short)%00%(objectname)%00%(upstream:track)%00%(upstream:remotename)%00%(upstream:remoteref) refs/heads/main refs/remotes/main [2ms]
2025-08-10 10:53:05.118 [info] > git for-each-ref --sort -committerdate --format %(refname)%00%(objectname)%00%(*objectname) [3ms]
2025-08-10 10:53:05.120 [info] > git status -z -uall [19ms]
2025-08-10 10:53:06.351 [info] > git config --get commit.template [19ms]
2025-08-10 10:53:06.353 [info] > git for-each-ref --format=%(refname)%00%(upstream:short)%00%(objectname)%00%(upstream:track)%00%(upstream:remotename)%00%(upstream:remoteref) refs/heads/main refs/remotes/main [4ms]
2025-08-10 10:53:06.386 [info] > git status -z -uall [16ms]
2025-08-10 10:53:06.387 [info] > git for-each-ref --sort -committerdate --format %(refname)%00%(objectname)%00%(*objectname) [4ms]
2025-08-10 10:53:27.657 [info] > git config --get commit.template [15ms]
2025-08-10 10:53:27.659 [info] > git for-each-ref --format=%(refname)%00%(upstream:short)%00%(objectname)%00%(upstream:track)%00%(upstream:remotename)%00%(upstream:remoteref) refs/heads/main refs/remotes/main [3ms]
2025-08-10 10:53:27.690 [info] > git for-each-ref --sort -committerdate --format %(refname)%00%(objectname)%00%(*objectname) [4ms]
2025-08-10 10:53:27.693 [info] > git status -z -uall [20ms]
2025-08-10 10:53:32.732 [info] > git config --get commit.template [19ms]
2025-08-10 10:53:32.734 [info] > git for-each-ref --format=%(refname)%00%(upstream:short)%00%(objectname)%00%(upstream:track)%00%(upstream:remotename)%00%(upstream:remoteref) refs/heads/main refs/remotes/main [3ms]
2025-08-10 10:53:32.768 [info] > git status -z -uall [17ms]
2025-08-10 10:53:32.769 [info] > git for-each-ref --sort -committerdate --format %(refname)%00%(objectname)%00%(*objectname) [3ms]
2025-08-10 10:58:31.218 [info] > git fetch [340ms]
2025-08-10 10:58:31.246 [info] > git config --get commit.template [13ms]
2025-08-10 10:58:31.248 [info] > git for-each-ref --format=%(refname)%00%(upstream:short)%00%(objectname)%00%(upstream:track)%00%(upstream:remotename)%00%(upstream:remoteref) refs/heads/main refs/remotes/main [2ms]
2025-08-10 10:58:31.274 [info] > git for-each-ref --sort -committerdate --format %(refname)%00%(objectname)%00%(*objectname) [3ms]
2025-08-10 10:58:31.278 [info] > git status -z -uall [16ms]
2025-08-10 10:58:32.587 [info] > git config --get commit.template [14ms]
2025-08-10 10:58:32.588 [info] > git for-each-ref --format=%(refname)%00%(upstream:short)%00%(objectname)%00%(upstream:track)%00%(upstream:remotename)%00%(upstream:remoteref) refs/heads/main refs/remotes/main [3ms]
2025-08-10 10:58:32.619 [info] > git status -z -uall [17ms]
2025-08-10 10:58:32.620 [info] > git for-each-ref --sort -committerdate --format %(refname)%00%(objectname)%00%(*objectname) [5ms]
2025-08-10 10:58:46.346 [info] > git config --get commit.template [16ms]
2025-08-10 10:58:46.348 [info] > git for-each-ref --format=%(refname)%00%(upstream:short)%00%(objectname)%00%(upstream:track)%00%(upstream:remotename)%00%(upstream:remoteref) refs/heads/main refs/remotes/main [4ms]
2025-08-10 10:58:46.382 [info] > git status -z -uall [19ms]
2025-08-10 10:58:46.382 [info] > git for-each-ref --sort -committerdate --format %(refname)%00%(objectname)%00%(*objectname) [4ms]
2025-08-10 11:01:31.643 [info] > git fetch [348ms]
2025-08-10 11:01:31.675 [info] > git config --get commit.template [15ms]
2025-08-10 11:01:31.676 [info] > git for-each-ref --format=%(refname)%00%(upstream:short)%00%(objectname)%00%(upstream:track)%00%(upstream:remotename)%00%(upstream:remoteref) refs/heads/main refs/remotes/main [2ms]
2025-08-10 11:01:31.706 [info] > git status -z -uall [16ms]
2025-08-10 11:01:31.708 [info] > git for-each-ref --sort -committerdate --format %(refname)%00%(objectname)%00%(*objectname) [4ms]
2025-08-10 11:01:49.602 [info] > git config --get commit.template [12ms]
2025-08-10 11:01:49.604 [info] > git for-each-ref --format=%(refname)%00%(upstream:short)%00%(objectname)%00%(upstream:track)%00%(upstream:remotename)%00%(upstream:remoteref) refs/heads/main refs/remotes/main [3ms]
2025-08-10 11:01:49.628 [info] > git for-each-ref --sort -committerdate --format %(refname)%00%(objectname)%00%(*objectname) [3ms]
2025-08-10 11:01:49.630 [info] > git status -z -uall [15ms]
2025-08-10 11:02:42.955 [info] > git config --get commit.template [16ms]
2025-08-10 11:02:42.956 [info] > git for-each-ref --format=%(refname)%00%(upstream:short)%00%(objectname)%00%(upstream:track)%00%(upstream:remotename)%00%(upstream:remoteref) refs/heads/main refs/remotes/main [4ms]
2025-08-10 11:02:42.986 [info] > git for-each-ref --sort -committerdate --format %(refname)%00%(objectname)%00%(*objectname) [4ms]
2025-08-10 11:02:42.991 [info] > git status -z -uall [21ms]
2025-08-10 11:05:54.854 [info] > git config --get commit.template [14ms]
2025-08-10 11:05:54.855 [info] > git for-each-ref --format=%(refname)%00%(upstream:short)%00%(objectname)%00%(upstream:track)%00%(upstream:remotename)%00%(upstream:remoteref) refs/heads/main refs/remotes/main [2ms]
2025-08-10 11:05:54.882 [info] > git status -z -uall [16ms]
2025-08-10 11:05:54.884 [info] > git for-each-ref --sort -committerdate --format %(refname)%00%(objectname)%00%(*objectname) [5ms]
2025-08-10 11:05:55.125 [info] > git fetch [330ms]
2025-08-10 11:05:55.156 [info] > git config --get commit.template [16ms]
2025-08-10 11:05:55.158 [info] > git for-each-ref --format=%(refname)%00%(upstream:short)%00%(objectname)%00%(upstream:track)%00%(upstream:remotename)%00%(upstream:remoteref) refs/heads/main refs/remotes/main [3ms]
2025-08-10 11:05:55.188 [info] > git status -z -uall [16ms]
2025-08-10 11:05:55.190 [info] > git for-each-ref --sort -committerdate --format %(refname)%00%(objectname)%00%(*objectname) [4ms]
2025-08-10 11:05:59.920 [info] > git config --get commit.template [17ms]
2025-08-10 11:05:59.921 [info] > git for-each-ref --format=%(refname)%00%(upstream:short)%00%(objectname)%00%(upstream:track)%00%(upstream:remotename)%00%(upstream:remoteref) refs/heads/main refs/remotes/main [4ms]
2025-08-10 11:05:59.953 [info] > git status -z -uall [16ms]
2025-08-10 11:05:59.954 [info] > git for-each-ref --sort -committerdate --format %(refname)%00%(objectname)%00%(*objectname) [4ms]
2025-08-10 11:06:08.097 [info] > git config --get commit.template [14ms]
2025-08-10 11:06:08.100 [info] > git for-each-ref --format=%(refname)%00%(upstream:short)%00%(objectname)%00%(upstream:track)%00%(upstream:remotename)%00%(upstream:remoteref) refs/heads/main refs/remotes/main [3ms]
2025-08-10 11:06:08.140 [info] > git for-each-ref --sort -committerdate --format %(refname)%00%(objectname)%00%(*objectname) [5ms]
2025-08-10 11:06:08.147 [info] > git status -z -uall [26ms]
2025-08-10 11:06:15.540 [info] > git config --get commit.template [16ms]
2025-08-10 11:06:15.542 [info] > git for-each-ref --format=%(refname)%00%(upstream:short)%00%(objectname)%00%(upstream:track)%00%(upstream:remotename)%00%(upstream:remoteref) refs/heads/main refs/remotes/main [3ms]
2025-08-10 11:06:15.578 [info] > git for-each-ref --sort -committerdate --format %(refname)%00%(objectname)%00%(*objectname) [3ms]
2025-08-10 11:06:15.581 [info] > git status -z -uall [23ms]
2025-08-10 11:07:06.300 [info] > git config --get commit.template [15ms]
2025-08-10 11:07:06.301 [info] > git for-each-ref --format=%(refname)%00%(upstream:short)%00%(objectname)%00%(upstream:track)%00%(upstream:remotename)%00%(upstream:remoteref) refs/heads/main refs/remotes/main [2ms]
2025-08-10 11:07:06.329 [info] > git status -z -uall [15ms]
2025-08-10 11:07:06.331 [info] > git for-each-ref --sort -committerdate --format %(refname)%00%(objectname)%00%(*objectname) [3ms]
2025-08-10 11:08:55.555 [info] > git fetch [345ms]
2025-08-10 11:08:55.589 [info] > git config --get commit.template [18ms]
2025-08-10 11:08:55.590 [info] > git for-each-ref --format=%(refname)%00%(upstream:short)%00%(objectname)%00%(upstream:track)%00%(upstream:remotename)%00%(upstream:remoteref) refs/heads/main refs/remotes/main [4ms]
2025-08-10 11:08:55.623 [info] > git for-each-ref --sort -committerdate --format %(refname)%00%(objectname)%00%(*objectname) [3ms]
2025-08-10 11:08:55.626 [info] > git status -z -uall [20ms]
2025-08-10 11:08:56.828 [info] > git config --get commit.template [14ms]
2025-08-10 11:08:56.830 [info] > git for-each-ref --format=%(refname)%00%(upstream:short)%00%(objectname)%00%(upstream:track)%00%(upstream:remotename)%00%(upstream:remoteref) refs/heads/main refs/remotes/main [3ms]
2025-08-10 11:08:56.864 [info] > git for-each-ref --sort -committerdate --format %(refname)%00%(objectname)%00%(*objectname) [4ms]
2025-08-10 11:08:56.866 [info] > git status -z -uall [20ms]
2025-08-10 11:12:24.891 [info] > git fetch [322ms]
2025-08-10 11:12:24.920 [info] > git config --get commit.template [14ms]
2025-08-10 11:12:24.922 [info] > git for-each-ref --format=%(refname)%00%(upstream:short)%00%(objectname)%00%(upstream:track)%00%(upstream:remotename)%00%(upstream:remoteref) refs/heads/main refs/remotes/main [3ms]
2025-08-10 11:12:24.955 [info] > git status -z -uall [18ms]
2025-08-10 11:12:24.955 [info] > git for-each-ref --sort -committerdate --format %(refname)%00%(objectname)%00%(*objectname) [7ms]
2025-08-10 11:12:26.193 [info] > git config --get commit.template [14ms]
2025-08-10 11:12:26.194 [info] > git for-each-ref --format=%(refname)%00%(upstream:short)%00%(objectname)%00%(upstream:track)%00%(upstream:remotename)%00%(upstream:remoteref) refs/heads/main refs/remotes/main [2ms]
2025-08-10 11:12:26.218 [info] > git for-each-ref --sort -committerdate --format %(refname)%00%(objectname)%00%(*objectname) [3ms]
2025-08-10 11:12:26.221 [info] > git status -z -uall [16ms]
2025-08-10 11:15:25.343 [info] > git fetch [370ms]
2025-08-10 11:15:25.375 [info] > git config --get commit.template [16ms]
2025-08-10 11:15:25.376 [info] > git for-each-ref --format=%(refname)%00%(upstream:short)%00%(objectname)%00%(upstream:track)%00%(upstream:remotename)%00%(upstream:remoteref) refs/heads/main refs/remotes/main [3ms]
2025-08-10 11:15:25.405 [info] > git for-each-ref --sort -committerdate --format %(refname)%00%(objectname)%00%(*objectname) [3ms]
2025-08-10 11:15:25.407 [info] > git status -z -uall [19ms]
2025-08-10 11:18:25.788 [info] > git fetch [360ms]
2025-08-10 11:18:25.822 [info] > git config --get commit.template [16ms]
2025-08-10 11:18:25.825 [info] > git for-each-ref --format=%(refname)%00%(upstream:short)%00%(objectname)%00%(upstream:track)%00%(upstream:remotename)%00%(upstream:remoteref) refs/heads/main refs/remotes/main [4ms]
2025-08-10 11:18:25.860 [info] > git status -z -uall [18ms]
2025-08-10 11:18:25.860 [info] > git for-each-ref --sort -committerdate --format %(refname)%00%(objectname)%00%(*objectname) [4ms]
2025-08-10 11:21:26.263 [info] > git fetch [382ms]
2025-08-10 11:21:26.291 [info] > git config --get commit.template [3ms]
2025-08-10 11:21:26.311 [info] > git for-each-ref --format=%(refname)%00%(upstream:short)%00%(objectname)%00%(upstream:track)%00%(upstream:remotename)%00%(upstream:remoteref) refs/heads/main refs/remotes/main [3ms]
2025-08-10 11:21:26.343 [info] > git for-each-ref --sort -committerdate --format %(refname)%00%(objectname)%00%(*objectname) [4ms]
2025-08-10 11:21:26.344 [info] > git status -z -uall [18ms]
2025-08-10 11:24:26.722 [info] > git fetch [357ms]
2025-08-10 11:24:26.743 [info] > git config --get commit.template [3ms]
2025-08-10 11:24:26.761 [info] > git for-each-ref --format=%(refname)%00%(upstream:short)%00%(objectname)%00%(upstream:track)%00%(upstream:remotename)%00%(upstream:remoteref) refs/heads/main refs/remotes/main [2ms]
2025-08-10 11:24:26.791 [info] > git status -z -uall [16ms]
2025-08-10 11:24:26.791 [info] > git for-each-ref --sort -committerdate --format %(refname)%00%(objectname)%00%(*objectname) [3ms]
2025-08-10 11:27:27.188 [info] > git fetch [373ms]
2025-08-10 11:27:27.232 [info] > git config --get commit.template [20ms]
2025-08-10 11:27:27.234 [info] > git for-each-ref --format=%(refname)%00%(upstream:short)%00%(objectname)%00%(upstream:track)%00%(upstream:remotename)%00%(upstream:remoteref) refs/heads/main refs/remotes/main [4ms]
2025-08-10 11:27:27.271 [info] > git for-each-ref --sort -committerdate --format %(refname)%00%(objectname)%00%(*objectname) [4ms]
2025-08-10 11:27:27.274 [info] > git status -z -uall [23ms]
2025-08-10 11:30:27.649 [info] > git fetch [355ms]
2025-08-10 11:30:27.668 [info] > git config --get commit.template [3ms]
2025-08-10 11:30:27.685 [info] > git for-each-ref --format=%(refname)%00%(upstream:short)%00%(objectname)%00%(upstream:track)%00%(upstream:remotename)%00%(upstream:remoteref) refs/heads/main refs/remotes/main [3ms]
2025-08-10 11:30:27.714 [info] > git for-each-ref --sort -committerdate --format %(refname)%00%(objectname)%00%(*objectname) [3ms]
2025-08-10 11:30:27.715 [info] > git status -z -uall [16ms]
2025-08-10 11:33:28.079 [info] > git fetch [343ms]
2025-08-10 11:33:28.113 [info] > git config --get commit.template [16ms]
2025-08-10 11:33:28.116 [info] > git for-each-ref --format=%(refname)%00%(upstream:short)%00%(objectname)%00%(upstream:track)%00%(upstream:remotename)%00%(upstream:remoteref) refs/heads/main refs/remotes/main [4ms]
2025-08-10 11:33:28.151 [info] > git status -z -uall [19ms]
2025-08-10 11:33:28.156 [info] > git for-each-ref --sort -committerdate --format %(refname)%00%(objectname)%00%(*objectname) [7ms]
2025-08-10 11:36:28.584 [info] > git fetch [403ms]
2025-08-10 11:36:28.621 [info] > git config --get commit.template [16ms]
2025-08-10 11:36:28.623 [info] > git for-each-ref --format=%(refname)%00%(upstream:short)%00%(objectname)%00%(upstream:track)%00%(upstream:remotename)%00%(upstream:remoteref) refs/heads/main refs/remotes/main [3ms]
2025-08-10 11:36:28.659 [info] > git status -z -uall [23ms]
2025-08-10 11:36:28.661 [info] > git for-each-ref --sort -committerdate --format %(refname)%00%(objectname)%00%(*objectname) [4ms]
2025-08-10 11:39:29.024 [info] > git fetch [343ms]
2025-08-10 11:39:29.051 [info] > git config --get commit.template [14ms]
2025-08-10 11:39:29.052 [info] > git for-each-ref --format=%(refname)%00%(upstream:short)%00%(objectname)%00%(upstream:track)%00%(upstream:remotename)%00%(upstream:remoteref) refs/heads/main refs/remotes/main [3ms]
2025-08-10 11:39:29.079 [info] > git status -z -uall [16ms]
2025-08-10 11:39:29.079 [info] > git for-each-ref --sort -committerdate --format %(refname)%00%(objectname)%00%(*objectname) [4ms]
2025-08-10 11:42:29.457 [info] > git fetch [357ms]
2025-08-10 11:42:29.484 [info] > git config --get commit.template [13ms]
2025-08-10 11:42:29.486 [info] > git for-each-ref --format=%(refname)%00%(upstream:short)%00%(objectname)%00%(upstream:track)%00%(upstream:remotename)%00%(upstream:remoteref) refs/heads/main refs/remotes/main [3ms]
2025-08-10 11:42:29.517 [info] > git status -z -uall [17ms]
2025-08-10 11:42:29.518 [info] > git for-each-ref --sort -committerdate --format %(refname)%00%(objectname)%00%(*objectname) [4ms]
2025-08-10 11:45:29.870 [info] > git fetch [333ms]
2025-08-10 11:45:29.902 [info] > git config --get commit.template [17ms]
2025-08-10 11:45:29.905 [info] > git for-each-ref --format=%(refname)%00%(upstream:short)%00%(objectname)%00%(upstream:track)%00%(upstream:remotename)%00%(upstream:remoteref) refs/heads/main refs/remotes/main [3ms]
2025-08-10 11:45:29.935 [info] > git for-each-ref --sort -committerdate --format %(refname)%00%(objectname)%00%(*objectname) [3ms]
2025-08-10 11:45:29.936 [info] > git status -z -uall [17ms]
2025-08-10 11:48:30.287 [info] > git fetch [334ms]
2025-08-10 11:48:30.306 [info] > git config --get commit.template [2ms]
2025-08-10 11:48:30.322 [info] > git for-each-ref --format=%(refname)%00%(upstream:short)%00%(objectname)%00%(upstream:track)%00%(upstream:remotename)%00%(upstream:remoteref) refs/heads/main refs/remotes/main [3ms]
2025-08-10 11:48:30.353 [info] > git for-each-ref --sort -committerdate --format %(refname)%00%(objectname)%00%(*objectname) [3ms]
2025-08-10 11:48:30.354 [info] > git status -z -uall [17ms]
2025-08-10 11:51:30.726 [info] > git fetch [355ms]
2025-08-10 11:51:30.753 [info] > git config --get commit.template [13ms]
2025-08-10 11:51:30.755 [info] > git for-each-ref --format=%(refname)%00%(upstream:short)%00%(objectname)%00%(upstream:track)%00%(upstream:remotename)%00%(upstream:remoteref) refs/heads/main refs/remotes/main [3ms]
2025-08-10 11:51:30.786 [info] > git for-each-ref --sort -committerdate --format %(refname)%00%(objectname)%00%(*objectname) [4ms]
2025-08-10 11:51:30.787 [info] > git status -z -uall [17ms]
2025-08-10 11:54:31.138 [info] > git fetch [336ms]
2025-08-10 11:54:31.163 [info] > git config --get commit.template [11ms]
2025-08-10 11:54:31.165 [info] > git for-each-ref --format=%(refname)%00%(upstream:short)%00%(objectname)%00%(upstream:track)%00%(upstream:remotename)%00%(upstream:remoteref) refs/heads/main refs/remotes/main [3ms]
2025-08-10 11:54:31.197 [info] > git for-each-ref --sort -committerdate --format %(refname)%00%(objectname)%00%(*objectname) [4ms]
2025-08-10 11:54:31.199 [info] > git status -z -uall [21ms]
2025-08-10 11:57:31.546 [info] > git fetch [330ms]
2025-08-10 11:57:31.575 [info] > git config --get commit.template [15ms]
2025-08-10 11:57:31.577 [info] > git for-each-ref --format=%(refname)%00%(upstream:short)%00%(objectname)%00%(upstream:track)%00%(upstream:remotename)%00%(upstream:remoteref) refs/heads/main refs/remotes/main [3ms]
2025-08-10 11:57:31.604 [info] > git for-each-ref --sort -committerdate --format %(refname)%00%(objectname)%00%(*objectname) [4ms]
2025-08-10 11:57:31.610 [info] > git status -z -uall [21ms]
2025-08-10 12:00:32.007 [info] > git fetch [374ms]
2025-08-10 12:00:32.042 [info] > git config --get commit.template [17ms]
2025-08-10 12:00:32.044 [info] > git for-each-ref --format=%(refname)%00%(upstream:short)%00%(objectname)%00%(upstream:track)%00%(upstream:remotename)%00%(upstream:remoteref) refs/heads/main refs/remotes/main [3ms]
2025-08-10 12:00:32.080 [info] > git for-each-ref --sort -committerdate --format %(refname)%00%(objectname)%00%(*objectname) [3ms]
2025-08-10 12:00:32.084 [info] > git status -z -uall [24ms]
2025-08-10 12:03:32.448 [info] > git fetch [346ms]
2025-08-10 12:03:32.475 [info] > git config --get commit.template [13ms]
2025-08-10 12:03:32.476 [info] > git for-each-ref --format=%(refname)%00%(upstream:short)%00%(objectname)%00%(upstream:track)%00%(upstream:remotename)%00%(upstream:remoteref) refs/heads/main refs/remotes/main [2ms]
2025-08-10 12:03:32.502 [info] > git for-each-ref --sort -committerdate --format %(refname)%00%(objectname)%00%(*objectname) [4ms]
2025-08-10 12:03:32.506 [info] > git status -z -uall [18ms]
2025-08-10 12:06:32.896 [info] > git fetch [368ms]
2025-08-10 12:06:32.932 [info] > git config --get commit.template [17ms]
2025-08-10 12:06:32.935 [info] > git for-each-ref --format=%(refname)%00%(upstream:short)%00%(objectname)%00%(upstream:track)%00%(upstream:remotename)%00%(upstream:remoteref) refs/heads/main refs/remotes/main [3ms]
2025-08-10 12:06:32.971 [info] > git for-each-ref --sort -committerdate --format %(refname)%00%(objectname)%00%(*objectname) [4ms]
2025-08-10 12:06:32.975 [info] > git status -z -uall [24ms]
2025-08-10 12:09:33.312 [info] > git fetch [321ms]
2025-08-10 12:09:33.334 [info] > git config --get commit.template [10ms]
2025-08-10 12:09:33.336 [info] > git for-each-ref --format=%(refname)%00%(upstream:short)%00%(objectname)%00%(upstream:track)%00%(upstream:remotename)%00%(upstream:remoteref) refs/heads/main refs/remotes/main [2ms]
2025-08-10 12:09:33.356 [info] > git for-each-ref --sort -committerdate --format %(refname)%00%(objectname)%00%(*objectname) [2ms]
2025-08-10 12:09:33.361 [info] > git status -z -uall [16ms]
2025-08-10 12:12:33.731 [info] > git fetch [355ms]
2025-08-10 12:12:33.756 [info] > git config --get commit.template [11ms]
2025-08-10 12:12:33.758 [info] > git for-each-ref --format=%(refname)%00%(upstream:short)%00%(objectname)%00%(upstream:track)%00%(upstream:remotename)%00%(upstream:remoteref) refs/heads/main refs/remotes/main [3ms]
2025-08-10 12:12:33.779 [info] > git for-each-ref --sort -committerdate --format %(refname)%00%(objectname)%00%(*objectname) [3ms]
2025-08-10 12:12:33.783 [info] > git status -z -uall [16ms]
