2025-08-09 14:54:59.774 [info] [main] Log level: Info
2025-08-09 14:54:59.774 [info] [main] Validating found git in: "git"
2025-08-09 14:54:59.774 [info] [main] Using git "2.49.0" from "git"
2025-08-09 14:54:59.774 [info] [Model][doInitialScan] Initial repository scan started
2025-08-09 14:54:59.774 [info] > git rev-parse --show-toplevel [17ms]
2025-08-09 14:54:59.774 [info] > git rev-parse --git-dir --git-common-dir [7ms]
2025-08-09 14:54:59.774 [info] [Model][openRepository] Opened repository (path): /workspace/Website-starter
2025-08-09 14:54:59.774 [info] [Model][openRepository] Opened repository (real path): /workspace/Website-starter
2025-08-09 14:54:59.774 [info] > git config --get commit.template [8ms]
2025-08-09 14:54:59.774 [info] > git rev-parse --show-toplevel [7ms]
2025-08-09 14:54:59.774 [info] > git for-each-ref --format=%(refname)%00%(upstream:short)%00%(objectname)%00%(upstream:track)%00%(upstream:remotename)%00%(upstream:remoteref) refs/heads/main refs/remotes/main [10ms]
2025-08-09 14:54:59.774 [info] > git rev-parse --show-toplevel [4ms]
2025-08-09 14:54:59.774 [info] > git rev-parse --show-toplevel [14ms]
2025-08-09 14:54:59.774 [info] > git for-each-ref --sort -committerdate --format %(refname)%00%(objectname)%00%(*objectname) [7ms]
2025-08-09 14:54:59.774 [info] > git status -z -uall [15ms]
2025-08-09 14:54:59.774 [info] > git rev-parse --show-toplevel [3ms]
2025-08-09 14:54:59.774 [info] > git for-each-ref --format=%(refname)%00%(upstream:short)%00%(objectname)%00%(upstream:track)%00%(upstream:remotename)%00%(upstream:remoteref) refs/heads/main refs/remotes/main [56ms]
2025-08-09 14:54:59.774 [info] > git rev-parse --show-toplevel [89ms]
2025-08-09 14:54:59.774 [info] > git config --get commit.template [18ms]
2025-08-09 14:54:59.774 [info] > git config --get --local branch.main.vscode-merge-base [8ms]
2025-08-09 14:54:59.774 [info] > git rev-parse --show-toplevel [15ms]
2025-08-09 14:54:59.774 [info] > git for-each-ref --format=%(refname)%00%(upstream:short)%00%(objectname)%00%(upstream:track)%00%(upstream:remotename)%00%(upstream:remoteref) refs/heads/origin/main refs/remotes/origin/main [8ms]
2025-08-09 14:54:59.774 [info] > git for-each-ref --format=%(refname)%00%(upstream:short)%00%(objectname)%00%(upstream:track)%00%(upstream:remotename)%00%(upstream:remoteref) refs/heads/main refs/remotes/main [15ms]
2025-08-09 14:54:59.774 [info] > git merge-base refs/heads/main refs/remotes/origin/main [8ms]
2025-08-09 14:54:59.774 [info] > git rev-parse --show-toplevel [15ms]
2025-08-09 14:54:59.774 [info] [Model][doInitialScan] Initial repository scan completed - repositories (1), closed repositories (0), parent repositories (0), unsafe repositories (0)
2025-08-09 14:54:59.774 [info] > git diff --name-status -z --diff-filter=ADMR 0d7a3a898007be1d8200d8db99d59472a2da8d06...refs/remotes/origin/main [9ms]
2025-08-09 14:54:59.777 [info] > git status -z -uall [844ms]
2025-08-09 14:54:59.778 [info] > git fetch [1062ms]
2025-08-09 14:54:59.779 [info] > git for-each-ref --sort -committerdate --format %(refname)%00%(objectname)%00%(*objectname) [840ms] (cancelled)
2025-08-09 14:54:59.795 [info] > git config --get commit.template [7ms]
2025-08-09 14:54:59.807 [info] > git for-each-ref --format=%(refname)%00%(upstream:short)%00%(objectname)%00%(upstream:track)%00%(upstream:remotename)%00%(upstream:remoteref) refs/heads/main refs/remotes/main [5ms]
2025-08-09 14:54:59.829 [info] > git for-each-ref --sort -committerdate --format %(refname)%00%(objectname)%00%(*objectname) [3ms]
2025-08-09 14:54:59.837 [info] > git status -z -uall [18ms]
2025-08-09 14:55:00.305 [info] > git check-ignore -v -z --stdin [3ms]
2025-08-09 14:55:01.625 [info] > git config --get commit.template [8ms]
2025-08-09 14:55:01.627 [info] > git for-each-ref --format=%(refname)%00%(upstream:short)%00%(objectname)%00%(upstream:track)%00%(upstream:remotename)%00%(upstream:remoteref) refs/heads/main refs/remotes/main [3ms]
2025-08-09 14:55:01.644 [info] > git for-each-ref --sort -committerdate --format %(refname)%00%(objectname)%00%(*objectname) [3ms]
2025-08-09 14:55:01.650 [info] > git status -z -uall [15ms]
2025-08-09 14:55:02.726 [info] > git show --textconv :src/components/sections/landing/HeroSection.astro [9ms]
2025-08-09 14:55:02.729 [info] > git ls-files --stage -- src/components/sections/landing/HeroSection.astro [4ms]
2025-08-09 14:55:02.739 [info] > git cat-file -s 651d4ec772e9f1908a9a04cbe4abb909827b9701 [2ms]
2025-08-09 14:55:05.715 [info] > git blame --root --incremental 0d7a3a898007be1d8200d8db99d59472a2da8d06 -- src/components/sections/landing/HeroSection.astro [4ms]
2025-08-09 14:55:08.146 [info] > git config --get --local branch.main.github-pr-owner-number [4ms]
2025-08-09 14:55:08.146 [warning] [Git][config] git config failed: Failed to execute git
2025-08-09 14:55:43.523 [info] > git check-ignore -v -z --stdin [2ms]
2025-08-09 14:55:48.200 [info] > git check-ignore -v -z --stdin [2ms]
2025-08-09 14:55:48.873 [info] > git check-ignore -v -z --stdin [2ms]
2025-08-09 14:55:49.567 [info] > git check-ignore -v -z --stdin [2ms]
2025-08-09 14:55:50.294 [info] > git check-ignore -v -z --stdin [2ms]
2025-08-09 14:55:51.038 [info] > git check-ignore -v -z --stdin [2ms]
2025-08-09 14:55:51.649 [info] > git check-ignore -v -z --stdin [2ms]
2025-08-09 14:55:52.170 [info] > git check-ignore -v -z --stdin [2ms]
2025-08-09 14:55:53.615 [info] > git check-ignore -v -z --stdin [2ms]
2025-08-09 14:55:54.159 [info] > git check-ignore -v -z --stdin [3ms]
2025-08-09 14:55:54.869 [info] > git check-ignore -v -z --stdin [2ms]
2025-08-09 14:55:55.674 [info] > git check-ignore -v -z --stdin [2ms]
2025-08-09 14:55:58.046 [info] > git check-ignore -v -z --stdin [2ms]
2025-08-09 14:56:41.297 [info] > git config --get commit.template [17ms]
2025-08-09 14:56:41.298 [info] > git for-each-ref --format=%(refname)%00%(upstream:short)%00%(objectname)%00%(upstream:track)%00%(upstream:remotename)%00%(upstream:remoteref) refs/heads/main refs/remotes/main [2ms]
2025-08-09 14:56:41.333 [info] > git for-each-ref --sort -committerdate --format %(refname)%00%(objectname)%00%(*objectname) [5ms]
2025-08-09 14:56:41.334 [info] > git status -z -uall [21ms]
2025-08-09 14:56:46.368 [info] > git config --get commit.template [12ms]
2025-08-09 14:56:46.370 [info] > git for-each-ref --format=%(refname)%00%(upstream:short)%00%(objectname)%00%(upstream:track)%00%(upstream:remotename)%00%(upstream:remoteref) refs/heads/main refs/remotes/main [3ms]
2025-08-09 14:56:46.395 [info] > git status -z -uall [15ms]
2025-08-09 14:56:46.397 [info] > git for-each-ref --sort -committerdate --format %(refname)%00%(objectname)%00%(*objectname) [5ms]
2025-08-09 14:56:51.423 [info] > git config --get commit.template [9ms]
2025-08-09 14:56:51.425 [info] > git for-each-ref --format=%(refname)%00%(upstream:short)%00%(objectname)%00%(upstream:track)%00%(upstream:remotename)%00%(upstream:remoteref) refs/heads/main refs/remotes/main [3ms]
2025-08-09 14:56:51.449 [info] > git status -z -uall [15ms]
2025-08-09 14:56:51.450 [info] > git for-each-ref --sort -committerdate --format %(refname)%00%(objectname)%00%(*objectname) [4ms]
