2025-08-09 16:11:51.417 [info] [main] Log level: Info
2025-08-09 16:11:51.417 [info] [main] Validating found git in: "git"
2025-08-09 16:11:51.417 [info] [main] Using git "2.49.0" from "git"
2025-08-09 16:11:51.417 [info] [Model][doInitialScan] Initial repository scan started
2025-08-09 16:11:51.417 [info] > git rev-parse --show-toplevel [2ms]
2025-08-09 16:11:51.417 [info] > git rev-parse --git-dir --git-common-dir [2ms]
2025-08-09 16:11:51.417 [info] [Model][openRepository] Opened repository (path): /workspace/Website-starter
2025-08-09 16:11:51.417 [info] [Model][openRepository] Opened repository (real path): /workspace/Website-starter
2025-08-09 16:11:51.417 [info] > git config --get commit.template [6ms]
2025-08-09 16:11:51.417 [info] > git rev-parse --show-toplevel [3ms]
2025-08-09 16:11:51.417 [info] > git for-each-ref --format=%(refname)%00%(upstream:short)%00%(objectname)%00%(upstream:track)%00%(upstream:remotename)%00%(upstream:remoteref) refs/heads/main refs/remotes/main [6ms]
2025-08-09 16:11:51.417 [info] > git rev-parse --show-toplevel [14ms]
2025-08-09 16:11:51.417 [info] > git for-each-ref --sort -committerdate --format %(refname)%00%(objectname)%00%(*objectname) [6ms]
2025-08-09 16:11:51.417 [info] > git status -z -uall [15ms]
2025-08-09 16:11:51.417 [info] > git rev-parse --show-toplevel [3ms]
2025-08-09 16:11:51.417 [info] > git rev-parse --show-toplevel [29ms]
2025-08-09 16:11:51.417 [info] > git for-each-ref --format=%(refname)%00%(upstream:short)%00%(objectname)%00%(upstream:track)%00%(upstream:remotename)%00%(upstream:remoteref) refs/heads/main refs/remotes/main [7ms]
2025-08-09 16:11:51.417 [info] > git config --get commit.template [11ms]
2025-08-09 16:11:51.417 [info] > git rev-parse --show-toplevel [38ms]
2025-08-09 16:11:51.417 [info] > git config --get --local branch.main.vscode-merge-base [42ms]
2025-08-09 16:11:51.417 [info] > git for-each-ref --format=%(refname)%00%(upstream:short)%00%(objectname)%00%(upstream:track)%00%(upstream:remotename)%00%(upstream:remoteref) refs/heads/main refs/remotes/main [18ms]
2025-08-09 16:11:51.417 [info] > git rev-parse --show-toplevel [2ms]
2025-08-09 16:11:51.417 [info] > git for-each-ref --format=%(refname)%00%(upstream:short)%00%(objectname)%00%(upstream:track)%00%(upstream:remotename)%00%(upstream:remoteref) refs/heads/origin/main refs/remotes/origin/main [7ms]
2025-08-09 16:11:51.417 [info] > git merge-base refs/heads/main refs/remotes/origin/main [6ms]
2025-08-09 16:11:51.417 [info] > git rev-parse --show-toplevel [18ms]
2025-08-09 16:11:51.417 [info] [Model][doInitialScan] Initial repository scan completed - repositories (1), closed repositories (0), parent repositories (0), unsafe repositories (0)
2025-08-09 16:11:51.417 [info] > git diff --name-status -z --diff-filter=ADMR 0d7a3a898007be1d8200d8db99d59472a2da8d06...refs/remotes/origin/main [13ms]
2025-08-09 16:11:51.417 [info] > git for-each-ref --sort -committerdate --format %(refname)%00%(objectname)%00%(*objectname) [3ms]
2025-08-09 16:11:51.417 [info] > git status -z -uall [15ms]
2025-08-09 16:11:52.042 [info] > git check-ignore -v -z --stdin [3ms]
2025-08-09 16:11:57.306 [info] > git check-ignore -v -z --stdin [3ms]
2025-08-09 16:11:57.787 [info] > git fetch [336ms]
2025-08-09 16:11:57.805 [info] > git config --get commit.template [9ms]
2025-08-09 16:11:57.807 [info] > git for-each-ref --format=%(refname)%00%(upstream:short)%00%(objectname)%00%(upstream:track)%00%(upstream:remotename)%00%(upstream:remoteref) refs/heads/main refs/remotes/main [3ms]
2025-08-09 16:11:57.827 [info] > git for-each-ref --sort -committerdate --format %(refname)%00%(objectname)%00%(*objectname) [2ms]
2025-08-09 16:11:57.829 [info] > git status -z -uall [14ms]
2025-08-09 16:11:59.248 [info] > git config --get commit.template [7ms]
2025-08-09 16:11:59.266 [info] > git for-each-ref --format=%(refname)%00%(upstream:short)%00%(objectname)%00%(upstream:track)%00%(upstream:remotename)%00%(upstream:remoteref) refs/heads/main refs/remotes/main [19ms]
2025-08-09 16:11:59.283 [info] > git for-each-ref --sort -committerdate --format %(refname)%00%(objectname)%00%(*objectname) [3ms]
2025-08-09 16:11:59.287 [info] > git status -z -uall [14ms]
2025-08-09 16:12:07.332 [info] > git check-ignore -v -z --stdin [2ms]
2025-08-09 16:12:08.855 [info] > git config --get --local branch.main.github-pr-owner-number [4ms]
2025-08-09 16:12:08.855 [warning] [Git][config] git config failed: Failed to execute git
2025-08-09 16:12:20.284 [info] > git config --get commit.template [2ms]
2025-08-09 16:12:20.299 [info] > git for-each-ref --format=%(refname)%00%(upstream:short)%00%(objectname)%00%(upstream:track)%00%(upstream:remotename)%00%(upstream:remoteref) refs/heads/main refs/remotes/main [3ms]
2025-08-09 16:12:20.327 [info] > git status -z -uall [15ms]
2025-08-09 16:12:20.329 [info] > git for-each-ref --sort -committerdate --format %(refname)%00%(objectname)%00%(*objectname) [4ms]
2025-08-09 16:12:22.652 [info] > git check-ignore -v -z --stdin [2ms]
2025-08-09 16:13:10.350 [info] > git config --get commit.template [8ms]
2025-08-09 16:13:10.351 [info] > git for-each-ref --format=%(refname)%00%(upstream:short)%00%(objectname)%00%(upstream:track)%00%(upstream:remotename)%00%(upstream:remoteref) refs/heads/main refs/remotes/main [2ms]
2025-08-09 16:13:10.368 [info] > git for-each-ref --sort -committerdate --format %(refname)%00%(objectname)%00%(*objectname) [2ms]
2025-08-09 16:13:10.375 [info] > git status -z -uall [16ms]
2025-08-09 16:13:15.402 [info] > git config --get commit.template [11ms]
2025-08-09 16:13:15.403 [info] > git for-each-ref --format=%(refname)%00%(upstream:short)%00%(objectname)%00%(upstream:track)%00%(upstream:remotename)%00%(upstream:remoteref) refs/heads/main refs/remotes/main [2ms]
2025-08-09 16:13:15.424 [info] > git for-each-ref --sort -committerdate --format %(refname)%00%(objectname)%00%(*objectname) [3ms]
2025-08-09 16:13:15.427 [info] > git status -z -uall [15ms]
2025-08-09 16:13:30.863 [info] > git check-ignore -v -z --stdin [2ms]
2025-08-09 16:13:33.161 [info] > git show --textconv :src/layouts/MainLayout.astro [11ms]
2025-08-09 16:13:33.162 [info] > git ls-files --stage -- src/layouts/MainLayout.astro [2ms]
2025-08-09 16:13:33.174 [info] > git cat-file -s 14bf206fd6a51d4f3962b9dca1d15db464a9b075 [2ms]
2025-08-09 16:13:33.947 [info] > git blame --root --incremental 0d7a3a898007be1d8200d8db99d59472a2da8d06 -- src/layouts/MainLayout.astro [4ms]
2025-08-09 16:14:03.615 [info] > git config --get commit.template [11ms]
2025-08-09 16:14:03.616 [info] > git for-each-ref --format=%(refname)%00%(upstream:short)%00%(objectname)%00%(upstream:track)%00%(upstream:remotename)%00%(upstream:remoteref) refs/heads/main refs/remotes/main [2ms]
2025-08-09 16:14:03.644 [info] > git for-each-ref --sort -committerdate --format %(refname)%00%(objectname)%00%(*objectname) [5ms]
2025-08-09 16:14:03.646 [info] > git status -z -uall [17ms]
2025-08-09 16:14:08.683 [info] > git config --get commit.template [4ms]
2025-08-09 16:14:08.696 [info] > git for-each-ref --format=%(refname)%00%(upstream:short)%00%(objectname)%00%(upstream:track)%00%(upstream:remotename)%00%(upstream:remoteref) refs/heads/main refs/remotes/main [4ms]
2025-08-09 16:14:08.717 [info] > git for-each-ref --sort -committerdate --format %(refname)%00%(objectname)%00%(*objectname) [3ms]
2025-08-09 16:14:08.721 [info] > git status -z -uall [15ms]
2025-08-09 16:14:13.746 [info] > git config --get commit.template [10ms]
2025-08-09 16:14:13.748 [info] > git for-each-ref --format=%(refname)%00%(upstream:short)%00%(objectname)%00%(upstream:track)%00%(upstream:remotename)%00%(upstream:remoteref) refs/heads/main refs/remotes/main [3ms]
2025-08-09 16:14:13.770 [info] > git for-each-ref --sort -committerdate --format %(refname)%00%(objectname)%00%(*objectname) [4ms]
2025-08-09 16:14:13.772 [info] > git status -z -uall [15ms]
2025-08-09 16:14:18.794 [info] > git config --get commit.template [8ms]
2025-08-09 16:14:18.796 [info] > git for-each-ref --format=%(refname)%00%(upstream:short)%00%(objectname)%00%(upstream:track)%00%(upstream:remotename)%00%(upstream:remoteref) refs/heads/main refs/remotes/main [2ms]
2025-08-09 16:14:18.815 [info] > git for-each-ref --sort -committerdate --format %(refname)%00%(objectname)%00%(*objectname) [4ms]
2025-08-09 16:14:18.818 [info] > git status -z -uall [14ms]
2025-08-09 16:14:23.842 [info] > git config --get commit.template [11ms]
2025-08-09 16:14:23.844 [info] > git for-each-ref --format=%(refname)%00%(upstream:short)%00%(objectname)%00%(upstream:track)%00%(upstream:remotename)%00%(upstream:remoteref) refs/heads/main refs/remotes/main [3ms]
2025-08-09 16:14:23.867 [info] > git for-each-ref --sort -committerdate --format %(refname)%00%(objectname)%00%(*objectname) [3ms]
2025-08-09 16:14:23.868 [info] > git status -z -uall [14ms]
2025-08-09 16:14:58.190 [info] > git fetch [345ms]
2025-08-09 16:14:58.206 [info] > git config --get commit.template [2ms]
2025-08-09 16:14:58.220 [info] > git for-each-ref --format=%(refname)%00%(upstream:short)%00%(objectname)%00%(upstream:track)%00%(upstream:remotename)%00%(upstream:remoteref) refs/heads/main refs/remotes/main [3ms]
2025-08-09 16:14:58.244 [info] > git for-each-ref --sort -committerdate --format %(refname)%00%(objectname)%00%(*objectname) [3ms]
2025-08-09 16:14:58.247 [info] > git status -z -uall [16ms]
2025-08-09 16:14:59.313 [info] > git ls-files --stage -- src/layouts/MainLayout.astro [2ms]
2025-08-09 16:14:59.322 [info] > git cat-file -s 14bf206fd6a51d4f3962b9dca1d15db464a9b075 [2ms]
2025-08-09 16:14:59.493 [info] > git show --textconv :src/layouts/MainLayout.astro [3ms]
2025-08-09 16:15:01.511 [info] > git config --get commit.template [9ms]
2025-08-09 16:15:01.514 [info] > git for-each-ref --format=%(refname)%00%(upstream:short)%00%(objectname)%00%(upstream:track)%00%(upstream:remotename)%00%(upstream:remoteref) refs/heads/main refs/remotes/main [3ms]
2025-08-09 16:15:01.533 [info] > git for-each-ref --sort -committerdate --format %(refname)%00%(objectname)%00%(*objectname) [3ms]
2025-08-09 16:15:01.537 [info] > git status -z -uall [14ms]
2025-08-09 16:15:01.814 [info] > git ls-files --stage -- src/layouts/MainLayout.astro [2ms]
2025-08-09 16:15:01.823 [info] > git cat-file -s 14bf206fd6a51d4f3962b9dca1d15db464a9b075 [2ms]
2025-08-09 16:15:02.026 [info] > git show --textconv :src/layouts/MainLayout.astro [2ms]
2025-08-09 16:15:03.757 [info] > git check-ignore -v -z --stdin [3ms]
2025-08-09 16:15:05.216 [info] > git show --textconv :src/env.d.ts [10ms]
2025-08-09 16:15:05.217 [info] > git ls-files --stage -- src/env.d.ts [3ms]
2025-08-09 16:15:05.227 [info] > git cat-file -s acef35f175aae528d22fdc6b91e819aa52837fd9 [2ms]
2025-08-09 16:15:26.024 [info] > git show --textconv :src/layouts/MainLayout.astro [11ms]
2025-08-09 16:15:26.025 [info] > git ls-files --stage -- src/layouts/MainLayout.astro [1ms]
2025-08-09 16:15:26.037 [info] > git cat-file -s 14bf206fd6a51d4f3962b9dca1d15db464a9b075 [2ms]
2025-08-09 16:15:41.983 [info] > git check-ignore -v -z --stdin [2ms]
2025-08-09 16:15:49.772 [info] > git show --textconv :process-html.mjs [10ms]
2025-08-09 16:15:49.773 [info] > git ls-files --stage -- process-html.mjs [2ms]
2025-08-09 16:15:49.784 [info] > git cat-file -s 285d59034e25525f116e8f95a75554abaed20342 [2ms]
2025-08-09 16:15:58.588 [info] > git show --textconv :vercel.json [9ms]
2025-08-09 16:15:58.589 [info] > git ls-files --stage -- vercel.json [3ms]
2025-08-09 16:15:58.598 [info] > git cat-file -s 5dc3e99ef4cedae1b72862ba26969aea40caac25 [2ms]
2025-08-09 16:15:59.934 [info] > git show --textconv :tsconfig.json [13ms]
2025-08-09 16:15:59.962 [info] > git ls-files --stage -- tsconfig.json [29ms]
2025-08-09 16:15:59.975 [info] > git cat-file -s 7f69587e4c37999acb48a05bbdcb984ce6aea34d [3ms]
2025-08-09 16:16:00.779 [info] > git show --textconv :vercel.json [10ms]
2025-08-09 16:16:00.781 [info] > git ls-files --stage -- vercel.json [2ms]
2025-08-09 16:16:00.790 [info] > git cat-file -s 5dc3e99ef4cedae1b72862ba26969aea40caac25 [2ms]
2025-08-09 16:16:10.631 [info] > git show --textconv :tsconfig.json [10ms]
2025-08-09 16:16:10.631 [info] > git ls-files --stage -- tsconfig.json [2ms]
2025-08-09 16:16:10.640 [info] > git cat-file -s 7f69587e4c37999acb48a05bbdcb984ce6aea34d [2ms]
2025-08-09 16:16:10.840 [info] > git blame --root --incremental 0d7a3a898007be1d8200d8db99d59472a2da8d06 -- tsconfig.json [4ms]
2025-08-09 16:16:40.983 [info] > git config --get commit.template [5ms]
2025-08-09 16:16:41.072 [info] > git for-each-ref --format=%(refname)%00%(upstream:short)%00%(objectname)%00%(upstream:track)%00%(upstream:remotename)%00%(upstream:remoteref) refs/heads/main refs/remotes/main [4ms]
2025-08-09 16:16:41.179 [info] > git for-each-ref --sort -committerdate --format %(refname)%00%(objectname)%00%(*objectname) [3ms]
2025-08-09 16:16:41.190 [info] > git status -z -uall [24ms]
2025-08-09 16:16:46.288 [info] > git config --get commit.template [11ms]
2025-08-09 16:16:46.289 [info] > git for-each-ref --format=%(refname)%00%(upstream:short)%00%(objectname)%00%(upstream:track)%00%(upstream:remotename)%00%(upstream:remoteref) refs/heads/main refs/remotes/main [2ms]
2025-08-09 16:16:46.370 [info] > git for-each-ref --sort -committerdate --format %(refname)%00%(objectname)%00%(*objectname) [4ms]
2025-08-09 16:16:46.374 [info] > git status -z -uall [75ms]
2025-08-09 16:16:51.400 [info] > git config --get commit.template [12ms]
2025-08-09 16:16:51.464 [info] > git for-each-ref --format=%(refname)%00%(upstream:short)%00%(objectname)%00%(upstream:track)%00%(upstream:remotename)%00%(upstream:remoteref) refs/heads/main refs/remotes/main [65ms]
2025-08-09 16:16:51.489 [info] > git for-each-ref --sort -committerdate --format %(refname)%00%(objectname)%00%(*objectname) [4ms]
2025-08-09 16:16:51.491 [info] > git status -z -uall [15ms]
2025-08-09 16:16:56.506 [info] > git config --get commit.template [3ms]
2025-08-09 16:16:56.518 [info] > git for-each-ref --format=%(refname)%00%(upstream:short)%00%(objectname)%00%(upstream:track)%00%(upstream:remotename)%00%(upstream:remoteref) refs/heads/main refs/remotes/main [2ms]
2025-08-09 16:16:56.568 [info] > git for-each-ref --sort -committerdate --format %(refname)%00%(objectname)%00%(*objectname) [3ms]
2025-08-09 16:16:56.576 [info] > git status -z -uall [48ms]
2025-08-09 16:17:01.604 [info] > git config --get commit.template [12ms]
2025-08-09 16:17:01.606 [info] > git for-each-ref --format=%(refname)%00%(upstream:short)%00%(objectname)%00%(upstream:track)%00%(upstream:remotename)%00%(upstream:remoteref) refs/heads/main refs/remotes/main [3ms]
2025-08-09 16:17:01.634 [info] > git status -z -uall [16ms]
2025-08-09 16:17:01.635 [info] > git for-each-ref --sort -committerdate --format %(refname)%00%(objectname)%00%(*objectname) [4ms]
2025-08-09 16:17:06.658 [info] > git config --get commit.template [9ms]
2025-08-09 16:17:06.660 [info] > git for-each-ref --format=%(refname)%00%(upstream:short)%00%(objectname)%00%(upstream:track)%00%(upstream:remotename)%00%(upstream:remoteref) refs/heads/main refs/remotes/main [3ms]
2025-08-09 16:17:06.682 [info] > git for-each-ref --sort -committerdate --format %(refname)%00%(objectname)%00%(*objectname) [3ms]
2025-08-09 16:17:06.684 [info] > git status -z -uall [14ms]
2025-08-09 16:17:26.055 [info] > git check-ignore -v -z --stdin [1ms]
2025-08-09 16:17:51.113 [info] > git check-ignore -v -z --stdin [2ms]
2025-08-09 16:17:52.670 [info] > git check-ignore -v -z --stdin [2ms]
2025-08-09 16:17:54.346 [info] > git check-ignore -v -z --stdin [1ms]
2025-08-09 16:17:58.597 [info] > git fetch [337ms]
2025-08-09 16:17:58.615 [info] > git config --get commit.template [9ms]
2025-08-09 16:17:58.617 [info] > git for-each-ref --format=%(refname)%00%(upstream:short)%00%(objectname)%00%(upstream:track)%00%(upstream:remotename)%00%(upstream:remoteref) refs/heads/main refs/remotes/main [2ms]
2025-08-09 16:17:58.635 [info] > git for-each-ref --sort -committerdate --format %(refname)%00%(objectname)%00%(*objectname) [2ms]
2025-08-09 16:17:58.640 [info] > git status -z -uall [15ms]
2025-08-09 16:17:59.928 [info] > git config --get commit.template [8ms]
2025-08-09 16:17:59.930 [info] > git for-each-ref --format=%(refname)%00%(upstream:short)%00%(objectname)%00%(upstream:track)%00%(upstream:remotename)%00%(upstream:remoteref) refs/heads/main refs/remotes/main [2ms]
2025-08-09 16:17:59.950 [info] > git for-each-ref --sort -committerdate --format %(refname)%00%(objectname)%00%(*objectname) [3ms]
2025-08-09 16:17:59.952 [info] > git status -z -uall [14ms]
2025-08-09 16:18:00.567 [info] > git ls-files --stage -- tsconfig.json [2ms]
2025-08-09 16:18:00.586 [info] > git cat-file -s 7f69587e4c37999acb48a05bbdcb984ce6aea34d [5ms]
2025-08-09 16:18:00.717 [info] > git show --textconv :tsconfig.json [3ms]
2025-08-09 16:18:09.187 [info] > git config --get commit.template [6ms]
2025-08-09 16:18:09.205 [info] > git for-each-ref --format=%(refname)%00%(upstream:short)%00%(objectname)%00%(upstream:track)%00%(upstream:remotename)%00%(upstream:remoteref) refs/heads/main refs/remotes/main [6ms]
2025-08-09 16:18:09.294 [info] > git status -z -uall [16ms]
2025-08-09 16:18:09.295 [info] > git for-each-ref --sort -committerdate --format %(refname)%00%(objectname)%00%(*objectname) [4ms]
2025-08-09 16:18:14.323 [info] > git config --get commit.template [11ms]
2025-08-09 16:18:14.324 [info] > git for-each-ref --format=%(refname)%00%(upstream:short)%00%(objectname)%00%(upstream:track)%00%(upstream:remotename)%00%(upstream:remoteref) refs/heads/main refs/remotes/main [3ms]
2025-08-09 16:18:14.344 [info] > git for-each-ref --sort -committerdate --format %(refname)%00%(objectname)%00%(*objectname) [4ms]
2025-08-09 16:18:14.347 [info] > git status -z -uall [14ms]
2025-08-09 16:18:19.389 [info] > git config --get commit.template [14ms]
2025-08-09 16:18:19.392 [info] > git for-each-ref --format=%(refname)%00%(upstream:short)%00%(objectname)%00%(upstream:track)%00%(upstream:remotename)%00%(upstream:remoteref) refs/heads/main refs/remotes/main [4ms]
2025-08-09 16:18:19.419 [info] > git for-each-ref --sort -committerdate --format %(refname)%00%(objectname)%00%(*objectname) [2ms]
2025-08-09 16:18:19.474 [info] > git status -z -uall [68ms]
2025-08-09 16:18:24.495 [info] > git config --get commit.template [8ms]
2025-08-09 16:18:24.496 [info] > git for-each-ref --format=%(refname)%00%(upstream:short)%00%(objectname)%00%(upstream:track)%00%(upstream:remotename)%00%(upstream:remoteref) refs/heads/main refs/remotes/main [2ms]
2025-08-09 16:18:24.516 [info] > git for-each-ref --sort -committerdate --format %(refname)%00%(objectname)%00%(*objectname) [4ms]
2025-08-09 16:18:24.518 [info] > git status -z -uall [14ms]
2025-08-09 16:18:36.803 [info] > git show --textconv :src/layouts/MainLayout.astro [10ms]
2025-08-09 16:18:36.805 [info] > git ls-files --stage -- src/layouts/MainLayout.astro [3ms]
2025-08-09 16:18:36.816 [info] > git cat-file -s 14bf206fd6a51d4f3962b9dca1d15db464a9b075 [2ms]
