(VSCode) 2025-08-09 16:33:17.123 [INFO]: No proxy settings found
(VSCode) 2025-08-09 16:33:18.795 [INFO]: Checking network connection...
(VSCode) 2025-08-09 16:33:19.412 [INFO]: No Network Issue connecting to https://server.codeium.com/healthz
(VSCode) 2025-08-09 16:33:19.844 [INFO]: Creating manager directory: /tmp/8f724ad0-a508-418a-ae5e-f658f7e8b804/codeium/manager
(VSCode) 2025-08-09 16:33:20.229 [INFO]: Using cached LS with valid crc32: /workspace/.vscode-remote/extensions/codeium.codeium-1.48.2-universal/dist/e03af6ebc40b844314d448f947c80b636d093049/language_server_linux_x64
(VSCode) 2025-08-09 16:33:20.238 [INFO]: Language server started
2025/08/09 16:33:20 maxprocs: Leaving GOMAXPROCS=16: CPU quota undefined
I0809 16:33:20.500365 13902 main.go:604] [Language Server Manager] Setting GOMAXPROCS to 4
I0809 16:33:20.500473 13902 main.go:829] [Language Server Manager] Starting language server manager with pid 13902
I0809 16:33:20.500581 13902 main.go:138] [Language Server Manager] Manager acquired its lock file /tmp/8f724ad0-a508-418a-ae5e-f658f7e8b804/codeium/manager/locks/manager.lock
I0809 16:33:20.501671 13902 main.go:283] [Language Server Manager] Waiting for random port file in /tmp/8f724ad0-a508-418a-ae5e-f658f7e8b804/codeium/manager/child_random_port_1754757200500760814_1739056360870700094 to be created
2025/08/09 16:33:20 maxprocs: Leaving GOMAXPROCS=16: CPU quota undefined
I0809 16:33:20.771371 13923 main.go:604] Setting GOMAXPROCS to 4
I0809 16:33:20.771546 13923 main.go:823] Starting language server process with pid 13923
I0809 16:33:20.771589 13923 server.go:296] Language server will attempt to listen on host 127.0.0.1
I0809 16:33:20.772269 13923 server.go:303] Language server listening on random port at 43049
I0809 16:33:21.473385 13923 web_server.go:256] Chat Web Server listening at ws://127.0.0.1:45921
I0809 16:33:21.905311 13923 server.go:955] Local search is enabled, will index local files.
I0809 16:33:21.905337 13923 server.go:959] Using 4 indexer workers
I0809 16:33:22.018386 13923 server.go:1196] Child process attempting to acquire lock file /tmp/8f724ad0-a508-418a-ae5e-f658f7e8b804/codeium/manager/locks/child_lock_1754757200500821174_4172984177333056690
I0809 16:33:22.018453 13923 server.go:1204] Child process acquired lock file /tmp/8f724ad0-a508-418a-ae5e-f658f7e8b804/codeium/manager/locks/child_lock_1754757200500821174_4172984177333056690
32901
I0809 16:33:22.065837 13902 main.go:319] [Language Server Manager] Found random server port 43049
I0809 16:33:22.065880 13902 main.go:320] [Language Server Manager] Found random lsp port 32901
I0809 16:33:22.065915 13902 main.go:327] [Language Server Manager] Attempting to connect to language server at 127.0.0.1:43049
I0809 16:33:22.079125 13902 main.go:192] [Language Server Manager] Fixing language server port at 43049
I0809 16:33:22.079179 13902 main.go:381] [Language Server Manager] Successfully connected to new language server at 127.0.0.1:43049
(VSCode) 2025-08-09 16:33:22.084 [INFO]: Found language server running on port 43049
Playwright Host validation warning: 
╔══════════════════════════════════════════════════════╗
║ Host system is missing dependencies to run browsers. ║
║ Please install them with the following command:      ║
║                                                      ║
║     sudo npx playwright install-deps                 ║
║                                                      ║
║ Alternatively, use apt:                              ║
║     sudo apt-get install libatk1.0-0\                ║
║         libatk-bridge2.0-0\                          ║
║         libcups2\                                    ║
║         libxcomposite1\                              ║
║         libxdamage1\                                 ║
║         libxfixes3\                                  ║
║         libxrandr2\                                  ║
║         libgbm1\                                     ║
║         libxkbcommon0\                               ║
║         libatspi2.0-0                                ║
║                                                      ║
║ <3 Playwright Team                                   ║
╚══════════════════════════════════════════════════════╝
    at validateDependenciesLinux (/home/gitpod/.cache/ms-playwright-go/1.50.1/package/lib/server/registry/dependencies.js:216:9)
    at process.processTicksAndRejections (node:internal/process/task_queues:105:5)
    at async Registry._validateHostRequirements (/home/gitpod/.cache/ms-playwright-go/1.50.1/package/lib/server/registry/index.js:865:43)
    at async Registry._validateHostRequirementsForExecutableIfNeeded (/home/gitpod/.cache/ms-playwright-go/1.50.1/package/lib/server/registry/index.js:963:7)
    at async Registry.validateHostRequirementsForExecutablesIfNeeded (/home/gitpod/.cache/ms-playwright-go/1.50.1/package/lib/server/registry/index.js:952:43)
    at async t.<anonymous> (/home/gitpod/.cache/ms-playwright-go/1.50.1/package/lib/cli/program.js:122:7)
(VSCode) 2025-08-09 16:33:27.732 [INFO]: openAllTextDocuments took 2502.190800999997ms
(VSCode) 2025-08-09 16:35:42.812 [WARN]: User not logged in
(VSCode) 2025-08-09 16:35:47.429 [WARN]: User not logged in
(VSCode) 2025-08-09 16:36:04.151 [WARN]: User not logged in
(VSCode) 2025-08-09 16:36:07.203 [WARN]: User not logged in
(VSCode) 2025-08-09 16:36:20.683 [WARN]: User not logged in
(VSCode) 2025-08-09 16:36:33.383 [WARN]: User not logged in
(VSCode) 2025-08-09 16:36:33.403 [WARN]: User not logged in
(VSCode) 2025-08-09 16:36:34.463 [WARN]: User not logged in
(VSCode) 2025-08-09 16:36:35.843 [WARN]: User not logged in
(VSCode) 2025-08-09 16:36:39.742 [WARN]: User not logged in
(VSCode) 2025-08-09 16:36:40.043 [WARN]: User not logged in
(VSCode) 2025-08-09 16:36:40.283 [WARN]: User not logged in
(VSCode) 2025-08-09 16:36:40.323 [WARN]: User not logged in
(VSCode) 2025-08-09 16:36:41.251 [WARN]: User not logged in
(VSCode) 2025-08-09 16:36:41.591 [WARN]: User not logged in
(VSCode) 2025-08-09 16:36:42.023 [WARN]: User not logged in
(VSCode) 2025-08-09 16:36:42.491 [WARN]: User not logged in
(VSCode) 2025-08-09 16:36:42.523 [WARN]: User not logged in
(VSCode) 2025-08-09 16:36:46.077 [WARN]: User not logged in
(VSCode) 2025-08-09 16:36:46.743 [WARN]: User not logged in
(VSCode) 2025-08-09 16:36:47.524 [WARN]: User not logged in
(VSCode) 2025-08-09 16:36:48.379 [WARN]: User not logged in
(VSCode) 2025-08-09 16:36:49.018 [WARN]: User not logged in
(VSCode) 2025-08-09 16:36:50.030 [WARN]: User not logged in
(VSCode) 2025-08-09 16:36:50.033 [WARN]: User not logged in
(VSCode) 2025-08-09 16:36:53.300 [WARN]: User not logged in
(VSCode) 2025-08-09 16:36:53.704 [WARN]: User not logged in
(VSCode) 2025-08-09 16:37:00.621 [WARN]: User not logged in
(VSCode) 2025-08-09 16:37:03.330 [WARN]: User not logged in
(VSCode) 2025-08-09 16:37:03.902 [WARN]: User not logged in
(VSCode) 2025-08-09 16:37:04.742 [WARN]: User not logged in
(VSCode) 2025-08-09 16:37:05.462 [WARN]: User not logged in
(VSCode) 2025-08-09 16:37:05.864 [WARN]: User not logged in
(VSCode) 2025-08-09 16:37:05.971 [WARN]: User not logged in
(VSCode) 2025-08-09 16:37:07.551 [WARN]: User not logged in
(VSCode) 2025-08-09 16:37:16.430 [WARN]: User not logged in
(VSCode) 2025-08-09 16:37:17.071 [WARN]: User not logged in
(VSCode) 2025-08-09 16:37:17.260 [WARN]: User not logged in
(VSCode) 2025-08-09 16:37:17.422 [WARN]: User not logged in
(VSCode) 2025-08-09 16:37:17.723 [WARN]: User not logged in
(VSCode) 2025-08-09 16:37:20.003 [WARN]: User not logged in
(VSCode) 2025-08-09 16:37:22.431 [WARN]: User not logged in
(VSCode) 2025-08-09 16:37:22.907 [WARN]: User not logged in
(VSCode) 2025-08-09 16:37:24.469 [WARN]: User not logged in
(VSCode) 2025-08-09 16:37:34.314 [WARN]: User not logged in
(VSCode) 2025-08-09 16:37:34.316 [WARN]: User not logged in
(VSCode) 2025-08-09 16:37:34.376 [WARN]: User not logged in
(VSCode) 2025-08-09 16:37:34.389 [WARN]: User not logged in
(VSCode) 2025-08-09 16:37:34.392 [WARN]: User not logged in
(VSCode) 2025-08-09 16:37:34.409 [WARN]: User not logged in
(VSCode) 2025-08-09 16:37:34.410 [WARN]: User not logged in
(VSCode) 2025-08-09 16:37:34.885 [WARN]: User not logged in
(VSCode) 2025-08-09 16:37:35.503 [WARN]: User not logged in
(VSCode) 2025-08-09 16:39:02.474 [WARN]: User not logged in
(VSCode) 2025-08-09 16:39:04.043 [WARN]: User not logged in
(VSCode) 2025-08-09 16:39:04.365 [WARN]: User not logged in
(VSCode) 2025-08-09 16:39:04.867 [WARN]: User not logged in
(VSCode) 2025-08-09 16:39:05.303 [WARN]: User not logged in
(VSCode) 2025-08-09 16:39:10.463 [WARN]: User not logged in
(VSCode) 2025-08-09 16:39:39.883 [WARN]: User not logged in
(VSCode) 2025-08-09 16:39:40.831 [WARN]: User not logged in
(VSCode) 2025-08-09 16:39:51.644 [WARN]: User not logged in
(VSCode) 2025-08-09 16:39:52.355 [WARN]: User not logged in
(VSCode) 2025-08-09 16:41:20.602 [WARN]: User not logged in
(VSCode) 2025-08-09 16:41:21.223 [WARN]: User not logged in
(VSCode) 2025-08-09 16:41:21.463 [WARN]: User not logged in
(VSCode) 2025-08-09 16:41:21.591 [WARN]: User not logged in
(VSCode) 2025-08-09 16:44:40.275 [WARN]: User not logged in
(VSCode) 2025-08-09 16:44:40.664 [WARN]: User not logged in
(VSCode) 2025-08-09 16:44:41.067 [WARN]: User not logged in
(VSCode) 2025-08-09 16:44:41.397 [WARN]: User not logged in
(VSCode) 2025-08-09 16:44:42.751 [WARN]: User not logged in
(VSCode) 2025-08-09 16:44:42.795 [WARN]: User not logged in
(VSCode) 2025-08-09 16:44:50.754 [WARN]: User not logged in
(VSCode) 2025-08-09 16:44:51.286 [WARN]: User not logged in
(VSCode) 2025-08-09 16:44:51.442 [WARN]: User not logged in
(VSCode) 2025-08-09 16:44:51.649 [WARN]: User not logged in
(VSCode) 2025-08-09 16:44:51.753 [WARN]: User not logged in
(VSCode) 2025-08-09 16:44:51.899 [WARN]: User not logged in
(VSCode) 2025-08-09 16:44:52.021 [WARN]: User not logged in
(VSCode) 2025-08-09 16:44:52.177 [WARN]: User not logged in
(VSCode) 2025-08-09 16:44:52.436 [WARN]: User not logged in
(VSCode) 2025-08-09 16:45:21.534 [WARN]: User not logged in
(VSCode) 2025-08-09 16:45:21.911 [WARN]: User not logged in
(VSCode) 2025-08-09 16:45:22.151 [WARN]: User not logged in
(VSCode) 2025-08-09 16:45:22.342 [WARN]: User not logged in
(VSCode) 2025-08-09 16:45:22.471 [WARN]: User not logged in
(VSCode) 2025-08-09 16:45:22.582 [WARN]: User not logged in
(VSCode) 2025-08-09 16:45:22.802 [WARN]: User not logged in
(VSCode) 2025-08-09 16:45:23.579 [WARN]: User not logged in
(VSCode) 2025-08-09 16:45:26.523 [WARN]: User not logged in
(VSCode) 2025-08-09 16:45:28.163 [WARN]: User not logged in
(VSCode) 2025-08-09 16:45:28.487 [WARN]: User not logged in
(VSCode) 2025-08-09 16:45:29.011 [WARN]: User not logged in
(VSCode) 2025-08-09 16:45:29.324 [WARN]: User not logged in
(VSCode) 2025-08-09 16:45:29.728 [WARN]: User not logged in
(VSCode) 2025-08-09 16:45:30.006 [WARN]: User not logged in
(VSCode) 2025-08-09 16:45:30.423 [WARN]: User not logged in
(VSCode) 2025-08-09 16:45:30.972 [WARN]: User not logged in
(VSCode) 2025-08-09 16:45:38.545 [WARN]: User not logged in
(VSCode) 2025-08-09 16:45:46.451 [WARN]: User not logged in
(VSCode) 2025-08-09 16:45:46.919 [WARN]: User not logged in
(VSCode) 2025-08-09 16:45:50.739 [WARN]: User not logged in
(VSCode) 2025-08-09 16:45:50.901 [WARN]: User not logged in
(VSCode) 2025-08-09 16:45:58.109 [WARN]: User not logged in
(VSCode) 2025-08-09 16:45:59.524 [WARN]: User not logged in
(VSCode) 2025-08-09 16:46:13.655 [WARN]: User not logged in
(VSCode) 2025-08-09 16:46:15.447 [WARN]: User not logged in
(VSCode) 2025-08-09 16:46:15.853 [WARN]: User not logged in
(VSCode) 2025-08-09 16:46:16.033 [WARN]: User not logged in
(VSCode) 2025-08-09 16:46:16.159 [WARN]: User not logged in
(VSCode) 2025-08-09 16:46:16.338 [WARN]: User not logged in
(VSCode) 2025-08-09 16:46:16.510 [WARN]: User not logged in
(VSCode) 2025-08-09 16:46:16.699 [WARN]: User not logged in
(VSCode) 2025-08-09 16:46:17.182 [WARN]: User not logged in
(VSCode) 2025-08-09 16:46:18.034 [WARN]: User not logged in
(VSCode) 2025-08-09 16:46:18.511 [WARN]: User not logged in
(VSCode) 2025-08-09 16:46:19.199 [WARN]: User not logged in
(VSCode) 2025-08-09 16:46:19.505 [WARN]: User not logged in
(VSCode) 2025-08-09 16:46:19.938 [WARN]: User not logged in
(VSCode) 2025-08-09 16:46:20.432 [WARN]: User not logged in
(VSCode) 2025-08-09 16:46:20.772 [WARN]: User not logged in
(VSCode) 2025-08-09 16:46:29.193 [WARN]: User not logged in
(VSCode) 2025-08-09 16:46:30.022 [WARN]: User not logged in
(VSCode) 2025-08-09 16:46:55.523 [WARN]: User not logged in
(VSCode) 2025-08-09 16:46:56.362 [WARN]: User not logged in
(VSCode) 2025-08-09 16:46:56.823 [WARN]: User not logged in
(VSCode) 2025-08-09 16:46:57.383 [WARN]: User not logged in
(VSCode) 2025-08-09 16:46:58.431 [WARN]: User not logged in
(VSCode) 2025-08-09 16:47:00.322 [WARN]: User not logged in
(VSCode) 2025-08-09 16:47:01.224 [WARN]: User not logged in
(VSCode) 2025-08-09 16:47:02.674 [WARN]: User not logged in
(VSCode) 2025-08-09 16:47:03.943 [WARN]: User not logged in
(VSCode) 2025-08-09 16:47:07.502 [WARN]: User not logged in
(VSCode) 2025-08-09 16:47:12.619 [WARN]: User not logged in
(VSCode) 2025-08-09 16:47:12.802 [WARN]: User not logged in
(VSCode) 2025-08-09 16:47:13.923 [WARN]: User not logged in
(VSCode) 2025-08-09 16:47:14.520 [WARN]: User not logged in
(VSCode) 2025-08-09 16:47:23.511 [WARN]: User not logged in
(VSCode) 2025-08-09 16:47:23.944 [WARN]: User not logged in
(VSCode) 2025-08-09 16:47:24.382 [WARN]: User not logged in
(VSCode) 2025-08-09 16:47:25.490 [WARN]: User not logged in
(VSCode) 2025-08-09 16:47:25.783 [WARN]: User not logged in
(VSCode) 2025-08-09 16:47:26.434 [WARN]: User not logged in
(VSCode) 2025-08-09 16:47:29.091 [WARN]: User not logged in
(VSCode) 2025-08-09 16:47:30.665 [WARN]: User not logged in
(VSCode) 2025-08-09 16:47:32.443 [WARN]: User not logged in
(VSCode) 2025-08-09 16:47:32.723 [WARN]: User not logged in
(VSCode) 2025-08-09 16:47:33.942 [WARN]: User not logged in
(VSCode) 2025-08-09 16:47:34.930 [WARN]: User not logged in
(VSCode) 2025-08-09 16:47:35.462 [WARN]: User not logged in
(VSCode) 2025-08-09 16:47:36.921 [WARN]: User not logged in
(VSCode) 2025-08-09 16:49:11.015 [WARN]: User not logged in
(VSCode) 2025-08-09 16:49:11.522 [WARN]: User not logged in
(VSCode) 2025-08-09 16:49:12.283 [WARN]: User not logged in
(VSCode) 2025-08-09 16:49:13.622 [WARN]: User not logged in
(VSCode) 2025-08-09 16:49:14.315 [WARN]: User not logged in
(VSCode) 2025-08-09 16:49:14.438 [WARN]: User not logged in
(VSCode) 2025-08-09 16:49:16.214 [WARN]: User not logged in
(VSCode) 2025-08-09 16:49:16.263 [WARN]: User not logged in
(VSCode) 2025-08-09 16:49:17.281 [WARN]: User not logged in
(VSCode) 2025-08-09 16:49:17.290 [WARN]: User not logged in
(VSCode) 2025-08-09 16:49:18.590 [WARN]: User not logged in
(VSCode) 2025-08-09 16:49:19.243 [WARN]: User not logged in
(VSCode) 2025-08-09 16:49:20.083 [WARN]: User not logged in
(VSCode) 2025-08-09 16:49:21.431 [WARN]: User not logged in
(VSCode) 2025-08-09 16:49:22.063 [WARN]: User not logged in
(VSCode) 2025-08-09 16:49:23.350 [WARN]: User not logged in
(VSCode) 2025-08-09 16:49:23.702 [WARN]: User not logged in
(VSCode) 2025-08-09 16:49:24.111 [WARN]: User not logged in
(VSCode) 2025-08-09 16:49:24.622 [WARN]: User not logged in
(VSCode) 2025-08-09 16:49:26.677 [WARN]: User not logged in
(VSCode) 2025-08-09 16:49:28.159 [WARN]: User not logged in
(VSCode) 2025-08-09 16:49:29.433 [WARN]: User not logged in
(VSCode) 2025-08-09 16:49:34.417 [WARN]: User not logged in
(VSCode) 2025-08-09 16:49:35.443 [WARN]: User not logged in
(VSCode) 2025-08-09 16:50:00.531 [WARN]: User not logged in
(VSCode) 2025-08-09 16:50:01.890 [WARN]: User not logged in
(VSCode) 2025-08-09 16:51:21.301 [WARN]: User not logged in
(VSCode) 2025-08-09 16:51:21.854 [WARN]: User not logged in
(VSCode) 2025-08-09 16:51:32.270 [WARN]: User not logged in
(VSCode) 2025-08-09 16:51:32.803 [WARN]: User not logged in
(VSCode) 2025-08-09 16:51:51.443 [WARN]: User not logged in
(VSCode) 2025-08-09 16:51:52.159 [WARN]: User not logged in
(VSCode) 2025-08-09 16:52:52.682 [WARN]: User not logged in
(VSCode) 2025-08-09 16:52:53.423 [WARN]: User not logged in
(VSCode) 2025-08-09 16:52:57.924 [WARN]: User not logged in
(VSCode) 2025-08-09 16:52:59.483 [WARN]: User not logged in
(VSCode) 2025-08-09 16:52:59.583 [WARN]: User not logged in
(VSCode) 2025-08-09 16:52:59.742 [WARN]: User not logged in
(VSCode) 2025-08-09 16:53:01.403 [WARN]: User not logged in
(VSCode) 2025-08-09 16:53:01.983 [WARN]: User not logged in
(VSCode) 2025-08-09 16:53:02.391 [WARN]: User not logged in
(VSCode) 2025-08-09 16:53:02.495 [WARN]: User not logged in
(VSCode) 2025-08-09 16:53:03.079 [WARN]: User not logged in
(VSCode) 2025-08-09 16:53:03.862 [WARN]: User not logged in
(VSCode) 2025-08-09 16:53:42.313 [WARN]: User not logged in
(VSCode) 2025-08-09 16:53:43.205 [WARN]: User not logged in
(VSCode) 2025-08-09 16:55:20.186 [WARN]: User not logged in
(VSCode) 2025-08-09 16:55:21.938 [WARN]: User not logged in
(VSCode) 2025-08-09 16:55:40.696 [WARN]: User not logged in
(VSCode) 2025-08-09 16:55:53.705 [WARN]: User not logged in
(VSCode) 2025-08-09 16:55:54.205 [WARN]: User not logged in
(VSCode) 2025-08-09 16:55:54.724 [WARN]: User not logged in
(VSCode) 2025-08-09 16:55:54.826 [WARN]: User not logged in
(VSCode) 2025-08-09 16:55:55.044 [WARN]: User not logged in
(VSCode) 2025-08-09 16:55:57.061 [WARN]: User not logged in
(VSCode) 2025-08-09 16:55:57.313 [WARN]: User not logged in
(VSCode) 2025-08-09 17:01:36.923 [WARN]: User not logged in
(VSCode) 2025-08-09 17:01:37.664 [WARN]: User not logged in
(VSCode) 2025-08-09 17:06:16.586 [WARN]: User not logged in
(VSCode) 2025-08-09 17:06:16.971 [WARN]: User not logged in
(VSCode) 2025-08-09 17:06:18.350 [WARN]: User not logged in
(VSCode) 2025-08-09 17:06:23.203 [WARN]: User not logged in
(VSCode) 2025-08-09 17:06:24.078 [WARN]: User not logged in
(VSCode) 2025-08-09 17:06:24.105 [WARN]: User not logged in
(VSCode) 2025-08-09 17:06:24.215 [WARN]: User not logged in
(VSCode) 2025-08-09 17:06:24.312 [WARN]: User not logged in
(VSCode) 2025-08-09 17:06:24.404 [WARN]: User not logged in
(VSCode) 2025-08-09 17:06:24.543 [WARN]: User not logged in
(VSCode) 2025-08-09 17:08:08.475 [WARN]: User not logged in
(VSCode) 2025-08-09 17:08:12.202 [WARN]: User not logged in
(VSCode) 2025-08-09 17:08:15.242 [WARN]: User not logged in
(VSCode) 2025-08-09 17:08:21.062 [WARN]: User not logged in
(VSCode) 2025-08-09 17:08:28.850 [WARN]: User not logged in
(VSCode) 2025-08-09 17:08:29.331 [WARN]: User not logged in
(VSCode) 2025-08-09 17:08:29.602 [WARN]: User not logged in
(VSCode) 2025-08-09 17:08:30.882 [WARN]: User not logged in
(VSCode) 2025-08-09 17:08:31.242 [WARN]: User not logged in
(VSCode) 2025-08-09 17:08:32.442 [WARN]: User not logged in
(VSCode) 2025-08-09 17:08:45.833 [WARN]: User not logged in
(VSCode) 2025-08-09 17:08:46.222 [WARN]: User not logged in
(VSCode) 2025-08-09 17:09:04.292 [WARN]: User not logged in
(VSCode) 2025-08-09 17:09:04.626 [WARN]: User not logged in
(VSCode) 2025-08-09 17:09:05.023 [WARN]: User not logged in
(VSCode) 2025-08-09 17:09:05.263 [WARN]: User not logged in
(VSCode) 2025-08-09 17:09:05.722 [WARN]: User not logged in
(VSCode) 2025-08-09 17:09:06.541 [WARN]: User not logged in
(VSCode) 2025-08-09 17:09:08.083 [WARN]: User not logged in
(VSCode) 2025-08-09 17:09:08.691 [WARN]: User not logged in
(VSCode) 2025-08-09 17:09:27.413 [WARN]: User not logged in
(VSCode) 2025-08-09 17:09:27.682 [WARN]: User not logged in
(VSCode) 2025-08-09 17:09:28.082 [WARN]: User not logged in
(VSCode) 2025-08-09 17:09:28.338 [WARN]: User not logged in
(VSCode) 2025-08-09 17:09:28.723 [WARN]: User not logged in
(VSCode) 2025-08-09 17:09:30.343 [WARN]: User not logged in
(VSCode) 2025-08-09 17:09:31.573 [WARN]: User not logged in
(VSCode) 2025-08-09 17:09:32.704 [WARN]: User not logged in
(VSCode) 2025-08-09 17:09:34.284 [WARN]: User not logged in
(VSCode) 2025-08-09 17:09:34.382 [WARN]: User not logged in
(VSCode) 2025-08-09 17:09:34.622 [WARN]: User not logged in
(VSCode) 2025-08-09 17:09:34.923 [WARN]: User not logged in
(VSCode) 2025-08-09 17:09:35.070 [WARN]: User not logged in
(VSCode) 2025-08-09 17:09:51.153 [WARN]: User not logged in
(VSCode) 2025-08-09 17:10:21.882 [WARN]: User not logged in
(VSCode) 2025-08-09 17:10:23.142 [WARN]: User not logged in
(VSCode) 2025-08-09 17:10:24.167 [WARN]: User not logged in
(VSCode) 2025-08-09 17:10:26.908 [WARN]: User not logged in
(VSCode) 2025-08-09 17:10:34.354 [WARN]: User not logged in
(VSCode) 2025-08-09 17:10:37.222 [WARN]: User not logged in
(VSCode) 2025-08-09 17:11:53.803 [WARN]: User not logged in
(VSCode) 2025-08-09 17:11:53.843 [WARN]: User not logged in
(VSCode) 2025-08-09 17:11:53.954 [WARN]: User not logged in
(VSCode) 2025-08-09 17:11:54.103 [WARN]: User not logged in
(VSCode) 2025-08-09 17:11:54.274 [WARN]: User not logged in
(VSCode) 2025-08-09 17:12:03.052 [WARN]: User not logged in
(VSCode) 2025-08-09 17:12:06.074 [WARN]: User not logged in
(VSCode) 2025-08-09 17:12:07.178 [WARN]: User not logged in
(VSCode) 2025-08-09 17:12:09.743 [WARN]: User not logged in
(VSCode) 2025-08-09 17:12:10.570 [WARN]: User not logged in
(VSCode) 2025-08-09 17:12:10.642 [WARN]: User not logged in
(VSCode) 2025-08-09 17:12:11.355 [WARN]: User not logged in
(VSCode) 2025-08-09 17:12:11.501 [WARN]: User not logged in
(VSCode) 2025-08-09 17:12:11.891 [WARN]: User not logged in
(VSCode) 2025-08-09 17:12:12.200 [WARN]: User not logged in
(VSCode) 2025-08-09 17:12:12.972 [WARN]: User not logged in
(VSCode) 2025-08-09 17:12:13.692 [WARN]: User not logged in
(VSCode) 2025-08-09 17:12:13.798 [WARN]: User not logged in
(VSCode) 2025-08-09 17:12:14.484 [WARN]: User not logged in
(VSCode) 2025-08-09 17:12:14.602 [WARN]: User not logged in
(VSCode) 2025-08-09 17:12:14.831 [WARN]: User not logged in
(VSCode) 2025-08-09 17:12:15.487 [WARN]: User not logged in
(VSCode) 2025-08-09 17:12:15.603 [WARN]: User not logged in
(VSCode) 2025-08-09 17:12:15.693 [WARN]: User not logged in
(VSCode) 2025-08-09 17:12:16.408 [WARN]: User not logged in
(VSCode) 2025-08-09 17:12:16.511 [WARN]: User not logged in
(VSCode) 2025-08-09 17:12:17.280 [WARN]: User not logged in
(VSCode) 2025-08-09 17:12:17.322 [WARN]: User not logged in
(VSCode) 2025-08-09 17:12:17.622 [WARN]: User not logged in
(VSCode) 2025-08-09 17:12:17.803 [WARN]: User not logged in
(VSCode) 2025-08-09 17:12:18.043 [WARN]: User not logged in
(VSCode) 2025-08-09 17:12:18.771 [WARN]: User not logged in
(VSCode) 2025-08-09 17:12:18.883 [WARN]: User not logged in
(VSCode) 2025-08-09 17:12:19.583 [WARN]: User not logged in
(VSCode) 2025-08-09 17:12:19.862 [WARN]: User not logged in
(VSCode) 2025-08-09 17:12:20.983 [WARN]: User not logged in
(VSCode) 2025-08-09 17:12:21.099 [WARN]: User not logged in
(VSCode) 2025-08-09 17:12:21.802 [WARN]: User not logged in
(VSCode) 2025-08-09 17:12:21.913 [WARN]: User not logged in
(VSCode) 2025-08-09 17:12:22.611 [WARN]: User not logged in
(VSCode) 2025-08-09 17:12:22.735 [WARN]: User not logged in
(VSCode) 2025-08-09 17:12:22.831 [WARN]: User not logged in
(VSCode) 2025-08-09 17:12:22.930 [WARN]: User not logged in
(VSCode) 2025-08-09 17:12:23.439 [WARN]: User not logged in
(VSCode) 2025-08-09 17:12:23.643 [WARN]: User not logged in
(VSCode) 2025-08-09 17:12:23.767 [WARN]: User not logged in
(VSCode) 2025-08-09 17:12:23.979 [WARN]: User not logged in
(VSCode) 2025-08-09 17:12:24.111 [WARN]: User not logged in
(VSCode) 2025-08-09 17:12:24.402 [WARN]: User not logged in
(VSCode) 2025-08-09 17:12:24.503 [WARN]: User not logged in
(VSCode) 2025-08-09 17:12:24.602 [WARN]: User not logged in
(VSCode) 2025-08-09 17:12:25.722 [WARN]: User not logged in
(VSCode) 2025-08-09 17:12:25.827 [WARN]: User not logged in
(VSCode) 2025-08-09 17:12:26.547 [WARN]: User not logged in
(VSCode) 2025-08-09 17:12:27.303 [WARN]: User not logged in
(VSCode) 2025-08-09 17:12:27.676 [WARN]: User not logged in
(VSCode) 2025-08-09 17:12:27.771 [WARN]: User not logged in
(VSCode) 2025-08-09 17:12:28.423 [WARN]: User not logged in
(VSCode) 2025-08-09 17:12:28.490 [WARN]: User not logged in
(VSCode) 2025-08-09 17:12:28.599 [WARN]: User not logged in
(VSCode) 2025-08-09 17:12:29.338 [WARN]: User not logged in
(VSCode) 2025-08-09 17:12:29.422 [WARN]: User not logged in
(VSCode) 2025-08-09 17:12:29.526 [WARN]: User not logged in
(VSCode) 2025-08-09 17:12:29.630 [WARN]: User not logged in
(VSCode) 2025-08-09 17:12:29.798 [WARN]: User not logged in
(VSCode) 2025-08-09 17:12:29.806 [WARN]: User not logged in
(VSCode) 2025-08-09 17:12:31.323 [WARN]: User not logged in
(VSCode) 2025-08-09 17:12:31.863 [WARN]: User not logged in
(VSCode) 2025-08-09 17:12:31.979 [WARN]: User not logged in
(VSCode) 2025-08-09 17:12:32.615 [WARN]: User not logged in
(VSCode) 2025-08-09 17:12:32.751 [WARN]: User not logged in
(VSCode) 2025-08-09 17:12:33.463 [WARN]: User not logged in
(VSCode) 2025-08-09 17:12:33.631 [WARN]: User not logged in
(VSCode) 2025-08-09 17:12:34.865 [WARN]: User not logged in
(VSCode) 2025-08-09 17:12:35.165 [WARN]: User not logged in
(VSCode) 2025-08-09 17:12:35.282 [WARN]: User not logged in
(VSCode) 2025-08-09 17:12:35.482 [WARN]: User not logged in
(VSCode) 2025-08-09 17:12:35.571 [WARN]: User not logged in
(VSCode) 2025-08-09 17:12:41.987 [WARN]: User not logged in
(VSCode) 2025-08-09 17:12:43.560 [WARN]: User not logged in
(VSCode) 2025-08-09 17:12:44.042 [WARN]: User not logged in
(VSCode) 2025-08-09 17:12:44.224 [WARN]: User not logged in
(VSCode) 2025-08-09 17:12:44.423 [WARN]: User not logged in
(VSCode) 2025-08-09 17:12:44.562 [WARN]: User not logged in
(VSCode) 2025-08-09 17:12:44.642 [WARN]: User not logged in
(VSCode) 2025-08-09 17:12:44.752 [WARN]: User not logged in
(VSCode) 2025-08-09 17:12:44.874 [WARN]: User not logged in
(VSCode) 2025-08-09 17:12:44.966 [WARN]: User not logged in
(VSCode) 2025-08-09 17:12:45.090 [WARN]: User not logged in
(VSCode) 2025-08-09 17:12:47.534 [WARN]: User not logged in
(VSCode) 2025-08-09 17:12:48.162 [WARN]: User not logged in
(VSCode) 2025-08-09 17:12:48.846 [WARN]: User not logged in
(VSCode) 2025-08-09 17:12:49.050 [WARN]: User not logged in
(VSCode) 2025-08-09 17:13:59.824 [WARN]: User not logged in
(VSCode) 2025-08-09 17:14:02.571 [WARN]: User not logged in
(VSCode) 2025-08-09 17:14:04.522 [WARN]: User not logged in
(VSCode) 2025-08-09 17:14:05.110 [WARN]: User not logged in
(VSCode) 2025-08-09 17:14:06.331 [WARN]: User not logged in
(VSCode) 2025-08-09 17:14:06.363 [WARN]: User not logged in
(VSCode) 2025-08-09 17:14:06.770 [WARN]: User not logged in
(VSCode) 2025-08-09 17:14:06.927 [WARN]: User not logged in
(VSCode) 2025-08-09 17:14:07.043 [WARN]: User not logged in
(VSCode) 2025-08-09 17:14:07.191 [WARN]: User not logged in
(VSCode) 2025-08-09 17:14:07.386 [WARN]: User not logged in
(VSCode) 2025-08-09 17:14:07.482 [WARN]: User not logged in
(VSCode) 2025-08-09 17:14:07.635 [WARN]: User not logged in
(VSCode) 2025-08-09 17:14:07.772 [WARN]: User not logged in
(VSCode) 2025-08-09 17:14:09.750 [WARN]: User not logged in
(VSCode) 2025-08-09 17:14:10.090 [WARN]: User not logged in
(VSCode) 2025-08-09 17:14:10.202 [WARN]: User not logged in
(VSCode) 2025-08-09 17:14:10.365 [WARN]: User not logged in
(VSCode) 2025-08-09 17:14:10.398 [WARN]: User not logged in
(VSCode) 2025-08-09 17:14:10.552 [WARN]: User not logged in
(VSCode) 2025-08-09 17:14:10.554 [WARN]: User not logged in
(VSCode) 2025-08-09 17:14:10.982 [WARN]: User not logged in
(VSCode) 2025-08-09 17:14:12.583 [WARN]: User not logged in
(VSCode) 2025-08-09 17:14:13.386 [WARN]: User not logged in
(VSCode) 2025-08-09 17:14:13.447 [WARN]: User not logged in
(VSCode) 2025-08-09 17:14:13.503 [WARN]: User not logged in
(VSCode) 2025-08-09 17:14:14.298 [WARN]: User not logged in
(VSCode) 2025-08-09 17:14:14.711 [WARN]: User not logged in
(VSCode) 2025-08-09 17:14:14.776 [WARN]: User not logged in
(VSCode) 2025-08-09 17:14:14.830 [WARN]: User not logged in
(VSCode) 2025-08-09 17:14:14.910 [WARN]: User not logged in
(VSCode) 2025-08-09 17:14:14.984 [WARN]: User not logged in
(VSCode) 2025-08-09 17:14:15.069 [WARN]: User not logged in
(VSCode) 2025-08-09 17:14:15.142 [WARN]: User not logged in
(VSCode) 2025-08-09 17:14:15.225 [WARN]: User not logged in
(VSCode) 2025-08-09 17:14:15.982 [WARN]: User not logged in
(VSCode) 2025-08-09 17:14:16.382 [WARN]: User not logged in
(VSCode) 2025-08-09 17:14:16.467 [WARN]: User not logged in
(VSCode) 2025-08-09 17:14:16.531 [WARN]: User not logged in
(VSCode) 2025-08-09 17:14:16.606 [WARN]: User not logged in
(VSCode) 2025-08-09 17:14:16.771 [WARN]: User not logged in
(VSCode) 2025-08-09 17:14:20.525 [WARN]: User not logged in
(VSCode) 2025-08-09 17:14:24.004 [WARN]: User not logged in
(VSCode) 2025-08-09 17:14:24.380 [WARN]: User not logged in
(VSCode) 2025-08-09 17:14:24.443 [WARN]: User not logged in
(VSCode) 2025-08-09 17:14:24.534 [WARN]: User not logged in
(VSCode) 2025-08-09 17:14:24.596 [WARN]: User not logged in
(VSCode) 2025-08-09 17:14:24.701 [WARN]: User not logged in
(VSCode) 2025-08-09 17:14:24.739 [WARN]: User not logged in
(VSCode) 2025-08-09 17:14:24.821 [WARN]: User not logged in
(VSCode) 2025-08-09 17:14:24.902 [WARN]: User not logged in
(VSCode) 2025-08-09 17:14:24.963 [WARN]: User not logged in
(VSCode) 2025-08-09 17:14:25.042 [WARN]: User not logged in
(VSCode) 2025-08-09 17:14:26.282 [WARN]: User not logged in
(VSCode) 2025-08-09 17:14:26.691 [WARN]: User not logged in
(VSCode) 2025-08-09 17:14:26.750 [WARN]: User not logged in
(VSCode) 2025-08-09 17:14:26.862 [WARN]: User not logged in
(VSCode) 2025-08-09 17:14:26.923 [WARN]: User not logged in
(VSCode) 2025-08-09 17:14:26.967 [WARN]: User not logged in
(VSCode) 2025-08-09 17:14:27.055 [WARN]: User not logged in
(VSCode) 2025-08-09 17:14:27.431 [WARN]: User not logged in
(VSCode) 2025-08-09 17:14:28.622 [WARN]: User not logged in
(VSCode) 2025-08-09 17:14:29.542 [WARN]: User not logged in
(VSCode) 2025-08-09 17:14:29.670 [WARN]: User not logged in
(VSCode) 2025-08-09 17:14:33.342 [WARN]: User not logged in
(VSCode) 2025-08-09 17:14:33.723 [WARN]: User not logged in
(VSCode) 2025-08-09 17:14:33.812 [WARN]: User not logged in
(VSCode) 2025-08-09 17:14:33.884 [WARN]: User not logged in
(VSCode) 2025-08-09 17:14:33.998 [WARN]: User not logged in
(VSCode) 2025-08-09 17:14:34.067 [WARN]: User not logged in
(VSCode) 2025-08-09 17:14:34.103 [WARN]: User not logged in
(VSCode) 2025-08-09 17:14:34.190 [WARN]: User not logged in
(VSCode) 2025-08-09 17:14:34.261 [WARN]: User not logged in
(VSCode) 2025-08-09 17:14:34.323 [WARN]: User not logged in
(VSCode) 2025-08-09 17:14:34.406 [WARN]: User not logged in
(VSCode) 2025-08-09 17:14:34.543 [WARN]: User not logged in
(VSCode) 2025-08-09 17:14:34.702 [WARN]: User not logged in
(VSCode) 2025-08-09 17:14:37.023 [WARN]: User not logged in
(VSCode) 2025-08-09 17:14:37.515 [WARN]: User not logged in
(VSCode) 2025-08-09 17:14:37.586 [WARN]: User not logged in
(VSCode) 2025-08-09 17:14:37.683 [WARN]: User not logged in
(VSCode) 2025-08-09 17:14:37.782 [WARN]: User not logged in
(VSCode) 2025-08-09 17:14:37.862 [WARN]: User not logged in
(VSCode) 2025-08-09 17:14:37.932 [WARN]: User not logged in
(VSCode) 2025-08-09 17:14:38.043 [WARN]: User not logged in
(VSCode) 2025-08-09 17:14:38.091 [WARN]: User not logged in
(VSCode) 2025-08-09 17:14:38.151 [WARN]: User not logged in
(VSCode) 2025-08-09 17:14:38.231 [WARN]: User not logged in
(VSCode) 2025-08-09 17:14:39.278 [WARN]: User not logged in
(VSCode) 2025-08-09 17:14:39.670 [WARN]: User not logged in
(VSCode) 2025-08-09 17:14:39.742 [WARN]: User not logged in
(VSCode) 2025-08-09 17:14:39.827 [WARN]: User not logged in
(VSCode) 2025-08-09 17:14:39.891 [WARN]: User not logged in
(VSCode) 2025-08-09 17:14:39.962 [WARN]: User not logged in
(VSCode) 2025-08-09 17:14:40.046 [WARN]: User not logged in
(VSCode) 2025-08-09 17:14:40.143 [WARN]: User not logged in
(VSCode) 2025-08-09 17:14:40.182 [WARN]: User not logged in
(VSCode) 2025-08-09 17:14:40.262 [WARN]: User not logged in
(VSCode) 2025-08-09 17:14:40.521 [WARN]: User not logged in
(VSCode) 2025-08-09 17:14:40.675 [WARN]: User not logged in
(VSCode) 2025-08-09 17:14:40.683 [WARN]: User not logged in
(VSCode) 2025-08-09 17:14:40.782 [WARN]: User not logged in
(VSCode) 2025-08-09 17:14:40.883 [WARN]: User not logged in
(VSCode) 2025-08-09 17:14:41.051 [WARN]: User not logged in
(VSCode) 2025-08-09 17:14:41.186 [WARN]: User not logged in
(VSCode) 2025-08-09 17:14:41.322 [WARN]: User not logged in
(VSCode) 2025-08-09 17:14:41.463 [WARN]: User not logged in
(VSCode) 2025-08-09 17:14:41.965 [WARN]: User not logged in
(VSCode) 2025-08-09 17:14:41.967 [WARN]: User not logged in
(VSCode) 2025-08-09 17:14:41.969 [WARN]: User not logged in
(VSCode) 2025-08-09 17:14:42.239 [WARN]: User not logged in
(VSCode) 2025-08-09 17:14:42.631 [WARN]: User not logged in
(VSCode) 2025-08-09 17:14:43.030 [WARN]: User not logged in
(VSCode) 2025-08-09 17:14:43.423 [WARN]: User not logged in
(VSCode) 2025-08-09 17:14:46.379 [WARN]: User not logged in
(VSCode) 2025-08-09 17:28:32.462 [WARN]: User not logged in
(VSCode) 2025-08-09 17:28:32.793 [WARN]: User not logged in
(VSCode) 2025-08-09 17:28:49.442 [WARN]: User not logged in
(VSCode) 2025-08-09 17:28:51.602 [WARN]: User not logged in
(VSCode) 2025-08-09 17:28:52.342 [WARN]: User not logged in
(VSCode) 2025-08-09 17:28:52.528 [WARN]: User not logged in
(VSCode) 2025-08-09 17:28:53.963 [WARN]: User not logged in
(VSCode) 2025-08-09 17:28:54.131 [WARN]: User not logged in
(VSCode) 2025-08-09 17:28:54.295 [WARN]: User not logged in
(VSCode) 2025-08-09 17:28:54.710 [WARN]: User not logged in
(VSCode) 2025-08-09 17:28:56.022 [WARN]: User not logged in
(VSCode) 2025-08-09 17:28:56.174 [WARN]: User not logged in
(VSCode) 2025-08-09 17:28:56.302 [WARN]: User not logged in
(VSCode) 2025-08-09 17:28:56.466 [WARN]: User not logged in
(VSCode) 2025-08-09 17:29:20.858 [WARN]: User not logged in
(VSCode) 2025-08-09 17:29:21.802 [WARN]: User not logged in
(VSCode) 2025-08-09 17:29:22.512 [WARN]: User not logged in
(VSCode) 2025-08-09 17:29:27.250 [WARN]: User not logged in
(VSCode) 2025-08-09 17:29:27.530 [WARN]: User not logged in
(VSCode) 2025-08-09 17:29:32.160 [WARN]: User not logged in
(VSCode) 2025-08-09 17:29:32.382 [WARN]: User not logged in
(VSCode) 2025-08-09 17:29:34.202 [WARN]: User not logged in
(VSCode) 2025-08-09 17:29:34.870 [WARN]: User not logged in
(VSCode) 2025-08-09 17:29:52.453 [WARN]: User not logged in
(VSCode) 2025-08-09 17:29:52.542 [WARN]: User not logged in
(VSCode) 2025-08-09 17:29:52.722 [WARN]: User not logged in
(VSCode) 2025-08-09 17:29:53.062 [WARN]: User not logged in
(VSCode) 2025-08-09 17:29:53.834 [WARN]: User not logged in
(VSCode) 2025-08-09 17:29:53.970 [WARN]: User not logged in
(VSCode) 2025-08-09 17:29:54.350 [WARN]: User not logged in
(VSCode) 2025-08-09 17:29:54.528 [WARN]: User not logged in
(VSCode) 2025-08-09 17:30:45.375 [WARN]: User not logged in
(VSCode) 2025-08-09 17:30:46.479 [WARN]: User not logged in
(VSCode) 2025-08-09 17:30:48.511 [WARN]: User not logged in
(VSCode) 2025-08-09 17:30:52.250 [WARN]: User not logged in
(VSCode) 2025-08-09 17:30:53.690 [WARN]: User not logged in
(VSCode) 2025-08-09 17:30:54.210 [WARN]: User not logged in
(VSCode) 2025-08-09 17:30:54.702 [WARN]: User not logged in
(VSCode) 2025-08-09 17:30:56.990 [WARN]: User not logged in
(VSCode) 2025-08-09 17:30:58.110 [WARN]: User not logged in
(VSCode) 2025-08-09 17:30:58.662 [WARN]: User not logged in
(VSCode) 2025-08-09 17:30:59.702 [WARN]: User not logged in
(VSCode) 2025-08-09 17:31:00.122 [WARN]: User not logged in
(VSCode) 2025-08-09 17:32:27.830 [WARN]: User not logged in
(VSCode) 2025-08-09 17:32:28.342 [WARN]: User not logged in
(VSCode) 2025-08-09 17:32:30.202 [WARN]: User not logged in
(VSCode) 2025-08-09 17:32:30.312 [WARN]: User not logged in
(VSCode) 2025-08-09 17:32:32.982 [WARN]: User not logged in
(VSCode) 2025-08-09 17:32:45.391 [WARN]: User not logged in
(VSCode) 2025-08-09 17:32:48.603 [WARN]: User not logged in
(VSCode) 2025-08-09 17:32:52.672 [WARN]: User not logged in
(VSCode) 2025-08-09 17:33:19.642 [WARN]: User not logged in
(VSCode) 2025-08-09 17:33:22.430 [WARN]: User not logged in
(VSCode) 2025-08-09 17:33:22.570 [WARN]: User not logged in
(VSCode) 2025-08-09 17:33:23.014 [WARN]: User not logged in
(VSCode) 2025-08-09 17:33:27.542 [WARN]: User not logged in
(VSCode) 2025-08-09 17:33:29.158 [WARN]: User not logged in
(VSCode) 2025-08-09 17:33:30.517 [WARN]: User not logged in
(VSCode) 2025-08-09 17:33:32.178 [WARN]: User not logged in
(VSCode) 2025-08-09 17:33:32.590 [WARN]: User not logged in
(VSCode) 2025-08-09 17:33:33.163 [WARN]: User not logged in
(VSCode) 2025-08-09 17:33:36.082 [WARN]: User not logged in
(VSCode) 2025-08-09 17:33:42.290 [WARN]: User not logged in
(VSCode) 2025-08-09 17:33:43.150 [WARN]: User not logged in
(VSCode) 2025-08-09 17:33:43.390 [WARN]: User not logged in
(VSCode) 2025-08-09 17:33:44.342 [WARN]: User not logged in
(VSCode) 2025-08-09 17:33:44.470 [WARN]: User not logged in
(VSCode) 2025-08-09 17:33:44.630 [WARN]: User not logged in
(VSCode) 2025-08-09 17:33:45.142 [WARN]: User not logged in
(VSCode) 2025-08-09 17:34:19.509 [WARN]: User not logged in
(VSCode) 2025-08-09 17:38:01.240 [WARN]: User not logged in
(VSCode) 2025-08-09 17:38:57.971 [WARN]: User not logged in
(VSCode) 2025-08-09 17:39:18.219 [WARN]: User not logged in
(VSCode) 2025-08-09 17:39:48.892 [WARN]: User not logged in
(VSCode) 2025-08-09 17:39:51.582 [WARN]: User not logged in
(VSCode) 2025-08-09 17:40:06.801 [WARN]: User not logged in
(VSCode) 2025-08-09 17:40:07.752 [WARN]: User not logged in
(VSCode) 2025-08-09 17:40:08.142 [WARN]: User not logged in
(VSCode) 2025-08-09 17:40:08.530 [WARN]: User not logged in
(VSCode) 2025-08-09 17:40:08.941 [WARN]: User not logged in
(VSCode) 2025-08-09 17:40:09.430 [WARN]: User not logged in
(VSCode) 2025-08-09 17:40:09.846 [WARN]: User not logged in
(VSCode) 2025-08-09 17:40:14.738 [WARN]: User not logged in
(VSCode) 2025-08-09 17:40:14.743 [WARN]: User not logged in
(VSCode) 2025-08-09 17:40:14.746 [WARN]: User not logged in
(VSCode) 2025-08-09 17:40:14.751 [WARN]: User not logged in
