2025-08-08 21:29:39.537 [info] Log level: Info
2025-08-08 21:29:40.002 [info] VSCODE_MACHINE_ID: 10d3d877-fe56-442f-a117-f9035039c6e9
2025-08-08 21:29:40.002 [info] VSCODE_SESSION_ID: 86e3ba18-d3f3-47d5-84aa-489918e0aa091754688568300
2025-08-08 21:29:40.002 [info] VSCODE_VERSION: 1.102.3
2025-08-08 21:29:40.002 [info] VSCODE_APP_NAME: Gitpod Code
2025-08-08 21:29:40.002 [info] VSCODE_APP_HOST: Gitpod
2025-08-08 21:29:40.002 [info] VSCODE_UI_KIND: web
2025-08-08 21:29:40.002 [info] GITPOD_WORKSPACE_CONTEXT_URL: https://github.com/Abdallah-Develop/Website-starter
2025-08-08 21:29:40.002 [info] GITPOD_INSTANCE_ID: 084e8d19-ef0d-46ef-9b9c-428f3e606b98
2025-08-08 21:29:40.002 [info] GITPOD_WORKSPACE_URL: https://abdallahdev-websitestar-esjdme0laxn.ws-eu120.gitpod.io
2025-08-08 21:29:40.009 [info] Gitpod Web 3953e81
2025-08-08 21:29:40.009 [info] Reading sessions from keychain...
2025-08-08 21:29:40.714 [info] Got stored sessions!
2025-08-08 21:29:40.714 [info] Verified session with the following scopes: function:accessCodeSyncStorage function:closePort function:controlAdmission function:deleteEnvVar function:generateNewGitpodToken function:getDefaultWorkspaceImage function:getGitpodTokenScopes function:getIDToken function:getLoggedInUser function:getOpenPorts function:getSupportedWorkspaceClasses function:getTeams function:getToken function:getWorkspace function:getWorkspaceEnvVars function:getWorkspaceOwner function:getWorkspaceTimeout function:getWorkspaceUsers function:guessGitTokenScopes function:isWorkspaceOwner function:openPort function:sendHeartBeat function:setEnvVar function:setWorkspaceTimeout function:stopWorkspace function:takeSnapshot function:trackEvent function:updateGitStatus function:waitForSnapshot resource:contentBlob::*::create/get resource:envVar::*/**::update resource:envVar::*/*::update resource:envVar::Abdallah-Develop/Website-starter::create/get/update/delete resource:gitpodToken::*::create resource:snapshot::ws-abdallahdev-websitestar-esjdme0laxn::create resource:token::*::get resource:userStorage::*::create/get/update resource:workspace::abdallahdev-websitestar-esjdme0laxn::get/update resource:workspaceInstance::084e8d19-ef0d-46ef-9b9c-428f3e606b98::get/update/delete
2025-08-08 21:29:40.715 [info] Got 1 verified sessions.
2025-08-08 21:29:40.715 [info] Getting sessions for all scopes...
2025-08-08 21:29:40.715 [info] Getting GitHub sessions for all scopes...
2025-08-08 21:29:40.715 [info] Got 1 sessions for all scopes...
2025-08-08 21:29:40.715 [info] Getting sessions for all scopes...
2025-08-08 21:29:40.715 [info] Got 1 sessions for all scopes...
2025-08-08 21:29:40.715 [info] Getting sessions for all scopes...
2025-08-08 21:29:40.715 [info] Got 1 sessions for all scopes...
2025-08-08 21:29:40.715 [info] Getting sessions for all scopes...
2025-08-08 21:29:40.715 [info] Got 1 sessions for all scopes...
2025-08-08 21:29:40.715 [info] Getting sessions for all scopes...
2025-08-08 21:29:40.715 [info] Got 1 sessions for all scopes...
2025-08-08 21:29:40.715 [info] Getting sessions for function:accessCodeSyncStorage...
2025-08-08 21:29:40.715 [info] Got 1 sessions for function:accessCodeSyncStorage...
2025-08-08 21:29:41.694 [info] Got 1 GitHub sessions for all scopes...
2025-08-08 21:29:41.695 [info] Getting GitHub sessions for all scopes...
2025-08-08 21:29:41.695 [info] Got 1 GitHub sessions for all scopes...
2025-08-08 21:29:42.481 [info] Getting GitHub sessions for all scopes...
2025-08-08 21:29:42.482 [info] Getting sessions for all scopes...
2025-08-08 21:29:42.482 [info] Got 1 GitHub sessions for all scopes...
2025-08-08 21:29:42.482 [info] Got 1 sessions for all scopes...
2025-08-08 21:29:42.482 [info] Getting GitHub sessions for all scopes...
2025-08-08 21:29:42.482 [info] Got 1 GitHub sessions for all scopes...
2025-08-08 21:29:45.799 [info] Getting GitHub sessions for all scopes...
2025-08-08 21:29:45.799 [info] Got 1 GitHub sessions for all scopes...
2025-08-08 21:29:45.799 [info] Getting sessions for all scopes...
2025-08-08 21:29:45.799 [info] Getting GitHub sessions for all scopes...
2025-08-08 21:29:45.799 [info] Got 1 sessions for all scopes...
2025-08-08 21:29:45.799 [info] Got 1 GitHub sessions for all scopes...
2025-08-08 21:29:45.800 [info] Getting GitHub sessions for read:user,repo,user:email,workflow...
2025-08-08 21:29:45.800 [info] Got 0 GitHub sessions for read:user,repo,user:email,workflow...
2025-08-08 21:29:45.991 [info] Getting sessions for all scopes...
2025-08-08 21:29:45.992 [info] Getting GitHub sessions for all scopes...
2025-08-08 21:29:45.992 [info] Got 1 sessions for all scopes...
2025-08-08 21:29:45.992 [info] Got 1 GitHub sessions for all scopes...
2025-08-08 21:29:46.895 [info] Getting sessions for all scopes...
2025-08-08 21:29:46.895 [info] Getting GitHub sessions for all scopes...
2025-08-08 21:29:46.895 [info] Got 1 sessions for all scopes...
2025-08-08 21:29:46.895 [info] Got 1 GitHub sessions for all scopes...
2025-08-08 21:29:47.506 [info] Getting sessions for all scopes...
2025-08-08 21:29:47.506 [info] Getting GitHub sessions for all scopes...
2025-08-08 21:29:47.506 [info] Got 1 sessions for all scopes...
2025-08-08 21:29:47.506 [info] Got 1 GitHub sessions for all scopes...
2025-08-08 21:29:49.000 [info] Getting GitHub sessions for project,read:org,read:user,repo,user:email,workflow...
2025-08-08 21:29:49.000 [info] Got 0 GitHub sessions for project,read:org,read:user,repo,user:email,workflow...
2025-08-08 21:29:49.382 [info] Getting sessions for all scopes...
2025-08-08 21:29:49.382 [info] Getting GitHub sessions for all scopes...
2025-08-08 21:29:49.382 [info] Got 1 sessions for all scopes...
2025-08-08 21:29:49.382 [info] Got 1 GitHub sessions for all scopes...
2025-08-08 21:29:50.426 [info] Getting GitHub sessions for read:user,repo,user:email,workflow...
2025-08-08 21:29:50.427 [info] Got 0 GitHub sessions for read:user,repo,user:email,workflow...
2025-08-08 21:29:56.844 [info] Getting GitHub sessions for read:user,repo,user:email...
2025-08-08 21:29:56.844 [info] Got 0 GitHub sessions for read:user,repo,user:email...
2025-08-08 21:29:58.662 [info] Getting GitHub sessions for read:user,repo,user:email,workflow...
2025-08-08 21:29:58.662 [info] Got 0 GitHub sessions for read:user,repo,user:email,workflow...
