2025-08-10 10:34:25.071 [info] Log level: Info
2025-08-10 10:34:25.071 [info] VSCODE_MACHINE_ID: 10d3d877-fe56-442f-a117-f9035039c6e9
2025-08-10 10:34:25.071 [info] VSCODE_SESSION_ID: fb12faf7-5ace-4622-b731-30894c2b10cb1754822056645
2025-08-10 10:34:25.071 [info] VSCODE_VERSION: 1.102.3
2025-08-10 10:34:25.071 [info] VSCODE_APP_NAME: Gitpod Code
2025-08-10 10:34:25.071 [info] VSCODE_APP_HOST: Gitpod
2025-08-10 10:34:25.071 [info] VSCODE_UI_KIND: web
2025-08-10 10:34:25.071 [info] GITPOD_WORKSPACE_CONTEXT_URL: https://github.com/Abdallah-Develop/Website-starter
2025-08-10 10:34:25.071 [info] GITPOD_INSTANCE_ID: ca23dfbd-9ee2-47a7-b45d-42083e4f2a87
2025-08-10 10:34:25.071 [info] GITPOD_WORKSPACE_URL: https://abdallahdev-websitestar-esjdme0laxn.ws-eu120.gitpod.io
2025-08-10 10:34:25.071 [info] Gitpod Web 3953e81
2025-08-10 10:34:25.071 [info] Reading sessions from keychain...
2025-08-10 10:34:25.428 [info] Got stored sessions!
2025-08-10 10:34:25.428 [info] Getting sessions for all scopes...
2025-08-10 10:34:25.428 [info] Getting GitHub sessions for all scopes...
2025-08-10 10:34:25.484 [info] Verified session with the following scopes: function:accessCodeSyncStorage function:closePort function:controlAdmission function:deleteEnvVar function:generateNewGitpodToken function:getDefaultWorkspaceImage function:getGitpodTokenScopes function:getIDToken function:getLoggedInUser function:getOpenPorts function:getSupportedWorkspaceClasses function:getTeams function:getToken function:getWorkspace function:getWorkspaceEnvVars function:getWorkspaceOwner function:getWorkspaceTimeout function:getWorkspaceUsers function:guessGitTokenScopes function:isWorkspaceOwner function:openPort function:sendHeartBeat function:setEnvVar function:setWorkspaceTimeout function:stopWorkspace function:takeSnapshot function:trackEvent function:updateGitStatus function:waitForSnapshot resource:contentBlob::*::create/get resource:envVar::*/**::update resource:envVar::*/*::update resource:envVar::Abdallah-Develop/Website-starter::create/get/update/delete resource:gitpodToken::*::create resource:snapshot::ws-abdallahdev-websitestar-esjdme0laxn::create resource:token::*::get resource:userStorage::*::create/get/update resource:workspace::abdallahdev-websitestar-esjdme0laxn::get/update resource:workspaceInstance::ca23dfbd-9ee2-47a7-b45d-42083e4f2a87::get/update/delete
2025-08-10 10:34:25.484 [info] Got 1 verified sessions.
2025-08-10 10:34:25.484 [info] Got 1 sessions for all scopes...
2025-08-10 10:34:25.485 [info] Getting sessions for all scopes...
2025-08-10 10:34:25.485 [info] Got 1 sessions for all scopes...
2025-08-10 10:34:25.485 [info] Getting sessions for all scopes...
2025-08-10 10:34:25.485 [info] Got 1 sessions for all scopes...
2025-08-10 10:34:28.329 [info] Getting sessions for all scopes...
2025-08-10 10:34:28.329 [info] Got 1 sessions for all scopes...
2025-08-10 10:34:28.947 [info] Got 1 GitHub sessions for all scopes...
2025-08-10 10:34:28.947 [info] Getting GitHub sessions for all scopes...
2025-08-10 10:34:28.947 [info] Got 1 GitHub sessions for all scopes...
2025-08-10 10:34:28.947 [info] Getting GitHub sessions for all scopes...
2025-08-10 10:34:28.947 [info] Got 1 GitHub sessions for all scopes...
2025-08-10 10:34:29.422 [info] Getting GitHub sessions for read:user,repo,user:email,workflow...
2025-08-10 10:34:29.423 [info] Got 0 GitHub sessions for read:user,repo,user:email,workflow...
2025-08-10 10:34:29.723 [info] Getting GitHub sessions for all scopes...
2025-08-10 10:34:29.723 [info] Got 1 GitHub sessions for all scopes...
2025-08-10 10:34:29.838 [info] Getting sessions for all scopes...
2025-08-10 10:34:29.838 [info] Getting GitHub sessions for all scopes...
2025-08-10 10:34:29.838 [info] Got 1 sessions for all scopes...
2025-08-10 10:34:29.838 [info] Got 1 GitHub sessions for all scopes...
2025-08-10 10:34:30.121 [info] Getting sessions for all scopes...
2025-08-10 10:34:30.121 [info] Getting GitHub sessions for all scopes...
2025-08-10 10:34:30.121 [info] Got 1 sessions for all scopes...
2025-08-10 10:34:30.121 [info] Got 1 GitHub sessions for all scopes...
2025-08-10 10:34:30.125 [info] Getting GitHub sessions for project,read:org,read:user,repo,user:email,workflow...
2025-08-10 10:34:30.125 [info] Got 0 GitHub sessions for project,read:org,read:user,repo,user:email,workflow...
2025-08-10 10:34:30.428 [info] Getting sessions for all scopes...
2025-08-10 10:34:30.428 [info] Getting GitHub sessions for all scopes...
2025-08-10 10:34:30.428 [info] Got 1 sessions for all scopes...
2025-08-10 10:34:30.428 [info] Got 1 GitHub sessions for all scopes...
2025-08-10 10:34:30.647 [info] Getting sessions for all scopes...
2025-08-10 10:34:30.647 [info] Getting GitHub sessions for all scopes...
2025-08-10 10:34:30.647 [info] Got 1 sessions for all scopes...
2025-08-10 10:34:30.647 [info] Got 1 GitHub sessions for all scopes...
2025-08-10 10:34:30.715 [info] Getting GitHub sessions for read:user,repo,user:email,workflow...
2025-08-10 10:34:30.715 [info] Got 0 GitHub sessions for read:user,repo,user:email,workflow...
2025-08-10 10:34:31.417 [info] Getting GitHub sessions for read:user,repo,user:email...
2025-08-10 10:34:31.417 [info] Got 0 GitHub sessions for read:user,repo,user:email...
2025-08-10 10:34:31.418 [info] Getting sessions for function:accessCodeSyncStorage...
2025-08-10 10:34:31.418 [info] Got 1 sessions for function:accessCodeSyncStorage...
2025-08-10 10:34:31.815 [info] Getting sessions for all scopes...
2025-08-10 10:34:31.815 [info] Getting GitHub sessions for all scopes...
2025-08-10 10:34:31.815 [info] Got 1 sessions for all scopes...
2025-08-10 10:34:31.815 [info] Got 1 GitHub sessions for all scopes...
2025-08-10 10:34:32.978 [info] Getting sessions for all scopes...
2025-08-10 10:34:32.978 [info] Getting GitHub sessions for all scopes...
2025-08-10 10:34:32.978 [info] Got 1 sessions for all scopes...
2025-08-10 10:34:32.978 [info] Got 1 GitHub sessions for all scopes...
2025-08-10 10:34:32.990 [info] Getting sessions for all scopes...
2025-08-10 10:34:32.990 [info] Getting GitHub sessions for all scopes...
2025-08-10 10:34:32.990 [info] Got 1 sessions for all scopes...
2025-08-10 10:34:32.990 [info] Got 1 GitHub sessions for all scopes...
2025-08-10 10:34:33.197 [info] Getting GitHub sessions for read:user,repo,user:email,workflow...
2025-08-10 10:34:33.197 [info] Got 0 GitHub sessions for read:user,repo,user:email,workflow...
2025-08-10 10:34:33.590 [info] Getting sessions for all scopes...
2025-08-10 10:34:33.591 [info] Getting GitHub sessions for all scopes...
2025-08-10 10:34:33.591 [info] Got 1 sessions for all scopes...
2025-08-10 10:34:33.591 [info] Got 1 GitHub sessions for all scopes...
2025-08-10 10:34:36.633 [info] Getting sessions for all scopes...
2025-08-10 10:34:36.633 [info] Getting GitHub sessions for all scopes...
2025-08-10 10:34:36.633 [info] Got 1 sessions for all scopes...
2025-08-10 10:34:36.633 [info] Got 1 GitHub sessions for all scopes...
2025-08-10 10:34:37.097 [info] Getting sessions for all scopes...
2025-08-10 10:34:37.097 [info] Getting GitHub sessions for all scopes...
2025-08-10 10:34:37.097 [info] Got 1 sessions for all scopes...
2025-08-10 10:34:37.097 [info] Got 1 GitHub sessions for all scopes...
2025-08-10 10:34:37.884 [info] Getting sessions for all scopes...
2025-08-10 10:34:37.884 [info] Getting GitHub sessions for all scopes...
2025-08-10 10:34:37.884 [info] Got 1 sessions for all scopes...
2025-08-10 10:34:37.884 [info] Got 1 GitHub sessions for all scopes...
2025-08-10 10:34:38.036 [info] Getting sessions for all scopes...
2025-08-10 10:34:38.036 [info] Getting GitHub sessions for all scopes...
2025-08-10 10:34:38.036 [info] Got 1 sessions for all scopes...
2025-08-10 10:34:38.036 [info] Got 1 GitHub sessions for all scopes...
2025-08-10 10:34:38.108 [info] Getting sessions for all scopes...
2025-08-10 10:34:38.108 [info] Getting GitHub sessions for all scopes...
2025-08-10 10:34:38.108 [info] Got 1 sessions for all scopes...
2025-08-10 10:34:38.109 [info] Got 1 GitHub sessions for all scopes...
2025-08-10 10:34:38.109 [info] Getting sessions for all scopes...
2025-08-10 10:34:38.109 [info] Getting GitHub sessions for all scopes...
2025-08-10 10:34:38.109 [info] Got 1 sessions for all scopes...
2025-08-10 10:34:38.109 [info] Got 1 GitHub sessions for all scopes...
2025-08-10 10:34:38.109 [info] Getting sessions for all scopes...
2025-08-10 10:34:38.109 [info] Getting GitHub sessions for all scopes...
2025-08-10 10:34:38.109 [info] Got 1 sessions for all scopes...
2025-08-10 10:34:38.109 [info] Got 1 GitHub sessions for all scopes...
