2025-08-10 13:33:59.221 [info] [main] Log level: Info
2025-08-10 13:33:59.221 [info] [main] Validating found git in: "git"
2025-08-10 13:33:59.221 [info] [main] Using git "2.49.0" from "git"
2025-08-10 13:33:59.221 [info] [Model][doInitialScan] Initial repository scan started
2025-08-10 13:33:59.221 [info] > git rev-parse --show-toplevel [3ms]
2025-08-10 13:33:59.221 [info] > git rev-parse --git-dir --git-common-dir [2ms]
2025-08-10 13:33:59.221 [info] [Model][openRepository] Opened repository (path): /workspace/Website-starter
2025-08-10 13:33:59.221 [info] [Model][openRepository] Opened repository (real path): /workspace/Website-starter
2025-08-10 13:33:59.221 [info] > git config --get commit.template [7ms]
2025-08-10 13:33:59.221 [info] > git rev-parse --show-toplevel [2ms]
2025-08-10 13:33:59.221 [info] > git for-each-ref --format=%(refname)%00%(upstream:short)%00%(objectname)%00%(upstream:track)%00%(upstream:remotename)%00%(upstream:remoteref) refs/heads/main refs/remotes/main [8ms]
2025-08-10 13:33:59.221 [info] > git rev-parse --show-toplevel [1ms]
2025-08-10 13:33:59.221 [info] > git rev-parse --show-toplevel [46ms]
2025-08-10 13:33:59.221 [info] > git status -z -uall [47ms]
2025-08-10 13:33:59.221 [info] > git for-each-ref --sort -committerdate --format %(refname)%00%(objectname)%00%(*objectname) [11ms]
2025-08-10 13:33:59.221 [info] > git rev-parse --show-toplevel [97ms]
2025-08-10 13:33:59.221 [info] > git for-each-ref --format=%(refname)%00%(upstream:short)%00%(objectname)%00%(upstream:track)%00%(upstream:remotename)%00%(upstream:remoteref) refs/heads/main refs/remotes/main [10ms]
2025-08-10 13:33:59.221 [info] > git config --get commit.template [14ms]
2025-08-10 13:33:59.221 [info] > git rev-parse --show-toplevel [88ms]
2025-08-10 13:33:59.221 [info] > git config --get --local branch.main.vscode-merge-base [94ms]
2025-08-10 13:33:59.221 [info] > git for-each-ref --format=%(refname)%00%(upstream:short)%00%(objectname)%00%(upstream:track)%00%(upstream:remotename)%00%(upstream:remoteref) refs/heads/main refs/remotes/main [22ms]
2025-08-10 13:33:59.221 [info] > git for-each-ref --format=%(refname)%00%(upstream:short)%00%(objectname)%00%(upstream:track)%00%(upstream:remotename)%00%(upstream:remoteref) refs/heads/origin/main refs/remotes/origin/main [7ms]
2025-08-10 13:33:59.221 [info] > git rev-parse --show-toplevel [82ms]
2025-08-10 13:33:59.221 [info] > git merge-base refs/heads/main refs/remotes/origin/main [86ms]
2025-08-10 13:33:59.221 [info] > git rev-parse --show-toplevel [19ms]
2025-08-10 13:33:59.221 [info] [Model][doInitialScan] Initial repository scan completed - repositories (1), closed repositories (0), parent repositories (0), unsafe repositories (0)
2025-08-10 13:33:59.221 [info] > git fetch [413ms]
2025-08-10 13:33:59.221 [info] > git diff --name-status -z --diff-filter=ADMR 0d7a3a898007be1d8200d8db99d59472a2da8d06...refs/remotes/origin/main [29ms]
2025-08-10 13:33:59.221 [info] > git config --get commit.template [6ms]
2025-08-10 13:33:59.221 [info] > git merge-base refs/heads/main refs/remotes/origin/main [14ms]
2025-08-10 13:33:59.221 [info] > git diff --name-status -z --diff-filter=ADMR 0d7a3a898007be1d8200d8db99d59472a2da8d06...refs/remotes/origin/main [142ms]
2025-08-10 13:33:59.221 [info] > git for-each-ref --format=%(refname)%00%(upstream:short)%00%(objectname)%00%(upstream:track)%00%(upstream:remotename)%00%(upstream:remoteref) refs/heads/main refs/remotes/main [108ms]
2025-08-10 13:33:59.221 [info] > git status -z -uall [758ms]
2025-08-10 13:33:59.221 [info] > git for-each-ref --sort -committerdate --format %(refname)%00%(objectname)%00%(*objectname) [754ms]
2025-08-10 13:33:59.728 [info] > git check-ignore -v -z --stdin [2ms]
2025-08-10 13:34:08.728 [info] > git show --textconv :src/components/ui/icons/icons.ts [8ms]
2025-08-10 13:34:08.729 [info] > git ls-files --stage -- src/components/ui/icons/icons.ts [1ms]
2025-08-10 13:34:08.767 [info] > git cat-file -s 4d8da5dfc3ea0ca53c34f9b9e9a55446fbdcd0c3 [29ms]
2025-08-10 13:34:12.363 [info] > git config --get commit.template [10ms]
2025-08-10 13:34:12.366 [info] > git for-each-ref --format=%(refname)%00%(upstream:short)%00%(objectname)%00%(upstream:track)%00%(upstream:remotename)%00%(upstream:remoteref) refs/heads/main refs/remotes/main [3ms]
2025-08-10 13:34:12.384 [info] > git for-each-ref --sort -committerdate --format %(refname)%00%(objectname)%00%(*objectname) [3ms]
2025-08-10 13:34:12.389 [info] > git status -z -uall [15ms]
2025-08-10 13:34:12.862 [info] > git ls-files --stage -- src/components/ui/icons/icons.ts [3ms]
2025-08-10 13:34:12.875 [info] > git cat-file -s 4d8da5dfc3ea0ca53c34f9b9e9a55446fbdcd0c3 [4ms]
2025-08-10 13:34:12.938 [info] > git blame --root --incremental 0d7a3a898007be1d8200d8db99d59472a2da8d06 -- src/components/ui/icons/icons.ts [4ms]
2025-08-10 13:34:13.368 [info] > git show --textconv :src/components/ui/icons/icons.ts [4ms]
2025-08-10 13:34:14.953 [info] > git config --get --local branch.main.github-pr-owner-number [6ms]
2025-08-10 13:34:14.953 [warning] [Git][config] git config failed: Failed to execute git
2025-08-10 13:34:17.414 [info] > git config --get commit.template [10ms]
2025-08-10 13:34:17.416 [info] > git for-each-ref --format=%(refname)%00%(upstream:short)%00%(objectname)%00%(upstream:track)%00%(upstream:remotename)%00%(upstream:remoteref) refs/heads/main refs/remotes/main [3ms]
2025-08-10 13:34:17.439 [info] > git for-each-ref --sort -committerdate --format %(refname)%00%(objectname)%00%(*objectname) [3ms]
2025-08-10 13:34:17.441 [info] > git status -z -uall [14ms]
2025-08-10 13:34:22.458 [info] > git config --get commit.template [3ms]
2025-08-10 13:34:22.469 [info] > git for-each-ref --format=%(refname)%00%(upstream:short)%00%(objectname)%00%(upstream:track)%00%(upstream:remotename)%00%(upstream:remoteref) refs/heads/main refs/remotes/main [2ms]
2025-08-10 13:34:22.491 [info] > git for-each-ref --sort -committerdate --format %(refname)%00%(objectname)%00%(*objectname) [3ms]
2025-08-10 13:34:22.492 [info] > git status -z -uall [14ms]
2025-08-10 13:34:27.517 [info] > git config --get commit.template [11ms]
2025-08-10 13:34:27.520 [info] > git for-each-ref --format=%(refname)%00%(upstream:short)%00%(objectname)%00%(upstream:track)%00%(upstream:remotename)%00%(upstream:remoteref) refs/heads/main refs/remotes/main [3ms]
2025-08-10 13:34:27.544 [info] > git for-each-ref --sort -committerdate --format %(refname)%00%(objectname)%00%(*objectname) [4ms]
2025-08-10 13:34:27.546 [info] > git status -z -uall [15ms]
2025-08-10 13:34:32.561 [info] > git config --get commit.template [2ms]
2025-08-10 13:34:32.572 [info] > git for-each-ref --format=%(refname)%00%(upstream:short)%00%(objectname)%00%(upstream:track)%00%(upstream:remotename)%00%(upstream:remoteref) refs/heads/main refs/remotes/main [2ms]
2025-08-10 13:34:32.593 [info] > git for-each-ref --sort -committerdate --format %(refname)%00%(objectname)%00%(*objectname) [3ms]
2025-08-10 13:34:32.598 [info] > git status -z -uall [17ms]
2025-08-10 13:34:50.860 [info] > git config --get commit.template [12ms]
2025-08-10 13:34:50.861 [info] > git for-each-ref --format=%(refname)%00%(upstream:short)%00%(objectname)%00%(upstream:track)%00%(upstream:remotename)%00%(upstream:remoteref) refs/heads/main refs/remotes/main [3ms]
2025-08-10 13:34:50.886 [info] > git for-each-ref --sort -committerdate --format %(refname)%00%(objectname)%00%(*objectname) [3ms]
2025-08-10 13:34:50.887 [info] > git status -z -uall [15ms]
2025-08-10 13:34:55.917 [info] > git config --get commit.template [11ms]
2025-08-10 13:34:55.918 [info] > git for-each-ref --format=%(refname)%00%(upstream:short)%00%(objectname)%00%(upstream:track)%00%(upstream:remotename)%00%(upstream:remoteref) refs/heads/main refs/remotes/main [2ms]
2025-08-10 13:34:55.944 [info] > git status -z -uall [15ms]
2025-08-10 13:34:55.944 [info] > git for-each-ref --sort -committerdate --format %(refname)%00%(objectname)%00%(*objectname) [3ms]
2025-08-10 13:35:00.972 [info] > git config --get commit.template [12ms]
2025-08-10 13:35:00.973 [info] > git for-each-ref --format=%(refname)%00%(upstream:short)%00%(objectname)%00%(upstream:track)%00%(upstream:remotename)%00%(upstream:remoteref) refs/heads/main refs/remotes/main [4ms]
2025-08-10 13:35:00.993 [info] > git for-each-ref --sort -committerdate --format %(refname)%00%(objectname)%00%(*objectname) [3ms]
2025-08-10 13:35:00.996 [info] > git status -z -uall [14ms]
2025-08-10 13:35:06.020 [info] > git config --get commit.template [10ms]
2025-08-10 13:35:06.022 [info] > git for-each-ref --format=%(refname)%00%(upstream:short)%00%(objectname)%00%(upstream:track)%00%(upstream:remotename)%00%(upstream:remoteref) refs/heads/main refs/remotes/main [3ms]
2025-08-10 13:35:06.043 [info] > git for-each-ref --sort -committerdate --format %(refname)%00%(objectname)%00%(*objectname) [3ms]
2025-08-10 13:35:06.046 [info] > git status -z -uall [15ms]
2025-08-10 13:35:17.540 [info] > git config --get commit.template [11ms]
2025-08-10 13:35:17.542 [info] > git for-each-ref --format=%(refname)%00%(upstream:short)%00%(objectname)%00%(upstream:track)%00%(upstream:remotename)%00%(upstream:remoteref) refs/heads/main refs/remotes/main [3ms]
2025-08-10 13:35:17.562 [info] > git for-each-ref --sort -committerdate --format %(refname)%00%(objectname)%00%(*objectname) [3ms]
2025-08-10 13:35:17.565 [info] > git status -z -uall [14ms]
2025-08-10 13:35:22.592 [info] > git config --get commit.template [12ms]
2025-08-10 13:35:22.594 [info] > git for-each-ref --format=%(refname)%00%(upstream:short)%00%(objectname)%00%(upstream:track)%00%(upstream:remotename)%00%(upstream:remoteref) refs/heads/main refs/remotes/main [3ms]
2025-08-10 13:35:22.619 [info] > git status -z -uall [15ms]
2025-08-10 13:35:22.619 [info] > git for-each-ref --sort -committerdate --format %(refname)%00%(objectname)%00%(*objectname) [3ms]
2025-08-10 13:35:27.637 [info] > git config --get commit.template [3ms]
2025-08-10 13:35:27.650 [info] > git for-each-ref --format=%(refname)%00%(upstream:short)%00%(objectname)%00%(upstream:track)%00%(upstream:remotename)%00%(upstream:remoteref) refs/heads/main refs/remotes/main [3ms]
2025-08-10 13:35:27.675 [info] > git for-each-ref --sort -committerdate --format %(refname)%00%(objectname)%00%(*objectname) [3ms]
2025-08-10 13:35:27.675 [info] > git status -z -uall [14ms]
2025-08-10 13:35:35.029 [info] > git config --get commit.template [3ms]
2025-08-10 13:35:35.040 [info] > git for-each-ref --format=%(refname)%00%(upstream:short)%00%(objectname)%00%(upstream:track)%00%(upstream:remotename)%00%(upstream:remoteref) refs/heads/main refs/remotes/main [2ms]
2025-08-10 13:35:35.065 [info] > git for-each-ref --sort -committerdate --format %(refname)%00%(objectname)%00%(*objectname) [3ms]
2025-08-10 13:35:35.067 [info] > git status -z -uall [15ms]
2025-08-10 13:35:40.087 [info] > git config --get commit.template [4ms]
2025-08-10 13:35:40.100 [info] > git for-each-ref --format=%(refname)%00%(upstream:short)%00%(objectname)%00%(upstream:track)%00%(upstream:remotename)%00%(upstream:remoteref) refs/heads/main refs/remotes/main [3ms]
2025-08-10 13:35:40.121 [info] > git for-each-ref --sort -committerdate --format %(refname)%00%(objectname)%00%(*objectname) [3ms]
2025-08-10 13:35:40.124 [info] > git status -z -uall [15ms]
2025-08-10 13:35:45.152 [info] > git config --get commit.template [10ms]
2025-08-10 13:35:45.154 [info] > git for-each-ref --format=%(refname)%00%(upstream:short)%00%(objectname)%00%(upstream:track)%00%(upstream:remotename)%00%(upstream:remoteref) refs/heads/main refs/remotes/main [3ms]
2025-08-10 13:35:45.177 [info] > git for-each-ref --sort -committerdate --format %(refname)%00%(objectname)%00%(*objectname) [3ms]
2025-08-10 13:35:45.178 [info] > git status -z -uall [14ms]
2025-08-10 13:35:50.206 [info] > git config --get commit.template [12ms]
2025-08-10 13:35:50.207 [info] > git for-each-ref --format=%(refname)%00%(upstream:short)%00%(objectname)%00%(upstream:track)%00%(upstream:remotename)%00%(upstream:remoteref) refs/heads/main refs/remotes/main [2ms]
2025-08-10 13:35:50.232 [info] > git for-each-ref --sort -committerdate --format %(refname)%00%(objectname)%00%(*objectname) [3ms]
2025-08-10 13:35:50.233 [info] > git status -z -uall [14ms]
2025-08-10 13:36:17.486 [info] > git config --get commit.template [10ms]
2025-08-10 13:36:17.488 [info] > git for-each-ref --format=%(refname)%00%(upstream:short)%00%(objectname)%00%(upstream:track)%00%(upstream:remotename)%00%(upstream:remoteref) refs/heads/main refs/remotes/main [3ms]
2025-08-10 13:36:17.511 [info] > git for-each-ref --sort -committerdate --format %(refname)%00%(objectname)%00%(*objectname) [3ms]
2025-08-10 13:36:17.513 [info] > git status -z -uall [14ms]
2025-08-10 13:36:22.642 [info] > git config --get commit.template [2ms]
2025-08-10 13:36:22.653 [info] > git for-each-ref --format=%(refname)%00%(upstream:short)%00%(objectname)%00%(upstream:track)%00%(upstream:remotename)%00%(upstream:remoteref) refs/heads/main refs/remotes/main [2ms]
2025-08-10 13:36:22.676 [info] > git for-each-ref --sort -committerdate --format %(refname)%00%(objectname)%00%(*objectname) [3ms]
2025-08-10 13:36:22.677 [info] > git status -z -uall [14ms]
2025-08-10 13:36:33.620 [info] > git config --get commit.template [12ms]
2025-08-10 13:36:33.623 [info] > git for-each-ref --format=%(refname)%00%(upstream:short)%00%(objectname)%00%(upstream:track)%00%(upstream:remotename)%00%(upstream:remoteref) refs/heads/main refs/remotes/main [4ms]
2025-08-10 13:36:33.648 [info] > git for-each-ref --sort -committerdate --format %(refname)%00%(objectname)%00%(*objectname) [3ms]
2025-08-10 13:36:33.650 [info] > git status -z -uall [16ms]
2025-08-10 13:36:38.675 [info] > git config --get commit.template [12ms]
2025-08-10 13:36:38.676 [info] > git for-each-ref --format=%(refname)%00%(upstream:short)%00%(objectname)%00%(upstream:track)%00%(upstream:remotename)%00%(upstream:remoteref) refs/heads/main refs/remotes/main [3ms]
2025-08-10 13:36:38.698 [info] > git for-each-ref --sort -committerdate --format %(refname)%00%(objectname)%00%(*objectname) [2ms]
2025-08-10 13:36:38.700 [info] > git status -z -uall [15ms]
2025-08-10 13:36:43.786 [info] > git config --get commit.template [15ms]
2025-08-10 13:36:43.787 [info] > git for-each-ref --format=%(refname)%00%(upstream:short)%00%(objectname)%00%(upstream:track)%00%(upstream:remotename)%00%(upstream:remoteref) refs/heads/main refs/remotes/main [3ms]
2025-08-10 13:36:43.816 [info] > git status -z -uall [16ms]
2025-08-10 13:36:43.817 [info] > git for-each-ref --sort -committerdate --format %(refname)%00%(objectname)%00%(*objectname) [4ms]
2025-08-10 13:36:59.431 [info] > git fetch [323ms]
2025-08-10 13:36:59.452 [info] > git config --get commit.template [10ms]
2025-08-10 13:36:59.454 [info] > git for-each-ref --format=%(refname)%00%(upstream:short)%00%(objectname)%00%(upstream:track)%00%(upstream:remotename)%00%(upstream:remoteref) refs/heads/main refs/remotes/main [2ms]
2025-08-10 13:36:59.525 [info] > git for-each-ref --sort -committerdate --format %(refname)%00%(objectname)%00%(*objectname) [4ms]
2025-08-10 13:36:59.526 [info] > git status -z -uall [60ms]
2025-08-10 13:36:59.648 [info] > git config --get commit.template [15ms]
2025-08-10 13:36:59.661 [info] > git for-each-ref --format=%(refname)%00%(upstream:short)%00%(objectname)%00%(upstream:track)%00%(upstream:remotename)%00%(upstream:remoteref) refs/heads/main refs/remotes/main [3ms]
2025-08-10 13:36:59.713 [info] > git for-each-ref --sort -committerdate --format %(refname)%00%(objectname)%00%(*objectname) [33ms]
2025-08-10 13:36:59.715 [info] > git status -z -uall [44ms]
2025-08-10 13:37:04.740 [info] > git config --get commit.template [10ms]
2025-08-10 13:37:04.741 [info] > git for-each-ref --format=%(refname)%00%(upstream:short)%00%(objectname)%00%(upstream:track)%00%(upstream:remotename)%00%(upstream:remoteref) refs/heads/main refs/remotes/main [2ms]
2025-08-10 13:37:04.763 [info] > git for-each-ref --sort -committerdate --format %(refname)%00%(objectname)%00%(*objectname) [3ms]
2025-08-10 13:37:04.765 [info] > git status -z -uall [14ms]
2025-08-10 13:37:18.250 [info] > git config --get commit.template [3ms]
2025-08-10 13:37:18.264 [info] > git for-each-ref --format=%(refname)%00%(upstream:short)%00%(objectname)%00%(upstream:track)%00%(upstream:remotename)%00%(upstream:remoteref) refs/heads/main refs/remotes/main [3ms]
2025-08-10 13:37:18.290 [info] > git status -z -uall [15ms]
2025-08-10 13:37:18.291 [info] > git for-each-ref --sort -committerdate --format %(refname)%00%(objectname)%00%(*objectname) [4ms]
2025-08-10 13:39:06.410 [info] > git config --get commit.template [4ms]
2025-08-10 13:39:06.421 [info] > git for-each-ref --format=%(refname)%00%(upstream:short)%00%(objectname)%00%(upstream:track)%00%(upstream:remotename)%00%(upstream:remoteref) refs/heads/main refs/remotes/main [2ms]
2025-08-10 13:39:06.442 [info] > git for-each-ref --sort -committerdate --format %(refname)%00%(objectname)%00%(*objectname) [3ms]
2025-08-10 13:39:06.445 [info] > git status -z -uall [15ms]
2025-08-10 13:39:26.318 [info] > git config --get commit.template [3ms]
2025-08-10 13:39:26.331 [info] > git for-each-ref --format=%(refname)%00%(upstream:short)%00%(objectname)%00%(upstream:track)%00%(upstream:remotename)%00%(upstream:remoteref) refs/heads/main refs/remotes/main [3ms]
2025-08-10 13:39:26.357 [info] > git status -z -uall [15ms]
2025-08-10 13:39:26.357 [info] > git for-each-ref --sort -committerdate --format %(refname)%00%(objectname)%00%(*objectname) [3ms]
2025-08-10 13:39:32.201 [info] > git config --get commit.template [9ms]
2025-08-10 13:39:32.203 [info] > git for-each-ref --format=%(refname)%00%(upstream:short)%00%(objectname)%00%(upstream:track)%00%(upstream:remotename)%00%(upstream:remoteref) refs/heads/main refs/remotes/main [2ms]
2025-08-10 13:39:32.224 [info] > git for-each-ref --sort -committerdate --format %(refname)%00%(objectname)%00%(*objectname) [3ms]
2025-08-10 13:39:32.232 [info] > git status -z -uall [20ms]
2025-08-10 13:39:37.257 [info] > git config --get commit.template [10ms]
2025-08-10 13:39:37.259 [info] > git for-each-ref --format=%(refname)%00%(upstream:short)%00%(objectname)%00%(upstream:track)%00%(upstream:remotename)%00%(upstream:remoteref) refs/heads/main refs/remotes/main [2ms]
2025-08-10 13:39:37.284 [info] > git status -z -uall [14ms]
2025-08-10 13:39:37.284 [info] > git for-each-ref --sort -committerdate --format %(refname)%00%(objectname)%00%(*objectname) [4ms]
2025-08-10 13:39:42.313 [info] > git config --get commit.template [12ms]
2025-08-10 13:39:42.315 [info] > git for-each-ref --format=%(refname)%00%(upstream:short)%00%(objectname)%00%(upstream:track)%00%(upstream:remotename)%00%(upstream:remoteref) refs/heads/main refs/remotes/main [3ms]
2025-08-10 13:39:42.343 [info] > git for-each-ref --sort -committerdate --format %(refname)%00%(objectname)%00%(*objectname) [4ms]
2025-08-10 13:39:42.343 [info] > git status -z -uall [16ms]
2025-08-10 13:39:47.375 [info] > git config --get commit.template [13ms]
2025-08-10 13:39:47.377 [info] > git for-each-ref --format=%(refname)%00%(upstream:short)%00%(objectname)%00%(upstream:track)%00%(upstream:remotename)%00%(upstream:remoteref) refs/heads/main refs/remotes/main [3ms]
2025-08-10 13:39:47.401 [info] > git for-each-ref --sort -committerdate --format %(refname)%00%(objectname)%00%(*objectname) [4ms]
2025-08-10 13:39:47.401 [info] > git status -z -uall [14ms]
2025-08-10 13:39:52.431 [info] > git config --get commit.template [13ms]
2025-08-10 13:39:52.433 [info] > git for-each-ref --format=%(refname)%00%(upstream:short)%00%(objectname)%00%(upstream:track)%00%(upstream:remotename)%00%(upstream:remoteref) refs/heads/main refs/remotes/main [3ms]
2025-08-10 13:39:52.459 [info] > git for-each-ref --sort -committerdate --format %(refname)%00%(objectname)%00%(*objectname) [3ms]
2025-08-10 13:39:52.460 [info] > git status -z -uall [16ms]
2025-08-10 13:39:59.876 [info] > git fetch [334ms]
2025-08-10 13:39:59.898 [info] > git config --get commit.template [10ms]
2025-08-10 13:39:59.900 [info] > git for-each-ref --format=%(refname)%00%(upstream:short)%00%(objectname)%00%(upstream:track)%00%(upstream:remotename)%00%(upstream:remoteref) refs/heads/main refs/remotes/main [2ms]
2025-08-10 13:39:59.925 [info] > git for-each-ref --sort -committerdate --format %(refname)%00%(objectname)%00%(*objectname) [3ms]
2025-08-10 13:39:59.927 [info] > git status -z -uall [15ms]
2025-08-10 13:40:01.103 [info] > git config --get commit.template [3ms]
2025-08-10 13:40:01.116 [info] > git for-each-ref --format=%(refname)%00%(upstream:short)%00%(objectname)%00%(upstream:track)%00%(upstream:remotename)%00%(upstream:remoteref) refs/heads/main refs/remotes/main [2ms]
2025-08-10 13:40:01.143 [info] > git status -z -uall [15ms]
2025-08-10 13:40:01.143 [info] > git for-each-ref --sort -committerdate --format %(refname)%00%(objectname)%00%(*objectname) [4ms]
2025-08-10 13:40:12.201 [info] > git config --get commit.template [13ms]
2025-08-10 13:40:12.204 [info] > git for-each-ref --format=%(refname)%00%(upstream:short)%00%(objectname)%00%(upstream:track)%00%(upstream:remotename)%00%(upstream:remoteref) refs/heads/main refs/remotes/main [3ms]
2025-08-10 13:40:12.230 [info] > git status -z -uall [15ms]
2025-08-10 13:40:12.230 [info] > git for-each-ref --sort -committerdate --format %(refname)%00%(objectname)%00%(*objectname) [4ms]
2025-08-10 13:40:54.866 [info] > git config --get commit.template [12ms]
2025-08-10 13:40:54.868 [info] > git for-each-ref --format=%(refname)%00%(upstream:short)%00%(objectname)%00%(upstream:track)%00%(upstream:remotename)%00%(upstream:remoteref) refs/heads/main refs/remotes/main [2ms]
2025-08-10 13:40:54.894 [info] > git status -z -uall [16ms]
2025-08-10 13:40:54.895 [info] > git for-each-ref --sort -committerdate --format %(refname)%00%(objectname)%00%(*objectname) [4ms]
2025-08-10 13:40:59.922 [info] > git config --get commit.template [10ms]
2025-08-10 13:40:59.923 [info] > git for-each-ref --format=%(refname)%00%(upstream:short)%00%(objectname)%00%(upstream:track)%00%(upstream:remotename)%00%(upstream:remoteref) refs/heads/main refs/remotes/main [3ms]
2025-08-10 13:40:59.946 [info] > git status -z -uall [14ms]
2025-08-10 13:40:59.946 [info] > git for-each-ref --sort -committerdate --format %(refname)%00%(objectname)%00%(*objectname) [3ms]
2025-08-10 13:43:00.273 [info] > git fetch [331ms]
2025-08-10 13:43:00.286 [info] > git config --get commit.template [2ms]
2025-08-10 13:43:00.297 [info] > git for-each-ref --format=%(refname)%00%(upstream:short)%00%(objectname)%00%(upstream:track)%00%(upstream:remotename)%00%(upstream:remoteref) refs/heads/main refs/remotes/main [2ms]
2025-08-10 13:43:00.319 [info] > git for-each-ref --sort -committerdate --format %(refname)%00%(objectname)%00%(*objectname) [3ms]
2025-08-10 13:43:00.321 [info] > git status -z -uall [14ms]
2025-08-10 13:46:00.680 [info] > git fetch [343ms]
2025-08-10 13:46:00.696 [info] > git config --get commit.template [2ms]
2025-08-10 13:46:00.708 [info] > git for-each-ref --format=%(refname)%00%(upstream:short)%00%(objectname)%00%(upstream:track)%00%(upstream:remotename)%00%(upstream:remoteref) refs/heads/main refs/remotes/main [2ms]
2025-08-10 13:46:00.732 [info] > git status -z -uall [15ms]
2025-08-10 13:46:00.732 [info] > git for-each-ref --sort -committerdate --format %(refname)%00%(objectname)%00%(*objectname) [4ms]
2025-08-10 13:49:01.080 [info] > git fetch [332ms]
2025-08-10 13:49:01.101 [info] > git config --get commit.template [10ms]
2025-08-10 13:49:01.103 [info] > git for-each-ref --format=%(refname)%00%(upstream:short)%00%(objectname)%00%(upstream:track)%00%(upstream:remotename)%00%(upstream:remoteref) refs/heads/main refs/remotes/main [3ms]
2025-08-10 13:49:01.133 [info] > git for-each-ref --sort -committerdate --format %(refname)%00%(objectname)%00%(*objectname) [4ms]
2025-08-10 13:49:01.135 [info] > git status -z -uall [18ms]
2025-08-10 13:52:01.495 [info] > git fetch [345ms]
2025-08-10 13:52:01.517 [info] > git config --get commit.template [10ms]
2025-08-10 13:52:01.519 [info] > git for-each-ref --format=%(refname)%00%(upstream:short)%00%(objectname)%00%(upstream:track)%00%(upstream:remotename)%00%(upstream:remoteref) refs/heads/main refs/remotes/main [3ms]
2025-08-10 13:52:01.541 [info] > git for-each-ref --sort -committerdate --format %(refname)%00%(objectname)%00%(*objectname) [4ms]
2025-08-10 13:52:01.542 [info] > git status -z -uall [14ms]
2025-08-10 13:55:01.931 [info] > git fetch [371ms]
2025-08-10 13:55:01.956 [info] > git config --get commit.template [11ms]
2025-08-10 13:55:01.959 [info] > git for-each-ref --format=%(refname)%00%(upstream:short)%00%(objectname)%00%(upstream:track)%00%(upstream:remotename)%00%(upstream:remoteref) refs/heads/main refs/remotes/main [2ms]
2025-08-10 13:55:02.014 [info] > git for-each-ref --sort -committerdate --format %(refname)%00%(objectname)%00%(*objectname) [29ms]
2025-08-10 13:55:02.019 [info] > git status -z -uall [46ms]
2025-08-10 13:58:02.377 [info] > git fetch [343ms]
2025-08-10 13:58:02.401 [info] > git config --get commit.template [11ms]
2025-08-10 13:58:02.403 [info] > git for-each-ref --format=%(refname)%00%(upstream:short)%00%(objectname)%00%(upstream:track)%00%(upstream:remotename)%00%(upstream:remoteref) refs/heads/main refs/remotes/main [3ms]
2025-08-10 13:58:02.430 [info] > git status -z -uall [15ms]
2025-08-10 13:58:02.430 [info] > git for-each-ref --sort -committerdate --format %(refname)%00%(objectname)%00%(*objectname) [4ms]
2025-08-10 14:01:02.767 [info] > git fetch [321ms]
2025-08-10 14:01:02.794 [info] > git config --get commit.template [14ms]
2025-08-10 14:01:02.796 [info] > git for-each-ref --format=%(refname)%00%(upstream:short)%00%(objectname)%00%(upstream:track)%00%(upstream:remotename)%00%(upstream:remoteref) refs/heads/main refs/remotes/main [3ms]
2025-08-10 14:01:02.820 [info] > git for-each-ref --sort -committerdate --format %(refname)%00%(objectname)%00%(*objectname) [3ms]
2025-08-10 14:01:02.823 [info] > git status -z -uall [15ms]
2025-08-10 14:04:03.164 [info] > git fetch [325ms]
2025-08-10 14:04:03.185 [info] > git config --get commit.template [9ms]
2025-08-10 14:04:03.187 [info] > git for-each-ref --format=%(refname)%00%(upstream:short)%00%(objectname)%00%(upstream:track)%00%(upstream:remotename)%00%(upstream:remoteref) refs/heads/main refs/remotes/main [2ms]
2025-08-10 14:04:03.214 [info] > git status -z -uall [15ms]
2025-08-10 14:04:03.215 [info] > git for-each-ref --sort -committerdate --format %(refname)%00%(objectname)%00%(*objectname) [3ms]
2025-08-10 14:07:03.568 [info] > git fetch [338ms]
2025-08-10 14:07:03.583 [info] > git config --get commit.template [2ms]
2025-08-10 14:07:03.596 [info] > git for-each-ref --format=%(refname)%00%(upstream:short)%00%(objectname)%00%(upstream:track)%00%(upstream:remotename)%00%(upstream:remoteref) refs/heads/main refs/remotes/main [2ms]
2025-08-10 14:07:03.617 [info] > git for-each-ref --sort -committerdate --format %(refname)%00%(objectname)%00%(*objectname) [2ms]
2025-08-10 14:07:03.620 [info] > git status -z -uall [15ms]
2025-08-10 14:10:04.020 [info] > git fetch [383ms]
2025-08-10 14:10:04.046 [info] > git config --get commit.template [12ms]
2025-08-10 14:10:04.048 [info] > git for-each-ref --format=%(refname)%00%(upstream:short)%00%(objectname)%00%(upstream:track)%00%(upstream:remotename)%00%(upstream:remoteref) refs/heads/main refs/remotes/main [2ms]
2025-08-10 14:10:04.074 [info] > git for-each-ref --sort -committerdate --format %(refname)%00%(objectname)%00%(*objectname) [3ms]
2025-08-10 14:10:04.077 [info] > git status -z -uall [16ms]
2025-08-10 14:13:04.442 [info] > git fetch [350ms]
2025-08-10 14:13:04.464 [info] > git config --get commit.template [11ms]
2025-08-10 14:13:04.466 [info] > git for-each-ref --format=%(refname)%00%(upstream:short)%00%(objectname)%00%(upstream:track)%00%(upstream:remotename)%00%(upstream:remoteref) refs/heads/main refs/remotes/main [2ms]
2025-08-10 14:13:04.494 [info] > git status -z -uall [15ms]
2025-08-10 14:13:04.495 [info] > git for-each-ref --sort -committerdate --format %(refname)%00%(objectname)%00%(*objectname) [3ms]
2025-08-10 14:16:04.856 [info] > git fetch [346ms]
2025-08-10 14:16:04.877 [info] > git config --get commit.template [9ms]
2025-08-10 14:16:04.882 [info] > git for-each-ref --format=%(refname)%00%(upstream:short)%00%(objectname)%00%(upstream:track)%00%(upstream:remotename)%00%(upstream:remoteref) refs/heads/main refs/remotes/main [5ms]
2025-08-10 14:16:04.907 [info] > git for-each-ref --sort -committerdate --format %(refname)%00%(objectname)%00%(*objectname) [3ms]
2025-08-10 14:16:04.907 [info] > git status -z -uall [15ms]
2025-08-10 14:19:05.273 [info] > git fetch [348ms]
2025-08-10 14:19:05.291 [info] > git config --get commit.template [2ms]
2025-08-10 14:19:05.308 [info] > git for-each-ref --format=%(refname)%00%(upstream:short)%00%(objectname)%00%(upstream:track)%00%(upstream:remotename)%00%(upstream:remoteref) refs/heads/main refs/remotes/main [3ms]
2025-08-10 14:19:05.339 [info] > git status -z -uall [17ms]
2025-08-10 14:19:05.341 [info] > git for-each-ref --sort -committerdate --format %(refname)%00%(objectname)%00%(*objectname) [4ms]
2025-08-10 14:22:05.705 [info] > git fetch [348ms]
2025-08-10 14:22:05.730 [info] > git config --get commit.template [1ms]
2025-08-10 14:22:05.760 [info] > git for-each-ref --format=%(refname)%00%(upstream:short)%00%(objectname)%00%(upstream:track)%00%(upstream:remotename)%00%(upstream:remoteref) refs/heads/main refs/remotes/main [4ms]
2025-08-10 14:22:05.786 [info] > git for-each-ref --sort -committerdate --format %(refname)%00%(objectname)%00%(*objectname) [3ms]
2025-08-10 14:22:05.789 [info] > git status -z -uall [17ms]
