2025-08-09 12:33:59.809 [info] Log level: Info
2025-08-09 12:33:59.968 [info] VSCODE_MACHINE_ID: 10d3d877-fe56-442f-a117-f9035039c6e9
2025-08-09 12:33:59.968 [info] VSCODE_SESSION_ID: 3afc85fa-0bdd-4a25-9814-e3f279788d731754742830668
2025-08-09 12:33:59.968 [info] VSCODE_VERSION: 1.102.3
2025-08-09 12:33:59.968 [info] VSCODE_APP_NAME: Gitpod Code
2025-08-09 12:33:59.968 [info] VSCODE_APP_HOST: Gitpod
2025-08-09 12:33:59.968 [info] VSCODE_UI_KIND: web
2025-08-09 12:33:59.968 [info] GITPOD_WORKSPACE_CONTEXT_URL: https://github.com/Abdallah-Develop/Website-starter
2025-08-09 12:33:59.968 [info] GITPOD_INSTANCE_ID: fef437b8-4b22-4935-9935-454c9e9663ce
2025-08-09 12:33:59.968 [info] GITPOD_WORKSPACE_URL: https://abdallahdev-websitestar-esjdme0laxn.ws-eu120.gitpod.io
2025-08-09 12:33:59.986 [info] Gitpod Web 3953e81
2025-08-09 12:33:59.986 [info] Reading sessions from keychain...
2025-08-09 12:34:00.742 [info] Got stored sessions!
2025-08-09 12:34:00.742 [info] Getting sessions for all scopes...
2025-08-09 12:34:00.742 [info] Getting GitHub sessions for all scopes...
2025-08-09 12:34:00.856 [info] Verified session with the following scopes: function:accessCodeSyncStorage function:closePort function:controlAdmission function:deleteEnvVar function:generateNewGitpodToken function:getDefaultWorkspaceImage function:getGitpodTokenScopes function:getIDToken function:getLoggedInUser function:getOpenPorts function:getSupportedWorkspaceClasses function:getTeams function:getToken function:getWorkspace function:getWorkspaceEnvVars function:getWorkspaceOwner function:getWorkspaceTimeout function:getWorkspaceUsers function:guessGitTokenScopes function:isWorkspaceOwner function:openPort function:sendHeartBeat function:setEnvVar function:setWorkspaceTimeout function:stopWorkspace function:takeSnapshot function:trackEvent function:updateGitStatus function:waitForSnapshot resource:contentBlob::*::create/get resource:envVar::*/**::update resource:envVar::*/*::update resource:envVar::Abdallah-Develop/Website-starter::create/get/update/delete resource:gitpodToken::*::create resource:snapshot::ws-abdallahdev-websitestar-esjdme0laxn::create resource:token::*::get resource:userStorage::*::create/get/update resource:workspace::abdallahdev-websitestar-esjdme0laxn::get/update resource:workspaceInstance::fef437b8-4b22-4935-9935-454c9e9663ce::get/update/delete
2025-08-09 12:34:00.856 [info] Got 1 verified sessions.
2025-08-09 12:34:00.856 [info] Got 1 sessions for all scopes...
2025-08-09 12:34:00.856 [info] Getting sessions for all scopes...
2025-08-09 12:34:00.856 [info] Got 1 sessions for all scopes...
2025-08-09 12:34:00.856 [info] Getting sessions for all scopes...
2025-08-09 12:34:00.856 [info] Got 1 sessions for all scopes...
2025-08-09 12:34:03.826 [info] Got 1 GitHub sessions for all scopes...
2025-08-09 12:34:03.852 [info] Getting GitHub sessions for all scopes...
2025-08-09 12:34:03.852 [info] Getting sessions for all scopes...
2025-08-09 12:34:03.853 [info] Got 1 GitHub sessions for all scopes...
2025-08-09 12:34:03.853 [info] Got 1 sessions for all scopes...
2025-08-09 12:34:03.853 [info] Getting GitHub sessions for all scopes...
2025-08-09 12:34:03.853 [info] Got 1 GitHub sessions for all scopes...
2025-08-09 12:34:03.854 [info] Getting sessions for all scopes...
2025-08-09 12:34:03.854 [info] Getting GitHub sessions for all scopes...
2025-08-09 12:34:03.855 [info] Got 1 sessions for all scopes...
2025-08-09 12:34:03.855 [info] Got 1 GitHub sessions for all scopes...
2025-08-09 12:34:03.856 [info] Getting sessions for function:accessCodeSyncStorage...
2025-08-09 12:34:03.856 [info] Got 1 sessions for function:accessCodeSyncStorage...
2025-08-09 12:34:05.344 [info] Getting GitHub sessions for read:user,repo,user:email,workflow...
2025-08-09 12:34:05.344 [info] Got 0 GitHub sessions for read:user,repo,user:email,workflow...
2025-08-09 12:34:05.567 [info] Getting GitHub sessions for all scopes...
2025-08-09 12:34:05.567 [info] Got 1 GitHub sessions for all scopes...
2025-08-09 12:34:05.763 [info] Getting sessions for all scopes...
2025-08-09 12:34:05.763 [info] Getting GitHub sessions for all scopes...
2025-08-09 12:34:05.763 [info] Got 1 sessions for all scopes...
2025-08-09 12:34:05.763 [info] Got 1 GitHub sessions for all scopes...
2025-08-09 12:34:05.778 [info] Getting sessions for all scopes...
2025-08-09 12:34:05.778 [info] Getting GitHub sessions for all scopes...
2025-08-09 12:34:05.778 [info] Got 1 sessions for all scopes...
2025-08-09 12:34:05.778 [info] Got 1 GitHub sessions for all scopes...
2025-08-09 12:34:06.084 [info] Getting sessions for all scopes...
2025-08-09 12:34:06.084 [info] Getting GitHub sessions for all scopes...
2025-08-09 12:34:06.084 [info] Got 1 sessions for all scopes...
2025-08-09 12:34:06.084 [info] Got 1 GitHub sessions for all scopes...
2025-08-09 12:34:06.265 [info] Getting sessions for all scopes...
2025-08-09 12:34:06.265 [info] Getting GitHub sessions for all scopes...
2025-08-09 12:34:06.265 [info] Got 1 sessions for all scopes...
2025-08-09 12:34:06.265 [info] Got 1 GitHub sessions for all scopes...
2025-08-09 12:34:06.582 [info] Getting sessions for all scopes...
2025-08-09 12:34:06.582 [info] Getting GitHub sessions for all scopes...
2025-08-09 12:34:06.582 [info] Got 1 sessions for all scopes...
2025-08-09 12:34:06.582 [info] Got 1 GitHub sessions for all scopes...
2025-08-09 12:34:07.038 [info] Getting GitHub sessions for project,read:org,read:user,repo,user:email,workflow...
2025-08-09 12:34:07.039 [info] Got 0 GitHub sessions for project,read:org,read:user,repo,user:email,workflow...
2025-08-09 12:34:07.350 [info] Getting sessions for all scopes...
2025-08-09 12:34:07.350 [info] Getting GitHub sessions for all scopes...
2025-08-09 12:34:07.350 [info] Got 1 sessions for all scopes...
2025-08-09 12:34:07.350 [info] Got 1 GitHub sessions for all scopes...
2025-08-09 12:34:07.419 [info] Getting sessions for all scopes...
2025-08-09 12:34:07.420 [info] Getting GitHub sessions for all scopes...
2025-08-09 12:34:07.420 [info] Got 1 sessions for all scopes...
2025-08-09 12:34:07.420 [info] Got 1 GitHub sessions for all scopes...
2025-08-09 12:34:07.420 [info] Getting sessions for all scopes...
2025-08-09 12:34:07.420 [info] Getting GitHub sessions for all scopes...
2025-08-09 12:34:07.420 [info] Got 1 sessions for all scopes...
2025-08-09 12:34:07.420 [info] Got 1 GitHub sessions for all scopes...
2025-08-09 12:34:07.886 [info] Getting sessions for all scopes...
2025-08-09 12:34:07.886 [info] Getting GitHub sessions for all scopes...
2025-08-09 12:34:07.886 [info] Got 1 sessions for all scopes...
2025-08-09 12:34:07.886 [info] Got 1 GitHub sessions for all scopes...
2025-08-09 12:34:07.891 [info] Getting sessions for all scopes...
2025-08-09 12:34:07.891 [info] Getting GitHub sessions for all scopes...
2025-08-09 12:34:07.891 [info] Got 1 sessions for all scopes...
2025-08-09 12:34:07.891 [info] Got 1 GitHub sessions for all scopes...
2025-08-09 12:34:08.280 [info] Getting GitHub sessions for read:user,repo,user:email,workflow...
2025-08-09 12:34:08.280 [info] Got 0 GitHub sessions for read:user,repo,user:email,workflow...
2025-08-09 12:34:08.921 [info] Getting GitHub sessions for read:user,repo,user:email...
2025-08-09 12:34:08.921 [info] Got 0 GitHub sessions for read:user,repo,user:email...
2025-08-09 12:34:09.354 [info] Getting GitHub sessions for read:user,repo,user:email,workflow...
2025-08-09 12:34:09.354 [info] Got 0 GitHub sessions for read:user,repo,user:email,workflow...
2025-08-09 12:34:19.031 [info] Getting sessions for all scopes...
2025-08-09 12:34:19.031 [info] Getting GitHub sessions for all scopes...
2025-08-09 12:34:19.031 [info] Got 1 sessions for all scopes...
2025-08-09 12:34:19.031 [info] Got 1 GitHub sessions for all scopes...
2025-08-09 12:34:19.422 [info] Getting sessions for all scopes...
2025-08-09 12:34:19.422 [info] Getting GitHub sessions for all scopes...
2025-08-09 12:34:19.422 [info] Got 1 sessions for all scopes...
2025-08-09 12:34:19.422 [info] Got 1 GitHub sessions for all scopes...
