2025-08-08 08:41:54.722 [info] Log level: Info
2025-08-08 08:41:54.722 [info] VSCODE_MACHINE_ID: 10d3d877-fe56-442f-a117-f9035039c6e9
2025-08-08 08:41:54.722 [info] VSCODE_SESSION_ID: c9080b8a-3688-44e1-b2db-dc322ffb484c1754642506057
2025-08-08 08:41:54.722 [info] VSCODE_VERSION: 1.102.3
2025-08-08 08:41:54.722 [info] VSCODE_APP_NAME: Gitpod Code
2025-08-08 08:41:54.722 [info] VSCODE_APP_HOST: Gitpod
2025-08-08 08:41:54.722 [info] VSCODE_UI_KIND: web
2025-08-08 08:41:54.722 [info] GITPOD_WORKSPACE_CONTEXT_URL: https://github.com/Abdallah-Develop/Website-starter
2025-08-08 08:41:54.722 [info] GITPOD_INSTANCE_ID: 6e8c512a-59d9-465c-b77d-9c6a17f57fce
2025-08-08 08:41:54.722 [info] GITPOD_WORKSPACE_URL: https://abdallahdev-websitestar-esjdme0laxn.ws-eu120.gitpod.io
2025-08-08 08:41:54.722 [info] Gitpod Web 3953e81
2025-08-08 08:41:54.722 [info] Reading sessions from keychain...
2025-08-08 08:41:55.009 [info] Got stored sessions!
2025-08-08 08:41:55.009 [info] Getting sessions for all scopes...
2025-08-08 08:41:55.009 [info] Getting GitHub sessions for all scopes...
2025-08-08 08:41:55.195 [info] Verified session with the following scopes: function:accessCodeSyncStorage function:closePort function:controlAdmission function:deleteEnvVar function:generateNewGitpodToken function:getDefaultWorkspaceImage function:getGitpodTokenScopes function:getIDToken function:getLoggedInUser function:getOpenPorts function:getSupportedWorkspaceClasses function:getTeams function:getToken function:getWorkspace function:getWorkspaceEnvVars function:getWorkspaceOwner function:getWorkspaceTimeout function:getWorkspaceUsers function:guessGitTokenScopes function:isWorkspaceOwner function:openPort function:sendHeartBeat function:setEnvVar function:setWorkspaceTimeout function:stopWorkspace function:takeSnapshot function:trackEvent function:updateGitStatus function:waitForSnapshot resource:contentBlob::*::create/get resource:envVar::*/**::update resource:envVar::*/*::update resource:envVar::Abdallah-Develop/Website-starter::create/get/update/delete resource:gitpodToken::*::create resource:snapshot::ws-abdallahdev-websitestar-esjdme0laxn::create resource:token::*::get resource:userStorage::*::create/get/update resource:workspace::abdallahdev-websitestar-esjdme0laxn::get/update resource:workspaceInstance::6e8c512a-59d9-465c-b77d-9c6a17f57fce::get/update/delete
2025-08-08 08:41:55.196 [info] Got 1 verified sessions.
2025-08-08 08:41:55.196 [info] Got 1 sessions for all scopes...
2025-08-08 08:41:56.955 [info] Getting sessions for all scopes...
2025-08-08 08:41:56.955 [info] Got 1 sessions for all scopes...
2025-08-08 08:41:57.044 [info] Got 1 GitHub sessions for all scopes...
2025-08-08 08:41:58.051 [info] Getting GitHub sessions for read:user,repo,user:email,workflow...
2025-08-08 08:41:58.051 [info] Got 0 GitHub sessions for read:user,repo,user:email,workflow...
2025-08-08 08:41:58.345 [info] Getting GitHub sessions for all scopes...
2025-08-08 08:41:58.345 [info] Got 1 GitHub sessions for all scopes...
2025-08-08 08:41:58.971 [info] Getting GitHub sessions for project,read:org,read:user,repo,user:email,workflow...
2025-08-08 08:41:58.971 [info] Got 0 GitHub sessions for project,read:org,read:user,repo,user:email,workflow...
2025-08-08 08:41:59.194 [info] Getting sessions for all scopes...
2025-08-08 08:41:59.195 [info] Getting GitHub sessions for all scopes...
2025-08-08 08:41:59.195 [info] Got 1 sessions for all scopes...
2025-08-08 08:41:59.195 [info] Got 1 GitHub sessions for all scopes...
2025-08-08 08:41:59.444 [info] Getting GitHub sessions for read:user,repo,user:email,workflow...
2025-08-08 08:41:59.444 [info] Getting sessions for all scopes...
2025-08-08 08:41:59.444 [info] Got 0 GitHub sessions for read:user,repo,user:email,workflow...
2025-08-08 08:41:59.444 [info] Got 1 sessions for all scopes...
2025-08-08 08:41:59.444 [info] Getting GitHub sessions for all scopes...
2025-08-08 08:41:59.444 [info] Got 1 GitHub sessions for all scopes...
2025-08-08 08:41:59.587 [info] Getting sessions for all scopes...
2025-08-08 08:41:59.587 [info] Getting GitHub sessions for all scopes...
2025-08-08 08:41:59.587 [info] Got 1 sessions for all scopes...
2025-08-08 08:41:59.587 [info] Got 1 GitHub sessions for all scopes...
2025-08-08 08:41:59.683 [info] Getting sessions for all scopes...
2025-08-08 08:41:59.683 [info] Getting GitHub sessions for all scopes...
2025-08-08 08:41:59.683 [info] Got 1 sessions for all scopes...
2025-08-08 08:41:59.683 [info] Got 1 GitHub sessions for all scopes...
2025-08-08 08:41:59.888 [info] Getting GitHub sessions for read:user,repo,user:email...
2025-08-08 08:41:59.888 [info] Got 0 GitHub sessions for read:user,repo,user:email...
2025-08-08 08:42:00.274 [info] Getting GitHub sessions for read:user,repo,user:email,workflow...
2025-08-08 08:42:00.274 [info] Got 0 GitHub sessions for read:user,repo,user:email,workflow...
2025-08-08 08:42:00.578 [info] Getting sessions for function:accessCodeSyncStorage...
2025-08-08 08:42:00.578 [info] Got 1 sessions for function:accessCodeSyncStorage...
2025-08-08 08:42:04.587 [info] Getting sessions for all scopes...
2025-08-08 08:42:04.587 [info] Getting GitHub sessions for all scopes...
2025-08-08 08:42:04.587 [info] Got 1 sessions for all scopes...
2025-08-08 08:42:04.587 [info] Got 1 GitHub sessions for all scopes...
2025-08-08 08:42:04.821 [info] Getting sessions for all scopes...
2025-08-08 08:42:04.822 [info] Getting GitHub sessions for all scopes...
2025-08-08 08:42:04.822 [info] Got 1 sessions for all scopes...
2025-08-08 08:42:04.822 [info] Got 1 GitHub sessions for all scopes...
2025-08-08 08:42:06.223 [info] Getting sessions for all scopes...
2025-08-08 08:42:06.223 [info] Getting GitHub sessions for all scopes...
2025-08-08 08:42:06.223 [info] Got 1 sessions for all scopes...
2025-08-08 08:42:06.223 [info] Got 1 GitHub sessions for all scopes...
2025-08-08 08:42:06.624 [info] Getting sessions for all scopes...
2025-08-08 08:42:06.624 [info] Getting GitHub sessions for all scopes...
2025-08-08 08:42:06.624 [info] Got 1 sessions for all scopes...
2025-08-08 08:42:06.624 [info] Got 1 GitHub sessions for all scopes...
2025-08-08 08:42:06.842 [info] Getting sessions for all scopes...
2025-08-08 08:42:06.842 [info] Getting GitHub sessions for all scopes...
2025-08-08 08:42:06.842 [info] Got 1 sessions for all scopes...
2025-08-08 08:42:06.842 [info] Got 1 GitHub sessions for all scopes...
2025-08-08 08:42:06.943 [info] Getting sessions for all scopes...
2025-08-08 08:42:06.943 [info] Getting GitHub sessions for all scopes...
2025-08-08 08:42:06.943 [info] Got 1 sessions for all scopes...
2025-08-08 08:42:06.943 [info] Got 1 GitHub sessions for all scopes...
2025-08-08 08:42:07.410 [info] Getting sessions for all scopes...
2025-08-08 08:42:07.410 [info] Getting GitHub sessions for all scopes...
2025-08-08 08:42:07.410 [info] Got 1 sessions for all scopes...
2025-08-08 08:42:07.410 [info] Got 1 GitHub sessions for all scopes...
2025-08-08 08:42:07.441 [info] Getting sessions for all scopes...
2025-08-08 08:42:07.441 [info] Getting GitHub sessions for all scopes...
2025-08-08 08:42:07.441 [info] Got 1 sessions for all scopes...
2025-08-08 08:42:07.441 [info] Got 1 GitHub sessions for all scopes...
2025-08-08 08:42:07.441 [info] Getting sessions for all scopes...
2025-08-08 08:42:07.441 [info] Getting GitHub sessions for all scopes...
2025-08-08 08:42:07.441 [info] Got 1 sessions for all scopes...
2025-08-08 08:42:07.441 [info] Got 1 GitHub sessions for all scopes...
2025-08-08 08:42:20.422 [info] Getting sessions for all scopes...
2025-08-08 08:42:20.422 [info] Getting GitHub sessions for all scopes...
2025-08-08 08:42:20.422 [info] Got 1 sessions for all scopes...
2025-08-08 08:42:20.422 [info] Got 1 GitHub sessions for all scopes...
2025-08-08 08:42:20.631 [info] Getting sessions for all scopes...
2025-08-08 08:42:20.631 [info] Getting GitHub sessions for all scopes...
2025-08-08 08:42:20.631 [info] Got 1 sessions for all scopes...
2025-08-08 08:42:20.631 [info] Got 1 GitHub sessions for all scopes...
