2025-08-08 00:00:03.080 [info] [main] Log level: Info
2025-08-08 00:00:03.080 [info] [main] Validating found git in: "git"
2025-08-08 00:00:03.080 [info] [main] Using git "2.49.0" from "git"
2025-08-08 00:00:03.080 [info] [Model][doInitialScan] Initial repository scan started
2025-08-08 00:00:03.080 [info] > git rev-parse --show-toplevel [3ms]
2025-08-08 00:00:03.080 [info] > git rev-parse --git-dir --git-common-dir [4ms]
2025-08-08 00:00:03.080 [info] [Model][openRepository] Opened repository (path): /workspace/Website-starter
2025-08-08 00:00:03.080 [info] [Model][openRepository] Opened repository (real path): /workspace/Website-starter
2025-08-08 00:00:03.080 [info] > git rev-parse --show-toplevel [8ms]
2025-08-08 00:00:03.080 [info] > git config --get commit.template [91ms]
2025-08-08 00:00:03.080 [info] > git rev-parse --show-toplevel [132ms]
2025-08-08 00:00:03.080 [info] > git for-each-ref --format=%(refname)%00%(upstream:short)%00%(objectname)%00%(upstream:track)%00%(upstream:remotename)%00%(upstream:remoteref) refs/heads/main refs/remotes/main [71ms]
2025-08-08 00:00:03.080 [info] > git rev-parse --show-toplevel [9ms]
2025-08-08 00:00:03.080 [info] > git status -z -uall [81ms]
2025-08-08 00:00:03.080 [info] > git for-each-ref --sort -committerdate --format %(refname)%00%(objectname)%00%(*objectname) [10ms]
2025-08-08 00:00:03.080 [info] > git rev-parse --show-toplevel [115ms]
2025-08-08 00:00:03.080 [info] > git config --get commit.template [9ms]
2025-08-08 00:00:03.080 [info] > git for-each-ref --format=%(refname)%00%(upstream:short)%00%(objectname)%00%(upstream:track)%00%(upstream:remotename)%00%(upstream:remoteref) refs/heads/main refs/remotes/main [74ms]
2025-08-08 00:00:03.080 [info] > git config --get --local branch.main.vscode-merge-base [13ms]
2025-08-08 00:00:03.080 [info] > git fetch [721ms]
2025-08-08 00:00:03.080 [info] > git rev-parse --show-toplevel [27ms]
2025-08-08 00:00:03.080 [info] > git config --get commit.template [12ms]
2025-08-08 00:00:03.080 [info] > git for-each-ref --format=%(refname)%00%(upstream:short)%00%(objectname)%00%(upstream:track)%00%(upstream:remotename)%00%(upstream:remoteref) refs/heads/main refs/remotes/main [18ms]
2025-08-08 00:00:03.080 [info] > git for-each-ref --format=%(refname)%00%(upstream:short)%00%(objectname)%00%(upstream:track)%00%(upstream:remotename)%00%(upstream:remoteref) refs/heads/origin/main refs/remotes/origin/main [89ms]
2025-08-08 00:00:03.080 [info] > git rev-parse --show-toplevel [13ms]
2025-08-08 00:00:03.080 [info] > git merge-base refs/heads/main refs/remotes/origin/main [14ms]
2025-08-08 00:00:03.080 [info] > git rev-parse --show-toplevel [78ms]
2025-08-08 00:00:03.080 [info] [Model][doInitialScan] Initial repository scan completed - repositories (1), closed repositories (0), parent repositories (0), unsafe repositories (0)
2025-08-08 00:00:03.080 [info] > git for-each-ref --format=%(refname)%00%(upstream:short)%00%(objectname)%00%(upstream:track)%00%(upstream:remotename)%00%(upstream:remoteref) refs/heads/main refs/remotes/main [85ms]
2025-08-08 00:00:03.080 [info] > git merge-base refs/heads/main refs/remotes/origin/main [5ms]
2025-08-08 00:00:03.080 [info] > git diff --name-status -z --diff-filter=ADMR 0d7a3a898007be1d8200d8db99d59472a2da8d06...refs/remotes/origin/main [21ms]
2025-08-08 00:00:03.080 [info] > git diff --name-status -z --diff-filter=ADMR 0d7a3a898007be1d8200d8db99d59472a2da8d06...refs/remotes/origin/main [81ms]
2025-08-08 00:00:03.080 [info] > git for-each-ref --sort -committerdate --format %(refname)%00%(objectname)%00%(*objectname) [8ms]
2025-08-08 00:00:03.080 [info] > git status -z -uall [76ms]
2025-08-08 00:00:03.588 [info] > git check-ignore -v -z --stdin [3ms]
2025-08-08 00:00:09.470 [info] > git show --textconv :src/components/ui/icons/Icon.astro [8ms]
2025-08-08 00:00:09.472 [info] > git ls-files --stage -- src/components/ui/icons/Icon.astro [3ms]
2025-08-08 00:00:09.481 [info] > git cat-file -s 67a96541a0ca20634afbe6121befbe7f5aa02c76 [3ms]
2025-08-08 00:00:14.393 [info] > git config --get --local branch.main.github-pr-owner-number [5ms]
2025-08-08 00:00:14.393 [warning] [Git][config] git config failed: Failed to execute git
2025-08-08 00:00:18.273 [info] > git blame --root --incremental 0d7a3a898007be1d8200d8db99d59472a2da8d06 -- src/components/ui/icons/Icon.astro [4ms]
2025-08-08 00:00:39.121 [info] > git config --get commit.template [13ms]
2025-08-08 00:00:39.121 [info] > git for-each-ref --format=%(refname)%00%(upstream:short)%00%(objectname)%00%(upstream:track)%00%(upstream:remotename)%00%(upstream:remoteref) refs/heads/main refs/remotes/main [3ms]
2025-08-08 00:00:39.143 [info] > git for-each-ref --sort -committerdate --format %(refname)%00%(objectname)%00%(*objectname) [3ms]
2025-08-08 00:00:39.145 [info] > git status -z -uall [14ms]
2025-08-08 00:00:44.169 [info] > git config --get commit.template [9ms]
2025-08-08 00:00:44.171 [info] > git for-each-ref --format=%(refname)%00%(upstream:short)%00%(objectname)%00%(upstream:track)%00%(upstream:remotename)%00%(upstream:remoteref) refs/heads/main refs/remotes/main [2ms]
2025-08-08 00:00:44.192 [info] > git for-each-ref --sort -committerdate --format %(refname)%00%(objectname)%00%(*objectname) [3ms]
2025-08-08 00:00:44.194 [info] > git status -z -uall [14ms]
2025-08-08 00:03:02.819 [info] > git fetch [333ms]
2025-08-08 00:03:02.840 [info] > git config --get commit.template [11ms]
2025-08-08 00:03:02.842 [info] > git for-each-ref --format=%(refname)%00%(upstream:short)%00%(objectname)%00%(upstream:track)%00%(upstream:remotename)%00%(upstream:remoteref) refs/heads/main refs/remotes/main [3ms]
2025-08-08 00:03:02.865 [info] > git for-each-ref --sort -committerdate --format %(refname)%00%(objectname)%00%(*objectname) [3ms]
2025-08-08 00:03:02.867 [info] > git status -z -uall [14ms]
2025-08-08 00:03:04.154 [info] > git config --get commit.template [10ms]
2025-08-08 00:03:04.155 [info] > git for-each-ref --format=%(refname)%00%(upstream:short)%00%(objectname)%00%(upstream:track)%00%(upstream:remotename)%00%(upstream:remoteref) refs/heads/main refs/remotes/main [2ms]
2025-08-08 00:03:04.175 [info] > git for-each-ref --sort -committerdate --format %(refname)%00%(objectname)%00%(*objectname) [2ms]
2025-08-08 00:03:04.178 [info] > git status -z -uall [14ms]
2025-08-08 00:03:04.366 [info] > git ls-files --stage -- src/components/ui/icons/Icon.astro [2ms]
2025-08-08 00:03:04.378 [info] > git cat-file -s 67a96541a0ca20634afbe6121befbe7f5aa02c76 [2ms]
2025-08-08 00:03:04.590 [info] > git show --textconv :src/components/ui/icons/Icon.astro [3ms]
2025-08-08 00:06:21.072 [info] > git fetch [376ms]
2025-08-08 00:06:21.086 [info] > git config --get commit.template [3ms]
2025-08-08 00:06:21.098 [info] > git for-each-ref --format=%(refname)%00%(upstream:short)%00%(objectname)%00%(upstream:track)%00%(upstream:remotename)%00%(upstream:remoteref) refs/heads/main refs/remotes/main [3ms]
2025-08-08 00:06:21.121 [info] > git for-each-ref --sort -committerdate --format %(refname)%00%(objectname)%00%(*objectname) [3ms]
2025-08-08 00:06:21.123 [info] > git status -z -uall [15ms]
2025-08-08 00:06:22.553 [info] > git config --get commit.template [10ms]
2025-08-08 00:06:22.554 [info] > git for-each-ref --format=%(refname)%00%(upstream:short)%00%(objectname)%00%(upstream:track)%00%(upstream:remotename)%00%(upstream:remoteref) refs/heads/main refs/remotes/main [2ms]
2025-08-08 00:06:22.574 [info] > git for-each-ref --sort -committerdate --format %(refname)%00%(objectname)%00%(*objectname) [3ms]
2025-08-08 00:06:22.577 [info] > git status -z -uall [14ms]
2025-08-08 00:06:22.788 [info] > git ls-files --stage -- src/components/ui/icons/Icon.astro [2ms]
2025-08-08 00:06:22.798 [info] > git cat-file -s 67a96541a0ca20634afbe6121befbe7f5aa02c76 [1ms]
2025-08-08 00:06:22.985 [info] > git show --textconv :src/components/ui/icons/Icon.astro [3ms]
2025-08-08 00:07:09.789 [info] > git config --get commit.template [23ms]
2025-08-08 00:07:09.791 [info] > git for-each-ref --format=%(refname)%00%(upstream:short)%00%(objectname)%00%(upstream:track)%00%(upstream:remotename)%00%(upstream:remoteref) refs/heads/main refs/remotes/main [13ms]
2025-08-08 00:07:09.953 [info] > git status -z -uall [89ms]
2025-08-08 00:07:09.953 [info] > git for-each-ref --sort -committerdate --format %(refname)%00%(objectname)%00%(*objectname) [77ms]
2025-08-08 00:07:14.996 [info] > git config --get commit.template [11ms]
2025-08-08 00:07:14.997 [info] > git for-each-ref --format=%(refname)%00%(upstream:short)%00%(objectname)%00%(upstream:track)%00%(upstream:remotename)%00%(upstream:remoteref) refs/heads/main refs/remotes/main [3ms]
2025-08-08 00:07:15.018 [info] > git for-each-ref --sort -committerdate --format %(refname)%00%(objectname)%00%(*objectname) [2ms]
2025-08-08 00:07:15.020 [info] > git status -z -uall [14ms]
2025-08-08 00:07:27.224 [info] > git config --get commit.template [12ms]
2025-08-08 00:07:27.225 [info] > git for-each-ref --format=%(refname)%00%(upstream:short)%00%(objectname)%00%(upstream:track)%00%(upstream:remotename)%00%(upstream:remoteref) refs/heads/main refs/remotes/main [3ms]
2025-08-08 00:07:27.247 [info] > git for-each-ref --sort -committerdate --format %(refname)%00%(objectname)%00%(*objectname) [3ms]
2025-08-08 00:07:27.250 [info] > git status -z -uall [14ms]
2025-08-08 00:10:14.200 [info] > git fetch [334ms]
2025-08-08 00:10:14.224 [info] > git config --get commit.template [12ms]
2025-08-08 00:10:14.224 [info] > git for-each-ref --format=%(refname)%00%(upstream:short)%00%(objectname)%00%(upstream:track)%00%(upstream:remotename)%00%(upstream:remoteref) refs/heads/main refs/remotes/main [3ms]
2025-08-08 00:10:14.245 [info] > git for-each-ref --sort -committerdate --format %(refname)%00%(objectname)%00%(*objectname) [3ms]
2025-08-08 00:10:14.250 [info] > git status -z -uall [16ms]
2025-08-08 00:10:15.914 [info] > git config --get commit.template [11ms]
2025-08-08 00:10:15.916 [info] > git for-each-ref --format=%(refname)%00%(upstream:short)%00%(objectname)%00%(upstream:track)%00%(upstream:remotename)%00%(upstream:remoteref) refs/heads/main refs/remotes/main [2ms]
2025-08-08 00:10:15.936 [info] > git for-each-ref --sort -committerdate --format %(refname)%00%(objectname)%00%(*objectname) [2ms]
2025-08-08 00:10:15.939 [info] > git status -z -uall [14ms]
2025-08-08 00:10:16.209 [info] > git ls-files --stage -- src/components/ui/icons/Icon.astro [2ms]
2025-08-08 00:10:16.223 [info] > git cat-file -s 67a96541a0ca20634afbe6121befbe7f5aa02c76 [4ms]
2025-08-08 00:10:16.455 [info] > git show --textconv :src/components/ui/icons/Icon.astro [3ms]
2025-08-08 00:10:26.641 [info] > git config --get commit.template [14ms]
2025-08-08 00:10:26.643 [info] > git for-each-ref --format=%(refname)%00%(upstream:short)%00%(objectname)%00%(upstream:track)%00%(upstream:remotename)%00%(upstream:remoteref) refs/heads/main refs/remotes/main [3ms]
2025-08-08 00:10:26.669 [info] > git status -z -uall [15ms]
2025-08-08 00:10:26.670 [info] > git for-each-ref --sort -committerdate --format %(refname)%00%(objectname)%00%(*objectname) [5ms]
2025-08-08 00:10:34.095 [info] > git config --get commit.template [11ms]
2025-08-08 00:10:34.097 [info] > git for-each-ref --format=%(refname)%00%(upstream:short)%00%(objectname)%00%(upstream:track)%00%(upstream:remotename)%00%(upstream:remoteref) refs/heads/main refs/remotes/main [3ms]
2025-08-08 00:10:34.121 [info] > git for-each-ref --sort -committerdate --format %(refname)%00%(objectname)%00%(*objectname) [4ms]
2025-08-08 00:10:34.122 [info] > git status -z -uall [15ms]
2025-08-08 00:10:52.159 [info] > git config --get commit.template [11ms]
2025-08-08 00:10:52.161 [info] > git for-each-ref --format=%(refname)%00%(upstream:short)%00%(objectname)%00%(upstream:track)%00%(upstream:remotename)%00%(upstream:remoteref) refs/heads/main refs/remotes/main [3ms]
2025-08-08 00:10:52.181 [info] > git for-each-ref --sort -committerdate --format %(refname)%00%(objectname)%00%(*objectname) [3ms]
2025-08-08 00:10:52.184 [info] > git status -z -uall [14ms]
2025-08-08 00:12:00.245 [info] > git config --get commit.template [16ms]
2025-08-08 00:12:00.248 [info] > git for-each-ref --format=%(refname)%00%(upstream:short)%00%(objectname)%00%(upstream:track)%00%(upstream:remotename)%00%(upstream:remoteref) refs/heads/main refs/remotes/main [4ms]
2025-08-08 00:12:00.287 [info] > git for-each-ref --sort -committerdate --format %(refname)%00%(objectname)%00%(*objectname) [5ms]
2025-08-08 00:12:00.291 [info] > git status -z -uall [25ms]
2025-08-08 00:17:05.163 [info] > git fetch [335ms]
2025-08-08 00:17:05.184 [info] > git config --get commit.template [10ms]
2025-08-08 00:17:05.186 [info] > git for-each-ref --format=%(refname)%00%(upstream:short)%00%(objectname)%00%(upstream:track)%00%(upstream:remotename)%00%(upstream:remoteref) refs/heads/main refs/remotes/main [2ms]
2025-08-08 00:17:05.208 [info] > git for-each-ref --sort -committerdate --format %(refname)%00%(objectname)%00%(*objectname) [3ms]
2025-08-08 00:17:05.209 [info] > git status -z -uall [14ms]
2025-08-08 00:17:07.112 [info] > git ls-files --stage -- src/components/ui/icons/Icon.astro [2ms]
2025-08-08 00:17:07.123 [info] > git cat-file -s 67a96541a0ca20634afbe6121befbe7f5aa02c76 [2ms]
2025-08-08 00:17:07.307 [info] > git show --textconv :src/components/ui/icons/Icon.astro [2ms]
2025-08-08 00:17:08.115 [info] > git config --get commit.template [9ms]
2025-08-08 00:17:08.117 [info] > git for-each-ref --format=%(refname)%00%(upstream:short)%00%(objectname)%00%(upstream:track)%00%(upstream:remotename)%00%(upstream:remoteref) refs/heads/main refs/remotes/main [2ms]
2025-08-08 00:17:08.139 [info] > git for-each-ref --sort -committerdate --format %(refname)%00%(objectname)%00%(*objectname) [3ms]
2025-08-08 00:17:08.139 [info] > git status -z -uall [13ms]
2025-08-08 00:17:08.431 [info] > git ls-files --stage -- src/components/ui/icons/Icon.astro [2ms]
2025-08-08 00:17:08.442 [info] > git cat-file -s 67a96541a0ca20634afbe6121befbe7f5aa02c76 [2ms]
2025-08-08 00:17:08.584 [info] > git show --textconv :src/components/ui/icons/Icon.astro [2ms]
2025-08-08 00:17:19.468 [info] > git config --get commit.template [12ms]
2025-08-08 00:17:19.469 [info] > git for-each-ref --format=%(refname)%00%(upstream:short)%00%(objectname)%00%(upstream:track)%00%(upstream:remotename)%00%(upstream:remoteref) refs/heads/main refs/remotes/main [2ms]
2025-08-08 00:17:19.494 [info] > git for-each-ref --sort -committerdate --format %(refname)%00%(objectname)%00%(*objectname) [3ms]
2025-08-08 00:17:19.497 [info] > git status -z -uall [16ms]
2025-08-08 00:17:29.457 [info] > git config --get commit.template [12ms]
2025-08-08 00:17:29.458 [info] > git for-each-ref --format=%(refname)%00%(upstream:short)%00%(objectname)%00%(upstream:track)%00%(upstream:remotename)%00%(upstream:remoteref) refs/heads/main refs/remotes/main [2ms]
2025-08-08 00:17:29.484 [info] > git status -z -uall [14ms]
2025-08-08 00:17:29.484 [info] > git for-each-ref --sort -committerdate --format %(refname)%00%(objectname)%00%(*objectname) [3ms]
2025-08-08 00:17:35.311 [info] > git show --textconv :src/components/ui/icons/icons.ts [9ms]
2025-08-08 00:17:35.313 [info] > git ls-files --stage -- src/components/ui/icons/icons.ts [2ms]
2025-08-08 00:17:35.323 [info] > git cat-file -s 4d8da5dfc3ea0ca53c34f9b9e9a55446fbdcd0c3 [2ms]
2025-08-08 00:17:36.128 [info] > git blame --root --incremental 0d7a3a898007be1d8200d8db99d59472a2da8d06 -- src/components/ui/icons/icons.ts [4ms]
2025-08-08 00:18:43.466 [info] > git config --get commit.template [2ms]
2025-08-08 00:18:43.480 [info] > git for-each-ref --format=%(refname)%00%(upstream:short)%00%(objectname)%00%(upstream:track)%00%(upstream:remotename)%00%(upstream:remoteref) refs/heads/main refs/remotes/main [2ms]
2025-08-08 00:18:43.500 [info] > git for-each-ref --sort -committerdate --format %(refname)%00%(objectname)%00%(*objectname) [2ms]
2025-08-08 00:18:43.503 [info] > git status -z -uall [14ms]
2025-08-08 00:18:54.359 [info] > git config --get commit.template [12ms]
2025-08-08 00:18:54.360 [info] > git for-each-ref --format=%(refname)%00%(upstream:short)%00%(objectname)%00%(upstream:track)%00%(upstream:remotename)%00%(upstream:remoteref) refs/heads/main refs/remotes/main [2ms]
2025-08-08 00:18:54.386 [info] > git status -z -uall [15ms]
2025-08-08 00:18:54.388 [info] > git for-each-ref --sort -committerdate --format %(refname)%00%(objectname)%00%(*objectname) [3ms]
2025-08-08 00:19:01.437 [info] > git config --get commit.template [10ms]
2025-08-08 00:19:01.439 [info] > git for-each-ref --format=%(refname)%00%(upstream:short)%00%(objectname)%00%(upstream:track)%00%(upstream:remotename)%00%(upstream:remoteref) refs/heads/main refs/remotes/main [2ms]
2025-08-08 00:19:01.463 [info] > git for-each-ref --sort -committerdate --format %(refname)%00%(objectname)%00%(*objectname) [3ms]
2025-08-08 00:19:01.464 [info] > git status -z -uall [14ms]
2025-08-08 00:19:08.538 [info] > git config --get commit.template [13ms]
2025-08-08 00:19:08.539 [info] > git for-each-ref --format=%(refname)%00%(upstream:short)%00%(objectname)%00%(upstream:track)%00%(upstream:remotename)%00%(upstream:remoteref) refs/heads/main refs/remotes/main [3ms]
2025-08-08 00:19:08.560 [info] > git for-each-ref --sort -committerdate --format %(refname)%00%(objectname)%00%(*objectname) [3ms]
2025-08-08 00:19:08.564 [info] > git status -z -uall [16ms]
2025-08-08 00:19:16.792 [info] > git config --get commit.template [9ms]
2025-08-08 00:19:16.793 [info] > git for-each-ref --format=%(refname)%00%(upstream:short)%00%(objectname)%00%(upstream:track)%00%(upstream:remotename)%00%(upstream:remoteref) refs/heads/main refs/remotes/main [2ms]
2025-08-08 00:19:16.816 [info] > git for-each-ref --sort -committerdate --format %(refname)%00%(objectname)%00%(*objectname) [3ms]
2025-08-08 00:19:16.818 [info] > git status -z -uall [15ms]
2025-08-08 00:19:46.172 [info] > git config --get commit.template [9ms]
2025-08-08 00:19:46.174 [info] > git for-each-ref --format=%(refname)%00%(upstream:short)%00%(objectname)%00%(upstream:track)%00%(upstream:remotename)%00%(upstream:remoteref) refs/heads/main refs/remotes/main [3ms]
2025-08-08 00:19:46.194 [info] > git for-each-ref --sort -committerdate --format %(refname)%00%(objectname)%00%(*objectname) [3ms]
2025-08-08 00:19:46.196 [info] > git status -z -uall [14ms]
2025-08-08 00:19:53.859 [info] > git config --get commit.template [14ms]
2025-08-08 00:19:53.860 [info] > git for-each-ref --format=%(refname)%00%(upstream:short)%00%(objectname)%00%(upstream:track)%00%(upstream:remotename)%00%(upstream:remoteref) refs/heads/main refs/remotes/main [3ms]
2025-08-08 00:19:53.882 [info] > git for-each-ref --sort -committerdate --format %(refname)%00%(objectname)%00%(*objectname) [3ms]
2025-08-08 00:19:53.884 [info] > git status -z -uall [14ms]
2025-08-08 00:20:05.545 [info] > git fetch [322ms]
2025-08-08 00:20:05.559 [info] > git config --get commit.template [2ms]
2025-08-08 00:20:05.575 [info] > git for-each-ref --format=%(refname)%00%(upstream:short)%00%(objectname)%00%(upstream:track)%00%(upstream:remotename)%00%(upstream:remoteref) refs/heads/main refs/remotes/main [4ms]
2025-08-08 00:20:05.601 [info] > git status -z -uall [15ms]
2025-08-08 00:20:05.601 [info] > git for-each-ref --sort -committerdate --format %(refname)%00%(objectname)%00%(*objectname) [4ms]
2025-08-08 00:20:07.536 [info] > git config --get commit.template [11ms]
2025-08-08 00:20:07.538 [info] > git for-each-ref --format=%(refname)%00%(upstream:short)%00%(objectname)%00%(upstream:track)%00%(upstream:remotename)%00%(upstream:remoteref) refs/heads/main refs/remotes/main [3ms]
2025-08-08 00:20:07.565 [info] > git for-each-ref --sort -committerdate --format %(refname)%00%(objectname)%00%(*objectname) [3ms]
2025-08-08 00:20:07.569 [info] > git status -z -uall [19ms]
2025-08-08 00:20:12.589 [info] > git config --get commit.template [4ms]
2025-08-08 00:20:12.605 [info] > git for-each-ref --format=%(refname)%00%(upstream:short)%00%(objectname)%00%(upstream:track)%00%(upstream:remotename)%00%(upstream:remoteref) refs/heads/main refs/remotes/main [3ms]
2025-08-08 00:20:12.633 [info] > git status -z -uall [14ms]
2025-08-08 00:20:12.634 [info] > git for-each-ref --sort -committerdate --format %(refname)%00%(objectname)%00%(*objectname) [4ms]
2025-08-08 00:20:17.663 [info] > git config --get commit.template [13ms]
2025-08-08 00:20:17.666 [info] > git for-each-ref --format=%(refname)%00%(upstream:short)%00%(objectname)%00%(upstream:track)%00%(upstream:remotename)%00%(upstream:remoteref) refs/heads/main refs/remotes/main [3ms]
2025-08-08 00:20:17.694 [info] > git for-each-ref --sort -committerdate --format %(refname)%00%(objectname)%00%(*objectname) [4ms]
2025-08-08 00:20:17.696 [info] > git status -z -uall [18ms]
2025-08-08 00:20:47.596 [info] > git config --get commit.template [10ms]
2025-08-08 00:20:47.598 [info] > git for-each-ref --format=%(refname)%00%(upstream:short)%00%(objectname)%00%(upstream:track)%00%(upstream:remotename)%00%(upstream:remoteref) refs/heads/main refs/remotes/main [3ms]
2025-08-08 00:20:47.620 [info] > git for-each-ref --sort -committerdate --format %(refname)%00%(objectname)%00%(*objectname) [3ms]
2025-08-08 00:20:47.624 [info] > git status -z -uall [16ms]
2025-08-08 00:20:50.389 [info] > git check-ignore -v -z --stdin [3ms]
2025-08-08 00:20:51.099 [info] > git show --textconv :src/components/sections/landing/HeroSection.astro [9ms]
2025-08-08 00:20:51.100 [info] > git ls-files --stage -- src/components/sections/landing/HeroSection.astro [1ms]
2025-08-08 00:20:51.111 [info] > git cat-file -s 651d4ec772e9f1908a9a04cbe4abb909827b9701 [2ms]
2025-08-08 00:20:51.467 [info] > git blame --root --incremental 0d7a3a898007be1d8200d8db99d59472a2da8d06 -- src/components/sections/landing/HeroSection.astro [5ms]
2025-08-08 00:21:01.435 [info] > git config --get commit.template [9ms]
2025-08-08 00:21:01.437 [info] > git for-each-ref --format=%(refname)%00%(upstream:short)%00%(objectname)%00%(upstream:track)%00%(upstream:remotename)%00%(upstream:remoteref) refs/heads/main refs/remotes/main [3ms]
2025-08-08 00:21:01.456 [info] > git for-each-ref --sort -committerdate --format %(refname)%00%(objectname)%00%(*objectname) [2ms]
2025-08-08 00:21:01.460 [info] > git status -z -uall [15ms]
2025-08-08 00:21:06.484 [info] > git config --get commit.template [11ms]
2025-08-08 00:21:06.486 [info] > git for-each-ref --format=%(refname)%00%(upstream:short)%00%(objectname)%00%(upstream:track)%00%(upstream:remotename)%00%(upstream:remoteref) refs/heads/main refs/remotes/main [3ms]
2025-08-08 00:21:06.509 [info] > git for-each-ref --sort -committerdate --format %(refname)%00%(objectname)%00%(*objectname) [3ms]
2025-08-08 00:21:06.514 [info] > git status -z -uall [17ms]
2025-08-08 00:21:11.540 [info] > git config --get commit.template [11ms]
2025-08-08 00:21:11.543 [info] > git for-each-ref --format=%(refname)%00%(upstream:short)%00%(objectname)%00%(upstream:track)%00%(upstream:remotename)%00%(upstream:remoteref) refs/heads/main refs/remotes/main [4ms]
2025-08-08 00:21:11.565 [info] > git for-each-ref --sort -committerdate --format %(refname)%00%(objectname)%00%(*objectname) [3ms]
2025-08-08 00:21:11.566 [info] > git status -z -uall [13ms]
2025-08-08 00:21:16.586 [info] > git config --get commit.template [5ms]
2025-08-08 00:21:16.601 [info] > git for-each-ref --format=%(refname)%00%(upstream:short)%00%(objectname)%00%(upstream:track)%00%(upstream:remotename)%00%(upstream:remoteref) refs/heads/main refs/remotes/main [3ms]
2025-08-08 00:21:16.626 [info] > git for-each-ref --sort -committerdate --format %(refname)%00%(objectname)%00%(*objectname) [3ms]
2025-08-08 00:21:16.655 [info] > git status -z -uall [42ms]
2025-08-08 00:21:21.672 [info] > git config --get commit.template [2ms]
2025-08-08 00:21:21.684 [info] > git for-each-ref --format=%(refname)%00%(upstream:short)%00%(objectname)%00%(upstream:track)%00%(upstream:remotename)%00%(upstream:remoteref) refs/heads/main refs/remotes/main [3ms]
2025-08-08 00:21:21.706 [info] > git for-each-ref --sort -committerdate --format %(refname)%00%(objectname)%00%(*objectname) [3ms]
2025-08-08 00:21:21.707 [info] > git status -z -uall [14ms]
2025-08-08 00:21:26.729 [info] > git config --get commit.template [9ms]
2025-08-08 00:21:26.731 [info] > git for-each-ref --format=%(refname)%00%(upstream:short)%00%(objectname)%00%(upstream:track)%00%(upstream:remotename)%00%(upstream:remoteref) refs/heads/main refs/remotes/main [2ms]
2025-08-08 00:21:26.753 [info] > git for-each-ref --sort -committerdate --format %(refname)%00%(objectname)%00%(*objectname) [3ms]
2025-08-08 00:21:26.755 [info] > git status -z -uall [15ms]
2025-08-08 00:21:31.778 [info] > git config --get commit.template [10ms]
2025-08-08 00:21:31.779 [info] > git for-each-ref --format=%(refname)%00%(upstream:short)%00%(objectname)%00%(upstream:track)%00%(upstream:remotename)%00%(upstream:remoteref) refs/heads/main refs/remotes/main [2ms]
2025-08-08 00:21:31.799 [info] > git for-each-ref --sort -committerdate --format %(refname)%00%(objectname)%00%(*objectname) [3ms]
2025-08-08 00:21:31.803 [info] > git status -z -uall [15ms]
2025-08-08 00:21:36.828 [info] > git config --get commit.template [10ms]
2025-08-08 00:21:36.831 [info] > git for-each-ref --format=%(refname)%00%(upstream:short)%00%(objectname)%00%(upstream:track)%00%(upstream:remotename)%00%(upstream:remoteref) refs/heads/main refs/remotes/main [2ms]
2025-08-08 00:21:36.853 [info] > git for-each-ref --sort -committerdate --format %(refname)%00%(objectname)%00%(*objectname) [3ms]
2025-08-08 00:21:36.855 [info] > git status -z -uall [14ms]
2025-08-08 00:21:41.876 [info] > git config --get commit.template [9ms]
2025-08-08 00:21:41.878 [info] > git for-each-ref --format=%(refname)%00%(upstream:short)%00%(objectname)%00%(upstream:track)%00%(upstream:remotename)%00%(upstream:remoteref) refs/heads/main refs/remotes/main [2ms]
2025-08-08 00:21:41.898 [info] > git for-each-ref --sort -committerdate --format %(refname)%00%(objectname)%00%(*objectname) [4ms]
2025-08-08 00:21:41.900 [info] > git status -z -uall [14ms]
2025-08-08 00:21:46.135 [info] > git show --textconv :src/components/ui/icons/Icon.astro [11ms]
2025-08-08 00:21:46.136 [info] > git ls-files --stage -- src/components/ui/icons/Icon.astro [2ms]
2025-08-08 00:21:46.147 [info] > git cat-file -s 67a96541a0ca20634afbe6121befbe7f5aa02c76 [2ms]
2025-08-08 00:21:46.917 [info] > git config --get commit.template [2ms]
2025-08-08 00:21:46.930 [info] > git for-each-ref --format=%(refname)%00%(upstream:short)%00%(objectname)%00%(upstream:track)%00%(upstream:remotename)%00%(upstream:remoteref) refs/heads/main refs/remotes/main [2ms]
2025-08-08 00:21:46.954 [info] > git for-each-ref --sort -committerdate --format %(refname)%00%(objectname)%00%(*objectname) [4ms]
2025-08-08 00:21:46.954 [info] > git status -z -uall [14ms]
2025-08-08 00:21:48.832 [info] > git show --textconv :src/components/ui/icons/icons.ts [11ms]
2025-08-08 00:21:48.833 [info] > git ls-files --stage -- src/components/ui/icons/icons.ts [3ms]
2025-08-08 00:21:48.845 [info] > git cat-file -s 4d8da5dfc3ea0ca53c34f9b9e9a55446fbdcd0c3 [2ms]
2025-08-08 00:21:58.237 [info] > git config --get commit.template [12ms]
2025-08-08 00:21:58.239 [info] > git for-each-ref --format=%(refname)%00%(upstream:short)%00%(objectname)%00%(upstream:track)%00%(upstream:remotename)%00%(upstream:remoteref) refs/heads/main refs/remotes/main [3ms]
2025-08-08 00:21:58.267 [info] > git for-each-ref --sort -committerdate --format %(refname)%00%(objectname)%00%(*objectname) [3ms]
2025-08-08 00:21:58.268 [info] > git status -z -uall [16ms]
2025-08-08 00:22:03.291 [info] > git config --get commit.template [10ms]
2025-08-08 00:22:03.293 [info] > git for-each-ref --format=%(refname)%00%(upstream:short)%00%(objectname)%00%(upstream:track)%00%(upstream:remotename)%00%(upstream:remoteref) refs/heads/main refs/remotes/main [2ms]
2025-08-08 00:22:03.314 [info] > git for-each-ref --sort -committerdate --format %(refname)%00%(objectname)%00%(*objectname) [3ms]
2025-08-08 00:22:03.316 [info] > git status -z -uall [14ms]
2025-08-08 00:22:10.055 [info] > git show --textconv :src/components/ui/icons/Icon.astro [12ms]
2025-08-08 00:22:10.057 [info] > git ls-files --stage -- src/components/ui/icons/Icon.astro [3ms]
2025-08-08 00:22:10.068 [info] > git cat-file -s 67a96541a0ca20634afbe6121befbe7f5aa02c76 [2ms]
2025-08-08 00:22:19.374 [info] > git config --get commit.template [10ms]
2025-08-08 00:22:19.376 [info] > git for-each-ref --format=%(refname)%00%(upstream:short)%00%(objectname)%00%(upstream:track)%00%(upstream:remotename)%00%(upstream:remoteref) refs/heads/main refs/remotes/main [2ms]
2025-08-08 00:22:19.399 [info] > git for-each-ref --sort -committerdate --format %(refname)%00%(objectname)%00%(*objectname) [3ms]
2025-08-08 00:22:19.400 [info] > git status -z -uall [14ms]
2025-08-08 00:22:24.426 [info] > git config --get commit.template [12ms]
2025-08-08 00:22:24.428 [info] > git for-each-ref --format=%(refname)%00%(upstream:short)%00%(objectname)%00%(upstream:track)%00%(upstream:remotename)%00%(upstream:remoteref) refs/heads/main refs/remotes/main [3ms]
2025-08-08 00:22:24.450 [info] > git for-each-ref --sort -committerdate --format %(refname)%00%(objectname)%00%(*objectname) [2ms]
2025-08-08 00:22:24.452 [info] > git status -z -uall [13ms]
2025-08-08 00:22:25.491 [info] > git show --textconv :src/components/ui/icons/icons.ts [10ms]
2025-08-08 00:22:25.493 [info] > git ls-files --stage -- src/components/ui/icons/icons.ts [2ms]
2025-08-08 00:22:25.504 [info] > git cat-file -s 4d8da5dfc3ea0ca53c34f9b9e9a55446fbdcd0c3 [2ms]
2025-08-08 00:22:35.899 [info] > git config --get commit.template [10ms]
2025-08-08 00:22:35.901 [info] > git for-each-ref --format=%(refname)%00%(upstream:short)%00%(objectname)%00%(upstream:track)%00%(upstream:remotename)%00%(upstream:remoteref) refs/heads/main refs/remotes/main [2ms]
2025-08-08 00:22:35.924 [info] > git for-each-ref --sort -committerdate --format %(refname)%00%(objectname)%00%(*objectname) [3ms]
2025-08-08 00:22:35.925 [info] > git status -z -uall [14ms]
2025-08-08 00:23:05.950 [info] > git fetch [335ms]
2025-08-08 00:23:05.969 [info] > git config --get commit.template [8ms]
2025-08-08 00:23:05.971 [info] > git for-each-ref --format=%(refname)%00%(upstream:short)%00%(objectname)%00%(upstream:track)%00%(upstream:remotename)%00%(upstream:remoteref) refs/heads/main refs/remotes/main [2ms]
2025-08-08 00:23:05.991 [info] > git for-each-ref --sort -committerdate --format %(refname)%00%(objectname)%00%(*objectname) [3ms]
2025-08-08 00:23:05.994 [info] > git status -z -uall [13ms]
2025-08-08 00:23:06.625 [info] > git show --textconv :src/components/sections/landing/HeroSection.astro [12ms]
2025-08-08 00:23:06.626 [info] > git ls-files --stage -- src/components/sections/landing/HeroSection.astro [3ms]
2025-08-08 00:23:06.638 [info] > git cat-file -s 651d4ec772e9f1908a9a04cbe4abb909827b9701 [2ms]
2025-08-08 00:23:07.444 [info] > git config --get commit.template [9ms]
2025-08-08 00:23:07.445 [info] > git for-each-ref --format=%(refname)%00%(upstream:short)%00%(objectname)%00%(upstream:track)%00%(upstream:remotename)%00%(upstream:remoteref) refs/heads/main refs/remotes/main [2ms]
2025-08-08 00:23:07.467 [info] > git for-each-ref --sort -committerdate --format %(refname)%00%(objectname)%00%(*objectname) [3ms]
2025-08-08 00:23:07.468 [info] > git status -z -uall [14ms]
2025-08-08 00:23:23.046 [info] > git config --get commit.template [10ms]
2025-08-08 00:23:23.048 [info] > git for-each-ref --format=%(refname)%00%(upstream:short)%00%(objectname)%00%(upstream:track)%00%(upstream:remotename)%00%(upstream:remoteref) refs/heads/main refs/remotes/main [2ms]
2025-08-08 00:23:23.071 [info] > git for-each-ref --sort -committerdate --format %(refname)%00%(objectname)%00%(*objectname) [2ms]
2025-08-08 00:23:23.074 [info] > git status -z -uall [15ms]
2025-08-08 00:23:24.844 [info] > git show --textconv :src/components/sections/landing/HeroSection.astro [11ms]
2025-08-08 00:23:24.845 [info] > git ls-files --stage -- src/components/sections/landing/HeroSection.astro [2ms]
2025-08-08 00:23:24.856 [info] > git cat-file -s 651d4ec772e9f1908a9a04cbe4abb909827b9701 [2ms]
2025-08-08 00:23:33.381 [info] > git config --get commit.template [9ms]
2025-08-08 00:23:33.383 [info] > git for-each-ref --format=%(refname)%00%(upstream:short)%00%(objectname)%00%(upstream:track)%00%(upstream:remotename)%00%(upstream:remoteref) refs/heads/main refs/remotes/main [3ms]
2025-08-08 00:23:33.404 [info] > git for-each-ref --sort -committerdate --format %(refname)%00%(objectname)%00%(*objectname) [3ms]
2025-08-08 00:23:33.406 [info] > git status -z -uall [15ms]
2025-08-08 00:23:39.765 [info] > git config --get commit.template [13ms]
2025-08-08 00:23:39.767 [info] > git for-each-ref --format=%(refname)%00%(upstream:short)%00%(objectname)%00%(upstream:track)%00%(upstream:remotename)%00%(upstream:remoteref) refs/heads/main refs/remotes/main [3ms]
2025-08-08 00:23:39.793 [info] > git status -z -uall [14ms]
2025-08-08 00:23:39.793 [info] > git for-each-ref --sort -committerdate --format %(refname)%00%(objectname)%00%(*objectname) [3ms]
2025-08-08 00:23:45.146 [info] > git config --get commit.template [12ms]
2025-08-08 00:23:45.148 [info] > git for-each-ref --format=%(refname)%00%(upstream:short)%00%(objectname)%00%(upstream:track)%00%(upstream:remotename)%00%(upstream:remoteref) refs/heads/main refs/remotes/main [3ms]
2025-08-08 00:23:45.171 [info] > git for-each-ref --sort -committerdate --format %(refname)%00%(objectname)%00%(*objectname) [4ms]
2025-08-08 00:23:45.172 [info] > git status -z -uall [14ms]
2025-08-08 00:23:50.198 [info] > git config --get commit.template [10ms]
2025-08-08 00:23:50.201 [info] > git for-each-ref --format=%(refname)%00%(upstream:short)%00%(objectname)%00%(upstream:track)%00%(upstream:remotename)%00%(upstream:remoteref) refs/heads/main refs/remotes/main [4ms]
2025-08-08 00:23:50.224 [info] > git for-each-ref --sort -committerdate --format %(refname)%00%(objectname)%00%(*objectname) [3ms]
2025-08-08 00:23:50.225 [info] > git status -z -uall [14ms]
2025-08-08 00:23:55.247 [info] > git config --get commit.template [9ms]
2025-08-08 00:23:55.249 [info] > git for-each-ref --format=%(refname)%00%(upstream:short)%00%(objectname)%00%(upstream:track)%00%(upstream:remotename)%00%(upstream:remoteref) refs/heads/main refs/remotes/main [3ms]
2025-08-08 00:23:55.269 [info] > git for-each-ref --sort -committerdate --format %(refname)%00%(objectname)%00%(*objectname) [2ms]
2025-08-08 00:23:55.271 [info] > git status -z -uall [14ms]
2025-08-08 00:24:00.299 [info] > git config --get commit.template [13ms]
2025-08-08 00:24:00.300 [info] > git for-each-ref --format=%(refname)%00%(upstream:short)%00%(objectname)%00%(upstream:track)%00%(upstream:remotename)%00%(upstream:remoteref) refs/heads/main refs/remotes/main [3ms]
2025-08-08 00:24:00.327 [info] > git status -z -uall [15ms]
2025-08-08 00:24:00.327 [info] > git for-each-ref --sort -committerdate --format %(refname)%00%(objectname)%00%(*objectname) [4ms]
2025-08-08 00:24:05.357 [info] > git config --get commit.template [15ms]
2025-08-08 00:24:05.359 [info] > git for-each-ref --format=%(refname)%00%(upstream:short)%00%(objectname)%00%(upstream:track)%00%(upstream:remotename)%00%(upstream:remoteref) refs/heads/main refs/remotes/main [3ms]
2025-08-08 00:24:05.381 [info] > git for-each-ref --sort -committerdate --format %(refname)%00%(objectname)%00%(*objectname) [3ms]
2025-08-08 00:24:05.382 [info] > git status -z -uall [13ms]
2025-08-08 00:24:10.406 [info] > git config --get commit.template [10ms]
2025-08-08 00:24:10.408 [info] > git for-each-ref --format=%(refname)%00%(upstream:short)%00%(objectname)%00%(upstream:track)%00%(upstream:remotename)%00%(upstream:remoteref) refs/heads/main refs/remotes/main [3ms]
2025-08-08 00:24:10.427 [info] > git for-each-ref --sort -committerdate --format %(refname)%00%(objectname)%00%(*objectname) [2ms]
2025-08-08 00:24:10.430 [info] > git status -z -uall [13ms]
2025-08-08 00:24:25.620 [info] > git config --get commit.template [10ms]
2025-08-08 00:24:25.622 [info] > git for-each-ref --format=%(refname)%00%(upstream:short)%00%(objectname)%00%(upstream:track)%00%(upstream:remotename)%00%(upstream:remoteref) refs/heads/main refs/remotes/main [3ms]
2025-08-08 00:24:25.668 [info] > git for-each-ref --sort -committerdate --format %(refname)%00%(objectname)%00%(*objectname) [3ms]
2025-08-08 00:24:25.671 [info] > git status -z -uall [15ms]
2025-08-08 00:24:30.689 [info] > git config --get commit.template [2ms]
2025-08-08 00:24:30.703 [info] > git for-each-ref --format=%(refname)%00%(upstream:short)%00%(objectname)%00%(upstream:track)%00%(upstream:remotename)%00%(upstream:remoteref) refs/heads/main refs/remotes/main [3ms]
2025-08-08 00:24:30.726 [info] > git for-each-ref --sort -committerdate --format %(refname)%00%(objectname)%00%(*objectname) [3ms]
2025-08-08 00:24:30.727 [info] > git status -z -uall [15ms]
2025-08-08 00:24:43.985 [info] > git show --textconv :src/components/ui/icons/icons.ts [9ms]
2025-08-08 00:24:43.986 [info] > git ls-files --stage -- src/components/ui/icons/icons.ts [2ms]
2025-08-08 00:24:43.996 [info] > git cat-file -s 4d8da5dfc3ea0ca53c34f9b9e9a55446fbdcd0c3 [2ms]
2025-08-08 00:24:58.340 [info] > git config --get commit.template [10ms]
2025-08-08 00:24:58.342 [info] > git for-each-ref --format=%(refname)%00%(upstream:short)%00%(objectname)%00%(upstream:track)%00%(upstream:remotename)%00%(upstream:remoteref) refs/heads/main refs/remotes/main [3ms]
2025-08-08 00:24:58.366 [info] > git for-each-ref --sort -committerdate --format %(refname)%00%(objectname)%00%(*objectname) [3ms]
2025-08-08 00:24:58.368 [info] > git status -z -uall [14ms]
2025-08-08 00:25:03.395 [info] > git config --get commit.template [13ms]
2025-08-08 00:25:03.396 [info] > git for-each-ref --format=%(refname)%00%(upstream:short)%00%(objectname)%00%(upstream:track)%00%(upstream:remotename)%00%(upstream:remoteref) refs/heads/main refs/remotes/main [2ms]
2025-08-08 00:25:03.420 [info] > git for-each-ref --sort -committerdate --format %(refname)%00%(objectname)%00%(*objectname) [3ms]
2025-08-08 00:25:03.421 [info] > git status -z -uall [14ms]
2025-08-08 00:26:06.332 [info] > git fetch [326ms]
2025-08-08 00:26:06.354 [info] > git config --get commit.template [11ms]
2025-08-08 00:26:06.356 [info] > git for-each-ref --format=%(refname)%00%(upstream:short)%00%(objectname)%00%(upstream:track)%00%(upstream:remotename)%00%(upstream:remoteref) refs/heads/main refs/remotes/main [3ms]
2025-08-08 00:26:06.379 [info] > git for-each-ref --sort -committerdate --format %(refname)%00%(objectname)%00%(*objectname) [3ms]
2025-08-08 00:26:06.380 [info] > git status -z -uall [14ms]
2025-08-08 00:26:07.624 [info] > git config --get commit.template [9ms]
2025-08-08 00:26:07.626 [info] > git for-each-ref --format=%(refname)%00%(upstream:short)%00%(objectname)%00%(upstream:track)%00%(upstream:remotename)%00%(upstream:remoteref) refs/heads/main refs/remotes/main [3ms]
2025-08-08 00:26:07.645 [info] > git for-each-ref --sort -committerdate --format %(refname)%00%(objectname)%00%(*objectname) [2ms]
2025-08-08 00:26:07.648 [info] > git status -z -uall [14ms]
2025-08-08 00:26:07.894 [info] > git ls-files --stage -- src/components/ui/icons/icons.ts [2ms]
2025-08-08 00:26:07.906 [info] > git cat-file -s 4d8da5dfc3ea0ca53c34f9b9e9a55446fbdcd0c3 [3ms]
2025-08-08 00:26:08.053 [info] > git show --textconv :src/components/ui/icons/icons.ts [2ms]
2025-08-08 00:26:35.361 [info] > git check-ignore -v -z --stdin [2ms]
2025-08-08 00:26:37.642 [info] > git show --textconv :src/components/ui/icons/icons.ts [9ms]
2025-08-08 00:26:37.644 [info] > git ls-files --stage -- src/components/ui/icons/icons.ts [1ms]
2025-08-08 00:26:37.654 [info] > git cat-file -s 4d8da5dfc3ea0ca53c34f9b9e9a55446fbdcd0c3 [2ms]
2025-08-08 00:26:54.761 [info] > git show --textconv :src/components/sections/landing/HeroSection.astro [10ms]
2025-08-08 00:26:54.763 [info] > git ls-files --stage -- src/components/sections/landing/HeroSection.astro [2ms]
2025-08-08 00:26:54.774 [info] > git cat-file -s 651d4ec772e9f1908a9a04cbe4abb909827b9701 [2ms]
2025-08-08 00:27:07.393 [info] > git config --get commit.template [11ms]
2025-08-08 00:27:07.395 [info] > git for-each-ref --format=%(refname)%00%(upstream:short)%00%(objectname)%00%(upstream:track)%00%(upstream:remotename)%00%(upstream:remoteref) refs/heads/main refs/remotes/main [3ms]
2025-08-08 00:27:07.418 [info] > git for-each-ref --sort -committerdate --format %(refname)%00%(objectname)%00%(*objectname) [3ms]
2025-08-08 00:27:07.420 [info] > git status -z -uall [15ms]
2025-08-08 00:27:12.442 [info] > git config --get commit.template [9ms]
2025-08-08 00:27:12.444 [info] > git for-each-ref --format=%(refname)%00%(upstream:short)%00%(objectname)%00%(upstream:track)%00%(upstream:remotename)%00%(upstream:remoteref) refs/heads/main refs/remotes/main [3ms]
2025-08-08 00:27:12.465 [info] > git for-each-ref --sort -committerdate --format %(refname)%00%(objectname)%00%(*objectname) [3ms]
2025-08-08 00:27:12.467 [info] > git status -z -uall [14ms]
2025-08-08 00:27:17.497 [info] > git config --get commit.template [14ms]
2025-08-08 00:27:17.497 [info] > git for-each-ref --format=%(refname)%00%(upstream:short)%00%(objectname)%00%(upstream:track)%00%(upstream:remotename)%00%(upstream:remoteref) refs/heads/main refs/remotes/main [2ms]
2025-08-08 00:27:17.521 [info] > git for-each-ref --sort -committerdate --format %(refname)%00%(objectname)%00%(*objectname) [3ms]
2025-08-08 00:27:17.523 [info] > git status -z -uall [14ms]
2025-08-08 00:27:34.521 [info] > git show --textconv :src/components/sections/landing/HeroSection.astro [9ms]
2025-08-08 00:27:34.522 [info] > git ls-files --stage -- src/components/sections/landing/HeroSection.astro [2ms]
2025-08-08 00:27:34.532 [info] > git cat-file -s 651d4ec772e9f1908a9a04cbe4abb909827b9701 [2ms]
2025-08-08 00:27:45.406 [info] > git show --textconv :src/components/ui/icons/Icon.astro [10ms]
2025-08-08 00:27:45.407 [info] > git ls-files --stage -- src/components/ui/icons/Icon.astro [2ms]
2025-08-08 00:27:45.417 [info] > git cat-file -s 67a96541a0ca20634afbe6121befbe7f5aa02c76 [2ms]
2025-08-08 00:27:54.488 [info] > git config --get commit.template [10ms]
2025-08-08 00:27:54.490 [info] > git for-each-ref --format=%(refname)%00%(upstream:short)%00%(objectname)%00%(upstream:track)%00%(upstream:remotename)%00%(upstream:remoteref) refs/heads/main refs/remotes/main [2ms]
2025-08-08 00:27:54.513 [info] > git for-each-ref --sort -committerdate --format %(refname)%00%(objectname)%00%(*objectname) [3ms]
2025-08-08 00:27:54.514 [info] > git status -z -uall [14ms]
2025-08-08 00:29:06.705 [info] > git fetch [311ms]
2025-08-08 00:29:06.723 [info] > git config --get commit.template [8ms]
2025-08-08 00:29:06.725 [info] > git for-each-ref --format=%(refname)%00%(upstream:short)%00%(objectname)%00%(upstream:track)%00%(upstream:remotename)%00%(upstream:remoteref) refs/heads/main refs/remotes/main [2ms]
2025-08-08 00:29:06.746 [info] > git for-each-ref --sort -committerdate --format %(refname)%00%(objectname)%00%(*objectname) [3ms]
2025-08-08 00:29:06.747 [info] > git status -z -uall [13ms]
2025-08-08 00:29:08.104 [info] > git config --get commit.template [9ms]
2025-08-08 00:29:08.106 [info] > git for-each-ref --format=%(refname)%00%(upstream:short)%00%(objectname)%00%(upstream:track)%00%(upstream:remotename)%00%(upstream:remoteref) refs/heads/main refs/remotes/main [2ms]
2025-08-08 00:29:08.125 [info] > git for-each-ref --sort -committerdate --format %(refname)%00%(objectname)%00%(*objectname) [3ms]
2025-08-08 00:29:08.129 [info] > git status -z -uall [15ms]
2025-08-08 00:29:08.515 [info] > git ls-files --stage -- src/components/ui/icons/Icon.astro [2ms]
2025-08-08 00:29:08.525 [info] > git cat-file -s 67a96541a0ca20634afbe6121befbe7f5aa02c76 [2ms]
2025-08-08 00:29:08.696 [info] > git show --textconv :src/components/ui/icons/Icon.astro [3ms]
2025-08-08 00:29:45.684 [info] > git config --get commit.template [10ms]
2025-08-08 00:29:45.686 [info] > git for-each-ref --format=%(refname)%00%(upstream:short)%00%(objectname)%00%(upstream:track)%00%(upstream:remotename)%00%(upstream:remoteref) refs/heads/main refs/remotes/main [3ms]
2025-08-08 00:29:45.754 [info] > git status -z -uall [57ms]
2025-08-08 00:29:45.754 [info] > git for-each-ref --sort -committerdate --format %(refname)%00%(objectname)%00%(*objectname) [47ms]
2025-08-08 00:30:51.565 [info] > git config --get commit.template [13ms]
2025-08-08 00:30:51.566 [info] > git for-each-ref --format=%(refname)%00%(upstream:short)%00%(objectname)%00%(upstream:track)%00%(upstream:remotename)%00%(upstream:remoteref) refs/heads/main refs/remotes/main [3ms]
2025-08-08 00:30:51.590 [info] > git for-each-ref --sort -committerdate --format %(refname)%00%(objectname)%00%(*objectname) [3ms]
2025-08-08 00:30:51.591 [info] > git status -z -uall [15ms]
2025-08-08 00:30:56.612 [info] > git config --get commit.template [9ms]
2025-08-08 00:30:56.614 [info] > git for-each-ref --format=%(refname)%00%(upstream:short)%00%(objectname)%00%(upstream:track)%00%(upstream:remotename)%00%(upstream:remoteref) refs/heads/main refs/remotes/main [3ms]
2025-08-08 00:30:56.635 [info] > git for-each-ref --sort -committerdate --format %(refname)%00%(objectname)%00%(*objectname) [3ms]
2025-08-08 00:30:56.637 [info] > git status -z -uall [15ms]
2025-08-08 00:31:02.270 [info] > git config --get commit.template [12ms]
2025-08-08 00:31:02.272 [info] > git for-each-ref --format=%(refname)%00%(upstream:short)%00%(objectname)%00%(upstream:track)%00%(upstream:remotename)%00%(upstream:remoteref) refs/heads/main refs/remotes/main [3ms]
2025-08-08 00:31:02.294 [info] > git for-each-ref --sort -committerdate --format %(refname)%00%(objectname)%00%(*objectname) [3ms]
2025-08-08 00:31:02.296 [info] > git status -z -uall [14ms]
2025-08-08 00:31:07.318 [info] > git config --get commit.template [9ms]
2025-08-08 00:31:07.320 [info] > git for-each-ref --format=%(refname)%00%(upstream:short)%00%(objectname)%00%(upstream:track)%00%(upstream:remotename)%00%(upstream:remoteref) refs/heads/main refs/remotes/main [2ms]
2025-08-08 00:31:07.338 [info] > git for-each-ref --sort -committerdate --format %(refname)%00%(objectname)%00%(*objectname) [2ms]
2025-08-08 00:31:07.342 [info] > git status -z -uall [14ms]
2025-08-08 00:31:15.460 [info] > git config --get commit.template [9ms]
2025-08-08 00:31:15.462 [info] > git for-each-ref --format=%(refname)%00%(upstream:short)%00%(objectname)%00%(upstream:track)%00%(upstream:remotename)%00%(upstream:remoteref) refs/heads/main refs/remotes/main [3ms]
2025-08-08 00:31:15.481 [info] > git for-each-ref --sort -committerdate --format %(refname)%00%(objectname)%00%(*objectname) [3ms]
2025-08-08 00:31:15.484 [info] > git status -z -uall [14ms]
2025-08-08 00:31:29.924 [info] > git config --get commit.template [12ms]
2025-08-08 00:31:29.925 [info] > git for-each-ref --format=%(refname)%00%(upstream:short)%00%(objectname)%00%(upstream:track)%00%(upstream:remotename)%00%(upstream:remoteref) refs/heads/main refs/remotes/main [2ms]
2025-08-08 00:31:29.951 [info] > git status -z -uall [14ms]
2025-08-08 00:31:29.951 [info] > git for-each-ref --sort -committerdate --format %(refname)%00%(objectname)%00%(*objectname) [3ms]
2025-08-08 00:31:34.975 [info] > git config --get commit.template [10ms]
2025-08-08 00:31:34.977 [info] > git for-each-ref --format=%(refname)%00%(upstream:short)%00%(objectname)%00%(upstream:track)%00%(upstream:remotename)%00%(upstream:remoteref) refs/heads/main refs/remotes/main [2ms]
2025-08-08 00:31:34.996 [info] > git for-each-ref --sort -committerdate --format %(refname)%00%(objectname)%00%(*objectname) [2ms]
2025-08-08 00:31:34.999 [info] > git status -z -uall [14ms]
2025-08-08 00:31:46.190 [info] > git config --get commit.template [10ms]
2025-08-08 00:31:46.192 [info] > git for-each-ref --format=%(refname)%00%(upstream:short)%00%(objectname)%00%(upstream:track)%00%(upstream:remotename)%00%(upstream:remoteref) refs/heads/main refs/remotes/main [3ms]
2025-08-08 00:31:46.211 [info] > git for-each-ref --sort -committerdate --format %(refname)%00%(objectname)%00%(*objectname) [2ms]
2025-08-08 00:31:46.214 [info] > git status -z -uall [14ms]
2025-08-08 00:31:51.238 [info] > git config --get commit.template [11ms]
2025-08-08 00:31:51.240 [info] > git for-each-ref --format=%(refname)%00%(upstream:short)%00%(objectname)%00%(upstream:track)%00%(upstream:remotename)%00%(upstream:remoteref) refs/heads/main refs/remotes/main [3ms]
2025-08-08 00:31:51.261 [info] > git for-each-ref --sort -committerdate --format %(refname)%00%(objectname)%00%(*objectname) [3ms]
2025-08-08 00:31:51.264 [info] > git status -z -uall [14ms]
2025-08-08 00:32:02.719 [info] > git config --get commit.template [2ms]
2025-08-08 00:32:02.733 [info] > git for-each-ref --format=%(refname)%00%(upstream:short)%00%(objectname)%00%(upstream:track)%00%(upstream:remotename)%00%(upstream:remoteref) refs/heads/main refs/remotes/main [3ms]
2025-08-08 00:32:02.758 [info] > git for-each-ref --sort -committerdate --format %(refname)%00%(objectname)%00%(*objectname) [3ms]
2025-08-08 00:32:02.759 [info] > git status -z -uall [14ms]
2025-08-08 00:32:07.077 [info] > git fetch [318ms]
2025-08-08 00:32:07.097 [info] > git config --get commit.template [10ms]
2025-08-08 00:32:07.099 [info] > git for-each-ref --format=%(refname)%00%(upstream:short)%00%(objectname)%00%(upstream:track)%00%(upstream:remotename)%00%(upstream:remoteref) refs/heads/main refs/remotes/main [2ms]
2025-08-08 00:32:07.118 [info] > git for-each-ref --sort -committerdate --format %(refname)%00%(objectname)%00%(*objectname) [2ms]
2025-08-08 00:32:07.121 [info] > git status -z -uall [13ms]
2025-08-08 00:32:07.780 [info] > git config --get commit.template [8ms]
2025-08-08 00:32:07.781 [info] > git for-each-ref --format=%(refname)%00%(upstream:short)%00%(objectname)%00%(upstream:track)%00%(upstream:remotename)%00%(upstream:remoteref) refs/heads/main refs/remotes/main [2ms]
2025-08-08 00:32:07.800 [info] > git for-each-ref --sort -committerdate --format %(refname)%00%(objectname)%00%(*objectname) [2ms]
2025-08-08 00:32:07.803 [info] > git status -z -uall [13ms]
2025-08-08 00:32:08.833 [info] > git ls-files --stage -- src/components/ui/icons/Icon.astro [2ms]
2025-08-08 00:32:08.845 [info] > git cat-file -s 67a96541a0ca20634afbe6121befbe7f5aa02c76 [2ms]
2025-08-08 00:32:08.995 [info] > git show --textconv :src/components/ui/icons/Icon.astro [3ms]
2025-08-08 00:32:12.826 [info] > git config --get commit.template [11ms]
2025-08-08 00:32:12.829 [info] > git for-each-ref --format=%(refname)%00%(upstream:short)%00%(objectname)%00%(upstream:track)%00%(upstream:remotename)%00%(upstream:remoteref) refs/heads/main refs/remotes/main [3ms]
2025-08-08 00:32:12.851 [info] > git for-each-ref --sort -committerdate --format %(refname)%00%(objectname)%00%(*objectname) [3ms]
2025-08-08 00:32:12.852 [info] > git status -z -uall [13ms]
2025-08-08 00:32:17.877 [info] > git config --get commit.template [11ms]
2025-08-08 00:32:17.878 [info] > git for-each-ref --format=%(refname)%00%(upstream:short)%00%(objectname)%00%(upstream:track)%00%(upstream:remotename)%00%(upstream:remoteref) refs/heads/main refs/remotes/main [2ms]
2025-08-08 00:32:17.901 [info] > git for-each-ref --sort -committerdate --format %(refname)%00%(objectname)%00%(*objectname) [3ms]
2025-08-08 00:32:17.902 [info] > git status -z -uall [14ms]
2025-08-08 00:35:07.453 [info] > git fetch [317ms]
2025-08-08 00:35:07.465 [info] > git config --get commit.template [1ms]
2025-08-08 00:35:07.478 [info] > git for-each-ref --format=%(refname)%00%(upstream:short)%00%(objectname)%00%(upstream:track)%00%(upstream:remotename)%00%(upstream:remoteref) refs/heads/main refs/remotes/main [3ms]
2025-08-08 00:35:07.499 [info] > git for-each-ref --sort -committerdate --format %(refname)%00%(objectname)%00%(*objectname) [3ms]
2025-08-08 00:35:07.501 [info] > git status -z -uall [14ms]
2025-08-08 00:35:08.748 [info] > git config --get commit.template [10ms]
2025-08-08 00:35:08.749 [info] > git for-each-ref --format=%(refname)%00%(upstream:short)%00%(objectname)%00%(upstream:track)%00%(upstream:remotename)%00%(upstream:remoteref) refs/heads/main refs/remotes/main [2ms]
2025-08-08 00:35:08.771 [info] > git for-each-ref --sort -committerdate --format %(refname)%00%(objectname)%00%(*objectname) [3ms]
2025-08-08 00:35:08.773 [info] > git status -z -uall [14ms]
2025-08-08 00:35:08.992 [info] > git ls-files --stage -- src/components/ui/icons/Icon.astro [2ms]
2025-08-08 00:35:09.003 [info] > git cat-file -s 67a96541a0ca20634afbe6121befbe7f5aa02c76 [1ms]
2025-08-08 00:35:09.317 [info] > git show --textconv :src/components/ui/icons/Icon.astro [3ms]
2025-08-08 00:35:13.796 [info] > git config --get commit.template [10ms]
2025-08-08 00:35:13.798 [info] > git for-each-ref --format=%(refname)%00%(upstream:short)%00%(objectname)%00%(upstream:track)%00%(upstream:remotename)%00%(upstream:remoteref) refs/heads/main refs/remotes/main [2ms]
2025-08-08 00:35:13.820 [info] > git for-each-ref --sort -committerdate --format %(refname)%00%(objectname)%00%(*objectname) [3ms]
2025-08-08 00:35:13.822 [info] > git status -z -uall [14ms]
2025-08-08 00:35:18.848 [info] > git config --get commit.template [12ms]
2025-08-08 00:35:18.849 [info] > git for-each-ref --format=%(refname)%00%(upstream:short)%00%(objectname)%00%(upstream:track)%00%(upstream:remotename)%00%(upstream:remoteref) refs/heads/main refs/remotes/main [3ms]
2025-08-08 00:35:18.870 [info] > git for-each-ref --sort -committerdate --format %(refname)%00%(objectname)%00%(*objectname) [3ms]
2025-08-08 00:35:18.873 [info] > git status -z -uall [14ms]
2025-08-08 00:35:31.943 [info] > git config --get commit.template [10ms]
2025-08-08 00:35:31.945 [info] > git for-each-ref --format=%(refname)%00%(upstream:short)%00%(objectname)%00%(upstream:track)%00%(upstream:remotename)%00%(upstream:remoteref) refs/heads/main refs/remotes/main [3ms]
2025-08-08 00:35:31.966 [info] > git for-each-ref --sort -committerdate --format %(refname)%00%(objectname)%00%(*objectname) [3ms]
2025-08-08 00:35:31.970 [info] > git status -z -uall [16ms]
2025-08-08 00:35:43.487 [info] > git show --textconv :src/components/ui/icons/icons.ts [12ms]
2025-08-08 00:35:43.487 [info] > git ls-files --stage -- src/components/ui/icons/icons.ts [3ms]
2025-08-08 00:35:43.498 [info] > git cat-file -s 4d8da5dfc3ea0ca53c34f9b9e9a55446fbdcd0c3 [2ms]
2025-08-08 00:37:36.758 [info] > git show --textconv :src/components/sections/landing/HeroSection.astro [9ms]
2025-08-08 00:37:36.759 [info] > git ls-files --stage -- src/components/sections/landing/HeroSection.astro [2ms]
2025-08-08 00:37:36.769 [info] > git cat-file -s 651d4ec772e9f1908a9a04cbe4abb909827b9701 [2ms]
2025-08-08 00:37:42.782 [info] > git show --textconv :src/components/ui/icons/Icon.astro [10ms]
2025-08-08 00:37:42.783 [info] > git ls-files --stage -- src/components/ui/icons/Icon.astro [2ms]
2025-08-08 00:37:42.794 [info] > git cat-file -s 67a96541a0ca20634afbe6121befbe7f5aa02c76 [2ms]
2025-08-08 00:38:07.839 [info] > git fetch [326ms]
2025-08-08 00:38:07.858 [info] > git config --get commit.template [9ms]
2025-08-08 00:38:07.861 [info] > git for-each-ref --format=%(refname)%00%(upstream:short)%00%(objectname)%00%(upstream:track)%00%(upstream:remotename)%00%(upstream:remoteref) refs/heads/main refs/remotes/main [3ms]
2025-08-08 00:38:07.883 [info] > git for-each-ref --sort -committerdate --format %(refname)%00%(objectname)%00%(*objectname) [3ms]
2025-08-08 00:38:07.884 [info] > git status -z -uall [13ms]
2025-08-08 00:38:09.148 [info] > git config --get commit.template [11ms]
2025-08-08 00:38:09.150 [info] > git for-each-ref --format=%(refname)%00%(upstream:short)%00%(objectname)%00%(upstream:track)%00%(upstream:remotename)%00%(upstream:remoteref) refs/heads/main refs/remotes/main [3ms]
2025-08-08 00:38:09.172 [info] > git for-each-ref --sort -committerdate --format %(refname)%00%(objectname)%00%(*objectname) [3ms]
2025-08-08 00:38:09.173 [info] > git status -z -uall [14ms]
2025-08-08 00:38:09.389 [info] > git ls-files --stage -- src/components/ui/icons/Icon.astro [2ms]
2025-08-08 00:38:09.399 [info] > git cat-file -s 67a96541a0ca20634afbe6121befbe7f5aa02c76 [2ms]
2025-08-08 00:38:09.576 [info] > git show --textconv :src/components/ui/icons/Icon.astro [2ms]
2025-08-08 00:38:20.353 [info] > git config --get commit.template [8ms]
2025-08-08 00:38:20.355 [info] > git for-each-ref --format=%(refname)%00%(upstream:short)%00%(objectname)%00%(upstream:track)%00%(upstream:remotename)%00%(upstream:remoteref) refs/heads/main refs/remotes/main [2ms]
2025-08-08 00:38:20.376 [info] > git for-each-ref --sort -committerdate --format %(refname)%00%(objectname)%00%(*objectname) [4ms]
2025-08-08 00:38:20.378 [info] > git status -z -uall [14ms]
2025-08-08 00:38:25.393 [info] > git config --get commit.template [2ms]
2025-08-08 00:38:25.404 [info] > git for-each-ref --format=%(refname)%00%(upstream:short)%00%(objectname)%00%(upstream:track)%00%(upstream:remotename)%00%(upstream:remoteref) refs/heads/main refs/remotes/main [3ms]
2025-08-08 00:38:25.423 [info] > git for-each-ref --sort -committerdate --format %(refname)%00%(objectname)%00%(*objectname) [3ms]
2025-08-08 00:38:25.426 [info] > git status -z -uall [14ms]
2025-08-08 00:38:30.449 [info] > git config --get commit.template [10ms]
2025-08-08 00:38:30.451 [info] > git for-each-ref --format=%(refname)%00%(upstream:short)%00%(objectname)%00%(upstream:track)%00%(upstream:remotename)%00%(upstream:remoteref) refs/heads/main refs/remotes/main [2ms]
2025-08-08 00:38:30.472 [info] > git for-each-ref --sort -committerdate --format %(refname)%00%(objectname)%00%(*objectname) [3ms]
2025-08-08 00:38:30.475 [info] > git status -z -uall [14ms]
2025-08-08 00:38:35.496 [info] > git config --get commit.template [9ms]
2025-08-08 00:38:35.498 [info] > git for-each-ref --format=%(refname)%00%(upstream:short)%00%(objectname)%00%(upstream:track)%00%(upstream:remotename)%00%(upstream:remoteref) refs/heads/main refs/remotes/main [3ms]
2025-08-08 00:38:35.516 [info] > git for-each-ref --sort -committerdate --format %(refname)%00%(objectname)%00%(*objectname) [2ms]
2025-08-08 00:38:35.521 [info] > git status -z -uall [15ms]
2025-08-08 00:38:43.815 [info] > git config --get commit.template [10ms]
2025-08-08 00:38:43.817 [info] > git for-each-ref --format=%(refname)%00%(upstream:short)%00%(objectname)%00%(upstream:track)%00%(upstream:remotename)%00%(upstream:remoteref) refs/heads/main refs/remotes/main [2ms]
2025-08-08 00:38:43.839 [info] > git for-each-ref --sort -committerdate --format %(refname)%00%(objectname)%00%(*objectname) [3ms]
2025-08-08 00:38:43.842 [info] > git status -z -uall [15ms]
2025-08-08 00:38:48.865 [info] > git config --get commit.template [10ms]
2025-08-08 00:38:48.866 [info] > git for-each-ref --format=%(refname)%00%(upstream:short)%00%(objectname)%00%(upstream:track)%00%(upstream:remotename)%00%(upstream:remoteref) refs/heads/main refs/remotes/main [2ms]
2025-08-08 00:38:48.885 [info] > git for-each-ref --sort -committerdate --format %(refname)%00%(objectname)%00%(*objectname) [2ms]
2025-08-08 00:38:48.888 [info] > git status -z -uall [14ms]
2025-08-08 00:42:16.786 [info] > git fetch [324ms]
2025-08-08 00:42:16.809 [info] > git config --get commit.template [10ms]
2025-08-08 00:42:16.810 [info] > git for-each-ref --format=%(refname)%00%(upstream:short)%00%(objectname)%00%(upstream:track)%00%(upstream:remotename)%00%(upstream:remoteref) refs/heads/main refs/remotes/main [2ms]
2025-08-08 00:42:16.836 [info] > git for-each-ref --sort -committerdate --format %(refname)%00%(objectname)%00%(*objectname) [4ms]
2025-08-08 00:42:16.836 [info] > git status -z -uall [14ms]
2025-08-08 00:42:17.169 [info] > git show --textconv :src/components/ui/icons/icons.ts [15ms]
2025-08-08 00:42:17.171 [info] > git ls-files --stage -- src/components/ui/icons/icons.ts [4ms]
2025-08-08 00:42:17.186 [info] > git cat-file -s 4d8da5dfc3ea0ca53c34f9b9e9a55446fbdcd0c3 [3ms]
2025-08-08 00:42:18.077 [info] > git config --get commit.template [2ms]
2025-08-08 00:42:18.090 [info] > git for-each-ref --format=%(refname)%00%(upstream:short)%00%(objectname)%00%(upstream:track)%00%(upstream:remotename)%00%(upstream:remoteref) refs/heads/main refs/remotes/main [2ms]
2025-08-08 00:42:18.114 [info] > git for-each-ref --sort -committerdate --format %(refname)%00%(objectname)%00%(*objectname) [2ms]
2025-08-08 00:42:18.115 [info] > git status -z -uall [13ms]
2025-08-08 00:42:18.419 [info] > git ls-files --stage -- src/components/ui/icons/icons.ts [2ms]
2025-08-08 00:42:18.431 [info] > git cat-file -s 4d8da5dfc3ea0ca53c34f9b9e9a55446fbdcd0c3 [2ms]
2025-08-08 00:42:18.776 [info] > git show --textconv :src/components/ui/icons/icons.ts [3ms]
2025-08-08 00:42:38.479 [info] > git config --get commit.template [14ms]
2025-08-08 00:42:38.480 [info] > git for-each-ref --format=%(refname)%00%(upstream:short)%00%(objectname)%00%(upstream:track)%00%(upstream:remotename)%00%(upstream:remoteref) refs/heads/main refs/remotes/main [2ms]
2025-08-08 00:42:38.562 [info] > git status -z -uall [70ms]
2025-08-08 00:42:38.564 [info] > git for-each-ref --sort -committerdate --format %(refname)%00%(objectname)%00%(*objectname) [4ms]
2025-08-08 00:42:43.588 [info] > git config --get commit.template [10ms]
2025-08-08 00:42:43.590 [info] > git for-each-ref --format=%(refname)%00%(upstream:short)%00%(objectname)%00%(upstream:track)%00%(upstream:remotename)%00%(upstream:remoteref) refs/heads/main refs/remotes/main [2ms]
2025-08-08 00:42:43.612 [info] > git for-each-ref --sort -committerdate --format %(refname)%00%(objectname)%00%(*objectname) [3ms]
2025-08-08 00:42:43.614 [info] > git status -z -uall [14ms]
2025-08-08 00:43:28.408 [info] > git config --get commit.template [12ms]
2025-08-08 00:43:28.410 [info] > git for-each-ref --format=%(refname)%00%(upstream:short)%00%(objectname)%00%(upstream:track)%00%(upstream:remotename)%00%(upstream:remoteref) refs/heads/main refs/remotes/main [3ms]
2025-08-08 00:43:28.434 [info] > git status -z -uall [14ms]
2025-08-08 00:43:28.434 [info] > git for-each-ref --sort -committerdate --format %(refname)%00%(objectname)%00%(*objectname) [3ms]
2025-08-08 00:43:33.602 [info] > git config --get commit.template [10ms]
2025-08-08 00:43:33.604 [info] > git for-each-ref --format=%(refname)%00%(upstream:short)%00%(objectname)%00%(upstream:track)%00%(upstream:remotename)%00%(upstream:remoteref) refs/heads/main refs/remotes/main [3ms]
2025-08-08 00:43:33.626 [info] > git for-each-ref --sort -committerdate --format %(refname)%00%(objectname)%00%(*objectname) [3ms]
2025-08-08 00:43:33.626 [info] > git status -z -uall [14ms]
2025-08-08 00:43:48.366 [info] > git show --textconv :src/components/ui/icons/Icon.astro [13ms]
2025-08-08 00:43:48.367 [info] > git ls-files --stage -- src/components/ui/icons/Icon.astro [3ms]
2025-08-08 00:43:48.381 [info] > git cat-file -s 67a96541a0ca20634afbe6121befbe7f5aa02c76 [2ms]
2025-08-08 00:43:54.147 [info] > git show --textconv :src/components/sections/landing/HeroSection.astro [9ms]
2025-08-08 00:43:54.148 [info] > git ls-files --stage -- src/components/sections/landing/HeroSection.astro [2ms]
2025-08-08 00:43:54.158 [info] > git cat-file -s 651d4ec772e9f1908a9a04cbe4abb909827b9701 [2ms]
2025-08-08 00:44:05.132 [info] > git config --get commit.template [15ms]
2025-08-08 00:44:05.135 [info] > git for-each-ref --format=%(refname)%00%(upstream:short)%00%(objectname)%00%(upstream:track)%00%(upstream:remotename)%00%(upstream:remoteref) refs/heads/main refs/remotes/main [4ms]
2025-08-08 00:44:05.166 [info] > git for-each-ref --sort -committerdate --format %(refname)%00%(objectname)%00%(*objectname) [4ms]
2025-08-08 00:44:05.169 [info] > git status -z -uall [20ms]
2025-08-08 00:44:12.051 [info] > git show --textconv :src/components/ui/icons/Icon.astro [12ms]
2025-08-08 00:44:12.051 [info] > git ls-files --stage -- src/components/ui/icons/Icon.astro [3ms]
2025-08-08 00:44:12.063 [info] > git cat-file -s 67a96541a0ca20634afbe6121befbe7f5aa02c76 [2ms]
2025-08-08 00:44:27.437 [info] > git config --get commit.template [3ms]
2025-08-08 00:44:27.447 [info] > git for-each-ref --format=%(refname)%00%(upstream:short)%00%(objectname)%00%(upstream:track)%00%(upstream:remotename)%00%(upstream:remoteref) refs/heads/main refs/remotes/main [2ms]
2025-08-08 00:44:27.468 [info] > git for-each-ref --sort -committerdate --format %(refname)%00%(objectname)%00%(*objectname) [3ms]
2025-08-08 00:44:27.470 [info] > git status -z -uall [14ms]
2025-08-08 00:44:32.496 [info] > git config --get commit.template [12ms]
2025-08-08 00:44:32.498 [info] > git for-each-ref --format=%(refname)%00%(upstream:short)%00%(objectname)%00%(upstream:track)%00%(upstream:remotename)%00%(upstream:remoteref) refs/heads/main refs/remotes/main [3ms]
2025-08-08 00:44:32.521 [info] > git for-each-ref --sort -committerdate --format %(refname)%00%(objectname)%00%(*objectname) [3ms]
2025-08-08 00:44:32.523 [info] > git status -z -uall [15ms]
2025-08-08 00:45:17.194 [info] > git fetch [342ms]
2025-08-08 00:45:17.223 [info] > git config --get commit.template [15ms]
2025-08-08 00:45:17.225 [info] > git for-each-ref --format=%(refname)%00%(upstream:short)%00%(objectname)%00%(upstream:track)%00%(upstream:remotename)%00%(upstream:remoteref) refs/heads/main refs/remotes/main [3ms]
2025-08-08 00:45:17.253 [info] > git status -z -uall [16ms]
2025-08-08 00:45:17.256 [info] > git for-each-ref --sort -committerdate --format %(refname)%00%(objectname)%00%(*objectname) [4ms]
2025-08-08 00:45:18.507 [info] > git config --get commit.template [11ms]
2025-08-08 00:45:18.509 [info] > git for-each-ref --format=%(refname)%00%(upstream:short)%00%(objectname)%00%(upstream:track)%00%(upstream:remotename)%00%(upstream:remoteref) refs/heads/main refs/remotes/main [3ms]
2025-08-08 00:45:18.534 [info] > git for-each-ref --sort -committerdate --format %(refname)%00%(objectname)%00%(*objectname) [3ms]
2025-08-08 00:45:18.535 [info] > git status -z -uall [14ms]
2025-08-08 00:45:18.854 [info] > git ls-files --stage -- src/components/ui/icons/Icon.astro [2ms]
2025-08-08 00:45:18.865 [info] > git cat-file -s 67a96541a0ca20634afbe6121befbe7f5aa02c76 [2ms]
2025-08-08 00:45:19.076 [info] > git show --textconv :src/components/ui/icons/Icon.astro [2ms]
2025-08-08 00:45:37.563 [info] > git config --get commit.template [24ms]
2025-08-08 00:45:37.565 [info] > git for-each-ref --format=%(refname)%00%(upstream:short)%00%(objectname)%00%(upstream:track)%00%(upstream:remotename)%00%(upstream:remoteref) refs/heads/main refs/remotes/main [2ms]
2025-08-08 00:45:37.587 [info] > git for-each-ref --sort -committerdate --format %(refname)%00%(objectname)%00%(*objectname) [3ms]
2025-08-08 00:45:37.589 [info] > git status -z -uall [14ms]
2025-08-08 00:45:42.615 [info] > git config --get commit.template [12ms]
2025-08-08 00:45:42.615 [info] > git for-each-ref --format=%(refname)%00%(upstream:short)%00%(objectname)%00%(upstream:track)%00%(upstream:remotename)%00%(upstream:remoteref) refs/heads/main refs/remotes/main [2ms]
2025-08-08 00:45:42.639 [info] > git for-each-ref --sort -committerdate --format %(refname)%00%(objectname)%00%(*objectname) [3ms]
2025-08-08 00:45:42.640 [info] > git status -z -uall [14ms]
2025-08-08 00:45:47.666 [info] > git config --get commit.template [12ms]
2025-08-08 00:45:47.668 [info] > git for-each-ref --format=%(refname)%00%(upstream:short)%00%(objectname)%00%(upstream:track)%00%(upstream:remotename)%00%(upstream:remoteref) refs/heads/main refs/remotes/main [3ms]
2025-08-08 00:45:47.694 [info] > git for-each-ref --sort -committerdate --format %(refname)%00%(objectname)%00%(*objectname) [3ms]
2025-08-08 00:45:47.695 [info] > git status -z -uall [16ms]
2025-08-08 00:45:52.718 [info] > git config --get commit.template [10ms]
2025-08-08 00:45:52.719 [info] > git for-each-ref --format=%(refname)%00%(upstream:short)%00%(objectname)%00%(upstream:track)%00%(upstream:remotename)%00%(upstream:remoteref) refs/heads/main refs/remotes/main [2ms]
2025-08-08 00:45:52.741 [info] > git for-each-ref --sort -committerdate --format %(refname)%00%(objectname)%00%(*objectname) [3ms]
2025-08-08 00:45:52.744 [info] > git status -z -uall [15ms]
