2025-08-10 13:33:57.719 [info] Log level: Info
2025-08-10 13:33:58.058 [info] VSCODE_MACHINE_ID: 10d3d877-fe56-442f-a117-f9035039c6e9
2025-08-10 13:33:58.058 [info] VSCODE_SESSION_ID: 29343718-b376-4859-9e48-a9aa38099ea61754832829116
2025-08-10 13:33:58.058 [info] VSCODE_VERSION: 1.102.3
2025-08-10 13:33:58.058 [info] VSCODE_APP_NAME: Gitpod Code
2025-08-10 13:33:58.058 [info] VSCODE_APP_HOST: Gitpod
2025-08-10 13:33:58.058 [info] VSCODE_UI_KIND: web
2025-08-10 13:33:58.058 [info] GITPOD_WORKSPACE_CONTEXT_URL: https://github.com/Abdallah-Develop/Website-starter
2025-08-10 13:33:58.058 [info] GITPOD_INSTANCE_ID: ca23dfbd-9ee2-47a7-b45d-42083e4f2a87
2025-08-10 13:33:58.058 [info] GITPOD_WORKSPACE_URL: https://abdallahdev-websitestar-esjdme0laxn.ws-eu120.gitpod.io
2025-08-10 13:33:58.065 [info] Gitpod Web 3953e81
2025-08-10 13:33:58.065 [info] Reading sessions from keychain...
2025-08-10 13:33:59.472 [info] Got stored sessions!
2025-08-10 13:33:59.472 [info] Verified session with the following scopes: function:accessCodeSyncStorage function:closePort function:controlAdmission function:deleteEnvVar function:generateNewGitpodToken function:getDefaultWorkspaceImage function:getGitpodTokenScopes function:getIDToken function:getLoggedInUser function:getOpenPorts function:getSupportedWorkspaceClasses function:getTeams function:getToken function:getWorkspace function:getWorkspaceEnvVars function:getWorkspaceOwner function:getWorkspaceTimeout function:getWorkspaceUsers function:guessGitTokenScopes function:isWorkspaceOwner function:openPort function:sendHeartBeat function:setEnvVar function:setWorkspaceTimeout function:stopWorkspace function:takeSnapshot function:trackEvent function:updateGitStatus function:waitForSnapshot resource:contentBlob::*::create/get resource:envVar::*/**::update resource:envVar::*/*::update resource:envVar::Abdallah-Develop/Website-starter::create/get/update/delete resource:gitpodToken::*::create resource:snapshot::ws-abdallahdev-websitestar-esjdme0laxn::create resource:token::*::get resource:userStorage::*::create/get/update resource:workspace::abdallahdev-websitestar-esjdme0laxn::get/update resource:workspaceInstance::ca23dfbd-9ee2-47a7-b45d-42083e4f2a87::get/update/delete
2025-08-10 13:33:59.472 [info] Got 1 verified sessions.
2025-08-10 13:33:59.472 [info] Getting sessions for all scopes...
2025-08-10 13:33:59.472 [info] Getting GitHub sessions for all scopes...
2025-08-10 13:33:59.472 [info] Got 1 sessions for all scopes...
2025-08-10 13:33:59.472 [info] Getting sessions for all scopes...
2025-08-10 13:33:59.472 [info] Got 1 sessions for all scopes...
2025-08-10 13:33:59.472 [info] Getting sessions for all scopes...
2025-08-10 13:33:59.472 [info] Got 1 sessions for all scopes...
2025-08-10 13:34:02.017 [info] Got 1 GitHub sessions for all scopes...
2025-08-10 13:34:02.647 [info] Getting sessions for all scopes...
2025-08-10 13:34:02.648 [info] Getting GitHub sessions for all scopes...
2025-08-10 13:34:02.648 [info] Got 1 sessions for all scopes...
2025-08-10 13:34:02.648 [info] Got 1 GitHub sessions for all scopes...
2025-08-10 13:34:02.826 [info] Getting GitHub sessions for all scopes...
2025-08-10 13:34:02.826 [info] Getting sessions for all scopes...
2025-08-10 13:34:02.826 [info] Got 1 GitHub sessions for all scopes...
2025-08-10 13:34:02.826 [info] Got 1 sessions for all scopes...
2025-08-10 13:34:02.826 [info] Getting GitHub sessions for all scopes...
2025-08-10 13:34:02.826 [info] Got 1 GitHub sessions for all scopes...
2025-08-10 13:34:07.881 [info] Getting GitHub sessions for all scopes...
2025-08-10 13:34:07.881 [info] Got 1 GitHub sessions for all scopes...
2025-08-10 13:34:08.606 [info] Getting sessions for all scopes...
2025-08-10 13:34:08.606 [info] Getting GitHub sessions for all scopes...
2025-08-10 13:34:08.606 [info] Got 1 sessions for all scopes...
2025-08-10 13:34:08.607 [info] Got 1 GitHub sessions for all scopes...
2025-08-10 13:34:11.008 [info] Getting GitHub sessions for read:user,repo,user:email,workflow...
2025-08-10 13:34:11.009 [info] Got 0 GitHub sessions for read:user,repo,user:email,workflow...
2025-08-10 13:34:12.207 [info] Getting GitHub sessions for project,read:org,read:user,repo,user:email,workflow...
2025-08-10 13:34:12.207 [info] Got 0 GitHub sessions for project,read:org,read:user,repo,user:email,workflow...
2025-08-10 13:34:12.340 [info] Getting sessions for all scopes...
2025-08-10 13:34:12.340 [info] Getting GitHub sessions for all scopes...
2025-08-10 13:34:12.340 [info] Got 1 sessions for all scopes...
2025-08-10 13:34:12.340 [info] Got 1 GitHub sessions for all scopes...
2025-08-10 13:34:12.604 [info] Getting sessions for all scopes...
2025-08-10 13:34:12.604 [info] Getting GitHub sessions for all scopes...
2025-08-10 13:34:12.604 [info] Got 1 sessions for all scopes...
2025-08-10 13:34:12.604 [info] Got 1 GitHub sessions for all scopes...
2025-08-10 13:34:13.046 [info] Getting sessions for all scopes...
2025-08-10 13:34:13.047 [info] Getting GitHub sessions for all scopes...
2025-08-10 13:34:13.047 [info] Got 1 sessions for all scopes...
2025-08-10 13:34:13.047 [info] Got 1 GitHub sessions for all scopes...
2025-08-10 13:34:13.186 [info] Getting GitHub sessions for read:user,repo,user:email,workflow...
2025-08-10 13:34:13.186 [info] Got 0 GitHub sessions for read:user,repo,user:email,workflow...
2025-08-10 13:34:13.394 [info] Getting sessions for all scopes...
2025-08-10 13:34:13.394 [info] Getting GitHub sessions for all scopes...
2025-08-10 13:34:13.394 [info] Got 1 sessions for all scopes...
2025-08-10 13:34:13.394 [info] Got 1 GitHub sessions for all scopes...
2025-08-10 13:34:13.439 [info] Getting sessions for all scopes...
2025-08-10 13:34:13.439 [info] Getting GitHub sessions for all scopes...
2025-08-10 13:34:13.439 [info] Got 1 sessions for all scopes...
2025-08-10 13:34:13.439 [info] Got 1 GitHub sessions for all scopes...
2025-08-10 13:34:13.699 [info] Getting sessions for all scopes...
2025-08-10 13:34:13.699 [info] Getting GitHub sessions for all scopes...
2025-08-10 13:34:13.699 [info] Got 1 sessions for all scopes...
2025-08-10 13:34:13.699 [info] Got 1 GitHub sessions for all scopes...
2025-08-10 13:34:13.896 [info] Getting sessions for all scopes...
2025-08-10 13:34:13.896 [info] Getting GitHub sessions for all scopes...
2025-08-10 13:34:13.896 [info] Got 1 sessions for all scopes...
2025-08-10 13:34:13.896 [info] Got 1 GitHub sessions for all scopes...
2025-08-10 13:34:13.897 [info] Getting sessions for all scopes...
2025-08-10 13:34:13.897 [info] Getting GitHub sessions for all scopes...
2025-08-10 13:34:13.897 [info] Got 1 sessions for all scopes...
2025-08-10 13:34:13.897 [info] Got 1 GitHub sessions for all scopes...
2025-08-10 13:34:13.897 [info] Getting sessions for all scopes...
2025-08-10 13:34:13.897 [info] Getting GitHub sessions for all scopes...
2025-08-10 13:34:13.897 [info] Got 1 sessions for all scopes...
2025-08-10 13:34:13.897 [info] Got 1 GitHub sessions for all scopes...
2025-08-10 13:34:14.064 [info] Getting GitHub sessions for read:user,repo,user:email...
2025-08-10 13:34:14.064 [info] Got 0 GitHub sessions for read:user,repo,user:email...
2025-08-10 13:34:14.474 [info] Getting GitHub sessions for read:user,repo,user:email,workflow...
2025-08-10 13:34:14.474 [info] Got 0 GitHub sessions for read:user,repo,user:email,workflow...
2025-08-10 13:34:17.716 [info] Getting sessions for all scopes...
2025-08-10 13:34:17.716 [info] Getting GitHub sessions for all scopes...
2025-08-10 13:34:17.716 [info] Got 1 sessions for all scopes...
2025-08-10 13:34:17.716 [info] Got 1 GitHub sessions for all scopes...
2025-08-10 13:34:17.882 [info] Getting sessions for all scopes...
2025-08-10 13:34:17.882 [info] Getting GitHub sessions for all scopes...
2025-08-10 13:34:17.882 [info] Got 1 sessions for all scopes...
2025-08-10 13:34:17.882 [info] Got 1 GitHub sessions for all scopes...
