2025-08-08 09:23:39.833 [info] Log level: Info
2025-08-08 09:23:39.955 [info] VSCODE_MACHINE_ID: 10d3d877-fe56-442f-a117-f9035039c6e9
2025-08-08 09:23:39.955 [info] VSCODE_SESSION_ID: 1a667e1d-9022-4f3d-a350-f0414b6e7c041754645011549
2025-08-08 09:23:39.955 [info] VSCODE_VERSION: 1.102.3
2025-08-08 09:23:39.955 [info] VSCODE_APP_NAME: Gitpod Code
2025-08-08 09:23:39.955 [info] VSCODE_APP_HOST: Gitpod
2025-08-08 09:23:39.955 [info] VSCODE_UI_KIND: web
2025-08-08 09:23:39.955 [info] GITPOD_WORKSPACE_CONTEXT_URL: https://github.com/Abdallah-Develop/Website-starter
2025-08-08 09:23:39.955 [info] GITPOD_INSTANCE_ID: 6e8c512a-59d9-465c-b77d-9c6a17f57fce
2025-08-08 09:23:39.955 [info] GITPOD_WORKSPACE_URL: https://abdallahdev-websitestar-esjdme0laxn.ws-eu120.gitpod.io
2025-08-08 09:23:39.962 [info] Gitpod Web 3953e81
2025-08-08 09:23:39.962 [info] Reading sessions from keychain...
2025-08-08 09:23:41.733 [info] Got stored sessions!
2025-08-08 09:23:41.733 [info] Verified session with the following scopes: function:accessCodeSyncStorage function:closePort function:controlAdmission function:deleteEnvVar function:generateNewGitpodToken function:getDefaultWorkspaceImage function:getGitpodTokenScopes function:getIDToken function:getLoggedInUser function:getOpenPorts function:getSupportedWorkspaceClasses function:getTeams function:getToken function:getWorkspace function:getWorkspaceEnvVars function:getWorkspaceOwner function:getWorkspaceTimeout function:getWorkspaceUsers function:guessGitTokenScopes function:isWorkspaceOwner function:openPort function:sendHeartBeat function:setEnvVar function:setWorkspaceTimeout function:stopWorkspace function:takeSnapshot function:trackEvent function:updateGitStatus function:waitForSnapshot resource:contentBlob::*::create/get resource:envVar::*/**::update resource:envVar::*/*::update resource:envVar::Abdallah-Develop/Website-starter::create/get/update/delete resource:gitpodToken::*::create resource:snapshot::ws-abdallahdev-websitestar-esjdme0laxn::create resource:token::*::get resource:userStorage::*::create/get/update resource:workspace::abdallahdev-websitestar-esjdme0laxn::get/update resource:workspaceInstance::6e8c512a-59d9-465c-b77d-9c6a17f57fce::get/update/delete
2025-08-08 09:23:41.733 [info] Got 1 verified sessions.
2025-08-08 09:23:41.733 [info] Getting sessions for all scopes...
2025-08-08 09:23:41.733 [info] Getting GitHub sessions for all scopes...
2025-08-08 09:23:41.733 [info] Got 1 sessions for all scopes...
2025-08-08 09:23:41.734 [info] Getting sessions for all scopes...
2025-08-08 09:23:41.734 [info] Got 1 sessions for all scopes...
2025-08-08 09:23:41.734 [info] Getting sessions for all scopes...
2025-08-08 09:23:41.734 [info] Got 1 sessions for all scopes...
2025-08-08 09:23:41.972 [info] Got 1 GitHub sessions for all scopes...
2025-08-08 09:23:42.695 [info] Getting GitHub sessions for all scopes...
2025-08-08 09:23:42.695 [info] Getting sessions for all scopes...
2025-08-08 09:23:42.695 [info] Got 1 GitHub sessions for all scopes...
2025-08-08 09:23:42.695 [info] Got 1 sessions for all scopes...
2025-08-08 09:23:42.695 [info] Getting GitHub sessions for all scopes...
2025-08-08 09:23:42.695 [info] Got 1 GitHub sessions for all scopes...
2025-08-08 09:23:42.696 [info] Getting GitHub sessions for read:user,repo,user:email,workflow...
2025-08-08 09:23:42.696 [info] Got 0 GitHub sessions for read:user,repo,user:email,workflow...
2025-08-08 09:23:43.516 [info] Getting GitHub sessions for all scopes...
2025-08-08 09:23:43.516 [info] Got 1 GitHub sessions for all scopes...
2025-08-08 09:23:43.880 [info] Getting sessions for all scopes...
2025-08-08 09:23:43.880 [info] Getting GitHub sessions for all scopes...
2025-08-08 09:23:43.880 [info] Got 1 sessions for all scopes...
2025-08-08 09:23:43.880 [info] Got 1 GitHub sessions for all scopes...
2025-08-08 09:23:44.089 [info] Getting sessions for all scopes...
2025-08-08 09:23:44.089 [info] Getting GitHub sessions for all scopes...
2025-08-08 09:23:44.089 [info] Got 1 sessions for all scopes...
2025-08-08 09:23:44.089 [info] Got 1 GitHub sessions for all scopes...
2025-08-08 09:23:44.304 [info] Getting GitHub sessions for project,read:org,read:user,repo,user:email,workflow...
2025-08-08 09:23:44.304 [info] Got 0 GitHub sessions for project,read:org,read:user,repo,user:email,workflow...
2025-08-08 09:23:44.766 [info] Getting GitHub sessions for read:user,repo,user:email,workflow...
2025-08-08 09:23:44.766 [info] Got 0 GitHub sessions for read:user,repo,user:email,workflow...
2025-08-08 09:23:45.006 [info] Getting sessions for function:accessCodeSyncStorage...
2025-08-08 09:23:45.006 [info] Got 1 sessions for function:accessCodeSyncStorage...
2025-08-08 09:23:45.176 [info] Getting GitHub sessions for read:user,repo,user:email...
2025-08-08 09:23:45.176 [info] Got 0 GitHub sessions for read:user,repo,user:email...
2025-08-08 09:23:45.778 [info] Getting sessions for all scopes...
2025-08-08 09:23:45.778 [info] Getting GitHub sessions for all scopes...
2025-08-08 09:23:45.778 [info] Got 1 sessions for all scopes...
2025-08-08 09:23:45.778 [info] Got 1 GitHub sessions for all scopes...
2025-08-08 09:23:45.919 [info] Getting sessions for all scopes...
2025-08-08 09:23:45.919 [info] Getting GitHub sessions for all scopes...
2025-08-08 09:23:45.919 [info] Got 1 sessions for all scopes...
2025-08-08 09:23:45.919 [info] Got 1 GitHub sessions for all scopes...
2025-08-08 09:23:46.100 [info] Getting GitHub sessions for read:user,repo,user:email,workflow...
2025-08-08 09:23:46.100 [info] Got 0 GitHub sessions for read:user,repo,user:email,workflow...
2025-08-08 09:23:46.726 [info] Getting sessions for all scopes...
2025-08-08 09:23:46.726 [info] Getting GitHub sessions for all scopes...
2025-08-08 09:23:46.726 [info] Got 1 sessions for all scopes...
2025-08-08 09:23:46.726 [info] Got 1 GitHub sessions for all scopes...
2025-08-08 09:23:46.921 [info] Getting sessions for all scopes...
2025-08-08 09:23:46.921 [info] Getting GitHub sessions for all scopes...
2025-08-08 09:23:46.921 [info] Got 1 sessions for all scopes...
2025-08-08 09:23:46.921 [info] Got 1 GitHub sessions for all scopes...
2025-08-08 09:23:47.397 [info] Getting sessions for all scopes...
2025-08-08 09:23:47.397 [info] Getting GitHub sessions for all scopes...
2025-08-08 09:23:47.397 [info] Got 1 sessions for all scopes...
2025-08-08 09:23:47.397 [info] Got 1 GitHub sessions for all scopes...
2025-08-08 09:23:47.558 [info] Getting sessions for all scopes...
2025-08-08 09:23:47.558 [info] Getting GitHub sessions for all scopes...
2025-08-08 09:23:47.558 [info] Got 1 sessions for all scopes...
2025-08-08 09:23:47.558 [info] Got 1 GitHub sessions for all scopes...
2025-08-08 09:23:48.883 [info] Getting sessions for all scopes...
2025-08-08 09:23:48.883 [info] Getting GitHub sessions for all scopes...
2025-08-08 09:23:48.883 [info] Got 1 sessions for all scopes...
2025-08-08 09:23:48.883 [info] Got 1 GitHub sessions for all scopes...
2025-08-08 09:23:48.981 [info] Getting sessions for all scopes...
2025-08-08 09:23:48.981 [info] Getting GitHub sessions for all scopes...
2025-08-08 09:23:48.981 [info] Got 1 sessions for all scopes...
2025-08-08 09:23:48.981 [info] Got 1 GitHub sessions for all scopes...
2025-08-08 09:23:49.235 [info] Getting sessions for all scopes...
2025-08-08 09:23:49.235 [info] Getting GitHub sessions for all scopes...
2025-08-08 09:23:49.235 [info] Got 1 sessions for all scopes...
2025-08-08 09:23:49.235 [info] Got 1 GitHub sessions for all scopes...
2025-08-08 09:23:49.282 [info] Getting sessions for all scopes...
2025-08-08 09:23:49.282 [info] Getting GitHub sessions for all scopes...
2025-08-08 09:23:49.282 [info] Got 1 sessions for all scopes...
2025-08-08 09:23:49.282 [info] Got 1 GitHub sessions for all scopes...
2025-08-08 09:23:49.282 [info] Getting sessions for all scopes...
2025-08-08 09:23:49.282 [info] Getting GitHub sessions for all scopes...
2025-08-08 09:23:49.282 [info] Got 1 sessions for all scopes...
2025-08-08 09:23:49.282 [info] Got 1 GitHub sessions for all scopes...
2025-08-08 09:45:28.869 [info] Getting sessions for all scopes...
2025-08-08 09:45:28.871 [info] Getting GitHub sessions for all scopes...
2025-08-08 09:45:28.871 [info] Got 1 sessions for all scopes...
2025-08-08 09:45:28.871 [info] Got 1 GitHub sessions for all scopes...
2025-08-08 09:45:28.949 [info] Getting sessions for all scopes...
2025-08-08 09:45:28.949 [info] Getting GitHub sessions for all scopes...
2025-08-08 09:45:28.949 [info] Got 1 sessions for all scopes...
2025-08-08 09:45:28.949 [info] Got 1 GitHub sessions for all scopes...
