2025-08-08 21:29:36.995 [info] Extension host with pid 537 started
2025-08-08 21:29:36.995 [error] Error: EEXIST: file already exists, open '/workspace/.vscode-remote/data/User/workspaceStorage/1cafd87f/vscode.lock'
2025-08-08 21:29:36.995 [info] Lock '/workspace/.vscode-remote/data/User/workspaceStorage/1cafd87f/vscode.lock': Could not acquire lock, checking if the file is stale.
2025-08-08 21:29:36.995 [info] Lock '/workspace/.vscode-remote/data/User/workspaceStorage/1cafd87f/vscode.lock': The pid 4657 appears to be gone.
2025-08-08 21:29:36.996 [info] Lock '/workspace/.vscode-remote/data/User/workspaceStorage/1cafd87f/vscode.lock': Deleting a stale lock.
2025-08-08 21:29:37.006 [info] Lock '/workspace/.vscode-remote/data/User/workspaceStorage/1cafd87f/vscode.lock': Lock acquired.
2025-08-08 21:29:38.151 [info] ExtensionService#_doActivateExtension vscode.simple-browser, startup: false, activationEvent: 'onWebviewPanel:simpleBrowser.view'
2025-08-08 21:29:38.152 [info] ExtensionService#_doActivateExtension gitpod.gitpod-web, startup: false, activationEvent: 'onAuthenticationRequest:gitpod'
2025-08-08 21:29:38.152 [info] ExtensionService#_doActivateExtension astro-build.astro-vscode, startup: false, activationEvent: 'onLanguage:astro'
2025-08-08 21:29:38.152 [info] ExtensionService#_doActivateExtension vscode.emmet, startup: false, activationEvent: 'onLanguage'
2025-08-08 21:29:39.154 [info] ExtensionService#_doActivateExtension vscode.git-base, startup: true, activationEvent: '*', root cause: vscode.git
2025-08-08 21:29:39.158 [info] ExtensionService#_doActivateExtension vscode.npm, startup: true, activationEvent: 'workspaceContains:package.json'
2025-08-08 21:29:39.453 [info] ExtensionService#_doActivateExtension vscode.git, startup: true, activationEvent: '*'
2025-08-08 21:29:39.453 [info] ExtensionService#_doActivateExtension vscode.github, startup: true, activationEvent: '*'
2025-08-08 21:29:42.583 [info] ExtensionService#_doActivateExtension redhat.vscode-yaml, startup: false, activationEvent: 'onLanguage:yaml'
2025-08-08 21:29:42.890 [info] Eager extensions activated
2025-08-08 21:29:42.890 [info] ExtensionService#_doActivateExtension vscode.debug-auto-launch, startup: false, activationEvent: 'onStartupFinished'
2025-08-08 21:29:42.891 [info] ExtensionService#_doActivateExtension vscode.merge-conflict, startup: false, activationEvent: 'onStartupFinished'
2025-08-08 21:29:42.891 [info] ExtensionService#_doActivateExtension bradlc.vscode-tailwindcss, startup: false, activationEvent: 'onStartupFinished'
2025-08-08 21:29:42.891 [info] ExtensionService#_doActivateExtension Codeium.codeium, startup: false, activationEvent: 'onStartupFinished'
2025-08-08 21:29:42.891 [info] ExtensionService#_doActivateExtension esbenp.prettier-vscode, startup: false, activationEvent: 'onStartupFinished'
2025-08-08 21:29:42.891 [info] ExtensionService#_doActivateExtension vscode.github-authentication, startup: false, activationEvent: 'onStartupFinished', root cause: GitHub.vscode-pull-request-github
2025-08-08 21:29:42.892 [info] ExtensionService#_doActivateExtension PKief.material-icon-theme, startup: false, activationEvent: 'onStartupFinished'
2025-08-08 21:29:46.187 [info] ExtensionService#_doActivateExtension GitHub.vscode-pull-request-github, startup: false, activationEvent: 'onStartupFinished'
2025-08-08 21:29:46.900 [info] ExtensionService#_doActivateExtension vscode.configuration-editing, startup: false, activationEvent: 'onLanguage:jsonc'
2025-08-08 21:29:46.900 [info] ExtensionService#_doActivateExtension vscode.json-language-features, startup: false, activationEvent: 'onLanguage:jsonc'
2025-08-08 21:29:46.900 [info] ExtensionService#_doActivateExtension vscode.typescript-language-features, startup: false, activationEvent: 'onLanguage:jsonc'
2025-08-08 21:29:47.502 [warning] [redhat.vscode-yaml] Accessing a resource scoped configuration without providing a resource is not expected. To get the effective value for '[yaml]', provide the URI of a resource or 'null' for any resource.
2025-08-08 21:29:47.504 [warning] [redhat.vscode-yaml] Accessing a resource scoped configuration without providing a resource is not expected. To get the effective value for '[yaml]', provide the URI of a resource or 'null' for any resource.
2025-08-08 21:29:49.607 [info] ExtensionService#_doActivateExtension vscode.extension-editing, startup: false, activationEvent: 'onLanguage:json'
2025-08-08 22:27:45.833 [info] ExtensionService#_doActivateExtension vscode.css-language-features, startup: false, activationEvent: 'onLanguage:css'
2025-08-08 23:37:41.416 [info] Extension host terminating: renderer disconnected for too long (2)
2025-08-08 23:37:41.424 [info] Lock '/workspace/.vscode-remote/data/User/workspaceStorage/1cafd87f/vscode.lock': Marking the lockfile as scheduled to be released in 6000 ms.
2025-08-08 23:37:41.456 [error] ProxyResolver#resolveProxy undefined Canceled: Canceled
	at el (file:///ide/out/vs/workbench/api/node/extensionHostProcess.js:7:1556)
	at file:///ide/out/vs/workbench/api/node/extensionHostProcess.js:29:138942
	at Array.forEach (<anonymous>)
	at cS.dispose (file:///ide/out/vs/workbench/api/node/extensionHostProcess.js:29:138848)
	at KG.terminate (file:///ide/out/vs/workbench/api/node/extensionHostProcess.js:117:12333)
	at Y8.terminate (file:///ide/out/vs/workbench/api/node/extensionHostProcess.js:119:1082)
	at us (file:///ide/out/vs/workbench/api/node/extensionHostProcess.js:356:10566)
	at cE.runner (file:///ide/out/vs/workbench/api/node/extensionHostProcess.js:356:7378)
	at cE.onInterval (file:///ide/out/vs/workbench/api/node/extensionHostProcess.js:28:78950)
	at listOnTimeout (node:internal/timers:588:17)
	at process.processTimers (node:internal/timers:523:7) 
2025-08-08 23:37:41.456 [error] ProxyResolver#resolveProxy undefined Canceled: Canceled
	at el (file:///ide/out/vs/workbench/api/node/extensionHostProcess.js:7:1556)
	at file:///ide/out/vs/workbench/api/node/extensionHostProcess.js:29:138942
	at Array.forEach (<anonymous>)
	at cS.dispose (file:///ide/out/vs/workbench/api/node/extensionHostProcess.js:29:138848)
	at KG.terminate (file:///ide/out/vs/workbench/api/node/extensionHostProcess.js:117:12333)
	at Y8.terminate (file:///ide/out/vs/workbench/api/node/extensionHostProcess.js:119:1082)
	at us (file:///ide/out/vs/workbench/api/node/extensionHostProcess.js:356:10566)
	at cE.runner (file:///ide/out/vs/workbench/api/node/extensionHostProcess.js:356:7378)
	at cE.onInterval (file:///ide/out/vs/workbench/api/node/extensionHostProcess.js:28:78950)
	at listOnTimeout (node:internal/timers:588:17)
	at process.processTimers (node:internal/timers:523:7) 
2025-08-08 23:37:41.456 [error] ProxyResolver#resolveProxy undefined Canceled: Canceled
	at el (file:///ide/out/vs/workbench/api/node/extensionHostProcess.js:7:1556)
	at file:///ide/out/vs/workbench/api/node/extensionHostProcess.js:29:138942
	at Array.forEach (<anonymous>)
	at cS.dispose (file:///ide/out/vs/workbench/api/node/extensionHostProcess.js:29:138848)
	at KG.terminate (file:///ide/out/vs/workbench/api/node/extensionHostProcess.js:117:12333)
	at Y8.terminate (file:///ide/out/vs/workbench/api/node/extensionHostProcess.js:119:1082)
	at us (file:///ide/out/vs/workbench/api/node/extensionHostProcess.js:356:10566)
	at cE.runner (file:///ide/out/vs/workbench/api/node/extensionHostProcess.js:356:7378)
	at cE.onInterval (file:///ide/out/vs/workbench/api/node/extensionHostProcess.js:28:78950)
	at listOnTimeout (node:internal/timers:588:17)
	at process.processTimers (node:internal/timers:523:7) 
2025-08-08 23:37:41.456 [error] ProxyResolver#resolveProxy undefined Canceled: Canceled
	at el (file:///ide/out/vs/workbench/api/node/extensionHostProcess.js:7:1556)
	at file:///ide/out/vs/workbench/api/node/extensionHostProcess.js:29:138942
	at Array.forEach (<anonymous>)
	at cS.dispose (file:///ide/out/vs/workbench/api/node/extensionHostProcess.js:29:138848)
	at KG.terminate (file:///ide/out/vs/workbench/api/node/extensionHostProcess.js:117:12333)
	at Y8.terminate (file:///ide/out/vs/workbench/api/node/extensionHostProcess.js:119:1082)
	at us (file:///ide/out/vs/workbench/api/node/extensionHostProcess.js:356:10566)
	at cE.runner (file:///ide/out/vs/workbench/api/node/extensionHostProcess.js:356:7378)
	at cE.onInterval (file:///ide/out/vs/workbench/api/node/extensionHostProcess.js:28:78950)
	at listOnTimeout (node:internal/timers:588:17)
	at process.processTimers (node:internal/timers:523:7) 
2025-08-08 23:37:41.456 [error] ProxyResolver#resolveProxy undefined Canceled: Canceled
	at el (file:///ide/out/vs/workbench/api/node/extensionHostProcess.js:7:1556)
	at file:///ide/out/vs/workbench/api/node/extensionHostProcess.js:29:138942
	at Array.forEach (<anonymous>)
	at cS.dispose (file:///ide/out/vs/workbench/api/node/extensionHostProcess.js:29:138848)
	at KG.terminate (file:///ide/out/vs/workbench/api/node/extensionHostProcess.js:117:12333)
	at Y8.terminate (file:///ide/out/vs/workbench/api/node/extensionHostProcess.js:119:1082)
	at us (file:///ide/out/vs/workbench/api/node/extensionHostProcess.js:356:10566)
	at cE.runner (file:///ide/out/vs/workbench/api/node/extensionHostProcess.js:356:7378)
	at cE.onInterval (file:///ide/out/vs/workbench/api/node/extensionHostProcess.js:28:78950)
	at listOnTimeout (node:internal/timers:588:17)
	at process.processTimers (node:internal/timers:523:7) 
2025-08-08 23:37:41.457 [error] ProxyResolver#resolveProxy undefined Canceled: Canceled
	at el (file:///ide/out/vs/workbench/api/node/extensionHostProcess.js:7:1556)
	at file:///ide/out/vs/workbench/api/node/extensionHostProcess.js:29:138942
	at Array.forEach (<anonymous>)
	at cS.dispose (file:///ide/out/vs/workbench/api/node/extensionHostProcess.js:29:138848)
	at KG.terminate (file:///ide/out/vs/workbench/api/node/extensionHostProcess.js:117:12333)
	at Y8.terminate (file:///ide/out/vs/workbench/api/node/extensionHostProcess.js:119:1082)
	at us (file:///ide/out/vs/workbench/api/node/extensionHostProcess.js:356:10566)
	at cE.runner (file:///ide/out/vs/workbench/api/node/extensionHostProcess.js:356:7378)
	at cE.onInterval (file:///ide/out/vs/workbench/api/node/extensionHostProcess.js:28:78950)
	at listOnTimeout (node:internal/timers:588:17)
	at process.processTimers (node:internal/timers:523:7) 
2025-08-08 23:37:41.457 [error] ProxyResolver#resolveProxy undefined Canceled: Canceled
	at el (file:///ide/out/vs/workbench/api/node/extensionHostProcess.js:7:1556)
	at file:///ide/out/vs/workbench/api/node/extensionHostProcess.js:29:138942
	at Array.forEach (<anonymous>)
	at cS.dispose (file:///ide/out/vs/workbench/api/node/extensionHostProcess.js:29:138848)
	at KG.terminate (file:///ide/out/vs/workbench/api/node/extensionHostProcess.js:117:12333)
	at Y8.terminate (file:///ide/out/vs/workbench/api/node/extensionHostProcess.js:119:1082)
	at us (file:///ide/out/vs/workbench/api/node/extensionHostProcess.js:356:10566)
	at cE.runner (file:///ide/out/vs/workbench/api/node/extensionHostProcess.js:356:7378)
	at cE.onInterval (file:///ide/out/vs/workbench/api/node/extensionHostProcess.js:28:78950)
	at listOnTimeout (node:internal/timers:588:17)
	at process.processTimers (node:internal/timers:523:7) 
2025-08-08 23:37:41.457 [error] ProxyResolver#resolveProxy undefined Canceled: Canceled
	at el (file:///ide/out/vs/workbench/api/node/extensionHostProcess.js:7:1556)
	at file:///ide/out/vs/workbench/api/node/extensionHostProcess.js:29:138942
	at Array.forEach (<anonymous>)
	at cS.dispose (file:///ide/out/vs/workbench/api/node/extensionHostProcess.js:29:138848)
	at KG.terminate (file:///ide/out/vs/workbench/api/node/extensionHostProcess.js:117:12333)
	at Y8.terminate (file:///ide/out/vs/workbench/api/node/extensionHostProcess.js:119:1082)
	at us (file:///ide/out/vs/workbench/api/node/extensionHostProcess.js:356:10566)
	at cE.runner (file:///ide/out/vs/workbench/api/node/extensionHostProcess.js:356:7378)
	at cE.onInterval (file:///ide/out/vs/workbench/api/node/extensionHostProcess.js:28:78950)
	at listOnTimeout (node:internal/timers:588:17)
	at process.processTimers (node:internal/timers:523:7) 
2025-08-08 23:37:41.457 [error] ProxyResolver#resolveProxy undefined Canceled: Canceled
	at el (file:///ide/out/vs/workbench/api/node/extensionHostProcess.js:7:1556)
	at file:///ide/out/vs/workbench/api/node/extensionHostProcess.js:29:138942
	at Array.forEach (<anonymous>)
	at cS.dispose (file:///ide/out/vs/workbench/api/node/extensionHostProcess.js:29:138848)
	at KG.terminate (file:///ide/out/vs/workbench/api/node/extensionHostProcess.js:117:12333)
	at Y8.terminate (file:///ide/out/vs/workbench/api/node/extensionHostProcess.js:119:1082)
	at us (file:///ide/out/vs/workbench/api/node/extensionHostProcess.js:356:10566)
	at cE.runner (file:///ide/out/vs/workbench/api/node/extensionHostProcess.js:356:7378)
	at cE.onInterval (file:///ide/out/vs/workbench/api/node/extensionHostProcess.js:28:78950)
	at listOnTimeout (node:internal/timers:588:17)
	at process.processTimers (node:internal/timers:523:7) 
2025-08-08 23:37:41.457 [error] ProxyResolver#resolveProxy undefined Canceled: Canceled
	at el (file:///ide/out/vs/workbench/api/node/extensionHostProcess.js:7:1556)
	at file:///ide/out/vs/workbench/api/node/extensionHostProcess.js:29:138942
	at Array.forEach (<anonymous>)
	at cS.dispose (file:///ide/out/vs/workbench/api/node/extensionHostProcess.js:29:138848)
	at KG.terminate (file:///ide/out/vs/workbench/api/node/extensionHostProcess.js:117:12333)
	at Y8.terminate (file:///ide/out/vs/workbench/api/node/extensionHostProcess.js:119:1082)
	at us (file:///ide/out/vs/workbench/api/node/extensionHostProcess.js:356:10566)
	at cE.runner (file:///ide/out/vs/workbench/api/node/extensionHostProcess.js:356:7378)
	at cE.onInterval (file:///ide/out/vs/workbench/api/node/extensionHostProcess.js:28:78950)
	at listOnTimeout (node:internal/timers:588:17)
	at process.processTimers (node:internal/timers:523:7) 
2025-08-08 23:37:41.457 [error] ProxyResolver#resolveProxy undefined Canceled: Canceled
	at el (file:///ide/out/vs/workbench/api/node/extensionHostProcess.js:7:1556)
	at file:///ide/out/vs/workbench/api/node/extensionHostProcess.js:29:138942
	at Array.forEach (<anonymous>)
	at cS.dispose (file:///ide/out/vs/workbench/api/node/extensionHostProcess.js:29:138848)
	at KG.terminate (file:///ide/out/vs/workbench/api/node/extensionHostProcess.js:117:12333)
	at Y8.terminate (file:///ide/out/vs/workbench/api/node/extensionHostProcess.js:119:1082)
	at us (file:///ide/out/vs/workbench/api/node/extensionHostProcess.js:356:10566)
	at cE.runner (file:///ide/out/vs/workbench/api/node/extensionHostProcess.js:356:7378)
	at cE.onInterval (file:///ide/out/vs/workbench/api/node/extensionHostProcess.js:28:78950)
	at listOnTimeout (node:internal/timers:588:17)
	at process.processTimers (node:internal/timers:523:7) 
2025-08-08 23:37:41.457 [error] ProxyResolver#resolveProxy undefined Canceled: Canceled
	at el (file:///ide/out/vs/workbench/api/node/extensionHostProcess.js:7:1556)
	at file:///ide/out/vs/workbench/api/node/extensionHostProcess.js:29:138942
	at Array.forEach (<anonymous>)
	at cS.dispose (file:///ide/out/vs/workbench/api/node/extensionHostProcess.js:29:138848)
	at KG.terminate (file:///ide/out/vs/workbench/api/node/extensionHostProcess.js:117:12333)
	at Y8.terminate (file:///ide/out/vs/workbench/api/node/extensionHostProcess.js:119:1082)
	at us (file:///ide/out/vs/workbench/api/node/extensionHostProcess.js:356:10566)
	at cE.runner (file:///ide/out/vs/workbench/api/node/extensionHostProcess.js:356:7378)
	at cE.onInterval (file:///ide/out/vs/workbench/api/node/extensionHostProcess.js:28:78950)
	at listOnTimeout (node:internal/timers:588:17)
	at process.processTimers (node:internal/timers:523:7) 
2025-08-08 23:37:41.457 [error] ProxyResolver#resolveProxy undefined Canceled: Canceled
	at el (file:///ide/out/vs/workbench/api/node/extensionHostProcess.js:7:1556)
	at file:///ide/out/vs/workbench/api/node/extensionHostProcess.js:29:138942
	at Array.forEach (<anonymous>)
	at cS.dispose (file:///ide/out/vs/workbench/api/node/extensionHostProcess.js:29:138848)
	at KG.terminate (file:///ide/out/vs/workbench/api/node/extensionHostProcess.js:117:12333)
	at Y8.terminate (file:///ide/out/vs/workbench/api/node/extensionHostProcess.js:119:1082)
	at us (file:///ide/out/vs/workbench/api/node/extensionHostProcess.js:356:10566)
	at cE.runner (file:///ide/out/vs/workbench/api/node/extensionHostProcess.js:356:7378)
	at cE.onInterval (file:///ide/out/vs/workbench/api/node/extensionHostProcess.js:28:78950)
	at listOnTimeout (node:internal/timers:588:17)
	at process.processTimers (node:internal/timers:523:7) 
2025-08-08 23:37:41.457 [error] ProxyResolver#resolveProxy undefined Canceled: Canceled
	at el (file:///ide/out/vs/workbench/api/node/extensionHostProcess.js:7:1556)
	at file:///ide/out/vs/workbench/api/node/extensionHostProcess.js:29:138942
	at Array.forEach (<anonymous>)
	at cS.dispose (file:///ide/out/vs/workbench/api/node/extensionHostProcess.js:29:138848)
	at KG.terminate (file:///ide/out/vs/workbench/api/node/extensionHostProcess.js:117:12333)
	at Y8.terminate (file:///ide/out/vs/workbench/api/node/extensionHostProcess.js:119:1082)
	at us (file:///ide/out/vs/workbench/api/node/extensionHostProcess.js:356:10566)
	at cE.runner (file:///ide/out/vs/workbench/api/node/extensionHostProcess.js:356:7378)
	at cE.onInterval (file:///ide/out/vs/workbench/api/node/extensionHostProcess.js:28:78950)
	at listOnTimeout (node:internal/timers:588:17)
	at process.processTimers (node:internal/timers:523:7) 
2025-08-08 23:37:41.457 [error] ProxyResolver#resolveProxy undefined Canceled: Canceled
	at el (file:///ide/out/vs/workbench/api/node/extensionHostProcess.js:7:1556)
	at file:///ide/out/vs/workbench/api/node/extensionHostProcess.js:29:138942
	at Array.forEach (<anonymous>)
	at cS.dispose (file:///ide/out/vs/workbench/api/node/extensionHostProcess.js:29:138848)
	at KG.terminate (file:///ide/out/vs/workbench/api/node/extensionHostProcess.js:117:12333)
	at Y8.terminate (file:///ide/out/vs/workbench/api/node/extensionHostProcess.js:119:1082)
	at us (file:///ide/out/vs/workbench/api/node/extensionHostProcess.js:356:10566)
	at cE.runner (file:///ide/out/vs/workbench/api/node/extensionHostProcess.js:356:7378)
	at cE.onInterval (file:///ide/out/vs/workbench/api/node/extensionHostProcess.js:28:78950)
	at listOnTimeout (node:internal/timers:588:17)
	at process.processTimers (node:internal/timers:523:7) 
2025-08-08 23:37:41.457 [error] ProxyResolver#resolveProxy undefined Canceled: Canceled
	at el (file:///ide/out/vs/workbench/api/node/extensionHostProcess.js:7:1556)
	at file:///ide/out/vs/workbench/api/node/extensionHostProcess.js:29:138942
	at Array.forEach (<anonymous>)
	at cS.dispose (file:///ide/out/vs/workbench/api/node/extensionHostProcess.js:29:138848)
	at KG.terminate (file:///ide/out/vs/workbench/api/node/extensionHostProcess.js:117:12333)
	at Y8.terminate (file:///ide/out/vs/workbench/api/node/extensionHostProcess.js:119:1082)
	at us (file:///ide/out/vs/workbench/api/node/extensionHostProcess.js:356:10566)
	at cE.runner (file:///ide/out/vs/workbench/api/node/extensionHostProcess.js:356:7378)
	at cE.onInterval (file:///ide/out/vs/workbench/api/node/extensionHostProcess.js:28:78950)
	at listOnTimeout (node:internal/timers:588:17)
	at process.processTimers (node:internal/timers:523:7) 
2025-08-08 23:37:41.457 [error] ProxyResolver#resolveProxy undefined Canceled: Canceled
	at el (file:///ide/out/vs/workbench/api/node/extensionHostProcess.js:7:1556)
	at file:///ide/out/vs/workbench/api/node/extensionHostProcess.js:29:138942
	at Array.forEach (<anonymous>)
	at cS.dispose (file:///ide/out/vs/workbench/api/node/extensionHostProcess.js:29:138848)
	at KG.terminate (file:///ide/out/vs/workbench/api/node/extensionHostProcess.js:117:12333)
	at Y8.terminate (file:///ide/out/vs/workbench/api/node/extensionHostProcess.js:119:1082)
	at us (file:///ide/out/vs/workbench/api/node/extensionHostProcess.js:356:10566)
	at cE.runner (file:///ide/out/vs/workbench/api/node/extensionHostProcess.js:356:7378)
	at cE.onInterval (file:///ide/out/vs/workbench/api/node/extensionHostProcess.js:28:78950)
	at listOnTimeout (node:internal/timers:588:17)
	at process.processTimers (node:internal/timers:523:7) 
2025-08-08 23:37:41.457 [error] ProxyResolver#resolveProxy undefined Canceled: Canceled
	at el (file:///ide/out/vs/workbench/api/node/extensionHostProcess.js:7:1556)
	at file:///ide/out/vs/workbench/api/node/extensionHostProcess.js:29:138942
	at Array.forEach (<anonymous>)
	at cS.dispose (file:///ide/out/vs/workbench/api/node/extensionHostProcess.js:29:138848)
	at KG.terminate (file:///ide/out/vs/workbench/api/node/extensionHostProcess.js:117:12333)
	at Y8.terminate (file:///ide/out/vs/workbench/api/node/extensionHostProcess.js:119:1082)
	at us (file:///ide/out/vs/workbench/api/node/extensionHostProcess.js:356:10566)
	at cE.runner (file:///ide/out/vs/workbench/api/node/extensionHostProcess.js:356:7378)
	at cE.onInterval (file:///ide/out/vs/workbench/api/node/extensionHostProcess.js:28:78950)
	at listOnTimeout (node:internal/timers:588:17)
	at process.processTimers (node:internal/timers:523:7) 
2025-08-08 23:37:41.457 [error] ProxyResolver#resolveProxy undefined Canceled: Canceled
	at el (file:///ide/out/vs/workbench/api/node/extensionHostProcess.js:7:1556)
	at file:///ide/out/vs/workbench/api/node/extensionHostProcess.js:29:138942
	at Array.forEach (<anonymous>)
	at cS.dispose (file:///ide/out/vs/workbench/api/node/extensionHostProcess.js:29:138848)
	at KG.terminate (file:///ide/out/vs/workbench/api/node/extensionHostProcess.js:117:12333)
	at Y8.terminate (file:///ide/out/vs/workbench/api/node/extensionHostProcess.js:119:1082)
	at us (file:///ide/out/vs/workbench/api/node/extensionHostProcess.js:356:10566)
	at cE.runner (file:///ide/out/vs/workbench/api/node/extensionHostProcess.js:356:7378)
	at cE.onInterval (file:///ide/out/vs/workbench/api/node/extensionHostProcess.js:28:78950)
	at listOnTimeout (node:internal/timers:588:17)
	at process.processTimers (node:internal/timers:523:7) 
2025-08-08 23:37:41.457 [error] ProxyResolver#resolveProxy undefined Canceled: Canceled
	at el (file:///ide/out/vs/workbench/api/node/extensionHostProcess.js:7:1556)
	at file:///ide/out/vs/workbench/api/node/extensionHostProcess.js:29:138942
	at Array.forEach (<anonymous>)
	at cS.dispose (file:///ide/out/vs/workbench/api/node/extensionHostProcess.js:29:138848)
	at KG.terminate (file:///ide/out/vs/workbench/api/node/extensionHostProcess.js:117:12333)
	at Y8.terminate (file:///ide/out/vs/workbench/api/node/extensionHostProcess.js:119:1082)
	at us (file:///ide/out/vs/workbench/api/node/extensionHostProcess.js:356:10566)
	at cE.runner (file:///ide/out/vs/workbench/api/node/extensionHostProcess.js:356:7378)
	at cE.onInterval (file:///ide/out/vs/workbench/api/node/extensionHostProcess.js:28:78950)
	at listOnTimeout (node:internal/timers:588:17)
	at process.processTimers (node:internal/timers:523:7) 
2025-08-08 23:37:41.457 [error] ProxyResolver#resolveProxy undefined Canceled: Canceled
	at el (file:///ide/out/vs/workbench/api/node/extensionHostProcess.js:7:1556)
	at file:///ide/out/vs/workbench/api/node/extensionHostProcess.js:29:138942
	at Array.forEach (<anonymous>)
	at cS.dispose (file:///ide/out/vs/workbench/api/node/extensionHostProcess.js:29:138848)
	at KG.terminate (file:///ide/out/vs/workbench/api/node/extensionHostProcess.js:117:12333)
	at Y8.terminate (file:///ide/out/vs/workbench/api/node/extensionHostProcess.js:119:1082)
	at us (file:///ide/out/vs/workbench/api/node/extensionHostProcess.js:356:10566)
	at cE.runner (file:///ide/out/vs/workbench/api/node/extensionHostProcess.js:356:7378)
	at cE.onInterval (file:///ide/out/vs/workbench/api/node/extensionHostProcess.js:28:78950)
	at listOnTimeout (node:internal/timers:588:17)
	at process.processTimers (node:internal/timers:523:7) 
2025-08-08 23:37:41.457 [error] ProxyResolver#resolveProxy undefined Canceled: Canceled
	at el (file:///ide/out/vs/workbench/api/node/extensionHostProcess.js:7:1556)
	at file:///ide/out/vs/workbench/api/node/extensionHostProcess.js:29:138942
	at Array.forEach (<anonymous>)
	at cS.dispose (file:///ide/out/vs/workbench/api/node/extensionHostProcess.js:29:138848)
	at KG.terminate (file:///ide/out/vs/workbench/api/node/extensionHostProcess.js:117:12333)
	at Y8.terminate (file:///ide/out/vs/workbench/api/node/extensionHostProcess.js:119:1082)
	at us (file:///ide/out/vs/workbench/api/node/extensionHostProcess.js:356:10566)
	at cE.runner (file:///ide/out/vs/workbench/api/node/extensionHostProcess.js:356:7378)
	at cE.onInterval (file:///ide/out/vs/workbench/api/node/extensionHostProcess.js:28:78950)
	at listOnTimeout (node:internal/timers:588:17)
	at process.processTimers (node:internal/timers:523:7) 
2025-08-08 23:37:41.457 [error] ProxyResolver#resolveProxy undefined Canceled: Canceled
	at el (file:///ide/out/vs/workbench/api/node/extensionHostProcess.js:7:1556)
	at file:///ide/out/vs/workbench/api/node/extensionHostProcess.js:29:138942
	at Array.forEach (<anonymous>)
	at cS.dispose (file:///ide/out/vs/workbench/api/node/extensionHostProcess.js:29:138848)
	at KG.terminate (file:///ide/out/vs/workbench/api/node/extensionHostProcess.js:117:12333)
	at Y8.terminate (file:///ide/out/vs/workbench/api/node/extensionHostProcess.js:119:1082)
	at us (file:///ide/out/vs/workbench/api/node/extensionHostProcess.js:356:10566)
	at cE.runner (file:///ide/out/vs/workbench/api/node/extensionHostProcess.js:356:7378)
	at cE.onInterval (file:///ide/out/vs/workbench/api/node/extensionHostProcess.js:28:78950)
	at listOnTimeout (node:internal/timers:588:17)
	at process.processTimers (node:internal/timers:523:7) 
2025-08-08 23:37:41.457 [error] ProxyResolver#resolveProxy undefined Canceled: Canceled
	at el (file:///ide/out/vs/workbench/api/node/extensionHostProcess.js:7:1556)
	at file:///ide/out/vs/workbench/api/node/extensionHostProcess.js:29:138942
	at Array.forEach (<anonymous>)
	at cS.dispose (file:///ide/out/vs/workbench/api/node/extensionHostProcess.js:29:138848)
	at KG.terminate (file:///ide/out/vs/workbench/api/node/extensionHostProcess.js:117:12333)
	at Y8.terminate (file:///ide/out/vs/workbench/api/node/extensionHostProcess.js:119:1082)
	at us (file:///ide/out/vs/workbench/api/node/extensionHostProcess.js:356:10566)
	at cE.runner (file:///ide/out/vs/workbench/api/node/extensionHostProcess.js:356:7378)
	at cE.onInterval (file:///ide/out/vs/workbench/api/node/extensionHostProcess.js:28:78950)
	at listOnTimeout (node:internal/timers:588:17)
	at process.processTimers (node:internal/timers:523:7) 
2025-08-08 23:37:41.457 [error] ProxyResolver#resolveProxy undefined Canceled: Canceled
	at el (file:///ide/out/vs/workbench/api/node/extensionHostProcess.js:7:1556)
	at file:///ide/out/vs/workbench/api/node/extensionHostProcess.js:29:138942
	at Array.forEach (<anonymous>)
	at cS.dispose (file:///ide/out/vs/workbench/api/node/extensionHostProcess.js:29:138848)
	at KG.terminate (file:///ide/out/vs/workbench/api/node/extensionHostProcess.js:117:12333)
	at Y8.terminate (file:///ide/out/vs/workbench/api/node/extensionHostProcess.js:119:1082)
	at us (file:///ide/out/vs/workbench/api/node/extensionHostProcess.js:356:10566)
	at cE.runner (file:///ide/out/vs/workbench/api/node/extensionHostProcess.js:356:7378)
	at cE.onInterval (file:///ide/out/vs/workbench/api/node/extensionHostProcess.js:28:78950)
	at listOnTimeout (node:internal/timers:588:17)
	at process.processTimers (node:internal/timers:523:7) 
2025-08-08 23:37:41.457 [error] ProxyResolver#resolveProxy undefined Canceled: Canceled
	at el (file:///ide/out/vs/workbench/api/node/extensionHostProcess.js:7:1556)
	at file:///ide/out/vs/workbench/api/node/extensionHostProcess.js:29:138942
	at Array.forEach (<anonymous>)
	at cS.dispose (file:///ide/out/vs/workbench/api/node/extensionHostProcess.js:29:138848)
	at KG.terminate (file:///ide/out/vs/workbench/api/node/extensionHostProcess.js:117:12333)
	at Y8.terminate (file:///ide/out/vs/workbench/api/node/extensionHostProcess.js:119:1082)
	at us (file:///ide/out/vs/workbench/api/node/extensionHostProcess.js:356:10566)
	at cE.runner (file:///ide/out/vs/workbench/api/node/extensionHostProcess.js:356:7378)
	at cE.onInterval (file:///ide/out/vs/workbench/api/node/extensionHostProcess.js:28:78950)
	at listOnTimeout (node:internal/timers:588:17)
	at process.processTimers (node:internal/timers:523:7) 
2025-08-08 23:37:41.457 [error] ProxyResolver#resolveProxy undefined Canceled: Canceled
	at el (file:///ide/out/vs/workbench/api/node/extensionHostProcess.js:7:1556)
	at file:///ide/out/vs/workbench/api/node/extensionHostProcess.js:29:138942
	at Array.forEach (<anonymous>)
	at cS.dispose (file:///ide/out/vs/workbench/api/node/extensionHostProcess.js:29:138848)
	at KG.terminate (file:///ide/out/vs/workbench/api/node/extensionHostProcess.js:117:12333)
	at Y8.terminate (file:///ide/out/vs/workbench/api/node/extensionHostProcess.js:119:1082)
	at us (file:///ide/out/vs/workbench/api/node/extensionHostProcess.js:356:10566)
	at cE.runner (file:///ide/out/vs/workbench/api/node/extensionHostProcess.js:356:7378)
	at cE.onInterval (file:///ide/out/vs/workbench/api/node/extensionHostProcess.js:28:78950)
	at listOnTimeout (node:internal/timers:588:17)
	at process.processTimers (node:internal/timers:523:7) 
2025-08-08 23:37:41.457 [error] ProxyResolver#resolveProxy undefined Canceled: Canceled
	at el (file:///ide/out/vs/workbench/api/node/extensionHostProcess.js:7:1556)
	at file:///ide/out/vs/workbench/api/node/extensionHostProcess.js:29:138942
	at Array.forEach (<anonymous>)
	at cS.dispose (file:///ide/out/vs/workbench/api/node/extensionHostProcess.js:29:138848)
	at KG.terminate (file:///ide/out/vs/workbench/api/node/extensionHostProcess.js:117:12333)
	at Y8.terminate (file:///ide/out/vs/workbench/api/node/extensionHostProcess.js:119:1082)
	at us (file:///ide/out/vs/workbench/api/node/extensionHostProcess.js:356:10566)
	at cE.runner (file:///ide/out/vs/workbench/api/node/extensionHostProcess.js:356:7378)
	at cE.onInterval (file:///ide/out/vs/workbench/api/node/extensionHostProcess.js:28:78950)
	at listOnTimeout (node:internal/timers:588:17)
	at process.processTimers (node:internal/timers:523:7) 
2025-08-08 23:37:41.458 [error] ProxyResolver#resolveProxy undefined Canceled: Canceled
	at el (file:///ide/out/vs/workbench/api/node/extensionHostProcess.js:7:1556)
	at file:///ide/out/vs/workbench/api/node/extensionHostProcess.js:29:138942
	at Array.forEach (<anonymous>)
	at cS.dispose (file:///ide/out/vs/workbench/api/node/extensionHostProcess.js:29:138848)
	at KG.terminate (file:///ide/out/vs/workbench/api/node/extensionHostProcess.js:117:12333)
	at Y8.terminate (file:///ide/out/vs/workbench/api/node/extensionHostProcess.js:119:1082)
	at us (file:///ide/out/vs/workbench/api/node/extensionHostProcess.js:356:10566)
	at cE.runner (file:///ide/out/vs/workbench/api/node/extensionHostProcess.js:356:7378)
	at cE.onInterval (file:///ide/out/vs/workbench/api/node/extensionHostProcess.js:28:78950)
	at listOnTimeout (node:internal/timers:588:17)
	at process.processTimers (node:internal/timers:523:7) 
2025-08-08 23:37:41.458 [error] ProxyResolver#resolveProxy undefined Canceled: Canceled
	at el (file:///ide/out/vs/workbench/api/node/extensionHostProcess.js:7:1556)
	at file:///ide/out/vs/workbench/api/node/extensionHostProcess.js:29:138942
	at Array.forEach (<anonymous>)
	at cS.dispose (file:///ide/out/vs/workbench/api/node/extensionHostProcess.js:29:138848)
	at KG.terminate (file:///ide/out/vs/workbench/api/node/extensionHostProcess.js:117:12333)
	at Y8.terminate (file:///ide/out/vs/workbench/api/node/extensionHostProcess.js:119:1082)
	at us (file:///ide/out/vs/workbench/api/node/extensionHostProcess.js:356:10566)
	at cE.runner (file:///ide/out/vs/workbench/api/node/extensionHostProcess.js:356:7378)
	at cE.onInterval (file:///ide/out/vs/workbench/api/node/extensionHostProcess.js:28:78950)
	at listOnTimeout (node:internal/timers:588:17)
	at process.processTimers (node:internal/timers:523:7) 
2025-08-08 23:37:41.458 [error] ProxyResolver#resolveProxy undefined Canceled: Canceled
	at el (file:///ide/out/vs/workbench/api/node/extensionHostProcess.js:7:1556)
	at file:///ide/out/vs/workbench/api/node/extensionHostProcess.js:29:138942
	at Array.forEach (<anonymous>)
	at cS.dispose (file:///ide/out/vs/workbench/api/node/extensionHostProcess.js:29:138848)
	at KG.terminate (file:///ide/out/vs/workbench/api/node/extensionHostProcess.js:117:12333)
	at Y8.terminate (file:///ide/out/vs/workbench/api/node/extensionHostProcess.js:119:1082)
	at us (file:///ide/out/vs/workbench/api/node/extensionHostProcess.js:356:10566)
	at cE.runner (file:///ide/out/vs/workbench/api/node/extensionHostProcess.js:356:7378)
	at cE.onInterval (file:///ide/out/vs/workbench/api/node/extensionHostProcess.js:28:78950)
	at listOnTimeout (node:internal/timers:588:17)
	at process.processTimers (node:internal/timers:523:7) 
2025-08-08 23:37:41.458 [error] ProxyResolver#resolveProxy undefined Canceled: Canceled
	at el (file:///ide/out/vs/workbench/api/node/extensionHostProcess.js:7:1556)
	at file:///ide/out/vs/workbench/api/node/extensionHostProcess.js:29:138942
	at Array.forEach (<anonymous>)
	at cS.dispose (file:///ide/out/vs/workbench/api/node/extensionHostProcess.js:29:138848)
	at KG.terminate (file:///ide/out/vs/workbench/api/node/extensionHostProcess.js:117:12333)
	at Y8.terminate (file:///ide/out/vs/workbench/api/node/extensionHostProcess.js:119:1082)
	at us (file:///ide/out/vs/workbench/api/node/extensionHostProcess.js:356:10566)
	at cE.runner (file:///ide/out/vs/workbench/api/node/extensionHostProcess.js:356:7378)
	at cE.onInterval (file:///ide/out/vs/workbench/api/node/extensionHostProcess.js:28:78950)
	at listOnTimeout (node:internal/timers:588:17)
	at process.processTimers (node:internal/timers:523:7) 
2025-08-08 23:37:41.458 [error] ProxyResolver#resolveProxy undefined Canceled: Canceled
	at el (file:///ide/out/vs/workbench/api/node/extensionHostProcess.js:7:1556)
	at file:///ide/out/vs/workbench/api/node/extensionHostProcess.js:29:138942
	at Array.forEach (<anonymous>)
	at cS.dispose (file:///ide/out/vs/workbench/api/node/extensionHostProcess.js:29:138848)
	at KG.terminate (file:///ide/out/vs/workbench/api/node/extensionHostProcess.js:117:12333)
	at Y8.terminate (file:///ide/out/vs/workbench/api/node/extensionHostProcess.js:119:1082)
	at us (file:///ide/out/vs/workbench/api/node/extensionHostProcess.js:356:10566)
	at cE.runner (file:///ide/out/vs/workbench/api/node/extensionHostProcess.js:356:7378)
	at cE.onInterval (file:///ide/out/vs/workbench/api/node/extensionHostProcess.js:28:78950)
	at listOnTimeout (node:internal/timers:588:17)
	at process.processTimers (node:internal/timers:523:7) 
2025-08-08 23:37:41.458 [error] ProxyResolver#resolveProxy undefined Canceled: Canceled
	at el (file:///ide/out/vs/workbench/api/node/extensionHostProcess.js:7:1556)
	at file:///ide/out/vs/workbench/api/node/extensionHostProcess.js:29:138942
	at Array.forEach (<anonymous>)
	at cS.dispose (file:///ide/out/vs/workbench/api/node/extensionHostProcess.js:29:138848)
	at KG.terminate (file:///ide/out/vs/workbench/api/node/extensionHostProcess.js:117:12333)
	at Y8.terminate (file:///ide/out/vs/workbench/api/node/extensionHostProcess.js:119:1082)
	at us (file:///ide/out/vs/workbench/api/node/extensionHostProcess.js:356:10566)
	at cE.runner (file:///ide/out/vs/workbench/api/node/extensionHostProcess.js:356:7378)
	at cE.onInterval (file:///ide/out/vs/workbench/api/node/extensionHostProcess.js:28:78950)
	at listOnTimeout (node:internal/timers:588:17)
	at process.processTimers (node:internal/timers:523:7) 
2025-08-08 23:37:41.458 [error] ProxyResolver#resolveProxy undefined Canceled: Canceled
	at el (file:///ide/out/vs/workbench/api/node/extensionHostProcess.js:7:1556)
	at file:///ide/out/vs/workbench/api/node/extensionHostProcess.js:29:138942
	at Array.forEach (<anonymous>)
	at cS.dispose (file:///ide/out/vs/workbench/api/node/extensionHostProcess.js:29:138848)
	at KG.terminate (file:///ide/out/vs/workbench/api/node/extensionHostProcess.js:117:12333)
	at Y8.terminate (file:///ide/out/vs/workbench/api/node/extensionHostProcess.js:119:1082)
	at us (file:///ide/out/vs/workbench/api/node/extensionHostProcess.js:356:10566)
	at cE.runner (file:///ide/out/vs/workbench/api/node/extensionHostProcess.js:356:7378)
	at cE.onInterval (file:///ide/out/vs/workbench/api/node/extensionHostProcess.js:28:78950)
	at listOnTimeout (node:internal/timers:588:17)
	at process.processTimers (node:internal/timers:523:7) 
2025-08-08 23:37:41.458 [error] ProxyResolver#resolveProxy undefined Canceled: Canceled
	at el (file:///ide/out/vs/workbench/api/node/extensionHostProcess.js:7:1556)
	at file:///ide/out/vs/workbench/api/node/extensionHostProcess.js:29:138942
	at Array.forEach (<anonymous>)
	at cS.dispose (file:///ide/out/vs/workbench/api/node/extensionHostProcess.js:29:138848)
	at KG.terminate (file:///ide/out/vs/workbench/api/node/extensionHostProcess.js:117:12333)
	at Y8.terminate (file:///ide/out/vs/workbench/api/node/extensionHostProcess.js:119:1082)
	at us (file:///ide/out/vs/workbench/api/node/extensionHostProcess.js:356:10566)
	at cE.runner (file:///ide/out/vs/workbench/api/node/extensionHostProcess.js:356:7378)
	at cE.onInterval (file:///ide/out/vs/workbench/api/node/extensionHostProcess.js:28:78950)
	at listOnTimeout (node:internal/timers:588:17)
	at process.processTimers (node:internal/timers:523:7) 
2025-08-08 23:37:41.458 [error] ProxyResolver#resolveProxy undefined Canceled: Canceled
	at el (file:///ide/out/vs/workbench/api/node/extensionHostProcess.js:7:1556)
	at file:///ide/out/vs/workbench/api/node/extensionHostProcess.js:29:138942
	at Array.forEach (<anonymous>)
	at cS.dispose (file:///ide/out/vs/workbench/api/node/extensionHostProcess.js:29:138848)
	at KG.terminate (file:///ide/out/vs/workbench/api/node/extensionHostProcess.js:117:12333)
	at Y8.terminate (file:///ide/out/vs/workbench/api/node/extensionHostProcess.js:119:1082)
	at us (file:///ide/out/vs/workbench/api/node/extensionHostProcess.js:356:10566)
	at cE.runner (file:///ide/out/vs/workbench/api/node/extensionHostProcess.js:356:7378)
	at cE.onInterval (file:///ide/out/vs/workbench/api/node/extensionHostProcess.js:28:78950)
	at listOnTimeout (node:internal/timers:588:17)
	at process.processTimers (node:internal/timers:523:7) 
2025-08-08 23:37:41.458 [error] ProxyResolver#resolveProxy undefined Canceled: Canceled
	at el (file:///ide/out/vs/workbench/api/node/extensionHostProcess.js:7:1556)
	at file:///ide/out/vs/workbench/api/node/extensionHostProcess.js:29:138942
	at Array.forEach (<anonymous>)
	at cS.dispose (file:///ide/out/vs/workbench/api/node/extensionHostProcess.js:29:138848)
	at KG.terminate (file:///ide/out/vs/workbench/api/node/extensionHostProcess.js:117:12333)
	at Y8.terminate (file:///ide/out/vs/workbench/api/node/extensionHostProcess.js:119:1082)
	at us (file:///ide/out/vs/workbench/api/node/extensionHostProcess.js:356:10566)
	at cE.runner (file:///ide/out/vs/workbench/api/node/extensionHostProcess.js:356:7378)
	at cE.onInterval (file:///ide/out/vs/workbench/api/node/extensionHostProcess.js:28:78950)
	at listOnTimeout (node:internal/timers:588:17)
	at process.processTimers (node:internal/timers:523:7) 
2025-08-08 23:37:41.458 [error] ProxyResolver#resolveProxy undefined Canceled: Canceled
	at el (file:///ide/out/vs/workbench/api/node/extensionHostProcess.js:7:1556)
	at file:///ide/out/vs/workbench/api/node/extensionHostProcess.js:29:138942
	at Array.forEach (<anonymous>)
	at cS.dispose (file:///ide/out/vs/workbench/api/node/extensionHostProcess.js:29:138848)
	at KG.terminate (file:///ide/out/vs/workbench/api/node/extensionHostProcess.js:117:12333)
	at Y8.terminate (file:///ide/out/vs/workbench/api/node/extensionHostProcess.js:119:1082)
	at us (file:///ide/out/vs/workbench/api/node/extensionHostProcess.js:356:10566)
	at cE.runner (file:///ide/out/vs/workbench/api/node/extensionHostProcess.js:356:7378)
	at cE.onInterval (file:///ide/out/vs/workbench/api/node/extensionHostProcess.js:28:78950)
	at listOnTimeout (node:internal/timers:588:17)
	at process.processTimers (node:internal/timers:523:7) 
2025-08-08 23:37:41.458 [error] ProxyResolver#resolveProxy undefined Canceled: Canceled
	at el (file:///ide/out/vs/workbench/api/node/extensionHostProcess.js:7:1556)
	at file:///ide/out/vs/workbench/api/node/extensionHostProcess.js:29:138942
	at Array.forEach (<anonymous>)
	at cS.dispose (file:///ide/out/vs/workbench/api/node/extensionHostProcess.js:29:138848)
	at KG.terminate (file:///ide/out/vs/workbench/api/node/extensionHostProcess.js:117:12333)
	at Y8.terminate (file:///ide/out/vs/workbench/api/node/extensionHostProcess.js:119:1082)
	at us (file:///ide/out/vs/workbench/api/node/extensionHostProcess.js:356:10566)
	at cE.runner (file:///ide/out/vs/workbench/api/node/extensionHostProcess.js:356:7378)
	at cE.onInterval (file:///ide/out/vs/workbench/api/node/extensionHostProcess.js:28:78950)
	at listOnTimeout (node:internal/timers:588:17)
	at process.processTimers (node:internal/timers:523:7) 
2025-08-08 23:37:41.458 [error] ProxyResolver#resolveProxy undefined Canceled: Canceled
	at el (file:///ide/out/vs/workbench/api/node/extensionHostProcess.js:7:1556)
	at file:///ide/out/vs/workbench/api/node/extensionHostProcess.js:29:138942
	at Array.forEach (<anonymous>)
	at cS.dispose (file:///ide/out/vs/workbench/api/node/extensionHostProcess.js:29:138848)
	at KG.terminate (file:///ide/out/vs/workbench/api/node/extensionHostProcess.js:117:12333)
	at Y8.terminate (file:///ide/out/vs/workbench/api/node/extensionHostProcess.js:119:1082)
	at us (file:///ide/out/vs/workbench/api/node/extensionHostProcess.js:356:10566)
	at cE.runner (file:///ide/out/vs/workbench/api/node/extensionHostProcess.js:356:7378)
	at cE.onInterval (file:///ide/out/vs/workbench/api/node/extensionHostProcess.js:28:78950)
	at listOnTimeout (node:internal/timers:588:17)
	at process.processTimers (node:internal/timers:523:7) 
2025-08-08 23:37:41.458 [error] ProxyResolver#resolveProxy undefined Canceled: Canceled
	at el (file:///ide/out/vs/workbench/api/node/extensionHostProcess.js:7:1556)
	at file:///ide/out/vs/workbench/api/node/extensionHostProcess.js:29:138942
	at Array.forEach (<anonymous>)
	at cS.dispose (file:///ide/out/vs/workbench/api/node/extensionHostProcess.js:29:138848)
	at KG.terminate (file:///ide/out/vs/workbench/api/node/extensionHostProcess.js:117:12333)
	at Y8.terminate (file:///ide/out/vs/workbench/api/node/extensionHostProcess.js:119:1082)
	at us (file:///ide/out/vs/workbench/api/node/extensionHostProcess.js:356:10566)
	at cE.runner (file:///ide/out/vs/workbench/api/node/extensionHostProcess.js:356:7378)
	at cE.onInterval (file:///ide/out/vs/workbench/api/node/extensionHostProcess.js:28:78950)
	at listOnTimeout (node:internal/timers:588:17)
	at process.processTimers (node:internal/timers:523:7) 
2025-08-08 23:37:41.458 [error] ProxyResolver#resolveProxy undefined Canceled: Canceled
	at el (file:///ide/out/vs/workbench/api/node/extensionHostProcess.js:7:1556)
	at file:///ide/out/vs/workbench/api/node/extensionHostProcess.js:29:138942
	at Array.forEach (<anonymous>)
	at cS.dispose (file:///ide/out/vs/workbench/api/node/extensionHostProcess.js:29:138848)
	at KG.terminate (file:///ide/out/vs/workbench/api/node/extensionHostProcess.js:117:12333)
	at Y8.terminate (file:///ide/out/vs/workbench/api/node/extensionHostProcess.js:119:1082)
	at us (file:///ide/out/vs/workbench/api/node/extensionHostProcess.js:356:10566)
	at cE.runner (file:///ide/out/vs/workbench/api/node/extensionHostProcess.js:356:7378)
	at cE.onInterval (file:///ide/out/vs/workbench/api/node/extensionHostProcess.js:28:78950)
	at listOnTimeout (node:internal/timers:588:17)
	at process.processTimers (node:internal/timers:523:7) 
2025-08-08 23:37:41.458 [error] ProxyResolver#resolveProxy undefined Canceled: Canceled
	at el (file:///ide/out/vs/workbench/api/node/extensionHostProcess.js:7:1556)
	at file:///ide/out/vs/workbench/api/node/extensionHostProcess.js:29:138942
	at Array.forEach (<anonymous>)
	at cS.dispose (file:///ide/out/vs/workbench/api/node/extensionHostProcess.js:29:138848)
	at KG.terminate (file:///ide/out/vs/workbench/api/node/extensionHostProcess.js:117:12333)
	at Y8.terminate (file:///ide/out/vs/workbench/api/node/extensionHostProcess.js:119:1082)
	at us (file:///ide/out/vs/workbench/api/node/extensionHostProcess.js:356:10566)
	at cE.runner (file:///ide/out/vs/workbench/api/node/extensionHostProcess.js:356:7378)
	at cE.onInterval (file:///ide/out/vs/workbench/api/node/extensionHostProcess.js:28:78950)
	at listOnTimeout (node:internal/timers:588:17)
	at process.processTimers (node:internal/timers:523:7) 
2025-08-08 23:37:41.458 [error] ProxyResolver#resolveProxy undefined Canceled: Canceled
	at el (file:///ide/out/vs/workbench/api/node/extensionHostProcess.js:7:1556)
	at file:///ide/out/vs/workbench/api/node/extensionHostProcess.js:29:138942
	at Array.forEach (<anonymous>)
	at cS.dispose (file:///ide/out/vs/workbench/api/node/extensionHostProcess.js:29:138848)
	at KG.terminate (file:///ide/out/vs/workbench/api/node/extensionHostProcess.js:117:12333)
	at Y8.terminate (file:///ide/out/vs/workbench/api/node/extensionHostProcess.js:119:1082)
	at us (file:///ide/out/vs/workbench/api/node/extensionHostProcess.js:356:10566)
	at cE.runner (file:///ide/out/vs/workbench/api/node/extensionHostProcess.js:356:7378)
	at cE.onInterval (file:///ide/out/vs/workbench/api/node/extensionHostProcess.js:28:78950)
	at listOnTimeout (node:internal/timers:588:17)
	at process.processTimers (node:internal/timers:523:7) 
2025-08-08 23:37:41.458 [error] ProxyResolver#resolveProxy undefined Canceled: Canceled
	at el (file:///ide/out/vs/workbench/api/node/extensionHostProcess.js:7:1556)
	at file:///ide/out/vs/workbench/api/node/extensionHostProcess.js:29:138942
	at Array.forEach (<anonymous>)
	at cS.dispose (file:///ide/out/vs/workbench/api/node/extensionHostProcess.js:29:138848)
	at KG.terminate (file:///ide/out/vs/workbench/api/node/extensionHostProcess.js:117:12333)
	at Y8.terminate (file:///ide/out/vs/workbench/api/node/extensionHostProcess.js:119:1082)
	at us (file:///ide/out/vs/workbench/api/node/extensionHostProcess.js:356:10566)
	at cE.runner (file:///ide/out/vs/workbench/api/node/extensionHostProcess.js:356:7378)
	at cE.onInterval (file:///ide/out/vs/workbench/api/node/extensionHostProcess.js:28:78950)
	at listOnTimeout (node:internal/timers:588:17)
	at process.processTimers (node:internal/timers:523:7) 
2025-08-08 23:37:41.458 [error] ProxyResolver#resolveProxy undefined Canceled: Canceled
	at el (file:///ide/out/vs/workbench/api/node/extensionHostProcess.js:7:1556)
	at file:///ide/out/vs/workbench/api/node/extensionHostProcess.js:29:138942
	at Array.forEach (<anonymous>)
	at cS.dispose (file:///ide/out/vs/workbench/api/node/extensionHostProcess.js:29:138848)
	at KG.terminate (file:///ide/out/vs/workbench/api/node/extensionHostProcess.js:117:12333)
	at Y8.terminate (file:///ide/out/vs/workbench/api/node/extensionHostProcess.js:119:1082)
	at us (file:///ide/out/vs/workbench/api/node/extensionHostProcess.js:356:10566)
	at cE.runner (file:///ide/out/vs/workbench/api/node/extensionHostProcess.js:356:7378)
	at cE.onInterval (file:///ide/out/vs/workbench/api/node/extensionHostProcess.js:28:78950)
	at listOnTimeout (node:internal/timers:588:17)
	at process.processTimers (node:internal/timers:523:7) 
2025-08-08 23:37:41.458 [error] ProxyResolver#resolveProxy undefined Canceled: Canceled
	at el (file:///ide/out/vs/workbench/api/node/extensionHostProcess.js:7:1556)
	at file:///ide/out/vs/workbench/api/node/extensionHostProcess.js:29:138942
	at Array.forEach (<anonymous>)
	at cS.dispose (file:///ide/out/vs/workbench/api/node/extensionHostProcess.js:29:138848)
	at KG.terminate (file:///ide/out/vs/workbench/api/node/extensionHostProcess.js:117:12333)
	at Y8.terminate (file:///ide/out/vs/workbench/api/node/extensionHostProcess.js:119:1082)
	at us (file:///ide/out/vs/workbench/api/node/extensionHostProcess.js:356:10566)
	at cE.runner (file:///ide/out/vs/workbench/api/node/extensionHostProcess.js:356:7378)
	at cE.onInterval (file:///ide/out/vs/workbench/api/node/extensionHostProcess.js:28:78950)
	at listOnTimeout (node:internal/timers:588:17)
	at process.processTimers (node:internal/timers:523:7) 
2025-08-08 23:37:41.458 [error] ProxyResolver#resolveProxy undefined Canceled: Canceled
	at el (file:///ide/out/vs/workbench/api/node/extensionHostProcess.js:7:1556)
	at file:///ide/out/vs/workbench/api/node/extensionHostProcess.js:29:138942
	at Array.forEach (<anonymous>)
	at cS.dispose (file:///ide/out/vs/workbench/api/node/extensionHostProcess.js:29:138848)
	at KG.terminate (file:///ide/out/vs/workbench/api/node/extensionHostProcess.js:117:12333)
	at Y8.terminate (file:///ide/out/vs/workbench/api/node/extensionHostProcess.js:119:1082)
	at us (file:///ide/out/vs/workbench/api/node/extensionHostProcess.js:356:10566)
	at cE.runner (file:///ide/out/vs/workbench/api/node/extensionHostProcess.js:356:7378)
	at cE.onInterval (file:///ide/out/vs/workbench/api/node/extensionHostProcess.js:28:78950)
	at listOnTimeout (node:internal/timers:588:17)
	at process.processTimers (node:internal/timers:523:7) 
2025-08-08 23:37:41.458 [error] ProxyResolver#resolveProxy undefined Canceled: Canceled
	at el (file:///ide/out/vs/workbench/api/node/extensionHostProcess.js:7:1556)
	at file:///ide/out/vs/workbench/api/node/extensionHostProcess.js:29:138942
	at Array.forEach (<anonymous>)
	at cS.dispose (file:///ide/out/vs/workbench/api/node/extensionHostProcess.js:29:138848)
	at KG.terminate (file:///ide/out/vs/workbench/api/node/extensionHostProcess.js:117:12333)
	at Y8.terminate (file:///ide/out/vs/workbench/api/node/extensionHostProcess.js:119:1082)
	at us (file:///ide/out/vs/workbench/api/node/extensionHostProcess.js:356:10566)
	at cE.runner (file:///ide/out/vs/workbench/api/node/extensionHostProcess.js:356:7378)
	at cE.onInterval (file:///ide/out/vs/workbench/api/node/extensionHostProcess.js:28:78950)
	at listOnTimeout (node:internal/timers:588:17)
	at process.processTimers (node:internal/timers:523:7) 
2025-08-08 23:37:41.458 [error] ProxyResolver#resolveProxy undefined Canceled: Canceled
	at el (file:///ide/out/vs/workbench/api/node/extensionHostProcess.js:7:1556)
	at file:///ide/out/vs/workbench/api/node/extensionHostProcess.js:29:138942
	at Array.forEach (<anonymous>)
	at cS.dispose (file:///ide/out/vs/workbench/api/node/extensionHostProcess.js:29:138848)
	at KG.terminate (file:///ide/out/vs/workbench/api/node/extensionHostProcess.js:117:12333)
	at Y8.terminate (file:///ide/out/vs/workbench/api/node/extensionHostProcess.js:119:1082)
	at us (file:///ide/out/vs/workbench/api/node/extensionHostProcess.js:356:10566)
	at cE.runner (file:///ide/out/vs/workbench/api/node/extensionHostProcess.js:356:7378)
	at cE.onInterval (file:///ide/out/vs/workbench/api/node/extensionHostProcess.js:28:78950)
	at listOnTimeout (node:internal/timers:588:17)
	at process.processTimers (node:internal/timers:523:7) 
2025-08-08 23:37:41.458 [error] ProxyResolver#resolveProxy undefined Canceled: Canceled
	at el (file:///ide/out/vs/workbench/api/node/extensionHostProcess.js:7:1556)
	at file:///ide/out/vs/workbench/api/node/extensionHostProcess.js:29:138942
	at Array.forEach (<anonymous>)
	at cS.dispose (file:///ide/out/vs/workbench/api/node/extensionHostProcess.js:29:138848)
	at KG.terminate (file:///ide/out/vs/workbench/api/node/extensionHostProcess.js:117:12333)
	at Y8.terminate (file:///ide/out/vs/workbench/api/node/extensionHostProcess.js:119:1082)
	at us (file:///ide/out/vs/workbench/api/node/extensionHostProcess.js:356:10566)
	at cE.runner (file:///ide/out/vs/workbench/api/node/extensionHostProcess.js:356:7378)
	at cE.onInterval (file:///ide/out/vs/workbench/api/node/extensionHostProcess.js:28:78950)
	at listOnTimeout (node:internal/timers:588:17)
	at process.processTimers (node:internal/timers:523:7) 
2025-08-08 23:37:41.458 [error] ProxyResolver#resolveProxy undefined Canceled: Canceled
	at el (file:///ide/out/vs/workbench/api/node/extensionHostProcess.js:7:1556)
	at file:///ide/out/vs/workbench/api/node/extensionHostProcess.js:29:138942
	at Array.forEach (<anonymous>)
	at cS.dispose (file:///ide/out/vs/workbench/api/node/extensionHostProcess.js:29:138848)
	at KG.terminate (file:///ide/out/vs/workbench/api/node/extensionHostProcess.js:117:12333)
	at Y8.terminate (file:///ide/out/vs/workbench/api/node/extensionHostProcess.js:119:1082)
	at us (file:///ide/out/vs/workbench/api/node/extensionHostProcess.js:356:10566)
	at cE.runner (file:///ide/out/vs/workbench/api/node/extensionHostProcess.js:356:7378)
	at cE.onInterval (file:///ide/out/vs/workbench/api/node/extensionHostProcess.js:28:78950)
	at listOnTimeout (node:internal/timers:588:17)
	at process.processTimers (node:internal/timers:523:7) 
2025-08-08 23:37:41.458 [error] ProxyResolver#resolveProxy undefined Canceled: Canceled
	at el (file:///ide/out/vs/workbench/api/node/extensionHostProcess.js:7:1556)
	at file:///ide/out/vs/workbench/api/node/extensionHostProcess.js:29:138942
	at Array.forEach (<anonymous>)
	at cS.dispose (file:///ide/out/vs/workbench/api/node/extensionHostProcess.js:29:138848)
	at KG.terminate (file:///ide/out/vs/workbench/api/node/extensionHostProcess.js:117:12333)
	at Y8.terminate (file:///ide/out/vs/workbench/api/node/extensionHostProcess.js:119:1082)
	at us (file:///ide/out/vs/workbench/api/node/extensionHostProcess.js:356:10566)
	at cE.runner (file:///ide/out/vs/workbench/api/node/extensionHostProcess.js:356:7378)
	at cE.onInterval (file:///ide/out/vs/workbench/api/node/extensionHostProcess.js:28:78950)
	at listOnTimeout (node:internal/timers:588:17)
	at process.processTimers (node:internal/timers:523:7) 
2025-08-08 23:37:41.458 [error] ProxyResolver#resolveProxy undefined Canceled: Canceled
	at el (file:///ide/out/vs/workbench/api/node/extensionHostProcess.js:7:1556)
	at file:///ide/out/vs/workbench/api/node/extensionHostProcess.js:29:138942
	at Array.forEach (<anonymous>)
	at cS.dispose (file:///ide/out/vs/workbench/api/node/extensionHostProcess.js:29:138848)
	at KG.terminate (file:///ide/out/vs/workbench/api/node/extensionHostProcess.js:117:12333)
	at Y8.terminate (file:///ide/out/vs/workbench/api/node/extensionHostProcess.js:119:1082)
	at us (file:///ide/out/vs/workbench/api/node/extensionHostProcess.js:356:10566)
	at cE.runner (file:///ide/out/vs/workbench/api/node/extensionHostProcess.js:356:7378)
	at cE.onInterval (file:///ide/out/vs/workbench/api/node/extensionHostProcess.js:28:78950)
	at listOnTimeout (node:internal/timers:588:17)
	at process.processTimers (node:internal/timers:523:7) 
2025-08-08 23:37:41.458 [error] ProxyResolver#resolveProxy undefined Canceled: Canceled
	at el (file:///ide/out/vs/workbench/api/node/extensionHostProcess.js:7:1556)
	at file:///ide/out/vs/workbench/api/node/extensionHostProcess.js:29:138942
	at Array.forEach (<anonymous>)
	at cS.dispose (file:///ide/out/vs/workbench/api/node/extensionHostProcess.js:29:138848)
	at KG.terminate (file:///ide/out/vs/workbench/api/node/extensionHostProcess.js:117:12333)
	at Y8.terminate (file:///ide/out/vs/workbench/api/node/extensionHostProcess.js:119:1082)
	at us (file:///ide/out/vs/workbench/api/node/extensionHostProcess.js:356:10566)
	at cE.runner (file:///ide/out/vs/workbench/api/node/extensionHostProcess.js:356:7378)
	at cE.onInterval (file:///ide/out/vs/workbench/api/node/extensionHostProcess.js:28:78950)
	at listOnTimeout (node:internal/timers:588:17)
	at process.processTimers (node:internal/timers:523:7) 
2025-08-08 23:37:41.458 [error] ProxyResolver#resolveProxy undefined Canceled: Canceled
	at el (file:///ide/out/vs/workbench/api/node/extensionHostProcess.js:7:1556)
	at file:///ide/out/vs/workbench/api/node/extensionHostProcess.js:29:138942
	at Array.forEach (<anonymous>)
	at cS.dispose (file:///ide/out/vs/workbench/api/node/extensionHostProcess.js:29:138848)
	at KG.terminate (file:///ide/out/vs/workbench/api/node/extensionHostProcess.js:117:12333)
	at Y8.terminate (file:///ide/out/vs/workbench/api/node/extensionHostProcess.js:119:1082)
	at us (file:///ide/out/vs/workbench/api/node/extensionHostProcess.js:356:10566)
	at cE.runner (file:///ide/out/vs/workbench/api/node/extensionHostProcess.js:356:7378)
	at cE.onInterval (file:///ide/out/vs/workbench/api/node/extensionHostProcess.js:28:78950)
	at listOnTimeout (node:internal/timers:588:17)
	at process.processTimers (node:internal/timers:523:7) 
2025-08-08 23:37:41.458 [error] ProxyResolver#resolveProxy undefined Canceled: Canceled
	at el (file:///ide/out/vs/workbench/api/node/extensionHostProcess.js:7:1556)
	at file:///ide/out/vs/workbench/api/node/extensionHostProcess.js:29:138942
	at Array.forEach (<anonymous>)
	at cS.dispose (file:///ide/out/vs/workbench/api/node/extensionHostProcess.js:29:138848)
	at KG.terminate (file:///ide/out/vs/workbench/api/node/extensionHostProcess.js:117:12333)
	at Y8.terminate (file:///ide/out/vs/workbench/api/node/extensionHostProcess.js:119:1082)
	at us (file:///ide/out/vs/workbench/api/node/extensionHostProcess.js:356:10566)
	at cE.runner (file:///ide/out/vs/workbench/api/node/extensionHostProcess.js:356:7378)
	at cE.onInterval (file:///ide/out/vs/workbench/api/node/extensionHostProcess.js:28:78950)
	at listOnTimeout (node:internal/timers:588:17)
	at process.processTimers (node:internal/timers:523:7) 
2025-08-08 23:37:41.458 [error] ProxyResolver#resolveProxy undefined Canceled: Canceled
	at el (file:///ide/out/vs/workbench/api/node/extensionHostProcess.js:7:1556)
	at file:///ide/out/vs/workbench/api/node/extensionHostProcess.js:29:138942
	at Array.forEach (<anonymous>)
	at cS.dispose (file:///ide/out/vs/workbench/api/node/extensionHostProcess.js:29:138848)
	at KG.terminate (file:///ide/out/vs/workbench/api/node/extensionHostProcess.js:117:12333)
	at Y8.terminate (file:///ide/out/vs/workbench/api/node/extensionHostProcess.js:119:1082)
	at us (file:///ide/out/vs/workbench/api/node/extensionHostProcess.js:356:10566)
	at cE.runner (file:///ide/out/vs/workbench/api/node/extensionHostProcess.js:356:7378)
	at cE.onInterval (file:///ide/out/vs/workbench/api/node/extensionHostProcess.js:28:78950)
	at listOnTimeout (node:internal/timers:588:17)
	at process.processTimers (node:internal/timers:523:7) 
2025-08-08 23:37:41.458 [error] ProxyResolver#resolveProxy undefined Canceled: Canceled
	at el (file:///ide/out/vs/workbench/api/node/extensionHostProcess.js:7:1556)
	at file:///ide/out/vs/workbench/api/node/extensionHostProcess.js:29:138942
	at Array.forEach (<anonymous>)
	at cS.dispose (file:///ide/out/vs/workbench/api/node/extensionHostProcess.js:29:138848)
	at KG.terminate (file:///ide/out/vs/workbench/api/node/extensionHostProcess.js:117:12333)
	at Y8.terminate (file:///ide/out/vs/workbench/api/node/extensionHostProcess.js:119:1082)
	at us (file:///ide/out/vs/workbench/api/node/extensionHostProcess.js:356:10566)
	at cE.runner (file:///ide/out/vs/workbench/api/node/extensionHostProcess.js:356:7378)
	at cE.onInterval (file:///ide/out/vs/workbench/api/node/extensionHostProcess.js:28:78950)
	at listOnTimeout (node:internal/timers:588:17)
	at process.processTimers (node:internal/timers:523:7) 
2025-08-08 23:37:41.459 [error] ProxyResolver#resolveProxy undefined Canceled: Canceled
	at el (file:///ide/out/vs/workbench/api/node/extensionHostProcess.js:7:1556)
	at file:///ide/out/vs/workbench/api/node/extensionHostProcess.js:29:138942
	at Array.forEach (<anonymous>)
	at cS.dispose (file:///ide/out/vs/workbench/api/node/extensionHostProcess.js:29:138848)
	at KG.terminate (file:///ide/out/vs/workbench/api/node/extensionHostProcess.js:117:12333)
	at Y8.terminate (file:///ide/out/vs/workbench/api/node/extensionHostProcess.js:119:1082)
	at us (file:///ide/out/vs/workbench/api/node/extensionHostProcess.js:356:10566)
	at cE.runner (file:///ide/out/vs/workbench/api/node/extensionHostProcess.js:356:7378)
	at cE.onInterval (file:///ide/out/vs/workbench/api/node/extensionHostProcess.js:28:78950)
	at listOnTimeout (node:internal/timers:588:17)
	at process.processTimers (node:internal/timers:523:7) 
2025-08-08 23:37:41.459 [error] ProxyResolver#resolveProxy undefined Canceled: Canceled
	at el (file:///ide/out/vs/workbench/api/node/extensionHostProcess.js:7:1556)
	at file:///ide/out/vs/workbench/api/node/extensionHostProcess.js:29:138942
	at Array.forEach (<anonymous>)
	at cS.dispose (file:///ide/out/vs/workbench/api/node/extensionHostProcess.js:29:138848)
	at KG.terminate (file:///ide/out/vs/workbench/api/node/extensionHostProcess.js:117:12333)
	at Y8.terminate (file:///ide/out/vs/workbench/api/node/extensionHostProcess.js:119:1082)
	at us (file:///ide/out/vs/workbench/api/node/extensionHostProcess.js:356:10566)
	at cE.runner (file:///ide/out/vs/workbench/api/node/extensionHostProcess.js:356:7378)
	at cE.onInterval (file:///ide/out/vs/workbench/api/node/extensionHostProcess.js:28:78950)
	at listOnTimeout (node:internal/timers:588:17)
	at process.processTimers (node:internal/timers:523:7) 
2025-08-08 23:37:41.459 [error] ProxyResolver#resolveProxy undefined Canceled: Canceled
	at el (file:///ide/out/vs/workbench/api/node/extensionHostProcess.js:7:1556)
	at file:///ide/out/vs/workbench/api/node/extensionHostProcess.js:29:138942
	at Array.forEach (<anonymous>)
	at cS.dispose (file:///ide/out/vs/workbench/api/node/extensionHostProcess.js:29:138848)
	at KG.terminate (file:///ide/out/vs/workbench/api/node/extensionHostProcess.js:117:12333)
	at Y8.terminate (file:///ide/out/vs/workbench/api/node/extensionHostProcess.js:119:1082)
	at us (file:///ide/out/vs/workbench/api/node/extensionHostProcess.js:356:10566)
	at cE.runner (file:///ide/out/vs/workbench/api/node/extensionHostProcess.js:356:7378)
	at cE.onInterval (file:///ide/out/vs/workbench/api/node/extensionHostProcess.js:28:78950)
	at listOnTimeout (node:internal/timers:588:17)
	at process.processTimers (node:internal/timers:523:7) 
2025-08-08 23:37:41.459 [error] ProxyResolver#resolveProxy undefined Canceled: Canceled
	at el (file:///ide/out/vs/workbench/api/node/extensionHostProcess.js:7:1556)
	at file:///ide/out/vs/workbench/api/node/extensionHostProcess.js:29:138942
	at Array.forEach (<anonymous>)
	at cS.dispose (file:///ide/out/vs/workbench/api/node/extensionHostProcess.js:29:138848)
	at KG.terminate (file:///ide/out/vs/workbench/api/node/extensionHostProcess.js:117:12333)
	at Y8.terminate (file:///ide/out/vs/workbench/api/node/extensionHostProcess.js:119:1082)
	at us (file:///ide/out/vs/workbench/api/node/extensionHostProcess.js:356:10566)
	at cE.runner (file:///ide/out/vs/workbench/api/node/extensionHostProcess.js:356:7378)
	at cE.onInterval (file:///ide/out/vs/workbench/api/node/extensionHostProcess.js:28:78950)
	at listOnTimeout (node:internal/timers:588:17)
	at process.processTimers (node:internal/timers:523:7) 
2025-08-08 23:37:41.459 [error] ProxyResolver#resolveProxy undefined Canceled: Canceled
	at el (file:///ide/out/vs/workbench/api/node/extensionHostProcess.js:7:1556)
	at file:///ide/out/vs/workbench/api/node/extensionHostProcess.js:29:138942
	at Array.forEach (<anonymous>)
	at cS.dispose (file:///ide/out/vs/workbench/api/node/extensionHostProcess.js:29:138848)
	at KG.terminate (file:///ide/out/vs/workbench/api/node/extensionHostProcess.js:117:12333)
	at Y8.terminate (file:///ide/out/vs/workbench/api/node/extensionHostProcess.js:119:1082)
	at us (file:///ide/out/vs/workbench/api/node/extensionHostProcess.js:356:10566)
	at cE.runner (file:///ide/out/vs/workbench/api/node/extensionHostProcess.js:356:7378)
	at cE.onInterval (file:///ide/out/vs/workbench/api/node/extensionHostProcess.js:28:78950)
	at listOnTimeout (node:internal/timers:588:17)
	at process.processTimers (node:internal/timers:523:7) 
2025-08-08 23:37:41.459 [error] ProxyResolver#resolveProxy undefined Canceled: Canceled
	at el (file:///ide/out/vs/workbench/api/node/extensionHostProcess.js:7:1556)
	at file:///ide/out/vs/workbench/api/node/extensionHostProcess.js:29:138942
	at Array.forEach (<anonymous>)
	at cS.dispose (file:///ide/out/vs/workbench/api/node/extensionHostProcess.js:29:138848)
	at KG.terminate (file:///ide/out/vs/workbench/api/node/extensionHostProcess.js:117:12333)
	at Y8.terminate (file:///ide/out/vs/workbench/api/node/extensionHostProcess.js:119:1082)
	at us (file:///ide/out/vs/workbench/api/node/extensionHostProcess.js:356:10566)
	at cE.runner (file:///ide/out/vs/workbench/api/node/extensionHostProcess.js:356:7378)
	at cE.onInterval (file:///ide/out/vs/workbench/api/node/extensionHostProcess.js:28:78950)
	at listOnTimeout (node:internal/timers:588:17)
	at process.processTimers (node:internal/timers:523:7) 
2025-08-08 23:37:41.459 [error] ProxyResolver#resolveProxy undefined Canceled: Canceled
	at el (file:///ide/out/vs/workbench/api/node/extensionHostProcess.js:7:1556)
	at file:///ide/out/vs/workbench/api/node/extensionHostProcess.js:29:138942
	at Array.forEach (<anonymous>)
	at cS.dispose (file:///ide/out/vs/workbench/api/node/extensionHostProcess.js:29:138848)
	at KG.terminate (file:///ide/out/vs/workbench/api/node/extensionHostProcess.js:117:12333)
	at Y8.terminate (file:///ide/out/vs/workbench/api/node/extensionHostProcess.js:119:1082)
	at us (file:///ide/out/vs/workbench/api/node/extensionHostProcess.js:356:10566)
	at cE.runner (file:///ide/out/vs/workbench/api/node/extensionHostProcess.js:356:7378)
	at cE.onInterval (file:///ide/out/vs/workbench/api/node/extensionHostProcess.js:28:78950)
	at listOnTimeout (node:internal/timers:588:17)
	at process.processTimers (node:internal/timers:523:7) 
2025-08-08 23:37:41.459 [error] ProxyResolver#resolveProxy undefined Canceled: Canceled
	at el (file:///ide/out/vs/workbench/api/node/extensionHostProcess.js:7:1556)
	at file:///ide/out/vs/workbench/api/node/extensionHostProcess.js:29:138942
	at Array.forEach (<anonymous>)
	at cS.dispose (file:///ide/out/vs/workbench/api/node/extensionHostProcess.js:29:138848)
	at KG.terminate (file:///ide/out/vs/workbench/api/node/extensionHostProcess.js:117:12333)
	at Y8.terminate (file:///ide/out/vs/workbench/api/node/extensionHostProcess.js:119:1082)
	at us (file:///ide/out/vs/workbench/api/node/extensionHostProcess.js:356:10566)
	at cE.runner (file:///ide/out/vs/workbench/api/node/extensionHostProcess.js:356:7378)
	at cE.onInterval (file:///ide/out/vs/workbench/api/node/extensionHostProcess.js:28:78950)
	at listOnTimeout (node:internal/timers:588:17)
	at process.processTimers (node:internal/timers:523:7) 
2025-08-08 23:37:41.459 [error] ProxyResolver#resolveProxy undefined Canceled: Canceled
	at el (file:///ide/out/vs/workbench/api/node/extensionHostProcess.js:7:1556)
	at file:///ide/out/vs/workbench/api/node/extensionHostProcess.js:29:138942
	at Array.forEach (<anonymous>)
	at cS.dispose (file:///ide/out/vs/workbench/api/node/extensionHostProcess.js:29:138848)
	at KG.terminate (file:///ide/out/vs/workbench/api/node/extensionHostProcess.js:117:12333)
	at Y8.terminate (file:///ide/out/vs/workbench/api/node/extensionHostProcess.js:119:1082)
	at us (file:///ide/out/vs/workbench/api/node/extensionHostProcess.js:356:10566)
	at cE.runner (file:///ide/out/vs/workbench/api/node/extensionHostProcess.js:356:7378)
	at cE.onInterval (file:///ide/out/vs/workbench/api/node/extensionHostProcess.js:28:78950)
	at listOnTimeout (node:internal/timers:588:17)
	at process.processTimers (node:internal/timers:523:7) 
2025-08-08 23:37:41.459 [error] ProxyResolver#resolveProxy undefined Canceled: Canceled
	at el (file:///ide/out/vs/workbench/api/node/extensionHostProcess.js:7:1556)
	at file:///ide/out/vs/workbench/api/node/extensionHostProcess.js:29:138942
	at Array.forEach (<anonymous>)
	at cS.dispose (file:///ide/out/vs/workbench/api/node/extensionHostProcess.js:29:138848)
	at KG.terminate (file:///ide/out/vs/workbench/api/node/extensionHostProcess.js:117:12333)
	at Y8.terminate (file:///ide/out/vs/workbench/api/node/extensionHostProcess.js:119:1082)
	at us (file:///ide/out/vs/workbench/api/node/extensionHostProcess.js:356:10566)
	at cE.runner (file:///ide/out/vs/workbench/api/node/extensionHostProcess.js:356:7378)
	at cE.onInterval (file:///ide/out/vs/workbench/api/node/extensionHostProcess.js:28:78950)
	at listOnTimeout (node:internal/timers:588:17)
	at process.processTimers (node:internal/timers:523:7) 
2025-08-08 23:37:41.459 [error] ProxyResolver#resolveProxy undefined Canceled: Canceled
	at el (file:///ide/out/vs/workbench/api/node/extensionHostProcess.js:7:1556)
	at file:///ide/out/vs/workbench/api/node/extensionHostProcess.js:29:138942
	at Array.forEach (<anonymous>)
	at cS.dispose (file:///ide/out/vs/workbench/api/node/extensionHostProcess.js:29:138848)
	at KG.terminate (file:///ide/out/vs/workbench/api/node/extensionHostProcess.js:117:12333)
	at Y8.terminate (file:///ide/out/vs/workbench/api/node/extensionHostProcess.js:119:1082)
	at us (file:///ide/out/vs/workbench/api/node/extensionHostProcess.js:356:10566)
	at cE.runner (file:///ide/out/vs/workbench/api/node/extensionHostProcess.js:356:7378)
	at cE.onInterval (file:///ide/out/vs/workbench/api/node/extensionHostProcess.js:28:78950)
	at listOnTimeout (node:internal/timers:588:17)
	at process.processTimers (node:internal/timers:523:7) 
2025-08-08 23:37:41.459 [error] ProxyResolver#resolveProxy undefined Canceled: Canceled
	at el (file:///ide/out/vs/workbench/api/node/extensionHostProcess.js:7:1556)
	at file:///ide/out/vs/workbench/api/node/extensionHostProcess.js:29:138942
	at Array.forEach (<anonymous>)
	at cS.dispose (file:///ide/out/vs/workbench/api/node/extensionHostProcess.js:29:138848)
	at KG.terminate (file:///ide/out/vs/workbench/api/node/extensionHostProcess.js:117:12333)
	at Y8.terminate (file:///ide/out/vs/workbench/api/node/extensionHostProcess.js:119:1082)
	at us (file:///ide/out/vs/workbench/api/node/extensionHostProcess.js:356:10566)
	at cE.runner (file:///ide/out/vs/workbench/api/node/extensionHostProcess.js:356:7378)
	at cE.onInterval (file:///ide/out/vs/workbench/api/node/extensionHostProcess.js:28:78950)
	at listOnTimeout (node:internal/timers:588:17)
	at process.processTimers (node:internal/timers:523:7) 
2025-08-08 23:37:41.459 [error] ProxyResolver#resolveProxy undefined Canceled: Canceled
	at el (file:///ide/out/vs/workbench/api/node/extensionHostProcess.js:7:1556)
	at file:///ide/out/vs/workbench/api/node/extensionHostProcess.js:29:138942
	at Array.forEach (<anonymous>)
	at cS.dispose (file:///ide/out/vs/workbench/api/node/extensionHostProcess.js:29:138848)
	at KG.terminate (file:///ide/out/vs/workbench/api/node/extensionHostProcess.js:117:12333)
	at Y8.terminate (file:///ide/out/vs/workbench/api/node/extensionHostProcess.js:119:1082)
	at us (file:///ide/out/vs/workbench/api/node/extensionHostProcess.js:356:10566)
	at cE.runner (file:///ide/out/vs/workbench/api/node/extensionHostProcess.js:356:7378)
	at cE.onInterval (file:///ide/out/vs/workbench/api/node/extensionHostProcess.js:28:78950)
	at listOnTimeout (node:internal/timers:588:17)
	at process.processTimers (node:internal/timers:523:7) 
2025-08-08 23:37:41.459 [error] ProxyResolver#resolveProxy undefined Canceled: Canceled
	at el (file:///ide/out/vs/workbench/api/node/extensionHostProcess.js:7:1556)
	at file:///ide/out/vs/workbench/api/node/extensionHostProcess.js:29:138942
	at Array.forEach (<anonymous>)
	at cS.dispose (file:///ide/out/vs/workbench/api/node/extensionHostProcess.js:29:138848)
	at KG.terminate (file:///ide/out/vs/workbench/api/node/extensionHostProcess.js:117:12333)
	at Y8.terminate (file:///ide/out/vs/workbench/api/node/extensionHostProcess.js:119:1082)
	at us (file:///ide/out/vs/workbench/api/node/extensionHostProcess.js:356:10566)
	at cE.runner (file:///ide/out/vs/workbench/api/node/extensionHostProcess.js:356:7378)
	at cE.onInterval (file:///ide/out/vs/workbench/api/node/extensionHostProcess.js:28:78950)
	at listOnTimeout (node:internal/timers:588:17)
	at process.processTimers (node:internal/timers:523:7) 
2025-08-08 23:37:41.459 [error] ProxyResolver#resolveProxy undefined Canceled: Canceled
	at el (file:///ide/out/vs/workbench/api/node/extensionHostProcess.js:7:1556)
	at file:///ide/out/vs/workbench/api/node/extensionHostProcess.js:29:138942
	at Array.forEach (<anonymous>)
	at cS.dispose (file:///ide/out/vs/workbench/api/node/extensionHostProcess.js:29:138848)
	at KG.terminate (file:///ide/out/vs/workbench/api/node/extensionHostProcess.js:117:12333)
	at Y8.terminate (file:///ide/out/vs/workbench/api/node/extensionHostProcess.js:119:1082)
	at us (file:///ide/out/vs/workbench/api/node/extensionHostProcess.js:356:10566)
	at cE.runner (file:///ide/out/vs/workbench/api/node/extensionHostProcess.js:356:7378)
	at cE.onInterval (file:///ide/out/vs/workbench/api/node/extensionHostProcess.js:28:78950)
	at listOnTimeout (node:internal/timers:588:17)
	at process.processTimers (node:internal/timers:523:7) 
2025-08-08 23:37:41.459 [error] ProxyResolver#resolveProxy undefined Canceled: Canceled
	at el (file:///ide/out/vs/workbench/api/node/extensionHostProcess.js:7:1556)
	at file:///ide/out/vs/workbench/api/node/extensionHostProcess.js:29:138942
	at Array.forEach (<anonymous>)
	at cS.dispose (file:///ide/out/vs/workbench/api/node/extensionHostProcess.js:29:138848)
	at KG.terminate (file:///ide/out/vs/workbench/api/node/extensionHostProcess.js:117:12333)
	at Y8.terminate (file:///ide/out/vs/workbench/api/node/extensionHostProcess.js:119:1082)
	at us (file:///ide/out/vs/workbench/api/node/extensionHostProcess.js:356:10566)
	at cE.runner (file:///ide/out/vs/workbench/api/node/extensionHostProcess.js:356:7378)
	at cE.onInterval (file:///ide/out/vs/workbench/api/node/extensionHostProcess.js:28:78950)
	at listOnTimeout (node:internal/timers:588:17)
	at process.processTimers (node:internal/timers:523:7) 
2025-08-08 23:37:41.459 [error] ProxyResolver#resolveProxy undefined Canceled: Canceled
	at el (file:///ide/out/vs/workbench/api/node/extensionHostProcess.js:7:1556)
	at file:///ide/out/vs/workbench/api/node/extensionHostProcess.js:29:138942
	at Array.forEach (<anonymous>)
	at cS.dispose (file:///ide/out/vs/workbench/api/node/extensionHostProcess.js:29:138848)
	at KG.terminate (file:///ide/out/vs/workbench/api/node/extensionHostProcess.js:117:12333)
	at Y8.terminate (file:///ide/out/vs/workbench/api/node/extensionHostProcess.js:119:1082)
	at us (file:///ide/out/vs/workbench/api/node/extensionHostProcess.js:356:10566)
	at cE.runner (file:///ide/out/vs/workbench/api/node/extensionHostProcess.js:356:7378)
	at cE.onInterval (file:///ide/out/vs/workbench/api/node/extensionHostProcess.js:28:78950)
	at listOnTimeout (node:internal/timers:588:17)
	at process.processTimers (node:internal/timers:523:7) 
2025-08-08 23:37:41.459 [error] ProxyResolver#resolveProxy undefined Canceled: Canceled
	at el (file:///ide/out/vs/workbench/api/node/extensionHostProcess.js:7:1556)
	at file:///ide/out/vs/workbench/api/node/extensionHostProcess.js:29:138942
	at Array.forEach (<anonymous>)
	at cS.dispose (file:///ide/out/vs/workbench/api/node/extensionHostProcess.js:29:138848)
	at KG.terminate (file:///ide/out/vs/workbench/api/node/extensionHostProcess.js:117:12333)
	at Y8.terminate (file:///ide/out/vs/workbench/api/node/extensionHostProcess.js:119:1082)
	at us (file:///ide/out/vs/workbench/api/node/extensionHostProcess.js:356:10566)
	at cE.runner (file:///ide/out/vs/workbench/api/node/extensionHostProcess.js:356:7378)
	at cE.onInterval (file:///ide/out/vs/workbench/api/node/extensionHostProcess.js:28:78950)
	at listOnTimeout (node:internal/timers:588:17)
	at process.processTimers (node:internal/timers:523:7) 
2025-08-08 23:37:41.459 [error] ProxyResolver#resolveProxy undefined Canceled: Canceled
	at el (file:///ide/out/vs/workbench/api/node/extensionHostProcess.js:7:1556)
	at file:///ide/out/vs/workbench/api/node/extensionHostProcess.js:29:138942
	at Array.forEach (<anonymous>)
	at cS.dispose (file:///ide/out/vs/workbench/api/node/extensionHostProcess.js:29:138848)
	at KG.terminate (file:///ide/out/vs/workbench/api/node/extensionHostProcess.js:117:12333)
	at Y8.terminate (file:///ide/out/vs/workbench/api/node/extensionHostProcess.js:119:1082)
	at us (file:///ide/out/vs/workbench/api/node/extensionHostProcess.js:356:10566)
	at cE.runner (file:///ide/out/vs/workbench/api/node/extensionHostProcess.js:356:7378)
	at cE.onInterval (file:///ide/out/vs/workbench/api/node/extensionHostProcess.js:28:78950)
	at listOnTimeout (node:internal/timers:588:17)
	at process.processTimers (node:internal/timers:523:7) 
2025-08-08 23:37:41.459 [error] ProxyResolver#resolveProxy undefined Canceled: Canceled
	at el (file:///ide/out/vs/workbench/api/node/extensionHostProcess.js:7:1556)
	at file:///ide/out/vs/workbench/api/node/extensionHostProcess.js:29:138942
	at Array.forEach (<anonymous>)
	at cS.dispose (file:///ide/out/vs/workbench/api/node/extensionHostProcess.js:29:138848)
	at KG.terminate (file:///ide/out/vs/workbench/api/node/extensionHostProcess.js:117:12333)
	at Y8.terminate (file:///ide/out/vs/workbench/api/node/extensionHostProcess.js:119:1082)
	at us (file:///ide/out/vs/workbench/api/node/extensionHostProcess.js:356:10566)
	at cE.runner (file:///ide/out/vs/workbench/api/node/extensionHostProcess.js:356:7378)
	at cE.onInterval (file:///ide/out/vs/workbench/api/node/extensionHostProcess.js:28:78950)
	at listOnTimeout (node:internal/timers:588:17)
	at process.processTimers (node:internal/timers:523:7) 
2025-08-08 23:37:41.459 [error] ProxyResolver#resolveProxy undefined Canceled: Canceled
	at el (file:///ide/out/vs/workbench/api/node/extensionHostProcess.js:7:1556)
	at file:///ide/out/vs/workbench/api/node/extensionHostProcess.js:29:138942
	at Array.forEach (<anonymous>)
	at cS.dispose (file:///ide/out/vs/workbench/api/node/extensionHostProcess.js:29:138848)
	at KG.terminate (file:///ide/out/vs/workbench/api/node/extensionHostProcess.js:117:12333)
	at Y8.terminate (file:///ide/out/vs/workbench/api/node/extensionHostProcess.js:119:1082)
	at us (file:///ide/out/vs/workbench/api/node/extensionHostProcess.js:356:10566)
	at cE.runner (file:///ide/out/vs/workbench/api/node/extensionHostProcess.js:356:7378)
	at cE.onInterval (file:///ide/out/vs/workbench/api/node/extensionHostProcess.js:28:78950)
	at listOnTimeout (node:internal/timers:588:17)
	at process.processTimers (node:internal/timers:523:7) 
2025-08-08 23:37:41.459 [error] ProxyResolver#resolveProxy undefined Canceled: Canceled
	at el (file:///ide/out/vs/workbench/api/node/extensionHostProcess.js:7:1556)
	at file:///ide/out/vs/workbench/api/node/extensionHostProcess.js:29:138942
	at Array.forEach (<anonymous>)
	at cS.dispose (file:///ide/out/vs/workbench/api/node/extensionHostProcess.js:29:138848)
	at KG.terminate (file:///ide/out/vs/workbench/api/node/extensionHostProcess.js:117:12333)
	at Y8.terminate (file:///ide/out/vs/workbench/api/node/extensionHostProcess.js:119:1082)
	at us (file:///ide/out/vs/workbench/api/node/extensionHostProcess.js:356:10566)
	at cE.runner (file:///ide/out/vs/workbench/api/node/extensionHostProcess.js:356:7378)
	at cE.onInterval (file:///ide/out/vs/workbench/api/node/extensionHostProcess.js:28:78950)
	at listOnTimeout (node:internal/timers:588:17)
	at process.processTimers (node:internal/timers:523:7) 
2025-08-08 23:37:41.459 [error] ProxyResolver#resolveProxy undefined Canceled: Canceled
	at el (file:///ide/out/vs/workbench/api/node/extensionHostProcess.js:7:1556)
	at file:///ide/out/vs/workbench/api/node/extensionHostProcess.js:29:138942
	at Array.forEach (<anonymous>)
	at cS.dispose (file:///ide/out/vs/workbench/api/node/extensionHostProcess.js:29:138848)
	at KG.terminate (file:///ide/out/vs/workbench/api/node/extensionHostProcess.js:117:12333)
	at Y8.terminate (file:///ide/out/vs/workbench/api/node/extensionHostProcess.js:119:1082)
	at us (file:///ide/out/vs/workbench/api/node/extensionHostProcess.js:356:10566)
	at cE.runner (file:///ide/out/vs/workbench/api/node/extensionHostProcess.js:356:7378)
	at cE.onInterval (file:///ide/out/vs/workbench/api/node/extensionHostProcess.js:28:78950)
	at listOnTimeout (node:internal/timers:588:17)
	at process.processTimers (node:internal/timers:523:7) 
2025-08-08 23:37:41.459 [error] ProxyResolver#resolveProxy undefined Canceled: Canceled
	at el (file:///ide/out/vs/workbench/api/node/extensionHostProcess.js:7:1556)
	at file:///ide/out/vs/workbench/api/node/extensionHostProcess.js:29:138942
	at Array.forEach (<anonymous>)
	at cS.dispose (file:///ide/out/vs/workbench/api/node/extensionHostProcess.js:29:138848)
	at KG.terminate (file:///ide/out/vs/workbench/api/node/extensionHostProcess.js:117:12333)
	at Y8.terminate (file:///ide/out/vs/workbench/api/node/extensionHostProcess.js:119:1082)
	at us (file:///ide/out/vs/workbench/api/node/extensionHostProcess.js:356:10566)
	at cE.runner (file:///ide/out/vs/workbench/api/node/extensionHostProcess.js:356:7378)
	at cE.onInterval (file:///ide/out/vs/workbench/api/node/extensionHostProcess.js:28:78950)
	at listOnTimeout (node:internal/timers:588:17)
	at process.processTimers (node:internal/timers:523:7) 
2025-08-08 23:37:43.528 [error] Error: Channel has been closed
	at s (file:///ide/out/vs/workbench/api/node/extensionHostProcess.js:120:3260)
	at Object.appendLine (file:///ide/out/vs/workbench/api/node/extensionHostProcess.js:120:3399)
	at ed.error (/workspace/.vscode-remote/extensions/bradlc.vscode-tailwindcss-0.14.26-universal/dist/extension.js:39:683)
	at /workspace/.vscode-remote/extensions/bradlc.vscode-tailwindcss-0.14.26-universal/dist/extension.js:39:8991
	at runNextTicks (node:internal/process/task_queues:65:5)
	at listOnTimeout (node:internal/timers:549:9)
	at process.processTimers (node:internal/timers:523:7)
	at async Object.iT (/workspace/.vscode-remote/extensions/bradlc.vscode-tailwindcss-0.14.26-universal/dist/extension.js:40:16586)
	at async Promise.all (index 17)
	at async KG._deactivateAll (file:///ide/out/vs/workbench/api/node/extensionHostProcess.js:117:12038)
2025-08-08 23:37:43.528 [info] Extension host with pid 537 exiting with code 0
