2025-08-09 15:52:37.662 [info] Extension host with pid 8969 started
2025-08-09 15:52:37.663 [info] Lock '/workspace/.vscode-remote/data/User/workspaceStorage/1cafd87f/vscode.lock': Lock acquired.
2025-08-09 15:52:40.209 [info] ExtensionService#_doActivateExtension vscode.simple-browser, startup: false, activationEvent: 'onWebviewPanel:simpleBrowser.view'
2025-08-09 15:52:40.211 [info] ExtensionService#_doActivateExtension vscode.css-language-features, startup: false, activationEvent: 'onLanguage:css'
2025-08-09 15:52:40.211 [info] ExtensionService#_doActivateExtension vscode.emmet, startup: false, activationEvent: 'onLanguage'
2025-08-09 15:52:41.212 [info] ExtensionService#_doActivateExtension vscode.git-base, startup: true, activationEvent: '*', root cause: vscode.git
2025-08-09 15:52:41.212 [info] ExtensionService#_doActivateExtension gitpod.gitpod-web, startup: true, activationEvent: '*'
2025-08-09 15:52:41.328 [info] ExtensionService#_doActivateExtension vscode.npm, startup: true, activationEvent: 'workspaceContains:package.json'
2025-08-09 15:52:42.890 [info] ExtensionService#_doActivateExtension vscode.git, startup: true, activationEvent: '*'
2025-08-09 15:52:42.890 [info] ExtensionService#_doActivateExtension vscode.github, startup: true, activationEvent: '*'
2025-08-09 15:52:43.645 [info] ExtensionService#_doActivateExtension astro-build.astro-vscode, startup: true, activationEvent: 'workspaceContains:astro.config.*'
2025-08-09 15:52:47.298 [info] ExtensionService#_doActivateExtension redhat.vscode-yaml, startup: false, activationEvent: 'onLanguage:yaml'
2025-08-09 15:52:51.164 [warning] [redhat.vscode-yaml] Accessing a resource scoped configuration without providing a resource is not expected. To get the effective value for '[yaml]', provide the URI of a resource or 'null' for any resource.
2025-08-09 15:52:51.182 [warning] [redhat.vscode-yaml] Accessing a resource scoped configuration without providing a resource is not expected. To get the effective value for '[yaml]', provide the URI of a resource or 'null' for any resource.
2025-08-09 15:52:51.215 [info] ExtensionService#_doActivateExtension vscode.debug-auto-launch, startup: false, activationEvent: 'onStartupFinished'
2025-08-09 15:52:51.216 [info] ExtensionService#_doActivateExtension vscode.merge-conflict, startup: false, activationEvent: 'onStartupFinished'
2025-08-09 15:52:51.216 [info] ExtensionService#_doActivateExtension bradlc.vscode-tailwindcss, startup: false, activationEvent: 'onStartupFinished'
2025-08-09 15:52:51.216 [info] ExtensionService#_doActivateExtension Codeium.codeium, startup: false, activationEvent: 'onStartupFinished'
2025-08-09 15:52:51.216 [info] ExtensionService#_doActivateExtension esbenp.prettier-vscode, startup: false, activationEvent: 'onStartupFinished'
2025-08-09 15:52:51.216 [info] ExtensionService#_doActivateExtension vscode.github-authentication, startup: false, activationEvent: 'onStartupFinished', root cause: GitHub.vscode-pull-request-github
2025-08-09 15:52:51.216 [info] ExtensionService#_doActivateExtension PKief.material-icon-theme, startup: false, activationEvent: 'onStartupFinished'
2025-08-09 15:52:52.143 [info] Eager extensions activated
2025-08-09 15:52:52.520 [info] ExtensionService#_doActivateExtension GitHub.vscode-pull-request-github, startup: false, activationEvent: 'onStartupFinished'
2025-08-09 15:52:55.511 [warning] [redhat.vscode-yaml] Accessing a resource scoped configuration without providing a resource is not expected. To get the effective value for '[yaml]', provide the URI of a resource or 'null' for any resource.
2025-08-09 15:52:57.024 [info] ExtensionService#_doActivateExtension vscode.configuration-editing, startup: false, activationEvent: 'onLanguage:json'
2025-08-09 15:52:57.024 [info] ExtensionService#_doActivateExtension vscode.extension-editing, startup: false, activationEvent: 'onLanguage:json'
2025-08-09 15:52:57.024 [info] ExtensionService#_doActivateExtension vscode.json-language-features, startup: false, activationEvent: 'onLanguage:json'
2025-08-09 15:52:59.065 [warning] [redhat.vscode-yaml] Accessing a resource scoped configuration without providing a resource is not expected. To get the effective value for '[yaml]', provide the URI of a resource or 'null' for any resource.
2025-08-09 15:52:59.863 [warning] [redhat.vscode-yaml] Accessing a resource scoped configuration without providing a resource is not expected. To get the effective value for '[yaml]', provide the URI of a resource or 'null' for any resource.
2025-08-09 15:52:59.887 [warning] [redhat.vscode-yaml] Accessing a resource scoped configuration without providing a resource is not expected. To get the effective value for '[yaml]', provide the URI of a resource or 'null' for any resource.
2025-08-09 15:53:00.584 [warning] [redhat.vscode-yaml] Accessing a resource scoped configuration without providing a resource is not expected. To get the effective value for '[yaml]', provide the URI of a resource or 'null' for any resource.
2025-08-09 15:53:01.254 [warning] [redhat.vscode-yaml] Accessing a resource scoped configuration without providing a resource is not expected. To get the effective value for '[yaml]', provide the URI of a resource or 'null' for any resource.
2025-08-09 15:53:01.275 [warning] [redhat.vscode-yaml] Accessing a resource scoped configuration without providing a resource is not expected. To get the effective value for '[yaml]', provide the URI of a resource or 'null' for any resource.
2025-08-09 15:53:01.278 [info] ExtensionService#_doActivateExtension vscode.typescript-language-features, startup: false, activationEvent: 'onLanguage:jsonc'
2025-08-09 15:53:01.943 [warning] [redhat.vscode-yaml] Accessing a resource scoped configuration without providing a resource is not expected. To get the effective value for '[yaml]', provide the URI of a resource or 'null' for any resource.
2025-08-09 15:53:02.099 [warning] [redhat.vscode-yaml] Accessing a resource scoped configuration without providing a resource is not expected. To get the effective value for '[yaml]', provide the URI of a resource or 'null' for any resource.
2025-08-09 16:11:24.329 [info] Extension host terminating: received terminate message from renderer
2025-08-09 16:11:24.330 [info] Lock '/workspace/.vscode-remote/data/User/workspaceStorage/1cafd87f/vscode.lock': Marking the lockfile as scheduled to be released in 6000 ms.
2025-08-09 16:11:24.362 [error] [vscode.css-language-features] provider FAILED
2025-08-09 16:11:24.362 [error] Error: Starting server failed
	at P.$start (/ide/extensions/css-language-features/client/dist/node/cssClientMain.js:1:109184)
	at async P.sendRequest (/ide/extensions/css-language-features/client/dist/node/cssClientMain.js:1:92723)
	at async lb.provideColors (file:///ide/out/vs/workbench/api/node/extensionHostProcess.js:140:168728)
2025-08-09 16:11:24.362 [error] [vscode.css-language-features] provider FAILED
2025-08-09 16:11:24.362 [error] Error: Starting server failed
	at P.$start (/ide/extensions/css-language-features/client/dist/node/cssClientMain.js:1:109184)
	at async P.sendRequest (/ide/extensions/css-language-features/client/dist/node/cssClientMain.js:1:92723)
	at async Gm.provideCodeActions (file:///ide/out/vs/workbench/api/node/extensionHostProcess.js:140:147591)
2025-08-09 16:11:24.362 [error] [vscode.css-language-features] provider FAILED
2025-08-09 16:11:24.362 [error] Error: Starting server failed
	at P.$start (/ide/extensions/css-language-features/client/dist/node/cssClientMain.js:1:109184)
	at async P.sendRequest (/ide/extensions/css-language-features/client/dist/node/cssClientMain.js:1:92723)
	at async Gm.provideCodeActions (file:///ide/out/vs/workbench/api/node/extensionHostProcess.js:140:147591)
2025-08-09 16:11:24.373 [error] Error: Channel has been closed
	at n (file:///ide/out/vs/workbench/api/node/extensionHostProcess.js:120:3673)
	at Object.info (file:///ide/out/vs/workbench/api/node/extensionHostProcess.js:120:4043)
	at T.info (/ide/extensions/json-language-features/client/dist/node/jsonClientMain.js:2:291132)
	at ChildProcess.<anonymous> (/ide/extensions/json-language-features/client/dist/node/jsonClientMain.js:2:514778)
	at ChildProcess.emit (node:events:518:28)
	at ChildProcess.emit (node:domain:489:12)
	at ChildProcess._handle.onexit (node:internal/child_process:293:12)
2025-08-09 16:11:24.374 [info] Extension host with pid 8969 exiting with code 0
