2025-08-09 14:52:28.610 [info] Log level: Info
2025-08-09 14:52:28.610 [info] VSCODE_MACHINE_ID: 10d3d877-fe56-442f-a117-f9035039c6e9
2025-08-09 14:52:28.610 [info] VSCODE_SESSION_ID: 160531a3-f52d-4e02-abef-784dea6441e51754751139791
2025-08-09 14:52:28.610 [info] VSCODE_VERSION: 1.102.3
2025-08-09 14:52:28.610 [info] VSCODE_APP_NAME: Gitpod Code
2025-08-09 14:52:28.610 [info] VSCODE_APP_HOST: Gitpod
2025-08-09 14:52:28.610 [info] VSCODE_UI_KIND: web
2025-08-09 14:52:28.610 [info] GITPOD_WORKSPACE_CONTEXT_URL: https://github.com/Abdallah-Develop/Website-starter
2025-08-09 14:52:28.610 [info] GITPOD_INSTANCE_ID: b59029ac-1008-4582-9739-2f9f6ca07115
2025-08-09 14:52:28.610 [info] GITPOD_WORKSPACE_URL: https://abdallahdev-websitestar-esjdme0laxn.ws-eu120.gitpod.io
2025-08-09 14:52:28.610 [info] Gitpod Web 3953e81
2025-08-09 14:52:28.610 [info] Reading sessions from keychain...
2025-08-09 14:52:29.890 [info] Got stored sessions!
2025-08-09 14:52:29.890 [info] Getting sessions for all scopes...
2025-08-09 14:52:29.890 [info] Getting GitHub sessions for all scopes...
2025-08-09 14:52:29.979 [info] Verified session with the following scopes: function:accessCodeSyncStorage function:closePort function:controlAdmission function:deleteEnvVar function:generateNewGitpodToken function:getDefaultWorkspaceImage function:getGitpodTokenScopes function:getIDToken function:getLoggedInUser function:getOpenPorts function:getSupportedWorkspaceClasses function:getTeams function:getToken function:getWorkspace function:getWorkspaceEnvVars function:getWorkspaceOwner function:getWorkspaceTimeout function:getWorkspaceUsers function:guessGitTokenScopes function:isWorkspaceOwner function:openPort function:sendHeartBeat function:setEnvVar function:setWorkspaceTimeout function:stopWorkspace function:takeSnapshot function:trackEvent function:updateGitStatus function:waitForSnapshot resource:contentBlob::*::create/get resource:envVar::*/**::update resource:envVar::*/*::update resource:envVar::Abdallah-Develop/Website-starter::create/get/update/delete resource:gitpodToken::*::create resource:snapshot::ws-abdallahdev-websitestar-esjdme0laxn::create resource:token::*::get resource:userStorage::*::create/get/update resource:workspace::abdallahdev-websitestar-esjdme0laxn::get/update resource:workspaceInstance::b59029ac-1008-4582-9739-2f9f6ca07115::get/update/delete
2025-08-09 14:52:29.979 [info] Got 1 verified sessions.
2025-08-09 14:52:29.979 [info] Got 1 sessions for all scopes...
2025-08-09 14:52:29.980 [info] Getting sessions for all scopes...
2025-08-09 14:52:29.980 [info] Got 1 sessions for all scopes...
2025-08-09 14:52:29.980 [info] Getting sessions for all scopes...
2025-08-09 14:52:29.980 [info] Got 1 sessions for all scopes...
2025-08-09 14:52:30.717 [info] Got 1 GitHub sessions for all scopes...
2025-08-09 14:52:31.917 [info] Getting GitHub sessions for all scopes...
2025-08-09 14:52:31.917 [info] Getting sessions for all scopes...
2025-08-09 14:52:31.917 [info] Got 1 GitHub sessions for all scopes...
2025-08-09 14:52:31.917 [info] Got 1 sessions for all scopes...
2025-08-09 14:52:31.917 [info] Getting GitHub sessions for all scopes...
2025-08-09 14:52:31.917 [info] Getting sessions for function:accessCodeSyncStorage...
2025-08-09 14:52:31.917 [info] Got 1 GitHub sessions for all scopes...
2025-08-09 14:52:31.917 [info] Got 1 sessions for function:accessCodeSyncStorage...
2025-08-09 14:52:32.010 [info] Getting GitHub sessions for read:user,repo,user:email,workflow...
2025-08-09 14:52:32.010 [info] Got 0 GitHub sessions for read:user,repo,user:email,workflow...
2025-08-09 14:52:32.065 [info] Getting GitHub sessions for all scopes...
2025-08-09 14:52:32.065 [info] Got 1 GitHub sessions for all scopes...
2025-08-09 14:52:32.907 [info] Getting GitHub sessions for project,read:org,read:user,repo,user:email,workflow...
2025-08-09 14:52:32.908 [info] Got 0 GitHub sessions for project,read:org,read:user,repo,user:email,workflow...
2025-08-09 14:52:33.108 [info] Getting sessions for all scopes...
2025-08-09 14:52:33.108 [info] Getting GitHub sessions for all scopes...
2025-08-09 14:52:33.109 [info] Got 1 sessions for all scopes...
2025-08-09 14:52:33.109 [info] Got 1 GitHub sessions for all scopes...
2025-08-09 14:52:33.557 [info] Getting sessions for all scopes...
2025-08-09 14:52:33.557 [info] Getting GitHub sessions for all scopes...
2025-08-09 14:52:33.557 [info] Got 1 sessions for all scopes...
2025-08-09 14:52:33.557 [info] Got 1 GitHub sessions for all scopes...
2025-08-09 14:52:33.766 [info] Getting GitHub sessions for read:user,repo,user:email,workflow...
2025-08-09 14:52:33.766 [info] Got 0 GitHub sessions for read:user,repo,user:email,workflow...
