2025-08-09 14:52:49.405 [info] Log level: Info
2025-08-09 14:52:49.508 [info] VSCODE_MACHINE_ID: 10d3d877-fe56-442f-a117-f9035039c6e9
2025-08-09 14:52:49.509 [info] VSCODE_SESSION_ID: bc928ebb-7785-47ea-b641-fd116669f52e1754751160229
2025-08-09 14:52:49.509 [info] VSCODE_VERSION: 1.102.3
2025-08-09 14:52:49.509 [info] VSCODE_APP_NAME: Gitpod Code
2025-08-09 14:52:49.509 [info] VSCODE_APP_HOST: Gitpod
2025-08-09 14:52:49.509 [info] VSCODE_UI_KIND: web
2025-08-09 14:52:49.509 [info] GITPOD_WORKSPACE_CONTEXT_URL: https://github.com/Abdallah-Develop/Website-starter
2025-08-09 14:52:49.509 [info] GITPOD_INSTANCE_ID: b59029ac-1008-4582-9739-2f9f6ca07115
2025-08-09 14:52:49.509 [info] GITPOD_WORKSPACE_URL: https://abdallahdev-websitestar-esjdme0laxn.ws-eu120.gitpod.io
2025-08-09 14:52:49.516 [info] Gitpod Web 3953e81
2025-08-09 14:52:49.516 [info] Reading sessions from keychain...
2025-08-09 14:52:50.815 [info] Got stored sessions!
2025-08-09 14:52:50.816 [info] Getting sessions for all scopes...
2025-08-09 14:52:50.816 [info] Getting GitHub sessions for all scopes...
2025-08-09 14:52:50.878 [info] Verified session with the following scopes: function:accessCodeSyncStorage function:closePort function:controlAdmission function:deleteEnvVar function:generateNewGitpodToken function:getDefaultWorkspaceImage function:getGitpodTokenScopes function:getIDToken function:getLoggedInUser function:getOpenPorts function:getSupportedWorkspaceClasses function:getTeams function:getToken function:getWorkspace function:getWorkspaceEnvVars function:getWorkspaceOwner function:getWorkspaceTimeout function:getWorkspaceUsers function:guessGitTokenScopes function:isWorkspaceOwner function:openPort function:sendHeartBeat function:setEnvVar function:setWorkspaceTimeout function:stopWorkspace function:takeSnapshot function:trackEvent function:updateGitStatus function:waitForSnapshot resource:contentBlob::*::create/get resource:envVar::*/**::update resource:envVar::*/*::update resource:envVar::Abdallah-Develop/Website-starter::create/get/update/delete resource:gitpodToken::*::create resource:snapshot::ws-abdallahdev-websitestar-esjdme0laxn::create resource:token::*::get resource:userStorage::*::create/get/update resource:workspace::abdallahdev-websitestar-esjdme0laxn::get/update resource:workspaceInstance::b59029ac-1008-4582-9739-2f9f6ca07115::get/update/delete
2025-08-09 14:52:50.878 [info] Got 1 verified sessions.
2025-08-09 14:52:50.878 [info] Got 1 sessions for all scopes...
2025-08-09 14:52:50.878 [info] Getting sessions for all scopes...
2025-08-09 14:52:50.878 [info] Got 1 sessions for all scopes...
2025-08-09 14:52:50.878 [info] Getting sessions for all scopes...
2025-08-09 14:52:50.878 [info] Got 1 sessions for all scopes...
2025-08-09 14:52:50.878 [info] Getting sessions for function:accessCodeSyncStorage...
2025-08-09 14:52:50.878 [info] Got 1 sessions for function:accessCodeSyncStorage...
2025-08-09 14:52:50.921 [info] Getting sessions for all scopes...
2025-08-09 14:52:50.921 [info] Got 1 sessions for all scopes...
2025-08-09 14:52:52.615 [info] Got 1 GitHub sessions for all scopes...
2025-08-09 14:52:52.615 [info] Getting GitHub sessions for all scopes...
2025-08-09 14:52:52.615 [info] Got 1 GitHub sessions for all scopes...
2025-08-09 14:52:53.408 [info] Getting GitHub sessions for read:user,repo,user:email,workflow...
2025-08-09 14:52:53.408 [info] Got 0 GitHub sessions for read:user,repo,user:email,workflow...
2025-08-09 14:52:53.566 [info] Getting GitHub sessions for all scopes...
2025-08-09 14:52:53.567 [info] Getting sessions for all scopes...
2025-08-09 14:52:53.567 [info] Got 1 GitHub sessions for all scopes...
2025-08-09 14:52:53.567 [info] Got 1 sessions for all scopes...
2025-08-09 14:52:53.567 [info] Getting GitHub sessions for all scopes...
2025-08-09 14:52:53.567 [info] Got 1 GitHub sessions for all scopes...
2025-08-09 14:52:53.637 [info] Getting sessions for all scopes...
2025-08-09 14:52:53.637 [info] Got 1 sessions for all scopes...
2025-08-09 14:52:54.383 [info] Getting GitHub sessions for all scopes...
2025-08-09 14:52:54.383 [info] Got 1 GitHub sessions for all scopes...
2025-08-09 14:52:54.383 [info] Getting GitHub sessions for all scopes...
2025-08-09 14:52:54.383 [info] Got 1 GitHub sessions for all scopes...
2025-08-09 14:52:56.259 [info] Getting GitHub sessions for project,read:org,read:user,repo,user:email,workflow...
2025-08-09 14:52:56.259 [info] Got 0 GitHub sessions for project,read:org,read:user,repo,user:email,workflow...
2025-08-09 14:52:56.962 [info] Getting GitHub sessions for read:user,repo,user:email,workflow...
2025-08-09 14:52:56.962 [info] Got 0 GitHub sessions for read:user,repo,user:email,workflow...
2025-08-09 14:52:57.033 [info] Getting sessions for all scopes...
2025-08-09 14:52:57.033 [info] Getting GitHub sessions for all scopes...
2025-08-09 14:52:57.033 [info] Got 1 sessions for all scopes...
2025-08-09 14:52:57.033 [info] Got 1 GitHub sessions for all scopes...
2025-08-09 14:52:57.174 [info] Getting sessions for all scopes...
2025-08-09 14:52:57.174 [info] Getting GitHub sessions for all scopes...
2025-08-09 14:52:57.174 [info] Got 1 sessions for all scopes...
2025-08-09 14:52:57.174 [info] Got 1 GitHub sessions for all scopes...
2025-08-09 14:52:57.531 [info] Getting GitHub sessions for read:user,repo,user:email...
2025-08-09 14:52:57.531 [info] Got 0 GitHub sessions for read:user,repo,user:email...
2025-08-09 14:52:57.558 [info] Getting sessions for all scopes...
2025-08-09 14:52:57.558 [info] Getting GitHub sessions for all scopes...
2025-08-09 14:52:57.558 [info] Got 1 sessions for all scopes...
2025-08-09 14:52:57.558 [info] Got 1 GitHub sessions for all scopes...
2025-08-09 14:52:57.558 [info] Getting sessions for all scopes...
2025-08-09 14:52:57.558 [info] Getting GitHub sessions for all scopes...
2025-08-09 14:52:57.558 [info] Got 1 sessions for all scopes...
2025-08-09 14:52:57.558 [info] Got 1 GitHub sessions for all scopes...
2025-08-09 14:52:57.558 [info] Getting sessions for all scopes...
2025-08-09 14:52:57.558 [info] Getting GitHub sessions for all scopes...
2025-08-09 14:52:57.558 [info] Got 1 sessions for all scopes...
2025-08-09 14:52:57.558 [info] Got 1 GitHub sessions for all scopes...
2025-08-09 14:52:58.145 [info] Getting GitHub sessions for read:user,repo,user:email,workflow...
2025-08-09 14:52:58.146 [info] Got 0 GitHub sessions for read:user,repo,user:email,workflow...
