2025-08-09 15:11:29.138 [info] Log level: Info
2025-08-09 15:11:29.189 [info] VSCODE_MACHINE_ID: 10d3d877-fe56-442f-a117-f9035039c6e9
2025-08-09 15:11:29.189 [info] VSCODE_SESSION_ID: 1ad8f139-5507-4e26-893c-f38ce754c1a01754752279943
2025-08-09 15:11:29.189 [info] VSCODE_VERSION: 1.102.3
2025-08-09 15:11:29.189 [info] VSCODE_APP_NAME: Gitpod Code
2025-08-09 15:11:29.189 [info] VSCODE_APP_HOST: Gitpod
2025-08-09 15:11:29.189 [info] VSCODE_UI_KIND: web
2025-08-09 15:11:29.189 [info] GITPOD_WORKSPACE_CONTEXT_URL: https://github.com/Abdallah-Develop/Website-starter
2025-08-09 15:11:29.189 [info] GITPOD_INSTANCE_ID: b59029ac-1008-4582-9739-2f9f6ca07115
2025-08-09 15:11:29.189 [info] GITPOD_WORKSPACE_URL: https://abdallahdev-websitestar-esjdme0laxn.ws-eu120.gitpod.io
2025-08-09 15:11:29.195 [info] Gitpod Web 3953e81
2025-08-09 15:11:29.195 [info] Reading sessions from keychain...
2025-08-09 15:11:30.255 [info] Got stored sessions!
2025-08-09 15:11:30.255 [info] Verified session with the following scopes: function:accessCodeSyncStorage function:closePort function:controlAdmission function:deleteEnvVar function:generateNewGitpodToken function:getDefaultWorkspaceImage function:getGitpodTokenScopes function:getIDToken function:getLoggedInUser function:getOpenPorts function:getSupportedWorkspaceClasses function:getTeams function:getToken function:getWorkspace function:getWorkspaceEnvVars function:getWorkspaceOwner function:getWorkspaceTimeout function:getWorkspaceUsers function:guessGitTokenScopes function:isWorkspaceOwner function:openPort function:sendHeartBeat function:setEnvVar function:setWorkspaceTimeout function:stopWorkspace function:takeSnapshot function:trackEvent function:updateGitStatus function:waitForSnapshot resource:contentBlob::*::create/get resource:envVar::*/**::update resource:envVar::*/*::update resource:envVar::Abdallah-Develop/Website-starter::create/get/update/delete resource:gitpodToken::*::create resource:snapshot::ws-abdallahdev-websitestar-esjdme0laxn::create resource:token::*::get resource:userStorage::*::create/get/update resource:workspace::abdallahdev-websitestar-esjdme0laxn::get/update resource:workspaceInstance::b59029ac-1008-4582-9739-2f9f6ca07115::get/update/delete
2025-08-09 15:11:30.255 [info] Got 1 verified sessions.
2025-08-09 15:11:30.255 [info] Getting sessions for all scopes...
2025-08-09 15:11:30.255 [info] Getting GitHub sessions for all scopes...
2025-08-09 15:11:30.255 [info] Got 1 sessions for all scopes...
2025-08-09 15:11:30.255 [info] Getting sessions for all scopes...
2025-08-09 15:11:30.255 [info] Got 1 sessions for all scopes...
2025-08-09 15:11:30.255 [info] Getting sessions for all scopes...
2025-08-09 15:11:30.255 [info] Got 1 sessions for all scopes...
2025-08-09 15:11:31.702 [info] Got 1 GitHub sessions for all scopes...
2025-08-09 15:11:31.796 [info] Getting GitHub sessions for all scopes...
2025-08-09 15:11:31.796 [info] Getting sessions for all scopes...
2025-08-09 15:11:31.796 [info] Got 1 GitHub sessions for all scopes...
2025-08-09 15:11:31.796 [info] Got 1 sessions for all scopes...
2025-08-09 15:11:31.797 [info] Getting GitHub sessions for all scopes...
2025-08-09 15:11:31.797 [info] Got 1 GitHub sessions for all scopes...
2025-08-09 15:11:31.799 [info] Getting sessions for all scopes...
2025-08-09 15:11:31.799 [info] Getting GitHub sessions for all scopes...
2025-08-09 15:11:31.799 [info] Got 1 sessions for all scopes...
2025-08-09 15:11:31.799 [info] Got 1 GitHub sessions for all scopes...
2025-08-09 15:11:31.817 [info] Getting GitHub sessions for read:user,repo,user:email,workflow...
2025-08-09 15:11:31.817 [info] Got 0 GitHub sessions for read:user,repo,user:email,workflow...
2025-08-09 15:11:32.596 [info] Getting GitHub sessions for all scopes...
2025-08-09 15:11:32.597 [info] Got 1 GitHub sessions for all scopes...
2025-08-09 15:11:32.702 [info] Getting sessions for all scopes...
2025-08-09 15:11:32.702 [info] Getting GitHub sessions for all scopes...
2025-08-09 15:11:32.702 [info] Got 1 sessions for all scopes...
2025-08-09 15:11:32.702 [info] Got 1 GitHub sessions for all scopes...
2025-08-09 15:11:34.592 [info] Getting sessions for function:accessCodeSyncStorage...
2025-08-09 15:11:34.592 [info] Got 1 sessions for function:accessCodeSyncStorage...
2025-08-09 15:11:36.842 [info] Getting GitHub sessions for project,read:org,read:user,repo,user:email,workflow...
2025-08-09 15:11:36.842 [info] Got 0 GitHub sessions for project,read:org,read:user,repo,user:email,workflow...
2025-08-09 15:11:36.936 [info] Getting sessions for all scopes...
2025-08-09 15:11:36.936 [info] Getting GitHub sessions for all scopes...
2025-08-09 15:11:36.936 [info] Got 1 sessions for all scopes...
2025-08-09 15:11:36.936 [info] Got 1 GitHub sessions for all scopes...
2025-08-09 15:11:37.295 [info] Getting sessions for all scopes...
2025-08-09 15:11:37.295 [info] Getting GitHub sessions for all scopes...
2025-08-09 15:11:37.295 [info] Got 1 sessions for all scopes...
2025-08-09 15:11:37.295 [info] Got 1 GitHub sessions for all scopes...
2025-08-09 15:11:37.295 [info] Getting sessions for all scopes...
2025-08-09 15:11:37.295 [info] Getting GitHub sessions for all scopes...
2025-08-09 15:11:37.295 [info] Got 1 sessions for all scopes...
2025-08-09 15:11:37.295 [info] Got 1 GitHub sessions for all scopes...
2025-08-09 15:11:37.639 [info] Getting sessions for all scopes...
2025-08-09 15:11:37.639 [info] Getting GitHub sessions for all scopes...
2025-08-09 15:11:37.639 [info] Got 1 sessions for all scopes...
2025-08-09 15:11:37.640 [info] Got 1 GitHub sessions for all scopes...
2025-08-09 15:11:37.640 [info] Getting sessions for all scopes...
2025-08-09 15:11:37.640 [info] Getting GitHub sessions for all scopes...
2025-08-09 15:11:37.640 [info] Got 1 sessions for all scopes...
2025-08-09 15:11:37.640 [info] Got 1 GitHub sessions for all scopes...
2025-08-09 15:11:37.875 [info] Getting GitHub sessions for read:user,repo,user:email,workflow...
2025-08-09 15:11:37.875 [info] Got 0 GitHub sessions for read:user,repo,user:email,workflow...
2025-08-09 15:11:37.876 [info] Getting sessions for all scopes...
2025-08-09 15:11:37.876 [info] Getting GitHub sessions for all scopes...
2025-08-09 15:11:37.876 [info] Got 1 sessions for all scopes...
2025-08-09 15:11:37.876 [info] Got 1 GitHub sessions for all scopes...
2025-08-09 15:11:37.966 [info] Getting sessions for all scopes...
2025-08-09 15:11:37.966 [info] Getting GitHub sessions for all scopes...
2025-08-09 15:11:37.966 [info] Got 1 sessions for all scopes...
2025-08-09 15:11:37.966 [info] Got 1 GitHub sessions for all scopes...
2025-08-09 15:11:37.966 [info] Getting sessions for all scopes...
2025-08-09 15:11:37.966 [info] Getting GitHub sessions for all scopes...
2025-08-09 15:11:37.966 [info] Got 1 sessions for all scopes...
2025-08-09 15:11:37.966 [info] Got 1 GitHub sessions for all scopes...
2025-08-09 15:11:37.966 [info] Getting sessions for all scopes...
2025-08-09 15:11:37.966 [info] Getting GitHub sessions for all scopes...
2025-08-09 15:11:37.966 [info] Got 1 sessions for all scopes...
2025-08-09 15:11:37.966 [info] Got 1 GitHub sessions for all scopes...
2025-08-09 15:11:38.436 [info] Getting GitHub sessions for read:user,repo,user:email...
2025-08-09 15:11:38.436 [info] Got 0 GitHub sessions for read:user,repo,user:email...
2025-08-09 15:11:38.984 [info] Getting GitHub sessions for read:user,repo,user:email,workflow...
2025-08-09 15:11:38.984 [info] Got 0 GitHub sessions for read:user,repo,user:email,workflow...
2025-08-09 15:11:56.102 [info] Getting sessions for all scopes...
2025-08-09 15:11:56.102 [info] Getting GitHub sessions for all scopes...
2025-08-09 15:11:56.102 [info] Got 1 sessions for all scopes...
2025-08-09 15:11:56.102 [info] Got 1 GitHub sessions for all scopes...
2025-08-09 15:11:56.217 [info] Getting sessions for all scopes...
2025-08-09 15:11:56.217 [info] Getting GitHub sessions for all scopes...
2025-08-09 15:11:56.217 [info] Got 1 sessions for all scopes...
2025-08-09 15:11:56.217 [info] Got 1 GitHub sessions for all scopes...
2025-08-09 15:11:58.917 [info] Getting sessions for all scopes...
2025-08-09 15:11:58.917 [info] Getting GitHub sessions for all scopes...
2025-08-09 15:11:58.917 [info] Got 1 sessions for all scopes...
2025-08-09 15:11:58.917 [info] Got 1 GitHub sessions for all scopes...
2025-08-09 15:11:59.024 [info] Getting sessions for all scopes...
2025-08-09 15:11:59.024 [info] Getting GitHub sessions for all scopes...
2025-08-09 15:11:59.024 [info] Got 1 sessions for all scopes...
2025-08-09 15:11:59.024 [info] Got 1 GitHub sessions for all scopes...
