2025-08-09 00:39:21.412 [info] Log level: Info
2025-08-09 00:39:21.412 [info] VSCODE_MACHINE_ID: 10d3d877-fe56-442f-a117-f9035039c6e9
2025-08-09 00:39:21.412 [info] VSCODE_SESSION_ID: 5850b1e0-4893-47d6-bd45-afb400c5de1c1754699953611
2025-08-09 00:39:21.412 [info] VSCODE_VERSION: 1.102.3
2025-08-09 00:39:21.412 [info] VSCODE_APP_NAME: Gitpod Code
2025-08-09 00:39:21.412 [info] VSCODE_APP_HOST: Gitpod
2025-08-09 00:39:21.412 [info] VSCODE_UI_KIND: web
2025-08-09 00:39:21.412 [info] GITPOD_WORKSPACE_CONTEXT_URL: https://github.com/Abdallah-Develop/Website-starter
2025-08-09 00:39:21.412 [info] GITPOD_INSTANCE_ID: 084e8d19-ef0d-46ef-9b9c-428f3e606b98
2025-08-09 00:39:21.412 [info] GITPOD_WORKSPACE_URL: https://abdallahdev-websitestar-esjdme0laxn.ws-eu120.gitpod.io
2025-08-09 00:39:21.412 [info] Gitpod Web 3953e81
2025-08-09 00:39:21.412 [info] Reading sessions from keychain...
2025-08-09 00:39:22.461 [info] Got stored sessions!
2025-08-09 00:39:22.462 [info] Verified session with the following scopes: function:accessCodeSyncStorage function:closePort function:controlAdmission function:deleteEnvVar function:generateNewGitpodToken function:getDefaultWorkspaceImage function:getGitpodTokenScopes function:getIDToken function:getLoggedInUser function:getOpenPorts function:getSupportedWorkspaceClasses function:getTeams function:getToken function:getWorkspace function:getWorkspaceEnvVars function:getWorkspaceOwner function:getWorkspaceTimeout function:getWorkspaceUsers function:guessGitTokenScopes function:isWorkspaceOwner function:openPort function:sendHeartBeat function:setEnvVar function:setWorkspaceTimeout function:stopWorkspace function:takeSnapshot function:trackEvent function:updateGitStatus function:waitForSnapshot resource:contentBlob::*::create/get resource:envVar::*/**::update resource:envVar::*/*::update resource:envVar::Abdallah-Develop/Website-starter::create/get/update/delete resource:gitpodToken::*::create resource:snapshot::ws-abdallahdev-websitestar-esjdme0laxn::create resource:token::*::get resource:userStorage::*::create/get/update resource:workspace::abdallahdev-websitestar-esjdme0laxn::get/update resource:workspaceInstance::084e8d19-ef0d-46ef-9b9c-428f3e606b98::get/update/delete
2025-08-09 00:39:22.462 [info] Got 1 verified sessions.
2025-08-09 00:39:22.462 [info] Getting sessions for all scopes...
2025-08-09 00:39:22.462 [info] Getting GitHub sessions for all scopes...
2025-08-09 00:39:22.462 [info] Got 1 sessions for all scopes...
2025-08-09 00:39:22.462 [info] Getting sessions for all scopes...
2025-08-09 00:39:22.462 [info] Got 1 sessions for all scopes...
2025-08-09 00:39:22.462 [info] Getting sessions for all scopes...
2025-08-09 00:39:22.462 [info] Got 1 sessions for all scopes...
2025-08-09 00:39:23.529 [info] Getting sessions for all scopes...
2025-08-09 00:39:23.529 [info] Got 1 sessions for all scopes...
2025-08-09 00:39:23.740 [info] Got 1 GitHub sessions for all scopes...
2025-08-09 00:39:23.740 [info] Getting GitHub sessions for all scopes...
2025-08-09 00:39:23.740 [info] Got 1 GitHub sessions for all scopes...
2025-08-09 00:39:23.740 [info] Getting GitHub sessions for all scopes...
2025-08-09 00:39:23.740 [info] Got 1 GitHub sessions for all scopes...
2025-08-09 00:39:25.058 [info] Getting GitHub sessions for read:user,repo,user:email,workflow...
2025-08-09 00:39:25.058 [info] Got 0 GitHub sessions for read:user,repo,user:email,workflow...
2025-08-09 00:39:25.142 [info] Getting sessions for all scopes...
2025-08-09 00:39:25.142 [info] Getting GitHub sessions for all scopes...
2025-08-09 00:39:25.142 [info] Got 1 sessions for all scopes...
2025-08-09 00:39:25.142 [info] Got 1 GitHub sessions for all scopes...
2025-08-09 00:39:25.142 [info] Getting GitHub sessions for all scopes...
2025-08-09 00:39:25.142 [info] Got 1 GitHub sessions for all scopes...
2025-08-09 00:39:25.456 [info] Getting sessions for all scopes...
2025-08-09 00:39:25.456 [info] Getting GitHub sessions for all scopes...
2025-08-09 00:39:25.456 [info] Got 1 sessions for all scopes...
2025-08-09 00:39:25.456 [info] Got 1 GitHub sessions for all scopes...
2025-08-09 00:39:25.528 [info] Getting GitHub sessions for project,read:org,read:user,repo,user:email,workflow...
2025-08-09 00:39:25.528 [info] Got 0 GitHub sessions for project,read:org,read:user,repo,user:email,workflow...
2025-08-09 00:39:25.882 [info] Getting GitHub sessions for read:user,repo,user:email,workflow...
2025-08-09 00:39:25.882 [info] Got 0 GitHub sessions for read:user,repo,user:email,workflow...
2025-08-09 00:39:26.195 [info] Getting sessions for function:accessCodeSyncStorage...
2025-08-09 00:39:26.195 [info] Got 1 sessions for function:accessCodeSyncStorage...
2025-08-09 00:39:26.371 [info] Getting GitHub sessions for read:user,repo,user:email...
2025-08-09 00:39:26.371 [info] Got 0 GitHub sessions for read:user,repo,user:email...
2025-08-09 00:39:27.315 [info] Getting GitHub sessions for read:user,repo,user:email,workflow...
2025-08-09 00:39:27.315 [info] Got 0 GitHub sessions for read:user,repo,user:email,workflow...
2025-08-09 00:39:27.613 [info] Getting sessions for all scopes...
2025-08-09 00:39:27.613 [info] Getting GitHub sessions for all scopes...
2025-08-09 00:39:27.613 [info] Got 1 sessions for all scopes...
2025-08-09 00:39:27.613 [info] Got 1 GitHub sessions for all scopes...
2025-08-09 00:39:27.791 [info] Getting sessions for all scopes...
2025-08-09 00:39:27.791 [info] Getting GitHub sessions for all scopes...
2025-08-09 00:39:27.791 [info] Got 1 sessions for all scopes...
2025-08-09 00:39:27.791 [info] Got 1 GitHub sessions for all scopes...
2025-08-09 00:39:28.820 [info] Getting sessions for all scopes...
2025-08-09 00:39:28.820 [info] Getting GitHub sessions for all scopes...
2025-08-09 00:39:28.820 [info] Got 1 sessions for all scopes...
2025-08-09 00:39:28.820 [info] Got 1 GitHub sessions for all scopes...
2025-08-09 00:39:29.062 [info] Getting sessions for all scopes...
2025-08-09 00:39:29.062 [info] Getting GitHub sessions for all scopes...
2025-08-09 00:39:29.062 [info] Got 1 sessions for all scopes...
2025-08-09 00:39:29.062 [info] Got 1 GitHub sessions for all scopes...
2025-08-09 00:39:29.336 [info] Getting sessions for all scopes...
2025-08-09 00:39:29.336 [info] Getting GitHub sessions for all scopes...
2025-08-09 00:39:29.336 [info] Got 1 sessions for all scopes...
2025-08-09 00:39:29.336 [info] Got 1 GitHub sessions for all scopes...
2025-08-09 00:39:29.478 [info] Getting sessions for all scopes...
2025-08-09 00:39:29.478 [info] Getting GitHub sessions for all scopes...
2025-08-09 00:39:29.478 [info] Got 1 sessions for all scopes...
2025-08-09 00:39:29.478 [info] Got 1 GitHub sessions for all scopes...
2025-08-09 00:39:30.233 [info] Getting sessions for all scopes...
2025-08-09 00:39:30.233 [info] Getting GitHub sessions for all scopes...
2025-08-09 00:39:30.233 [info] Got 1 sessions for all scopes...
2025-08-09 00:39:30.233 [info] Got 1 GitHub sessions for all scopes...
2025-08-09 00:39:30.233 [info] Getting sessions for all scopes...
2025-08-09 00:39:30.233 [info] Getting GitHub sessions for all scopes...
2025-08-09 00:39:30.233 [info] Got 1 sessions for all scopes...
2025-08-09 00:39:30.233 [info] Got 1 GitHub sessions for all scopes...
2025-08-09 00:39:30.233 [info] Getting sessions for all scopes...
2025-08-09 00:39:30.233 [info] Getting GitHub sessions for all scopes...
2025-08-09 00:39:30.233 [info] Got 1 sessions for all scopes...
2025-08-09 00:39:30.233 [info] Got 1 GitHub sessions for all scopes...
2025-08-09 00:40:02.788 [info] Getting sessions for all scopes...
2025-08-09 00:40:02.788 [info] Getting GitHub sessions for all scopes...
2025-08-09 00:40:02.788 [info] Got 1 sessions for all scopes...
2025-08-09 00:40:02.788 [info] Got 1 GitHub sessions for all scopes...
2025-08-09 00:40:02.912 [info] Getting sessions for all scopes...
2025-08-09 00:40:02.912 [info] Getting GitHub sessions for all scopes...
2025-08-09 00:40:02.912 [info] Got 1 sessions for all scopes...
2025-08-09 00:40:02.912 [info] Got 1 GitHub sessions for all scopes...
2025-08-09 00:41:48.331 [info] Getting sessions for all scopes...
2025-08-09 00:41:48.331 [info] Getting GitHub sessions for all scopes...
2025-08-09 00:41:48.331 [info] Got 1 sessions for all scopes...
2025-08-09 00:41:48.331 [info] Got 1 GitHub sessions for all scopes...
2025-08-09 00:41:48.415 [info] Getting sessions for all scopes...
2025-08-09 00:41:48.415 [info] Getting GitHub sessions for all scopes...
2025-08-09 00:41:48.415 [info] Got 1 sessions for all scopes...
2025-08-09 00:41:48.415 [info] Got 1 GitHub sessions for all scopes...
2025-08-09 00:42:58.184 [info] Getting sessions for all scopes...
2025-08-09 00:42:58.184 [info] Getting GitHub sessions for all scopes...
2025-08-09 00:42:58.184 [info] Got 1 sessions for all scopes...
2025-08-09 00:42:58.184 [info] Got 1 GitHub sessions for all scopes...
2025-08-09 00:42:58.268 [info] Getting sessions for all scopes...
2025-08-09 00:42:58.268 [info] Getting GitHub sessions for all scopes...
2025-08-09 00:42:58.268 [info] Got 1 sessions for all scopes...
2025-08-09 00:42:58.268 [info] Got 1 GitHub sessions for all scopes...
