2025-08-09 15:11:29.710 [info] [main] Log level: Info
2025-08-09 15:11:29.710 [info] [main] Validating found git in: "git"
2025-08-09 15:11:29.710 [info] [main] Using git "2.49.0" from "git"
2025-08-09 15:11:29.710 [info] [Model][doInitialScan] Initial repository scan started
2025-08-09 15:11:29.710 [info] > git rev-parse --show-toplevel [3ms]
2025-08-09 15:11:29.710 [info] > git rev-parse --git-dir --git-common-dir [1ms]
2025-08-09 15:11:29.710 [info] [Model][openRepository] Opened repository (path): /workspace/Website-starter
2025-08-09 15:11:29.710 [info] [Model][openRepository] Opened repository (real path): /workspace/Website-starter
2025-08-09 15:11:29.710 [info] > git config --get commit.template [6ms]
2025-08-09 15:11:29.710 [info] > git rev-parse --show-toplevel [3ms]
2025-08-09 15:11:29.710 [info] > git for-each-ref --format=%(refname)%00%(upstream:short)%00%(objectname)%00%(upstream:track)%00%(upstream:remotename)%00%(upstream:remoteref) refs/heads/main refs/remotes/main [25ms]
2025-08-09 15:11:29.710 [info] > git rev-parse --show-toplevel [25ms]
2025-08-09 15:11:29.710 [info] > git rev-parse --show-toplevel [9ms]
2025-08-09 15:11:29.710 [info] > git status -z -uall [66ms]
2025-08-09 15:11:29.710 [info] > git rev-parse --show-toplevel [6ms]
2025-08-09 15:11:29.710 [info] > git for-each-ref --sort -committerdate --format %(refname)%00%(objectname)%00%(*objectname) [61ms]
2025-08-09 15:11:29.710 [info] > git config --get commit.template [5ms]
2025-08-09 15:11:29.710 [info] > git rev-parse --show-toplevel [11ms]
2025-08-09 15:11:29.710 [info] > git for-each-ref --format=%(refname)%00%(upstream:short)%00%(objectname)%00%(upstream:track)%00%(upstream:remotename)%00%(upstream:remoteref) refs/heads/main refs/remotes/main [18ms]
2025-08-09 15:11:29.710 [info] > git rev-parse --show-toplevel [11ms]
2025-08-09 15:11:29.710 [info] > git config --get --local branch.main.vscode-merge-base [17ms]
2025-08-09 15:11:29.710 [info] > git for-each-ref --format=%(refname)%00%(upstream:short)%00%(objectname)%00%(upstream:track)%00%(upstream:remotename)%00%(upstream:remoteref) refs/heads/main refs/remotes/main [11ms]
2025-08-09 15:11:29.710 [info] > git for-each-ref --format=%(refname)%00%(upstream:short)%00%(objectname)%00%(upstream:track)%00%(upstream:remotename)%00%(upstream:remoteref) refs/heads/origin/main refs/remotes/origin/main [10ms]
2025-08-09 15:11:29.710 [info] > git rev-parse --show-toplevel [13ms]
2025-08-09 15:11:29.710 [info] [Model][doInitialScan] Initial repository scan completed - repositories (1), closed repositories (0), parent repositories (0), unsafe repositories (0)
2025-08-09 15:11:29.710 [info] > git merge-base refs/heads/main refs/remotes/origin/main [13ms]
2025-08-09 15:11:29.710 [info] > git status -z -uall [54ms]
2025-08-09 15:11:29.710 [info] > git diff --name-status -z --diff-filter=ADMR 0d7a3a898007be1d8200d8db99d59472a2da8d06...refs/remotes/origin/main [43ms]
2025-08-09 15:11:29.710 [info] > git for-each-ref --sort -committerdate --format %(refname)%00%(objectname)%00%(*objectname) [50ms]
2025-08-09 15:11:29.710 [info] > git fetch [326ms]
2025-08-09 15:11:29.710 [info] > git config --get commit.template [7ms]
2025-08-09 15:11:29.710 [info] > git for-each-ref --format=%(refname)%00%(upstream:short)%00%(objectname)%00%(upstream:track)%00%(upstream:remotename)%00%(upstream:remoteref) refs/heads/main refs/remotes/main [3ms]
2025-08-09 15:11:29.710 [info] > git for-each-ref --sort -committerdate --format %(refname)%00%(objectname)%00%(*objectname) [3ms]
2025-08-09 15:11:29.710 [info] > git status -z -uall [20ms]
2025-08-09 15:11:30.326 [info] > git check-ignore -v -z --stdin [2ms]
2025-08-09 15:11:32.691 [info] > git show --textconv :src/assets/styles/global.css [7ms]
2025-08-09 15:11:32.693 [info] > git ls-files --stage -- src/assets/styles/global.css [3ms]
2025-08-09 15:11:32.702 [info] > git cat-file -s 50bf8db4d56518176564a94ccf94019947884767 [2ms]
2025-08-09 15:11:34.595 [info] > git blame --root --incremental 0d7a3a898007be1d8200d8db99d59472a2da8d06 -- src/assets/styles/global.css [5ms]
2025-08-09 15:11:39.571 [info] > git config --get --local branch.main.github-pr-owner-number [6ms]
2025-08-09 15:11:39.572 [warning] [Git][config] git config failed: Failed to execute git
2025-08-09 15:11:49.561 [info] > git config --get commit.template [11ms]
2025-08-09 15:11:49.563 [info] > git for-each-ref --format=%(refname)%00%(upstream:short)%00%(objectname)%00%(upstream:track)%00%(upstream:remotename)%00%(upstream:remoteref) refs/heads/main refs/remotes/main [3ms]
2025-08-09 15:11:49.589 [info] > git for-each-ref --sort -committerdate --format %(refname)%00%(objectname)%00%(*objectname) [4ms]
2025-08-09 15:11:49.591 [info] > git status -z -uall [17ms]
2025-08-09 15:11:54.619 [info] > git config --get commit.template [13ms]
2025-08-09 15:11:54.620 [info] > git for-each-ref --format=%(refname)%00%(upstream:short)%00%(objectname)%00%(upstream:track)%00%(upstream:remotename)%00%(upstream:remoteref) refs/heads/main refs/remotes/main [4ms]
2025-08-09 15:11:54.641 [info] > git for-each-ref --sort -committerdate --format %(refname)%00%(objectname)%00%(*objectname) [3ms]
2025-08-09 15:11:54.644 [info] > git status -z -uall [15ms]
2025-08-09 15:12:01.947 [info] > git check-ignore -v -z --stdin [3ms]
2025-08-09 15:12:07.557 [info] > git config --get commit.template [10ms]
2025-08-09 15:12:07.559 [info] > git for-each-ref --format=%(refname)%00%(upstream:short)%00%(objectname)%00%(upstream:track)%00%(upstream:remotename)%00%(upstream:remoteref) refs/heads/main refs/remotes/main [3ms]
2025-08-09 15:12:07.579 [info] > git for-each-ref --sort -committerdate --format %(refname)%00%(objectname)%00%(*objectname) [3ms]
2025-08-09 15:12:07.583 [info] > git status -z -uall [16ms]
2025-08-09 15:12:12.610 [info] > git config --get commit.template [11ms]
2025-08-09 15:12:12.612 [info] > git for-each-ref --format=%(refname)%00%(upstream:short)%00%(objectname)%00%(upstream:track)%00%(upstream:remotename)%00%(upstream:remoteref) refs/heads/main refs/remotes/main [3ms]
2025-08-09 15:12:12.635 [info] > git for-each-ref --sort -committerdate --format %(refname)%00%(objectname)%00%(*objectname) [4ms]
2025-08-09 15:12:12.637 [info] > git status -z -uall [15ms]
2025-08-09 15:12:17.660 [info] > git config --get commit.template [10ms]
2025-08-09 15:12:17.663 [info] > git for-each-ref --format=%(refname)%00%(upstream:short)%00%(objectname)%00%(upstream:track)%00%(upstream:remotename)%00%(upstream:remoteref) refs/heads/main refs/remotes/main [4ms]
2025-08-09 15:12:17.685 [info] > git for-each-ref --sort -committerdate --format %(refname)%00%(objectname)%00%(*objectname) [3ms]
2025-08-09 15:12:17.687 [info] > git status -z -uall [15ms]
2025-08-09 15:12:38.633 [info] > git config --get commit.template [13ms]
2025-08-09 15:12:38.635 [info] > git for-each-ref --format=%(refname)%00%(upstream:short)%00%(objectname)%00%(upstream:track)%00%(upstream:remotename)%00%(upstream:remoteref) refs/heads/main refs/remotes/main [3ms]
2025-08-09 15:12:38.659 [info] > git for-each-ref --sort -committerdate --format %(refname)%00%(objectname)%00%(*objectname) [4ms]
2025-08-09 15:12:38.661 [info] > git status -z -uall [16ms]
2025-08-09 15:12:38.676 [info] > git check-ignore -v -z --stdin [2ms]
2025-08-09 15:13:48.871 [info] > git show --textconv :src/assets/styles/global.css [13ms]
2025-08-09 15:13:48.871 [info] > git ls-files --stage -- src/assets/styles/global.css [4ms]
2025-08-09 15:13:48.883 [info] > git cat-file -s 50bf8db4d56518176564a94ccf94019947884767 [2ms]
2025-08-09 15:14:01.884 [info] > git config --get commit.template [3ms]
2025-08-09 15:14:01.985 [info] > git for-each-ref --format=%(refname)%00%(upstream:short)%00%(objectname)%00%(upstream:track)%00%(upstream:remotename)%00%(upstream:remoteref) refs/heads/main refs/remotes/main [6ms]
2025-08-09 15:14:02.093 [info] > git for-each-ref --sort -committerdate --format %(refname)%00%(objectname)%00%(*objectname) [5ms]
2025-08-09 15:14:02.166 [info] > git status -z -uall [88ms]
2025-08-09 15:14:07.812 [info] > git config --get commit.template [13ms]
2025-08-09 15:14:07.815 [info] > git for-each-ref --format=%(refname)%00%(upstream:short)%00%(objectname)%00%(upstream:track)%00%(upstream:remotename)%00%(upstream:remoteref) refs/heads/main refs/remotes/main [4ms]
2025-08-09 15:14:07.842 [info] > git for-each-ref --sort -committerdate --format %(refname)%00%(objectname)%00%(*objectname) [3ms]
2025-08-09 15:14:07.844 [info] > git status -z -uall [17ms]
2025-08-09 15:14:12.890 [info] > git config --get commit.template [11ms]
2025-08-09 15:14:12.892 [info] > git for-each-ref --format=%(refname)%00%(upstream:short)%00%(objectname)%00%(upstream:track)%00%(upstream:remotename)%00%(upstream:remoteref) refs/heads/main refs/remotes/main [3ms]
2025-08-09 15:14:12.914 [info] > git for-each-ref --sort -committerdate --format %(refname)%00%(objectname)%00%(*objectname) [3ms]
2025-08-09 15:14:12.921 [info] > git status -z -uall [20ms]
2025-08-09 15:14:17.949 [info] > git config --get commit.template [11ms]
2025-08-09 15:14:17.951 [info] > git for-each-ref --format=%(refname)%00%(upstream:short)%00%(objectname)%00%(upstream:track)%00%(upstream:remotename)%00%(upstream:remoteref) refs/heads/main refs/remotes/main [3ms]
2025-08-09 15:14:17.977 [info] > git for-each-ref --sort -committerdate --format %(refname)%00%(objectname)%00%(*objectname) [4ms]
2025-08-09 15:14:17.981 [info] > git status -z -uall [20ms]
2025-08-09 15:14:26.407 [info] > git config --get commit.template [3ms]
2025-08-09 15:14:26.422 [info] > git for-each-ref --format=%(refname)%00%(upstream:short)%00%(objectname)%00%(upstream:track)%00%(upstream:remotename)%00%(upstream:remoteref) refs/heads/main refs/remotes/main [3ms]
2025-08-09 15:14:26.450 [info] > git status -z -uall [16ms]
2025-08-09 15:14:26.452 [info] > git for-each-ref --sort -committerdate --format %(refname)%00%(objectname)%00%(*objectname) [5ms]
2025-08-09 15:14:29.927 [info] > git fetch [382ms]
2025-08-09 15:14:29.951 [info] > git config --get commit.template [11ms]
2025-08-09 15:14:29.953 [info] > git for-each-ref --format=%(refname)%00%(upstream:short)%00%(objectname)%00%(upstream:track)%00%(upstream:remotename)%00%(upstream:remoteref) refs/heads/main refs/remotes/main [3ms]
2025-08-09 15:14:29.976 [info] > git for-each-ref --sort -committerdate --format %(refname)%00%(objectname)%00%(*objectname) [4ms]
2025-08-09 15:14:29.982 [info] > git status -z -uall [20ms]
2025-08-09 15:14:31.484 [info] > git config --get commit.template [14ms]
2025-08-09 15:14:31.498 [info] > git for-each-ref --format=%(refname)%00%(upstream:short)%00%(objectname)%00%(upstream:track)%00%(upstream:remotename)%00%(upstream:remoteref) refs/heads/main refs/remotes/main [15ms]
2025-08-09 15:14:31.499 [info] > git ls-files --stage -- src/assets/styles/global.css [2ms]
2025-08-09 15:14:31.533 [info] > git cat-file -s 50bf8db4d56518176564a94ccf94019947884767 [24ms]
2025-08-09 15:14:31.534 [info] > git for-each-ref --sort -committerdate --format %(refname)%00%(objectname)%00%(*objectname) [4ms]
2025-08-09 15:14:31.538 [info] > git status -z -uall [19ms]
2025-08-09 15:14:31.689 [info] > git show --textconv :src/assets/styles/global.css [3ms]
2025-08-09 15:14:36.565 [info] > git config --get commit.template [11ms]
2025-08-09 15:14:36.567 [info] > git for-each-ref --format=%(refname)%00%(upstream:short)%00%(objectname)%00%(upstream:track)%00%(upstream:remotename)%00%(upstream:remoteref) refs/heads/main refs/remotes/main [3ms]
2025-08-09 15:14:36.595 [info] > git for-each-ref --sort -committerdate --format %(refname)%00%(objectname)%00%(*objectname) [4ms]
2025-08-09 15:14:36.598 [info] > git status -z -uall [20ms]
2025-08-09 15:14:41.626 [info] > git config --get commit.template [12ms]
2025-08-09 15:14:41.627 [info] > git for-each-ref --format=%(refname)%00%(upstream:short)%00%(objectname)%00%(upstream:track)%00%(upstream:remotename)%00%(upstream:remoteref) refs/heads/main refs/remotes/main [2ms]
2025-08-09 15:14:41.650 [info] > git for-each-ref --sort -committerdate --format %(refname)%00%(objectname)%00%(*objectname) [3ms]
2025-08-09 15:14:41.652 [info] > git status -z -uall [14ms]
2025-08-09 15:14:50.072 [info] > git config --get commit.template [12ms]
2025-08-09 15:14:50.076 [info] > git for-each-ref --format=%(refname)%00%(upstream:short)%00%(objectname)%00%(upstream:track)%00%(upstream:remotename)%00%(upstream:remoteref) refs/heads/main refs/remotes/main [5ms]
2025-08-09 15:14:50.101 [info] > git for-each-ref --sort -committerdate --format %(refname)%00%(objectname)%00%(*objectname) [3ms]
2025-08-09 15:14:50.103 [info] > git status -z -uall [16ms]
2025-08-09 15:14:55.122 [info] > git config --get commit.template [3ms]
2025-08-09 15:14:55.136 [info] > git for-each-ref --format=%(refname)%00%(upstream:short)%00%(objectname)%00%(upstream:track)%00%(upstream:remotename)%00%(upstream:remoteref) refs/heads/main refs/remotes/main [3ms]
2025-08-09 15:14:55.169 [info] > git status -z -uall [19ms]
2025-08-09 15:14:55.169 [info] > git for-each-ref --sort -committerdate --format %(refname)%00%(objectname)%00%(*objectname) [5ms]
2025-08-09 15:15:00.198 [info] > git config --get commit.template [11ms]
2025-08-09 15:15:00.200 [info] > git for-each-ref --format=%(refname)%00%(upstream:short)%00%(objectname)%00%(upstream:track)%00%(upstream:remotename)%00%(upstream:remoteref) refs/heads/main refs/remotes/main [3ms]
2025-08-09 15:15:00.228 [info] > git for-each-ref --sort -committerdate --format %(refname)%00%(objectname)%00%(*objectname) [4ms]
2025-08-09 15:15:00.234 [info] > git status -z -uall [22ms]
2025-08-09 15:15:05.266 [info] > git config --get commit.template [13ms]
2025-08-09 15:15:05.266 [info] > git for-each-ref --format=%(refname)%00%(upstream:short)%00%(objectname)%00%(upstream:track)%00%(upstream:remotename)%00%(upstream:remoteref) refs/heads/main refs/remotes/main [2ms]
2025-08-09 15:15:05.291 [info] > git for-each-ref --sort -committerdate --format %(refname)%00%(objectname)%00%(*objectname) [3ms]
2025-08-09 15:15:05.296 [info] > git status -z -uall [19ms]
2025-08-09 15:15:10.326 [info] > git config --get commit.template [11ms]
2025-08-09 15:15:10.328 [info] > git for-each-ref --format=%(refname)%00%(upstream:short)%00%(objectname)%00%(upstream:track)%00%(upstream:remotename)%00%(upstream:remoteref) refs/heads/main refs/remotes/main [2ms]
2025-08-09 15:15:10.352 [info] > git for-each-ref --sort -committerdate --format %(refname)%00%(objectname)%00%(*objectname) [3ms]
2025-08-09 15:15:10.354 [info] > git status -z -uall [15ms]
2025-08-09 15:15:15.382 [info] > git config --get commit.template [12ms]
2025-08-09 15:15:15.383 [info] > git for-each-ref --format=%(refname)%00%(upstream:short)%00%(objectname)%00%(upstream:track)%00%(upstream:remotename)%00%(upstream:remoteref) refs/heads/main refs/remotes/main [3ms]
2025-08-09 15:15:15.408 [info] > git for-each-ref --sort -committerdate --format %(refname)%00%(objectname)%00%(*objectname) [3ms]
2025-08-09 15:15:15.410 [info] > git status -z -uall [17ms]
2025-08-09 15:15:44.558 [info] > git config --get commit.template [10ms]
2025-08-09 15:15:44.559 [info] > git for-each-ref --format=%(refname)%00%(upstream:short)%00%(objectname)%00%(upstream:track)%00%(upstream:remotename)%00%(upstream:remoteref) refs/heads/main refs/remotes/main [2ms]
2025-08-09 15:15:44.580 [info] > git for-each-ref --sort -committerdate --format %(refname)%00%(objectname)%00%(*objectname) [3ms]
2025-08-09 15:15:44.583 [info] > git status -z -uall [15ms]
2025-08-09 15:15:49.839 [info] > git config --get commit.template [11ms]
2025-08-09 15:15:49.840 [info] > git for-each-ref --format=%(refname)%00%(upstream:short)%00%(objectname)%00%(upstream:track)%00%(upstream:remotename)%00%(upstream:remoteref) refs/heads/main refs/remotes/main [3ms]
2025-08-09 15:15:49.860 [info] > git for-each-ref --sort -committerdate --format %(refname)%00%(objectname)%00%(*objectname) [3ms]
2025-08-09 15:15:49.864 [info] > git status -z -uall [16ms]
2025-08-09 15:15:54.890 [info] > git config --get commit.template [9ms]
2025-08-09 15:15:54.892 [info] > git for-each-ref --format=%(refname)%00%(upstream:short)%00%(objectname)%00%(upstream:track)%00%(upstream:remotename)%00%(upstream:remoteref) refs/heads/main refs/remotes/main [3ms]
2025-08-09 15:15:54.912 [info] > git for-each-ref --sort -committerdate --format %(refname)%00%(objectname)%00%(*objectname) [3ms]
2025-08-09 15:15:54.916 [info] > git status -z -uall [16ms]
2025-08-09 15:16:31.790 [info] > git config --get commit.template [12ms]
2025-08-09 15:16:31.792 [info] > git for-each-ref --format=%(refname)%00%(upstream:short)%00%(objectname)%00%(upstream:track)%00%(upstream:remotename)%00%(upstream:remoteref) refs/heads/main refs/remotes/main [3ms]
2025-08-09 15:16:31.827 [info] > git status -z -uall [24ms]
2025-08-09 15:16:31.827 [info] > git for-each-ref --sort -committerdate --format %(refname)%00%(objectname)%00%(*objectname) [13ms]
2025-08-09 15:16:31.834 [info] > git check-ignore -v -z --stdin [7ms]
2025-08-09 15:16:33.688 [info] > git show --textconv :src/assets/styles/global.css [12ms]
2025-08-09 15:16:33.689 [info] > git ls-files --stage -- src/assets/styles/global.css [2ms]
2025-08-09 15:16:33.703 [info] > git cat-file -s 50bf8db4d56518176564a94ccf94019947884767 [2ms]
2025-08-09 15:16:45.002 [info] > git config --get commit.template [11ms]
2025-08-09 15:16:45.004 [info] > git for-each-ref --format=%(refname)%00%(upstream:short)%00%(objectname)%00%(upstream:track)%00%(upstream:remotename)%00%(upstream:remoteref) refs/heads/main refs/remotes/main [2ms]
2025-08-09 15:16:45.028 [info] > git for-each-ref --sort -committerdate --format %(refname)%00%(objectname)%00%(*objectname) [3ms]
2025-08-09 15:16:45.030 [info] > git status -z -uall [16ms]
2025-08-09 15:16:50.055 [info] > git config --get commit.template [10ms]
2025-08-09 15:16:50.057 [info] > git for-each-ref --format=%(refname)%00%(upstream:short)%00%(objectname)%00%(upstream:track)%00%(upstream:remotename)%00%(upstream:remoteref) refs/heads/main refs/remotes/main [3ms]
2025-08-09 15:16:50.096 [info] > git status -z -uall [26ms]
2025-08-09 15:16:50.096 [info] > git for-each-ref --sort -committerdate --format %(refname)%00%(objectname)%00%(*objectname) [11ms]
2025-08-09 15:16:55.700 [info] > git config --get commit.template [2ms]
2025-08-09 15:16:55.714 [info] > git for-each-ref --format=%(refname)%00%(upstream:short)%00%(objectname)%00%(upstream:track)%00%(upstream:remotename)%00%(upstream:remoteref) refs/heads/main refs/remotes/main [3ms]
2025-08-09 15:16:55.739 [info] > git for-each-ref --sort -committerdate --format %(refname)%00%(objectname)%00%(*objectname) [4ms]
2025-08-09 15:16:55.740 [info] > git status -z -uall [16ms]
2025-08-09 15:17:00.763 [info] > git config --get commit.template [10ms]
2025-08-09 15:17:00.764 [info] > git for-each-ref --format=%(refname)%00%(upstream:short)%00%(objectname)%00%(upstream:track)%00%(upstream:remotename)%00%(upstream:remoteref) refs/heads/main refs/remotes/main [2ms]
2025-08-09 15:17:00.785 [info] > git for-each-ref --sort -committerdate --format %(refname)%00%(objectname)%00%(*objectname) [3ms]
2025-08-09 15:17:00.787 [info] > git status -z -uall [14ms]
2025-08-09 15:17:05.809 [info] > git config --get commit.template [3ms]
2025-08-09 15:17:05.825 [info] > git for-each-ref --format=%(refname)%00%(upstream:short)%00%(objectname)%00%(upstream:track)%00%(upstream:remotename)%00%(upstream:remoteref) refs/heads/main refs/remotes/main [3ms]
2025-08-09 15:17:05.849 [info] > git for-each-ref --sort -committerdate --format %(refname)%00%(objectname)%00%(*objectname) [3ms]
2025-08-09 15:17:05.851 [info] > git status -z -uall [15ms]
2025-08-09 15:17:11.028 [info] > git config --get commit.template [11ms]
2025-08-09 15:17:11.030 [info] > git for-each-ref --format=%(refname)%00%(upstream:short)%00%(objectname)%00%(upstream:track)%00%(upstream:remotename)%00%(upstream:remoteref) refs/heads/main refs/remotes/main [3ms]
2025-08-09 15:17:11.055 [info] > git for-each-ref --sort -committerdate --format %(refname)%00%(objectname)%00%(*objectname) [4ms]
2025-08-09 15:17:11.070 [info] > git status -z -uall [30ms]
2025-08-09 15:17:17.624 [info] > git config --get commit.template [12ms]
2025-08-09 15:17:17.624 [info] > git for-each-ref --format=%(refname)%00%(upstream:short)%00%(objectname)%00%(upstream:track)%00%(upstream:remotename)%00%(upstream:remoteref) refs/heads/main refs/remotes/main [2ms]
2025-08-09 15:17:17.673 [info] > git status -z -uall [36ms]
2025-08-09 15:17:17.678 [info] > git for-each-ref --sort -committerdate --format %(refname)%00%(objectname)%00%(*objectname) [6ms]
2025-08-09 15:17:22.700 [info] > git config --get commit.template [6ms]
2025-08-09 15:17:22.719 [info] > git for-each-ref --format=%(refname)%00%(upstream:short)%00%(objectname)%00%(upstream:track)%00%(upstream:remotename)%00%(upstream:remoteref) refs/heads/main refs/remotes/main [3ms]
2025-08-09 15:17:22.748 [info] > git status -z -uall [16ms]
2025-08-09 15:17:22.749 [info] > git for-each-ref --sort -committerdate --format %(refname)%00%(objectname)%00%(*objectname) [5ms]
2025-08-09 15:17:28.073 [info] > git config --get commit.template [15ms]
2025-08-09 15:17:28.074 [info] > git for-each-ref --format=%(refname)%00%(upstream:short)%00%(objectname)%00%(upstream:track)%00%(upstream:remotename)%00%(upstream:remoteref) refs/heads/main refs/remotes/main [3ms]
2025-08-09 15:17:28.111 [info] > git status -z -uall [21ms]
2025-08-09 15:17:28.112 [info] > git for-each-ref --sort -committerdate --format %(refname)%00%(objectname)%00%(*objectname) [8ms]
2025-08-09 15:17:30.357 [info] > git fetch [356ms]
2025-08-09 15:17:30.379 [info] > git config --get commit.template [11ms]
2025-08-09 15:17:30.381 [info] > git for-each-ref --format=%(refname)%00%(upstream:short)%00%(objectname)%00%(upstream:track)%00%(upstream:remotename)%00%(upstream:remoteref) refs/heads/main refs/remotes/main [3ms]
2025-08-09 15:17:30.405 [info] > git for-each-ref --sort -committerdate --format %(refname)%00%(objectname)%00%(*objectname) [2ms]
2025-08-09 15:17:30.405 [info] > git status -z -uall [15ms]
2025-08-09 15:17:31.945 [info] > git ls-files --stage -- src/assets/styles/global.css [3ms]
2025-08-09 15:17:31.956 [info] > git cat-file -s 50bf8db4d56518176564a94ccf94019947884767 [2ms]
2025-08-09 15:17:32.221 [info] > git show --textconv :src/assets/styles/global.css [3ms]
2025-08-09 15:17:33.137 [info] > git config --get commit.template [10ms]
2025-08-09 15:17:33.139 [info] > git for-each-ref --format=%(refname)%00%(upstream:short)%00%(objectname)%00%(upstream:track)%00%(upstream:remotename)%00%(upstream:remoteref) refs/heads/main refs/remotes/main [2ms]
2025-08-09 15:17:33.165 [info] > git for-each-ref --sort -committerdate --format %(refname)%00%(objectname)%00%(*objectname) [4ms]
2025-08-09 15:17:33.165 [info] > git status -z -uall [15ms]
2025-08-09 15:17:40.311 [info] > git config --get commit.template [12ms]
2025-08-09 15:17:40.339 [info] > git for-each-ref --format=%(refname)%00%(upstream:short)%00%(objectname)%00%(upstream:track)%00%(upstream:remotename)%00%(upstream:remoteref) refs/heads/main refs/remotes/main [29ms]
2025-08-09 15:17:40.365 [info] > git status -z -uall [15ms]
2025-08-09 15:17:40.368 [info] > git for-each-ref --sort -committerdate --format %(refname)%00%(objectname)%00%(*objectname) [4ms]
2025-08-09 15:17:45.943 [info] > git show --textconv :src/components/sections/landing/HeroSection.astro [10ms]
2025-08-09 15:17:45.945 [info] > git ls-files --stage -- src/components/sections/landing/HeroSection.astro [1ms]
2025-08-09 15:17:45.956 [info] > git cat-file -s 651d4ec772e9f1908a9a04cbe4abb909827b9701 [3ms]
2025-08-09 15:17:46.658 [info] > git blame --root --incremental 0d7a3a898007be1d8200d8db99d59472a2da8d06 -- src/components/sections/landing/HeroSection.astro [4ms]
2025-08-09 15:18:02.999 [info] > git config --get commit.template [2ms]
2025-08-09 15:18:03.012 [info] > git for-each-ref --format=%(refname)%00%(upstream:short)%00%(objectname)%00%(upstream:track)%00%(upstream:remotename)%00%(upstream:remoteref) refs/heads/main refs/remotes/main [3ms]
2025-08-09 15:18:03.035 [info] > git for-each-ref --sort -committerdate --format %(refname)%00%(objectname)%00%(*objectname) [3ms]
2025-08-09 15:18:03.038 [info] > git status -z -uall [15ms]
2025-08-09 15:18:06.965 [info] > git show --textconv :src/assets/styles/global.css [11ms]
2025-08-09 15:18:06.967 [info] > git ls-files --stage -- src/assets/styles/global.css [2ms]
2025-08-09 15:18:06.979 [info] > git cat-file -s 50bf8db4d56518176564a94ccf94019947884767 [3ms]
2025-08-09 15:18:37.581 [info] > git config --get commit.template [12ms]
2025-08-09 15:18:37.581 [info] > git for-each-ref --format=%(refname)%00%(upstream:short)%00%(objectname)%00%(upstream:track)%00%(upstream:remotename)%00%(upstream:remoteref) refs/heads/main refs/remotes/main [3ms]
2025-08-09 15:18:37.605 [info] > git for-each-ref --sort -committerdate --format %(refname)%00%(objectname)%00%(*objectname) [3ms]
2025-08-09 15:18:37.607 [info] > git status -z -uall [15ms]
2025-08-09 15:18:53.360 [info] > git config --get commit.template [12ms]
2025-08-09 15:18:53.362 [info] > git for-each-ref --format=%(refname)%00%(upstream:short)%00%(objectname)%00%(upstream:track)%00%(upstream:remotename)%00%(upstream:remoteref) refs/heads/main refs/remotes/main [3ms]
2025-08-09 15:18:53.385 [info] > git for-each-ref --sort -committerdate --format %(refname)%00%(objectname)%00%(*objectname) [3ms]
2025-08-09 15:18:53.387 [info] > git status -z -uall [15ms]
2025-08-09 15:19:02.306 [info] > git config --get commit.template [12ms]
2025-08-09 15:19:02.307 [info] > git for-each-ref --format=%(refname)%00%(upstream:short)%00%(objectname)%00%(upstream:track)%00%(upstream:remotename)%00%(upstream:remoteref) refs/heads/main refs/remotes/main [2ms]
2025-08-09 15:19:02.332 [info] > git status -z -uall [14ms]
2025-08-09 15:19:02.332 [info] > git for-each-ref --sort -committerdate --format %(refname)%00%(objectname)%00%(*objectname) [3ms]
2025-08-09 15:19:07.527 [info] > git config --get commit.template [11ms]
2025-08-09 15:19:07.529 [info] > git for-each-ref --format=%(refname)%00%(upstream:short)%00%(objectname)%00%(upstream:track)%00%(upstream:remotename)%00%(upstream:remoteref) refs/heads/main refs/remotes/main [3ms]
2025-08-09 15:19:07.553 [info] > git for-each-ref --sort -committerdate --format %(refname)%00%(objectname)%00%(*objectname) [3ms]
2025-08-09 15:19:07.555 [info] > git status -z -uall [15ms]
2025-08-09 15:19:09.323 [info] > git show --textconv :src/components/sections/landing/HeroSection.astro [10ms]
2025-08-09 15:19:09.325 [info] > git ls-files --stage -- src/components/sections/landing/HeroSection.astro [3ms]
2025-08-09 15:19:09.338 [info] > git cat-file -s 651d4ec772e9f1908a9a04cbe4abb909827b9701 [3ms]
2025-08-09 15:19:19.180 [info] > git config --get commit.template [10ms]
2025-08-09 15:19:19.183 [info] > git for-each-ref --format=%(refname)%00%(upstream:short)%00%(objectname)%00%(upstream:track)%00%(upstream:remotename)%00%(upstream:remoteref) refs/heads/main refs/remotes/main [4ms]
2025-08-09 15:19:19.204 [info] > git for-each-ref --sort -committerdate --format %(refname)%00%(objectname)%00%(*objectname) [3ms]
2025-08-09 15:19:19.208 [info] > git status -z -uall [16ms]
2025-08-09 15:19:27.746 [info] > git show --textconv :src/assets/styles/global.css [10ms]
2025-08-09 15:19:27.747 [info] > git ls-files --stage -- src/assets/styles/global.css [2ms]
2025-08-09 15:19:27.758 [info] > git cat-file -s 50bf8db4d56518176564a94ccf94019947884767 [2ms]
2025-08-09 15:19:35.859 [info] > git config --get commit.template [10ms]
2025-08-09 15:19:35.861 [info] > git for-each-ref --format=%(refname)%00%(upstream:short)%00%(objectname)%00%(upstream:track)%00%(upstream:remotename)%00%(upstream:remoteref) refs/heads/main refs/remotes/main [3ms]
2025-08-09 15:19:35.884 [info] > git for-each-ref --sort -committerdate --format %(refname)%00%(objectname)%00%(*objectname) [4ms]
2025-08-09 15:19:35.886 [info] > git status -z -uall [15ms]
2025-08-09 15:20:00.449 [info] > git config --get commit.template [10ms]
2025-08-09 15:20:00.451 [info] > git for-each-ref --format=%(refname)%00%(upstream:short)%00%(objectname)%00%(upstream:track)%00%(upstream:remotename)%00%(upstream:remoteref) refs/heads/main refs/remotes/main [2ms]
2025-08-09 15:20:00.472 [info] > git for-each-ref --sort -committerdate --format %(refname)%00%(objectname)%00%(*objectname) [3ms]
2025-08-09 15:20:00.475 [info] > git status -z -uall [15ms]
2025-08-09 15:20:07.131 [info] > git config --get commit.template [13ms]
2025-08-09 15:20:07.132 [info] > git for-each-ref --format=%(refname)%00%(upstream:short)%00%(objectname)%00%(upstream:track)%00%(upstream:remotename)%00%(upstream:remoteref) refs/heads/main refs/remotes/main [3ms]
2025-08-09 15:20:07.160 [info] > git for-each-ref --sort -committerdate --format %(refname)%00%(objectname)%00%(*objectname) [3ms]
2025-08-09 15:20:07.163 [info] > git status -z -uall [18ms]
2025-08-09 15:20:20.159 [info] > git config --get commit.template [12ms]
2025-08-09 15:20:20.161 [info] > git for-each-ref --format=%(refname)%00%(upstream:short)%00%(objectname)%00%(upstream:track)%00%(upstream:remotename)%00%(upstream:remoteref) refs/heads/main refs/remotes/main [3ms]
2025-08-09 15:20:20.183 [info] > git for-each-ref --sort -committerdate --format %(refname)%00%(objectname)%00%(*objectname) [3ms]
2025-08-09 15:20:20.186 [info] > git status -z -uall [15ms]
2025-08-09 15:20:51.029 [info] > git config --get commit.template [10ms]
2025-08-09 15:20:51.030 [info] > git for-each-ref --format=%(refname)%00%(upstream:short)%00%(objectname)%00%(upstream:track)%00%(upstream:remotename)%00%(upstream:remoteref) refs/heads/main refs/remotes/main [2ms]
2025-08-09 15:20:51.051 [info] > git for-each-ref --sort -committerdate --format %(refname)%00%(objectname)%00%(*objectname) [3ms]
2025-08-09 15:20:51.054 [info] > git status -z -uall [15ms]
2025-08-09 15:20:51.330 [info] > git fetch [322ms]
2025-08-09 15:20:51.352 [info] > git config --get commit.template [11ms]
2025-08-09 15:20:51.354 [info] > git for-each-ref --format=%(refname)%00%(upstream:short)%00%(objectname)%00%(upstream:track)%00%(upstream:remotename)%00%(upstream:remoteref) refs/heads/main refs/remotes/main [2ms]
2025-08-09 15:20:51.374 [info] > git for-each-ref --sort -committerdate --format %(refname)%00%(objectname)%00%(*objectname) [2ms]
2025-08-09 15:20:51.377 [info] > git status -z -uall [14ms]
2025-08-09 15:20:52.968 [info] > git ls-files --stage -- src/assets/styles/global.css [2ms]
2025-08-09 15:20:52.980 [info] > git cat-file -s 50bf8db4d56518176564a94ccf94019947884767 [2ms]
2025-08-09 15:20:53.178 [info] > git show --textconv :src/assets/styles/global.css [3ms]
2025-08-09 15:20:55.769 [info] > git show --textconv :src/components/sections/landing/HeroSection.astro [14ms]
2025-08-09 15:20:55.769 [info] > git ls-files --stage -- src/components/sections/landing/HeroSection.astro [4ms]
2025-08-09 15:20:55.782 [info] > git cat-file -s 651d4ec772e9f1908a9a04cbe4abb909827b9701 [2ms]
2025-08-09 15:20:56.078 [info] > git config --get commit.template [9ms]
2025-08-09 15:20:56.080 [info] > git for-each-ref --format=%(refname)%00%(upstream:short)%00%(objectname)%00%(upstream:track)%00%(upstream:remotename)%00%(upstream:remoteref) refs/heads/main refs/remotes/main [2ms]
2025-08-09 15:20:56.102 [info] > git for-each-ref --sort -committerdate --format %(refname)%00%(objectname)%00%(*objectname) [3ms]
2025-08-09 15:20:56.105 [info] > git status -z -uall [14ms]
2025-08-09 15:21:04.089 [info] > git config --get commit.template [15ms]
2025-08-09 15:21:04.090 [info] > git for-each-ref --format=%(refname)%00%(upstream:short)%00%(objectname)%00%(upstream:track)%00%(upstream:remotename)%00%(upstream:remoteref) refs/heads/main refs/remotes/main [4ms]
2025-08-09 15:21:04.176 [info] > git status -z -uall [76ms]
2025-08-09 15:21:04.177 [info] > git for-each-ref --sort -committerdate --format %(refname)%00%(objectname)%00%(*objectname) [5ms]
2025-08-09 15:25:31.922 [info] > git config --get commit.template [5ms]
2025-08-09 15:25:31.934 [info] > git for-each-ref --format=%(refname)%00%(upstream:short)%00%(objectname)%00%(upstream:track)%00%(upstream:remotename)%00%(upstream:remoteref) refs/heads/main refs/remotes/main [2ms]
2025-08-09 15:25:31.957 [info] > git for-each-ref --sort -committerdate --format %(refname)%00%(objectname)%00%(*objectname) [3ms]
2025-08-09 15:25:31.959 [info] > git status -z -uall [15ms]
2025-08-09 15:25:32.183 [info] > git fetch [326ms]
2025-08-09 15:25:32.201 [info] > git config --get commit.template [9ms]
2025-08-09 15:25:32.204 [info] > git for-each-ref --format=%(refname)%00%(upstream:short)%00%(objectname)%00%(upstream:track)%00%(upstream:remotename)%00%(upstream:remoteref) refs/heads/main refs/remotes/main [3ms]
2025-08-09 15:25:32.229 [info] > git for-each-ref --sort -committerdate --format %(refname)%00%(objectname)%00%(*objectname) [3ms]
2025-08-09 15:25:32.229 [info] > git status -z -uall [14ms]
2025-08-09 15:25:33.712 [info] > git ls-files --stage -- src/components/sections/landing/HeroSection.astro [2ms]
2025-08-09 15:25:33.723 [info] > git cat-file -s 651d4ec772e9f1908a9a04cbe4abb909827b9701 [2ms]
2025-08-09 15:25:33.863 [info] > git show --textconv :src/components/sections/landing/HeroSection.astro [3ms]
2025-08-09 15:25:36.982 [info] > git config --get commit.template [9ms]
2025-08-09 15:25:36.983 [info] > git for-each-ref --format=%(refname)%00%(upstream:short)%00%(objectname)%00%(upstream:track)%00%(upstream:remotename)%00%(upstream:remoteref) refs/heads/main refs/remotes/main [3ms]
2025-08-09 15:25:37.006 [info] > git for-each-ref --sort -committerdate --format %(refname)%00%(objectname)%00%(*objectname) [2ms]
2025-08-09 15:25:37.009 [info] > git status -z -uall [15ms]
2025-08-09 15:25:43.091 [info] > git config --get commit.template [13ms]
2025-08-09 15:25:43.093 [info] > git for-each-ref --format=%(refname)%00%(upstream:short)%00%(objectname)%00%(upstream:track)%00%(upstream:remotename)%00%(upstream:remoteref) refs/heads/main refs/remotes/main [3ms]
2025-08-09 15:25:43.120 [info] > git for-each-ref --sort -committerdate --format %(refname)%00%(objectname)%00%(*objectname) [2ms]
2025-08-09 15:25:43.167 [info] > git status -z -uall [60ms]
2025-08-09 15:28:05.396 [info] > git config --get commit.template [13ms]
2025-08-09 15:28:05.398 [info] > git for-each-ref --format=%(refname)%00%(upstream:short)%00%(objectname)%00%(upstream:track)%00%(upstream:remotename)%00%(upstream:remoteref) refs/heads/main refs/remotes/main [3ms]
2025-08-09 15:28:05.429 [info] > git status -z -uall [16ms]
2025-08-09 15:28:05.434 [info] > git for-each-ref --sort -committerdate --format %(refname)%00%(objectname)%00%(*objectname) [6ms]
2025-08-09 15:28:10.463 [info] > git config --get commit.template [13ms]
2025-08-09 15:28:10.465 [info] > git for-each-ref --format=%(refname)%00%(upstream:short)%00%(objectname)%00%(upstream:track)%00%(upstream:remotename)%00%(upstream:remoteref) refs/heads/main refs/remotes/main [3ms]
2025-08-09 15:28:10.496 [info] > git status -z -uall [17ms]
2025-08-09 15:28:10.498 [info] > git for-each-ref --sort -committerdate --format %(refname)%00%(objectname)%00%(*objectname) [6ms]
2025-08-09 15:28:15.522 [info] > git config --get commit.template [9ms]
2025-08-09 15:28:15.524 [info] > git for-each-ref --format=%(refname)%00%(upstream:short)%00%(objectname)%00%(upstream:track)%00%(upstream:remotename)%00%(upstream:remoteref) refs/heads/main refs/remotes/main [2ms]
2025-08-09 15:28:15.547 [info] > git for-each-ref --sort -committerdate --format %(refname)%00%(objectname)%00%(*objectname) [3ms]
2025-08-09 15:28:15.548 [info] > git status -z -uall [14ms]
2025-08-09 15:28:20.574 [info] > git config --get commit.template [11ms]
2025-08-09 15:28:20.576 [info] > git for-each-ref --format=%(refname)%00%(upstream:short)%00%(objectname)%00%(upstream:track)%00%(upstream:remotename)%00%(upstream:remoteref) refs/heads/main refs/remotes/main [3ms]
2025-08-09 15:28:20.599 [info] > git for-each-ref --sort -committerdate --format %(refname)%00%(objectname)%00%(*objectname) [3ms]
2025-08-09 15:28:20.602 [info] > git status -z -uall [15ms]
2025-08-09 15:28:32.398 [info] > git config --get commit.template [12ms]
2025-08-09 15:28:32.401 [info] > git for-each-ref --format=%(refname)%00%(upstream:short)%00%(objectname)%00%(upstream:track)%00%(upstream:remotename)%00%(upstream:remoteref) refs/heads/main refs/remotes/main [4ms]
2025-08-09 15:28:32.424 [info] > git for-each-ref --sort -committerdate --format %(refname)%00%(objectname)%00%(*objectname) [4ms]
2025-08-09 15:28:32.425 [info] > git status -z -uall [14ms]
2025-08-09 15:28:32.722 [info] > git fetch [345ms]
2025-08-09 15:28:32.743 [info] > git config --get commit.template [11ms]
2025-08-09 15:28:32.745 [info] > git for-each-ref --format=%(refname)%00%(upstream:short)%00%(objectname)%00%(upstream:track)%00%(upstream:remotename)%00%(upstream:remoteref) refs/heads/main refs/remotes/main [3ms]
2025-08-09 15:28:32.768 [info] > git for-each-ref --sort -committerdate --format %(refname)%00%(objectname)%00%(*objectname) [4ms]
2025-08-09 15:28:32.768 [info] > git status -z -uall [14ms]
2025-08-09 15:28:34.258 [info] > git ls-files --stage -- src/components/sections/landing/HeroSection.astro [1ms]
2025-08-09 15:28:34.270 [info] > git cat-file -s 651d4ec772e9f1908a9a04cbe4abb909827b9701 [2ms]
2025-08-09 15:28:34.403 [info] > git show --textconv :src/components/sections/landing/HeroSection.astro [2ms]
2025-08-09 15:28:37.454 [info] > git config --get commit.template [11ms]
2025-08-09 15:28:37.456 [info] > git for-each-ref --format=%(refname)%00%(upstream:short)%00%(objectname)%00%(upstream:track)%00%(upstream:remotename)%00%(upstream:remoteref) refs/heads/main refs/remotes/main [3ms]
2025-08-09 15:28:37.481 [info] > git for-each-ref --sort -committerdate --format %(refname)%00%(objectname)%00%(*objectname) [3ms]
2025-08-09 15:28:37.482 [info] > git status -z -uall [16ms]
2025-08-09 15:28:47.269 [info] > git config --get commit.template [12ms]
2025-08-09 15:28:47.271 [info] > git for-each-ref --format=%(refname)%00%(upstream:short)%00%(objectname)%00%(upstream:track)%00%(upstream:remotename)%00%(upstream:remoteref) refs/heads/main refs/remotes/main [3ms]
2025-08-09 15:28:47.296 [info] > git status -z -uall [15ms]
2025-08-09 15:28:47.297 [info] > git for-each-ref --sort -committerdate --format %(refname)%00%(objectname)%00%(*objectname) [5ms]
