2025-08-10 13:54:51.797 [info] Extension host with pid 23525 started
2025-08-10 13:54:51.797 [error] Error: EEXIST: file already exists, open '/workspace/.vscode-remote/data/User/workspaceStorage/1cafd87f/vscode.lock'
2025-08-10 13:54:51.797 [info] Lock '/workspace/.vscode-remote/data/User/workspaceStorage/1cafd87f/vscode.lock': Could not acquire lock, checking if the file is stale.
2025-08-10 13:54:51.798 [info] Lock '/workspace/.vscode-remote/data/User/workspaceStorage/1cafd87f/vscode.lock': The lock does not look stale, elapsed: 837 ms, giving up.
2025-08-10 13:54:51.798 [error] Error: EEXIST: file already exists, open '/workspace/.vscode-remote/data/User/workspaceStorage/1cafd87f-1/vscode.lock'
2025-08-10 13:54:51.799 [info] Lock '/workspace/.vscode-remote/data/User/workspaceStorage/1cafd87f-1/vscode.lock': Could not acquire lock, checking if the file is stale.
2025-08-10 13:54:51.799 [info] Lock '/workspace/.vscode-remote/data/User/workspaceStorage/1cafd87f-1/vscode.lock': The lock does not look stale, elapsed: 316 ms, giving up.
2025-08-10 13:54:51.800 [error] Error: EEXIST: file already exists, open '/workspace/.vscode-remote/data/User/workspaceStorage/1cafd87f-2/vscode.lock'
2025-08-10 13:54:51.800 [info] Lock '/workspace/.vscode-remote/data/User/workspaceStorage/1cafd87f-2/vscode.lock': Could not acquire lock, checking if the file is stale.
2025-08-10 13:54:51.801 [info] Lock '/workspace/.vscode-remote/data/User/workspaceStorage/1cafd87f-2/vscode.lock': The lock does not look stale, elapsed: 369 ms, giving up.
2025-08-10 13:54:51.804 [info] Lock '/workspace/.vscode-remote/data/User/workspaceStorage/1cafd87f-3/vscode.lock': Lock acquired.
2025-08-10 13:54:57.630 [info] ExtensionService#_doActivateExtension vscode.simple-browser, startup: false, activationEvent: 'onWebviewPanel:simpleBrowser.view'
2025-08-10 13:54:57.631 [info] ExtensionService#_doActivateExtension astro-build.astro-vscode, startup: false, activationEvent: 'onLanguage:astro'
2025-08-10 13:54:57.631 [info] ExtensionService#_doActivateExtension vscode.emmet, startup: false, activationEvent: 'onLanguage'
2025-08-10 13:54:58.632 [info] ExtensionService#_doActivateExtension vscode.git-base, startup: true, activationEvent: '*', root cause: vscode.git
2025-08-10 13:54:58.633 [info] ExtensionService#_doActivateExtension gitpod.gitpod-web, startup: true, activationEvent: '*'
2025-08-10 13:54:58.755 [info] ExtensionService#_doActivateExtension vscode.npm, startup: true, activationEvent: 'workspaceContains:package.json'
2025-08-10 13:55:00.498 [info] ExtensionService#_doActivateExtension vscode.git, startup: true, activationEvent: '*'
2025-08-10 13:55:00.498 [info] ExtensionService#_doActivateExtension vscode.github, startup: true, activationEvent: '*'
2025-08-10 13:55:01.566 [info] Eager extensions activated
2025-08-10 13:55:01.566 [info] ExtensionService#_doActivateExtension vscode.debug-auto-launch, startup: false, activationEvent: 'onStartupFinished'
2025-08-10 13:55:01.567 [info] ExtensionService#_doActivateExtension vscode.merge-conflict, startup: false, activationEvent: 'onStartupFinished'
2025-08-10 13:55:01.567 [info] ExtensionService#_doActivateExtension bradlc.vscode-tailwindcss, startup: false, activationEvent: 'onStartupFinished'
2025-08-10 13:55:01.567 [info] ExtensionService#_doActivateExtension Codeium.codeium, startup: false, activationEvent: 'onStartupFinished'
2025-08-10 13:55:01.567 [info] ExtensionService#_doActivateExtension esbenp.prettier-vscode, startup: false, activationEvent: 'onStartupFinished'
2025-08-10 13:55:01.568 [info] ExtensionService#_doActivateExtension vscode.github-authentication, startup: false, activationEvent: 'onStartupFinished', root cause: GitHub.vscode-pull-request-github
2025-08-10 13:55:01.568 [info] ExtensionService#_doActivateExtension PKief.material-icon-theme, startup: false, activationEvent: 'onStartupFinished'
2025-08-10 13:55:05.897 [info] ExtensionService#_doActivateExtension GitHub.vscode-pull-request-github, startup: false, activationEvent: 'onStartupFinished'
2025-08-10 13:55:06.063 [info] ExtensionService#_doActivateExtension redhat.vscode-yaml, startup: false, activationEvent: 'onLanguage:yaml'
2025-08-10 13:55:09.198 [warning] [redhat.vscode-yaml] Accessing a resource scoped configuration without providing a resource is not expected. To get the effective value for '[yaml]', provide the URI of a resource or 'null' for any resource.
2025-08-10 13:55:09.199 [warning] [redhat.vscode-yaml] Accessing a resource scoped configuration without providing a resource is not expected. To get the effective value for '[yaml]', provide the URI of a resource or 'null' for any resource.
2025-08-10 13:56:09.834 [warning] [redhat.vscode-yaml] Accessing a resource scoped configuration without providing a resource is not expected. To get the effective value for '[yaml]', provide the URI of a resource or 'null' for any resource.
2025-08-10 13:56:09.949 [warning] [redhat.vscode-yaml] Accessing a resource scoped configuration without providing a resource is not expected. To get the effective value for '[yaml]', provide the URI of a resource or 'null' for any resource.
2025-08-10 13:56:09.953 [warning] [redhat.vscode-yaml] Accessing a resource scoped configuration without providing a resource is not expected. To get the effective value for '[yaml]', provide the URI of a resource or 'null' for any resource.
2025-08-10 13:56:10.878 [info] ExtensionService#_doActivateExtension vscode.typescript-language-features, startup: false, activationEvent: 'onLanguage:typescript'
2025-08-10 13:56:10.879 [info] ExtensionService#_doActivateExtension steoates.autoimport, startup: false, activationEvent: 'onLanguage:typescript'
2025-08-10 13:56:13.130 [info] ExtensionService#_doActivateExtension vscode.configuration-editing, startup: false, activationEvent: 'onLanguage:jsonc'
2025-08-10 13:56:13.130 [info] ExtensionService#_doActivateExtension vscode.json-language-features, startup: false, activationEvent: 'onLanguage:jsonc'
2025-08-10 13:57:07.503 [info] ExtensionService#_doActivateExtension vscode.extension-editing, startup: false, activationEvent: 'onLanguage:json'
2025-08-10 13:57:10.286 [warning] [redhat.vscode-yaml] Accessing a resource scoped configuration without providing a resource is not expected. To get the effective value for '[yaml]', provide the URI of a resource or 'null' for any resource.
2025-08-10 13:57:10.290 [warning] [redhat.vscode-yaml] Accessing a resource scoped configuration without providing a resource is not expected. To get the effective value for '[yaml]', provide the URI of a resource or 'null' for any resource.
