2025-08-08 07:31:59.034 [info] [main] Log level: Info
2025-08-08 07:31:59.034 [info] [main] Validating found git in: "git"
2025-08-08 07:31:59.034 [info] [main] Using git "2.49.0" from "git"
2025-08-08 07:31:59.034 [info] [Model][doInitialScan] Initial repository scan started
2025-08-08 07:31:59.034 [info] > git rev-parse --show-toplevel [82ms]
2025-08-08 07:31:59.034 [info] > git rev-parse --git-dir --git-common-dir [6ms]
2025-08-08 07:31:59.034 [info] [Model][openRepository] Opened repository (path): /workspace/Website-starter
2025-08-08 07:31:59.034 [info] [Model][openRepository] Opened repository (real path): /workspace/Website-starter
2025-08-08 07:31:59.034 [info] > git config --get commit.template [83ms]
2025-08-08 07:31:59.034 [info] > git rev-parse --show-toplevel [17ms]
2025-08-08 07:31:59.034 [info] > git rev-parse --show-toplevel [7ms]
2025-08-08 07:31:59.034 [info] > git for-each-ref --format=%(refname)%00%(upstream:short)%00%(objectname)%00%(upstream:track)%00%(upstream:remotename)%00%(upstream:remoteref) refs/heads/main refs/remotes/main [17ms]
2025-08-08 07:31:59.034 [info] > git rev-parse --show-toplevel [103ms]
2025-08-08 07:31:59.034 [info] > git status -z -uall [103ms]
2025-08-08 07:31:59.034 [info] > git rev-parse --show-toplevel [85ms]
2025-08-08 07:31:59.034 [info] > git for-each-ref --sort -committerdate --format %(refname)%00%(objectname)%00%(*objectname) [96ms]
2025-08-08 07:31:59.034 [info] > git for-each-ref --format=%(refname)%00%(upstream:short)%00%(objectname)%00%(upstream:track)%00%(upstream:remotename)%00%(upstream:remoteref) refs/heads/main refs/remotes/main [206ms]
2025-08-08 07:31:59.034 [info] > git fetch [1056ms]
2025-08-08 07:31:59.034 [info] > git config --get commit.template [103ms]
2025-08-08 07:31:59.034 [info] > git rev-parse --show-toplevel [112ms]
2025-08-08 07:31:59.034 [info] > git config --get commit.template [90ms]
2025-08-08 07:31:59.034 [info] > git config --get --local branch.main.vscode-merge-base [100ms]
2025-08-08 07:31:59.034 [info] > git rev-parse --show-toplevel [93ms]
2025-08-08 07:31:59.034 [info] > git for-each-ref --format=%(refname)%00%(upstream:short)%00%(objectname)%00%(upstream:track)%00%(upstream:remotename)%00%(upstream:remoteref) refs/heads/origin/main refs/remotes/origin/main [15ms]
2025-08-08 07:31:59.034 [info] > git for-each-ref --format=%(refname)%00%(upstream:short)%00%(objectname)%00%(upstream:track)%00%(upstream:remotename)%00%(upstream:remoteref) refs/heads/main refs/remotes/main [89ms]
2025-08-08 07:31:59.034 [info] > git for-each-ref --format=%(refname)%00%(upstream:short)%00%(objectname)%00%(upstream:track)%00%(upstream:remotename)%00%(upstream:remoteref) refs/heads/main refs/remotes/main [96ms]
2025-08-08 07:31:59.034 [info] > git merge-base refs/heads/main refs/remotes/origin/main [9ms]
2025-08-08 07:31:59.034 [info] > git rev-parse --show-toplevel [10ms]
2025-08-08 07:31:59.034 [info] [Model][doInitialScan] Initial repository scan completed - repositories (1), closed repositories (0), parent repositories (0), unsafe repositories (0)
2025-08-08 07:31:59.034 [info] > git diff --name-status -z --diff-filter=ADMR 0d7a3a898007be1d8200d8db99d59472a2da8d06...refs/remotes/origin/main [87ms]
2025-08-08 07:31:59.034 [info] > git for-each-ref --sort -committerdate --format %(refname)%00%(objectname)%00%(*objectname) [5ms]
2025-08-08 07:31:59.046 [info] > git status -z -uall [25ms]
2025-08-08 07:32:03.443 [info] > git check-ignore -v -z --stdin [10ms]
2025-08-08 07:32:04.428 [info] > git config --get commit.template [82ms]
2025-08-08 07:32:04.444 [info] > git for-each-ref --format=%(refname)%00%(upstream:short)%00%(objectname)%00%(upstream:track)%00%(upstream:remotename)%00%(upstream:remoteref) refs/heads/main refs/remotes/main [7ms]
2025-08-08 07:32:04.527 [info] > git for-each-ref --sort -committerdate --format %(refname)%00%(objectname)%00%(*objectname) [4ms]
2025-08-08 07:32:04.532 [info] > git status -z -uall [79ms]
2025-08-08 07:32:10.180 [info] > git config --get --local branch.main.github-pr-owner-number [4ms]
2025-08-08 07:32:10.181 [warning] [Git][config] git config failed: Failed to execute git
2025-08-08 07:33:08.580 [info] > git config --get commit.template [2ms]
2025-08-08 07:33:08.594 [info] > git for-each-ref --format=%(refname)%00%(upstream:short)%00%(objectname)%00%(upstream:track)%00%(upstream:remotename)%00%(upstream:remoteref) refs/heads/main refs/remotes/main [3ms]
2025-08-08 07:33:08.617 [info] > git for-each-ref --sort -committerdate --format %(refname)%00%(objectname)%00%(*objectname) [3ms]
2025-08-08 07:33:08.619 [info] > git status -z -uall [15ms]
2025-08-08 07:33:13.653 [info] > git config --get commit.template [13ms]
2025-08-08 07:33:13.654 [info] > git for-each-ref --format=%(refname)%00%(upstream:short)%00%(objectname)%00%(upstream:track)%00%(upstream:remotename)%00%(upstream:remoteref) refs/heads/main refs/remotes/main [3ms]
2025-08-08 07:33:13.680 [info] > git for-each-ref --sort -committerdate --format %(refname)%00%(objectname)%00%(*objectname) [3ms]
2025-08-08 07:33:13.682 [info] > git status -z -uall [16ms]
2025-08-08 07:33:18.714 [info] > git config --get commit.template [14ms]
2025-08-08 07:33:18.717 [info] > git for-each-ref --format=%(refname)%00%(upstream:short)%00%(objectname)%00%(upstream:track)%00%(upstream:remotename)%00%(upstream:remoteref) refs/heads/main refs/remotes/main [4ms]
2025-08-08 07:33:18.749 [info] > git for-each-ref --sort -committerdate --format %(refname)%00%(objectname)%00%(*objectname) [5ms]
2025-08-08 07:33:18.752 [info] > git status -z -uall [20ms]
2025-08-08 07:33:23.782 [info] > git config --get commit.template [13ms]
2025-08-08 07:33:23.784 [info] > git for-each-ref --format=%(refname)%00%(upstream:short)%00%(objectname)%00%(upstream:track)%00%(upstream:remotename)%00%(upstream:remoteref) refs/heads/main refs/remotes/main [3ms]
2025-08-08 07:33:23.811 [info] > git for-each-ref --sort -committerdate --format %(refname)%00%(objectname)%00%(*objectname) [4ms]
2025-08-08 07:33:23.811 [info] > git status -z -uall [15ms]
2025-08-08 07:33:42.236 [info] > git config --get commit.template [12ms]
2025-08-08 07:33:42.238 [info] > git for-each-ref --format=%(refname)%00%(upstream:short)%00%(objectname)%00%(upstream:track)%00%(upstream:remotename)%00%(upstream:remoteref) refs/heads/main refs/remotes/main [2ms]
2025-08-08 07:33:42.261 [info] > git for-each-ref --sort -committerdate --format %(refname)%00%(objectname)%00%(*objectname) [3ms]
2025-08-08 07:33:42.263 [info] > git status -z -uall [15ms]
2025-08-08 07:33:47.294 [info] > git config --get commit.template [12ms]
2025-08-08 07:33:47.295 [info] > git for-each-ref --format=%(refname)%00%(upstream:short)%00%(objectname)%00%(upstream:track)%00%(upstream:remotename)%00%(upstream:remoteref) refs/heads/main refs/remotes/main [2ms]
2025-08-08 07:33:47.321 [info] > git status -z -uall [15ms]
2025-08-08 07:33:47.322 [info] > git for-each-ref --sort -committerdate --format %(refname)%00%(objectname)%00%(*objectname) [4ms]
2025-08-08 07:33:52.351 [info] > git config --get commit.template [13ms]
2025-08-08 07:33:52.353 [info] > git for-each-ref --format=%(refname)%00%(upstream:short)%00%(objectname)%00%(upstream:track)%00%(upstream:remotename)%00%(upstream:remoteref) refs/heads/main refs/remotes/main [3ms]
2025-08-08 07:33:52.380 [info] > git status -z -uall [15ms]
2025-08-08 07:33:52.381 [info] > git for-each-ref --sort -committerdate --format %(refname)%00%(objectname)%00%(*objectname) [4ms]
2025-08-08 07:33:57.411 [info] > git config --get commit.template [13ms]
2025-08-08 07:33:57.412 [info] > git for-each-ref --format=%(refname)%00%(upstream:short)%00%(objectname)%00%(upstream:track)%00%(upstream:remotename)%00%(upstream:remoteref) refs/heads/main refs/remotes/main [2ms]
2025-08-08 07:33:57.439 [info] > git status -z -uall [14ms]
2025-08-08 07:33:57.439 [info] > git for-each-ref --sort -committerdate --format %(refname)%00%(objectname)%00%(*objectname) [5ms]
2025-08-08 07:34:02.466 [info] > git config --get commit.template [12ms]
2025-08-08 07:34:02.468 [info] > git for-each-ref --format=%(refname)%00%(upstream:short)%00%(objectname)%00%(upstream:track)%00%(upstream:remotename)%00%(upstream:remoteref) refs/heads/main refs/remotes/main [3ms]
2025-08-08 07:34:02.495 [info] > git status -z -uall [15ms]
2025-08-08 07:34:02.495 [info] > git for-each-ref --sort -committerdate --format %(refname)%00%(objectname)%00%(*objectname) [4ms]
2025-08-08 07:34:07.515 [info] > git config --get commit.template [3ms]
2025-08-08 07:34:07.528 [info] > git for-each-ref --format=%(refname)%00%(upstream:short)%00%(objectname)%00%(upstream:track)%00%(upstream:remotename)%00%(upstream:remoteref) refs/heads/main refs/remotes/main [2ms]
2025-08-08 07:34:07.553 [info] > git for-each-ref --sort -committerdate --format %(refname)%00%(objectname)%00%(*objectname) [3ms]
2025-08-08 07:34:07.557 [info] > git status -z -uall [17ms]
2025-08-08 07:34:13.695 [info] > git show --textconv :src/components/sections/landing/HeroSection.astro [18ms]
2025-08-08 07:34:13.696 [info] > git ls-files --stage -- src/components/sections/landing/HeroSection.astro [2ms]
2025-08-08 07:34:13.716 [info] > git cat-file -s 651d4ec772e9f1908a9a04cbe4abb909827b9701 [4ms]
2025-08-08 07:34:13.795 [info] > git check-ignore -v -z --stdin [3ms]
2025-08-08 07:34:14.377 [info] > git blame --root --incremental 0d7a3a898007be1d8200d8db99d59472a2da8d06 -- src/components/sections/landing/HeroSection.astro [11ms]
2025-08-08 07:34:24.631 [info] > git config --get commit.template [19ms]
2025-08-08 07:34:24.634 [info] > git for-each-ref --format=%(refname)%00%(upstream:short)%00%(objectname)%00%(upstream:track)%00%(upstream:remotename)%00%(upstream:remoteref) refs/heads/main refs/remotes/main [4ms]
2025-08-08 07:34:24.673 [info] > git for-each-ref --sort -committerdate --format %(refname)%00%(objectname)%00%(*objectname) [5ms]
2025-08-08 07:34:24.675 [info] > git status -z -uall [25ms]
2025-08-08 07:34:30.600 [info] > git show --textconv :src/components/ui/icons/Icon.astro [17ms]
2025-08-08 07:34:30.602 [info] > git ls-files --stage -- src/components/ui/icons/Icon.astro [3ms]
2025-08-08 07:34:30.623 [info] > git cat-file -s 67a96541a0ca20634afbe6121befbe7f5aa02c76 [4ms]
2025-08-08 07:34:30.752 [info] > git check-ignore -v -z --stdin [3ms]
2025-08-08 07:34:30.897 [info] > git blame --root --incremental 0d7a3a898007be1d8200d8db99d59472a2da8d06 -- src/components/ui/icons/Icon.astro [7ms]
2025-08-08 07:34:43.712 [info] > git config --get commit.template [17ms]
2025-08-08 07:34:43.715 [info] > git for-each-ref --format=%(refname)%00%(upstream:short)%00%(objectname)%00%(upstream:track)%00%(upstream:remotename)%00%(upstream:remoteref) refs/heads/main refs/remotes/main [3ms]
2025-08-08 07:34:43.755 [info] > git for-each-ref --sort -committerdate --format %(refname)%00%(objectname)%00%(*objectname) [4ms]
2025-08-08 07:34:43.756 [info] > git status -z -uall [24ms]
2025-08-08 07:34:59.432 [info] > git fetch [364ms]
2025-08-08 07:34:59.470 [info] > git config --get commit.template [21ms]
2025-08-08 07:34:59.472 [info] > git for-each-ref --format=%(refname)%00%(upstream:short)%00%(objectname)%00%(upstream:track)%00%(upstream:remotename)%00%(upstream:remoteref) refs/heads/main refs/remotes/main [5ms]
2025-08-08 07:34:59.508 [info] > git for-each-ref --sort -committerdate --format %(refname)%00%(objectname)%00%(*objectname) [4ms]
2025-08-08 07:34:59.509 [info] > git status -z -uall [22ms]
2025-08-08 07:35:00.802 [info] > git config --get commit.template [16ms]
2025-08-08 07:35:00.805 [info] > git for-each-ref --format=%(refname)%00%(upstream:short)%00%(objectname)%00%(upstream:track)%00%(upstream:remotename)%00%(upstream:remoteref) refs/heads/main refs/remotes/main [4ms]
2025-08-08 07:35:00.847 [info] > git status -z -uall [25ms]
2025-08-08 07:35:00.848 [info] > git for-each-ref --sort -committerdate --format %(refname)%00%(objectname)%00%(*objectname) [9ms]
2025-08-08 07:35:16.932 [info] > git for-each-ref --format=%(refname)%00%(upstream:short)%00%(objectname)%00%(upstream:track)%00%(upstream:remotename)%00%(upstream:remoteref) refs/heads/main refs/remotes/main [8ms]
2025-08-08 07:35:16.932 [info] > git config --get commit.template [91ms]
2025-08-08 07:35:17.025 [info] > git for-each-ref --sort -committerdate --format %(refname)%00%(objectname)%00%(*objectname) [59ms]
2025-08-08 07:35:17.031 [info] > git status -z -uall [81ms]
2025-08-08 07:35:30.222 [info] > git show --textconv :src/components/sections/landing/HeroSection.astro [20ms]
2025-08-08 07:35:30.225 [info] > git ls-files --stage -- src/components/sections/landing/HeroSection.astro [4ms]
2025-08-08 07:35:30.247 [info] > git cat-file -s 651d4ec772e9f1908a9a04cbe4abb909827b9701 [4ms]
2025-08-08 07:35:35.013 [info] > git config --get commit.template [19ms]
2025-08-08 07:35:35.016 [info] > git for-each-ref --format=%(refname)%00%(upstream:short)%00%(objectname)%00%(upstream:track)%00%(upstream:remotename)%00%(upstream:remoteref) refs/heads/main refs/remotes/main [4ms]
2025-08-08 07:35:35.059 [info] > git status -z -uall [24ms]
2025-08-08 07:35:35.059 [info] > git for-each-ref --sort -committerdate --format %(refname)%00%(objectname)%00%(*objectname) [7ms]
2025-08-08 07:35:40.086 [info] > git config --get commit.template [4ms]
2025-08-08 07:35:40.107 [info] > git for-each-ref --format=%(refname)%00%(upstream:short)%00%(objectname)%00%(upstream:track)%00%(upstream:remotename)%00%(upstream:remoteref) refs/heads/main refs/remotes/main [4ms]
2025-08-08 07:35:40.145 [info] > git for-each-ref --sort -committerdate --format %(refname)%00%(objectname)%00%(*objectname) [4ms]
2025-08-08 07:35:40.149 [info] > git status -z -uall [26ms]
2025-08-08 07:35:57.728 [info] > git config --get commit.template [3ms]
2025-08-08 07:35:57.750 [info] > git for-each-ref --format=%(refname)%00%(upstream:short)%00%(objectname)%00%(upstream:track)%00%(upstream:remotename)%00%(upstream:remoteref) refs/heads/main refs/remotes/main [5ms]
2025-08-08 07:35:57.787 [info] > git for-each-ref --sort -committerdate --format %(refname)%00%(objectname)%00%(*objectname) [4ms]
2025-08-08 07:35:57.789 [info] > git status -z -uall [23ms]
2025-08-08 07:36:25.993 [info] > git config --get commit.template [18ms]
2025-08-08 07:36:25.995 [info] > git for-each-ref --format=%(refname)%00%(upstream:short)%00%(objectname)%00%(upstream:track)%00%(upstream:remotename)%00%(upstream:remoteref) refs/heads/main refs/remotes/main [3ms]
2025-08-08 07:36:26.024 [info] > git status -z -uall [17ms]
2025-08-08 07:36:26.027 [info] > git for-each-ref --sort -committerdate --format %(refname)%00%(objectname)%00%(*objectname) [3ms]
2025-08-08 07:36:32.476 [info] > git config --get commit.template [2ms]
2025-08-08 07:36:32.492 [info] > git for-each-ref --format=%(refname)%00%(upstream:short)%00%(objectname)%00%(upstream:track)%00%(upstream:remotename)%00%(upstream:remoteref) refs/heads/main refs/remotes/main [2ms]
2025-08-08 07:36:32.527 [info] > git for-each-ref --sort -committerdate --format %(refname)%00%(objectname)%00%(*objectname) [3ms]
2025-08-08 07:36:32.528 [info] > git status -z -uall [23ms]
2025-08-08 07:37:08.016 [info] > git config --get commit.template [15ms]
2025-08-08 07:37:08.018 [info] > git for-each-ref --format=%(refname)%00%(upstream:short)%00%(objectname)%00%(upstream:track)%00%(upstream:remotename)%00%(upstream:remoteref) refs/heads/main refs/remotes/main [3ms]
2025-08-08 07:37:08.048 [info] > git status -z -uall [16ms]
2025-08-08 07:37:08.050 [info] > git for-each-ref --sort -committerdate --format %(refname)%00%(objectname)%00%(*objectname) [4ms]
2025-08-08 07:37:13.085 [info] > git for-each-ref --format=%(refname)%00%(upstream:short)%00%(objectname)%00%(upstream:track)%00%(upstream:remotename)%00%(upstream:remoteref) refs/heads/main refs/remotes/main [4ms]
2025-08-08 07:37:13.085 [info] > git config --get commit.template [17ms]
2025-08-08 07:37:13.114 [info] > git for-each-ref --sort -committerdate --format %(refname)%00%(objectname)%00%(*objectname) [4ms]
2025-08-08 07:37:13.115 [info] > git status -z -uall [17ms]
2025-08-08 07:37:23.408 [info] > git config --get commit.template [16ms]
2025-08-08 07:37:23.409 [info] > git for-each-ref --format=%(refname)%00%(upstream:short)%00%(objectname)%00%(upstream:track)%00%(upstream:remotename)%00%(upstream:remoteref) refs/heads/main refs/remotes/main [3ms]
2025-08-08 07:37:23.436 [info] > git for-each-ref --sort -committerdate --format %(refname)%00%(objectname)%00%(*objectname) [3ms]
2025-08-08 07:37:23.437 [info] > git status -z -uall [15ms]
2025-08-08 07:37:28.472 [info] > git config --get commit.template [16ms]
2025-08-08 07:37:28.473 [info] > git for-each-ref --format=%(refname)%00%(upstream:short)%00%(objectname)%00%(upstream:track)%00%(upstream:remotename)%00%(upstream:remoteref) refs/heads/main refs/remotes/main [3ms]
2025-08-08 07:37:28.505 [info] > git status -z -uall [17ms]
2025-08-08 07:37:28.523 [info] > git for-each-ref --sort -committerdate --format %(refname)%00%(objectname)%00%(*objectname) [19ms]
2025-08-08 07:37:33.554 [info] > git config --get commit.template [12ms]
2025-08-08 07:37:33.557 [info] > git for-each-ref --format=%(refname)%00%(upstream:short)%00%(objectname)%00%(upstream:track)%00%(upstream:remotename)%00%(upstream:remoteref) refs/heads/main refs/remotes/main [3ms]
2025-08-08 07:37:33.580 [info] > git for-each-ref --sort -committerdate --format %(refname)%00%(objectname)%00%(*objectname) [3ms]
2025-08-08 07:37:33.582 [info] > git status -z -uall [15ms]
2025-08-08 07:37:41.359 [info] > git config --get commit.template [14ms]
2025-08-08 07:37:41.361 [info] > git for-each-ref --format=%(refname)%00%(upstream:short)%00%(objectname)%00%(upstream:track)%00%(upstream:remotename)%00%(upstream:remoteref) refs/heads/main refs/remotes/main [2ms]
2025-08-08 07:37:41.387 [info] > git status -z -uall [13ms]
2025-08-08 07:37:41.390 [info] > git for-each-ref --sort -committerdate --format %(refname)%00%(objectname)%00%(*objectname) [3ms]
2025-08-08 07:37:59.885 [info] > git fetch [354ms]
2025-08-08 07:37:59.917 [info] > git config --get commit.template [17ms]
2025-08-08 07:37:59.919 [info] > git for-each-ref --format=%(refname)%00%(upstream:short)%00%(objectname)%00%(upstream:track)%00%(upstream:remotename)%00%(upstream:remoteref) refs/heads/main refs/remotes/main [3ms]
2025-08-08 07:37:59.950 [info] > git status -z -uall [16ms]
2025-08-08 07:37:59.952 [info] > git for-each-ref --sort -committerdate --format %(refname)%00%(objectname)%00%(*objectname) [4ms]
2025-08-08 07:38:01.380 [info] > git config --get commit.template [3ms]
2025-08-08 07:38:01.396 [info] > git for-each-ref --format=%(refname)%00%(upstream:short)%00%(objectname)%00%(upstream:track)%00%(upstream:remotename)%00%(upstream:remoteref) refs/heads/main refs/remotes/main [3ms]
2025-08-08 07:38:01.427 [info] > git status -z -uall [16ms]
2025-08-08 07:38:01.429 [info] > git for-each-ref --sort -committerdate --format %(refname)%00%(objectname)%00%(*objectname) [4ms]
2025-08-08 07:41:02.233 [info] > git fetch [351ms]
2025-08-08 07:41:02.261 [info] > git config --get commit.template [15ms]
2025-08-08 07:41:02.263 [info] > git for-each-ref --format=%(refname)%00%(upstream:short)%00%(objectname)%00%(upstream:track)%00%(upstream:remotename)%00%(upstream:remoteref) refs/heads/main refs/remotes/main [3ms]
2025-08-08 07:41:02.292 [info] > git status -z -uall [16ms]
2025-08-08 07:41:02.294 [info] > git for-each-ref --sort -committerdate --format %(refname)%00%(objectname)%00%(*objectname) [4ms]
2025-08-08 07:41:03.450 [info] > git config --get commit.template [13ms]
2025-08-08 07:41:03.451 [info] > git for-each-ref --format=%(refname)%00%(upstream:short)%00%(objectname)%00%(upstream:track)%00%(upstream:remotename)%00%(upstream:remoteref) refs/heads/main refs/remotes/main [3ms]
2025-08-08 07:41:03.474 [info] > git for-each-ref --sort -committerdate --format %(refname)%00%(objectname)%00%(*objectname) [3ms]
2025-08-08 07:41:03.476 [info] > git status -z -uall [14ms]
2025-08-08 07:41:08.503 [info] > git config --get commit.template [11ms]
2025-08-08 07:41:08.505 [info] > git for-each-ref --format=%(refname)%00%(upstream:short)%00%(objectname)%00%(upstream:track)%00%(upstream:remotename)%00%(upstream:remoteref) refs/heads/main refs/remotes/main [3ms]
2025-08-08 07:41:08.530 [info] > git for-each-ref --sort -committerdate --format %(refname)%00%(objectname)%00%(*objectname) [3ms]
2025-08-08 07:41:08.533 [info] > git status -z -uall [17ms]
2025-08-08 07:41:23.607 [info] > git config --get commit.template [2ms]
2025-08-08 07:41:23.619 [info] > git for-each-ref --format=%(refname)%00%(upstream:short)%00%(objectname)%00%(upstream:track)%00%(upstream:remotename)%00%(upstream:remoteref) refs/heads/main refs/remotes/main [2ms]
2025-08-08 07:41:23.642 [info] > git for-each-ref --sort -committerdate --format %(refname)%00%(objectname)%00%(*objectname) [3ms]
2025-08-08 07:41:23.643 [info] > git status -z -uall [14ms]
2025-08-08 07:41:28.670 [info] > git config --get commit.template [11ms]
2025-08-08 07:41:28.672 [info] > git for-each-ref --format=%(refname)%00%(upstream:short)%00%(objectname)%00%(upstream:track)%00%(upstream:remotename)%00%(upstream:remoteref) refs/heads/main refs/remotes/main [3ms]
2025-08-08 07:41:28.694 [info] > git for-each-ref --sort -committerdate --format %(refname)%00%(objectname)%00%(*objectname) [3ms]
2025-08-08 07:41:28.696 [info] > git status -z -uall [14ms]
2025-08-08 07:41:32.018 [info] > git show --textconv :src/components/sections/landing/HeroSection.astro [10ms]
2025-08-08 07:41:32.020 [info] > git ls-files --stage -- src/components/sections/landing/HeroSection.astro [2ms]
2025-08-08 07:41:32.032 [info] > git cat-file -s 651d4ec772e9f1908a9a04cbe4abb909827b9701 [3ms]
2025-08-08 07:41:33.722 [info] > git config --get commit.template [13ms]
2025-08-08 07:41:33.724 [info] > git for-each-ref --format=%(refname)%00%(upstream:short)%00%(objectname)%00%(upstream:track)%00%(upstream:remotename)%00%(upstream:remoteref) refs/heads/main refs/remotes/main [3ms]
2025-08-08 07:41:33.747 [info] > git for-each-ref --sort -committerdate --format %(refname)%00%(objectname)%00%(*objectname) [3ms]
2025-08-08 07:41:33.750 [info] > git status -z -uall [15ms]
2025-08-08 07:41:38.766 [info] > git config --get commit.template [2ms]
2025-08-08 07:41:38.778 [info] > git for-each-ref --format=%(refname)%00%(upstream:short)%00%(objectname)%00%(upstream:track)%00%(upstream:remotename)%00%(upstream:remoteref) refs/heads/main refs/remotes/main [2ms]
2025-08-08 07:41:38.806 [info] > git status -z -uall [14ms]
2025-08-08 07:41:38.807 [info] > git for-each-ref --sort -committerdate --format %(refname)%00%(objectname)%00%(*objectname) [3ms]
2025-08-08 07:41:43.834 [info] > git config --get commit.template [11ms]
2025-08-08 07:41:43.835 [info] > git for-each-ref --format=%(refname)%00%(upstream:short)%00%(objectname)%00%(upstream:track)%00%(upstream:remotename)%00%(upstream:remoteref) refs/heads/main refs/remotes/main [3ms]
2025-08-08 07:41:43.856 [info] > git for-each-ref --sort -committerdate --format %(refname)%00%(objectname)%00%(*objectname) [3ms]
2025-08-08 07:41:43.859 [info] > git status -z -uall [15ms]
2025-08-08 07:43:22.952 [info] > git config --get commit.template [12ms]
2025-08-08 07:43:22.954 [info] > git for-each-ref --format=%(refname)%00%(upstream:short)%00%(objectname)%00%(upstream:track)%00%(upstream:remotename)%00%(upstream:remoteref) refs/heads/main refs/remotes/main [3ms]
2025-08-08 07:43:22.983 [info] > git status -z -uall [17ms]
2025-08-08 07:43:22.983 [info] > git for-each-ref --sort -committerdate --format %(refname)%00%(objectname)%00%(*objectname) [5ms]
2025-08-08 07:43:28.022 [info] > git config --get commit.template [17ms]
2025-08-08 07:43:28.024 [info] > git for-each-ref --format=%(refname)%00%(upstream:short)%00%(objectname)%00%(upstream:track)%00%(upstream:remotename)%00%(upstream:remoteref) refs/heads/main refs/remotes/main [3ms]
2025-08-08 07:43:28.053 [info] > git for-each-ref --sort -committerdate --format %(refname)%00%(objectname)%00%(*objectname) [3ms]
2025-08-08 07:43:28.054 [info] > git status -z -uall [15ms]
2025-08-08 07:43:33.603 [info] > git config --get commit.template [15ms]
2025-08-08 07:43:33.605 [info] > git for-each-ref --format=%(refname)%00%(upstream:short)%00%(objectname)%00%(upstream:track)%00%(upstream:remotename)%00%(upstream:remoteref) refs/heads/main refs/remotes/main [4ms]
2025-08-08 07:43:33.639 [info] > git status -z -uall [19ms]
2025-08-08 07:43:33.640 [info] > git for-each-ref --sort -committerdate --format %(refname)%00%(objectname)%00%(*objectname) [4ms]
2025-08-08 07:43:34.964 [info] > git show --textconv :src/components/sections/landing/HeroSection.astro [15ms]
2025-08-08 07:43:34.966 [info] > git ls-files --stage -- src/components/sections/landing/HeroSection.astro [4ms]
2025-08-08 07:43:34.981 [info] > git cat-file -s 651d4ec772e9f1908a9a04cbe4abb909827b9701 [2ms]
2025-08-08 07:43:41.558 [info] > git config --get commit.template [11ms]
2025-08-08 07:43:41.560 [info] > git for-each-ref --format=%(refname)%00%(upstream:short)%00%(objectname)%00%(upstream:track)%00%(upstream:remotename)%00%(upstream:remoteref) refs/heads/main refs/remotes/main [2ms]
2025-08-08 07:43:41.586 [info] > git status -z -uall [15ms]
2025-08-08 07:43:41.587 [info] > git for-each-ref --sort -committerdate --format %(refname)%00%(objectname)%00%(*objectname) [4ms]
2025-08-08 07:43:50.141 [info] > git config --get commit.template [14ms]
2025-08-08 07:43:50.146 [info] > git for-each-ref --format=%(refname)%00%(upstream:short)%00%(objectname)%00%(upstream:track)%00%(upstream:remotename)%00%(upstream:remoteref) refs/heads/main refs/remotes/main [6ms]
2025-08-08 07:43:50.181 [info] > git status -z -uall [17ms]
2025-08-08 07:43:50.183 [info] > git for-each-ref --sort -committerdate --format %(refname)%00%(objectname)%00%(*objectname) [3ms]
2025-08-08 07:43:55.202 [info] > git config --get commit.template [2ms]
2025-08-08 07:43:55.217 [info] > git for-each-ref --format=%(refname)%00%(upstream:short)%00%(objectname)%00%(upstream:track)%00%(upstream:remotename)%00%(upstream:remoteref) refs/heads/main refs/remotes/main [3ms]
2025-08-08 07:43:55.240 [info] > git for-each-ref --sort -committerdate --format %(refname)%00%(objectname)%00%(*objectname) [3ms]
2025-08-08 07:43:55.242 [info] > git status -z -uall [15ms]
2025-08-08 07:44:02.644 [info] > git fetch [332ms]
2025-08-08 07:44:02.667 [info] > git config --get commit.template [12ms]
2025-08-08 07:44:02.669 [info] > git for-each-ref --format=%(refname)%00%(upstream:short)%00%(objectname)%00%(upstream:track)%00%(upstream:remotename)%00%(upstream:remoteref) refs/heads/main refs/remotes/main [3ms]
2025-08-08 07:44:02.692 [info] > git for-each-ref --sort -committerdate --format %(refname)%00%(objectname)%00%(*objectname) [3ms]
2025-08-08 07:44:02.694 [info] > git status -z -uall [15ms]
2025-08-08 07:44:03.927 [info] > git config --get commit.template [4ms]
2025-08-08 07:44:03.938 [info] > git for-each-ref --format=%(refname)%00%(upstream:short)%00%(objectname)%00%(upstream:track)%00%(upstream:remotename)%00%(upstream:remoteref) refs/heads/main refs/remotes/main [2ms]
2025-08-08 07:44:03.961 [info] > git for-each-ref --sort -committerdate --format %(refname)%00%(objectname)%00%(*objectname) [3ms]
2025-08-08 07:44:03.961 [info] > git status -z -uall [14ms]
2025-08-08 07:44:10.502 [info] > git config --get commit.template [13ms]
2025-08-08 07:44:10.504 [info] > git for-each-ref --format=%(refname)%00%(upstream:short)%00%(objectname)%00%(upstream:track)%00%(upstream:remotename)%00%(upstream:remoteref) refs/heads/main refs/remotes/main [2ms]
2025-08-08 07:44:10.533 [info] > git status -z -uall [16ms]
2025-08-08 07:44:10.536 [info] > git for-each-ref --sort -committerdate --format %(refname)%00%(objectname)%00%(*objectname) [4ms]
2025-08-08 07:44:33.615 [info] > git config --get commit.template [11ms]
2025-08-08 07:44:33.617 [info] > git for-each-ref --format=%(refname)%00%(upstream:short)%00%(objectname)%00%(upstream:track)%00%(upstream:remotename)%00%(upstream:remoteref) refs/heads/main refs/remotes/main [3ms]
2025-08-08 07:44:33.640 [info] > git for-each-ref --sort -committerdate --format %(refname)%00%(objectname)%00%(*objectname) [3ms]
2025-08-08 07:44:33.641 [info] > git status -z -uall [15ms]
2025-08-08 07:44:54.766 [info] > git config --get commit.template [12ms]
2025-08-08 07:44:54.767 [info] > git for-each-ref --format=%(refname)%00%(upstream:short)%00%(objectname)%00%(upstream:track)%00%(upstream:remotename)%00%(upstream:remoteref) refs/heads/main refs/remotes/main [2ms]
2025-08-08 07:44:54.795 [info] > git status -z -uall [16ms]
2025-08-08 07:44:54.795 [info] > git for-each-ref --sort -committerdate --format %(refname)%00%(objectname)%00%(*objectname) [4ms]
2025-08-08 07:45:10.117 [info] > git config --get commit.template [15ms]
2025-08-08 07:45:10.120 [info] > git for-each-ref --format=%(refname)%00%(upstream:short)%00%(objectname)%00%(upstream:track)%00%(upstream:remotename)%00%(upstream:remoteref) refs/heads/main refs/remotes/main [3ms]
2025-08-08 07:45:10.151 [info] > git status -z -uall [17ms]
2025-08-08 07:45:10.153 [info] > git for-each-ref --sort -committerdate --format %(refname)%00%(objectname)%00%(*objectname) [4ms]
2025-08-08 07:45:28.916 [info] > git show --textconv :src/components/sections/landing/HeroSection.astro [13ms]
2025-08-08 07:45:28.917 [info] > git ls-files --stage -- src/components/sections/landing/HeroSection.astro [2ms]
2025-08-08 07:45:28.929 [info] > git cat-file -s 651d4ec772e9f1908a9a04cbe4abb909827b9701 [2ms]
2025-08-08 07:45:34.280 [info] > git config --get commit.template [13ms]
2025-08-08 07:45:34.282 [info] > git for-each-ref --format=%(refname)%00%(upstream:short)%00%(objectname)%00%(upstream:track)%00%(upstream:remotename)%00%(upstream:remoteref) refs/heads/main refs/remotes/main [3ms]
2025-08-08 07:45:34.323 [info] > git for-each-ref --sort -committerdate --format %(refname)%00%(objectname)%00%(*objectname) [18ms]
2025-08-08 07:45:34.326 [info] > git status -z -uall [32ms]
2025-08-08 07:45:56.660 [info] > git show --textconv :src/components/sections/landing/HeroSection.astro [18ms]
2025-08-08 07:45:56.661 [info] > git ls-files --stage -- src/components/sections/landing/HeroSection.astro [4ms]
2025-08-08 07:45:56.680 [info] > git cat-file -s 651d4ec772e9f1908a9a04cbe4abb909827b9701 [3ms]
2025-08-08 07:45:57.338 [info] > git show --textconv :src/components/ui/icons/Icon.astro [15ms]
2025-08-08 07:45:57.339 [info] > git ls-files --stage -- src/components/ui/icons/Icon.astro [3ms]
2025-08-08 07:45:57.355 [info] > git cat-file -s 67a96541a0ca20634afbe6121befbe7f5aa02c76 [3ms]
2025-08-08 07:45:58.144 [info] > git show --textconv :src/components/sections/landing/HeroSection.astro [15ms]
2025-08-08 07:45:58.145 [info] > git ls-files --stage -- src/components/sections/landing/HeroSection.astro [3ms]
2025-08-08 07:45:58.161 [info] > git cat-file -s 651d4ec772e9f1908a9a04cbe4abb909827b9701 [3ms]
2025-08-08 07:46:00.557 [info] > git show --textconv :src/components/sections/landing/HeroSection.astro [18ms]
2025-08-08 07:46:00.559 [info] > git ls-files --stage -- src/components/sections/landing/HeroSection.astro [5ms]
2025-08-08 07:46:00.577 [info] > git cat-file -s 651d4ec772e9f1908a9a04cbe4abb909827b9701 [3ms]
2025-08-08 07:46:12.950 [info] > git check-ignore -v -z --stdin [3ms]
2025-08-08 07:47:03.080 [info] > git fetch [366ms]
2025-08-08 07:47:03.107 [info] > git config --get commit.template [14ms]
2025-08-08 07:47:03.108 [info] > git for-each-ref --format=%(refname)%00%(upstream:short)%00%(objectname)%00%(upstream:track)%00%(upstream:remotename)%00%(upstream:remoteref) refs/heads/main refs/remotes/main [3ms]
2025-08-08 07:47:03.139 [info] > git for-each-ref --sort -committerdate --format %(refname)%00%(objectname)%00%(*objectname) [5ms]
2025-08-08 07:47:03.144 [info] > git status -z -uall [25ms]
2025-08-08 07:47:04.307 [info] > git config --get commit.template [11ms]
2025-08-08 07:47:04.308 [info] > git for-each-ref --format=%(refname)%00%(upstream:short)%00%(objectname)%00%(upstream:track)%00%(upstream:remotename)%00%(upstream:remoteref) refs/heads/main refs/remotes/main [2ms]
2025-08-08 07:47:04.337 [info] > git for-each-ref --sort -committerdate --format %(refname)%00%(objectname)%00%(*objectname) [4ms]
2025-08-08 07:47:04.343 [info] > git status -z -uall [25ms]
2025-08-08 07:50:03.509 [info] > git fetch [343ms]
2025-08-08 07:50:03.539 [info] > git config --get commit.template [15ms]
2025-08-08 07:50:03.541 [info] > git for-each-ref --format=%(refname)%00%(upstream:short)%00%(objectname)%00%(upstream:track)%00%(upstream:remotename)%00%(upstream:remoteref) refs/heads/main refs/remotes/main [3ms]
2025-08-08 07:50:03.568 [info] > git for-each-ref --sort -committerdate --format %(refname)%00%(objectname)%00%(*objectname) [3ms]
2025-08-08 07:50:03.570 [info] > git status -z -uall [16ms]
2025-08-08 07:50:04.774 [info] > git config --get commit.template [16ms]
2025-08-08 07:50:04.777 [info] > git for-each-ref --format=%(refname)%00%(upstream:short)%00%(objectname)%00%(upstream:track)%00%(upstream:remotename)%00%(upstream:remoteref) refs/heads/main refs/remotes/main [4ms]
2025-08-08 07:50:04.812 [info] > git status -z -uall [18ms]
2025-08-08 07:50:04.813 [info] > git for-each-ref --sort -committerdate --format %(refname)%00%(objectname)%00%(*objectname) [3ms]
2025-08-08 07:53:03.946 [info] > git fetch [354ms]
2025-08-08 07:53:03.964 [info] > git config --get commit.template [2ms]
2025-08-08 07:53:03.981 [info] > git for-each-ref --format=%(refname)%00%(upstream:short)%00%(objectname)%00%(upstream:track)%00%(upstream:remotename)%00%(upstream:remoteref) refs/heads/main refs/remotes/main [3ms]
2025-08-08 07:53:04.013 [info] > git status -z -uall [18ms]
2025-08-08 07:53:04.014 [info] > git for-each-ref --sort -committerdate --format %(refname)%00%(objectname)%00%(*objectname) [4ms]
2025-08-08 07:53:05.209 [info] > git config --get commit.template [16ms]
2025-08-08 07:53:05.211 [info] > git for-each-ref --format=%(refname)%00%(upstream:short)%00%(objectname)%00%(upstream:track)%00%(upstream:remotename)%00%(upstream:remoteref) refs/heads/main refs/remotes/main [4ms]
2025-08-08 07:53:05.247 [info] > git for-each-ref --sort -committerdate --format %(refname)%00%(objectname)%00%(*objectname) [5ms]
2025-08-08 07:53:05.248 [info] > git status -z -uall [21ms]
2025-08-08 07:56:04.503 [info] > git fetch [461ms]
2025-08-08 07:56:04.534 [info] > git config --get commit.template [15ms]
2025-08-08 07:56:04.535 [info] > git for-each-ref --format=%(refname)%00%(upstream:short)%00%(objectname)%00%(upstream:track)%00%(upstream:remotename)%00%(upstream:remoteref) refs/heads/main refs/remotes/main [2ms]
2025-08-08 07:56:04.568 [info] > git for-each-ref --sort -committerdate --format %(refname)%00%(objectname)%00%(*objectname) [3ms]
2025-08-08 07:56:04.569 [info] > git status -z -uall [19ms]
2025-08-08 07:56:05.750 [info] > git config --get commit.template [14ms]
2025-08-08 07:56:05.752 [info] > git for-each-ref --format=%(refname)%00%(upstream:short)%00%(objectname)%00%(upstream:track)%00%(upstream:remotename)%00%(upstream:remoteref) refs/heads/main refs/remotes/main [3ms]
2025-08-08 07:56:05.787 [info] > git for-each-ref --sort -committerdate --format %(refname)%00%(objectname)%00%(*objectname) [4ms]
2025-08-08 07:56:05.788 [info] > git status -z -uall [20ms]
2025-08-08 07:56:47.739 [info] > git config --get commit.template [3ms]
2025-08-08 07:56:47.758 [info] > git for-each-ref --format=%(refname)%00%(upstream:short)%00%(objectname)%00%(upstream:track)%00%(upstream:remotename)%00%(upstream:remoteref) refs/heads/main refs/remotes/main [3ms]
2025-08-08 07:56:47.828 [info] > git status -z -uall [54ms]
2025-08-08 07:56:47.830 [info] > git for-each-ref --sort -committerdate --format %(refname)%00%(objectname)%00%(*objectname) [4ms]
2025-08-08 07:56:52.850 [info] > git config --get commit.template [2ms]
2025-08-08 07:56:52.865 [info] > git for-each-ref --format=%(refname)%00%(upstream:short)%00%(objectname)%00%(upstream:track)%00%(upstream:remotename)%00%(upstream:remoteref) refs/heads/main refs/remotes/main [4ms]
2025-08-08 07:56:52.897 [info] > git status -z -uall [17ms]
2025-08-08 07:56:52.898 [info] > git for-each-ref --sort -committerdate --format %(refname)%00%(objectname)%00%(*objectname) [3ms]
2025-08-08 07:56:59.822 [info] > git config --get commit.template [13ms]
2025-08-08 07:56:59.824 [info] > git for-each-ref --format=%(refname)%00%(upstream:short)%00%(objectname)%00%(upstream:track)%00%(upstream:remotename)%00%(upstream:remoteref) refs/heads/main refs/remotes/main [3ms]
2025-08-08 07:56:59.862 [info] > git status -z -uall [22ms]
2025-08-08 07:56:59.862 [info] > git for-each-ref --sort -committerdate --format %(refname)%00%(objectname)%00%(*objectname) [2ms]
2025-08-08 07:57:17.273 [info] > git config --get commit.template [18ms]
2025-08-08 07:57:17.273 [info] > git for-each-ref --format=%(refname)%00%(upstream:short)%00%(objectname)%00%(upstream:track)%00%(upstream:remotename)%00%(upstream:remoteref) refs/heads/main refs/remotes/main [3ms]
2025-08-08 07:57:17.301 [info] > git status -z -uall [17ms]
2025-08-08 07:57:17.302 [info] > git for-each-ref --sort -committerdate --format %(refname)%00%(objectname)%00%(*objectname) [5ms]
2025-08-08 07:57:29.831 [info] > git config --get commit.template [7ms]
2025-08-08 07:57:29.859 [info] > git for-each-ref --format=%(refname)%00%(upstream:short)%00%(objectname)%00%(upstream:track)%00%(upstream:remotename)%00%(upstream:remoteref) refs/heads/main refs/remotes/main [4ms]
2025-08-08 07:57:29.892 [info] > git status -z -uall [20ms]
2025-08-08 07:57:29.893 [info] > git for-each-ref --sort -committerdate --format %(refname)%00%(objectname)%00%(*objectname) [4ms]
2025-08-08 07:57:35.293 [info] > git config --get commit.template [17ms]
2025-08-08 07:57:35.295 [info] > git for-each-ref --format=%(refname)%00%(upstream:short)%00%(objectname)%00%(upstream:track)%00%(upstream:remotename)%00%(upstream:remoteref) refs/heads/main refs/remotes/main [3ms]
2025-08-08 07:57:35.330 [info] > git for-each-ref --sort -committerdate --format %(refname)%00%(objectname)%00%(*objectname) [3ms]
2025-08-08 07:57:35.331 [info] > git status -z -uall [20ms]
2025-08-08 07:57:57.865 [info] > git config --get commit.template [17ms]
2025-08-08 07:57:57.868 [info] > git for-each-ref --format=%(refname)%00%(upstream:short)%00%(objectname)%00%(upstream:track)%00%(upstream:remotename)%00%(upstream:remoteref) refs/heads/main refs/remotes/main [4ms]
2025-08-08 07:57:57.901 [info] > git for-each-ref --sort -committerdate --format %(refname)%00%(objectname)%00%(*objectname) [3ms]
2025-08-08 07:57:57.905 [info] > git status -z -uall [23ms]
2025-08-08 07:58:15.404 [info] > git config --get commit.template [13ms]
2025-08-08 07:58:15.406 [info] > git for-each-ref --format=%(refname)%00%(upstream:short)%00%(objectname)%00%(upstream:track)%00%(upstream:remotename)%00%(upstream:remoteref) refs/heads/main refs/remotes/main [3ms]
2025-08-08 07:58:15.432 [info] > git for-each-ref --sort -committerdate --format %(refname)%00%(objectname)%00%(*objectname) [4ms]
2025-08-08 07:58:15.436 [info] > git status -z -uall [20ms]
2025-08-08 07:58:20.464 [info] > git config --get commit.template [10ms]
2025-08-08 07:58:20.466 [info] > git for-each-ref --format=%(refname)%00%(upstream:short)%00%(objectname)%00%(upstream:track)%00%(upstream:remotename)%00%(upstream:remoteref) refs/heads/main refs/remotes/main [2ms]
2025-08-08 07:58:20.493 [info] > git status -z -uall [15ms]
2025-08-08 07:58:20.494 [info] > git for-each-ref --sort -committerdate --format %(refname)%00%(objectname)%00%(*objectname) [4ms]
2025-08-08 07:58:25.528 [info] > git config --get commit.template [17ms]
2025-08-08 07:58:25.530 [info] > git for-each-ref --format=%(refname)%00%(upstream:short)%00%(objectname)%00%(upstream:track)%00%(upstream:remotename)%00%(upstream:remoteref) refs/heads/main refs/remotes/main [3ms]
2025-08-08 07:58:25.566 [info] > git status -z -uall [19ms]
2025-08-08 07:58:25.567 [info] > git for-each-ref --sort -committerdate --format %(refname)%00%(objectname)%00%(*objectname) [4ms]
2025-08-08 07:58:30.624 [info] > git config --get commit.template [27ms]
2025-08-08 07:58:30.629 [info] > git for-each-ref --format=%(refname)%00%(upstream:short)%00%(objectname)%00%(upstream:track)%00%(upstream:remotename)%00%(upstream:remoteref) refs/heads/main refs/remotes/main [6ms]
2025-08-08 07:58:30.691 [info] > git for-each-ref --sort -committerdate --format %(refname)%00%(objectname)%00%(*objectname) [7ms]
2025-08-08 07:58:30.701 [info] > git status -z -uall [42ms]
2025-08-08 07:58:35.738 [info] > git config --get commit.template [19ms]
2025-08-08 07:58:35.743 [info] > git for-each-ref --format=%(refname)%00%(upstream:short)%00%(objectname)%00%(upstream:track)%00%(upstream:remotename)%00%(upstream:remoteref) refs/heads/main refs/remotes/main [5ms]
2025-08-08 07:58:35.777 [info] > git for-each-ref --sort -committerdate --format %(refname)%00%(objectname)%00%(*objectname) [3ms]
2025-08-08 07:58:35.779 [info] > git status -z -uall [15ms]
2025-08-08 07:58:44.413 [info] > git config --get commit.template [19ms]
2025-08-08 07:58:44.416 [info] > git for-each-ref --format=%(refname)%00%(upstream:short)%00%(objectname)%00%(upstream:track)%00%(upstream:remotename)%00%(upstream:remoteref) refs/heads/main refs/remotes/main [3ms]
2025-08-08 07:58:44.474 [info] > git for-each-ref --sort -committerdate --format %(refname)%00%(objectname)%00%(*objectname) [8ms]
2025-08-08 07:58:44.475 [info] > git status -z -uall [30ms]
2025-08-08 07:58:49.518 [info] > git config --get commit.template [20ms]
2025-08-08 07:58:49.519 [info] > git for-each-ref --format=%(refname)%00%(upstream:short)%00%(objectname)%00%(upstream:track)%00%(upstream:remotename)%00%(upstream:remoteref) refs/heads/main refs/remotes/main [3ms]
2025-08-08 07:58:49.566 [info] > git status -z -uall [21ms]
2025-08-08 07:58:49.570 [info] > git for-each-ref --sort -committerdate --format %(refname)%00%(objectname)%00%(*objectname) [5ms]
2025-08-08 07:59:00.116 [info] > git config --get commit.template [18ms]
2025-08-08 07:59:00.118 [info] > git for-each-ref --format=%(refname)%00%(upstream:short)%00%(objectname)%00%(upstream:track)%00%(upstream:remotename)%00%(upstream:remoteref) refs/heads/main refs/remotes/main [4ms]
2025-08-08 07:59:00.193 [info] > git status -z -uall [43ms]
2025-08-08 07:59:00.199 [info] > git for-each-ref --sort -committerdate --format %(refname)%00%(objectname)%00%(*objectname) [9ms]
2025-08-08 07:59:04.957 [info] > git fetch [362ms]
2025-08-08 07:59:04.987 [info] > git config --get commit.template [12ms]
2025-08-08 07:59:04.988 [info] > git for-each-ref --format=%(refname)%00%(upstream:short)%00%(objectname)%00%(upstream:track)%00%(upstream:remotename)%00%(upstream:remoteref) refs/heads/main refs/remotes/main [2ms]
2025-08-08 07:59:05.009 [info] > git for-each-ref --sort -committerdate --format %(refname)%00%(objectname)%00%(*objectname) [3ms]
2025-08-08 07:59:05.012 [info] > git status -z -uall [15ms]
2025-08-08 07:59:06.209 [info] > git config --get commit.template [18ms]
2025-08-08 07:59:06.210 [info] > git for-each-ref --format=%(refname)%00%(upstream:short)%00%(objectname)%00%(upstream:track)%00%(upstream:remotename)%00%(upstream:remoteref) refs/heads/main refs/remotes/main [2ms]
2025-08-08 07:59:06.251 [info] > git for-each-ref --sort -committerdate --format %(refname)%00%(objectname)%00%(*objectname) [5ms]
2025-08-08 07:59:06.252 [info] > git status -z -uall [23ms]
2025-08-08 07:59:11.289 [info] > git config --get commit.template [14ms]
2025-08-08 07:59:11.290 [info] > git for-each-ref --format=%(refname)%00%(upstream:short)%00%(objectname)%00%(upstream:track)%00%(upstream:remotename)%00%(upstream:remoteref) refs/heads/main refs/remotes/main [3ms]
2025-08-08 07:59:11.321 [info] > git for-each-ref --sort -committerdate --format %(refname)%00%(objectname)%00%(*objectname) [3ms]
2025-08-08 07:59:11.323 [info] > git status -z -uall [19ms]
2025-08-08 07:59:16.366 [info] > git config --get commit.template [17ms]
2025-08-08 07:59:16.367 [info] > git for-each-ref --format=%(refname)%00%(upstream:short)%00%(objectname)%00%(upstream:track)%00%(upstream:remotename)%00%(upstream:remoteref) refs/heads/main refs/remotes/main [3ms]
2025-08-08 07:59:16.392 [info] > git for-each-ref --sort -committerdate --format %(refname)%00%(objectname)%00%(*objectname) [3ms]
2025-08-08 07:59:16.394 [info] > git status -z -uall [15ms]
2025-08-08 07:59:21.426 [info] > git config --get commit.template [14ms]
2025-08-08 07:59:21.433 [info] > git for-each-ref --format=%(refname)%00%(upstream:short)%00%(objectname)%00%(upstream:track)%00%(upstream:remotename)%00%(upstream:remoteref) refs/heads/main refs/remotes/main [9ms]
2025-08-08 07:59:21.478 [info] > git for-each-ref --sort -committerdate --format %(refname)%00%(objectname)%00%(*objectname) [3ms]
2025-08-08 07:59:21.486 [info] > git status -z -uall [24ms]
2025-08-08 07:59:26.516 [info] > git config --get commit.template [12ms]
2025-08-08 07:59:26.519 [info] > git for-each-ref --format=%(refname)%00%(upstream:short)%00%(objectname)%00%(upstream:track)%00%(upstream:remotename)%00%(upstream:remoteref) refs/heads/main refs/remotes/main [4ms]
2025-08-08 07:59:26.559 [info] > git for-each-ref --sort -committerdate --format %(refname)%00%(objectname)%00%(*objectname) [4ms]
2025-08-08 07:59:26.561 [info] > git status -z -uall [26ms]
2025-08-08 07:59:44.268 [info] > git config --get commit.template [22ms]
2025-08-08 07:59:44.269 [info] > git for-each-ref --format=%(refname)%00%(upstream:short)%00%(objectname)%00%(upstream:track)%00%(upstream:remotename)%00%(upstream:remoteref) refs/heads/main refs/remotes/main [3ms]
2025-08-08 07:59:44.297 [info] > git status -z -uall [15ms]
2025-08-08 07:59:44.298 [info] > git for-each-ref --sort -committerdate --format %(refname)%00%(objectname)%00%(*objectname) [3ms]
2025-08-08 07:59:53.276 [info] > git config --get commit.template [4ms]
2025-08-08 07:59:53.290 [info] > git for-each-ref --format=%(refname)%00%(upstream:short)%00%(objectname)%00%(upstream:track)%00%(upstream:remotename)%00%(upstream:remoteref) refs/heads/main refs/remotes/main [2ms]
2025-08-08 07:59:53.317 [info] > git for-each-ref --sort -committerdate --format %(refname)%00%(objectname)%00%(*objectname) [2ms]
2025-08-08 07:59:53.318 [info] > git status -z -uall [16ms]
2025-08-08 07:59:58.346 [info] > git config --get commit.template [1ms]
2025-08-08 07:59:58.366 [info] > git for-each-ref --format=%(refname)%00%(upstream:short)%00%(objectname)%00%(upstream:track)%00%(upstream:remotename)%00%(upstream:remoteref) refs/heads/main refs/remotes/main [3ms]
2025-08-08 07:59:58.404 [info] > git status -z -uall [20ms]
2025-08-08 07:59:58.404 [info] > git for-each-ref --sort -committerdate --format %(refname)%00%(objectname)%00%(*objectname) [4ms]
2025-08-08 08:00:03.436 [info] > git config --get commit.template [17ms]
2025-08-08 08:00:03.439 [info] > git for-each-ref --format=%(refname)%00%(upstream:short)%00%(objectname)%00%(upstream:track)%00%(upstream:remotename)%00%(upstream:remoteref) refs/heads/main refs/remotes/main [4ms]
2025-08-08 08:00:03.475 [info] > git status -z -uall [20ms]
2025-08-08 08:00:03.480 [info] > git for-each-ref --sort -committerdate --format %(refname)%00%(objectname)%00%(*objectname) [8ms]
2025-08-08 08:00:25.914 [info] > git config --get commit.template [12ms]
2025-08-08 08:00:25.916 [info] > git for-each-ref --format=%(refname)%00%(upstream:short)%00%(objectname)%00%(upstream:track)%00%(upstream:remotename)%00%(upstream:remoteref) refs/heads/main refs/remotes/main [3ms]
2025-08-08 08:00:25.964 [info] > git status -z -uall [29ms]
2025-08-08 08:00:25.967 [info] > git for-each-ref --sort -committerdate --format %(refname)%00%(objectname)%00%(*objectname) [4ms]
2025-08-08 08:00:37.053 [info] > git config --get commit.template [29ms]
2025-08-08 08:00:37.057 [info] > git for-each-ref --format=%(refname)%00%(upstream:short)%00%(objectname)%00%(upstream:track)%00%(upstream:remotename)%00%(upstream:remoteref) refs/heads/main refs/remotes/main [4ms]
2025-08-08 08:00:37.080 [info] > git for-each-ref --sort -committerdate --format %(refname)%00%(objectname)%00%(*objectname) [3ms]
2025-08-08 08:00:37.089 [info] > git status -z -uall [22ms]
2025-08-08 08:00:42.114 [info] > git config --get commit.template [11ms]
2025-08-08 08:00:42.116 [info] > git for-each-ref --format=%(refname)%00%(upstream:short)%00%(objectname)%00%(upstream:track)%00%(upstream:remotename)%00%(upstream:remoteref) refs/heads/main refs/remotes/main [3ms]
2025-08-08 08:00:42.162 [info] > git status -z -uall [21ms]
2025-08-08 08:00:42.164 [info] > git for-each-ref --sort -committerdate --format %(refname)%00%(objectname)%00%(*objectname) [3ms]
2025-08-08 08:01:10.278 [info] > git config --get commit.template [15ms]
2025-08-08 08:01:10.279 [info] > git for-each-ref --format=%(refname)%00%(upstream:short)%00%(objectname)%00%(upstream:track)%00%(upstream:remotename)%00%(upstream:remoteref) refs/heads/main refs/remotes/main [3ms]
2025-08-08 08:01:10.310 [info] > git for-each-ref --sort -committerdate --format %(refname)%00%(objectname)%00%(*objectname) [4ms]
2025-08-08 08:01:10.311 [info] > git status -z -uall [18ms]
2025-08-08 08:01:15.357 [info] > git config --get commit.template [20ms]
2025-08-08 08:01:15.359 [info] > git for-each-ref --format=%(refname)%00%(upstream:short)%00%(objectname)%00%(upstream:track)%00%(upstream:remotename)%00%(upstream:remoteref) refs/heads/main refs/remotes/main [3ms]
2025-08-08 08:01:15.389 [info] > git for-each-ref --sort -committerdate --format %(refname)%00%(objectname)%00%(*objectname) [3ms]
2025-08-08 08:01:15.390 [info] > git status -z -uall [18ms]
2025-08-08 08:01:20.430 [info] > git config --get commit.template [20ms]
2025-08-08 08:01:20.432 [info] > git for-each-ref --format=%(refname)%00%(upstream:short)%00%(objectname)%00%(upstream:track)%00%(upstream:remotename)%00%(upstream:remoteref) refs/heads/main refs/remotes/main [4ms]
2025-08-08 08:01:20.474 [info] > git status -z -uall [16ms]
2025-08-08 08:01:20.474 [info] > git for-each-ref --sort -committerdate --format %(refname)%00%(objectname)%00%(*objectname) [3ms]
2025-08-08 08:01:25.503 [info] > git config --get commit.template [12ms]
2025-08-08 08:01:25.505 [info] > git for-each-ref --format=%(refname)%00%(upstream:short)%00%(objectname)%00%(upstream:track)%00%(upstream:remotename)%00%(upstream:remoteref) refs/heads/main refs/remotes/main [3ms]
2025-08-08 08:01:25.540 [info] > git status -z -uall [22ms]
2025-08-08 08:01:25.541 [info] > git for-each-ref --sort -committerdate --format %(refname)%00%(objectname)%00%(*objectname) [3ms]
2025-08-08 08:01:30.563 [info] > git config --get commit.template [3ms]
2025-08-08 08:01:30.579 [info] > git for-each-ref --format=%(refname)%00%(upstream:short)%00%(objectname)%00%(upstream:track)%00%(upstream:remotename)%00%(upstream:remoteref) refs/heads/main refs/remotes/main [3ms]
2025-08-08 08:01:30.638 [info] > git status -z -uall [46ms]
2025-08-08 08:01:30.640 [info] > git for-each-ref --sort -committerdate --format %(refname)%00%(objectname)%00%(*objectname) [4ms]
2025-08-08 08:01:45.914 [info] > git show --textconv :src/components/sections/landing/HeroSection.astro [12ms]
2025-08-08 08:01:45.915 [info] > git ls-files --stage -- src/components/sections/landing/HeroSection.astro [2ms]
2025-08-08 08:01:45.933 [info] > git cat-file -s 651d4ec772e9f1908a9a04cbe4abb909827b9701 [0ms]
2025-08-08 08:02:04.393 [info] > git config --get commit.template [12ms]
2025-08-08 08:02:04.394 [info] > git for-each-ref --format=%(refname)%00%(upstream:short)%00%(objectname)%00%(upstream:track)%00%(upstream:remotename)%00%(upstream:remoteref) refs/heads/main refs/remotes/main [2ms]
2025-08-08 08:02:04.422 [info] > git status -z -uall [15ms]
2025-08-08 08:02:04.429 [info] > git for-each-ref --sort -committerdate --format %(refname)%00%(objectname)%00%(*objectname) [9ms]
2025-08-08 08:02:05.395 [info] > git fetch [362ms]
2025-08-08 08:02:05.420 [info] > git config --get commit.template [13ms]
2025-08-08 08:02:05.426 [info] > git for-each-ref --format=%(refname)%00%(upstream:short)%00%(objectname)%00%(upstream:track)%00%(upstream:remotename)%00%(upstream:remoteref) refs/heads/main refs/remotes/main [6ms]
2025-08-08 08:02:05.466 [info] > git for-each-ref --sort -committerdate --format %(refname)%00%(objectname)%00%(*objectname) [3ms]
2025-08-08 08:02:05.468 [info] > git status -z -uall [15ms]
2025-08-08 08:02:06.788 [info] > git ls-files --stage -- src/components/sections/landing/HeroSection.astro [2ms]
2025-08-08 08:02:06.799 [info] > git cat-file -s 651d4ec772e9f1908a9a04cbe4abb909827b9701 [2ms]
2025-08-08 08:02:06.886 [info] > git show --textconv :src/components/sections/landing/HeroSection.astro [3ms]
2025-08-08 08:02:09.469 [info] > git config --get commit.template [13ms]
2025-08-08 08:02:09.472 [info] > git for-each-ref --format=%(refname)%00%(upstream:short)%00%(objectname)%00%(upstream:track)%00%(upstream:remotename)%00%(upstream:remoteref) refs/heads/main refs/remotes/main [4ms]
2025-08-08 08:02:09.498 [info] > git status -z -uall [15ms]
2025-08-08 08:02:09.498 [info] > git for-each-ref --sort -committerdate --format %(refname)%00%(objectname)%00%(*objectname) [3ms]
2025-08-08 08:02:16.551 [info] > git config --get commit.template [30ms]
2025-08-08 08:02:16.553 [info] > git for-each-ref --format=%(refname)%00%(upstream:short)%00%(objectname)%00%(upstream:track)%00%(upstream:remotename)%00%(upstream:remoteref) refs/heads/main refs/remotes/main [3ms]
2025-08-08 08:02:16.582 [info] > git for-each-ref --sort -committerdate --format %(refname)%00%(objectname)%00%(*objectname) [4ms]
2025-08-08 08:02:16.586 [info] > git status -z -uall [21ms]
2025-08-08 08:02:21.610 [info] > git config --get commit.template [10ms]
2025-08-08 08:02:21.611 [info] > git for-each-ref --format=%(refname)%00%(upstream:short)%00%(objectname)%00%(upstream:track)%00%(upstream:remotename)%00%(upstream:remoteref) refs/heads/main refs/remotes/main [2ms]
2025-08-08 08:02:21.654 [info] > git status -z -uall [29ms]
2025-08-08 08:02:21.655 [info] > git for-each-ref --sort -committerdate --format %(refname)%00%(objectname)%00%(*objectname) [3ms]
2025-08-08 08:03:05.712 [info] > git config --get commit.template [14ms]
2025-08-08 08:03:05.713 [info] > git for-each-ref --format=%(refname)%00%(upstream:short)%00%(objectname)%00%(upstream:track)%00%(upstream:remotename)%00%(upstream:remoteref) refs/heads/main refs/remotes/main [3ms]
2025-08-08 08:03:05.751 [info] > git status -z -uall [14ms]
2025-08-08 08:03:05.752 [info] > git for-each-ref --sort -committerdate --format %(refname)%00%(objectname)%00%(*objectname) [3ms]
2025-08-08 08:03:19.379 [info] > git config --get commit.template [17ms]
2025-08-08 08:03:19.380 [info] > git for-each-ref --format=%(refname)%00%(upstream:short)%00%(objectname)%00%(upstream:track)%00%(upstream:remotename)%00%(upstream:remoteref) refs/heads/main refs/remotes/main [3ms]
2025-08-08 08:03:19.413 [info] > git status -z -uall [21ms]
2025-08-08 08:03:19.413 [info] > git for-each-ref --sort -committerdate --format %(refname)%00%(objectname)%00%(*objectname) [7ms]
2025-08-08 08:03:24.452 [info] > git config --get commit.template [18ms]
2025-08-08 08:03:24.476 [info] > git for-each-ref --format=%(refname)%00%(upstream:short)%00%(objectname)%00%(upstream:track)%00%(upstream:remotename)%00%(upstream:remoteref) refs/heads/main refs/remotes/main [4ms]
2025-08-08 08:03:24.509 [info] > git for-each-ref --sort -committerdate --format %(refname)%00%(objectname)%00%(*objectname) [3ms]
2025-08-08 08:03:24.510 [info] > git status -z -uall [20ms]
2025-08-08 08:03:34.192 [info] > git config --get commit.template [2ms]
2025-08-08 08:03:34.206 [info] > git for-each-ref --format=%(refname)%00%(upstream:short)%00%(objectname)%00%(upstream:track)%00%(upstream:remotename)%00%(upstream:remoteref) refs/heads/main refs/remotes/main [2ms]
2025-08-08 08:03:34.254 [info] > git status -z -uall [34ms]
2025-08-08 08:03:34.260 [info] > git for-each-ref --sort -committerdate --format %(refname)%00%(objectname)%00%(*objectname) [10ms]
2025-08-08 08:03:42.164 [info] > git config --get commit.template [12ms]
2025-08-08 08:03:42.167 [info] > git for-each-ref --format=%(refname)%00%(upstream:short)%00%(objectname)%00%(upstream:track)%00%(upstream:remotename)%00%(upstream:remoteref) refs/heads/main refs/remotes/main [3ms]
2025-08-08 08:03:42.196 [info] > git status -z -uall [16ms]
2025-08-08 08:03:42.196 [info] > git for-each-ref --sort -committerdate --format %(refname)%00%(objectname)%00%(*objectname) [4ms]
2025-08-08 08:04:55.189 [info] > git config --get commit.template [15ms]
2025-08-08 08:04:55.190 [info] > git for-each-ref --format=%(refname)%00%(upstream:short)%00%(objectname)%00%(upstream:track)%00%(upstream:remotename)%00%(upstream:remoteref) refs/heads/main refs/remotes/main [3ms]
2025-08-08 08:04:55.214 [info] > git for-each-ref --sort -committerdate --format %(refname)%00%(objectname)%00%(*objectname) [3ms]
2025-08-08 08:04:55.218 [info] > git status -z -uall [17ms]
2025-08-08 08:05:00.283 [info] > git config --get commit.template [31ms]
2025-08-08 08:05:00.288 [info] > git for-each-ref --format=%(refname)%00%(upstream:short)%00%(objectname)%00%(upstream:track)%00%(upstream:remotename)%00%(upstream:remoteref) refs/heads/main refs/remotes/main [7ms]
2025-08-08 08:05:00.373 [info] > git status -z -uall [69ms]
2025-08-08 08:05:00.374 [info] > git for-each-ref --sort -committerdate --format %(refname)%00%(objectname)%00%(*objectname) [11ms]
2025-08-08 08:05:05.416 [info] > git config --get commit.template [17ms]
2025-08-08 08:05:05.418 [info] > git for-each-ref --format=%(refname)%00%(upstream:short)%00%(objectname)%00%(upstream:track)%00%(upstream:remotename)%00%(upstream:remoteref) refs/heads/main refs/remotes/main [3ms]
2025-08-08 08:05:05.471 [info] > git for-each-ref --sort -committerdate --format %(refname)%00%(objectname)%00%(*objectname) [5ms]
2025-08-08 08:05:05.475 [info] > git status -z -uall [34ms]
2025-08-08 08:05:05.860 [info] > git fetch [368ms]
2025-08-08 08:05:05.892 [info] > git config --get commit.template [17ms]
2025-08-08 08:05:05.894 [info] > git for-each-ref --format=%(refname)%00%(upstream:short)%00%(objectname)%00%(upstream:track)%00%(upstream:remotename)%00%(upstream:remoteref) refs/heads/main refs/remotes/main [5ms]
2025-08-08 08:05:05.929 [info] > git for-each-ref --sort -committerdate --format %(refname)%00%(objectname)%00%(*objectname) [4ms]
2025-08-08 08:05:05.932 [info] > git status -z -uall [22ms]
2025-08-08 08:05:10.508 [info] > git config --get commit.template [2ms]
2025-08-08 08:05:10.530 [info] > git for-each-ref --format=%(refname)%00%(upstream:short)%00%(objectname)%00%(upstream:track)%00%(upstream:remotename)%00%(upstream:remoteref) refs/heads/main refs/remotes/main [4ms]
2025-08-08 08:05:10.565 [info] > git status -z -uall [16ms]
2025-08-08 08:05:10.566 [info] > git for-each-ref --sort -committerdate --format %(refname)%00%(objectname)%00%(*objectname) [4ms]
2025-08-08 08:05:15.595 [info] > git config --get commit.template [13ms]
2025-08-08 08:05:15.597 [info] > git for-each-ref --format=%(refname)%00%(upstream:short)%00%(objectname)%00%(upstream:track)%00%(upstream:remotename)%00%(upstream:remoteref) refs/heads/main refs/remotes/main [3ms]
2025-08-08 08:05:15.641 [info] > git status -z -uall [27ms]
2025-08-08 08:05:15.641 [info] > git for-each-ref --sort -committerdate --format %(refname)%00%(objectname)%00%(*objectname) [8ms]
2025-08-08 08:05:42.476 [info] > git config --get commit.template [20ms]
2025-08-08 08:05:42.477 [info] > git for-each-ref --format=%(refname)%00%(upstream:short)%00%(objectname)%00%(upstream:track)%00%(upstream:remotename)%00%(upstream:remoteref) refs/heads/main refs/remotes/main [6ms]
2025-08-08 08:05:42.569 [info] > git status -z -uall [19ms]
2025-08-08 08:05:42.570 [info] > git for-each-ref --sort -committerdate --format %(refname)%00%(objectname)%00%(*objectname) [4ms]
2025-08-08 08:05:47.602 [info] > git config --get commit.template [15ms]
2025-08-08 08:05:47.603 [info] > git for-each-ref --format=%(refname)%00%(upstream:short)%00%(objectname)%00%(upstream:track)%00%(upstream:remotename)%00%(upstream:remoteref) refs/heads/main refs/remotes/main [3ms]
2025-08-08 08:05:47.638 [info] > git status -z -uall [22ms]
2025-08-08 08:05:47.639 [info] > git for-each-ref --sort -committerdate --format %(refname)%00%(objectname)%00%(*objectname) [2ms]
2025-08-08 08:05:52.667 [info] > git config --get commit.template [12ms]
2025-08-08 08:05:52.670 [info] > git for-each-ref --format=%(refname)%00%(upstream:short)%00%(objectname)%00%(upstream:track)%00%(upstream:remotename)%00%(upstream:remoteref) refs/heads/main refs/remotes/main [3ms]
2025-08-08 08:05:52.694 [info] > git for-each-ref --sort -committerdate --format %(refname)%00%(objectname)%00%(*objectname) [3ms]
2025-08-08 08:05:52.696 [info] > git status -z -uall [15ms]
2025-08-08 08:05:57.730 [info] > git config --get commit.template [18ms]
2025-08-08 08:05:57.733 [info] > git for-each-ref --format=%(refname)%00%(upstream:short)%00%(objectname)%00%(upstream:track)%00%(upstream:remotename)%00%(upstream:remoteref) refs/heads/main refs/remotes/main [3ms]
2025-08-08 08:05:57.763 [info] > git status -z -uall [15ms]
2025-08-08 08:05:57.764 [info] > git for-each-ref --sort -committerdate --format %(refname)%00%(objectname)%00%(*objectname) [3ms]
2025-08-08 08:07:24.102 [info] > git config --get commit.template [17ms]
2025-08-08 08:07:24.102 [info] > git for-each-ref --format=%(refname)%00%(upstream:short)%00%(objectname)%00%(upstream:track)%00%(upstream:remotename)%00%(upstream:remoteref) refs/heads/main refs/remotes/main [3ms]
2025-08-08 08:07:24.140 [info] > git for-each-ref --sort -committerdate --format %(refname)%00%(objectname)%00%(*objectname) [1ms]
2025-08-08 08:07:24.143 [info] > git status -z -uall [27ms]
2025-08-08 08:07:29.181 [info] > git config --get commit.template [13ms]
2025-08-08 08:07:29.183 [info] > git for-each-ref --format=%(refname)%00%(upstream:short)%00%(objectname)%00%(upstream:track)%00%(upstream:remotename)%00%(upstream:remoteref) refs/heads/main refs/remotes/main [2ms]
2025-08-08 08:07:29.214 [info] > git for-each-ref --sort -committerdate --format %(refname)%00%(objectname)%00%(*objectname) [3ms]
2025-08-08 08:07:29.218 [info] > git status -z -uall [21ms]
2025-08-08 08:07:50.586 [info] > git config --get commit.template [20ms]
2025-08-08 08:07:50.589 [info] > git for-each-ref --format=%(refname)%00%(upstream:short)%00%(objectname)%00%(upstream:track)%00%(upstream:remotename)%00%(upstream:remoteref) refs/heads/main refs/remotes/main [4ms]
2025-08-08 08:07:50.622 [info] > git status -z -uall [19ms]
2025-08-08 08:07:50.624 [info] > git for-each-ref --sort -committerdate --format %(refname)%00%(objectname)%00%(*objectname) [4ms]
2025-08-08 08:07:55.665 [info] > git config --get commit.template [18ms]
2025-08-08 08:07:55.667 [info] > git for-each-ref --format=%(refname)%00%(upstream:short)%00%(objectname)%00%(upstream:track)%00%(upstream:remotename)%00%(upstream:remoteref) refs/heads/main refs/remotes/main [3ms]
2025-08-08 08:07:55.699 [info] > git for-each-ref --sort -committerdate --format %(refname)%00%(objectname)%00%(*objectname) [4ms]
2025-08-08 08:07:55.703 [info] > git status -z -uall [22ms]
2025-08-08 08:08:06.443 [info] > git fetch [489ms]
2025-08-08 08:08:06.476 [info] > git config --get commit.template [17ms]
2025-08-08 08:08:06.477 [info] > git for-each-ref --format=%(refname)%00%(upstream:short)%00%(objectname)%00%(upstream:track)%00%(upstream:remotename)%00%(upstream:remoteref) refs/heads/main refs/remotes/main [3ms]
2025-08-08 08:08:06.509 [info] > git status -z -uall [17ms]
2025-08-08 08:08:06.510 [info] > git for-each-ref --sort -committerdate --format %(refname)%00%(objectname)%00%(*objectname) [3ms]
2025-08-08 08:08:07.632 [info] > git config --get commit.template [17ms]
2025-08-08 08:08:07.634 [info] > git for-each-ref --format=%(refname)%00%(upstream:short)%00%(objectname)%00%(upstream:track)%00%(upstream:remotename)%00%(upstream:remoteref) refs/heads/main refs/remotes/main [3ms]
2025-08-08 08:08:07.669 [info] > git status -z -uall [17ms]
2025-08-08 08:08:07.670 [info] > git for-each-ref --sort -committerdate --format %(refname)%00%(objectname)%00%(*objectname) [3ms]
2025-08-08 08:12:19.783 [info] > git fetch [352ms]
2025-08-08 08:12:19.815 [info] > git config --get commit.template [16ms]
2025-08-08 08:12:19.815 [info] > git for-each-ref --format=%(refname)%00%(upstream:short)%00%(objectname)%00%(upstream:track)%00%(upstream:remotename)%00%(upstream:remoteref) refs/heads/main refs/remotes/main [3ms]
2025-08-08 08:12:19.847 [info] > git for-each-ref --sort -committerdate --format %(refname)%00%(objectname)%00%(*objectname) [3ms]
2025-08-08 08:12:19.850 [info] > git status -z -uall [19ms]
2025-08-08 08:12:21.246 [info] > git config --get commit.template [14ms]
2025-08-08 08:12:21.248 [info] > git for-each-ref --format=%(refname)%00%(upstream:short)%00%(objectname)%00%(upstream:track)%00%(upstream:remotename)%00%(upstream:remoteref) refs/heads/main refs/remotes/main [2ms]
2025-08-08 08:12:21.273 [info] > git for-each-ref --sort -committerdate --format %(refname)%00%(objectname)%00%(*objectname) [3ms]
2025-08-08 08:12:21.275 [info] > git status -z -uall [16ms]
2025-08-08 08:12:34.093 [info] > git config --get commit.template [16ms]
2025-08-08 08:12:34.122 [info] > git for-each-ref --format=%(refname)%00%(upstream:short)%00%(objectname)%00%(upstream:track)%00%(upstream:remotename)%00%(upstream:remoteref) refs/heads/main refs/remotes/main [30ms]
2025-08-08 08:12:34.156 [info] > git for-each-ref --sort -committerdate --format %(refname)%00%(objectname)%00%(*objectname) [4ms]
2025-08-08 08:12:34.158 [info] > git status -z -uall [20ms]
2025-08-08 08:12:39.177 [info] > git config --get commit.template [3ms]
2025-08-08 08:12:39.191 [info] > git for-each-ref --format=%(refname)%00%(upstream:short)%00%(objectname)%00%(upstream:track)%00%(upstream:remotename)%00%(upstream:remoteref) refs/heads/main refs/remotes/main [2ms]
2025-08-08 08:12:39.220 [info] > git status -z -uall [14ms]
2025-08-08 08:12:39.220 [info] > git for-each-ref --sort -committerdate --format %(refname)%00%(objectname)%00%(*objectname) [3ms]
2025-08-08 08:12:44.259 [info] > git config --get commit.template [16ms]
2025-08-08 08:12:44.260 [info] > git for-each-ref --format=%(refname)%00%(upstream:short)%00%(objectname)%00%(upstream:track)%00%(upstream:remotename)%00%(upstream:remoteref) refs/heads/main refs/remotes/main [2ms]
2025-08-08 08:12:44.285 [info] > git for-each-ref --sort -committerdate --format %(refname)%00%(objectname)%00%(*objectname) [3ms]
2025-08-08 08:12:44.287 [info] > git status -z -uall [15ms]
2025-08-08 08:12:49.323 [info] > git config --get commit.template [15ms]
2025-08-08 08:12:49.325 [info] > git for-each-ref --format=%(refname)%00%(upstream:short)%00%(objectname)%00%(upstream:track)%00%(upstream:remotename)%00%(upstream:remoteref) refs/heads/main refs/remotes/main [3ms]
2025-08-08 08:12:49.356 [info] > git for-each-ref --sort -committerdate --format %(refname)%00%(objectname)%00%(*objectname) [3ms]
2025-08-08 08:12:49.356 [info] > git status -z -uall [17ms]
2025-08-08 08:13:06.735 [info] > git config --get commit.template [17ms]
2025-08-08 08:13:06.736 [info] > git for-each-ref --format=%(refname)%00%(upstream:short)%00%(objectname)%00%(upstream:track)%00%(upstream:remotename)%00%(upstream:remoteref) refs/heads/main refs/remotes/main [4ms]
2025-08-08 08:13:06.767 [info] > git status -z -uall [17ms]
2025-08-08 08:13:06.768 [info] > git for-each-ref --sort -committerdate --format %(refname)%00%(objectname)%00%(*objectname) [4ms]
2025-08-08 08:13:11.799 [info] > git config --get commit.template [14ms]
2025-08-08 08:13:11.802 [info] > git for-each-ref --format=%(refname)%00%(upstream:short)%00%(objectname)%00%(upstream:track)%00%(upstream:remotename)%00%(upstream:remoteref) refs/heads/main refs/remotes/main [4ms]
2025-08-08 08:13:11.836 [info] > git for-each-ref --sort -committerdate --format %(refname)%00%(objectname)%00%(*objectname) [3ms]
2025-08-08 08:13:11.836 [info] > git status -z -uall [16ms]
2025-08-08 08:13:16.856 [info] > git config --get commit.template [2ms]
2025-08-08 08:13:16.872 [info] > git for-each-ref --format=%(refname)%00%(upstream:short)%00%(objectname)%00%(upstream:track)%00%(upstream:remotename)%00%(upstream:remoteref) refs/heads/main refs/remotes/main [2ms]
2025-08-08 08:13:16.900 [info] > git status -z -uall [16ms]
2025-08-08 08:13:16.900 [info] > git for-each-ref --sort -committerdate --format %(refname)%00%(objectname)%00%(*objectname) [3ms]
2025-08-08 08:13:21.938 [info] > git config --get commit.template [19ms]
2025-08-08 08:13:21.939 [info] > git for-each-ref --format=%(refname)%00%(upstream:short)%00%(objectname)%00%(upstream:track)%00%(upstream:remotename)%00%(upstream:remoteref) refs/heads/main refs/remotes/main [4ms]
2025-08-08 08:13:21.967 [info] > git status -z -uall [14ms]
2025-08-08 08:13:21.968 [info] > git for-each-ref --sort -committerdate --format %(refname)%00%(objectname)%00%(*objectname) [3ms]
2025-08-08 08:13:26.996 [info] > git config --get commit.template [12ms]
2025-08-08 08:13:26.997 [info] > git for-each-ref --format=%(refname)%00%(upstream:short)%00%(objectname)%00%(upstream:track)%00%(upstream:remotename)%00%(upstream:remoteref) refs/heads/main refs/remotes/main [2ms]
2025-08-08 08:13:27.021 [info] > git for-each-ref --sort -committerdate --format %(refname)%00%(objectname)%00%(*objectname) [3ms]
2025-08-08 08:13:27.024 [info] > git status -z -uall [16ms]
2025-08-08 08:14:15.129 [info] > git config --get commit.template [25ms]
2025-08-08 08:14:15.133 [info] > git for-each-ref --format=%(refname)%00%(upstream:short)%00%(objectname)%00%(upstream:track)%00%(upstream:remotename)%00%(upstream:remoteref) refs/heads/main refs/remotes/main [5ms]
2025-08-08 08:14:15.165 [info] > git for-each-ref --sort -committerdate --format %(refname)%00%(objectname)%00%(*objectname) [4ms]
2025-08-08 08:14:15.166 [info] > git status -z -uall [18ms]
2025-08-08 08:14:20.196 [info] > git config --get commit.template [14ms]
2025-08-08 08:14:20.198 [info] > git for-each-ref --format=%(refname)%00%(upstream:short)%00%(objectname)%00%(upstream:track)%00%(upstream:remotename)%00%(upstream:remoteref) refs/heads/main refs/remotes/main [3ms]
2025-08-08 08:14:20.229 [info] > git for-each-ref --sort -committerdate --format %(refname)%00%(objectname)%00%(*objectname) [4ms]
2025-08-08 08:14:20.230 [info] > git status -z -uall [17ms]
2025-08-08 08:14:26.810 [info] > git config --get commit.template [14ms]
2025-08-08 08:14:26.812 [info] > git for-each-ref --format=%(refname)%00%(upstream:short)%00%(objectname)%00%(upstream:track)%00%(upstream:remotename)%00%(upstream:remoteref) refs/heads/main refs/remotes/main [3ms]
2025-08-08 08:14:26.842 [info] > git for-each-ref --sort -committerdate --format %(refname)%00%(objectname)%00%(*objectname) [4ms]
2025-08-08 08:14:26.842 [info] > git status -z -uall [17ms]
2025-08-08 08:14:31.862 [info] > git config --get commit.template [3ms]
2025-08-08 08:14:31.877 [info] > git for-each-ref --format=%(refname)%00%(upstream:short)%00%(objectname)%00%(upstream:track)%00%(upstream:remotename)%00%(upstream:remoteref) refs/heads/main refs/remotes/main [3ms]
2025-08-08 08:14:31.907 [info] > git for-each-ref --sort -committerdate --format %(refname)%00%(objectname)%00%(*objectname) [3ms]
2025-08-08 08:14:31.908 [info] > git status -z -uall [16ms]
2025-08-08 08:14:36.934 [info] > git config --get commit.template [11ms]
2025-08-08 08:14:36.935 [info] > git for-each-ref --format=%(refname)%00%(upstream:short)%00%(objectname)%00%(upstream:track)%00%(upstream:remotename)%00%(upstream:remoteref) refs/heads/main refs/remotes/main [2ms]
2025-08-08 08:14:36.959 [info] > git for-each-ref --sort -committerdate --format %(refname)%00%(objectname)%00%(*objectname) [4ms]
2025-08-08 08:14:36.960 [info] > git status -z -uall [15ms]
2025-08-08 08:14:58.398 [info] > git config --get commit.template [14ms]
2025-08-08 08:14:58.399 [info] > git for-each-ref --format=%(refname)%00%(upstream:short)%00%(objectname)%00%(upstream:track)%00%(upstream:remotename)%00%(upstream:remoteref) refs/heads/main refs/remotes/main [3ms]
2025-08-08 08:14:58.430 [info] > git status -z -uall [17ms]
2025-08-08 08:14:58.430 [info] > git for-each-ref --sort -committerdate --format %(refname)%00%(objectname)%00%(*objectname) [3ms]
2025-08-08 08:16:31.738 [info] > git fetch [325ms]
2025-08-08 08:16:31.763 [info] > git config --get commit.template [11ms]
2025-08-08 08:16:31.765 [info] > git for-each-ref --format=%(refname)%00%(upstream:short)%00%(objectname)%00%(upstream:track)%00%(upstream:remotename)%00%(upstream:remoteref) refs/heads/main refs/remotes/main [2ms]
2025-08-08 08:16:31.792 [info] > git status -z -uall [15ms]
2025-08-08 08:16:31.794 [info] > git for-each-ref --sort -committerdate --format %(refname)%00%(objectname)%00%(*objectname) [3ms]
2025-08-08 08:16:32.983 [info] > git config --get commit.template [13ms]
2025-08-08 08:16:32.985 [info] > git for-each-ref --format=%(refname)%00%(upstream:short)%00%(objectname)%00%(upstream:track)%00%(upstream:remotename)%00%(upstream:remoteref) refs/heads/main refs/remotes/main [3ms]
2025-08-08 08:16:33.013 [info] > git status -z -uall [15ms]
2025-08-08 08:16:33.014 [info] > git for-each-ref --sort -committerdate --format %(refname)%00%(objectname)%00%(*objectname) [4ms]
2025-08-08 08:16:51.647 [info] > git config --get commit.template [13ms]
2025-08-08 08:16:51.649 [info] > git for-each-ref --format=%(refname)%00%(upstream:short)%00%(objectname)%00%(upstream:track)%00%(upstream:remotename)%00%(upstream:remoteref) refs/heads/main refs/remotes/main [4ms]
2025-08-08 08:16:51.724 [info] > git for-each-ref --sort -committerdate --format %(refname)%00%(objectname)%00%(*objectname) [48ms]
2025-08-08 08:16:51.729 [info] > git status -z -uall [65ms]
2025-08-08 08:16:56.763 [info] > git config --get commit.template [16ms]
2025-08-08 08:16:56.765 [info] > git for-each-ref --format=%(refname)%00%(upstream:short)%00%(objectname)%00%(upstream:track)%00%(upstream:remotename)%00%(upstream:remoteref) refs/heads/main refs/remotes/main [4ms]
2025-08-08 08:16:56.798 [info] > git for-each-ref --sort -committerdate --format %(refname)%00%(objectname)%00%(*objectname) [3ms]
2025-08-08 08:16:56.799 [info] > git status -z -uall [20ms]
2025-08-08 08:17:01.831 [info] > git config --get commit.template [12ms]
2025-08-08 08:17:01.833 [info] > git for-each-ref --format=%(refname)%00%(upstream:short)%00%(objectname)%00%(upstream:track)%00%(upstream:remotename)%00%(upstream:remoteref) refs/heads/main refs/remotes/main [3ms]
2025-08-08 08:17:01.863 [info] > git status -z -uall [17ms]
2025-08-08 08:17:01.863 [info] > git for-each-ref --sort -committerdate --format %(refname)%00%(objectname)%00%(*objectname) [3ms]
2025-08-08 08:17:06.883 [info] > git config --get commit.template [2ms]
2025-08-08 08:17:06.899 [info] > git for-each-ref --format=%(refname)%00%(upstream:short)%00%(objectname)%00%(upstream:track)%00%(upstream:remotename)%00%(upstream:remoteref) refs/heads/main refs/remotes/main [3ms]
2025-08-08 08:17:06.929 [info] > git status -z -uall [16ms]
2025-08-08 08:17:06.930 [info] > git for-each-ref --sort -committerdate --format %(refname)%00%(objectname)%00%(*objectname) [3ms]
2025-08-08 08:17:11.958 [info] > git config --get commit.template [12ms]
2025-08-08 08:17:11.959 [info] > git for-each-ref --format=%(refname)%00%(upstream:short)%00%(objectname)%00%(upstream:track)%00%(upstream:remotename)%00%(upstream:remoteref) refs/heads/main refs/remotes/main [2ms]
2025-08-08 08:17:11.987 [info] > git for-each-ref --sort -committerdate --format %(refname)%00%(objectname)%00%(*objectname) [3ms]
2025-08-08 08:17:11.989 [info] > git status -z -uall [18ms]
2025-08-08 08:17:17.008 [info] > git config --get commit.template [2ms]
2025-08-08 08:17:17.024 [info] > git for-each-ref --format=%(refname)%00%(upstream:short)%00%(objectname)%00%(upstream:track)%00%(upstream:remotename)%00%(upstream:remoteref) refs/heads/main refs/remotes/main [3ms]
2025-08-08 08:17:17.050 [info] > git for-each-ref --sort -committerdate --format %(refname)%00%(objectname)%00%(*objectname) [3ms]
2025-08-08 08:17:17.052 [info] > git status -z -uall [15ms]
2025-08-08 08:17:22.083 [info] > git config --get commit.template [13ms]
2025-08-08 08:17:22.085 [info] > git for-each-ref --format=%(refname)%00%(upstream:short)%00%(objectname)%00%(upstream:track)%00%(upstream:remotename)%00%(upstream:remoteref) refs/heads/main refs/remotes/main [3ms]
2025-08-08 08:17:22.110 [info] > git for-each-ref --sort -committerdate --format %(refname)%00%(objectname)%00%(*objectname) [3ms]
2025-08-08 08:17:22.112 [info] > git status -z -uall [15ms]
2025-08-08 08:17:44.259 [info] > git config --get commit.template [15ms]
2025-08-08 08:17:44.261 [info] > git for-each-ref --format=%(refname)%00%(upstream:short)%00%(objectname)%00%(upstream:track)%00%(upstream:remotename)%00%(upstream:remoteref) refs/heads/main refs/remotes/main [3ms]
2025-08-08 08:17:44.287 [info] > git for-each-ref --sort -committerdate --format %(refname)%00%(objectname)%00%(*objectname) [4ms]
2025-08-08 08:17:44.291 [info] > git status -z -uall [18ms]
2025-08-08 08:17:49.324 [info] > git config --get commit.template [13ms]
2025-08-08 08:17:49.326 [info] > git for-each-ref --format=%(refname)%00%(upstream:short)%00%(objectname)%00%(upstream:track)%00%(upstream:remotename)%00%(upstream:remoteref) refs/heads/main refs/remotes/main [2ms]
2025-08-08 08:17:49.357 [info] > git status -z -uall [17ms]
2025-08-08 08:17:49.358 [info] > git for-each-ref --sort -committerdate --format %(refname)%00%(objectname)%00%(*objectname) [4ms]
2025-08-08 08:17:54.387 [info] > git config --get commit.template [13ms]
2025-08-08 08:17:54.389 [info] > git for-each-ref --format=%(refname)%00%(upstream:short)%00%(objectname)%00%(upstream:track)%00%(upstream:remotename)%00%(upstream:remoteref) refs/heads/main refs/remotes/main [3ms]
2025-08-08 08:17:54.416 [info] > git for-each-ref --sort -committerdate --format %(refname)%00%(objectname)%00%(*objectname) [4ms]
2025-08-08 08:17:54.417 [info] > git status -z -uall [17ms]
2025-08-08 08:18:19.262 [info] > git config --get commit.template [2ms]
2025-08-08 08:18:19.278 [info] > git for-each-ref --format=%(refname)%00%(upstream:short)%00%(objectname)%00%(upstream:track)%00%(upstream:remotename)%00%(upstream:remoteref) refs/heads/main refs/remotes/main [3ms]
2025-08-08 08:18:19.313 [info] > git for-each-ref --sort -committerdate --format %(refname)%00%(objectname)%00%(*objectname) [4ms]
2025-08-08 08:18:19.314 [info] > git status -z -uall [20ms]
2025-08-08 08:18:24.975 [info] > git config --get commit.template [2ms]
2025-08-08 08:18:24.992 [info] > git for-each-ref --format=%(refname)%00%(upstream:short)%00%(objectname)%00%(upstream:track)%00%(upstream:remotename)%00%(upstream:remoteref) refs/heads/main refs/remotes/main [3ms]
2025-08-08 08:18:25.020 [info] > git status -z -uall [15ms]
2025-08-08 08:18:25.022 [info] > git for-each-ref --sort -committerdate --format %(refname)%00%(objectname)%00%(*objectname) [3ms]
2025-08-08 08:19:32.153 [info] > git fetch [343ms]
2025-08-08 08:19:32.185 [info] > git config --get commit.template [15ms]
2025-08-08 08:19:32.188 [info] > git for-each-ref --format=%(refname)%00%(upstream:short)%00%(objectname)%00%(upstream:track)%00%(upstream:remotename)%00%(upstream:remoteref) refs/heads/main refs/remotes/main [4ms]
2025-08-08 08:19:32.216 [info] > git for-each-ref --sort -committerdate --format %(refname)%00%(objectname)%00%(*objectname) [3ms]
2025-08-08 08:19:32.219 [info] > git status -z -uall [17ms]
2025-08-08 08:19:33.469 [info] > git config --get commit.template [15ms]
2025-08-08 08:19:33.471 [info] > git for-each-ref --format=%(refname)%00%(upstream:short)%00%(objectname)%00%(upstream:track)%00%(upstream:remotename)%00%(upstream:remoteref) refs/heads/main refs/remotes/main [3ms]
2025-08-08 08:19:33.500 [info] > git for-each-ref --sort -committerdate --format %(refname)%00%(objectname)%00%(*objectname) [3ms]
2025-08-08 08:19:33.501 [info] > git status -z -uall [16ms]
2025-08-08 08:22:32.686 [info] > git fetch [447ms]
2025-08-08 08:22:32.720 [info] > git config --get commit.template [18ms]
2025-08-08 08:22:32.723 [info] > git for-each-ref --format=%(refname)%00%(upstream:short)%00%(objectname)%00%(upstream:track)%00%(upstream:remotename)%00%(upstream:remoteref) refs/heads/main refs/remotes/main [3ms]
2025-08-08 08:22:32.753 [info] > git for-each-ref --sort -committerdate --format %(refname)%00%(objectname)%00%(*objectname) [3ms]
2025-08-08 08:22:32.760 [info] > git status -z -uall [23ms]
2025-08-08 08:25:33.158 [info] > git fetch [376ms]
2025-08-08 08:25:33.197 [info] > git config --get commit.template [19ms]
2025-08-08 08:25:33.198 [info] > git for-each-ref --format=%(refname)%00%(upstream:short)%00%(objectname)%00%(upstream:track)%00%(upstream:remotename)%00%(upstream:remoteref) refs/heads/main refs/remotes/main [3ms]
2025-08-08 08:25:33.233 [info] > git for-each-ref --sort -committerdate --format %(refname)%00%(objectname)%00%(*objectname) [0ms]
2025-08-08 08:25:33.234 [info] > git status -z -uall [20ms]
2025-08-08 08:28:33.620 [info] > git fetch [368ms]
2025-08-08 08:28:33.648 [info] > git config --get commit.template [13ms]
2025-08-08 08:28:33.650 [info] > git for-each-ref --format=%(refname)%00%(upstream:short)%00%(objectname)%00%(upstream:track)%00%(upstream:remotename)%00%(upstream:remoteref) refs/heads/main refs/remotes/main [3ms]
2025-08-08 08:28:33.675 [info] > git for-each-ref --sort -committerdate --format %(refname)%00%(objectname)%00%(*objectname) [4ms]
2025-08-08 08:28:33.675 [info] > git status -z -uall [14ms]
2025-08-08 08:31:34.044 [info] > git fetch [350ms]
2025-08-08 08:31:34.070 [info] > git config --get commit.template [12ms]
2025-08-08 08:31:34.073 [info] > git for-each-ref --format=%(refname)%00%(upstream:short)%00%(objectname)%00%(upstream:track)%00%(upstream:remotename)%00%(upstream:remoteref) refs/heads/main refs/remotes/main [3ms]
2025-08-08 08:31:34.102 [info] > git for-each-ref --sort -committerdate --format %(refname)%00%(objectname)%00%(*objectname) [3ms]
2025-08-08 08:31:34.104 [info] > git status -z -uall [18ms]
2025-08-08 08:34:34.458 [info] > git fetch [337ms]
2025-08-08 08:34:34.482 [info] > git config --get commit.template [11ms]
2025-08-08 08:34:34.484 [info] > git for-each-ref --format=%(refname)%00%(upstream:short)%00%(objectname)%00%(upstream:track)%00%(upstream:remotename)%00%(upstream:remoteref) refs/heads/main refs/remotes/main [3ms]
2025-08-08 08:34:34.511 [info] > git status -z -uall [15ms]
2025-08-08 08:34:34.512 [info] > git for-each-ref --sort -committerdate --format %(refname)%00%(objectname)%00%(*objectname) [3ms]
2025-08-08 08:37:35.050 [info] > git fetch [510ms]
2025-08-08 08:37:35.117 [info] > git config --get commit.template [22ms]
2025-08-08 08:37:35.118 [info] > git for-each-ref --format=%(refname)%00%(upstream:short)%00%(objectname)%00%(upstream:track)%00%(upstream:remotename)%00%(upstream:remoteref) refs/heads/main refs/remotes/main [4ms]
2025-08-08 08:37:35.161 [info] > git status -z -uall [25ms]
2025-08-08 08:37:35.167 [info] > git for-each-ref --sort -committerdate --format %(refname)%00%(objectname)%00%(*objectname) [8ms]
2025-08-08 08:40:35.533 [info] > git fetch [346ms]
2025-08-08 08:40:35.563 [info] > git config --get commit.template [16ms]
2025-08-08 08:40:35.564 [info] > git for-each-ref --format=%(refname)%00%(upstream:short)%00%(objectname)%00%(upstream:track)%00%(upstream:remotename)%00%(upstream:remoteref) refs/heads/main refs/remotes/main [3ms]
2025-08-08 08:40:35.593 [info] > git for-each-ref --sort -committerdate --format %(refname)%00%(objectname)%00%(*objectname) [4ms]
2025-08-08 08:40:35.596 [info] > git status -z -uall [18ms]
2025-08-08 08:43:35.963 [info] > git fetch [353ms]
2025-08-08 08:43:35.991 [info] > git config --get commit.template [14ms]
2025-08-08 08:43:35.992 [info] > git for-each-ref --format=%(refname)%00%(upstream:short)%00%(objectname)%00%(upstream:track)%00%(upstream:remotename)%00%(upstream:remoteref) refs/heads/main refs/remotes/main [2ms]
2025-08-08 08:43:36.020 [info] > git for-each-ref --sort -committerdate --format %(refname)%00%(objectname)%00%(*objectname) [3ms]
2025-08-08 08:43:36.020 [info] > git status -z -uall [16ms]
2025-08-08 08:46:36.406 [info] > git fetch [363ms]
2025-08-08 08:46:36.442 [info] > git config --get commit.template [21ms]
2025-08-08 08:46:36.443 [info] > git for-each-ref --format=%(refname)%00%(upstream:short)%00%(objectname)%00%(upstream:track)%00%(upstream:remotename)%00%(upstream:remoteref) refs/heads/main refs/remotes/main [2ms]
2025-08-08 08:46:36.472 [info] > git for-each-ref --sort -committerdate --format %(refname)%00%(objectname)%00%(*objectname) [3ms]
2025-08-08 08:46:36.475 [info] > git status -z -uall [18ms]
