2025-08-08 23:55:42.315 [info] Log level: Info
2025-08-08 23:55:42.315 [info] VSCODE_MACHINE_ID: 10d3d877-fe56-442f-a117-f9035039c6e9
2025-08-08 23:55:42.315 [info] VSCODE_SESSION_ID: 0afee0bd-ea7c-4ba7-b788-fc560ff5e52a1754697334419
2025-08-08 23:55:42.315 [info] VSCODE_VERSION: 1.102.3
2025-08-08 23:55:42.315 [info] VSCODE_APP_NAME: Gitpod Code
2025-08-08 23:55:42.315 [info] VSCODE_APP_HOST: Gitpod
2025-08-08 23:55:42.315 [info] VSCODE_UI_KIND: web
2025-08-08 23:55:42.315 [info] GITPOD_WORKSPACE_CONTEXT_URL: https://github.com/Abdallah-Develop/Website-starter
2025-08-08 23:55:42.315 [info] GITPOD_INSTANCE_ID: 084e8d19-ef0d-46ef-9b9c-428f3e606b98
2025-08-08 23:55:42.315 [info] GITPOD_WORKSPACE_URL: https://abdallahdev-websitestar-esjdme0laxn.ws-eu120.gitpod.io
2025-08-08 23:55:42.315 [info] Gitpod Web 3953e81
2025-08-08 23:55:42.315 [info] Reading sessions from keychain...
2025-08-08 23:55:43.620 [info] Got stored sessions!
2025-08-08 23:55:43.621 [info] Getting sessions for all scopes...
2025-08-08 23:55:43.621 [info] Getting GitHub sessions for all scopes...
2025-08-08 23:55:43.707 [info] Verified session with the following scopes: function:accessCodeSyncStorage function:closePort function:controlAdmission function:deleteEnvVar function:generateNewGitpodToken function:getDefaultWorkspaceImage function:getGitpodTokenScopes function:getIDToken function:getLoggedInUser function:getOpenPorts function:getSupportedWorkspaceClasses function:getTeams function:getToken function:getWorkspace function:getWorkspaceEnvVars function:getWorkspaceOwner function:getWorkspaceTimeout function:getWorkspaceUsers function:guessGitTokenScopes function:isWorkspaceOwner function:openPort function:sendHeartBeat function:setEnvVar function:setWorkspaceTimeout function:stopWorkspace function:takeSnapshot function:trackEvent function:updateGitStatus function:waitForSnapshot resource:contentBlob::*::create/get resource:envVar::*/**::update resource:envVar::*/*::update resource:envVar::Abdallah-Develop/Website-starter::create/get/update/delete resource:gitpodToken::*::create resource:snapshot::ws-abdallahdev-websitestar-esjdme0laxn::create resource:token::*::get resource:userStorage::*::create/get/update resource:workspace::abdallahdev-websitestar-esjdme0laxn::get/update resource:workspaceInstance::084e8d19-ef0d-46ef-9b9c-428f3e606b98::get/update/delete
2025-08-08 23:55:43.707 [info] Got 1 verified sessions.
2025-08-08 23:55:43.707 [info] Got 1 sessions for all scopes...
2025-08-08 23:55:43.707 [info] Getting sessions for all scopes...
2025-08-08 23:55:43.707 [info] Got 1 sessions for all scopes...
2025-08-08 23:55:43.707 [info] Getting sessions for all scopes...
2025-08-08 23:55:43.707 [info] Got 1 sessions for all scopes...
2025-08-08 23:55:44.716 [info] Got 1 GitHub sessions for all scopes...
2025-08-08 23:55:45.131 [info] Getting GitHub sessions for all scopes...
2025-08-08 23:55:45.131 [info] Getting sessions for all scopes...
2025-08-08 23:55:45.131 [info] Got 1 GitHub sessions for all scopes...
2025-08-08 23:55:45.131 [info] Got 1 sessions for all scopes...
2025-08-08 23:55:45.132 [info] Getting GitHub sessions for all scopes...
2025-08-08 23:55:45.132 [info] Got 1 GitHub sessions for all scopes...
2025-08-08 23:55:45.794 [info] Getting sessions for all scopes...
2025-08-08 23:55:45.794 [info] Getting GitHub sessions for all scopes...
2025-08-08 23:55:45.794 [info] Got 1 sessions for all scopes...
2025-08-08 23:55:45.794 [info] Got 1 GitHub sessions for all scopes...
2025-08-08 23:55:45.798 [info] Getting GitHub sessions for read:user,repo,user:email,workflow...
2025-08-08 23:55:45.798 [info] Got 0 GitHub sessions for read:user,repo,user:email,workflow...
2025-08-08 23:55:45.807 [info] Getting GitHub sessions for all scopes...
2025-08-08 23:55:45.807 [info] Got 1 GitHub sessions for all scopes...
2025-08-08 23:55:46.184 [info] Getting sessions for all scopes...
2025-08-08 23:55:46.184 [info] Getting GitHub sessions for all scopes...
2025-08-08 23:55:46.184 [info] Got 1 sessions for all scopes...
2025-08-08 23:55:46.184 [info] Got 1 GitHub sessions for all scopes...
2025-08-08 23:55:46.416 [info] Getting GitHub sessions for project,read:org,read:user,repo,user:email,workflow...
2025-08-08 23:55:46.417 [info] Got 0 GitHub sessions for project,read:org,read:user,repo,user:email,workflow...
2025-08-08 23:55:46.848 [info] Getting sessions for function:accessCodeSyncStorage...
2025-08-08 23:55:46.848 [info] Got 1 sessions for function:accessCodeSyncStorage...
2025-08-08 23:55:46.912 [info] Getting GitHub sessions for read:user,repo,user:email,workflow...
2025-08-08 23:55:46.912 [info] Got 0 GitHub sessions for read:user,repo,user:email,workflow...
2025-08-08 23:55:48.139 [info] Getting GitHub sessions for read:user,repo,user:email...
2025-08-08 23:55:48.139 [info] Got 0 GitHub sessions for read:user,repo,user:email...
2025-08-08 23:55:48.176 [info] Getting sessions for all scopes...
2025-08-08 23:55:48.176 [info] Getting GitHub sessions for all scopes...
2025-08-08 23:55:48.176 [info] Got 1 sessions for all scopes...
2025-08-08 23:55:48.176 [info] Got 1 GitHub sessions for all scopes...
2025-08-08 23:55:48.955 [info] Getting sessions for all scopes...
2025-08-08 23:55:48.955 [info] Getting GitHub sessions for all scopes...
2025-08-08 23:55:48.955 [info] Got 1 sessions for all scopes...
2025-08-08 23:55:48.955 [info] Got 1 GitHub sessions for all scopes...
2025-08-08 23:55:49.908 [info] Getting GitHub sessions for read:user,repo,user:email,workflow...
2025-08-08 23:55:49.908 [info] Got 0 GitHub sessions for read:user,repo,user:email,workflow...
2025-08-08 23:55:49.911 [info] Getting sessions for all scopes...
2025-08-08 23:55:49.911 [info] Getting GitHub sessions for all scopes...
2025-08-08 23:55:49.911 [info] Got 1 sessions for all scopes...
2025-08-08 23:55:49.911 [info] Got 1 GitHub sessions for all scopes...
2025-08-08 23:55:50.303 [info] Getting sessions for all scopes...
2025-08-08 23:55:50.303 [info] Getting GitHub sessions for all scopes...
2025-08-08 23:55:50.303 [info] Got 1 sessions for all scopes...
2025-08-08 23:55:50.303 [info] Got 1 GitHub sessions for all scopes...
2025-08-08 23:55:51.520 [info] Getting sessions for all scopes...
2025-08-08 23:55:51.520 [info] Getting GitHub sessions for all scopes...
2025-08-08 23:55:51.520 [info] Got 1 sessions for all scopes...
2025-08-08 23:55:51.520 [info] Got 1 GitHub sessions for all scopes...
2025-08-08 23:55:51.743 [info] Getting sessions for all scopes...
2025-08-08 23:55:51.743 [info] Getting GitHub sessions for all scopes...
2025-08-08 23:55:51.743 [info] Got 1 sessions for all scopes...
2025-08-08 23:55:51.743 [info] Got 1 GitHub sessions for all scopes...
2025-08-08 23:55:54.733 [info] Getting sessions for all scopes...
2025-08-08 23:55:54.733 [info] Getting GitHub sessions for all scopes...
2025-08-08 23:55:54.733 [info] Got 1 sessions for all scopes...
2025-08-08 23:55:54.733 [info] Got 1 GitHub sessions for all scopes...
2025-08-08 23:55:54.734 [info] Getting sessions for all scopes...
2025-08-08 23:55:54.734 [info] Getting GitHub sessions for all scopes...
2025-08-08 23:55:54.734 [info] Got 1 sessions for all scopes...
2025-08-08 23:55:54.734 [info] Got 1 GitHub sessions for all scopes...
2025-08-08 23:55:54.734 [info] Getting sessions for all scopes...
2025-08-08 23:55:54.734 [info] Getting GitHub sessions for all scopes...
2025-08-08 23:55:54.734 [info] Got 1 sessions for all scopes...
2025-08-08 23:55:54.734 [info] Got 1 GitHub sessions for all scopes...
2025-08-08 23:55:59.563 [info] Getting sessions for all scopes...
2025-08-08 23:55:59.563 [info] Getting GitHub sessions for all scopes...
2025-08-08 23:55:59.563 [info] Got 1 sessions for all scopes...
2025-08-08 23:55:59.563 [info] Got 1 GitHub sessions for all scopes...
2025-08-08 23:55:59.678 [info] Getting sessions for all scopes...
2025-08-08 23:55:59.678 [info] Getting GitHub sessions for all scopes...
2025-08-08 23:55:59.678 [info] Got 1 sessions for all scopes...
2025-08-08 23:55:59.678 [info] Got 1 GitHub sessions for all scopes...
