2025-08-08 23:07:01.658 [info] Log level: Info
2025-08-08 23:07:01.658 [info] VSCODE_MACHINE_ID: 10d3d877-fe56-442f-a117-f9035039c6e9
2025-08-08 23:07:01.658 [info] VSCODE_SESSION_ID: 4220668f-ff96-4a58-be6b-ed4a35d1a94e1754694412691
2025-08-08 23:07:01.658 [info] VSCODE_VERSION: 1.102.3
2025-08-08 23:07:01.658 [info] VSCODE_APP_NAME: Gitpod Code
2025-08-08 23:07:01.658 [info] VSCODE_APP_HOST: Gitpod
2025-08-08 23:07:01.658 [info] VSCODE_UI_KIND: web
2025-08-08 23:07:01.658 [info] GITPOD_WORKSPACE_CONTEXT_URL: https://github.com/Abdallah-Develop/Website-starter
2025-08-08 23:07:01.658 [info] GITPOD_INSTANCE_ID: 084e8d19-ef0d-46ef-9b9c-428f3e606b98
2025-08-08 23:07:01.658 [info] GITPOD_WORKSPACE_URL: https://abdallahdev-websitestar-esjdme0laxn.ws-eu120.gitpod.io
2025-08-08 23:07:01.658 [info] Gitpod Web 3953e81
2025-08-08 23:07:01.658 [info] Reading sessions from keychain...
2025-08-08 23:07:02.719 [info] Got stored sessions!
2025-08-08 23:07:02.720 [info] Verified session with the following scopes: function:accessCodeSyncStorage function:closePort function:controlAdmission function:deleteEnvVar function:generateNewGitpodToken function:getDefaultWorkspaceImage function:getGitpodTokenScopes function:getIDToken function:getLoggedInUser function:getOpenPorts function:getSupportedWorkspaceClasses function:getTeams function:getToken function:getWorkspace function:getWorkspaceEnvVars function:getWorkspaceOwner function:getWorkspaceTimeout function:getWorkspaceUsers function:guessGitTokenScopes function:isWorkspaceOwner function:openPort function:sendHeartBeat function:setEnvVar function:setWorkspaceTimeout function:stopWorkspace function:takeSnapshot function:trackEvent function:updateGitStatus function:waitForSnapshot resource:contentBlob::*::create/get resource:envVar::*/**::update resource:envVar::*/*::update resource:envVar::Abdallah-Develop/Website-starter::create/get/update/delete resource:gitpodToken::*::create resource:snapshot::ws-abdallahdev-websitestar-esjdme0laxn::create resource:token::*::get resource:userStorage::*::create/get/update resource:workspace::abdallahdev-websitestar-esjdme0laxn::get/update resource:workspaceInstance::084e8d19-ef0d-46ef-9b9c-428f3e606b98::get/update/delete
2025-08-08 23:07:02.720 [info] Got 1 verified sessions.
2025-08-08 23:07:02.720 [info] Getting sessions for all scopes...
2025-08-08 23:07:02.720 [info] Getting GitHub sessions for all scopes...
2025-08-08 23:07:02.720 [info] Got 1 sessions for all scopes...
2025-08-08 23:07:02.720 [info] Getting sessions for all scopes...
2025-08-08 23:07:02.720 [info] Got 1 sessions for all scopes...
2025-08-08 23:07:02.720 [info] Getting sessions for all scopes...
2025-08-08 23:07:02.720 [info] Got 1 sessions for all scopes...
2025-08-08 23:07:02.720 [info] Getting sessions for function:accessCodeSyncStorage...
2025-08-08 23:07:02.720 [info] Got 1 sessions for function:accessCodeSyncStorage...
2025-08-08 23:07:04.705 [info] Got 1 GitHub sessions for all scopes...
2025-08-08 23:07:04.956 [info] Getting GitHub sessions for all scopes...
2025-08-08 23:07:04.956 [info] Getting sessions for all scopes...
2025-08-08 23:07:04.956 [info] Got 1 GitHub sessions for all scopes...
2025-08-08 23:07:04.956 [info] Got 1 sessions for all scopes...
2025-08-08 23:07:04.956 [info] Getting GitHub sessions for all scopes...
2025-08-08 23:07:04.956 [info] Got 1 GitHub sessions for all scopes...
2025-08-08 23:07:05.533 [info] Getting GitHub sessions for read:user,repo,user:email,workflow...
2025-08-08 23:07:05.534 [info] Got 0 GitHub sessions for read:user,repo,user:email,workflow...
2025-08-08 23:07:05.619 [info] Getting GitHub sessions for all scopes...
2025-08-08 23:07:05.619 [info] Got 1 GitHub sessions for all scopes...
2025-08-08 23:07:05.660 [info] Getting sessions for all scopes...
2025-08-08 23:07:05.660 [info] Getting GitHub sessions for all scopes...
2025-08-08 23:07:05.660 [info] Got 1 sessions for all scopes...
2025-08-08 23:07:05.661 [info] Got 1 GitHub sessions for all scopes...
2025-08-08 23:07:05.864 [info] Getting sessions for all scopes...
2025-08-08 23:07:05.864 [info] Getting GitHub sessions for all scopes...
2025-08-08 23:07:05.864 [info] Got 1 sessions for all scopes...
2025-08-08 23:07:05.864 [info] Got 1 GitHub sessions for all scopes...
2025-08-08 23:07:06.210 [info] Getting sessions for all scopes...
2025-08-08 23:07:06.210 [info] Getting GitHub sessions for all scopes...
2025-08-08 23:07:06.210 [info] Got 1 sessions for all scopes...
2025-08-08 23:07:06.210 [info] Got 1 GitHub sessions for all scopes...
2025-08-08 23:07:06.210 [info] Getting sessions for all scopes...
2025-08-08 23:07:06.210 [info] Getting GitHub sessions for all scopes...
2025-08-08 23:07:06.210 [info] Got 1 sessions for all scopes...
2025-08-08 23:07:06.210 [info] Got 1 GitHub sessions for all scopes...
2025-08-08 23:07:06.210 [info] Getting sessions for all scopes...
2025-08-08 23:07:06.210 [info] Getting GitHub sessions for all scopes...
2025-08-08 23:07:06.210 [info] Got 1 sessions for all scopes...
2025-08-08 23:07:06.210 [info] Got 1 GitHub sessions for all scopes...
2025-08-08 23:07:07.460 [info] Getting sessions for all scopes...
2025-08-08 23:07:07.460 [info] Getting GitHub sessions for all scopes...
2025-08-08 23:07:07.460 [info] Got 1 sessions for all scopes...
2025-08-08 23:07:07.460 [info] Got 1 GitHub sessions for all scopes...
2025-08-08 23:07:08.016 [info] Getting sessions for all scopes...
2025-08-08 23:07:08.016 [info] Getting GitHub sessions for all scopes...
2025-08-08 23:07:08.016 [info] Got 1 sessions for all scopes...
2025-08-08 23:07:08.016 [info] Got 1 GitHub sessions for all scopes...
2025-08-08 23:07:09.973 [info] Getting sessions for all scopes...
2025-08-08 23:07:09.973 [info] Getting GitHub sessions for all scopes...
2025-08-08 23:07:09.973 [info] Got 1 sessions for all scopes...
2025-08-08 23:07:09.973 [info] Got 1 GitHub sessions for all scopes...
2025-08-08 23:07:11.032 [info] Getting GitHub sessions for project,read:org,read:user,repo,user:email,workflow...
2025-08-08 23:07:11.032 [info] Got 0 GitHub sessions for project,read:org,read:user,repo,user:email,workflow...
2025-08-08 23:07:13.145 [info] Getting sessions for all scopes...
2025-08-08 23:07:13.145 [info] Getting GitHub sessions for all scopes...
2025-08-08 23:07:13.145 [info] Got 1 sessions for all scopes...
2025-08-08 23:07:13.145 [info] Got 1 GitHub sessions for all scopes...
2025-08-08 23:07:13.447 [info] Getting GitHub sessions for read:user,repo,user:email,workflow...
2025-08-08 23:07:13.447 [info] Getting sessions for all scopes...
2025-08-08 23:07:13.447 [info] Got 0 GitHub sessions for read:user,repo,user:email,workflow...
2025-08-08 23:07:13.447 [info] Got 1 sessions for all scopes...
2025-08-08 23:07:13.447 [info] Getting GitHub sessions for all scopes...
2025-08-08 23:07:13.447 [info] Got 1 GitHub sessions for all scopes...
2025-08-08 23:07:14.625 [info] Getting GitHub sessions for read:user,repo,user:email...
2025-08-08 23:07:14.625 [info] Got 0 GitHub sessions for read:user,repo,user:email...
2025-08-08 23:07:15.412 [info] Getting GitHub sessions for read:user,repo,user:email,workflow...
2025-08-08 23:07:15.412 [info] Got 0 GitHub sessions for read:user,repo,user:email,workflow...
