2025-08-08 20:07:37.931 [info] [main] Log level: Info
2025-08-08 20:07:37.931 [info] [main] Validating found git in: "git"
2025-08-08 20:07:37.931 [info] [main] Using git "2.49.0" from "git"
2025-08-08 20:07:37.931 [info] [Model][doInitialScan] Initial repository scan started
2025-08-08 20:07:37.931 [info] > git rev-parse --show-toplevel [2ms]
2025-08-08 20:07:37.931 [info] > git rev-parse --git-dir --git-common-dir [2ms]
2025-08-08 20:07:37.931 [info] [Model][openRepository] Opened repository (path): /workspace/Website-starter
2025-08-08 20:07:37.931 [info] [Model][openRepository] Opened repository (real path): /workspace/Website-starter
2025-08-08 20:07:37.931 [info] > git config --get commit.template [6ms]
2025-08-08 20:07:37.931 [info] > git rev-parse --show-toplevel [2ms]
2025-08-08 20:07:37.931 [info] > git for-each-ref --format=%(refname)%00%(upstream:short)%00%(objectname)%00%(upstream:track)%00%(upstream:remotename)%00%(upstream:remoteref) refs/heads/main refs/remotes/main [9ms]
2025-08-08 20:07:37.931 [info] > git rev-parse --show-toplevel [1ms]
2025-08-08 20:07:37.931 [info] > git rev-parse --show-toplevel [12ms]
2025-08-08 20:07:37.931 [info] > git for-each-ref --sort -committerdate --format %(refname)%00%(objectname)%00%(*objectname) [8ms]
2025-08-08 20:07:37.931 [info] > git rev-parse --show-toplevel [2ms]
2025-08-08 20:07:37.931 [info] > git status -z -uall [20ms]
2025-08-08 20:07:37.931 [info] > git for-each-ref --format=%(refname)%00%(upstream:short)%00%(objectname)%00%(upstream:track)%00%(upstream:remotename)%00%(upstream:remoteref) refs/heads/main refs/remotes/main [10ms]
2025-08-08 20:07:37.931 [info] > git rev-parse --show-toplevel [39ms]
2025-08-08 20:07:37.931 [info] > git config --get --local branch.main.vscode-merge-base [25ms]
2025-08-08 20:07:37.931 [info] > git config --get commit.template [42ms]
2025-08-08 20:07:37.931 [info] > git rev-parse --show-toplevel [10ms]
2025-08-08 20:07:37.931 [info] > git for-each-ref --format=%(refname)%00%(upstream:short)%00%(objectname)%00%(upstream:track)%00%(upstream:remotename)%00%(upstream:remoteref) refs/heads/origin/main refs/remotes/origin/main [17ms]
2025-08-08 20:07:37.931 [info] > git rev-parse --show-toplevel [10ms]
2025-08-08 20:07:37.931 [info] > git for-each-ref --format=%(refname)%00%(upstream:short)%00%(objectname)%00%(upstream:track)%00%(upstream:remotename)%00%(upstream:remoteref) refs/heads/main refs/remotes/main [17ms]
2025-08-08 20:07:37.931 [info] > git rev-parse --show-toplevel [23ms]
2025-08-08 20:07:37.931 [info] [Model][doInitialScan] Initial repository scan completed - repositories (1), closed repositories (0), parent repositories (0), unsafe repositories (0)
2025-08-08 20:07:37.931 [info] > git merge-base refs/heads/main refs/remotes/origin/main [34ms]
2025-08-08 20:07:37.931 [info] > git diff --name-status -z --diff-filter=ADMR 0d7a3a898007be1d8200d8db99d59472a2da8d06...refs/remotes/origin/main [14ms]
2025-08-08 20:07:37.931 [info] > git status -z -uall [31ms]
2025-08-08 20:07:37.931 [info] > git for-each-ref --sort -committerdate --format %(refname)%00%(objectname)%00%(*objectname) [27ms]
2025-08-08 20:07:38.863 [info] > git fetch [1180ms]
2025-08-08 20:07:38.876 [info] > git config --get commit.template [6ms]
2025-08-08 20:07:38.889 [info] > git for-each-ref --format=%(refname)%00%(upstream:short)%00%(objectname)%00%(upstream:track)%00%(upstream:remotename)%00%(upstream:remoteref) refs/heads/main refs/remotes/main [5ms]
2025-08-08 20:07:38.913 [info] > git for-each-ref --sort -committerdate --format %(refname)%00%(objectname)%00%(*objectname) [5ms]
2025-08-08 20:07:38.917 [info] > git status -z -uall [17ms]
2025-08-08 20:07:39.416 [info] > git check-ignore -v -z --stdin [2ms]
2025-08-08 20:07:42.280 [info] > git config --get --local branch.main.github-pr-owner-number [4ms]
2025-08-08 20:07:42.280 [warning] [Git][config] git config failed: Failed to execute git
2025-08-08 20:07:58.246 [info] > git config --get commit.template [13ms]
2025-08-08 20:07:58.248 [info] > git for-each-ref --format=%(refname)%00%(upstream:short)%00%(objectname)%00%(upstream:track)%00%(upstream:remotename)%00%(upstream:remoteref) refs/heads/main refs/remotes/main [3ms]
2025-08-08 20:07:58.274 [info] > git status -z -uall [15ms]
2025-08-08 20:07:58.274 [info] > git for-each-ref --sort -committerdate --format %(refname)%00%(objectname)%00%(*objectname) [3ms]
2025-08-08 20:08:34.823 [info] > git config --get commit.template [13ms]
2025-08-08 20:08:34.826 [info] > git for-each-ref --format=%(refname)%00%(upstream:short)%00%(objectname)%00%(upstream:track)%00%(upstream:remotename)%00%(upstream:remoteref) refs/heads/main refs/remotes/main [4ms]
2025-08-08 20:08:34.888 [info] > git status -z -uall [20ms]
2025-08-08 20:08:34.888 [info] > git for-each-ref --sort -committerdate --format %(refname)%00%(objectname)%00%(*objectname) [4ms]
2025-08-08 20:08:51.995 [info] > git config --get commit.template [14ms]
2025-08-08 20:08:51.998 [info] > git for-each-ref --format=%(refname)%00%(upstream:short)%00%(objectname)%00%(upstream:track)%00%(upstream:remotename)%00%(upstream:remoteref) refs/heads/main refs/remotes/main [4ms]
2025-08-08 20:08:52.025 [info] > git for-each-ref --sort -committerdate --format %(refname)%00%(objectname)%00%(*objectname) [4ms]
2025-08-08 20:08:52.026 [info] > git status -z -uall [17ms]
2025-08-08 20:08:57.055 [info] > git config --get commit.template [12ms]
2025-08-08 20:08:57.067 [info] > git for-each-ref --format=%(refname)%00%(upstream:short)%00%(objectname)%00%(upstream:track)%00%(upstream:remotename)%00%(upstream:remoteref) refs/heads/main refs/remotes/main [14ms]
2025-08-08 20:08:57.093 [info] > git for-each-ref --sort -committerdate --format %(refname)%00%(objectname)%00%(*objectname) [4ms]
2025-08-08 20:08:57.095 [info] > git status -z -uall [15ms]
2025-08-08 20:10:16.247 [info] > git show --textconv :src/components/ui/buttons/PrimaryCTA.astro [12ms]
2025-08-08 20:10:16.248 [info] > git ls-files --stage -- src/components/ui/buttons/PrimaryCTA.astro [2ms]
2025-08-08 20:10:16.262 [info] > git cat-file -s 17596086970dc70a2bdadfcfeb7c314eb7060c29 [2ms]
2025-08-08 20:10:16.347 [info] > git check-ignore -v -z --stdin [4ms]
2025-08-08 20:10:21.062 [info] > git check-ignore -v -z --stdin [2ms]
2025-08-08 20:10:22.009 [info] > git show --textconv :src/assets/styles/global.css [14ms]
2025-08-08 20:10:22.009 [info] > git ls-files --stage -- src/assets/styles/global.css [3ms]
2025-08-08 20:10:22.024 [info] > git cat-file -s 50bf8db4d56518176564a94ccf94019947884767 [3ms]
2025-08-08 20:10:23.005 [info] > git blame --root --incremental 0d7a3a898007be1d8200d8db99d59472a2da8d06 -- src/assets/styles/global.css [5ms]
2025-08-08 20:10:33.297 [info] > git config --get commit.template [10ms]
2025-08-08 20:10:33.299 [info] > git for-each-ref --format=%(refname)%00%(upstream:short)%00%(objectname)%00%(upstream:track)%00%(upstream:remotename)%00%(upstream:remoteref) refs/heads/main refs/remotes/main [3ms]
2025-08-08 20:10:33.318 [info] > git for-each-ref --sort -committerdate --format %(refname)%00%(objectname)%00%(*objectname) [3ms]
2025-08-08 20:10:33.321 [info] > git status -z -uall [14ms]
2025-08-08 20:10:38.357 [info] > git config --get commit.template [17ms]
2025-08-08 20:10:38.358 [info] > git for-each-ref --format=%(refname)%00%(upstream:short)%00%(objectname)%00%(upstream:track)%00%(upstream:remotename)%00%(upstream:remoteref) refs/heads/main refs/remotes/main [3ms]
2025-08-08 20:10:38.390 [info] > git for-each-ref --sort -committerdate --format %(refname)%00%(objectname)%00%(*objectname) [4ms]
2025-08-08 20:10:38.392 [info] > git status -z -uall [18ms]
2025-08-08 20:10:39.299 [info] > git fetch [360ms]
2025-08-08 20:10:39.327 [info] > git config --get commit.template [15ms]
2025-08-08 20:10:39.328 [info] > git for-each-ref --format=%(refname)%00%(upstream:short)%00%(objectname)%00%(upstream:track)%00%(upstream:remotename)%00%(upstream:remoteref) refs/heads/main refs/remotes/main [3ms]
2025-08-08 20:10:39.357 [info] > git for-each-ref --sort -committerdate --format %(refname)%00%(objectname)%00%(*objectname) [5ms]
2025-08-08 20:10:39.358 [info] > git status -z -uall [17ms]
2025-08-08 20:10:43.435 [info] > git config --get commit.template [18ms]
2025-08-08 20:10:43.437 [info] > git for-each-ref --format=%(refname)%00%(upstream:short)%00%(objectname)%00%(upstream:track)%00%(upstream:remotename)%00%(upstream:remoteref) refs/heads/main refs/remotes/main [4ms]
2025-08-08 20:10:43.463 [info] > git for-each-ref --sort -committerdate --format %(refname)%00%(objectname)%00%(*objectname) [3ms]
2025-08-08 20:10:43.465 [info] > git status -z -uall [15ms]
2025-08-08 20:10:52.017 [info] > git config --get commit.template [10ms]
2025-08-08 20:10:52.019 [info] > git for-each-ref --format=%(refname)%00%(upstream:short)%00%(objectname)%00%(upstream:track)%00%(upstream:remotename)%00%(upstream:remoteref) refs/heads/main refs/remotes/main [3ms]
2025-08-08 20:10:52.045 [info] > git for-each-ref --sort -committerdate --format %(refname)%00%(objectname)%00%(*objectname) [4ms]
2025-08-08 20:10:52.047 [info] > git status -z -uall [15ms]
2025-08-08 20:11:01.293 [info] > git config --get commit.template [10ms]
2025-08-08 20:11:01.295 [info] > git for-each-ref --format=%(refname)%00%(upstream:short)%00%(objectname)%00%(upstream:track)%00%(upstream:remotename)%00%(upstream:remoteref) refs/heads/main refs/remotes/main [2ms]
2025-08-08 20:11:01.320 [info] > git for-each-ref --sort -committerdate --format %(refname)%00%(objectname)%00%(*objectname) [3ms]
2025-08-08 20:11:01.322 [info] > git status -z -uall [16ms]
2025-08-08 20:17:44.269 [info] > git fetch [362ms]
2025-08-08 20:17:44.297 [info] > git config --get commit.template [14ms]
2025-08-08 20:17:44.298 [info] > git for-each-ref --format=%(refname)%00%(upstream:short)%00%(objectname)%00%(upstream:track)%00%(upstream:remotename)%00%(upstream:remoteref) refs/heads/main refs/remotes/main [4ms]
2025-08-08 20:17:44.327 [info] > git status -z -uall [16ms]
2025-08-08 20:17:44.327 [info] > git for-each-ref --sort -committerdate --format %(refname)%00%(objectname)%00%(*objectname) [3ms]
2025-08-08 20:17:46.344 [info] > git config --get commit.template [16ms]
2025-08-08 20:17:46.346 [info] > git for-each-ref --format=%(refname)%00%(upstream:short)%00%(objectname)%00%(upstream:track)%00%(upstream:remotename)%00%(upstream:remoteref) refs/heads/main refs/remotes/main [4ms]
2025-08-08 20:17:46.377 [info] > git status -z -uall [16ms]
2025-08-08 20:17:46.377 [info] > git for-each-ref --sort -committerdate --format %(refname)%00%(objectname)%00%(*objectname) [3ms]
2025-08-08 20:17:51.409 [info] > git config --get commit.template [13ms]
2025-08-08 20:17:51.410 [info] > git for-each-ref --format=%(refname)%00%(upstream:short)%00%(objectname)%00%(upstream:track)%00%(upstream:remotename)%00%(upstream:remoteref) refs/heads/main refs/remotes/main [4ms]
2025-08-08 20:17:51.438 [info] > git status -z -uall [16ms]
2025-08-08 20:17:51.439 [info] > git for-each-ref --sort -committerdate --format %(refname)%00%(objectname)%00%(*objectname) [4ms]
2025-08-08 20:17:56.468 [info] > git config --get commit.template [13ms]
2025-08-08 20:17:56.471 [info] > git for-each-ref --format=%(refname)%00%(upstream:short)%00%(objectname)%00%(upstream:track)%00%(upstream:remotename)%00%(upstream:remoteref) refs/heads/main refs/remotes/main [3ms]
2025-08-08 20:17:56.494 [info] > git for-each-ref --sort -committerdate --format %(refname)%00%(objectname)%00%(*objectname) [3ms]
2025-08-08 20:17:56.496 [info] > git status -z -uall [14ms]
2025-08-08 20:18:04.933 [info] > git config --get commit.template [15ms]
2025-08-08 20:18:04.934 [info] > git for-each-ref --format=%(refname)%00%(upstream:short)%00%(objectname)%00%(upstream:track)%00%(upstream:remotename)%00%(upstream:remoteref) refs/heads/main refs/remotes/main [3ms]
2025-08-08 20:18:04.962 [info] > git status -z -uall [16ms]
2025-08-08 20:18:04.963 [info] > git for-each-ref --sort -committerdate --format %(refname)%00%(objectname)%00%(*objectname) [4ms]
2025-08-08 20:18:09.987 [info] > git config --get commit.template [4ms]
2025-08-08 20:18:10.004 [info] > git for-each-ref --format=%(refname)%00%(upstream:short)%00%(objectname)%00%(upstream:track)%00%(upstream:remotename)%00%(upstream:remoteref) refs/heads/main refs/remotes/main [4ms]
2025-08-08 20:18:10.033 [info] > git status -z -uall [16ms]
2025-08-08 20:18:10.033 [info] > git for-each-ref --sort -committerdate --format %(refname)%00%(objectname)%00%(*objectname) [4ms]
2025-08-08 20:18:15.174 [info] > git config --get commit.template [91ms]
2025-08-08 20:18:15.177 [info] > git for-each-ref --format=%(refname)%00%(upstream:short)%00%(objectname)%00%(upstream:track)%00%(upstream:remotename)%00%(upstream:remoteref) refs/heads/main refs/remotes/main [4ms]
2025-08-08 20:18:15.282 [info] > git status -z -uall [89ms]
2025-08-08 20:18:15.282 [info] > git for-each-ref --sort -committerdate --format %(refname)%00%(objectname)%00%(*objectname) [5ms]
2025-08-08 20:18:20.300 [info] > git config --get commit.template [2ms]
2025-08-08 20:18:20.314 [info] > git for-each-ref --format=%(refname)%00%(upstream:short)%00%(objectname)%00%(upstream:track)%00%(upstream:remotename)%00%(upstream:remoteref) refs/heads/main refs/remotes/main [4ms]
2025-08-08 20:18:20.336 [info] > git for-each-ref --sort -committerdate --format %(refname)%00%(objectname)%00%(*objectname) [3ms]
2025-08-08 20:18:20.338 [info] > git status -z -uall [14ms]
2025-08-08 20:19:20.358 [info] > git config --get commit.template [14ms]
2025-08-08 20:19:20.360 [info] > git for-each-ref --format=%(refname)%00%(upstream:short)%00%(objectname)%00%(upstream:track)%00%(upstream:remotename)%00%(upstream:remoteref) refs/heads/main refs/remotes/main [3ms]
2025-08-08 20:19:20.383 [info] > git for-each-ref --sort -committerdate --format %(refname)%00%(objectname)%00%(*objectname) [3ms]
2025-08-08 20:19:20.385 [info] > git status -z -uall [15ms]
2025-08-08 20:19:25.988 [info] > git config --get commit.template [14ms]
2025-08-08 20:19:25.989 [info] > git for-each-ref --format=%(refname)%00%(upstream:short)%00%(objectname)%00%(upstream:track)%00%(upstream:remotename)%00%(upstream:remoteref) refs/heads/main refs/remotes/main [3ms]
2025-08-08 20:19:26.018 [info] > git status -z -uall [15ms]
2025-08-08 20:19:26.019 [info] > git for-each-ref --sort -committerdate --format %(refname)%00%(objectname)%00%(*objectname) [4ms]
2025-08-08 20:19:54.719 [info] > git config --get commit.template [3ms]
2025-08-08 20:19:54.729 [info] > git for-each-ref --format=%(refname)%00%(upstream:short)%00%(objectname)%00%(upstream:track)%00%(upstream:remotename)%00%(upstream:remoteref) refs/heads/main refs/remotes/main [2ms]
2025-08-08 20:19:54.751 [info] > git for-each-ref --sort -committerdate --format %(refname)%00%(objectname)%00%(*objectname) [3ms]
2025-08-08 20:19:54.753 [info] > git status -z -uall [14ms]
2025-08-08 20:20:35.033 [info] > git config --get commit.template [5ms]
2025-08-08 20:20:35.051 [info] > git for-each-ref --format=%(refname)%00%(upstream:short)%00%(objectname)%00%(upstream:track)%00%(upstream:remotename)%00%(upstream:remoteref) refs/heads/main refs/remotes/main [3ms]
2025-08-08 20:20:35.085 [info] > git status -z -uall [19ms]
2025-08-08 20:20:35.086 [info] > git for-each-ref --sort -committerdate --format %(refname)%00%(objectname)%00%(*objectname) [6ms]
2025-08-08 20:20:42.917 [info] > git config --get commit.template [2ms]
2025-08-08 20:20:42.935 [info] > git for-each-ref --format=%(refname)%00%(upstream:short)%00%(objectname)%00%(upstream:track)%00%(upstream:remotename)%00%(upstream:remoteref) refs/heads/main refs/remotes/main [4ms]
2025-08-08 20:20:42.968 [info] > git status -z -uall [21ms]
2025-08-08 20:20:42.968 [info] > git for-each-ref --sort -committerdate --format %(refname)%00%(objectname)%00%(*objectname) [10ms]
2025-08-08 20:20:44.688 [info] > git fetch [343ms]
2025-08-08 20:20:44.717 [info] > git config --get commit.template [13ms]
2025-08-08 20:20:44.718 [info] > git for-each-ref --format=%(refname)%00%(upstream:short)%00%(objectname)%00%(upstream:track)%00%(upstream:remotename)%00%(upstream:remoteref) refs/heads/main refs/remotes/main [2ms]
2025-08-08 20:20:44.746 [info] > git status -z -uall [16ms]
2025-08-08 20:20:44.747 [info] > git for-each-ref --sort -committerdate --format %(refname)%00%(objectname)%00%(*objectname) [5ms]
2025-08-08 20:20:51.056 [info] > git config --get commit.template [2ms]
2025-08-08 20:20:51.075 [info] > git for-each-ref --format=%(refname)%00%(upstream:short)%00%(objectname)%00%(upstream:track)%00%(upstream:remotename)%00%(upstream:remoteref) refs/heads/main refs/remotes/main [5ms]
2025-08-08 20:20:51.105 [info] > git status -z -uall [15ms]
2025-08-08 20:20:51.106 [info] > git for-each-ref --sort -committerdate --format %(refname)%00%(objectname)%00%(*objectname) [3ms]
2025-08-08 20:21:42.067 [info] > git config --get commit.template [13ms]
2025-08-08 20:21:42.069 [info] > git for-each-ref --format=%(refname)%00%(upstream:short)%00%(objectname)%00%(upstream:track)%00%(upstream:remotename)%00%(upstream:remoteref) refs/heads/main refs/remotes/main [3ms]
2025-08-08 20:21:42.091 [info] > git for-each-ref --sort -committerdate --format %(refname)%00%(objectname)%00%(*objectname) [3ms]
2025-08-08 20:21:42.094 [info] > git status -z -uall [15ms]
2025-08-08 20:22:59.041 [info] > git config --get commit.template [15ms]
2025-08-08 20:22:59.043 [info] > git for-each-ref --format=%(refname)%00%(upstream:short)%00%(objectname)%00%(upstream:track)%00%(upstream:remotename)%00%(upstream:remoteref) refs/heads/main refs/remotes/main [3ms]
2025-08-08 20:22:59.070 [info] > git for-each-ref --sort -committerdate --format %(refname)%00%(objectname)%00%(*objectname) [4ms]
2025-08-08 20:22:59.071 [info] > git status -z -uall [17ms]
2025-08-08 20:23:45.111 [info] > git fetch [349ms]
2025-08-08 20:23:45.136 [info] > git config --get commit.template [12ms]
2025-08-08 20:23:45.138 [info] > git for-each-ref --format=%(refname)%00%(upstream:short)%00%(objectname)%00%(upstream:track)%00%(upstream:remotename)%00%(upstream:remoteref) refs/heads/main refs/remotes/main [3ms]
2025-08-08 20:23:45.164 [info] > git for-each-ref --sort -committerdate --format %(refname)%00%(objectname)%00%(*objectname) [3ms]
2025-08-08 20:23:45.165 [info] > git status -z -uall [15ms]
2025-08-08 20:23:46.382 [info] > git config --get commit.template [12ms]
2025-08-08 20:23:46.383 [info] > git for-each-ref --format=%(refname)%00%(upstream:short)%00%(objectname)%00%(upstream:track)%00%(upstream:remotename)%00%(upstream:remoteref) refs/heads/main refs/remotes/main [3ms]
2025-08-08 20:23:46.408 [info] > git for-each-ref --sort -committerdate --format %(refname)%00%(objectname)%00%(*objectname) [4ms]
2025-08-08 20:23:46.409 [info] > git status -z -uall [15ms]
2025-08-08 20:24:47.566 [info] > git config --get commit.template [87ms]
2025-08-08 20:24:47.574 [info] > git for-each-ref --format=%(refname)%00%(upstream:short)%00%(objectname)%00%(upstream:track)%00%(upstream:remotename)%00%(upstream:remoteref) refs/heads/main refs/remotes/main [9ms]
2025-08-08 20:24:47.682 [info] > git for-each-ref --sort -committerdate --format %(refname)%00%(objectname)%00%(*objectname) [4ms]
2025-08-08 20:24:47.769 [info] > git status -z -uall [179ms]
2025-08-08 20:24:52.800 [info] > git config --get commit.template [11ms]
2025-08-08 20:24:52.801 [info] > git for-each-ref --format=%(refname)%00%(upstream:short)%00%(objectname)%00%(upstream:track)%00%(upstream:remotename)%00%(upstream:remoteref) refs/heads/main refs/remotes/main [3ms]
2025-08-08 20:24:52.825 [info] > git for-each-ref --sort -committerdate --format %(refname)%00%(objectname)%00%(*objectname) [3ms]
2025-08-08 20:24:52.827 [info] > git status -z -uall [16ms]
2025-08-08 20:24:57.854 [info] > git config --get commit.template [12ms]
2025-08-08 20:24:57.856 [info] > git for-each-ref --format=%(refname)%00%(upstream:short)%00%(objectname)%00%(upstream:track)%00%(upstream:remotename)%00%(upstream:remoteref) refs/heads/main refs/remotes/main [3ms]
2025-08-08 20:24:57.884 [info] > git for-each-ref --sort -committerdate --format %(refname)%00%(objectname)%00%(*objectname) [4ms]
2025-08-08 20:24:57.884 [info] > git status -z -uall [15ms]
2025-08-08 20:25:04.622 [info] > git config --get commit.template [2ms]
2025-08-08 20:25:04.641 [info] > git for-each-ref --format=%(refname)%00%(upstream:short)%00%(objectname)%00%(upstream:track)%00%(upstream:remotename)%00%(upstream:remoteref) refs/heads/main refs/remotes/main [5ms]
2025-08-08 20:25:04.673 [info] > git status -z -uall [17ms]
2025-08-08 20:25:04.676 [info] > git for-each-ref --sort -committerdate --format %(refname)%00%(objectname)%00%(*objectname) [4ms]
2025-08-08 20:25:09.706 [info] > git config --get commit.template [13ms]
2025-08-08 20:25:09.708 [info] > git for-each-ref --format=%(refname)%00%(upstream:short)%00%(objectname)%00%(upstream:track)%00%(upstream:remotename)%00%(upstream:remoteref) refs/heads/main refs/remotes/main [3ms]
2025-08-08 20:25:09.734 [info] > git for-each-ref --sort -committerdate --format %(refname)%00%(objectname)%00%(*objectname) [4ms]
2025-08-08 20:25:09.735 [info] > git status -z -uall [15ms]
2025-08-08 20:25:14.763 [info] > git config --get commit.template [11ms]
2025-08-08 20:25:14.765 [info] > git for-each-ref --format=%(refname)%00%(upstream:short)%00%(objectname)%00%(upstream:track)%00%(upstream:remotename)%00%(upstream:remoteref) refs/heads/main refs/remotes/main [3ms]
2025-08-08 20:25:14.789 [info] > git for-each-ref --sort -committerdate --format %(refname)%00%(objectname)%00%(*objectname) [3ms]
2025-08-08 20:25:14.791 [info] > git status -z -uall [15ms]
2025-08-08 20:25:19.807 [info] > git config --get commit.template [2ms]
2025-08-08 20:25:19.818 [info] > git for-each-ref --format=%(refname)%00%(upstream:short)%00%(objectname)%00%(upstream:track)%00%(upstream:remotename)%00%(upstream:remoteref) refs/heads/main refs/remotes/main [2ms]
2025-08-08 20:25:19.838 [info] > git for-each-ref --sort -committerdate --format %(refname)%00%(objectname)%00%(*objectname) [3ms]
2025-08-08 20:25:19.841 [info] > git status -z -uall [14ms]
2025-08-08 20:25:24.867 [info] > git config --get commit.template [12ms]
2025-08-08 20:25:24.869 [info] > git for-each-ref --format=%(refname)%00%(upstream:short)%00%(objectname)%00%(upstream:track)%00%(upstream:remotename)%00%(upstream:remoteref) refs/heads/main refs/remotes/main [3ms]
2025-08-08 20:25:24.896 [info] > git status -z -uall [15ms]
2025-08-08 20:25:24.897 [info] > git for-each-ref --sort -committerdate --format %(refname)%00%(objectname)%00%(*objectname) [4ms]
2025-08-08 20:25:38.388 [info] > git config --get commit.template [13ms]
2025-08-08 20:25:38.391 [info] > git for-each-ref --format=%(refname)%00%(upstream:short)%00%(objectname)%00%(upstream:track)%00%(upstream:remotename)%00%(upstream:remoteref) refs/heads/main refs/remotes/main [4ms]
2025-08-08 20:25:38.419 [info] > git for-each-ref --sort -committerdate --format %(refname)%00%(objectname)%00%(*objectname) [4ms]
2025-08-08 20:25:38.420 [info] > git status -z -uall [17ms]
2025-08-08 20:25:46.030 [info] > git config --get commit.template [10ms]
2025-08-08 20:25:46.031 [info] > git for-each-ref --format=%(refname)%00%(upstream:short)%00%(objectname)%00%(upstream:track)%00%(upstream:remotename)%00%(upstream:remoteref) refs/heads/main refs/remotes/main [2ms]
2025-08-08 20:25:46.054 [info] > git for-each-ref --sort -committerdate --format %(refname)%00%(objectname)%00%(*objectname) [2ms]
2025-08-08 20:25:46.056 [info] > git status -z -uall [16ms]
2025-08-08 20:26:11.564 [info] > git config --get commit.template [12ms]
2025-08-08 20:26:11.566 [info] > git for-each-ref --format=%(refname)%00%(upstream:short)%00%(objectname)%00%(upstream:track)%00%(upstream:remotename)%00%(upstream:remoteref) refs/heads/main refs/remotes/main [4ms]
2025-08-08 20:26:11.589 [info] > git for-each-ref --sort -committerdate --format %(refname)%00%(objectname)%00%(*objectname) [3ms]
2025-08-08 20:26:11.592 [info] > git status -z -uall [15ms]
2025-08-08 20:26:16.621 [info] > git config --get commit.template [12ms]
2025-08-08 20:26:16.623 [info] > git for-each-ref --format=%(refname)%00%(upstream:short)%00%(objectname)%00%(upstream:track)%00%(upstream:remotename)%00%(upstream:remoteref) refs/heads/main refs/remotes/main [3ms]
2025-08-08 20:26:16.649 [info] > git status -z -uall [15ms]
2025-08-08 20:26:16.649 [info] > git for-each-ref --sort -committerdate --format %(refname)%00%(objectname)%00%(*objectname) [4ms]
2025-08-08 20:26:21.668 [info] > git config --get commit.template [2ms]
2025-08-08 20:26:21.684 [info] > git for-each-ref --format=%(refname)%00%(upstream:short)%00%(objectname)%00%(upstream:track)%00%(upstream:remotename)%00%(upstream:remoteref) refs/heads/main refs/remotes/main [3ms]
2025-08-08 20:26:21.713 [info] > git status -z -uall [17ms]
2025-08-08 20:26:21.714 [info] > git for-each-ref --sort -committerdate --format %(refname)%00%(objectname)%00%(*objectname) [5ms]
2025-08-08 20:26:36.064 [info] > git config --get commit.template [3ms]
2025-08-08 20:26:36.079 [info] > git for-each-ref --format=%(refname)%00%(upstream:short)%00%(objectname)%00%(upstream:track)%00%(upstream:remotename)%00%(upstream:remoteref) refs/heads/main refs/remotes/main [3ms]
2025-08-08 20:26:36.100 [info] > git for-each-ref --sort -committerdate --format %(refname)%00%(objectname)%00%(*objectname) [3ms]
2025-08-08 20:26:36.103 [info] > git status -z -uall [14ms]
2025-08-08 20:26:49.927 [info] > git for-each-ref --format=%(refname)%00%(upstream:short)%00%(objectname)%00%(upstream:track)%00%(upstream:remotename)%00%(upstream:remoteref) refs/heads/main refs/remotes/main [4ms]
2025-08-08 20:26:49.927 [info] > git config --get commit.template [20ms]
2025-08-08 20:26:49.963 [info] > git for-each-ref --sort -committerdate --format %(refname)%00%(objectname)%00%(*objectname) [5ms]
2025-08-08 20:26:49.965 [info] > git status -z -uall [20ms]
2025-08-08 20:26:50.252 [info] > git fetch [361ms]
2025-08-08 20:26:50.280 [info] > git config --get commit.template [14ms]
2025-08-08 20:26:50.281 [info] > git for-each-ref --format=%(refname)%00%(upstream:short)%00%(objectname)%00%(upstream:track)%00%(upstream:remotename)%00%(upstream:remoteref) refs/heads/main refs/remotes/main [3ms]
2025-08-08 20:26:50.307 [info] > git for-each-ref --sort -committerdate --format %(refname)%00%(objectname)%00%(*objectname) [4ms]
2025-08-08 20:26:50.309 [info] > git status -z -uall [16ms]
2025-08-08 20:26:54.996 [info] > git config --get commit.template [13ms]
2025-08-08 20:26:54.998 [info] > git for-each-ref --format=%(refname)%00%(upstream:short)%00%(objectname)%00%(upstream:track)%00%(upstream:remotename)%00%(upstream:remoteref) refs/heads/main refs/remotes/main [3ms]
2025-08-08 20:26:55.023 [info] > git for-each-ref --sort -committerdate --format %(refname)%00%(objectname)%00%(*objectname) [3ms]
2025-08-08 20:26:55.024 [info] > git status -z -uall [15ms]
2025-08-08 20:27:09.692 [info] > git config --get commit.template [12ms]
2025-08-08 20:27:09.693 [info] > git for-each-ref --format=%(refname)%00%(upstream:short)%00%(objectname)%00%(upstream:track)%00%(upstream:remotename)%00%(upstream:remoteref) refs/heads/main refs/remotes/main [3ms]
2025-08-08 20:27:09.723 [info] > git status -z -uall [17ms]
2025-08-08 20:27:09.723 [info] > git for-each-ref --sort -committerdate --format %(refname)%00%(objectname)%00%(*objectname) [5ms]
2025-08-08 20:27:17.151 [info] > git config --get commit.template [22ms]
2025-08-08 20:27:17.155 [info] > git for-each-ref --format=%(refname)%00%(upstream:short)%00%(objectname)%00%(upstream:track)%00%(upstream:remotename)%00%(upstream:remoteref) refs/heads/main refs/remotes/main [7ms]
2025-08-08 20:27:17.186 [info] > git status -z -uall [16ms]
2025-08-08 20:27:17.189 [info] > git for-each-ref --sort -committerdate --format %(refname)%00%(objectname)%00%(*objectname) [4ms]
2025-08-08 20:27:22.601 [info] > git config --get commit.template [11ms]
2025-08-08 20:27:22.602 [info] > git for-each-ref --format=%(refname)%00%(upstream:short)%00%(objectname)%00%(upstream:track)%00%(upstream:remotename)%00%(upstream:remoteref) refs/heads/main refs/remotes/main [3ms]
2025-08-08 20:27:22.624 [info] > git for-each-ref --sort -committerdate --format %(refname)%00%(objectname)%00%(*objectname) [3ms]
2025-08-08 20:27:22.628 [info] > git status -z -uall [15ms]
2025-08-08 20:28:04.372 [info] > git config --get commit.template [12ms]
2025-08-08 20:28:04.374 [info] > git for-each-ref --format=%(refname)%00%(upstream:short)%00%(objectname)%00%(upstream:track)%00%(upstream:remotename)%00%(upstream:remoteref) refs/heads/main refs/remotes/main [3ms]
2025-08-08 20:28:04.399 [info] > git for-each-ref --sort -committerdate --format %(refname)%00%(objectname)%00%(*objectname) [4ms]
2025-08-08 20:28:04.400 [info] > git status -z -uall [16ms]
2025-08-08 20:28:15.094 [info] > git config --get commit.template [4ms]
2025-08-08 20:28:15.108 [info] > git for-each-ref --format=%(refname)%00%(upstream:short)%00%(objectname)%00%(upstream:track)%00%(upstream:remotename)%00%(upstream:remoteref) refs/heads/main refs/remotes/main [3ms]
2025-08-08 20:28:15.135 [info] > git for-each-ref --sort -committerdate --format %(refname)%00%(objectname)%00%(*objectname) [3ms]
2025-08-08 20:28:15.138 [info] > git status -z -uall [18ms]
2025-08-08 20:28:24.465 [info] > git config --get commit.template [9ms]
2025-08-08 20:28:24.466 [info] > git for-each-ref --format=%(refname)%00%(upstream:short)%00%(objectname)%00%(upstream:track)%00%(upstream:remotename)%00%(upstream:remoteref) refs/heads/main refs/remotes/main [2ms]
2025-08-08 20:28:24.484 [info] > git for-each-ref --sort -committerdate --format %(refname)%00%(objectname)%00%(*objectname) [2ms]
2025-08-08 20:28:24.488 [info] > git status -z -uall [14ms]
2025-08-08 20:28:40.676 [info] > git config --get commit.template [9ms]
2025-08-08 20:28:40.678 [info] > git for-each-ref --format=%(refname)%00%(upstream:short)%00%(objectname)%00%(upstream:track)%00%(upstream:remotename)%00%(upstream:remoteref) refs/heads/main refs/remotes/main [2ms]
2025-08-08 20:28:40.698 [info] > git for-each-ref --sort -committerdate --format %(refname)%00%(objectname)%00%(*objectname) [3ms]
2025-08-08 20:28:40.699 [info] > git status -z -uall [14ms]
2025-08-08 20:29:05.712 [info] > git config --get commit.template [11ms]
2025-08-08 20:29:05.714 [info] > git for-each-ref --format=%(refname)%00%(upstream:short)%00%(objectname)%00%(upstream:track)%00%(upstream:remotename)%00%(upstream:remoteref) refs/heads/main refs/remotes/main [2ms]
2025-08-08 20:29:05.739 [info] > git for-each-ref --sort -committerdate --format %(refname)%00%(objectname)%00%(*objectname) [3ms]
2025-08-08 20:29:05.740 [info] > git status -z -uall [15ms]
2025-08-08 20:29:25.630 [info] > git config --get commit.template [10ms]
2025-08-08 20:29:25.632 [info] > git for-each-ref --format=%(refname)%00%(upstream:short)%00%(objectname)%00%(upstream:track)%00%(upstream:remotename)%00%(upstream:remoteref) refs/heads/main refs/remotes/main [3ms]
2025-08-08 20:29:25.657 [info] > git for-each-ref --sort -committerdate --format %(refname)%00%(objectname)%00%(*objectname) [2ms]
2025-08-08 20:29:25.658 [info] > git status -z -uall [14ms]
2025-08-08 20:29:49.615 [info] > git config --get commit.template [11ms]
2025-08-08 20:29:49.616 [info] > git for-each-ref --format=%(refname)%00%(upstream:short)%00%(objectname)%00%(upstream:track)%00%(upstream:remotename)%00%(upstream:remoteref) refs/heads/main refs/remotes/main [2ms]
2025-08-08 20:29:49.639 [info] > git for-each-ref --sort -committerdate --format %(refname)%00%(objectname)%00%(*objectname) [4ms]
2025-08-08 20:29:49.641 [info] > git status -z -uall [15ms]
2025-08-08 20:29:50.656 [info] > git fetch [333ms]
2025-08-08 20:29:50.675 [info] > git config --get commit.template [9ms]
2025-08-08 20:29:50.677 [info] > git for-each-ref --format=%(refname)%00%(upstream:short)%00%(objectname)%00%(upstream:track)%00%(upstream:remotename)%00%(upstream:remoteref) refs/heads/main refs/remotes/main [2ms]
2025-08-08 20:29:50.696 [info] > git for-each-ref --sort -committerdate --format %(refname)%00%(objectname)%00%(*objectname) [3ms]
2025-08-08 20:29:50.700 [info] > git status -z -uall [15ms]
2025-08-08 20:29:54.666 [info] > git config --get commit.template [10ms]
2025-08-08 20:29:54.667 [info] > git for-each-ref --format=%(refname)%00%(upstream:short)%00%(objectname)%00%(upstream:track)%00%(upstream:remotename)%00%(upstream:remoteref) refs/heads/main refs/remotes/main [3ms]
2025-08-08 20:29:54.685 [info] > git for-each-ref --sort -committerdate --format %(refname)%00%(objectname)%00%(*objectname) [2ms]
2025-08-08 20:29:54.689 [info] > git status -z -uall [14ms]
2025-08-08 20:30:05.830 [info] > git config --get commit.template [2ms]
2025-08-08 20:30:05.845 [info] > git for-each-ref --format=%(refname)%00%(upstream:short)%00%(objectname)%00%(upstream:track)%00%(upstream:remotename)%00%(upstream:remoteref) refs/heads/main refs/remotes/main [3ms]
2025-08-08 20:30:05.872 [info] > git status -z -uall [15ms]
2025-08-08 20:30:05.874 [info] > git for-each-ref --sort -committerdate --format %(refname)%00%(objectname)%00%(*objectname) [3ms]
2025-08-08 20:31:01.769 [info] > git check-ignore -v -z --stdin [3ms]
2025-08-08 20:31:02.406 [info] > git show --textconv :src/components/sections/landing/HeroSection.astro [12ms]
2025-08-08 20:31:02.407 [info] > git ls-files --stage -- src/components/sections/landing/HeroSection.astro [2ms]
2025-08-08 20:31:02.420 [info] > git cat-file -s 651d4ec772e9f1908a9a04cbe4abb909827b9701 [2ms]
2025-08-08 20:31:02.990 [info] > git blame --root --incremental 0d7a3a898007be1d8200d8db99d59472a2da8d06 -- src/components/sections/landing/HeroSection.astro [4ms]
2025-08-08 20:31:30.429 [info] > git config --get commit.template [17ms]
2025-08-08 20:31:30.430 [info] > git for-each-ref --format=%(refname)%00%(upstream:short)%00%(objectname)%00%(upstream:track)%00%(upstream:remotename)%00%(upstream:remoteref) refs/heads/main refs/remotes/main [4ms]
2025-08-08 20:31:30.454 [info] > git for-each-ref --sort -committerdate --format %(refname)%00%(objectname)%00%(*objectname) [3ms]
2025-08-08 20:31:30.456 [info] > git status -z -uall [15ms]
2025-08-08 20:31:47.175 [info] > git config --get commit.template [88ms]
2025-08-08 20:31:47.176 [info] > git for-each-ref --format=%(refname)%00%(upstream:short)%00%(objectname)%00%(upstream:track)%00%(upstream:remotename)%00%(upstream:remoteref) refs/heads/main refs/remotes/main [5ms]
2025-08-08 20:31:47.366 [info] > git status -z -uall [93ms]
2025-08-08 20:31:47.367 [info] > git for-each-ref --sort -committerdate --format %(refname)%00%(objectname)%00%(*objectname) [80ms]
2025-08-08 20:32:36.409 [info] > git config --get commit.template [3ms]
2025-08-08 20:32:36.428 [info] > git for-each-ref --format=%(refname)%00%(upstream:short)%00%(objectname)%00%(upstream:track)%00%(upstream:remotename)%00%(upstream:remoteref) refs/heads/main refs/remotes/main [4ms]
2025-08-08 20:32:36.464 [info] > git status -z -uall [24ms]
2025-08-08 20:32:36.465 [info] > git for-each-ref --sort -committerdate --format %(refname)%00%(objectname)%00%(*objectname) [14ms]
2025-08-08 20:32:51.062 [info] > git fetch [347ms]
2025-08-08 20:32:51.090 [info] > git config --get commit.template [14ms]
2025-08-08 20:32:51.093 [info] > git for-each-ref --format=%(refname)%00%(upstream:short)%00%(objectname)%00%(upstream:track)%00%(upstream:remotename)%00%(upstream:remoteref) refs/heads/main refs/remotes/main [4ms]
2025-08-08 20:32:51.121 [info] > git for-each-ref --sort -committerdate --format %(refname)%00%(objectname)%00%(*objectname) [3ms]
2025-08-08 20:32:51.122 [info] > git status -z -uall [17ms]
2025-08-08 20:32:52.307 [info] > git config --get commit.template [14ms]
2025-08-08 20:32:52.308 [info] > git for-each-ref --format=%(refname)%00%(upstream:short)%00%(objectname)%00%(upstream:track)%00%(upstream:remotename)%00%(upstream:remoteref) refs/heads/main refs/remotes/main [3ms]
2025-08-08 20:32:52.336 [info] > git status -z -uall [16ms]
2025-08-08 20:32:52.338 [info] > git for-each-ref --sort -committerdate --format %(refname)%00%(objectname)%00%(*objectname) [4ms]
2025-08-08 20:34:03.926 [info] > git config --get commit.template [15ms]
2025-08-08 20:34:03.927 [info] > git for-each-ref --format=%(refname)%00%(upstream:short)%00%(objectname)%00%(upstream:track)%00%(upstream:remotename)%00%(upstream:remoteref) refs/heads/main refs/remotes/main [2ms]
2025-08-08 20:34:03.948 [info] > git for-each-ref --sort -committerdate --format %(refname)%00%(objectname)%00%(*objectname) [3ms]
2025-08-08 20:34:03.952 [info] > git status -z -uall [15ms]
2025-08-08 20:40:26.743 [info] > git fetch [354ms]
2025-08-08 20:40:26.757 [info] > git config --get commit.template [2ms]
2025-08-08 20:40:26.769 [info] > git for-each-ref --format=%(refname)%00%(upstream:short)%00%(objectname)%00%(upstream:track)%00%(upstream:remotename)%00%(upstream:remoteref) refs/heads/main refs/remotes/main [3ms]
2025-08-08 20:40:26.803 [info] > git for-each-ref --sort -committerdate --format %(refname)%00%(objectname)%00%(*objectname) [7ms]
2025-08-08 20:40:26.806 [info] > git status -z -uall [22ms]
2025-08-08 20:40:28.374 [info] > git config --get commit.template [4ms]
2025-08-08 20:40:28.402 [info] > git for-each-ref --format=%(refname)%00%(upstream:short)%00%(objectname)%00%(upstream:track)%00%(upstream:remotename)%00%(upstream:remoteref) refs/heads/main refs/remotes/main [4ms]
2025-08-08 20:40:28.437 [info] > git status -z -uall [21ms]
2025-08-08 20:40:28.440 [info] > git for-each-ref --sort -committerdate --format %(refname)%00%(objectname)%00%(*objectname) [4ms]
2025-08-08 20:40:54.128 [info] > git config --get commit.template [16ms]
2025-08-08 20:40:54.129 [info] > git for-each-ref --format=%(refname)%00%(upstream:short)%00%(objectname)%00%(upstream:track)%00%(upstream:remotename)%00%(upstream:remoteref) refs/heads/main refs/remotes/main [3ms]
2025-08-08 20:40:54.156 [info] > git status -z -uall [14ms]
2025-08-08 20:40:54.158 [info] > git for-each-ref --sort -committerdate --format %(refname)%00%(objectname)%00%(*objectname) [3ms]
2025-08-08 20:40:59.191 [info] > git config --get commit.template [15ms]
2025-08-08 20:40:59.193 [info] > git for-each-ref --format=%(refname)%00%(upstream:short)%00%(objectname)%00%(upstream:track)%00%(upstream:remotename)%00%(upstream:remoteref) refs/heads/main refs/remotes/main [3ms]
2025-08-08 20:40:59.219 [info] > git for-each-ref --sort -committerdate --format %(refname)%00%(objectname)%00%(*objectname) [3ms]
2025-08-08 20:40:59.221 [info] > git status -z -uall [15ms]
2025-08-08 20:41:12.123 [info] > git config --get commit.template [3ms]
2025-08-08 20:41:12.136 [info] > git for-each-ref --format=%(refname)%00%(upstream:short)%00%(objectname)%00%(upstream:track)%00%(upstream:remotename)%00%(upstream:remoteref) refs/heads/main refs/remotes/main [2ms]
2025-08-08 20:41:12.160 [info] > git for-each-ref --sort -committerdate --format %(refname)%00%(objectname)%00%(*objectname) [2ms]
2025-08-08 20:41:12.162 [info] > git status -z -uall [15ms]
2025-08-08 20:41:20.413 [info] > git config --get commit.template [14ms]
2025-08-08 20:41:20.415 [info] > git for-each-ref --format=%(refname)%00%(upstream:short)%00%(objectname)%00%(upstream:track)%00%(upstream:remotename)%00%(upstream:remoteref) refs/heads/main refs/remotes/main [3ms]
2025-08-08 20:41:20.440 [info] > git for-each-ref --sort -committerdate --format %(refname)%00%(objectname)%00%(*objectname) [3ms]
2025-08-08 20:41:20.442 [info] > git status -z -uall [17ms]
2025-08-08 20:41:27.603 [info] > git config --get commit.template [17ms]
2025-08-08 20:41:27.604 [info] > git for-each-ref --format=%(refname)%00%(upstream:short)%00%(objectname)%00%(upstream:track)%00%(upstream:remotename)%00%(upstream:remoteref) refs/heads/main refs/remotes/main [3ms]
2025-08-08 20:41:27.628 [info] > git for-each-ref --sort -committerdate --format %(refname)%00%(objectname)%00%(*objectname) [3ms]
2025-08-08 20:41:27.631 [info] > git status -z -uall [14ms]
2025-08-08 20:41:33.195 [info] > git config --get commit.template [13ms]
2025-08-08 20:41:33.197 [info] > git for-each-ref --format=%(refname)%00%(upstream:short)%00%(objectname)%00%(upstream:track)%00%(upstream:remotename)%00%(upstream:remoteref) refs/heads/main refs/remotes/main [4ms]
2025-08-08 20:41:33.228 [info] > git status -z -uall [17ms]
2025-08-08 20:41:33.231 [info] > git for-each-ref --sort -committerdate --format %(refname)%00%(objectname)%00%(*objectname) [4ms]
2025-08-08 20:41:38.257 [info] > git for-each-ref --format=%(refname)%00%(upstream:short)%00%(objectname)%00%(upstream:track)%00%(upstream:remotename)%00%(upstream:remoteref) refs/heads/main refs/remotes/main [4ms]
2025-08-08 20:41:38.257 [info] > git config --get commit.template [12ms]
2025-08-08 20:41:38.287 [info] > git status -z -uall [17ms]
2025-08-08 20:41:38.289 [info] > git for-each-ref --sort -committerdate --format %(refname)%00%(objectname)%00%(*objectname) [5ms]
2025-08-08 20:41:43.318 [info] > git config --get commit.template [13ms]
2025-08-08 20:41:43.320 [info] > git for-each-ref --format=%(refname)%00%(upstream:short)%00%(objectname)%00%(upstream:track)%00%(upstream:remotename)%00%(upstream:remoteref) refs/heads/main refs/remotes/main [3ms]
2025-08-08 20:41:43.345 [info] > git for-each-ref --sort -committerdate --format %(refname)%00%(objectname)%00%(*objectname) [4ms]
2025-08-08 20:41:43.347 [info] > git status -z -uall [15ms]
2025-08-08 20:41:48.377 [info] > git config --get commit.template [15ms]
2025-08-08 20:41:48.380 [info] > git for-each-ref --format=%(refname)%00%(upstream:short)%00%(objectname)%00%(upstream:track)%00%(upstream:remotename)%00%(upstream:remoteref) refs/heads/main refs/remotes/main [5ms]
2025-08-08 20:41:48.421 [info] > git status -z -uall [22ms]
2025-08-08 20:41:48.424 [info] > git for-each-ref --sort -committerdate --format %(refname)%00%(objectname)%00%(*objectname) [6ms]
2025-08-08 20:41:53.452 [info] > git config --get commit.template [12ms]
2025-08-08 20:41:53.454 [info] > git for-each-ref --format=%(refname)%00%(upstream:short)%00%(objectname)%00%(upstream:track)%00%(upstream:remotename)%00%(upstream:remoteref) refs/heads/main refs/remotes/main [2ms]
2025-08-08 20:41:53.479 [info] > git for-each-ref --sort -committerdate --format %(refname)%00%(objectname)%00%(*objectname) [3ms]
2025-08-08 20:41:53.481 [info] > git status -z -uall [15ms]
