2025-08-09 15:52:44.631 [info] [main] Log level: Info
2025-08-09 15:52:44.631 [info] [main] Validating found git in: "git"
2025-08-09 15:52:44.631 [info] [main] Using git "2.49.0" from "git"
2025-08-09 15:52:44.631 [info] [Model][doInitialScan] Initial repository scan started
2025-08-09 15:52:44.631 [info] > git rev-parse --show-toplevel [24ms]
2025-08-09 15:52:44.631 [info] > git rev-parse --git-dir --git-common-dir [4ms]
2025-08-09 15:52:44.631 [info] [Model][openRepository] Opened repository (path): /workspace/Website-starter
2025-08-09 15:52:44.631 [info] [Model][openRepository] Opened repository (real path): /workspace/Website-starter
2025-08-09 15:52:44.631 [info] > git config --get commit.template [8ms]
2025-08-09 15:52:44.631 [info] > git rev-parse --show-toplevel [2ms]
2025-08-09 15:52:44.631 [info] > git for-each-ref --format=%(refname)%00%(upstream:short)%00%(objectname)%00%(upstream:track)%00%(upstream:remotename)%00%(upstream:remoteref) refs/heads/main refs/remotes/main [7ms]
2025-08-09 15:52:44.631 [info] > git rev-parse --show-toplevel [19ms]
2025-08-09 15:52:44.631 [info] > git status -z -uall [19ms]
2025-08-09 15:52:44.631 [info] > git for-each-ref --sort -committerdate --format %(refname)%00%(objectname)%00%(*objectname) [12ms]
2025-08-09 15:52:44.631 [info] > git for-each-ref --format=%(refname)%00%(upstream:short)%00%(objectname)%00%(upstream:track)%00%(upstream:remotename)%00%(upstream:remoteref) refs/heads/main refs/remotes/main [43ms]
2025-08-09 15:52:44.631 [info] > git rev-parse --show-toplevel [82ms]
2025-08-09 15:52:44.631 [info] > git config --get --local branch.main.vscode-merge-base [16ms]
2025-08-09 15:52:44.631 [info] > git config --get commit.template [37ms]
2025-08-09 15:52:44.631 [info] > git rev-parse --show-toplevel [73ms]
2025-08-09 15:52:44.631 [info] > git for-each-ref --format=%(refname)%00%(upstream:short)%00%(objectname)%00%(upstream:track)%00%(upstream:remotename)%00%(upstream:remoteref) refs/heads/origin/main refs/remotes/origin/main [65ms]
2025-08-09 15:52:44.631 [info] > git for-each-ref --format=%(refname)%00%(upstream:short)%00%(objectname)%00%(upstream:track)%00%(upstream:remotename)%00%(upstream:remoteref) refs/heads/main refs/remotes/main [16ms]
2025-08-09 15:52:44.631 [info] > git merge-base refs/heads/main refs/remotes/origin/main [10ms]
2025-08-09 15:52:44.631 [info] > git rev-parse --show-toplevel [13ms]
2025-08-09 15:52:44.631 [info] > git diff --name-status -z --diff-filter=ADMR 0d7a3a898007be1d8200d8db99d59472a2da8d06...refs/remotes/origin/main [5ms]
2025-08-09 15:52:44.631 [info] > git rev-parse --show-toplevel [12ms]
2025-08-09 15:52:44.631 [info] > git for-each-ref --sort -committerdate --format %(refname)%00%(objectname)%00%(*objectname) [7ms]
2025-08-09 15:52:44.631 [info] > git status -z -uall [17ms]
2025-08-09 15:52:44.631 [info] > git rev-parse --show-toplevel [11ms]
2025-08-09 15:52:44.631 [info] [Model][doInitialScan] Initial repository scan completed - repositories (1), closed repositories (0), parent repositories (0), unsafe repositories (0)
2025-08-09 15:52:44.631 [info] > git fetch [345ms]
2025-08-09 15:52:44.631 [info] > git config --get commit.template [5ms]
2025-08-09 15:52:44.631 [info] > git for-each-ref --format=%(refname)%00%(upstream:short)%00%(objectname)%00%(upstream:track)%00%(upstream:remotename)%00%(upstream:remoteref) refs/heads/main refs/remotes/main [2ms]
2025-08-09 15:52:44.631 [info] > git for-each-ref --sort -committerdate --format %(refname)%00%(objectname)%00%(*objectname) [2ms]
2025-08-09 15:52:44.631 [info] > git status -z -uall [14ms]
2025-08-09 15:52:45.376 [info] > git check-ignore -v -z --stdin [3ms]
2025-08-09 15:52:46.537 [info] > git check-ignore -v -z --stdin [2ms]
2025-08-09 15:52:48.981 [info] > git check-ignore -v -z --stdin [2ms]
2025-08-09 15:52:56.982 [info] > git config --get --local branch.main.github-pr-owner-number [4ms]
2025-08-09 15:52:56.982 [warning] [Git][config] git config failed: Failed to execute git
2025-08-09 15:53:50.797 [info] > git config --get commit.template [9ms]
2025-08-09 15:53:50.798 [info] > git for-each-ref --format=%(refname)%00%(upstream:short)%00%(objectname)%00%(upstream:track)%00%(upstream:remotename)%00%(upstream:remoteref) refs/heads/main refs/remotes/main [2ms]
2025-08-09 15:53:50.824 [info] > git status -z -uall [15ms]
2025-08-09 15:53:50.824 [info] > git for-each-ref --sort -committerdate --format %(refname)%00%(objectname)%00%(*objectname) [3ms]
2025-08-09 15:54:12.777 [info] > git config --get commit.template [16ms]
2025-08-09 15:54:12.778 [info] > git for-each-ref --format=%(refname)%00%(upstream:short)%00%(objectname)%00%(upstream:track)%00%(upstream:remotename)%00%(upstream:remoteref) refs/heads/main refs/remotes/main [3ms]
2025-08-09 15:54:12.802 [info] > git for-each-ref --sort -committerdate --format %(refname)%00%(objectname)%00%(*objectname) [3ms]
2025-08-09 15:54:12.804 [info] > git status -z -uall [14ms]
2025-08-09 15:54:18.378 [info] > git config --get commit.template [9ms]
2025-08-09 15:54:18.379 [info] > git for-each-ref --format=%(refname)%00%(upstream:short)%00%(objectname)%00%(upstream:track)%00%(upstream:remotename)%00%(upstream:remoteref) refs/heads/main refs/remotes/main [2ms]
2025-08-09 15:54:18.399 [info] > git for-each-ref --sort -committerdate --format %(refname)%00%(objectname)%00%(*objectname) [3ms]
2025-08-09 15:54:18.402 [info] > git status -z -uall [14ms]
2025-08-09 15:54:53.446 [info] > git config --get commit.template [12ms]
2025-08-09 15:54:53.449 [info] > git for-each-ref --format=%(refname)%00%(upstream:short)%00%(objectname)%00%(upstream:track)%00%(upstream:remotename)%00%(upstream:remoteref) refs/heads/main refs/remotes/main [3ms]
2025-08-09 15:54:53.476 [info] > git status -z -uall [15ms]
2025-08-09 15:54:53.478 [info] > git for-each-ref --sort -committerdate --format %(refname)%00%(objectname)%00%(*objectname) [5ms]
2025-08-09 15:55:25.651 [info] > git config --get commit.template [9ms]
2025-08-09 15:55:25.653 [info] > git for-each-ref --format=%(refname)%00%(upstream:short)%00%(objectname)%00%(upstream:track)%00%(upstream:remotename)%00%(upstream:remoteref) refs/heads/main refs/remotes/main [2ms]
2025-08-09 15:55:25.678 [info] > git for-each-ref --sort -committerdate --format %(refname)%00%(objectname)%00%(*objectname) [3ms]
2025-08-09 15:55:25.680 [info] > git status -z -uall [15ms]
2025-08-09 15:56:04.211 [info] > git fetch [323ms]
2025-08-09 15:56:04.228 [info] > git config --get commit.template [4ms]
2025-08-09 15:56:04.240 [info] > git for-each-ref --format=%(refname)%00%(upstream:short)%00%(objectname)%00%(upstream:track)%00%(upstream:remotename)%00%(upstream:remoteref) refs/heads/main refs/remotes/main [2ms]
2025-08-09 15:56:04.266 [info] > git for-each-ref --sort -committerdate --format %(refname)%00%(objectname)%00%(*objectname) [3ms]
2025-08-09 15:56:04.267 [info] > git status -z -uall [14ms]
2025-08-09 15:56:05.540 [info] > git config --get commit.template [11ms]
2025-08-09 15:56:05.541 [info] > git for-each-ref --format=%(refname)%00%(upstream:short)%00%(objectname)%00%(upstream:track)%00%(upstream:remotename)%00%(upstream:remoteref) refs/heads/main refs/remotes/main [2ms]
2025-08-09 15:56:05.561 [info] > git for-each-ref --sort -committerdate --format %(refname)%00%(objectname)%00%(*objectname) [3ms]
2025-08-09 15:56:05.564 [info] > git status -z -uall [15ms]
2025-08-09 15:56:12.304 [info] > git check-ignore -v -z --stdin [2ms]
2025-08-09 15:56:13.858 [info] > git check-ignore -v -z --stdin [3ms]
2025-08-09 15:56:15.498 [info] > git show --textconv :src/components/sections/landing/HeroSection.astro [13ms]
2025-08-09 15:56:15.499 [info] > git ls-files --stage -- src/components/sections/landing/HeroSection.astro [2ms]
2025-08-09 15:56:15.512 [info] > git cat-file -s 651d4ec772e9f1908a9a04cbe4abb909827b9701 [3ms]
2025-08-09 15:56:16.570 [info] > git blame --root --incremental 0d7a3a898007be1d8200d8db99d59472a2da8d06 -- src/components/sections/landing/HeroSection.astro [4ms]
2025-08-09 15:56:36.380 [info] > git config --get commit.template [2ms]
2025-08-09 15:56:36.396 [info] > git for-each-ref --format=%(refname)%00%(upstream:short)%00%(objectname)%00%(upstream:track)%00%(upstream:remotename)%00%(upstream:remoteref) refs/heads/main refs/remotes/main [3ms]
2025-08-09 15:56:36.419 [info] > git for-each-ref --sort -committerdate --format %(refname)%00%(objectname)%00%(*objectname) [3ms]
2025-08-09 15:56:36.421 [info] > git status -z -uall [14ms]
2025-08-09 15:56:46.607 [info] > git config --get commit.template [5ms]
2025-08-09 15:56:46.622 [info] > git for-each-ref --format=%(refname)%00%(upstream:short)%00%(objectname)%00%(upstream:track)%00%(upstream:remotename)%00%(upstream:remoteref) refs/heads/main refs/remotes/main [3ms]
2025-08-09 15:56:46.650 [info] > git status -z -uall [15ms]
2025-08-09 15:56:46.652 [info] > git for-each-ref --sort -committerdate --format %(refname)%00%(objectname)%00%(*objectname) [3ms]
2025-08-09 15:56:51.685 [info] > git config --get commit.template [15ms]
2025-08-09 15:56:51.686 [info] > git for-each-ref --format=%(refname)%00%(upstream:short)%00%(objectname)%00%(upstream:track)%00%(upstream:remotename)%00%(upstream:remoteref) refs/heads/main refs/remotes/main [2ms]
2025-08-09 15:56:51.715 [info] > git status -z -uall [14ms]
2025-08-09 15:56:51.716 [info] > git for-each-ref --sort -committerdate --format %(refname)%00%(objectname)%00%(*objectname) [4ms]
2025-08-09 15:56:56.747 [info] > git config --get commit.template [13ms]
2025-08-09 15:56:56.749 [info] > git for-each-ref --format=%(refname)%00%(upstream:short)%00%(objectname)%00%(upstream:track)%00%(upstream:remotename)%00%(upstream:remoteref) refs/heads/main refs/remotes/main [3ms]
2025-08-09 15:56:56.770 [info] > git for-each-ref --sort -committerdate --format %(refname)%00%(objectname)%00%(*objectname) [3ms]
2025-08-09 15:56:56.773 [info] > git status -z -uall [14ms]
2025-08-09 15:57:01.801 [info] > git config --get commit.template [13ms]
2025-08-09 15:57:01.802 [info] > git for-each-ref --format=%(refname)%00%(upstream:short)%00%(objectname)%00%(upstream:track)%00%(upstream:remotename)%00%(upstream:remoteref) refs/heads/main refs/remotes/main [3ms]
2025-08-09 15:57:01.826 [info] > git for-each-ref --sort -committerdate --format %(refname)%00%(objectname)%00%(*objectname) [3ms]
2025-08-09 15:57:01.829 [info] > git status -z -uall [15ms]
2025-08-09 15:57:06.853 [info] > git config --get commit.template [9ms]
2025-08-09 15:57:06.855 [info] > git for-each-ref --format=%(refname)%00%(upstream:short)%00%(objectname)%00%(upstream:track)%00%(upstream:remotename)%00%(upstream:remoteref) refs/heads/main refs/remotes/main [3ms]
2025-08-09 15:57:06.875 [info] > git for-each-ref --sort -committerdate --format %(refname)%00%(objectname)%00%(*objectname) [4ms]
2025-08-09 15:57:06.878 [info] > git status -z -uall [15ms]
2025-08-09 15:57:11.915 [info] > git config --get commit.template [17ms]
2025-08-09 15:57:11.916 [info] > git for-each-ref --format=%(refname)%00%(upstream:short)%00%(objectname)%00%(upstream:track)%00%(upstream:remotename)%00%(upstream:remoteref) refs/heads/main refs/remotes/main [4ms]
2025-08-09 15:57:11.941 [info] > git for-each-ref --sort -committerdate --format %(refname)%00%(objectname)%00%(*objectname) [2ms]
2025-08-09 15:57:11.943 [info] > git status -z -uall [14ms]
2025-08-09 15:57:31.344 [info] > git config --get commit.template [14ms]
2025-08-09 15:57:31.344 [info] > git for-each-ref --format=%(refname)%00%(upstream:short)%00%(objectname)%00%(upstream:track)%00%(upstream:remotename)%00%(upstream:remoteref) refs/heads/main refs/remotes/main [2ms]
2025-08-09 15:57:31.371 [info] > git status -z -uall [15ms]
2025-08-09 15:57:31.372 [info] > git for-each-ref --sort -committerdate --format %(refname)%00%(objectname)%00%(*objectname) [3ms]
2025-08-09 15:57:36.397 [info] > git config --get commit.template [10ms]
2025-08-09 15:57:36.399 [info] > git for-each-ref --format=%(refname)%00%(upstream:short)%00%(objectname)%00%(upstream:track)%00%(upstream:remotename)%00%(upstream:remoteref) refs/heads/main refs/remotes/main [3ms]
2025-08-09 15:57:36.419 [info] > git for-each-ref --sort -committerdate --format %(refname)%00%(objectname)%00%(*objectname) [3ms]
2025-08-09 15:57:36.422 [info] > git status -z -uall [14ms]
2025-08-09 15:57:41.449 [info] > git config --get commit.template [9ms]
2025-08-09 15:57:41.450 [info] > git for-each-ref --format=%(refname)%00%(upstream:short)%00%(objectname)%00%(upstream:track)%00%(upstream:remotename)%00%(upstream:remoteref) refs/heads/main refs/remotes/main [2ms]
2025-08-09 15:57:41.479 [info] > git for-each-ref --sort -committerdate --format %(refname)%00%(objectname)%00%(*objectname) [2ms]
2025-08-09 15:57:41.480 [info] > git status -z -uall [17ms]
2025-08-09 15:57:46.507 [info] > git config --get commit.template [11ms]
2025-08-09 15:57:46.508 [info] > git for-each-ref --format=%(refname)%00%(upstream:short)%00%(objectname)%00%(upstream:track)%00%(upstream:remotename)%00%(upstream:remoteref) refs/heads/main refs/remotes/main [2ms]
2025-08-09 15:57:46.528 [info] > git for-each-ref --sort -committerdate --format %(refname)%00%(objectname)%00%(*objectname) [3ms]
2025-08-09 15:57:46.531 [info] > git status -z -uall [14ms]
2025-08-09 15:57:53.802 [info] > git config --get commit.template [10ms]
2025-08-09 15:57:53.804 [info] > git for-each-ref --format=%(refname)%00%(upstream:short)%00%(objectname)%00%(upstream:track)%00%(upstream:remotename)%00%(upstream:remoteref) refs/heads/main refs/remotes/main [2ms]
2025-08-09 15:57:53.827 [info] > git status -z -uall [14ms]
2025-08-09 15:57:53.828 [info] > git for-each-ref --sort -committerdate --format %(refname)%00%(objectname)%00%(*objectname) [3ms]
2025-08-09 15:58:01.629 [info] > git config --get commit.template [8ms]
2025-08-09 15:58:01.630 [info] > git for-each-ref --format=%(refname)%00%(upstream:short)%00%(objectname)%00%(upstream:track)%00%(upstream:remotename)%00%(upstream:remoteref) refs/heads/main refs/remotes/main [2ms]
2025-08-09 15:58:01.650 [info] > git for-each-ref --sort -committerdate --format %(refname)%00%(objectname)%00%(*objectname) [3ms]
2025-08-09 15:58:01.653 [info] > git status -z -uall [14ms]
2025-08-09 15:58:20.375 [info] > git config --get commit.template [10ms]
2025-08-09 15:58:20.376 [info] > git for-each-ref --format=%(refname)%00%(upstream:short)%00%(objectname)%00%(upstream:track)%00%(upstream:remotename)%00%(upstream:remoteref) refs/heads/main refs/remotes/main [3ms]
2025-08-09 15:58:20.397 [info] > git for-each-ref --sort -committerdate --format %(refname)%00%(objectname)%00%(*objectname) [3ms]
2025-08-09 15:58:20.399 [info] > git status -z -uall [14ms]
2025-08-09 15:58:25.424 [info] > git config --get commit.template [10ms]
2025-08-09 15:58:25.425 [info] > git for-each-ref --format=%(refname)%00%(upstream:short)%00%(objectname)%00%(upstream:track)%00%(upstream:remotename)%00%(upstream:remoteref) refs/heads/main refs/remotes/main [2ms]
2025-08-09 15:58:25.449 [info] > git status -z -uall [14ms]
2025-08-09 15:58:25.451 [info] > git for-each-ref --sort -committerdate --format %(refname)%00%(objectname)%00%(*objectname) [3ms]
2025-08-09 15:58:27.669 [info] > git log --format=%H%n%aN%n%aE%n%at%n%ct%n%P%n%D%n%B -z -n51 --shortstat --follow -- /workspace/Website-starter/src/assets/styles/atyp/stylesheet.css [4ms]
2025-08-09 15:58:27.690 [info] > git hash-object -t tree /dev/null [3ms]
2025-08-09 15:59:04.178 [info] > git log --format=%H%n%aN%n%aE%n%at%n%ct%n%P%n%D%n%B -z -n51 --shortstat --follow -- /workspace/Website-starter/src/components/sections/landing/HeroSection.astro [10ms]
2025-08-09 15:59:04.621 [info] > git fetch [337ms]
2025-08-09 15:59:04.648 [info] > git config --get commit.template [13ms]
2025-08-09 15:59:04.650 [info] > git for-each-ref --format=%(refname)%00%(upstream:short)%00%(objectname)%00%(upstream:track)%00%(upstream:remotename)%00%(upstream:remoteref) refs/heads/main refs/remotes/main [3ms]
2025-08-09 15:59:04.678 [info] > git status -z -uall [15ms]
2025-08-09 15:59:04.678 [info] > git for-each-ref --sort -committerdate --format %(refname)%00%(objectname)%00%(*objectname) [3ms]
2025-08-09 15:59:06.117 [info] > git rev-list --count 146222bc34bacf329fc30ac5073468b7dc0faa85.. -- /workspace/Website-starter/src/components/sections/landing/HeroSection.astro [3ms]
2025-08-09 15:59:06.133 [info] > git log --format=%H%n%aN%n%aE%n%at%n%ct%n%P%n%D%n%B -z -n3 --shortstat --follow -- /workspace/Website-starter/src/components/sections/landing/HeroSection.astro [4ms]
2025-08-09 15:59:06.174 [info] > git show --textconv :src/components/sections/landing/HeroSection.astro [12ms]
2025-08-09 15:59:06.178 [info] > git ls-files --stage -- src/components/sections/landing/HeroSection.astro [5ms]
2025-08-09 15:59:06.189 [info] > git cat-file -s 651d4ec772e9f1908a9a04cbe4abb909827b9701 [2ms]
2025-08-09 15:59:06.381 [info] > git config --get commit.template [12ms]
2025-08-09 15:59:06.382 [info] > git for-each-ref --format=%(refname)%00%(upstream:short)%00%(objectname)%00%(upstream:track)%00%(upstream:remotename)%00%(upstream:remoteref) refs/heads/main refs/remotes/main [2ms]
2025-08-09 15:59:06.409 [info] > git status -z -uall [17ms]
2025-08-09 15:59:06.410 [info] > git for-each-ref --sort -committerdate --format %(refname)%00%(objectname)%00%(*objectname) [3ms]
2025-08-09 15:59:07.025 [info] > git ls-files --stage -- src/components/sections/landing/HeroSection.astro [2ms]
2025-08-09 15:59:07.037 [info] > git cat-file -s 651d4ec772e9f1908a9a04cbe4abb909827b9701 [2ms]
2025-08-09 15:59:07.565 [info] > git show --textconv :src/components/sections/landing/HeroSection.astro [3ms]
2025-08-09 15:59:20.318 [info] > git config --get commit.template [13ms]
2025-08-09 15:59:20.319 [info] > git for-each-ref --format=%(refname)%00%(upstream:short)%00%(objectname)%00%(upstream:track)%00%(upstream:remotename)%00%(upstream:remoteref) refs/heads/main refs/remotes/main [2ms]
2025-08-09 15:59:20.345 [info] > git for-each-ref --sort -committerdate --format %(refname)%00%(objectname)%00%(*objectname) [3ms]
2025-08-09 15:59:20.346 [info] > git status -z -uall [15ms]
2025-08-09 15:59:31.261 [info] > git config --get commit.template [3ms]
2025-08-09 15:59:31.280 [info] > git for-each-ref --format=%(refname)%00%(upstream:short)%00%(objectname)%00%(upstream:track)%00%(upstream:remotename)%00%(upstream:remoteref) refs/heads/main refs/remotes/main [3ms]
2025-08-09 15:59:31.313 [info] > git status -z -uall [17ms]
2025-08-09 15:59:31.315 [info] > git for-each-ref --sort -committerdate --format %(refname)%00%(objectname)%00%(*objectname) [3ms]
2025-08-09 16:00:19.897 [info] > git config --get commit.template [11ms]
2025-08-09 16:00:19.899 [info] > git for-each-ref --format=%(refname)%00%(upstream:short)%00%(objectname)%00%(upstream:track)%00%(upstream:remotename)%00%(upstream:remoteref) refs/heads/main refs/remotes/main [3ms]
2025-08-09 16:00:19.931 [info] > git status -z -uall [17ms]
2025-08-09 16:00:19.932 [info] > git for-each-ref --sort -committerdate --format %(refname)%00%(objectname)%00%(*objectname) [4ms]
2025-08-09 16:00:24.963 [info] > git config --get commit.template [12ms]
2025-08-09 16:00:24.965 [info] > git for-each-ref --format=%(refname)%00%(upstream:short)%00%(objectname)%00%(upstream:track)%00%(upstream:remotename)%00%(upstream:remoteref) refs/heads/main refs/remotes/main [3ms]
2025-08-09 16:00:24.991 [info] > git status -z -uall [16ms]
2025-08-09 16:00:24.991 [info] > git for-each-ref --sort -committerdate --format %(refname)%00%(objectname)%00%(*objectname) [3ms]
2025-08-09 16:00:26.705 [info] > git log --format=%H%n%aN%n%aE%n%at%n%ct%n%P%n%D%n%B -z -n51 --shortstat --follow -- /workspace/Website-starter/src/assets/styles/global.css [5ms]
2025-08-09 16:00:27.918 [info] > git log --format=%H%n%aN%n%aE%n%at%n%ct%n%P%n%D%n%B -z -n51 --shortstat --follow -- /workspace/Website-starter/src/assets/styles/atyp/stylesheet.css [5ms]
2025-08-09 16:00:39.653 [info] > git config --get commit.template [11ms]
2025-08-09 16:00:39.654 [info] > git for-each-ref --format=%(refname)%00%(upstream:short)%00%(objectname)%00%(upstream:track)%00%(upstream:remotename)%00%(upstream:remoteref) refs/heads/main refs/remotes/main [2ms]
2025-08-09 16:00:39.682 [info] > git status -z -uall [16ms]
2025-08-09 16:00:39.683 [info] > git for-each-ref --sort -committerdate --format %(refname)%00%(objectname)%00%(*objectname) [5ms]
2025-08-09 16:00:57.983 [info] > git config --get commit.template [16ms]
2025-08-09 16:00:57.985 [info] > git for-each-ref --format=%(refname)%00%(upstream:short)%00%(objectname)%00%(upstream:track)%00%(upstream:remotename)%00%(upstream:remoteref) refs/heads/main refs/remotes/main [3ms]
2025-08-09 16:00:58.012 [info] > git for-each-ref --sort -committerdate --format %(refname)%00%(objectname)%00%(*objectname) [4ms]
2025-08-09 16:00:58.013 [info] > git status -z -uall [14ms]
2025-08-09 16:01:03.043 [info] > git config --get commit.template [14ms]
2025-08-09 16:01:03.045 [info] > git for-each-ref --format=%(refname)%00%(upstream:short)%00%(objectname)%00%(upstream:track)%00%(upstream:remotename)%00%(upstream:remoteref) refs/heads/main refs/remotes/main [3ms]
2025-08-09 16:01:03.072 [info] > git status -z -uall [14ms]
2025-08-09 16:01:03.075 [info] > git for-each-ref --sort -committerdate --format %(refname)%00%(objectname)%00%(*objectname) [3ms]
2025-08-09 16:01:15.100 [info] > git config --get commit.template [14ms]
2025-08-09 16:01:15.101 [info] > git for-each-ref --format=%(refname)%00%(upstream:short)%00%(objectname)%00%(upstream:track)%00%(upstream:remotename)%00%(upstream:remoteref) refs/heads/main refs/remotes/main [2ms]
2025-08-09 16:01:15.123 [info] > git for-each-ref --sort -committerdate --format %(refname)%00%(objectname)%00%(*objectname) [3ms]
2025-08-09 16:01:15.126 [info] > git status -z -uall [15ms]
2025-08-09 16:01:20.156 [info] > git config --get commit.template [13ms]
2025-08-09 16:01:20.158 [info] > git for-each-ref --format=%(refname)%00%(upstream:short)%00%(objectname)%00%(upstream:track)%00%(upstream:remotename)%00%(upstream:remoteref) refs/heads/main refs/remotes/main [3ms]
2025-08-09 16:01:20.180 [info] > git for-each-ref --sort -committerdate --format %(refname)%00%(objectname)%00%(*objectname) [3ms]
2025-08-09 16:01:20.183 [info] > git status -z -uall [15ms]
2025-08-09 16:01:44.554 [info] > git config --get commit.template [10ms]
2025-08-09 16:01:44.557 [info] > git for-each-ref --format=%(refname)%00%(upstream:short)%00%(objectname)%00%(upstream:track)%00%(upstream:remotename)%00%(upstream:remoteref) refs/heads/main refs/remotes/main [3ms]
2025-08-09 16:01:44.578 [info] > git for-each-ref --sort -committerdate --format %(refname)%00%(objectname)%00%(*objectname) [2ms]
2025-08-09 16:01:44.580 [info] > git status -z -uall [14ms]
2025-08-09 16:01:49.610 [info] > git config --get commit.template [13ms]
2025-08-09 16:01:49.610 [info] > git for-each-ref --format=%(refname)%00%(upstream:short)%00%(objectname)%00%(upstream:track)%00%(upstream:remotename)%00%(upstream:remoteref) refs/heads/main refs/remotes/main [4ms]
2025-08-09 16:01:49.634 [info] > git for-each-ref --sort -committerdate --format %(refname)%00%(objectname)%00%(*objectname) [3ms]
2025-08-09 16:01:49.635 [info] > git status -z -uall [14ms]
2025-08-09 16:01:54.664 [info] > git config --get commit.template [13ms]
2025-08-09 16:01:54.666 [info] > git for-each-ref --format=%(refname)%00%(upstream:short)%00%(objectname)%00%(upstream:track)%00%(upstream:remotename)%00%(upstream:remoteref) refs/heads/main refs/remotes/main [3ms]
2025-08-09 16:01:54.690 [info] > git for-each-ref --sort -committerdate --format %(refname)%00%(objectname)%00%(*objectname) [3ms]
2025-08-09 16:01:54.692 [info] > git status -z -uall [14ms]
2025-08-09 16:01:59.717 [info] > git config --get commit.template [9ms]
2025-08-09 16:01:59.720 [info] > git for-each-ref --format=%(refname)%00%(upstream:short)%00%(objectname)%00%(upstream:track)%00%(upstream:remotename)%00%(upstream:remoteref) refs/heads/main refs/remotes/main [3ms]
2025-08-09 16:01:59.741 [info] > git for-each-ref --sort -committerdate --format %(refname)%00%(objectname)%00%(*objectname) [3ms]
2025-08-09 16:01:59.743 [info] > git status -z -uall [14ms]
2025-08-09 16:02:01.969 [info] > git check-ignore -v -z --stdin [2ms]
2025-08-09 16:02:02.816 [info] > git check-ignore -v -z --stdin [2ms]
2025-08-09 16:02:05.034 [info] > git fetch [339ms]
2025-08-09 16:02:05.057 [info] > git config --get commit.template [10ms]
2025-08-09 16:02:05.059 [info] > git for-each-ref --format=%(refname)%00%(upstream:short)%00%(objectname)%00%(upstream:track)%00%(upstream:remotename)%00%(upstream:remoteref) refs/heads/main refs/remotes/main [2ms]
2025-08-09 16:02:05.080 [info] > git for-each-ref --sort -committerdate --format %(refname)%00%(objectname)%00%(*objectname) [3ms]
2025-08-09 16:02:05.083 [info] > git status -z -uall [15ms]
2025-08-09 16:02:06.183 [info] > git log --format=%H%n%aN%n%aE%n%at%n%ct%n%P%n%D%n%B -z -n51 --shortstat --follow -- /workspace/Website-starter/src/assets/styles/atyp/stylesheet.css [5ms]
2025-08-09 16:02:06.518 [info] > git config --get commit.template [16ms]
2025-08-09 16:02:06.520 [info] > git for-each-ref --format=%(refname)%00%(upstream:short)%00%(objectname)%00%(upstream:track)%00%(upstream:remotename)%00%(upstream:remoteref) refs/heads/main refs/remotes/main [3ms]
2025-08-09 16:02:06.551 [info] > git status -z -uall [16ms]
2025-08-09 16:02:06.552 [info] > git for-each-ref --sort -committerdate --format %(refname)%00%(objectname)%00%(*objectname) [4ms]
2025-08-09 16:02:36.661 [info] > git for-each-ref --format=%(refname)%00%(upstream:short)%00%(objectname)%00%(upstream:track)%00%(upstream:remotename)%00%(upstream:remoteref) refs/heads/main refs/remotes/main [4ms]
2025-08-09 16:02:36.661 [info] > git config --get commit.template [14ms]
2025-08-09 16:02:36.682 [info] > git for-each-ref --sort -committerdate --format %(refname)%00%(objectname)%00%(*objectname) [2ms]
2025-08-09 16:02:36.685 [info] > git status -z -uall [15ms]
2025-08-09 16:03:13.260 [info] > git config --get commit.template [10ms]
2025-08-09 16:03:13.262 [info] > git for-each-ref --format=%(refname)%00%(upstream:short)%00%(objectname)%00%(upstream:track)%00%(upstream:remotename)%00%(upstream:remoteref) refs/heads/main refs/remotes/main [2ms]
2025-08-09 16:03:13.287 [info] > git status -z -uall [16ms]
2025-08-09 16:03:13.290 [info] > git for-each-ref --sort -committerdate --format %(refname)%00%(objectname)%00%(*objectname) [7ms]
2025-08-09 16:03:13.482 [info] > git check-ignore -v -z --stdin [2ms]
2025-08-09 16:04:34.959 [info] > git config --get commit.template [14ms]
2025-08-09 16:04:34.960 [info] > git for-each-ref --format=%(refname)%00%(upstream:short)%00%(objectname)%00%(upstream:track)%00%(upstream:remotename)%00%(upstream:remoteref) refs/heads/main refs/remotes/main [2ms]
2025-08-09 16:04:34.982 [info] > git for-each-ref --sort -committerdate --format %(refname)%00%(objectname)%00%(*objectname) [3ms]
2025-08-09 16:04:34.984 [info] > git status -z -uall [14ms]
2025-08-09 16:04:39.110 [info] > git check-ignore -v -z --stdin [1ms]
2025-08-09 16:05:05.424 [info] > git fetch [326ms]
2025-08-09 16:05:05.445 [info] > git config --get commit.template [9ms]
2025-08-09 16:05:05.447 [info] > git for-each-ref --format=%(refname)%00%(upstream:short)%00%(objectname)%00%(upstream:track)%00%(upstream:remotename)%00%(upstream:remoteref) refs/heads/main refs/remotes/main [2ms]
2025-08-09 16:05:05.467 [info] > git for-each-ref --sort -committerdate --format %(refname)%00%(objectname)%00%(*objectname) [3ms]
2025-08-09 16:05:05.470 [info] > git status -z -uall [14ms]
2025-08-09 16:05:06.732 [info] > git config --get commit.template [15ms]
2025-08-09 16:05:06.733 [info] > git for-each-ref --format=%(refname)%00%(upstream:short)%00%(objectname)%00%(upstream:track)%00%(upstream:remotename)%00%(upstream:remoteref) refs/heads/main refs/remotes/main [3ms]
2025-08-09 16:05:06.758 [info] > git for-each-ref --sort -committerdate --format %(refname)%00%(objectname)%00%(*objectname) [2ms]
2025-08-09 16:05:06.760 [info] > git status -z -uall [14ms]
2025-08-09 16:06:40.114 [info] > git config --get commit.template [16ms]
2025-08-09 16:06:40.115 [info] > git for-each-ref --format=%(refname)%00%(upstream:short)%00%(objectname)%00%(upstream:track)%00%(upstream:remotename)%00%(upstream:remoteref) refs/heads/main refs/remotes/main [2ms]
2025-08-09 16:06:40.137 [info] > git for-each-ref --sort -committerdate --format %(refname)%00%(objectname)%00%(*objectname) [2ms]
2025-08-09 16:06:40.140 [info] > git status -z -uall [15ms]
2025-08-09 16:06:43.154 [info] > git check-ignore -v -z --stdin [2ms]
2025-08-09 16:07:01.765 [info] > git config --get commit.template [11ms]
2025-08-09 16:07:01.767 [info] > git for-each-ref --format=%(refname)%00%(upstream:short)%00%(objectname)%00%(upstream:track)%00%(upstream:remotename)%00%(upstream:remoteref) refs/heads/main refs/remotes/main [3ms]
2025-08-09 16:07:01.793 [info] > git for-each-ref --sort -committerdate --format %(refname)%00%(objectname)%00%(*objectname) [3ms]
2025-08-09 16:07:01.794 [info] > git status -z -uall [16ms]
2025-08-09 16:07:06.822 [info] > git config --get commit.template [14ms]
2025-08-09 16:07:06.822 [info] > git for-each-ref --format=%(refname)%00%(upstream:short)%00%(objectname)%00%(upstream:track)%00%(upstream:remotename)%00%(upstream:remoteref) refs/heads/main refs/remotes/main [2ms]
2025-08-09 16:07:06.847 [info] > git for-each-ref --sort -committerdate --format %(refname)%00%(objectname)%00%(*objectname) [3ms]
2025-08-09 16:07:06.850 [info] > git status -z -uall [15ms]
2025-08-09 16:07:11.880 [info] > git config --get commit.template [14ms]
2025-08-09 16:07:11.881 [info] > git for-each-ref --format=%(refname)%00%(upstream:short)%00%(objectname)%00%(upstream:track)%00%(upstream:remotename)%00%(upstream:remoteref) refs/heads/main refs/remotes/main [3ms]
2025-08-09 16:07:11.908 [info] > git for-each-ref --sort -committerdate --format %(refname)%00%(objectname)%00%(*objectname) [3ms]
2025-08-09 16:07:11.908 [info] > git status -z -uall [14ms]
2025-08-09 16:07:16.940 [info] > git config --get commit.template [15ms]
2025-08-09 16:07:16.941 [info] > git for-each-ref --format=%(refname)%00%(upstream:short)%00%(objectname)%00%(upstream:track)%00%(upstream:remotename)%00%(upstream:remoteref) refs/heads/main refs/remotes/main [3ms]
2025-08-09 16:07:16.970 [info] > git status -z -uall [16ms]
2025-08-09 16:07:16.971 [info] > git for-each-ref --sort -committerdate --format %(refname)%00%(objectname)%00%(*objectname) [3ms]
2025-08-09 16:07:22.004 [info] > git config --get commit.template [14ms]
2025-08-09 16:07:22.005 [info] > git for-each-ref --format=%(refname)%00%(upstream:short)%00%(objectname)%00%(upstream:track)%00%(upstream:remotename)%00%(upstream:remoteref) refs/heads/main refs/remotes/main [2ms]
2025-08-09 16:07:22.033 [info] > git status -z -uall [15ms]
2025-08-09 16:07:22.034 [info] > git for-each-ref --sort -committerdate --format %(refname)%00%(objectname)%00%(*objectname) [4ms]
2025-08-09 16:07:27.064 [info] > git config --get commit.template [12ms]
2025-08-09 16:07:27.064 [info] > git for-each-ref --format=%(refname)%00%(upstream:short)%00%(objectname)%00%(upstream:track)%00%(upstream:remotename)%00%(upstream:remoteref) refs/heads/main refs/remotes/main [2ms]
2025-08-09 16:07:27.085 [info] > git for-each-ref --sort -committerdate --format %(refname)%00%(objectname)%00%(*objectname) [3ms]
2025-08-09 16:07:27.090 [info] > git status -z -uall [15ms]
2025-08-09 16:08:05.825 [info] > git fetch [339ms]
2025-08-09 16:08:05.845 [info] > git config --get commit.template [8ms]
2025-08-09 16:08:05.847 [info] > git for-each-ref --format=%(refname)%00%(upstream:short)%00%(objectname)%00%(upstream:track)%00%(upstream:remotename)%00%(upstream:remoteref) refs/heads/main refs/remotes/main [2ms]
2025-08-09 16:08:05.867 [info] > git for-each-ref --sort -committerdate --format %(refname)%00%(objectname)%00%(*objectname) [3ms]
2025-08-09 16:08:05.870 [info] > git status -z -uall [14ms]
2025-08-09 16:08:08.013 [info] > git config --get commit.template [9ms]
2025-08-09 16:08:08.015 [info] > git for-each-ref --format=%(refname)%00%(upstream:short)%00%(objectname)%00%(upstream:track)%00%(upstream:remotename)%00%(upstream:remoteref) refs/heads/main refs/remotes/main [2ms]
2025-08-09 16:08:08.043 [info] > git for-each-ref --sort -committerdate --format %(refname)%00%(objectname)%00%(*objectname) [3ms]
2025-08-09 16:08:08.044 [info] > git status -z -uall [18ms]
2025-08-09 16:08:38.916 [info] > git check-ignore -v -z --stdin [3ms]
2025-08-09 16:10:41.419 [info] > git config --get commit.template [13ms]
2025-08-09 16:10:41.420 [info] > git for-each-ref --format=%(refname)%00%(upstream:short)%00%(objectname)%00%(upstream:track)%00%(upstream:remotename)%00%(upstream:remoteref) refs/heads/main refs/remotes/main [2ms]
2025-08-09 16:10:41.447 [info] > git status -z -uall [14ms]
2025-08-09 16:10:41.448 [info] > git for-each-ref --sort -committerdate --format %(refname)%00%(objectname)%00%(*objectname) [3ms]
2025-08-09 16:11:06.237 [info] > git fetch [351ms]
2025-08-09 16:11:06.264 [info] > git config --get commit.template [14ms]
2025-08-09 16:11:06.266 [info] > git for-each-ref --format=%(refname)%00%(upstream:short)%00%(objectname)%00%(upstream:track)%00%(upstream:remotename)%00%(upstream:remoteref) refs/heads/main refs/remotes/main [3ms]
2025-08-09 16:11:06.292 [info] > git status -z -uall [14ms]
2025-08-09 16:11:06.293 [info] > git for-each-ref --sort -committerdate --format %(refname)%00%(objectname)%00%(*objectname) [3ms]
2025-08-09 16:11:07.537 [info] > git config --get commit.template [14ms]
2025-08-09 16:11:07.539 [info] > git for-each-ref --format=%(refname)%00%(upstream:short)%00%(objectname)%00%(upstream:track)%00%(upstream:remotename)%00%(upstream:remoteref) refs/heads/main refs/remotes/main [3ms]
2025-08-09 16:11:07.564 [info] > git for-each-ref --sort -committerdate --format %(refname)%00%(objectname)%00%(*objectname) [4ms]
2025-08-09 16:11:07.565 [info] > git status -z -uall [16ms]
