2025-08-08 16:58:04.031 [info] Log level: Info
2025-08-08 16:58:04.394 [info] VSCODE_MACHINE_ID: 10d3d877-fe56-442f-a117-f9035039c6e9
2025-08-08 16:58:04.394 [info] VSCODE_SESSION_ID: bd8e149c-f6a3-467f-b4fe-241564131b401754672273647
2025-08-08 16:58:04.394 [info] VSCODE_VERSION: 1.102.3
2025-08-08 16:58:04.394 [info] VSCODE_APP_NAME: Gitpod Code
2025-08-08 16:58:04.394 [info] VSCODE_APP_HOST: Gitpod
2025-08-08 16:58:04.394 [info] VSCODE_UI_KIND: web
2025-08-08 16:58:04.394 [info] GITPOD_WORKSPACE_CONTEXT_URL: https://github.com/Abdallah-Develop/Website-starter
2025-08-08 16:58:04.394 [info] GITPOD_INSTANCE_ID: 2f837f42-47b0-4395-9a8e-42383a0dc8f2
2025-08-08 16:58:04.394 [info] GITPOD_WORKSPACE_URL: https://abdallahdev-websitestar-esjdme0laxn.ws-eu120.gitpod.io
2025-08-08 16:58:04.415 [info] Gitpod Web 3953e81
2025-08-08 16:58:04.415 [info] Reading sessions from keychain...
2025-08-08 16:58:10.499 [info] Got stored sessions!
2025-08-08 16:58:10.499 [info] Verified session with the following scopes: function:accessCodeSyncStorage function:closePort function:controlAdmission function:deleteEnvVar function:generateNewGitpodToken function:getDefaultWorkspaceImage function:getGitpodTokenScopes function:getIDToken function:getLoggedInUser function:getOpenPorts function:getSupportedWorkspaceClasses function:getTeams function:getToken function:getWorkspace function:getWorkspaceEnvVars function:getWorkspaceOwner function:getWorkspaceTimeout function:getWorkspaceUsers function:guessGitTokenScopes function:isWorkspaceOwner function:openPort function:sendHeartBeat function:setEnvVar function:setWorkspaceTimeout function:stopWorkspace function:takeSnapshot function:trackEvent function:updateGitStatus function:waitForSnapshot resource:contentBlob::*::create/get resource:envVar::*/**::update resource:envVar::*/*::update resource:envVar::Abdallah-Develop/Website-starter::create/get/update/delete resource:gitpodToken::*::create resource:snapshot::ws-abdallahdev-websitestar-esjdme0laxn::create resource:token::*::get resource:userStorage::*::create/get/update resource:workspace::abdallahdev-websitestar-esjdme0laxn::get/update resource:workspaceInstance::2f837f42-47b0-4395-9a8e-42383a0dc8f2::get/update/delete
2025-08-08 16:58:10.499 [info] Got 1 verified sessions.
2025-08-08 16:58:10.499 [info] Getting sessions for all scopes...
2025-08-08 16:58:10.499 [info] Getting GitHub sessions for all scopes...
2025-08-08 16:58:10.499 [info] Got 1 sessions for all scopes...
2025-08-08 16:58:10.500 [info] Getting sessions for all scopes...
2025-08-08 16:58:10.500 [info] Got 1 sessions for all scopes...
2025-08-08 16:58:10.500 [info] Getting sessions for all scopes...
2025-08-08 16:58:10.500 [info] Got 1 sessions for all scopes...
2025-08-08 16:58:10.500 [info] Getting sessions for function:accessCodeSyncStorage...
2025-08-08 16:58:10.500 [info] Got 1 sessions for function:accessCodeSyncStorage...
2025-08-08 16:58:10.503 [info] Getting sessions for all scopes...
2025-08-08 16:58:10.503 [info] Got 1 sessions for all scopes...
2025-08-08 16:58:10.503 [info] Getting sessions for all scopes...
2025-08-08 16:58:10.503 [info] Got 1 sessions for all scopes...
2025-08-08 16:58:11.273 [info] Got 1 GitHub sessions for all scopes...
2025-08-08 16:58:11.273 [info] Getting GitHub sessions for all scopes...
2025-08-08 16:58:11.273 [info] Got 1 GitHub sessions for all scopes...
2025-08-08 16:58:11.273 [info] Getting GitHub sessions for all scopes...
2025-08-08 16:58:11.273 [info] Got 1 GitHub sessions for all scopes...
2025-08-08 16:58:11.397 [info] Getting sessions for all scopes...
2025-08-08 16:58:11.397 [info] Getting GitHub sessions for all scopes...
2025-08-08 16:58:11.397 [info] Got 1 sessions for all scopes...
2025-08-08 16:58:11.397 [info] Got 1 GitHub sessions for all scopes...
2025-08-08 16:58:12.287 [info] Getting GitHub sessions for all scopes...
2025-08-08 16:58:12.287 [info] Getting sessions for all scopes...
2025-08-08 16:58:12.287 [info] Got 1 GitHub sessions for all scopes...
2025-08-08 16:58:12.287 [info] Got 1 sessions for all scopes...
2025-08-08 16:58:12.287 [info] Getting GitHub sessions for all scopes...
2025-08-08 16:58:12.287 [info] Got 1 GitHub sessions for all scopes...
2025-08-08 16:58:12.289 [info] Getting GitHub sessions for read:user,repo,user:email,workflow...
2025-08-08 16:58:12.289 [info] Got 0 GitHub sessions for read:user,repo,user:email,workflow...
2025-08-08 16:58:12.595 [info] Getting GitHub sessions for all scopes...
2025-08-08 16:58:12.595 [info] Got 1 GitHub sessions for all scopes...
2025-08-08 16:58:12.596 [info] Getting sessions for all scopes...
2025-08-08 16:58:12.596 [info] Getting GitHub sessions for all scopes...
2025-08-08 16:58:12.596 [info] Got 1 sessions for all scopes...
2025-08-08 16:58:12.596 [info] Got 1 GitHub sessions for all scopes...
2025-08-08 16:58:13.085 [info] Getting sessions for all scopes...
2025-08-08 16:58:13.085 [info] Getting GitHub sessions for all scopes...
2025-08-08 16:58:13.086 [info] Got 1 sessions for all scopes...
2025-08-08 16:58:13.086 [info] Got 1 GitHub sessions for all scopes...
2025-08-08 16:58:13.278 [info] Getting GitHub sessions for project,read:org,read:user,repo,user:email,workflow...
2025-08-08 16:58:13.278 [info] Got 0 GitHub sessions for project,read:org,read:user,repo,user:email,workflow...
2025-08-08 16:58:15.180 [info] Getting sessions for all scopes...
2025-08-08 16:58:15.181 [info] Getting GitHub sessions for all scopes...
2025-08-08 16:58:15.181 [info] Got 1 sessions for all scopes...
2025-08-08 16:58:15.181 [info] Got 1 GitHub sessions for all scopes...
2025-08-08 16:58:16.266 [info] Getting GitHub sessions for read:user,repo,user:email,workflow...
2025-08-08 16:58:16.266 [info] Got 0 GitHub sessions for read:user,repo,user:email,workflow...
2025-08-08 16:58:16.579 [info] Getting GitHub sessions for read:user,repo,user:email...
2025-08-08 16:58:16.579 [info] Got 0 GitHub sessions for read:user,repo,user:email...
2025-08-08 16:58:17.496 [info] Getting GitHub sessions for read:user,repo,user:email,workflow...
2025-08-08 16:58:17.496 [info] Got 0 GitHub sessions for read:user,repo,user:email,workflow...
2025-08-08 16:58:39.180 [info] Getting sessions for all scopes...
2025-08-08 16:58:39.183 [info] Getting GitHub sessions for all scopes...
2025-08-08 16:58:39.183 [info] Got 1 sessions for all scopes...
2025-08-08 16:58:39.183 [info] Got 1 GitHub sessions for all scopes...
2025-08-08 16:58:39.371 [info] Getting sessions for all scopes...
2025-08-08 16:58:39.371 [info] Getting GitHub sessions for all scopes...
2025-08-08 16:58:39.371 [info] Got 1 sessions for all scopes...
2025-08-08 16:58:39.371 [info] Got 1 GitHub sessions for all scopes...
2025-08-08 17:08:15.516 [info] Getting sessions for all scopes...
2025-08-08 17:08:15.516 [info] Getting GitHub sessions for all scopes...
2025-08-08 17:08:15.516 [info] Got 1 sessions for all scopes...
2025-08-08 17:08:15.516 [info] Got 1 GitHub sessions for all scopes...
2025-08-08 17:08:15.596 [info] Getting sessions for all scopes...
2025-08-08 17:08:15.596 [info] Getting GitHub sessions for all scopes...
2025-08-08 17:08:15.596 [info] Got 1 sessions for all scopes...
2025-08-08 17:08:15.596 [info] Got 1 GitHub sessions for all scopes...
