2025-08-09 15:11:24.965 [info] Extension host with pid 5450 started
2025-08-09 15:11:24.965 [error] Error: EEXIST: file already exists, open '/workspace/.vscode-remote/data/User/workspaceStorage/1cafd87f/vscode.lock'
2025-08-09 15:11:24.965 [info] Lock '/workspace/.vscode-remote/data/User/workspaceStorage/1cafd87f/vscode.lock': Could not acquire lock, checking if the file is stale.
2025-08-09 15:11:24.965 [info] Lock '/workspace/.vscode-remote/data/User/workspaceStorage/1cafd87f/vscode.lock': The lock does not look stale, elapsed: 148 ms, giving up.
2025-08-09 15:11:24.967 [info] Lock '/workspace/.vscode-remote/data/User/workspaceStorage/1cafd87f-1/vscode.lock': Lock acquired.
2025-08-09 15:11:27.314 [info] ExtensionService#_doActivateExtension vscode.simple-browser, startup: false, activationEvent: 'onWebviewPanel:simpleBrowser.view'
2025-08-09 15:11:27.316 [info] ExtensionService#_doActivateExtension vscode.css-language-features, startup: false, activationEvent: 'onLanguage:css'
2025-08-09 15:11:27.317 [info] ExtensionService#_doActivateExtension vscode.emmet, startup: false, activationEvent: 'onLanguage'
2025-08-09 15:11:28.006 [info] ExtensionService#_doActivateExtension vscode.git-base, startup: true, activationEvent: '*', root cause: vscode.git
2025-08-09 15:11:28.007 [info] ExtensionService#_doActivateExtension gitpod.gitpod-web, startup: true, activationEvent: '*'
2025-08-09 15:11:28.146 [info] ExtensionService#_doActivateExtension vscode.npm, startup: true, activationEvent: 'workspaceContains:package.json'
2025-08-09 15:11:28.368 [info] ExtensionService#_doActivateExtension vscode.git, startup: true, activationEvent: '*'
2025-08-09 15:11:28.368 [info] ExtensionService#_doActivateExtension vscode.github, startup: true, activationEvent: '*'
2025-08-09 15:11:29.301 [warning] [Decorations] CAPPING events from decorations provider vscode.git 265
2025-08-09 15:11:29.446 [warning] [Decorations] CAPPING events from decorations provider vscode.git 265
2025-08-09 15:11:29.526 [warning] [Decorations] CAPPING events from decorations provider vscode.git 265
2025-08-09 15:11:29.654 [info] ExtensionService#_doActivateExtension astro-build.astro-vscode, startup: true, activationEvent: 'workspaceContains:astro.config.*'
2025-08-09 15:11:31.588 [info] ExtensionService#_doActivateExtension redhat.vscode-yaml, startup: false, activationEvent: 'onLanguage:yaml'
2025-08-09 15:11:32.851 [warning] [redhat.vscode-yaml] Accessing a resource scoped configuration without providing a resource is not expected. To get the effective value for '[yaml]', provide the URI of a resource or 'null' for any resource.
2025-08-09 15:11:32.866 [warning] [redhat.vscode-yaml] Accessing a resource scoped configuration without providing a resource is not expected. To get the effective value for '[yaml]', provide the URI of a resource or 'null' for any resource.
2025-08-09 15:11:33.261 [info] Eager extensions activated
2025-08-09 15:11:33.262 [info] ExtensionService#_doActivateExtension vscode.debug-auto-launch, startup: false, activationEvent: 'onStartupFinished'
2025-08-09 15:11:33.262 [info] ExtensionService#_doActivateExtension vscode.merge-conflict, startup: false, activationEvent: 'onStartupFinished'
2025-08-09 15:11:33.262 [info] ExtensionService#_doActivateExtension bradlc.vscode-tailwindcss, startup: false, activationEvent: 'onStartupFinished'
2025-08-09 15:11:33.262 [info] ExtensionService#_doActivateExtension Codeium.codeium, startup: false, activationEvent: 'onStartupFinished'
2025-08-09 15:11:33.262 [info] ExtensionService#_doActivateExtension esbenp.prettier-vscode, startup: false, activationEvent: 'onStartupFinished'
2025-08-09 15:11:33.263 [info] ExtensionService#_doActivateExtension vscode.github-authentication, startup: false, activationEvent: 'onStartupFinished', root cause: GitHub.vscode-pull-request-github
2025-08-09 15:11:33.263 [info] ExtensionService#_doActivateExtension PKief.material-icon-theme, startup: false, activationEvent: 'onStartupFinished'
2025-08-09 15:11:34.348 [info] ExtensionService#_doActivateExtension GitHub.vscode-pull-request-github, startup: false, activationEvent: 'onStartupFinished'
2025-08-09 15:11:34.828 [warning] [redhat.vscode-yaml] Accessing a resource scoped configuration without providing a resource is not expected. To get the effective value for '[yaml]', provide the URI of a resource or 'null' for any resource.
2025-08-09 15:11:36.725 [warning] [redhat.vscode-yaml] Accessing a resource scoped configuration without providing a resource is not expected. To get the effective value for '[yaml]', provide the URI of a resource or 'null' for any resource.
2025-08-09 15:11:36.791 [warning] [redhat.vscode-yaml] Accessing a resource scoped configuration without providing a resource is not expected. To get the effective value for '[yaml]', provide the URI of a resource or 'null' for any resource.
2025-08-09 15:11:36.805 [warning] [redhat.vscode-yaml] Accessing a resource scoped configuration without providing a resource is not expected. To get the effective value for '[yaml]', provide the URI of a resource or 'null' for any resource.
2025-08-09 15:11:37.286 [warning] [redhat.vscode-yaml] Accessing a resource scoped configuration without providing a resource is not expected. To get the effective value for '[yaml]', provide the URI of a resource or 'null' for any resource.
2025-08-09 15:11:37.475 [warning] [redhat.vscode-yaml] Accessing a resource scoped configuration without providing a resource is not expected. To get the effective value for '[yaml]', provide the URI of a resource or 'null' for any resource.
2025-08-09 15:11:37.558 [info] ExtensionService#_doActivateExtension vscode.configuration-editing, startup: false, activationEvent: 'onLanguage:json'
2025-08-09 15:11:37.558 [info] ExtensionService#_doActivateExtension vscode.extension-editing, startup: false, activationEvent: 'onLanguage:json'
2025-08-09 15:11:37.559 [info] ExtensionService#_doActivateExtension vscode.json-language-features, startup: false, activationEvent: 'onLanguage:json'
2025-08-09 15:11:38.546 [info] ExtensionService#_doActivateExtension vscode.typescript-language-features, startup: false, activationEvent: 'onLanguage:jsonc'
2025-08-09 15:11:49.594 [warning] [Decorations] CAPPING events from decorations provider vscode.git 265
2025-08-09 15:11:54.647 [warning] [Decorations] CAPPING events from decorations provider vscode.git 265
2025-08-09 15:12:07.586 [warning] [Decorations] CAPPING events from decorations provider vscode.git 265
2025-08-09 15:12:12.640 [warning] [Decorations] CAPPING events from decorations provider vscode.git 265
2025-08-09 15:12:17.690 [warning] [Decorations] CAPPING events from decorations provider vscode.git 265
2025-08-09 15:12:38.664 [warning] [Decorations] CAPPING events from decorations provider vscode.git 266
2025-08-09 15:14:02.170 [warning] [Decorations] CAPPING events from decorations provider vscode.git 265
2025-08-09 15:14:07.864 [warning] [Decorations] CAPPING events from decorations provider vscode.git 265
2025-08-09 15:14:12.923 [warning] [Decorations] CAPPING events from decorations provider vscode.git 265
2025-08-09 15:14:17.985 [warning] [Decorations] CAPPING events from decorations provider vscode.git 265
2025-08-09 15:14:26.455 [warning] [Decorations] CAPPING events from decorations provider vscode.git 265
2025-08-09 15:14:29.985 [warning] [Decorations] CAPPING events from decorations provider vscode.git 265
2025-08-09 15:14:31.541 [warning] [Decorations] CAPPING events from decorations provider vscode.git 265
2025-08-09 15:14:36.601 [warning] [Decorations] CAPPING events from decorations provider vscode.git 265
2025-08-09 15:14:41.654 [warning] [Decorations] CAPPING events from decorations provider vscode.git 265
2025-08-09 15:14:50.105 [warning] [Decorations] CAPPING events from decorations provider vscode.git 265
2025-08-09 15:14:55.172 [warning] [Decorations] CAPPING events from decorations provider vscode.git 265
2025-08-09 15:15:00.238 [warning] [Decorations] CAPPING events from decorations provider vscode.git 265
2025-08-09 15:15:05.300 [warning] [Decorations] CAPPING events from decorations provider vscode.git 265
2025-08-09 15:15:10.357 [warning] [Decorations] CAPPING events from decorations provider vscode.git 265
2025-08-09 15:15:15.415 [warning] [Decorations] CAPPING events from decorations provider vscode.git 265
2025-08-09 15:15:44.585 [warning] [Decorations] CAPPING events from decorations provider vscode.git 265
2025-08-09 15:15:49.869 [warning] [Decorations] CAPPING events from decorations provider vscode.git 265
2025-08-09 15:15:54.918 [warning] [Decorations] CAPPING events from decorations provider vscode.git 265
2025-08-09 15:16:31.831 [warning] [Decorations] CAPPING events from decorations provider vscode.git 266
2025-08-09 15:16:45.032 [warning] [Decorations] CAPPING events from decorations provider vscode.git 265
2025-08-09 15:16:50.102 [warning] [Decorations] CAPPING events from decorations provider vscode.git 265
2025-08-09 15:16:55.742 [warning] [Decorations] CAPPING events from decorations provider vscode.git 265
2025-08-09 15:17:00.790 [warning] [Decorations] CAPPING events from decorations provider vscode.git 265
2025-08-09 15:17:05.854 [warning] [Decorations] CAPPING events from decorations provider vscode.git 265
2025-08-09 15:17:11.073 [warning] [Decorations] CAPPING events from decorations provider vscode.git 265
2025-08-09 15:17:17.681 [warning] [Decorations] CAPPING events from decorations provider vscode.git 265
2025-08-09 15:17:22.752 [warning] [Decorations] CAPPING events from decorations provider vscode.git 265
2025-08-09 15:17:28.114 [warning] [Decorations] CAPPING events from decorations provider vscode.git 265
2025-08-09 15:17:30.409 [warning] [Decorations] CAPPING events from decorations provider vscode.git 265
2025-08-09 15:17:33.168 [warning] [Decorations] CAPPING events from decorations provider vscode.git 265
2025-08-09 15:17:40.370 [warning] [Decorations] CAPPING events from decorations provider vscode.git 265
2025-08-09 15:18:03.040 [warning] [Decorations] CAPPING events from decorations provider vscode.git 265
2025-08-09 15:18:37.609 [warning] [Decorations] CAPPING events from decorations provider vscode.git 265
2025-08-09 15:18:53.389 [warning] [Decorations] CAPPING events from decorations provider vscode.git 265
2025-08-09 15:19:02.335 [warning] [Decorations] CAPPING events from decorations provider vscode.git 265
2025-08-09 15:19:07.557 [warning] [Decorations] CAPPING events from decorations provider vscode.git 265
2025-08-09 15:19:19.211 [warning] [Decorations] CAPPING events from decorations provider vscode.git 265
2025-08-09 15:19:35.888 [warning] [Decorations] CAPPING events from decorations provider vscode.git 265
2025-08-09 15:20:00.478 [warning] [Decorations] CAPPING events from decorations provider vscode.git 265
2025-08-09 15:20:07.166 [warning] [Decorations] CAPPING events from decorations provider vscode.git 265
2025-08-09 15:20:20.188 [warning] [Decorations] CAPPING events from decorations provider vscode.git 265
2025-08-09 15:20:51.057 [warning] [Decorations] CAPPING events from decorations provider vscode.git 265
2025-08-09 15:20:51.380 [warning] [Decorations] CAPPING events from decorations provider vscode.git 265
2025-08-09 15:20:56.108 [warning] [Decorations] CAPPING events from decorations provider vscode.git 265
2025-08-09 15:21:04.181 [warning] [Decorations] CAPPING events from decorations provider vscode.git 265
2025-08-09 15:25:31.961 [warning] [Decorations] CAPPING events from decorations provider vscode.git 265
2025-08-09 15:25:32.231 [warning] [Decorations] CAPPING events from decorations provider vscode.git 265
2025-08-09 15:25:37.011 [warning] [Decorations] CAPPING events from decorations provider vscode.git 265
2025-08-09 15:25:43.171 [warning] [Decorations] CAPPING events from decorations provider vscode.git 265
2025-08-09 15:28:05.437 [warning] [Decorations] CAPPING events from decorations provider vscode.git 265
2025-08-09 15:28:10.500 [warning] [Decorations] CAPPING events from decorations provider vscode.git 265
2025-08-09 15:28:15.551 [warning] [Decorations] CAPPING events from decorations provider vscode.git 265
2025-08-09 15:28:20.605 [warning] [Decorations] CAPPING events from decorations provider vscode.git 265
2025-08-09 15:28:32.430 [warning] [Decorations] CAPPING events from decorations provider vscode.git 265
2025-08-09 15:28:32.770 [warning] [Decorations] CAPPING events from decorations provider vscode.git 265
2025-08-09 15:28:37.485 [warning] [Decorations] CAPPING events from decorations provider vscode.git 265
2025-08-09 15:28:47.299 [warning] [Decorations] CAPPING events from decorations provider vscode.git 265
2025-08-09 15:34:49.220 [info] Extension host terminating: renderer disconnected for too long (2)
2025-08-09 15:34:49.224 [info] Lock '/workspace/.vscode-remote/data/User/workspaceStorage/1cafd87f-1/vscode.lock': Marking the lockfile as scheduled to be released in 6000 ms.
2025-08-09 15:34:49.254 [error] ProxyResolver#resolveProxy undefined Canceled: Canceled
	at el (file:///ide/out/vs/workbench/api/node/extensionHostProcess.js:7:1556)
	at file:///ide/out/vs/workbench/api/node/extensionHostProcess.js:29:138942
	at Array.forEach (<anonymous>)
	at cS.dispose (file:///ide/out/vs/workbench/api/node/extensionHostProcess.js:29:138848)
	at KG.terminate (file:///ide/out/vs/workbench/api/node/extensionHostProcess.js:117:12333)
	at Y8.terminate (file:///ide/out/vs/workbench/api/node/extensionHostProcess.js:119:1082)
	at us (file:///ide/out/vs/workbench/api/node/extensionHostProcess.js:356:10566)
	at cE.runner (file:///ide/out/vs/workbench/api/node/extensionHostProcess.js:356:7378)
	at cE.onInterval (file:///ide/out/vs/workbench/api/node/extensionHostProcess.js:28:78950)
	at listOnTimeout (node:internal/timers:588:17)
	at process.processTimers (node:internal/timers:523:7) 
2025-08-09 15:34:49.254 [error] ProxyResolver#resolveProxy undefined Canceled: Canceled
	at el (file:///ide/out/vs/workbench/api/node/extensionHostProcess.js:7:1556)
	at file:///ide/out/vs/workbench/api/node/extensionHostProcess.js:29:138942
	at Array.forEach (<anonymous>)
	at cS.dispose (file:///ide/out/vs/workbench/api/node/extensionHostProcess.js:29:138848)
	at KG.terminate (file:///ide/out/vs/workbench/api/node/extensionHostProcess.js:117:12333)
	at Y8.terminate (file:///ide/out/vs/workbench/api/node/extensionHostProcess.js:119:1082)
	at us (file:///ide/out/vs/workbench/api/node/extensionHostProcess.js:356:10566)
	at cE.runner (file:///ide/out/vs/workbench/api/node/extensionHostProcess.js:356:7378)
	at cE.onInterval (file:///ide/out/vs/workbench/api/node/extensionHostProcess.js:28:78950)
	at listOnTimeout (node:internal/timers:588:17)
	at process.processTimers (node:internal/timers:523:7) 
2025-08-09 15:34:49.254 [error] ProxyResolver#resolveProxy undefined Canceled: Canceled
	at el (file:///ide/out/vs/workbench/api/node/extensionHostProcess.js:7:1556)
	at file:///ide/out/vs/workbench/api/node/extensionHostProcess.js:29:138942
	at Array.forEach (<anonymous>)
	at cS.dispose (file:///ide/out/vs/workbench/api/node/extensionHostProcess.js:29:138848)
	at KG.terminate (file:///ide/out/vs/workbench/api/node/extensionHostProcess.js:117:12333)
	at Y8.terminate (file:///ide/out/vs/workbench/api/node/extensionHostProcess.js:119:1082)
	at us (file:///ide/out/vs/workbench/api/node/extensionHostProcess.js:356:10566)
	at cE.runner (file:///ide/out/vs/workbench/api/node/extensionHostProcess.js:356:7378)
	at cE.onInterval (file:///ide/out/vs/workbench/api/node/extensionHostProcess.js:28:78950)
	at listOnTimeout (node:internal/timers:588:17)
	at process.processTimers (node:internal/timers:523:7) 
2025-08-09 15:34:49.254 [error] ProxyResolver#resolveProxy undefined Canceled: Canceled
	at el (file:///ide/out/vs/workbench/api/node/extensionHostProcess.js:7:1556)
	at file:///ide/out/vs/workbench/api/node/extensionHostProcess.js:29:138942
	at Array.forEach (<anonymous>)
	at cS.dispose (file:///ide/out/vs/workbench/api/node/extensionHostProcess.js:29:138848)
	at KG.terminate (file:///ide/out/vs/workbench/api/node/extensionHostProcess.js:117:12333)
	at Y8.terminate (file:///ide/out/vs/workbench/api/node/extensionHostProcess.js:119:1082)
	at us (file:///ide/out/vs/workbench/api/node/extensionHostProcess.js:356:10566)
	at cE.runner (file:///ide/out/vs/workbench/api/node/extensionHostProcess.js:356:7378)
	at cE.onInterval (file:///ide/out/vs/workbench/api/node/extensionHostProcess.js:28:78950)
	at listOnTimeout (node:internal/timers:588:17)
	at process.processTimers (node:internal/timers:523:7) 
2025-08-09 15:34:49.255 [error] ProxyResolver#resolveProxy undefined Canceled: Canceled
	at el (file:///ide/out/vs/workbench/api/node/extensionHostProcess.js:7:1556)
	at file:///ide/out/vs/workbench/api/node/extensionHostProcess.js:29:138942
	at Array.forEach (<anonymous>)
	at cS.dispose (file:///ide/out/vs/workbench/api/node/extensionHostProcess.js:29:138848)
	at KG.terminate (file:///ide/out/vs/workbench/api/node/extensionHostProcess.js:117:12333)
	at Y8.terminate (file:///ide/out/vs/workbench/api/node/extensionHostProcess.js:119:1082)
	at us (file:///ide/out/vs/workbench/api/node/extensionHostProcess.js:356:10566)
	at cE.runner (file:///ide/out/vs/workbench/api/node/extensionHostProcess.js:356:7378)
	at cE.onInterval (file:///ide/out/vs/workbench/api/node/extensionHostProcess.js:28:78950)
	at listOnTimeout (node:internal/timers:588:17)
	at process.processTimers (node:internal/timers:523:7) 
2025-08-09 15:34:49.255 [error] ProxyResolver#resolveProxy undefined Canceled: Canceled
	at el (file:///ide/out/vs/workbench/api/node/extensionHostProcess.js:7:1556)
	at file:///ide/out/vs/workbench/api/node/extensionHostProcess.js:29:138942
	at Array.forEach (<anonymous>)
	at cS.dispose (file:///ide/out/vs/workbench/api/node/extensionHostProcess.js:29:138848)
	at KG.terminate (file:///ide/out/vs/workbench/api/node/extensionHostProcess.js:117:12333)
	at Y8.terminate (file:///ide/out/vs/workbench/api/node/extensionHostProcess.js:119:1082)
	at us (file:///ide/out/vs/workbench/api/node/extensionHostProcess.js:356:10566)
	at cE.runner (file:///ide/out/vs/workbench/api/node/extensionHostProcess.js:356:7378)
	at cE.onInterval (file:///ide/out/vs/workbench/api/node/extensionHostProcess.js:28:78950)
	at listOnTimeout (node:internal/timers:588:17)
	at process.processTimers (node:internal/timers:523:7) 
2025-08-09 15:34:49.255 [error] ProxyResolver#resolveProxy undefined Canceled: Canceled
	at el (file:///ide/out/vs/workbench/api/node/extensionHostProcess.js:7:1556)
	at file:///ide/out/vs/workbench/api/node/extensionHostProcess.js:29:138942
	at Array.forEach (<anonymous>)
	at cS.dispose (file:///ide/out/vs/workbench/api/node/extensionHostProcess.js:29:138848)
	at KG.terminate (file:///ide/out/vs/workbench/api/node/extensionHostProcess.js:117:12333)
	at Y8.terminate (file:///ide/out/vs/workbench/api/node/extensionHostProcess.js:119:1082)
	at us (file:///ide/out/vs/workbench/api/node/extensionHostProcess.js:356:10566)
	at cE.runner (file:///ide/out/vs/workbench/api/node/extensionHostProcess.js:356:7378)
	at cE.onInterval (file:///ide/out/vs/workbench/api/node/extensionHostProcess.js:28:78950)
	at listOnTimeout (node:internal/timers:588:17)
	at process.processTimers (node:internal/timers:523:7) 
2025-08-09 15:34:49.255 [error] ProxyResolver#resolveProxy undefined Canceled: Canceled
	at el (file:///ide/out/vs/workbench/api/node/extensionHostProcess.js:7:1556)
	at file:///ide/out/vs/workbench/api/node/extensionHostProcess.js:29:138942
	at Array.forEach (<anonymous>)
	at cS.dispose (file:///ide/out/vs/workbench/api/node/extensionHostProcess.js:29:138848)
	at KG.terminate (file:///ide/out/vs/workbench/api/node/extensionHostProcess.js:117:12333)
	at Y8.terminate (file:///ide/out/vs/workbench/api/node/extensionHostProcess.js:119:1082)
	at us (file:///ide/out/vs/workbench/api/node/extensionHostProcess.js:356:10566)
	at cE.runner (file:///ide/out/vs/workbench/api/node/extensionHostProcess.js:356:7378)
	at cE.onInterval (file:///ide/out/vs/workbench/api/node/extensionHostProcess.js:28:78950)
	at listOnTimeout (node:internal/timers:588:17)
	at process.processTimers (node:internal/timers:523:7) 
2025-08-09 15:34:49.255 [error] ProxyResolver#resolveProxy undefined Canceled: Canceled
	at el (file:///ide/out/vs/workbench/api/node/extensionHostProcess.js:7:1556)
	at file:///ide/out/vs/workbench/api/node/extensionHostProcess.js:29:138942
	at Array.forEach (<anonymous>)
	at cS.dispose (file:///ide/out/vs/workbench/api/node/extensionHostProcess.js:29:138848)
	at KG.terminate (file:///ide/out/vs/workbench/api/node/extensionHostProcess.js:117:12333)
	at Y8.terminate (file:///ide/out/vs/workbench/api/node/extensionHostProcess.js:119:1082)
	at us (file:///ide/out/vs/workbench/api/node/extensionHostProcess.js:356:10566)
	at cE.runner (file:///ide/out/vs/workbench/api/node/extensionHostProcess.js:356:7378)
	at cE.onInterval (file:///ide/out/vs/workbench/api/node/extensionHostProcess.js:28:78950)
	at listOnTimeout (node:internal/timers:588:17)
	at process.processTimers (node:internal/timers:523:7) 
2025-08-09 15:34:49.255 [error] ProxyResolver#resolveProxy undefined Canceled: Canceled
	at el (file:///ide/out/vs/workbench/api/node/extensionHostProcess.js:7:1556)
	at file:///ide/out/vs/workbench/api/node/extensionHostProcess.js:29:138942
	at Array.forEach (<anonymous>)
	at cS.dispose (file:///ide/out/vs/workbench/api/node/extensionHostProcess.js:29:138848)
	at KG.terminate (file:///ide/out/vs/workbench/api/node/extensionHostProcess.js:117:12333)
	at Y8.terminate (file:///ide/out/vs/workbench/api/node/extensionHostProcess.js:119:1082)
	at us (file:///ide/out/vs/workbench/api/node/extensionHostProcess.js:356:10566)
	at cE.runner (file:///ide/out/vs/workbench/api/node/extensionHostProcess.js:356:7378)
	at cE.onInterval (file:///ide/out/vs/workbench/api/node/extensionHostProcess.js:28:78950)
	at listOnTimeout (node:internal/timers:588:17)
	at process.processTimers (node:internal/timers:523:7) 
2025-08-09 15:34:49.255 [error] ProxyResolver#resolveProxy undefined Canceled: Canceled
	at el (file:///ide/out/vs/workbench/api/node/extensionHostProcess.js:7:1556)
	at file:///ide/out/vs/workbench/api/node/extensionHostProcess.js:29:138942
	at Array.forEach (<anonymous>)
	at cS.dispose (file:///ide/out/vs/workbench/api/node/extensionHostProcess.js:29:138848)
	at KG.terminate (file:///ide/out/vs/workbench/api/node/extensionHostProcess.js:117:12333)
	at Y8.terminate (file:///ide/out/vs/workbench/api/node/extensionHostProcess.js:119:1082)
	at us (file:///ide/out/vs/workbench/api/node/extensionHostProcess.js:356:10566)
	at cE.runner (file:///ide/out/vs/workbench/api/node/extensionHostProcess.js:356:7378)
	at cE.onInterval (file:///ide/out/vs/workbench/api/node/extensionHostProcess.js:28:78950)
	at listOnTimeout (node:internal/timers:588:17)
	at process.processTimers (node:internal/timers:523:7) 
2025-08-09 15:34:49.255 [error] ProxyResolver#resolveProxy undefined Canceled: Canceled
	at el (file:///ide/out/vs/workbench/api/node/extensionHostProcess.js:7:1556)
	at file:///ide/out/vs/workbench/api/node/extensionHostProcess.js:29:138942
	at Array.forEach (<anonymous>)
	at cS.dispose (file:///ide/out/vs/workbench/api/node/extensionHostProcess.js:29:138848)
	at KG.terminate (file:///ide/out/vs/workbench/api/node/extensionHostProcess.js:117:12333)
	at Y8.terminate (file:///ide/out/vs/workbench/api/node/extensionHostProcess.js:119:1082)
	at us (file:///ide/out/vs/workbench/api/node/extensionHostProcess.js:356:10566)
	at cE.runner (file:///ide/out/vs/workbench/api/node/extensionHostProcess.js:356:7378)
	at cE.onInterval (file:///ide/out/vs/workbench/api/node/extensionHostProcess.js:28:78950)
	at listOnTimeout (node:internal/timers:588:17)
	at process.processTimers (node:internal/timers:523:7) 
2025-08-09 15:34:49.255 [error] ProxyResolver#resolveProxy undefined Canceled: Canceled
	at el (file:///ide/out/vs/workbench/api/node/extensionHostProcess.js:7:1556)
	at file:///ide/out/vs/workbench/api/node/extensionHostProcess.js:29:138942
	at Array.forEach (<anonymous>)
	at cS.dispose (file:///ide/out/vs/workbench/api/node/extensionHostProcess.js:29:138848)
	at KG.terminate (file:///ide/out/vs/workbench/api/node/extensionHostProcess.js:117:12333)
	at Y8.terminate (file:///ide/out/vs/workbench/api/node/extensionHostProcess.js:119:1082)
	at us (file:///ide/out/vs/workbench/api/node/extensionHostProcess.js:356:10566)
	at cE.runner (file:///ide/out/vs/workbench/api/node/extensionHostProcess.js:356:7378)
	at cE.onInterval (file:///ide/out/vs/workbench/api/node/extensionHostProcess.js:28:78950)
	at listOnTimeout (node:internal/timers:588:17)
	at process.processTimers (node:internal/timers:523:7) 
2025-08-09 15:34:49.256 [error] ProxyResolver#resolveProxy undefined Canceled: Canceled
	at el (file:///ide/out/vs/workbench/api/node/extensionHostProcess.js:7:1556)
	at file:///ide/out/vs/workbench/api/node/extensionHostProcess.js:29:138942
	at Array.forEach (<anonymous>)
	at cS.dispose (file:///ide/out/vs/workbench/api/node/extensionHostProcess.js:29:138848)
	at KG.terminate (file:///ide/out/vs/workbench/api/node/extensionHostProcess.js:117:12333)
	at Y8.terminate (file:///ide/out/vs/workbench/api/node/extensionHostProcess.js:119:1082)
	at us (file:///ide/out/vs/workbench/api/node/extensionHostProcess.js:356:10566)
	at cE.runner (file:///ide/out/vs/workbench/api/node/extensionHostProcess.js:356:7378)
	at cE.onInterval (file:///ide/out/vs/workbench/api/node/extensionHostProcess.js:28:78950)
	at listOnTimeout (node:internal/timers:588:17)
	at process.processTimers (node:internal/timers:523:7) 
2025-08-09 15:34:49.256 [error] ProxyResolver#resolveProxy undefined Canceled: Canceled
	at el (file:///ide/out/vs/workbench/api/node/extensionHostProcess.js:7:1556)
	at file:///ide/out/vs/workbench/api/node/extensionHostProcess.js:29:138942
	at Array.forEach (<anonymous>)
	at cS.dispose (file:///ide/out/vs/workbench/api/node/extensionHostProcess.js:29:138848)
	at KG.terminate (file:///ide/out/vs/workbench/api/node/extensionHostProcess.js:117:12333)
	at Y8.terminate (file:///ide/out/vs/workbench/api/node/extensionHostProcess.js:119:1082)
	at us (file:///ide/out/vs/workbench/api/node/extensionHostProcess.js:356:10566)
	at cE.runner (file:///ide/out/vs/workbench/api/node/extensionHostProcess.js:356:7378)
	at cE.onInterval (file:///ide/out/vs/workbench/api/node/extensionHostProcess.js:28:78950)
	at listOnTimeout (node:internal/timers:588:17)
	at process.processTimers (node:internal/timers:523:7) 
2025-08-09 15:34:49.257 [warning] Canceled
2025-08-09 15:34:49.677 [error] Error: Channel has been closed
	at n (file:///ide/out/vs/workbench/api/node/extensionHostProcess.js:120:3673)
	at Object.info (file:///ide/out/vs/workbench/api/node/extensionHostProcess.js:120:4043)
	at T.info (/ide/extensions/json-language-features/client/dist/node/jsonClientMain.js:2:291132)
	at ChildProcess.<anonymous> (/ide/extensions/json-language-features/client/dist/node/jsonClientMain.js:2:514778)
	at ChildProcess.emit (node:events:518:28)
	at ChildProcess.emit (node:domain:489:12)
	at ChildProcess._handle.onexit (node:internal/child_process:293:12)
2025-08-09 15:34:49.681 [info] Extension host with pid 5450 exiting with code 0
