(VSCode) 2025-08-09 14:58:18.685 [INFO]: No proxy settings found
(VSCode) 2025-08-09 14:58:21.477 [INFO]: Checking network connection...
(VSCode) 2025-08-09 14:58:22.290 [INFO]: No Network Issue connecting to https://server.codeium.com/healthz
(VSCode) 2025-08-09 14:58:23.070 [INFO]: Creating manager directory: /tmp/f04292fe-80b8-47d3-ad17-c2b080409e76/codeium/manager
(VSCode) 2025-08-09 14:58:23.470 [INFO]: Using cached LS with valid crc32: /workspace/.vscode-remote/extensions/codeium.codeium-1.48.2-universal/dist/e03af6ebc40b844314d448f947c80b636d093049/language_server_linux_x64
(VSCode) 2025-08-09 14:58:23.479 [INFO]: Language server started
2025/08/09 14:58:23 maxprocs: Leaving GOMAXPROCS=16: CPU quota undefined
I0809 14:58:23.713056  4475 main.go:604] [Language Server Manager] Setting GOMAXPROCS to 4
I0809 14:58:23.713183  4475 main.go:829] [Language Server Manager] Starting language server manager with pid 4475
I0809 14:58:23.713314  4475 main.go:138] [Language Server Manager] Manager acquired its lock file /tmp/f04292fe-80b8-47d3-ad17-c2b080409e76/codeium/manager/locks/manager.lock
I0809 14:58:23.714330  4475 main.go:283] [Language Server Manager] Waiting for random port file in /tmp/f04292fe-80b8-47d3-ad17-c2b080409e76/codeium/manager/child_random_port_1754751503713473454_5861260540202291307 to be created
2025/08/09 14:58:23 maxprocs: Leaving GOMAXPROCS=16: CPU quota undefined
I0809 14:58:23.975620  4496 main.go:604] Setting GOMAXPROCS to 4
I0809 14:58:23.975831  4496 main.go:823] Starting language server process with pid 4496
I0809 14:58:23.975907  4496 server.go:296] Language server will attempt to listen on host 127.0.0.1
I0809 14:58:23.976611  4496 server.go:303] Language server listening on random port at 39903
I0809 14:58:24.681908  4496 web_server.go:256] Chat Web Server listening at ws://127.0.0.1:43949
I0809 14:58:24.930692  4496 server.go:955] Local search is enabled, will index local files.
I0809 14:58:24.930721  4496 server.go:959] Using 4 indexer workers
I0809 14:58:25.160857  4496 server.go:1196] Child process attempting to acquire lock file /tmp/f04292fe-80b8-47d3-ad17-c2b080409e76/codeium/manager/locks/child_lock_1754751503713544904_2940112871925640547
I0809 14:58:25.160919  4496 server.go:1204] Child process acquired lock file /tmp/f04292fe-80b8-47d3-ad17-c2b080409e76/codeium/manager/locks/child_lock_1754751503713544904_2940112871925640547
39781
I0809 14:58:25.221298  4475 main.go:319] [Language Server Manager] Found random server port 39903
I0809 14:58:25.221339  4475 main.go:320] [Language Server Manager] Found random lsp port 39781
I0809 14:58:25.221365  4475 main.go:327] [Language Server Manager] Attempting to connect to language server at 127.0.0.1:39903
I0809 14:58:25.234472  4475 main.go:192] [Language Server Manager] Fixing language server port at 39903
I0809 14:58:25.234513  4475 main.go:381] [Language Server Manager] Successfully connected to new language server at 127.0.0.1:39903
(VSCode) 2025-08-09 14:58:25.302 [INFO]: Found language server running on port 39903
Playwright Host validation warning: 
╔══════════════════════════════════════════════════════╗
║ Host system is missing dependencies to run browsers. ║
║ Please install them with the following command:      ║
║                                                      ║
║     sudo npx playwright install-deps                 ║
║                                                      ║
║ Alternatively, use apt:                              ║
║     sudo apt-get install libatk1.0-0\                ║
║         libatk-bridge2.0-0\                          ║
║         libcups2\                                    ║
║         libxcomposite1\                              ║
║         libxdamage1\                                 ║
║         libxfixes3\                                  ║
║         libxrandr2\                                  ║
║         libgbm1\                                     ║
║         libxkbcommon0\                               ║
║         libatspi2.0-0                                ║
║                                                      ║
║ <3 Playwright Team                                   ║
╚══════════════════════════════════════════════════════╝
    at validateDependenciesLinux (/home/gitpod/.cache/ms-playwright-go/1.50.1/package/lib/server/registry/dependencies.js:216:9)
    at process.processTicksAndRejections (node:internal/process/task_queues:105:5)
    at async Registry._validateHostRequirements (/home/gitpod/.cache/ms-playwright-go/1.50.1/package/lib/server/registry/index.js:865:43)
    at async Registry._validateHostRequirementsForExecutableIfNeeded (/home/gitpod/.cache/ms-playwright-go/1.50.1/package/lib/server/registry/index.js:963:7)
    at async Registry.validateHostRequirementsForExecutablesIfNeeded (/home/gitpod/.cache/ms-playwright-go/1.50.1/package/lib/server/registry/index.js:952:43)
    at async t.<anonymous> (/home/gitpod/.cache/ms-playwright-go/1.50.1/package/lib/cli/program.js:122:7)
(VSCode) 2025-08-09 14:58:29.026 [INFO]: openAllTextDocuments took 3455.5024379999995ms
(VSCode) 2025-08-09 15:00:25.611 [WARN]: User not logged in
(VSCode) 2025-08-09 15:00:25.672 [WARN]: User not logged in
(VSCode) 2025-08-09 15:00:26.717 [WARN]: User not logged in
(VSCode) 2025-08-09 15:01:19.536 [WARN]: User not logged in
(VSCode) 2025-08-09 15:01:35.296 [WARN]: User not logged in
(VSCode) 2025-08-09 15:03:55.361 [WARN]: User not logged in
(VSCode) 2025-08-09 15:03:55.754 [WARN]: User not logged in
(VSCode) 2025-08-09 15:03:55.908 [WARN]: User not logged in
(VSCode) 2025-08-09 15:03:56.074 [WARN]: User not logged in
(VSCode) 2025-08-09 15:03:56.637 [WARN]: User not logged in
(VSCode) 2025-08-09 15:03:57.061 [WARN]: User not logged in
(VSCode) 2025-08-09 15:03:57.285 [WARN]: User not logged in
(VSCode) 2025-08-09 15:03:58.271 [WARN]: User not logged in
(VSCode) 2025-08-09 15:04:04.744 [WARN]: User not logged in
(VSCode) 2025-08-09 15:04:05.582 [WARN]: User not logged in
(VSCode) 2025-08-09 15:04:06.062 [WARN]: User not logged in
(VSCode) 2025-08-09 15:04:06.201 [WARN]: User not logged in
(VSCode) 2025-08-09 15:04:06.306 [WARN]: User not logged in
(VSCode) 2025-08-09 15:04:06.435 [WARN]: User not logged in
(VSCode) 2025-08-09 15:04:06.601 [WARN]: User not logged in
(VSCode) 2025-08-09 15:04:06.738 [WARN]: User not logged in
(VSCode) 2025-08-09 15:04:06.833 [WARN]: User not logged in
(VSCode) 2025-08-09 15:04:10.185 [WARN]: User not logged in
(VSCode) 2025-08-09 15:04:12.810 [WARN]: User not logged in
(VSCode) 2025-08-09 15:04:13.055 [WARN]: User not logged in
(VSCode) 2025-08-09 15:04:13.523 [WARN]: User not logged in
(VSCode) 2025-08-09 15:04:16.946 [WARN]: User not logged in
(VSCode) 2025-08-09 15:04:17.569 [WARN]: User not logged in
(VSCode) 2025-08-09 15:04:25.667 [WARN]: User not logged in
(VSCode) 2025-08-09 15:04:35.059 [WARN]: User not logged in
(VSCode) 2025-08-09 15:04:35.997 [WARN]: User not logged in
(VSCode) 2025-08-09 15:04:36.225 [WARN]: User not logged in
(VSCode) 2025-08-09 15:04:36.290 [WARN]: User not logged in
(VSCode) 2025-08-09 15:04:36.398 [WARN]: User not logged in
(VSCode) 2025-08-09 15:04:37.997 [WARN]: User not logged in
(VSCode) 2025-08-09 15:04:38.899 [WARN]: User not logged in
(VSCode) 2025-08-09 15:04:53.448 [WARN]: User not logged in
(VSCode) 2025-08-09 15:04:55.636 [WARN]: User not logged in
(VSCode) 2025-08-09 15:05:08.099 [WARN]: User not logged in
(VSCode) 2025-08-09 15:05:08.519 [WARN]: User not logged in
(VSCode) 2025-08-09 15:05:09.030 [WARN]: User not logged in
(VSCode) 2025-08-09 15:05:10.106 [WARN]: User not logged in
(VSCode) 2025-08-09 15:05:10.717 [WARN]: User not logged in
(VSCode) 2025-08-09 15:05:11.205 [WARN]: User not logged in
(VSCode) 2025-08-09 15:05:11.847 [WARN]: User not logged in
(VSCode) 2025-08-09 15:05:12.339 [WARN]: User not logged in
(VSCode) 2025-08-09 15:05:16.075 [WARN]: User not logged in
(VSCode) 2025-08-09 15:05:18.440 [WARN]: User not logged in
(VSCode) 2025-08-09 15:05:19.119 [WARN]: User not logged in
(VSCode) 2025-08-09 15:05:19.655 [WARN]: User not logged in
(VSCode) 2025-08-09 15:05:20.700 [WARN]: User not logged in
(VSCode) 2025-08-09 15:05:37.157 [WARN]: User not logged in
(VSCode) 2025-08-09 15:05:39.713 [WARN]: User not logged in
(VSCode) 2025-08-09 15:05:42.540 [WARN]: User not logged in
(VSCode) 2025-08-09 15:06:05.168 [WARN]: User not logged in
(VSCode) 2025-08-09 15:06:05.613 [WARN]: User not logged in
(VSCode) 2025-08-09 15:06:06.117 [WARN]: User not logged in
(VSCode) 2025-08-09 15:06:06.512 [WARN]: User not logged in
(VSCode) 2025-08-09 15:06:07.026 [WARN]: User not logged in
(VSCode) 2025-08-09 15:06:11.110 [WARN]: User not logged in
(VSCode) 2025-08-09 15:06:25.144 [WARN]: User not logged in
(VSCode) 2025-08-09 15:06:26.593 [WARN]: User not logged in
(VSCode) 2025-08-09 15:06:28.035 [WARN]: User not logged in
(VSCode) 2025-08-09 15:06:28.320 [WARN]: User not logged in
(VSCode) 2025-08-09 15:06:29.676 [WARN]: User not logged in
(VSCode) 2025-08-09 15:06:30.566 [WARN]: User not logged in
(VSCode) 2025-08-09 15:06:31.829 [WARN]: User not logged in
(VSCode) 2025-08-09 15:06:32.043 [WARN]: User not logged in
(VSCode) 2025-08-09 15:06:33.801 [WARN]: User not logged in
(VSCode) 2025-08-09 15:06:33.986 [WARN]: User not logged in
(VSCode) 2025-08-09 15:06:34.353 [WARN]: User not logged in
(VSCode) 2025-08-09 15:06:34.441 [WARN]: User not logged in
(VSCode) 2025-08-09 15:06:34.650 [WARN]: User not logged in
(VSCode) 2025-08-09 15:06:36.377 [WARN]: User not logged in
(VSCode) 2025-08-09 15:06:36.616 [WARN]: User not logged in
(VSCode) 2025-08-09 15:06:37.305 [WARN]: User not logged in
(VSCode) 2025-08-09 15:07:00.853 [WARN]: User not logged in
(VSCode) 2025-08-09 15:07:01.839 [WARN]: User not logged in
(VSCode) 2025-08-09 15:07:10.320 [WARN]: User not logged in
(VSCode) 2025-08-09 15:07:11.135 [WARN]: User not logged in
(VSCode) 2025-08-09 15:07:40.808 [WARN]: User not logged in
(VSCode) 2025-08-09 15:07:41.509 [WARN]: User not logged in
(VSCode) 2025-08-09 15:08:02.726 [WARN]: User not logged in
(VSCode) 2025-08-09 15:08:03.329 [WARN]: User not logged in
(VSCode) 2025-08-09 15:09:27.523 [WARN]: User not logged in
(VSCode) 2025-08-09 15:09:28.118 [WARN]: User not logged in
(VSCode) 2025-08-09 15:16:21.844 [INFO]: Disposing language server process
(VSCode) 2025-08-09 15:16:21.844 [INFO]: Deleting manager directory: /tmp/f04292fe-80b8-47d3-ad17-c2b080409e76/codeium/manager
(VSCode) 2025-08-09 15:16:21.845 [INFO]: Successfully disposed language server
W0809 15:16:21.844398  4475 main.go:142] [Language Server Manager] Got signal terminated, shutting down
I0809 15:16:21.925046  4496 server.go:1422] Exit requested on language server process 4496
I0809 15:16:21.925219  4496 server.go:1395] Language server shutting down
