["INFO" - 2:58:18 PM] Extension Name: esbenp.prettier-vscode.
["INFO" - 2:58:18 PM] Extension Version: 11.0.0.
["INFO" - 2:58:57 PM] Using config file at /workspace/Website-starter/.prettierrc
["INFO" - 2:59:36 PM] Using config file at /workspace/Website-starter/.prettierrc
["INFO" - 3:00:01 PM] Using config file at /workspace/Website-starter/.prettierrc
["INFO" - 3:00:07 PM] Using config file at /workspace/Website-starter/.prettierrc
["INFO" - 3:00:33 PM] Using config file at /workspace/Website-starter/.prettierrc
["INFO" - 3:01:24 PM] Using config file at /workspace/Website-starter/.prettierrc
["INFO" - 3:01:26 PM] Formatting file:///workspace/Website-starter/src/assets/styles/atyp/stylesheet.css
["INFO" - 3:01:26 PM] Using config file at /workspace/Website-starter/.prettierrc
["INFO" - 3:01:26 PM] PrettierInstance:
{
  "modulePath": "/workspace/Website-starter/node_modules/prettier/index.cjs",
  "messageResolvers": {},
  "version": "3.6.2"
}
["INFO" - 3:01:26 PM] Using ignore file (if present) at /workspace/Website-starter/.prettierignore
["INFO" - 3:01:26 PM] File Info:
{
  "ignored": false,
  "inferredParser": "css"
}
["INFO" - 3:01:26 PM] Detected local configuration (i.e. .prettierrc or .editorconfig), VS Code configuration will not be used
["INFO" - 3:01:26 PM] Prettier Options:
{
  "filepath": "/workspace/Website-starter/src/assets/styles/atyp/stylesheet.css",
  "parser": "css",
  "plugins": [
    "/workspace/Website-starter/node_modules/prettier-plugin-astro/dist/index.js",
    "/workspace/Website-starter/node_modules/prettier-plugin-tailwindcss/dist/index.mjs"
  ],
  "semi": false,
  "trailingComma": "es5",
  "singleQuote": false,
  "printWidth": 80,
  "tabWidth": 2,
  "useTabs": false,
  "bracketSpacing": true,
  "arrowParens": "avoid",
  "htmlWhitespaceSensitivity": "ignore",
  "endOfLine": "lf",
  "embeddedLanguageFormatting": "auto"
}
["INFO" - 3:01:26 PM] Formatting completed in 120ms.
["INFO" - 3:01:30 PM] Using config file at /workspace/Website-starter/.prettierrc
["INFO" - 3:01:38 PM] Using config file at /workspace/Website-starter/.prettierrc
["INFO" - 3:01:39 PM] Formatting file:///workspace/Website-starter/src/assets/styles/global.css
["INFO" - 3:01:39 PM] Using config file at /workspace/Website-starter/.prettierrc
["INFO" - 3:01:39 PM] PrettierInstance:
{
  "modulePath": "/workspace/Website-starter/node_modules/prettier/index.cjs",
  "messageResolvers": {},
  "version": "3.6.2"
}
["INFO" - 3:01:39 PM] Using ignore file (if present) at /workspace/Website-starter/.prettierignore
["INFO" - 3:01:39 PM] File Info:
{
  "ignored": false,
  "inferredParser": "css"
}
["INFO" - 3:01:39 PM] Detected local configuration (i.e. .prettierrc or .editorconfig), VS Code configuration will not be used
["INFO" - 3:01:39 PM] Prettier Options:
{
  "filepath": "/workspace/Website-starter/src/assets/styles/global.css",
  "parser": "css",
  "plugins": [
    "/workspace/Website-starter/node_modules/prettier-plugin-astro/dist/index.js",
    "/workspace/Website-starter/node_modules/prettier-plugin-tailwindcss/dist/index.mjs"
  ],
  "semi": false,
  "trailingComma": "es5",
  "singleQuote": false,
  "printWidth": 80,
  "tabWidth": 2,
  "useTabs": false,
  "bracketSpacing": true,
  "arrowParens": "avoid",
  "htmlWhitespaceSensitivity": "ignore",
  "endOfLine": "lf",
  "embeddedLanguageFormatting": "auto"
}
["INFO" - 3:01:39 PM] Formatting completed in 40ms.
["INFO" - 3:01:45 PM] Using config file at /workspace/Website-starter/.prettierrc
["INFO" - 3:02:22 PM] Using config file at /workspace/Website-starter/.prettierrc
["INFO" - 3:02:23 PM] Using config file at /workspace/Website-starter/.prettierrc
["INFO" - 3:03:43 PM] Using config file at /workspace/Website-starter/.prettierrc
["INFO" - 3:03:46 PM] Using config file at /workspace/Website-starter/.prettierrc
["INFO" - 3:05:54 PM] Using config file at /workspace/Website-starter/.prettierrc
["INFO" - 3:06:08 PM] Using config file at /workspace/Website-starter/.prettierrc
["INFO" - 3:06:38 PM] Using config file at /workspace/Website-starter/.prettierrc
["INFO" - 3:06:56 PM] Using config file at /workspace/Website-starter/.prettierrc
