2025-08-09 11:16:25.789 [info] [main] Log level: Info
2025-08-09 11:16:25.814 [info] [main] Validating found git in: "git"
2025-08-09 11:16:25.814 [info] [main] Using git "2.49.0" from "git"
2025-08-09 11:16:25.814 [info] [Model][doInitialScan] Initial repository scan started
2025-08-09 11:16:25.814 [info] > git rev-parse --show-toplevel [3ms]
2025-08-09 11:16:25.814 [info] > git rev-parse --git-dir --git-common-dir [7ms]
2025-08-09 11:16:25.814 [info] [Model][openRepository] Opened repository (path): /workspace/Website-starter
2025-08-09 11:16:25.814 [info] [Model][openRepository] Opened repository (real path): /workspace/Website-starter
2025-08-09 11:16:25.814 [info] > git rev-parse --show-toplevel [13ms]
2025-08-09 11:16:25.814 [info] > git config --get commit.template [21ms]
2025-08-09 11:16:25.814 [info] > git rev-parse --show-toplevel [38ms]
2025-08-09 11:16:25.814 [info] > git for-each-ref --format=%(refname)%00%(upstream:short)%00%(objectname)%00%(upstream:track)%00%(upstream:remotename)%00%(upstream:remoteref) refs/heads/main refs/remotes/main [21ms]
2025-08-09 11:16:25.814 [info] > git rev-parse --show-toplevel [17ms]
2025-08-09 11:16:25.814 [info] > git rev-parse --show-toplevel [17ms]
2025-08-09 11:16:25.814 [info] > git status -z -uall [18ms]
2025-08-09 11:16:25.814 [info] > git for-each-ref --sort -committerdate --format %(refname)%00%(objectname)%00%(*objectname) [11ms]
2025-08-09 11:16:25.814 [info] > git rev-parse --show-toplevel [4ms]
2025-08-09 11:16:25.814 [info] > git config --get commit.template [6ms]
2025-08-09 11:16:25.814 [info] > git rev-parse --show-toplevel [12ms]
2025-08-09 11:16:25.814 [info] > git for-each-ref --format=%(refname)%00%(upstream:short)%00%(objectname)%00%(upstream:track)%00%(upstream:remotename)%00%(upstream:remoteref) refs/heads/main refs/remotes/main [21ms]
2025-08-09 11:16:25.814 [info] > git config --get --local branch.main.vscode-merge-base [15ms]
2025-08-09 11:16:25.814 [info] > git for-each-ref --format=%(refname)%00%(upstream:short)%00%(objectname)%00%(upstream:track)%00%(upstream:remotename)%00%(upstream:remoteref) refs/heads/main refs/remotes/main [40ms]
2025-08-09 11:16:25.814 [info] > git rev-parse --show-toplevel [47ms]
2025-08-09 11:16:25.814 [info] > git fetch [423ms]
2025-08-09 11:16:25.814 [info] > git for-each-ref --format=%(refname)%00%(upstream:short)%00%(objectname)%00%(upstream:track)%00%(upstream:remotename)%00%(upstream:remoteref) refs/heads/origin/main refs/remotes/origin/main [70ms]
2025-08-09 11:16:25.814 [info] > git rev-parse --show-toplevel [18ms]
2025-08-09 11:16:25.814 [info] [Model][doInitialScan] Initial repository scan completed - repositories (1), closed repositories (0), parent repositories (0), unsafe repositories (0)
2025-08-09 11:16:25.814 [info] > git merge-base refs/heads/main refs/remotes/origin/main [11ms]
2025-08-09 11:16:25.814 [info] > git config --get commit.template [17ms]
2025-08-09 11:16:25.814 [info] > git diff --name-status -z --diff-filter=ADMR 0d7a3a898007be1d8200d8db99d59472a2da8d06...refs/remotes/origin/main [12ms]
2025-08-09 11:16:25.815 [info] > git merge-base refs/heads/main refs/remotes/origin/main [37ms]
2025-08-09 11:16:25.822 [info] > git for-each-ref --format=%(refname)%00%(upstream:short)%00%(objectname)%00%(upstream:track)%00%(upstream:remotename)%00%(upstream:remoteref) refs/heads/main refs/remotes/main [36ms]
2025-08-09 11:16:25.836 [info] > git diff --name-status -z --diff-filter=ADMR 0d7a3a898007be1d8200d8db99d59472a2da8d06...refs/remotes/origin/main [16ms]
2025-08-09 11:16:25.839 [info] > git for-each-ref --sort -committerdate --format %(refname)%00%(objectname)%00%(*objectname) [4ms]
2025-08-09 11:16:25.848 [info] > git status -z -uall [20ms]
2025-08-09 11:16:26.295 [info] > git check-ignore -v -z --stdin [3ms]
2025-08-09 11:16:31.822 [info] > git show --textconv :src/components/sections/landing/HeroSection.astro [85ms]
2025-08-09 11:16:31.824 [info] > git ls-files --stage -- src/components/sections/landing/HeroSection.astro [8ms]
2025-08-09 11:16:31.916 [info] > git cat-file -s 651d4ec772e9f1908a9a04cbe4abb909827b9701 [83ms]
2025-08-09 11:16:34.945 [info] > git config --get --local branch.main.github-pr-owner-number [3ms]
2025-08-09 11:16:34.945 [warning] [Git][config] git config failed: Failed to execute git
2025-08-09 11:17:35.665 [info] > git blame --root --incremental 0d7a3a898007be1d8200d8db99d59472a2da8d06 -- src/components/sections/landing/HeroSection.astro [4ms]
2025-08-09 11:17:43.255 [info] > git check-ignore -v -z --stdin [2ms]
2025-08-09 11:17:45.178 [info] > git show --textconv :src/layouts/MainLayout.astro [12ms]
2025-08-09 11:17:45.180 [info] > git ls-files --stage -- src/layouts/MainLayout.astro [2ms]
2025-08-09 11:17:45.194 [info] > git cat-file -s 14bf206fd6a51d4f3962b9dca1d15db464a9b075 [2ms]
2025-08-09 11:17:45.911 [info] > git blame --root --incremental 0d7a3a898007be1d8200d8db99d59472a2da8d06 -- src/layouts/MainLayout.astro [4ms]
2025-08-09 11:18:06.666 [info] > git check-ignore -v -z --stdin [2ms]
2025-08-09 11:18:07.732 [info] > git check-ignore -v -z --stdin [3ms]
2025-08-09 11:18:26.396 [info] > git check-ignore -v -z --stdin [3ms]
2025-08-09 11:20:09.269 [info] > git fetch [332ms]
2025-08-09 11:20:09.293 [info] > git config --get commit.template [11ms]
2025-08-09 11:20:09.294 [info] > git for-each-ref --format=%(refname)%00%(upstream:short)%00%(objectname)%00%(upstream:track)%00%(upstream:remotename)%00%(upstream:remoteref) refs/heads/main refs/remotes/main [3ms]
2025-08-09 11:20:09.317 [info] > git for-each-ref --sort -committerdate --format %(refname)%00%(objectname)%00%(*objectname) [3ms]
2025-08-09 11:20:09.319 [info] > git status -z -uall [14ms]
2025-08-09 11:20:10.483 [info] > git config --get commit.template [10ms]
2025-08-09 11:20:10.485 [info] > git for-each-ref --format=%(refname)%00%(upstream:short)%00%(objectname)%00%(upstream:track)%00%(upstream:remotename)%00%(upstream:remoteref) refs/heads/main refs/remotes/main [2ms]
2025-08-09 11:20:10.507 [info] > git for-each-ref --sort -committerdate --format %(refname)%00%(objectname)%00%(*objectname) [3ms]
2025-08-09 11:20:10.509 [info] > git status -z -uall [15ms]
2025-08-09 11:20:11.113 [info] > git ls-files --stage -- src/layouts/MainLayout.astro [3ms]
2025-08-09 11:20:11.124 [info] > git cat-file -s 14bf206fd6a51d4f3962b9dca1d15db464a9b075 [2ms]
2025-08-09 11:20:11.358 [info] > git show --textconv :src/layouts/MainLayout.astro [2ms]
2025-08-09 11:20:57.345 [info] > git config --get commit.template [10ms]
2025-08-09 11:20:57.346 [info] > git for-each-ref --format=%(refname)%00%(upstream:short)%00%(objectname)%00%(upstream:track)%00%(upstream:remotename)%00%(upstream:remoteref) refs/heads/main refs/remotes/main [3ms]
2025-08-09 11:20:57.372 [info] > git status -z -uall [14ms]
2025-08-09 11:20:57.373 [info] > git for-each-ref --sort -committerdate --format %(refname)%00%(objectname)%00%(*objectname) [4ms]
2025-08-09 11:21:02.322 [info] > git check-ignore -v -z --stdin [3ms]
2025-08-09 11:21:25.029 [info] > git config --get commit.template [11ms]
2025-08-09 11:21:25.031 [info] > git for-each-ref --format=%(refname)%00%(upstream:short)%00%(objectname)%00%(upstream:track)%00%(upstream:remotename)%00%(upstream:remoteref) refs/heads/main refs/remotes/main [3ms]
2025-08-09 11:21:25.057 [info] > git status -z -uall [15ms]
2025-08-09 11:21:25.058 [info] > git for-each-ref --sort -committerdate --format %(refname)%00%(objectname)%00%(*objectname) [4ms]
2025-08-09 11:21:31.355 [info] > git config --get commit.template [15ms]
2025-08-09 11:21:31.356 [info] > git for-each-ref --format=%(refname)%00%(upstream:short)%00%(objectname)%00%(upstream:track)%00%(upstream:remotename)%00%(upstream:remoteref) refs/heads/main refs/remotes/main [3ms]
2025-08-09 11:21:31.384 [info] > git for-each-ref --sort -committerdate --format %(refname)%00%(objectname)%00%(*objectname) [5ms]
2025-08-09 11:21:31.384 [info] > git status -z -uall [17ms]
2025-08-09 11:21:36.422 [info] > git config --get commit.template [15ms]
2025-08-09 11:21:36.424 [info] > git for-each-ref --format=%(refname)%00%(upstream:short)%00%(objectname)%00%(upstream:track)%00%(upstream:remotename)%00%(upstream:remoteref) refs/heads/main refs/remotes/main [3ms]
2025-08-09 11:21:36.450 [info] > git for-each-ref --sort -committerdate --format %(refname)%00%(objectname)%00%(*objectname) [4ms]
2025-08-09 11:21:36.451 [info] > git status -z -uall [16ms]
2025-08-09 11:21:48.019 [info] > git config --get commit.template [12ms]
2025-08-09 11:21:48.022 [info] > git for-each-ref --format=%(refname)%00%(upstream:short)%00%(objectname)%00%(upstream:track)%00%(upstream:remotename)%00%(upstream:remoteref) refs/heads/main refs/remotes/main [3ms]
2025-08-09 11:21:48.052 [info] > git status -z -uall [17ms]
2025-08-09 11:21:48.052 [info] > git for-each-ref --sort -committerdate --format %(refname)%00%(objectname)%00%(*objectname) [4ms]
2025-08-09 11:22:07.649 [info] > git check-ignore -v -z --stdin [3ms]
2025-08-09 11:22:08.848 [info] > git check-ignore -v -z --stdin [3ms]
2025-08-09 11:22:21.288 [info] > git config --get commit.template [15ms]
2025-08-09 11:22:21.289 [info] > git for-each-ref --format=%(refname)%00%(upstream:short)%00%(objectname)%00%(upstream:track)%00%(upstream:remotename)%00%(upstream:remoteref) refs/heads/main refs/remotes/main [2ms]
2025-08-09 11:22:21.314 [info] > git status -z -uall [14ms]
2025-08-09 11:22:21.316 [info] > git for-each-ref --sort -committerdate --format %(refname)%00%(objectname)%00%(*objectname) [4ms]
2025-08-09 11:22:26.352 [info] > git config --get commit.template [18ms]
2025-08-09 11:22:26.355 [info] > git for-each-ref --format=%(refname)%00%(upstream:short)%00%(objectname)%00%(upstream:track)%00%(upstream:remotename)%00%(upstream:remoteref) refs/heads/main refs/remotes/main [4ms]
2025-08-09 11:22:26.385 [info] > git status -z -uall [15ms]
2025-08-09 11:22:26.386 [info] > git for-each-ref --sort -committerdate --format %(refname)%00%(objectname)%00%(*objectname) [4ms]
2025-08-09 11:22:31.423 [info] > git config --get commit.template [14ms]
2025-08-09 11:22:31.425 [info] > git for-each-ref --format=%(refname)%00%(upstream:short)%00%(objectname)%00%(upstream:track)%00%(upstream:remotename)%00%(upstream:remoteref) refs/heads/main refs/remotes/main [3ms]
2025-08-09 11:22:31.454 [info] > git for-each-ref --sort -committerdate --format %(refname)%00%(objectname)%00%(*objectname) [3ms]
2025-08-09 11:22:31.455 [info] > git status -z -uall [16ms]
2025-08-09 11:22:36.486 [info] > git config --get commit.template [13ms]
2025-08-09 11:22:36.490 [info] > git for-each-ref --format=%(refname)%00%(upstream:short)%00%(objectname)%00%(upstream:track)%00%(upstream:remotename)%00%(upstream:remoteref) refs/heads/main refs/remotes/main [5ms]
2025-08-09 11:22:36.518 [info] > git status -z -uall [15ms]
2025-08-09 11:22:36.519 [info] > git for-each-ref --sort -committerdate --format %(refname)%00%(objectname)%00%(*objectname) [4ms]
2025-08-09 11:22:41.547 [info] > git config --get commit.template [11ms]
2025-08-09 11:22:41.549 [info] > git for-each-ref --format=%(refname)%00%(upstream:short)%00%(objectname)%00%(upstream:track)%00%(upstream:remotename)%00%(upstream:remoteref) refs/heads/main refs/remotes/main [3ms]
2025-08-09 11:22:41.574 [info] > git status -z -uall [14ms]
2025-08-09 11:22:41.577 [info] > git for-each-ref --sort -committerdate --format %(refname)%00%(objectname)%00%(*objectname) [2ms]
2025-08-09 11:22:46.621 [info] > git config --get commit.template [21ms]
2025-08-09 11:22:46.622 [info] > git for-each-ref --format=%(refname)%00%(upstream:short)%00%(objectname)%00%(upstream:track)%00%(upstream:remotename)%00%(upstream:remoteref) refs/heads/main refs/remotes/main [4ms]
2025-08-09 11:22:46.666 [info] > git for-each-ref --sort -committerdate --format %(refname)%00%(objectname)%00%(*objectname) [4ms]
2025-08-09 11:22:46.668 [info] > git status -z -uall [25ms]
2025-08-09 11:22:47.970 [info] > git show --textconv :src/components/sections/landing/HeroSection.astro [16ms]
2025-08-09 11:22:47.972 [info] > git ls-files --stage -- src/components/sections/landing/HeroSection.astro [3ms]
2025-08-09 11:22:47.995 [info] > git cat-file -s 651d4ec772e9f1908a9a04cbe4abb909827b9701 [3ms]
2025-08-09 11:23:07.460 [info] > git config --get commit.template [13ms]
2025-08-09 11:23:07.461 [info] > git for-each-ref --format=%(refname)%00%(upstream:short)%00%(objectname)%00%(upstream:track)%00%(upstream:remotename)%00%(upstream:remoteref) refs/heads/main refs/remotes/main [3ms]
2025-08-09 11:23:07.489 [info] > git status -z -uall [15ms]
2025-08-09 11:23:07.489 [info] > git for-each-ref --sort -committerdate --format %(refname)%00%(objectname)%00%(*objectname) [4ms]
2025-08-09 11:23:09.668 [info] > git fetch [331ms]
2025-08-09 11:23:09.688 [info] > git config --get commit.template [9ms]
2025-08-09 11:23:09.690 [info] > git for-each-ref --format=%(refname)%00%(upstream:short)%00%(objectname)%00%(upstream:track)%00%(upstream:remotename)%00%(upstream:remoteref) refs/heads/main refs/remotes/main [3ms]
2025-08-09 11:23:09.711 [info] > git for-each-ref --sort -committerdate --format %(refname)%00%(objectname)%00%(*objectname) [3ms]
2025-08-09 11:23:09.713 [info] > git status -z -uall [14ms]
2025-08-09 11:23:12.373 [info] > git show --textconv :src/components/sections/landing/HeroSection.astro [10ms]
2025-08-09 11:23:12.374 [info] > git ls-files --stage -- src/components/sections/landing/HeroSection.astro [3ms]
2025-08-09 11:23:12.385 [info] > git cat-file -s 651d4ec772e9f1908a9a04cbe4abb909827b9701 [2ms]
2025-08-09 11:23:12.515 [info] > git config --get commit.template [10ms]
2025-08-09 11:23:12.517 [info] > git for-each-ref --format=%(refname)%00%(upstream:short)%00%(objectname)%00%(upstream:track)%00%(upstream:remotename)%00%(upstream:remoteref) refs/heads/main refs/remotes/main [3ms]
2025-08-09 11:23:12.540 [info] > git for-each-ref --sort -committerdate --format %(refname)%00%(objectname)%00%(*objectname) [3ms]
2025-08-09 11:23:12.542 [info] > git status -z -uall [15ms]
2025-08-09 11:23:19.251 [info] > git config --get commit.template [13ms]
2025-08-09 11:23:19.253 [info] > git for-each-ref --format=%(refname)%00%(upstream:short)%00%(objectname)%00%(upstream:track)%00%(upstream:remotename)%00%(upstream:remoteref) refs/heads/main refs/remotes/main [2ms]
2025-08-09 11:23:19.282 [info] > git status -z -uall [16ms]
2025-08-09 11:23:19.282 [info] > git for-each-ref --sort -committerdate --format %(refname)%00%(objectname)%00%(*objectname) [4ms]
2025-08-09 11:23:36.332 [info] > git config --get commit.template [2ms]
2025-08-09 11:23:36.350 [info] > git for-each-ref --format=%(refname)%00%(upstream:short)%00%(objectname)%00%(upstream:track)%00%(upstream:remotename)%00%(upstream:remoteref) refs/heads/main refs/remotes/main [3ms]
2025-08-09 11:23:36.436 [info] > git status -z -uall [19ms]
2025-08-09 11:23:36.436 [info] > git for-each-ref --sort -committerdate --format %(refname)%00%(objectname)%00%(*objectname) [5ms]
2025-08-09 11:23:45.468 [info] > git config --get commit.template [14ms]
2025-08-09 11:23:45.470 [info] > git for-each-ref --format=%(refname)%00%(upstream:short)%00%(objectname)%00%(upstream:track)%00%(upstream:remotename)%00%(upstream:remoteref) refs/heads/main refs/remotes/main [3ms]
2025-08-09 11:23:45.494 [info] > git for-each-ref --sort -committerdate --format %(refname)%00%(objectname)%00%(*objectname) [4ms]
2025-08-09 11:23:45.495 [info] > git status -z -uall [14ms]
2025-08-09 11:24:39.004 [info] > git config --get commit.template [17ms]
2025-08-09 11:24:39.005 [info] > git for-each-ref --format=%(refname)%00%(upstream:short)%00%(objectname)%00%(upstream:track)%00%(upstream:remotename)%00%(upstream:remoteref) refs/heads/main refs/remotes/main [2ms]
2025-08-09 11:24:39.031 [info] > git status -z -uall [14ms]
2025-08-09 11:24:39.032 [info] > git for-each-ref --sort -committerdate --format %(refname)%00%(objectname)%00%(*objectname) [3ms]
2025-08-09 11:24:44.058 [info] > git config --get commit.template [12ms]
2025-08-09 11:24:44.059 [info] > git for-each-ref --format=%(refname)%00%(upstream:short)%00%(objectname)%00%(upstream:track)%00%(upstream:remotename)%00%(upstream:remoteref) refs/heads/main refs/remotes/main [2ms]
2025-08-09 11:24:44.083 [info] > git for-each-ref --sort -committerdate --format %(refname)%00%(objectname)%00%(*objectname) [3ms]
2025-08-09 11:24:44.084 [info] > git status -z -uall [15ms]
2025-08-09 11:24:49.107 [info] > git config --get commit.template [10ms]
2025-08-09 11:24:49.109 [info] > git for-each-ref --format=%(refname)%00%(upstream:short)%00%(objectname)%00%(upstream:track)%00%(upstream:remotename)%00%(upstream:remoteref) refs/heads/main refs/remotes/main [3ms]
2025-08-09 11:24:49.130 [info] > git for-each-ref --sort -committerdate --format %(refname)%00%(objectname)%00%(*objectname) [3ms]
2025-08-09 11:24:49.132 [info] > git status -z -uall [14ms]
2025-08-09 11:24:54.157 [info] > git config --get commit.template [10ms]
2025-08-09 11:24:54.159 [info] > git for-each-ref --format=%(refname)%00%(upstream:short)%00%(objectname)%00%(upstream:track)%00%(upstream:remotename)%00%(upstream:remoteref) refs/heads/main refs/remotes/main [3ms]
2025-08-09 11:24:54.183 [info] > git for-each-ref --sort -committerdate --format %(refname)%00%(objectname)%00%(*objectname) [3ms]
2025-08-09 11:24:54.183 [info] > git status -z -uall [15ms]
2025-08-09 11:24:59.209 [info] > git config --get commit.template [10ms]
2025-08-09 11:24:59.210 [info] > git for-each-ref --format=%(refname)%00%(upstream:short)%00%(objectname)%00%(upstream:track)%00%(upstream:remotename)%00%(upstream:remoteref) refs/heads/main refs/remotes/main [2ms]
2025-08-09 11:24:59.231 [info] > git for-each-ref --sort -committerdate --format %(refname)%00%(objectname)%00%(*objectname) [3ms]
2025-08-09 11:24:59.234 [info] > git status -z -uall [15ms]
2025-08-09 11:25:04.265 [info] > git config --get commit.template [13ms]
2025-08-09 11:25:04.267 [info] > git for-each-ref --format=%(refname)%00%(upstream:short)%00%(objectname)%00%(upstream:track)%00%(upstream:remotename)%00%(upstream:remoteref) refs/heads/main refs/remotes/main [3ms]
2025-08-09 11:25:04.295 [info] > git status -z -uall [15ms]
2025-08-09 11:25:04.295 [info] > git for-each-ref --sort -committerdate --format %(refname)%00%(objectname)%00%(*objectname) [3ms]
2025-08-09 11:25:09.324 [info] > git config --get commit.template [13ms]
2025-08-09 11:25:09.325 [info] > git for-each-ref --format=%(refname)%00%(upstream:short)%00%(objectname)%00%(upstream:track)%00%(upstream:remotename)%00%(upstream:remoteref) refs/heads/main refs/remotes/main [3ms]
2025-08-09 11:25:09.354 [info] > git for-each-ref --sort -committerdate --format %(refname)%00%(objectname)%00%(*objectname) [3ms]
2025-08-09 11:25:09.355 [info] > git status -z -uall [16ms]
2025-08-09 11:25:14.381 [info] > git config --get commit.template [10ms]
2025-08-09 11:25:14.383 [info] > git for-each-ref --format=%(refname)%00%(upstream:short)%00%(objectname)%00%(upstream:track)%00%(upstream:remotename)%00%(upstream:remoteref) refs/heads/main refs/remotes/main [3ms]
2025-08-09 11:25:14.405 [info] > git for-each-ref --sort -committerdate --format %(refname)%00%(objectname)%00%(*objectname) [3ms]
2025-08-09 11:25:14.407 [info] > git status -z -uall [15ms]
2025-08-09 11:25:19.432 [info] > git config --get commit.template [11ms]
2025-08-09 11:25:19.433 [info] > git for-each-ref --format=%(refname)%00%(upstream:short)%00%(objectname)%00%(upstream:track)%00%(upstream:remotename)%00%(upstream:remoteref) refs/heads/main refs/remotes/main [2ms]
2025-08-09 11:25:19.457 [info] > git for-each-ref --sort -committerdate --format %(refname)%00%(objectname)%00%(*objectname) [3ms]
2025-08-09 11:25:19.459 [info] > git status -z -uall [14ms]
2025-08-09 11:25:24.484 [info] > git config --get commit.template [10ms]
2025-08-09 11:25:24.486 [info] > git for-each-ref --format=%(refname)%00%(upstream:short)%00%(objectname)%00%(upstream:track)%00%(upstream:remotename)%00%(upstream:remoteref) refs/heads/main refs/remotes/main [3ms]
2025-08-09 11:25:24.511 [info] > git for-each-ref --sort -committerdate --format %(refname)%00%(objectname)%00%(*objectname) [3ms]
2025-08-09 11:25:24.512 [info] > git status -z -uall [17ms]
2025-08-09 11:25:29.535 [info] > git config --get commit.template [10ms]
2025-08-09 11:25:29.537 [info] > git for-each-ref --format=%(refname)%00%(upstream:short)%00%(objectname)%00%(upstream:track)%00%(upstream:remotename)%00%(upstream:remoteref) refs/heads/main refs/remotes/main [3ms]
2025-08-09 11:25:29.558 [info] > git for-each-ref --sort -committerdate --format %(refname)%00%(objectname)%00%(*objectname) [2ms]
2025-08-09 11:25:29.561 [info] > git status -z -uall [15ms]
2025-08-09 11:25:34.589 [info] > git config --get commit.template [14ms]
2025-08-09 11:25:34.591 [info] > git for-each-ref --format=%(refname)%00%(upstream:short)%00%(objectname)%00%(upstream:track)%00%(upstream:remotename)%00%(upstream:remoteref) refs/heads/main refs/remotes/main [3ms]
2025-08-09 11:25:34.618 [info] > git for-each-ref --sort -committerdate --format %(refname)%00%(objectname)%00%(*objectname) [3ms]
2025-08-09 11:25:34.619 [info] > git status -z -uall [15ms]
2025-08-09 11:25:36.100 [info] > git show --textconv :src/layouts/MainLayout.astro [10ms]
2025-08-09 11:25:36.128 [info] > git ls-files --stage -- src/layouts/MainLayout.astro [28ms]
2025-08-09 11:25:36.141 [info] > git cat-file -s 14bf206fd6a51d4f3962b9dca1d15db464a9b075 [2ms]
2025-08-09 11:25:41.421 [info] > git show --textconv :src/assets/styles/global.css [13ms]
2025-08-09 11:25:41.422 [info] > git ls-files --stage -- src/assets/styles/global.css [2ms]
2025-08-09 11:25:41.435 [info] > git cat-file -s 50bf8db4d56518176564a94ccf94019947884767 [2ms]
2025-08-09 11:25:42.374 [info] > git blame --root --incremental 0d7a3a898007be1d8200d8db99d59472a2da8d06 -- src/assets/styles/global.css [4ms]
2025-08-09 11:25:43.199 [info] > git show --textconv :src/layouts/MainLayout.astro [9ms]
2025-08-09 11:25:43.200 [info] > git ls-files --stage -- src/layouts/MainLayout.astro [1ms]
2025-08-09 11:25:43.211 [info] > git cat-file -s 14bf206fd6a51d4f3962b9dca1d15db464a9b075 [2ms]
2025-08-09 11:25:45.145 [info] > git show --textconv :src/components/sections/landing/HeroSection.astro [10ms]
2025-08-09 11:25:45.146 [info] > git ls-files --stage -- src/components/sections/landing/HeroSection.astro [1ms]
2025-08-09 11:25:45.157 [info] > git cat-file -s 651d4ec772e9f1908a9a04cbe4abb909827b9701 [2ms]
2025-08-09 11:27:00.596 [info] > git config --get commit.template [11ms]
2025-08-09 11:27:00.597 [info] > git for-each-ref --format=%(refname)%00%(upstream:short)%00%(objectname)%00%(upstream:track)%00%(upstream:remotename)%00%(upstream:remoteref) refs/heads/main refs/remotes/main [2ms]
2025-08-09 11:27:00.620 [info] > git for-each-ref --sort -committerdate --format %(refname)%00%(objectname)%00%(*objectname) [3ms]
2025-08-09 11:27:00.622 [info] > git status -z -uall [15ms]
2025-08-09 11:27:00.894 [info] > git fetch [320ms]
2025-08-09 11:27:00.916 [info] > git config --get commit.template [10ms]
2025-08-09 11:27:00.919 [info] > git for-each-ref --format=%(refname)%00%(upstream:short)%00%(objectname)%00%(upstream:track)%00%(upstream:remotename)%00%(upstream:remoteref) refs/heads/main refs/remotes/main [3ms]
2025-08-09 11:27:00.944 [info] > git status -z -uall [15ms]
2025-08-09 11:27:00.944 [info] > git for-each-ref --sort -committerdate --format %(refname)%00%(objectname)%00%(*objectname) [3ms]
2025-08-09 11:27:02.324 [info] > git ls-files --stage -- src/components/sections/landing/HeroSection.astro [3ms]
2025-08-09 11:27:02.339 [info] > git cat-file -s 651d4ec772e9f1908a9a04cbe4abb909827b9701 [2ms]
2025-08-09 11:27:02.592 [info] > git show --textconv :src/components/sections/landing/HeroSection.astro [4ms]
2025-08-09 11:27:05.661 [info] > git config --get commit.template [17ms]
2025-08-09 11:27:05.663 [info] > git for-each-ref --format=%(refname)%00%(upstream:short)%00%(objectname)%00%(upstream:track)%00%(upstream:remotename)%00%(upstream:remoteref) refs/heads/main refs/remotes/main [3ms]
2025-08-09 11:27:05.725 [info] > git for-each-ref --sort -committerdate --format %(refname)%00%(objectname)%00%(*objectname) [4ms]
2025-08-09 11:27:05.729 [info] > git status -z -uall [53ms]
2025-08-09 11:27:31.343 [info] > git config --get commit.template [10ms]
2025-08-09 11:27:31.344 [info] > git for-each-ref --format=%(refname)%00%(upstream:short)%00%(objectname)%00%(upstream:track)%00%(upstream:remotename)%00%(upstream:remoteref) refs/heads/main refs/remotes/main [2ms]
2025-08-09 11:27:31.364 [info] > git for-each-ref --sort -committerdate --format %(refname)%00%(objectname)%00%(*objectname) [3ms]
2025-08-09 11:27:31.367 [info] > git status -z -uall [14ms]
2025-08-09 11:27:36.391 [info] > git config --get commit.template [10ms]
2025-08-09 11:27:36.393 [info] > git for-each-ref --format=%(refname)%00%(upstream:short)%00%(objectname)%00%(upstream:track)%00%(upstream:remotename)%00%(upstream:remoteref) refs/heads/main refs/remotes/main [3ms]
2025-08-09 11:27:36.415 [info] > git for-each-ref --sort -committerdate --format %(refname)%00%(objectname)%00%(*objectname) [3ms]
2025-08-09 11:27:36.420 [info] > git status -z -uall [18ms]
2025-08-09 11:27:41.445 [info] > git config --get commit.template [10ms]
2025-08-09 11:27:41.447 [info] > git for-each-ref --format=%(refname)%00%(upstream:short)%00%(objectname)%00%(upstream:track)%00%(upstream:remotename)%00%(upstream:remoteref) refs/heads/main refs/remotes/main [3ms]
2025-08-09 11:27:41.469 [info] > git for-each-ref --sort -committerdate --format %(refname)%00%(objectname)%00%(*objectname) [3ms]
2025-08-09 11:27:41.472 [info] > git status -z -uall [15ms]
2025-08-09 11:27:46.503 [info] > git config --get commit.template [16ms]
2025-08-09 11:27:46.503 [info] > git for-each-ref --format=%(refname)%00%(upstream:short)%00%(objectname)%00%(upstream:track)%00%(upstream:remotename)%00%(upstream:remoteref) refs/heads/main refs/remotes/main [2ms]
2025-08-09 11:27:46.530 [info] > git for-each-ref --sort -committerdate --format %(refname)%00%(objectname)%00%(*objectname) [3ms]
2025-08-09 11:27:46.531 [info] > git status -z -uall [16ms]
2025-08-09 11:28:08.753 [info] > git config --get commit.template [14ms]
2025-08-09 11:28:08.755 [info] > git for-each-ref --format=%(refname)%00%(upstream:short)%00%(objectname)%00%(upstream:track)%00%(upstream:remotename)%00%(upstream:remoteref) refs/heads/main refs/remotes/main [3ms]
2025-08-09 11:28:08.783 [info] > git for-each-ref --sort -committerdate --format %(refname)%00%(objectname)%00%(*objectname) [4ms]
2025-08-09 11:28:08.784 [info] > git status -z -uall [16ms]
2025-08-09 11:28:22.443 [info] > git config --get commit.template [11ms]
2025-08-09 11:28:22.445 [info] > git for-each-ref --format=%(refname)%00%(upstream:short)%00%(objectname)%00%(upstream:track)%00%(upstream:remotename)%00%(upstream:remoteref) refs/heads/main refs/remotes/main [2ms]
2025-08-09 11:28:22.467 [info] > git for-each-ref --sort -committerdate --format %(refname)%00%(objectname)%00%(*objectname) [3ms]
2025-08-09 11:28:22.469 [info] > git status -z -uall [14ms]
2025-08-09 11:29:43.686 [info] > git config --get commit.template [12ms]
2025-08-09 11:29:43.687 [info] > git for-each-ref --format=%(refname)%00%(upstream:short)%00%(objectname)%00%(upstream:track)%00%(upstream:remotename)%00%(upstream:remoteref) refs/heads/main refs/remotes/main [3ms]
2025-08-09 11:29:43.710 [info] > git for-each-ref --sort -committerdate --format %(refname)%00%(objectname)%00%(*objectname) [4ms]
2025-08-09 11:29:43.712 [info] > git status -z -uall [16ms]
2025-08-09 11:30:01.504 [info] > git config --get commit.template [11ms]
2025-08-09 11:30:01.506 [info] > git for-each-ref --format=%(refname)%00%(upstream:short)%00%(objectname)%00%(upstream:track)%00%(upstream:remotename)%00%(upstream:remoteref) refs/heads/main refs/remotes/main [3ms]
2025-08-09 11:30:01.528 [info] > git for-each-ref --sort -committerdate --format %(refname)%00%(objectname)%00%(*objectname) [3ms]
2025-08-09 11:30:01.530 [info] > git status -z -uall [14ms]
2025-08-09 11:30:01.839 [info] > git fetch [359ms]
2025-08-09 11:30:01.867 [info] > git config --get commit.template [15ms]
2025-08-09 11:30:01.868 [info] > git for-each-ref --format=%(refname)%00%(upstream:short)%00%(objectname)%00%(upstream:track)%00%(upstream:remotename)%00%(upstream:remoteref) refs/heads/main refs/remotes/main [3ms]
2025-08-09 11:30:01.896 [info] > git status -z -uall [16ms]
2025-08-09 11:30:01.896 [info] > git for-each-ref --sort -committerdate --format %(refname)%00%(objectname)%00%(*objectname) [3ms]
2025-08-09 11:30:16.088 [info] > git config --get commit.template [13ms]
2025-08-09 11:30:16.089 [info] > git for-each-ref --format=%(refname)%00%(upstream:short)%00%(objectname)%00%(upstream:track)%00%(upstream:remotename)%00%(upstream:remoteref) refs/heads/main refs/remotes/main [3ms]
2025-08-09 11:30:16.112 [info] > git for-each-ref --sort -committerdate --format %(refname)%00%(objectname)%00%(*objectname) [3ms]
2025-08-09 11:30:16.114 [info] > git status -z -uall [15ms]
2025-08-09 11:30:28.157 [info] > git config --get commit.template [13ms]
2025-08-09 11:30:28.159 [info] > git for-each-ref --format=%(refname)%00%(upstream:short)%00%(objectname)%00%(upstream:track)%00%(upstream:remotename)%00%(upstream:remoteref) refs/heads/main refs/remotes/main [3ms]
2025-08-09 11:30:28.182 [info] > git for-each-ref --sort -committerdate --format %(refname)%00%(objectname)%00%(*objectname) [2ms]
2025-08-09 11:30:28.184 [info] > git status -z -uall [15ms]
2025-08-09 11:30:31.953 [info] > git show --textconv :src/components/sections/landing/HeroSection.astro [15ms]
2025-08-09 11:30:31.954 [info] > git ls-files --stage -- src/components/sections/landing/HeroSection.astro [2ms]
2025-08-09 11:30:31.968 [info] > git cat-file -s 651d4ec772e9f1908a9a04cbe4abb909827b9701 [3ms]
2025-08-09 11:30:33.215 [info] > git config --get commit.template [14ms]
2025-08-09 11:30:33.217 [info] > git for-each-ref --format=%(refname)%00%(upstream:short)%00%(objectname)%00%(upstream:track)%00%(upstream:remotename)%00%(upstream:remoteref) refs/heads/main refs/remotes/main [3ms]
2025-08-09 11:30:33.252 [info] > git for-each-ref --sort -committerdate --format %(refname)%00%(objectname)%00%(*objectname) [3ms]
2025-08-09 11:30:33.253 [info] > git status -z -uall [18ms]
2025-08-09 11:30:33.621 [info] > git show --textconv :src/components/sections/landing/HeroSection.astro [16ms]
2025-08-09 11:30:33.624 [info] > git ls-files --stage -- src/components/sections/landing/HeroSection.astro [6ms]
2025-08-09 11:30:33.639 [info] > git cat-file -s 651d4ec772e9f1908a9a04cbe4abb909827b9701 [2ms]
2025-08-09 11:30:35.991 [info] > git show --textconv :src/layouts/MainLayout.astro [11ms]
2025-08-09 11:30:35.992 [info] > git ls-files --stage -- src/layouts/MainLayout.astro [2ms]
2025-08-09 11:30:36.004 [info] > git cat-file -s 14bf206fd6a51d4f3962b9dca1d15db464a9b075 [2ms]
2025-08-09 11:30:40.725 [info] > git check-ignore -v -z --stdin [2ms]
2025-08-09 11:30:41.181 [info] > git show --textconv :src/pages/index.astro [11ms]
2025-08-09 11:30:41.182 [info] > git ls-files --stage -- src/pages/index.astro [2ms]
2025-08-09 11:30:41.193 [info] > git cat-file -s 93d4a1368d83ae2b7b75995187e726ad019791c4 [2ms]
2025-08-09 11:30:41.510 [info] > git blame --root --incremental 0d7a3a898007be1d8200d8db99d59472a2da8d06 -- src/pages/index.astro [5ms]
2025-08-09 11:30:59.637 [info] > git config --get commit.template [2ms]
2025-08-09 11:30:59.653 [info] > git for-each-ref --format=%(refname)%00%(upstream:short)%00%(objectname)%00%(upstream:track)%00%(upstream:remotename)%00%(upstream:remoteref) refs/heads/main refs/remotes/main [3ms]
2025-08-09 11:30:59.680 [info] > git for-each-ref --sort -committerdate --format %(refname)%00%(objectname)%00%(*objectname) [3ms]
2025-08-09 11:30:59.681 [info] > git status -z -uall [15ms]
2025-08-09 11:31:10.468 [info] > git show --textconv :src/layouts/MainLayout.astro [11ms]
2025-08-09 11:31:10.469 [info] > git ls-files --stage -- src/layouts/MainLayout.astro [3ms]
2025-08-09 11:31:10.481 [info] > git cat-file -s 14bf206fd6a51d4f3962b9dca1d15db464a9b075 [2ms]
2025-08-09 11:31:17.049 [info] > git config --get commit.template [11ms]
2025-08-09 11:31:17.051 [info] > git for-each-ref --format=%(refname)%00%(upstream:short)%00%(objectname)%00%(upstream:track)%00%(upstream:remotename)%00%(upstream:remoteref) refs/heads/main refs/remotes/main [3ms]
2025-08-09 11:31:17.077 [info] > git for-each-ref --sort -committerdate --format %(refname)%00%(objectname)%00%(*objectname) [3ms]
2025-08-09 11:31:17.078 [info] > git status -z -uall [15ms]
2025-08-09 11:31:24.939 [info] > git show --textconv :src/pages/index.astro [15ms]
2025-08-09 11:31:24.941 [info] > git ls-files --stage -- src/pages/index.astro [2ms]
2025-08-09 11:31:24.956 [info] > git cat-file -s 93d4a1368d83ae2b7b75995187e726ad019791c4 [2ms]
2025-08-09 11:31:40.120 [info] > git config --get commit.template [11ms]
2025-08-09 11:31:40.122 [info] > git for-each-ref --format=%(refname)%00%(upstream:short)%00%(objectname)%00%(upstream:track)%00%(upstream:remotename)%00%(upstream:remoteref) refs/heads/main refs/remotes/main [3ms]
2025-08-09 11:31:40.145 [info] > git for-each-ref --sort -committerdate --format %(refname)%00%(objectname)%00%(*objectname) [3ms]
2025-08-09 11:31:40.148 [info] > git status -z -uall [15ms]
2025-08-09 11:31:48.734 [info] > git config --get commit.template [12ms]
2025-08-09 11:31:48.735 [info] > git for-each-ref --format=%(refname)%00%(upstream:short)%00%(objectname)%00%(upstream:track)%00%(upstream:remotename)%00%(upstream:remoteref) refs/heads/main refs/remotes/main [3ms]
2025-08-09 11:31:48.760 [info] > git for-each-ref --sort -committerdate --format %(refname)%00%(objectname)%00%(*objectname) [4ms]
2025-08-09 11:31:48.761 [info] > git status -z -uall [15ms]
2025-08-09 11:31:56.481 [info] > git config --get commit.template [13ms]
2025-08-09 11:31:56.483 [info] > git for-each-ref --format=%(refname)%00%(upstream:short)%00%(objectname)%00%(upstream:track)%00%(upstream:remotename)%00%(upstream:remoteref) refs/heads/main refs/remotes/main [3ms]
2025-08-09 11:31:56.508 [info] > git for-each-ref --sort -committerdate --format %(refname)%00%(objectname)%00%(*objectname) [3ms]
2025-08-09 11:31:56.508 [info] > git status -z -uall [15ms]
2025-08-09 11:32:03.762 [info] > git config --get commit.template [11ms]
2025-08-09 11:32:03.764 [info] > git for-each-ref --format=%(refname)%00%(upstream:short)%00%(objectname)%00%(upstream:track)%00%(upstream:remotename)%00%(upstream:remoteref) refs/heads/main refs/remotes/main [3ms]
2025-08-09 11:32:03.793 [info] > git for-each-ref --sort -committerdate --format %(refname)%00%(objectname)%00%(*objectname) [3ms]
2025-08-09 11:32:03.794 [info] > git status -z -uall [17ms]
2025-08-09 11:32:55.287 [info] > git check-ignore -v -z --stdin [2ms]
2025-08-09 11:32:55.560 [info] > git config --get commit.template [10ms]
2025-08-09 11:32:55.561 [info] > git for-each-ref --format=%(refname)%00%(upstream:short)%00%(objectname)%00%(upstream:track)%00%(upstream:remotename)%00%(upstream:remoteref) refs/heads/main refs/remotes/main [2ms]
2025-08-09 11:32:55.583 [info] > git for-each-ref --sort -committerdate --format %(refname)%00%(objectname)%00%(*objectname) [3ms]
2025-08-09 11:32:55.586 [info] > git status -z -uall [15ms]
2025-08-09 11:48:10.393 [info] > git fetch [356ms]
2025-08-09 11:48:10.418 [info] > git config --get commit.template [13ms]
2025-08-09 11:48:10.420 [info] > git for-each-ref --format=%(refname)%00%(upstream:short)%00%(objectname)%00%(upstream:track)%00%(upstream:remotename)%00%(upstream:remoteref) refs/heads/main refs/remotes/main [3ms]
2025-08-09 11:48:10.453 [info] > git status -z -uall [19ms]
2025-08-09 11:48:10.454 [info] > git for-each-ref --sort -committerdate --format %(refname)%00%(objectname)%00%(*objectname) [4ms]
2025-08-09 11:48:11.639 [info] > git config --get commit.template [14ms]
2025-08-09 11:48:11.642 [info] > git for-each-ref --format=%(refname)%00%(upstream:short)%00%(objectname)%00%(upstream:track)%00%(upstream:remotename)%00%(upstream:remoteref) refs/heads/main refs/remotes/main [3ms]
2025-08-09 11:48:11.674 [info] > git status -z -uall [17ms]
2025-08-09 11:48:11.675 [info] > git for-each-ref --sort -committerdate --format %(refname)%00%(objectname)%00%(*objectname) [4ms]
