2025-08-07 22:45:30.991 [info] Extension host with pid 518 started
2025-08-07 22:45:30.991 [error] Error: EEXIST: file already exists, open '/workspace/.vscode-remote/data/User/workspaceStorage/1cafd87f/vscode.lock'
2025-08-07 22:45:30.991 [info] Lock '/workspace/.vscode-remote/data/User/workspaceStorage/1cafd87f/vscode.lock': Could not acquire lock, checking if the file is stale.
2025-08-07 22:45:30.992 [info] Lock '/workspace/.vscode-remote/data/User/workspaceStorage/1cafd87f/vscode.lock': The pid 17027 appears to be gone.
2025-08-07 22:45:30.992 [info] Lock '/workspace/.vscode-remote/data/User/workspaceStorage/1cafd87f/vscode.lock': Deleting a stale lock.
2025-08-07 22:45:30.994 [info] Lock '/workspace/.vscode-remote/data/User/workspaceStorage/1cafd87f/vscode.lock': Lock acquired.
2025-08-07 22:45:33.043 [info] ExtensionService#_doActivateExtension gitpod.gitpod-web, startup: false, activationEvent: 'onView:gitpod.portsView'
2025-08-07 22:45:33.044 [info] ExtensionService#_doActivateExtension vscode.simple-browser, startup: false, activationEvent: 'onWebviewPanel:simpleBrowser.view'
2025-08-07 22:45:33.044 [info] ExtensionService#_doActivateExtension astro-build.astro-vscode, startup: false, activationEvent: 'onLanguage:astro'
2025-08-07 22:45:33.045 [info] ExtensionService#_doActivateExtension vscode.emmet, startup: false, activationEvent: 'onLanguage'
2025-08-07 22:45:34.046 [info] ExtensionService#_doActivateExtension vscode.git-base, startup: true, activationEvent: '*', root cause: vscode.git
2025-08-07 22:45:34.050 [info] ExtensionService#_doActivateExtension vscode.npm, startup: true, activationEvent: 'workspaceContains:package.json'
2025-08-07 22:45:35.374 [info] ExtensionService#_doActivateExtension vscode.git, startup: true, activationEvent: '*'
2025-08-07 22:45:35.375 [info] ExtensionService#_doActivateExtension vscode.github, startup: true, activationEvent: '*'
2025-08-07 22:45:37.357 [info] Eager extensions activated
2025-08-07 22:45:37.357 [info] ExtensionService#_doActivateExtension vscode.debug-auto-launch, startup: false, activationEvent: 'onStartupFinished'
2025-08-07 22:45:37.358 [info] ExtensionService#_doActivateExtension vscode.merge-conflict, startup: false, activationEvent: 'onStartupFinished'
2025-08-07 22:45:37.358 [info] ExtensionService#_doActivateExtension bradlc.vscode-tailwindcss, startup: false, activationEvent: 'onStartupFinished'
2025-08-07 22:45:37.358 [info] ExtensionService#_doActivateExtension Codeium.codeium, startup: false, activationEvent: 'onStartupFinished'
2025-08-07 22:45:37.358 [info] ExtensionService#_doActivateExtension esbenp.prettier-vscode, startup: false, activationEvent: 'onStartupFinished'
2025-08-07 22:45:37.358 [info] ExtensionService#_doActivateExtension vscode.github-authentication, startup: false, activationEvent: 'onStartupFinished', root cause: GitHub.vscode-pull-request-github
2025-08-07 22:45:37.359 [info] ExtensionService#_doActivateExtension PKief.material-icon-theme, startup: false, activationEvent: 'onStartupFinished'
2025-08-07 22:45:39.374 [info] ExtensionService#_doActivateExtension redhat.vscode-yaml, startup: false, activationEvent: 'onLanguage:yaml'
2025-08-07 22:45:40.270 [info] ExtensionService#_doActivateExtension GitHub.vscode-pull-request-github, startup: false, activationEvent: 'onStartupFinished'
2025-08-07 22:45:42.893 [warning] [redhat.vscode-yaml] Accessing a resource scoped configuration without providing a resource is not expected. To get the effective value for '[yaml]', provide the URI of a resource or 'null' for any resource.
2025-08-07 22:45:42.969 [warning] [redhat.vscode-yaml] Accessing a resource scoped configuration without providing a resource is not expected. To get the effective value for '[yaml]', provide the URI of a resource or 'null' for any resource.
2025-08-07 22:45:45.169 [info] ExtensionService#_doActivateExtension vscode.configuration-editing, startup: false, activationEvent: 'onLanguage:jsonc'
2025-08-07 22:45:45.170 [info] ExtensionService#_doActivateExtension vscode.json-language-features, startup: false, activationEvent: 'onLanguage:jsonc'
2025-08-07 22:45:45.170 [info] ExtensionService#_doActivateExtension vscode.typescript-language-features, startup: false, activationEvent: 'onLanguage:jsonc'
2025-08-07 22:46:11.343 [info] ExtensionService#_doActivateExtension vscode.extension-editing, startup: false, activationEvent: 'onLanguage:json'
2025-08-07 22:46:14.657 [info] ExtensionService#_doActivateExtension steoates.autoimport, startup: false, activationEvent: 'onLanguage:typescript'
2025-08-07 22:51:09.794 [info] ExtensionService#_doActivateExtension vscode.css-language-features, startup: false, activationEvent: 'onLanguage:css'
