2025-08-08 00:46:35.827 [info] Log level: Info
2025-08-08 00:46:36.085 [info] VSCODE_MACHINE_ID: 10d3d877-fe56-442f-a117-f9035039c6e9
2025-08-08 00:46:36.085 [info] VSCODE_SESSION_ID: da0c077b-c4f4-4af0-ab0b-a4c4408231e71754613987275
2025-08-08 00:46:36.085 [info] VSCODE_VERSION: 1.102.3
2025-08-08 00:46:36.085 [info] VSCODE_APP_NAME: Gitpod Code
2025-08-08 00:46:36.085 [info] VSCODE_APP_HOST: Gitpod
2025-08-08 00:46:36.085 [info] VSCODE_UI_KIND: web
2025-08-08 00:46:36.085 [info] GITPOD_WORKSPACE_CONTEXT_URL: https://github.com/Abdallah-Develop/Website-starter
2025-08-08 00:46:36.085 [info] GITPOD_INSTANCE_ID: 9e7aefbe-595a-41af-993d-340c45622d6d
2025-08-08 00:46:36.085 [info] GITPOD_WORKSPACE_URL: https://abdallahdev-websitestar-esjdme0laxn.ws-eu120.gitpod.io
2025-08-08 00:46:36.091 [info] Gitpod Web 3953e81
2025-08-08 00:46:36.091 [info] Reading sessions from keychain...
2025-08-08 00:46:37.330 [info] Got stored sessions!
2025-08-08 00:46:37.330 [info] Verified session with the following scopes: function:accessCodeSyncStorage function:closePort function:controlAdmission function:deleteEnvVar function:generateNewGitpodToken function:getDefaultWorkspaceImage function:getGitpodTokenScopes function:getIDToken function:getLoggedInUser function:getOpenPorts function:getSupportedWorkspaceClasses function:getTeams function:getToken function:getWorkspace function:getWorkspaceEnvVars function:getWorkspaceOwner function:getWorkspaceTimeout function:getWorkspaceUsers function:guessGitTokenScopes function:isWorkspaceOwner function:openPort function:sendHeartBeat function:setEnvVar function:setWorkspaceTimeout function:stopWorkspace function:takeSnapshot function:trackEvent function:updateGitStatus function:waitForSnapshot resource:contentBlob::*::create/get resource:envVar::*/**::update resource:envVar::*/*::update resource:envVar::Abdallah-Develop/Website-starter::create/get/update/delete resource:gitpodToken::*::create resource:snapshot::ws-abdallahdev-websitestar-esjdme0laxn::create resource:token::*::get resource:userStorage::*::create/get/update resource:workspace::abdallahdev-websitestar-esjdme0laxn::get/update resource:workspaceInstance::9e7aefbe-595a-41af-993d-340c45622d6d::get/update/delete
2025-08-08 00:46:37.331 [info] Got 1 verified sessions.
2025-08-08 00:46:37.331 [info] Getting sessions for all scopes...
2025-08-08 00:46:37.331 [info] Getting GitHub sessions for all scopes...
2025-08-08 00:46:37.331 [info] Got 1 sessions for all scopes...
2025-08-08 00:46:37.331 [info] Getting sessions for all scopes...
2025-08-08 00:46:37.331 [info] Got 1 sessions for all scopes...
2025-08-08 00:46:37.331 [info] Getting sessions for all scopes...
2025-08-08 00:46:37.331 [info] Got 1 sessions for all scopes...
2025-08-08 00:46:37.331 [info] Getting sessions for function:accessCodeSyncStorage...
2025-08-08 00:46:37.331 [info] Got 1 sessions for function:accessCodeSyncStorage...
2025-08-08 00:46:39.254 [info] Got 1 GitHub sessions for all scopes...
2025-08-08 00:46:39.381 [info] Getting GitHub sessions for all scopes...
2025-08-08 00:46:39.381 [info] Getting sessions for all scopes...
2025-08-08 00:46:39.381 [info] Got 1 GitHub sessions for all scopes...
2025-08-08 00:46:39.381 [info] Got 1 sessions for all scopes...
2025-08-08 00:46:39.382 [info] Getting GitHub sessions for all scopes...
2025-08-08 00:46:39.382 [info] Got 1 GitHub sessions for all scopes...
2025-08-08 00:46:39.964 [info] Getting sessions for all scopes...
2025-08-08 00:46:39.964 [info] Getting GitHub sessions for all scopes...
2025-08-08 00:46:39.964 [info] Got 1 sessions for all scopes...
2025-08-08 00:46:39.964 [info] Got 1 GitHub sessions for all scopes...
2025-08-08 00:46:40.182 [info] Getting GitHub sessions for all scopes...
2025-08-08 00:46:40.182 [info] Got 1 GitHub sessions for all scopes...
2025-08-08 00:46:40.507 [info] Getting sessions for all scopes...
2025-08-08 00:46:40.507 [info] Getting GitHub sessions for all scopes...
2025-08-08 00:46:40.507 [info] Got 1 sessions for all scopes...
2025-08-08 00:46:40.507 [info] Got 1 GitHub sessions for all scopes...
2025-08-08 00:46:40.744 [info] Getting GitHub sessions for read:user,repo,user:email,workflow...
2025-08-08 00:46:40.744 [info] Got 0 GitHub sessions for read:user,repo,user:email,workflow...
2025-08-08 00:46:41.037 [info] Getting GitHub sessions for project,read:org,read:user,repo,user:email,workflow...
2025-08-08 00:46:41.037 [info] Got 0 GitHub sessions for project,read:org,read:user,repo,user:email,workflow...
2025-08-08 00:46:41.484 [info] Getting sessions for all scopes...
2025-08-08 00:46:41.484 [info] Getting GitHub sessions for all scopes...
2025-08-08 00:46:41.484 [info] Got 1 sessions for all scopes...
2025-08-08 00:46:41.484 [info] Got 1 GitHub sessions for all scopes...
2025-08-08 00:46:41.879 [info] Getting sessions for all scopes...
2025-08-08 00:46:41.879 [info] Getting GitHub sessions for all scopes...
2025-08-08 00:46:41.879 [info] Got 1 sessions for all scopes...
2025-08-08 00:46:41.879 [info] Got 1 GitHub sessions for all scopes...
2025-08-08 00:46:41.994 [info] Getting GitHub sessions for read:user,repo,user:email,workflow...
2025-08-08 00:46:41.994 [info] Got 0 GitHub sessions for read:user,repo,user:email,workflow...
2025-08-08 00:46:42.071 [info] Getting sessions for all scopes...
2025-08-08 00:46:42.071 [info] Getting GitHub sessions for all scopes...
2025-08-08 00:46:42.071 [info] Got 1 sessions for all scopes...
2025-08-08 00:46:42.071 [info] Got 1 GitHub sessions for all scopes...
2025-08-08 00:46:42.268 [info] Getting sessions for all scopes...
2025-08-08 00:46:42.268 [info] Getting GitHub sessions for all scopes...
2025-08-08 00:46:42.268 [info] Got 1 sessions for all scopes...
2025-08-08 00:46:42.269 [info] Got 1 GitHub sessions for all scopes...
2025-08-08 00:46:42.875 [info] Getting GitHub sessions for read:user,repo,user:email...
2025-08-08 00:46:42.875 [info] Got 0 GitHub sessions for read:user,repo,user:email...
2025-08-08 00:46:44.663 [info] Getting GitHub sessions for read:user,repo,user:email,workflow...
2025-08-08 00:46:44.663 [info] Got 0 GitHub sessions for read:user,repo,user:email,workflow...
