2025-08-09 19:58:10.068 [info] Log level: Info
2025-08-09 19:58:10.107 [info] VSCODE_MACHINE_ID: 10d3d877-fe56-442f-a117-f9035039c6e9
2025-08-09 19:58:10.107 [info] VSCODE_SESSION_ID: 6bdd0587-1642-4f32-ae91-82f5af6887fa1754769478353
2025-08-09 19:58:10.107 [info] VSCODE_VERSION: 1.102.3
2025-08-09 19:58:10.107 [info] VSCODE_APP_NAME: Gitpod Code
2025-08-09 19:58:10.107 [info] VSCODE_APP_HOST: Gitpod
2025-08-09 19:58:10.107 [info] VSCODE_UI_KIND: web
2025-08-09 19:58:10.107 [info] GITPOD_WORKSPACE_CONTEXT_URL: https://github.com/Abdallah-Develop/Website-starter
2025-08-09 19:58:10.107 [info] GITPOD_INSTANCE_ID: eb757465-6846-426d-ac63-2b34d3382057
2025-08-09 19:58:10.107 [info] GITPOD_WORKSPACE_URL: https://abdallahdev-websitestar-esjdme0laxn.ws-eu120.gitpod.io
2025-08-09 19:58:10.114 [info] Gitpod Web 3953e81
2025-08-09 19:58:10.114 [info] Reading sessions from keychain...
2025-08-09 19:58:11.611 [info] Got stored sessions!
2025-08-09 19:58:11.611 [info] Verified session with the following scopes: function:accessCodeSyncStorage function:closePort function:controlAdmission function:deleteEnvVar function:generateNewGitpodToken function:getDefaultWorkspaceImage function:getGitpodTokenScopes function:getIDToken function:getLoggedInUser function:getOpenPorts function:getSupportedWorkspaceClasses function:getTeams function:getToken function:getWorkspace function:getWorkspaceEnvVars function:getWorkspaceOwner function:getWorkspaceTimeout function:getWorkspaceUsers function:guessGitTokenScopes function:isWorkspaceOwner function:openPort function:sendHeartBeat function:setEnvVar function:setWorkspaceTimeout function:stopWorkspace function:takeSnapshot function:trackEvent function:updateGitStatus function:waitForSnapshot resource:contentBlob::*::create/get resource:envVar::*/**::update resource:envVar::*/*::update resource:envVar::Abdallah-Develop/Website-starter::create/get/update/delete resource:gitpodToken::*::create resource:snapshot::ws-abdallahdev-websitestar-esjdme0laxn::create resource:token::*::get resource:userStorage::*::create/get/update resource:workspace::abdallahdev-websitestar-esjdme0laxn::get/update resource:workspaceInstance::eb757465-6846-426d-ac63-2b34d3382057::get/update/delete
2025-08-09 19:58:11.611 [info] Got 1 verified sessions.
2025-08-09 19:58:11.611 [info] Getting sessions for all scopes...
2025-08-09 19:58:11.611 [info] Getting GitHub sessions for all scopes...
2025-08-09 19:58:11.611 [info] Got 1 sessions for all scopes...
2025-08-09 19:58:11.611 [info] Getting sessions for all scopes...
2025-08-09 19:58:11.611 [info] Got 1 sessions for all scopes...
2025-08-09 19:58:11.611 [info] Getting sessions for all scopes...
2025-08-09 19:58:11.611 [info] Got 1 sessions for all scopes...
2025-08-09 19:58:14.717 [info] Getting sessions for all scopes...
2025-08-09 19:58:14.717 [info] Got 1 sessions for all scopes...
2025-08-09 19:58:14.935 [info] Got 1 GitHub sessions for all scopes...
2025-08-09 19:58:14.935 [info] Getting GitHub sessions for all scopes...
2025-08-09 19:58:14.935 [info] Got 1 GitHub sessions for all scopes...
2025-08-09 19:58:15.340 [info] Getting GitHub sessions for all scopes...
2025-08-09 19:58:15.340 [info] Getting sessions for all scopes...
2025-08-09 19:58:15.340 [info] Got 1 GitHub sessions for all scopes...
2025-08-09 19:58:15.340 [info] Got 1 sessions for all scopes...
2025-08-09 19:58:15.340 [info] Getting GitHub sessions for all scopes...
2025-08-09 19:58:15.340 [info] Got 1 GitHub sessions for all scopes...
2025-08-09 19:58:16.553 [info] Getting GitHub sessions for read:user,repo,user:email,workflow...
2025-08-09 19:58:16.553 [info] Got 0 GitHub sessions for read:user,repo,user:email,workflow...
2025-08-09 19:58:16.562 [info] Getting sessions for all scopes...
2025-08-09 19:58:16.562 [info] Got 1 sessions for all scopes...
2025-08-09 19:58:16.570 [info] Getting GitHub sessions for all scopes...
2025-08-09 19:58:16.570 [info] Got 1 GitHub sessions for all scopes...
2025-08-09 19:58:16.570 [info] Getting GitHub sessions for all scopes...
2025-08-09 19:58:16.570 [info] Got 1 GitHub sessions for all scopes...
2025-08-09 19:58:18.177 [info] Getting GitHub sessions for project,read:org,read:user,repo,user:email,workflow...
2025-08-09 19:58:18.177 [info] Got 0 GitHub sessions for project,read:org,read:user,repo,user:email,workflow...
2025-08-09 19:58:19.643 [info] Getting GitHub sessions for read:user,repo,user:email,workflow...
2025-08-09 19:58:19.643 [info] Got 0 GitHub sessions for read:user,repo,user:email,workflow...
2025-08-09 19:58:20.172 [info] Getting sessions for function:accessCodeSyncStorage...
2025-08-09 19:58:20.172 [info] Got 1 sessions for function:accessCodeSyncStorage...
2025-08-09 19:58:20.996 [info] Getting sessions for all scopes...
2025-08-09 19:58:20.996 [info] Getting GitHub sessions for all scopes...
2025-08-09 19:58:20.996 [info] Got 1 sessions for all scopes...
2025-08-09 19:58:20.996 [info] Got 1 GitHub sessions for all scopes...
2025-08-09 19:58:21.276 [info] Getting sessions for all scopes...
2025-08-09 19:58:21.276 [info] Getting GitHub sessions for all scopes...
2025-08-09 19:58:21.276 [info] Got 1 sessions for all scopes...
2025-08-09 19:58:21.276 [info] Got 1 GitHub sessions for all scopes...
2025-08-09 19:58:22.171 [info] Getting GitHub sessions for read:user,repo,user:email...
2025-08-09 19:58:22.171 [info] Got 0 GitHub sessions for read:user,repo,user:email...
2025-08-09 19:58:22.270 [info] Getting sessions for all scopes...
2025-08-09 19:58:22.270 [info] Getting GitHub sessions for all scopes...
2025-08-09 19:58:22.270 [info] Got 1 sessions for all scopes...
2025-08-09 19:58:22.270 [info] Got 1 GitHub sessions for all scopes...
2025-08-09 19:58:22.418 [info] Getting sessions for all scopes...
2025-08-09 19:58:22.418 [info] Getting GitHub sessions for all scopes...
2025-08-09 19:58:22.418 [info] Got 1 sessions for all scopes...
2025-08-09 19:58:22.418 [info] Got 1 GitHub sessions for all scopes...
2025-08-09 19:58:23.485 [info] Getting sessions for all scopes...
2025-08-09 19:58:23.485 [info] Getting GitHub sessions for all scopes...
2025-08-09 19:58:23.485 [info] Got 1 sessions for all scopes...
2025-08-09 19:58:23.485 [info] Got 1 GitHub sessions for all scopes...
2025-08-09 19:58:23.773 [info] Getting sessions for all scopes...
2025-08-09 19:58:23.773 [info] Getting GitHub sessions for all scopes...
2025-08-09 19:58:23.773 [info] Got 1 sessions for all scopes...
2025-08-09 19:58:23.773 [info] Got 1 GitHub sessions for all scopes...
2025-08-09 19:58:23.773 [info] Getting sessions for all scopes...
2025-08-09 19:58:23.773 [info] Getting GitHub sessions for all scopes...
2025-08-09 19:58:23.773 [info] Got 1 sessions for all scopes...
2025-08-09 19:58:23.773 [info] Got 1 GitHub sessions for all scopes...
2025-08-09 19:58:23.773 [info] Getting sessions for all scopes...
2025-08-09 19:58:23.773 [info] Getting GitHub sessions for all scopes...
2025-08-09 19:58:23.773 [info] Got 1 sessions for all scopes...
2025-08-09 19:58:23.773 [info] Got 1 GitHub sessions for all scopes...
2025-08-09 19:58:23.940 [info] Getting sessions for all scopes...
2025-08-09 19:58:23.940 [info] Getting GitHub sessions for all scopes...
2025-08-09 19:58:23.940 [info] Got 1 sessions for all scopes...
2025-08-09 19:58:23.940 [info] Got 1 GitHub sessions for all scopes...
2025-08-09 19:58:24.138 [info] Getting GitHub sessions for read:user,repo,user:email,workflow...
2025-08-09 19:58:24.138 [info] Got 0 GitHub sessions for read:user,repo,user:email,workflow...
2025-08-09 20:00:59.926 [info] Getting sessions for all scopes...
2025-08-09 20:00:59.926 [info] Getting GitHub sessions for all scopes...
2025-08-09 20:00:59.926 [info] Got 1 sessions for all scopes...
2025-08-09 20:00:59.926 [info] Got 1 GitHub sessions for all scopes...
2025-08-09 20:01:00.168 [info] Getting sessions for all scopes...
2025-08-09 20:01:00.168 [info] Getting GitHub sessions for all scopes...
2025-08-09 20:01:00.168 [info] Got 1 sessions for all scopes...
2025-08-09 20:01:00.168 [info] Got 1 GitHub sessions for all scopes...
