2025-08-08 16:03:37.425 [info] [main] Log level: Info
2025-08-08 16:03:37.425 [info] [main] Validating found git in: "git"
2025-08-08 16:03:37.425 [info] [main] Using git "2.49.0" from "git"
2025-08-08 16:03:37.425 [info] [Model][doInitialScan] Initial repository scan started
2025-08-08 16:03:37.425 [info] > git rev-parse --show-toplevel [13ms]
2025-08-08 16:03:37.425 [info] > git rev-parse --git-dir --git-common-dir [7ms]
2025-08-08 16:03:37.425 [info] [Model][openRepository] Opened repository (path): /workspace/Website-starter
2025-08-08 16:03:37.425 [info] [Model][openRepository] Opened repository (real path): /workspace/Website-starter
2025-08-08 16:03:37.425 [info] > git rev-parse --show-toplevel [6ms]
2025-08-08 16:03:37.425 [info] > git config --get commit.template [92ms]
2025-08-08 16:03:37.425 [info] > git for-each-ref --format=%(refname)%00%(upstream:short)%00%(objectname)%00%(upstream:track)%00%(upstream:remotename)%00%(upstream:remoteref) refs/heads/main refs/remotes/main [77ms]
2025-08-08 16:03:37.425 [info] > git rev-parse --show-toplevel [85ms]
2025-08-08 16:03:37.425 [info] > git rev-parse --show-toplevel [99ms]
2025-08-08 16:03:37.425 [info] > git status -z -uall [99ms]
2025-08-08 16:03:37.425 [info] > git for-each-ref --sort -committerdate --format %(refname)%00%(objectname)%00%(*objectname) [92ms]
2025-08-08 16:03:37.425 [info] > git for-each-ref --format=%(refname)%00%(upstream:short)%00%(objectname)%00%(upstream:track)%00%(upstream:remotename)%00%(upstream:remoteref) refs/heads/main refs/remotes/main [98ms]
2025-08-08 16:03:37.425 [info] > git rev-parse --show-toplevel [209ms]
2025-08-08 16:03:37.425 [info] > git config --get commit.template [12ms]
2025-08-08 16:03:37.425 [info] > git config --get --local branch.main.vscode-merge-base [6ms]
2025-08-08 16:03:37.425 [info] > git rev-parse --show-toplevel [110ms]
2025-08-08 16:03:37.425 [info] > git for-each-ref --format=%(refname)%00%(upstream:short)%00%(objectname)%00%(upstream:track)%00%(upstream:remotename)%00%(upstream:remoteref) refs/heads/origin/main refs/remotes/origin/main [110ms]
2025-08-08 16:03:37.425 [info] > git rev-parse --show-toplevel [10ms]
2025-08-08 16:03:37.425 [info] > git fetch [743ms]
2025-08-08 16:03:37.425 [info] > git for-each-ref --format=%(refname)%00%(upstream:short)%00%(objectname)%00%(upstream:track)%00%(upstream:remotename)%00%(upstream:remoteref) refs/heads/main refs/remotes/main [18ms]
2025-08-08 16:03:37.425 [info] > git merge-base refs/heads/main refs/remotes/origin/main [60ms]
2025-08-08 16:03:37.425 [info] > git config --get commit.template [11ms]
2025-08-08 16:03:37.425 [info] > git rev-parse --show-toplevel [60ms]
2025-08-08 16:03:37.425 [info] [Model][doInitialScan] Initial repository scan completed - repositories (1), closed repositories (0), parent repositories (0), unsafe repositories (0)
2025-08-08 16:03:37.425 [info] > git diff --name-status -z --diff-filter=ADMR 0d7a3a898007be1d8200d8db99d59472a2da8d06...refs/remotes/origin/main [7ms]
2025-08-08 16:03:37.425 [info] > git for-each-ref --format=%(refname)%00%(upstream:short)%00%(objectname)%00%(upstream:track)%00%(upstream:remotename)%00%(upstream:remoteref) refs/heads/main refs/remotes/main [4ms]
2025-08-08 16:03:37.425 [info] > git for-each-ref --sort -committerdate --format %(refname)%00%(objectname)%00%(*objectname) [80ms]
2025-08-08 16:03:37.425 [info] > git status -z -uall [92ms]
2025-08-08 16:03:38.233 [info] > git check-ignore -v -z --stdin [7ms]
2025-08-08 16:03:39.432 [info] > git config --get commit.template [8ms]
2025-08-08 16:03:39.448 [info] > git for-each-ref --format=%(refname)%00%(upstream:short)%00%(objectname)%00%(upstream:track)%00%(upstream:remotename)%00%(upstream:remoteref) refs/heads/main refs/remotes/main [4ms]
2025-08-08 16:03:39.633 [info] > git status -z -uall [102ms]
2025-08-08 16:03:39.633 [info] > git show --textconv :src/components/sections/landing/HeroSection.astro [85ms]
2025-08-08 16:03:39.634 [info] > git for-each-ref --sort -committerdate --format %(refname)%00%(objectname)%00%(*objectname) [94ms]
2025-08-08 16:03:39.639 [info] > git ls-files --stage -- src/components/sections/landing/HeroSection.astro [11ms]
2025-08-08 16:03:39.726 [info] > git cat-file -s 651d4ec772e9f1908a9a04cbe4abb909827b9701 [3ms]
2025-08-08 16:03:43.343 [info] > git config --get --local branch.main.github-pr-owner-number [19ms]
2025-08-08 16:03:43.343 [warning] [Git][config] git config failed: Failed to execute git
2025-08-08 16:03:58.667 [info] > git check-ignore -v -z --stdin [4ms]
2025-08-08 16:04:02.712 [info] > git check-ignore -v -z --stdin [2ms]
2025-08-08 16:04:06.129 [info] > git check-ignore -v -z --stdin [3ms]
2025-08-08 16:04:09.348 [info] > git check-ignore -v -z --stdin [2ms]
2025-08-08 16:04:11.108 [info] > git check-ignore -v -z --stdin [3ms]
2025-08-08 16:04:15.304 [info] > git check-ignore -v -z --stdin [22ms]
2025-08-08 16:04:16.727 [info] > git check-ignore -v -z --stdin [2ms]
2025-08-08 16:05:02.940 [info] > git check-ignore -v -z --stdin [3ms]
2025-08-08 16:05:03.010 [info] > git config --get commit.template [12ms]
2025-08-08 16:05:03.010 [info] > git for-each-ref --format=%(refname)%00%(upstream:short)%00%(objectname)%00%(upstream:track)%00%(upstream:remotename)%00%(upstream:remoteref) refs/heads/main refs/remotes/main [5ms]
2025-08-08 16:05:03.034 [info] > git for-each-ref --sort -committerdate --format %(refname)%00%(objectname)%00%(*objectname) [4ms]
2025-08-08 16:05:03.039 [info] > git status -z -uall [20ms]
2025-08-08 16:05:23.298 [info] > git show --textconv :src/components/sections/landing/HeroSection.astro [12ms]
2025-08-08 16:05:23.299 [info] > git ls-files --stage -- src/components/sections/landing/HeroSection.astro [3ms]
2025-08-08 16:05:23.312 [info] > git cat-file -s 651d4ec772e9f1908a9a04cbe4abb909827b9701 [2ms]
2025-08-08 16:05:23.887 [info] > git blame --root --incremental 0d7a3a898007be1d8200d8db99d59472a2da8d06 -- src/components/sections/landing/HeroSection.astro [5ms]
2025-08-08 16:07:54.627 [info] > git fetch [324ms]
2025-08-08 16:07:54.649 [info] > git config --get commit.template [10ms]
2025-08-08 16:07:54.650 [info] > git for-each-ref --format=%(refname)%00%(upstream:short)%00%(objectname)%00%(upstream:track)%00%(upstream:remotename)%00%(upstream:remoteref) refs/heads/main refs/remotes/main [3ms]
2025-08-08 16:07:54.674 [info] > git for-each-ref --sort -committerdate --format %(refname)%00%(objectname)%00%(*objectname) [3ms]
2025-08-08 16:07:54.677 [info] > git status -z -uall [17ms]
2025-08-08 16:07:56.248 [info] > git config --get commit.template [12ms]
2025-08-08 16:07:56.250 [info] > git for-each-ref --format=%(refname)%00%(upstream:short)%00%(objectname)%00%(upstream:track)%00%(upstream:remotename)%00%(upstream:remoteref) refs/heads/main refs/remotes/main [3ms]
2025-08-08 16:07:56.277 [info] > git for-each-ref --sort -committerdate --format %(refname)%00%(objectname)%00%(*objectname) [3ms]
2025-08-08 16:07:56.278 [info] > git status -z -uall [16ms]
2025-08-08 16:07:56.911 [info] > git ls-files --stage -- src/components/sections/landing/HeroSection.astro [2ms]
2025-08-08 16:07:56.926 [info] > git cat-file -s 651d4ec772e9f1908a9a04cbe4abb909827b9701 [2ms]
2025-08-08 16:07:57.196 [info] > git show --textconv :src/components/sections/landing/HeroSection.astro [3ms]
2025-08-08 16:08:03.158 [info] > git config --get commit.template [11ms]
2025-08-08 16:08:03.160 [info] > git for-each-ref --format=%(refname)%00%(upstream:short)%00%(objectname)%00%(upstream:track)%00%(upstream:remotename)%00%(upstream:remoteref) refs/heads/main refs/remotes/main [3ms]
2025-08-08 16:08:03.183 [info] > git for-each-ref --sort -committerdate --format %(refname)%00%(objectname)%00%(*objectname) [3ms]
2025-08-08 16:08:03.185 [info] > git status -z -uall [15ms]
2025-08-08 16:08:11.249 [info] > git check-ignore -v -z --stdin [2ms]
2025-08-08 16:08:15.427 [info] > git check-ignore -v -z --stdin [2ms]
2025-08-08 16:09:07.645 [info] > git show --textconv :src/components/sections/landing/HeroSection.astro [11ms]
2025-08-08 16:09:07.646 [info] > git ls-files --stage -- src/components/sections/landing/HeroSection.astro [3ms]
2025-08-08 16:09:07.656 [info] > git cat-file -s 651d4ec772e9f1908a9a04cbe4abb909827b9701 [2ms]
2025-08-08 16:09:07.896 [info] > git config --get commit.template [11ms]
2025-08-08 16:09:07.897 [info] > git for-each-ref --format=%(refname)%00%(upstream:short)%00%(objectname)%00%(upstream:track)%00%(upstream:remotename)%00%(upstream:remoteref) refs/heads/main refs/remotes/main [2ms]
2025-08-08 16:09:07.924 [info] > git for-each-ref --sort -committerdate --format %(refname)%00%(objectname)%00%(*objectname) [3ms]
2025-08-08 16:09:07.927 [info] > git status -z -uall [18ms]
2025-08-08 16:09:49.019 [info] > git config --get commit.template [12ms]
2025-08-08 16:09:49.021 [info] > git for-each-ref --format=%(refname)%00%(upstream:short)%00%(objectname)%00%(upstream:track)%00%(upstream:remotename)%00%(upstream:remoteref) refs/heads/main refs/remotes/main [3ms]
2025-08-08 16:09:49.046 [info] > git for-each-ref --sort -committerdate --format %(refname)%00%(objectname)%00%(*objectname) [3ms]
2025-08-08 16:09:49.047 [info] > git status -z -uall [16ms]
2025-08-08 16:10:07.707 [info] > git config --get commit.template [11ms]
2025-08-08 16:10:07.708 [info] > git for-each-ref --format=%(refname)%00%(upstream:short)%00%(objectname)%00%(upstream:track)%00%(upstream:remotename)%00%(upstream:remoteref) refs/heads/main refs/remotes/main [2ms]
2025-08-08 16:10:07.733 [info] > git for-each-ref --sort -committerdate --format %(refname)%00%(objectname)%00%(*objectname) [3ms]
2025-08-08 16:10:07.734 [info] > git status -z -uall [15ms]
2025-08-08 16:10:23.167 [info] > git config --get commit.template [11ms]
2025-08-08 16:10:23.169 [info] > git for-each-ref --format=%(refname)%00%(upstream:short)%00%(objectname)%00%(upstream:track)%00%(upstream:remotename)%00%(upstream:remoteref) refs/heads/main refs/remotes/main [3ms]
2025-08-08 16:10:23.192 [info] > git for-each-ref --sort -committerdate --format %(refname)%00%(objectname)%00%(*objectname) [3ms]
2025-08-08 16:10:23.194 [info] > git status -z -uall [15ms]
2025-08-08 16:10:41.497 [info] > git config --get commit.template [10ms]
2025-08-08 16:10:41.499 [info] > git for-each-ref --format=%(refname)%00%(upstream:short)%00%(objectname)%00%(upstream:track)%00%(upstream:remotename)%00%(upstream:remoteref) refs/heads/main refs/remotes/main [3ms]
2025-08-08 16:10:41.521 [info] > git for-each-ref --sort -committerdate --format %(refname)%00%(objectname)%00%(*objectname) [3ms]
2025-08-08 16:10:41.524 [info] > git status -z -uall [15ms]
2025-08-08 16:10:55.044 [info] > git fetch [352ms]
2025-08-08 16:10:55.066 [info] > git config --get commit.template [11ms]
2025-08-08 16:10:55.067 [info] > git for-each-ref --format=%(refname)%00%(upstream:short)%00%(objectname)%00%(upstream:track)%00%(upstream:remotename)%00%(upstream:remoteref) refs/heads/main refs/remotes/main [2ms]
2025-08-08 16:10:55.093 [info] > git for-each-ref --sort -committerdate --format %(refname)%00%(objectname)%00%(*objectname) [3ms]
2025-08-08 16:10:55.093 [info] > git status -z -uall [15ms]
2025-08-08 16:10:56.278 [info] > git config --get commit.template [10ms]
2025-08-08 16:10:56.280 [info] > git for-each-ref --format=%(refname)%00%(upstream:short)%00%(objectname)%00%(upstream:track)%00%(upstream:remotename)%00%(upstream:remoteref) refs/heads/main refs/remotes/main [2ms]
2025-08-08 16:10:56.303 [info] > git for-each-ref --sort -committerdate --format %(refname)%00%(objectname)%00%(*objectname) [3ms]
2025-08-08 16:10:56.305 [info] > git status -z -uall [15ms]
2025-08-08 16:11:15.050 [info] > git config --get commit.template [11ms]
2025-08-08 16:11:15.051 [info] > git for-each-ref --format=%(refname)%00%(upstream:short)%00%(objectname)%00%(upstream:track)%00%(upstream:remotename)%00%(upstream:remoteref) refs/heads/main refs/remotes/main [3ms]
2025-08-08 16:11:15.077 [info] > git for-each-ref --sort -committerdate --format %(refname)%00%(objectname)%00%(*objectname) [3ms]
2025-08-08 16:11:15.077 [info] > git status -z -uall [15ms]
