2025-08-09 12:32:23.676 [info] Log level: Info
2025-08-09 12:32:23.676 [info] VSCODE_MACHINE_ID: 10d3d877-fe56-442f-a117-f9035039c6e9
2025-08-09 12:32:23.676 [info] VSCODE_SESSION_ID: 104e8f62-f21c-4669-960f-91d87c22bbf31754742735023
2025-08-09 12:32:23.676 [info] VSCODE_VERSION: 1.102.3
2025-08-09 12:32:23.676 [info] VSCODE_APP_NAME: Gitpod Code
2025-08-09 12:32:23.676 [info] VSCODE_APP_HOST: Gitpod
2025-08-09 12:32:23.676 [info] VSCODE_UI_KIND: web
2025-08-09 12:32:23.676 [info] GITPOD_WORKSPACE_CONTEXT_URL: https://github.com/Abdallah-Develop/Website-starter
2025-08-09 12:32:23.676 [info] GITPOD_INSTANCE_ID: fef437b8-4b22-4935-9935-454c9e9663ce
2025-08-09 12:32:23.676 [info] GITPOD_WORKSPACE_URL: https://abdallahdev-websitestar-esjdme0laxn.ws-eu120.gitpod.io
2025-08-09 12:32:23.676 [info] Gitpod Web 3953e81
2025-08-09 12:32:23.676 [info] Reading sessions from keychain...
2025-08-09 12:32:27.171 [info] Got stored sessions!
2025-08-09 12:32:27.171 [info] Verified session with the following scopes: function:accessCodeSyncStorage function:closePort function:controlAdmission function:deleteEnvVar function:generateNewGitpodToken function:getDefaultWorkspaceImage function:getGitpodTokenScopes function:getIDToken function:getLoggedInUser function:getOpenPorts function:getSupportedWorkspaceClasses function:getTeams function:getToken function:getWorkspace function:getWorkspaceEnvVars function:getWorkspaceOwner function:getWorkspaceTimeout function:getWorkspaceUsers function:guessGitTokenScopes function:isWorkspaceOwner function:openPort function:sendHeartBeat function:setEnvVar function:setWorkspaceTimeout function:stopWorkspace function:takeSnapshot function:trackEvent function:updateGitStatus function:waitForSnapshot resource:contentBlob::*::create/get resource:envVar::*/**::update resource:envVar::*/*::update resource:envVar::Abdallah-Develop/Website-starter::create/get/update/delete resource:gitpodToken::*::create resource:snapshot::ws-abdallahdev-websitestar-esjdme0laxn::create resource:token::*::get resource:userStorage::*::create/get/update resource:workspace::abdallahdev-websitestar-esjdme0laxn::get/update resource:workspaceInstance::fef437b8-4b22-4935-9935-454c9e9663ce::get/update/delete
2025-08-09 12:32:27.171 [info] Got 1 verified sessions.
2025-08-09 12:32:27.171 [info] Getting sessions for all scopes...
2025-08-09 12:32:27.171 [info] Getting GitHub sessions for all scopes...
2025-08-09 12:32:27.171 [info] Got 1 sessions for all scopes...
2025-08-09 12:32:27.171 [info] Getting sessions for all scopes...
2025-08-09 12:32:27.171 [info] Got 1 sessions for all scopes...
2025-08-09 12:32:27.171 [info] Getting sessions for all scopes...
2025-08-09 12:32:27.171 [info] Got 1 sessions for all scopes...
2025-08-09 12:32:27.287 [info] Getting sessions for function:accessCodeSyncStorage...
2025-08-09 12:32:27.287 [info] Got 1 sessions for function:accessCodeSyncStorage...
2025-08-09 12:32:27.537 [info] Getting sessions for all scopes...
2025-08-09 12:32:27.538 [info] Got 1 sessions for all scopes...
2025-08-09 12:32:28.370 [info] Got 1 GitHub sessions for all scopes...
2025-08-09 12:32:28.371 [info] Getting GitHub sessions for all scopes...
2025-08-09 12:32:28.371 [info] Got 1 GitHub sessions for all scopes...
2025-08-09 12:32:28.630 [info] Getting GitHub sessions for all scopes...
2025-08-09 12:32:28.630 [info] Getting sessions for all scopes...
2025-08-09 12:32:28.632 [info] Got 1 GitHub sessions for all scopes...
2025-08-09 12:32:28.632 [info] Got 1 sessions for all scopes...
2025-08-09 12:32:28.633 [info] Getting GitHub sessions for all scopes...
2025-08-09 12:32:28.633 [info] Got 1 GitHub sessions for all scopes...
2025-08-09 12:32:28.649 [info] Getting GitHub sessions for read:user,repo,user:email,workflow...
2025-08-09 12:32:28.649 [info] Got 0 GitHub sessions for read:user,repo,user:email,workflow...
2025-08-09 12:32:28.835 [info] Getting sessions for all scopes...
2025-08-09 12:32:28.835 [info] Got 1 sessions for all scopes...
2025-08-09 12:32:29.329 [info] Getting GitHub sessions for all scopes...
2025-08-09 12:32:29.329 [info] Got 1 GitHub sessions for all scopes...
2025-08-09 12:32:29.329 [info] Getting GitHub sessions for all scopes...
2025-08-09 12:32:29.329 [info] Got 1 GitHub sessions for all scopes...
2025-08-09 12:32:29.844 [info] Getting sessions for all scopes...
2025-08-09 12:32:29.844 [info] Getting GitHub sessions for all scopes...
2025-08-09 12:32:29.844 [info] Got 1 sessions for all scopes...
2025-08-09 12:32:29.844 [info] Got 1 GitHub sessions for all scopes...
2025-08-09 12:32:30.454 [info] Getting GitHub sessions for project,read:org,read:user,repo,user:email,workflow...
2025-08-09 12:32:30.454 [info] Got 0 GitHub sessions for project,read:org,read:user,repo,user:email,workflow...
2025-08-09 12:32:30.657 [info] Getting sessions for all scopes...
2025-08-09 12:32:30.657 [info] Getting GitHub sessions for all scopes...
2025-08-09 12:32:30.657 [info] Got 1 sessions for all scopes...
2025-08-09 12:32:30.657 [info] Got 1 GitHub sessions for all scopes...
2025-08-09 12:32:31.330 [info] Getting sessions for all scopes...
2025-08-09 12:32:31.331 [info] Getting GitHub sessions for all scopes...
2025-08-09 12:32:31.331 [info] Got 1 sessions for all scopes...
2025-08-09 12:32:31.331 [info] Got 1 GitHub sessions for all scopes...
2025-08-09 12:32:32.290 [info] Getting sessions for all scopes...
2025-08-09 12:32:32.290 [info] Getting GitHub sessions for all scopes...
2025-08-09 12:32:32.290 [info] Got 1 sessions for all scopes...
2025-08-09 12:32:32.290 [info] Got 1 GitHub sessions for all scopes...
2025-08-09 12:32:32.604 [info] Getting GitHub sessions for read:user,repo,user:email,workflow...
2025-08-09 12:32:32.604 [info] Got 0 GitHub sessions for read:user,repo,user:email,workflow...
2025-08-09 12:32:36.295 [info] Getting GitHub sessions for read:user,repo,user:email...
2025-08-09 12:32:36.295 [info] Got 0 GitHub sessions for read:user,repo,user:email...
2025-08-09 12:32:36.895 [info] Getting GitHub sessions for read:user,repo,user:email,workflow...
2025-08-09 12:32:36.895 [info] Got 0 GitHub sessions for read:user,repo,user:email,workflow...
2025-08-09 12:32:38.435 [info] Getting sessions for all scopes...
2025-08-09 12:32:38.435 [info] Getting GitHub sessions for all scopes...
2025-08-09 12:32:38.435 [info] Got 1 sessions for all scopes...
2025-08-09 12:32:38.435 [info] Got 1 GitHub sessions for all scopes...
2025-08-09 12:32:38.435 [info] Getting sessions for all scopes...
2025-08-09 12:32:38.436 [info] Getting GitHub sessions for all scopes...
2025-08-09 12:32:38.436 [info] Got 1 sessions for all scopes...
2025-08-09 12:32:38.436 [info] Got 1 GitHub sessions for all scopes...
2025-08-09 12:32:38.436 [info] Getting sessions for all scopes...
2025-08-09 12:32:38.436 [info] Getting GitHub sessions for all scopes...
2025-08-09 12:32:38.436 [info] Got 1 sessions for all scopes...
2025-08-09 12:32:38.436 [info] Got 1 GitHub sessions for all scopes...
