2025-08-09 14:11:32.465 [info] [main] Log level: Info
2025-08-09 14:11:32.465 [info] [main] Validating found git in: "git"
2025-08-09 14:11:32.465 [info] [main] Using git "2.49.0" from "git"
2025-08-09 14:11:32.465 [info] [Model][doInitialScan] Initial repository scan started
2025-08-09 14:11:32.465 [info] > git rev-parse --show-toplevel [11ms]
2025-08-09 14:11:32.466 [info] > git rev-parse --git-dir --git-common-dir [19ms]
2025-08-09 14:11:32.466 [info] [Model][openRepository] Opened repository (path): /workspace/Website-starter
2025-08-09 14:11:32.466 [info] [Model][openRepository] Opened repository (real path): /workspace/Website-starter
2025-08-09 14:11:32.466 [info] > git rev-parse --show-toplevel [115ms]
2025-08-09 14:11:32.466 [info] > git config --get commit.template [120ms]
2025-08-09 14:11:32.466 [info] > git rev-parse --show-toplevel [16ms]
2025-08-09 14:11:32.466 [info] > git for-each-ref --format=%(refname)%00%(upstream:short)%00%(objectname)%00%(upstream:track)%00%(upstream:remotename)%00%(upstream:remoteref) refs/heads/main refs/remotes/main [84ms]
2025-08-09 14:11:32.466 [info] > git rev-parse --show-toplevel [3ms]
2025-08-09 14:11:32.466 [info] > git status -z -uall [62ms]
2025-08-09 14:11:32.466 [info] > git rev-parse --show-toplevel [73ms]
2025-08-09 14:11:32.466 [info] > git for-each-ref --sort -committerdate --format %(refname)%00%(objectname)%00%(*objectname) [9ms]
2025-08-09 14:11:32.466 [info] > git for-each-ref --format=%(refname)%00%(upstream:short)%00%(objectname)%00%(upstream:track)%00%(upstream:remotename)%00%(upstream:remoteref) refs/heads/main refs/remotes/main [18ms]
2025-08-09 14:11:32.466 [info] > git config --get --local branch.main.vscode-merge-base [281ms]
2025-08-09 14:11:32.466 [info] > git config --get commit.template [294ms]
2025-08-09 14:11:32.466 [info] > git rev-parse --show-toplevel [303ms]
2025-08-09 14:11:32.466 [info] > git fetch [774ms]
2025-08-09 14:11:32.466 [info] > git for-each-ref --format=%(refname)%00%(upstream:short)%00%(objectname)%00%(upstream:track)%00%(upstream:remotename)%00%(upstream:remoteref) refs/heads/origin/main refs/remotes/origin/main [15ms]
2025-08-09 14:11:32.466 [info] > git config --get commit.template [92ms]
2025-08-09 14:11:32.466 [info] > git rev-parse --show-toplevel [99ms]
2025-08-09 14:11:32.466 [info] > git merge-base refs/heads/main refs/remotes/origin/main [101ms]
2025-08-09 14:11:32.466 [info] > git rev-parse --show-toplevel [17ms]
2025-08-09 14:11:32.466 [info] [Model][doInitialScan] Initial repository scan completed - repositories (1), closed repositories (0), parent repositories (0), unsafe repositories (0)
2025-08-09 14:11:32.466 [info] > git for-each-ref --format=%(refname)%00%(upstream:short)%00%(objectname)%00%(upstream:track)%00%(upstream:remotename)%00%(upstream:remoteref) refs/heads/main refs/remotes/main [107ms]
2025-08-09 14:11:32.466 [info] > git for-each-ref --format=%(refname)%00%(upstream:short)%00%(objectname)%00%(upstream:track)%00%(upstream:remotename)%00%(upstream:remoteref) refs/heads/main refs/remotes/main [6ms]
2025-08-09 14:11:32.466 [info] > git diff --name-status -z --diff-filter=ADMR 0d7a3a898007be1d8200d8db99d59472a2da8d06...refs/remotes/origin/main [12ms]
2025-08-09 14:11:32.487 [info] > git for-each-ref --sort -committerdate --format %(refname)%00%(objectname)%00%(*objectname) [4ms]
2025-08-09 14:11:32.492 [info] > git status -z -uall [16ms]
2025-08-09 14:11:34.467 [info] > git check-ignore -v -z --stdin [88ms]
2025-08-09 14:11:35.670 [info] > git check-ignore -v -z --stdin [290ms]
2025-08-09 14:11:40.216 [info] > git config --get --local branch.main.github-pr-owner-number [4ms]
2025-08-09 14:11:40.216 [warning] [Git][config] git config failed: Failed to execute git
2025-08-09 14:11:46.590 [info] > git config --get commit.template [12ms]
2025-08-09 14:11:46.591 [info] > git for-each-ref --format=%(refname)%00%(upstream:short)%00%(objectname)%00%(upstream:track)%00%(upstream:remotename)%00%(upstream:remoteref) refs/heads/main refs/remotes/main [2ms]
2025-08-09 14:11:46.616 [info] > git for-each-ref --sort -committerdate --format %(refname)%00%(objectname)%00%(*objectname) [3ms]
2025-08-09 14:11:46.618 [info] > git status -z -uall [17ms]
2025-08-09 14:12:28.486 [info] > git config --get commit.template [2ms]
2025-08-09 14:12:28.495 [info] > git for-each-ref --format=%(refname)%00%(upstream:short)%00%(objectname)%00%(upstream:track)%00%(upstream:remotename)%00%(upstream:remoteref) refs/heads/main refs/remotes/main [2ms]
2025-08-09 14:12:28.512 [info] > git for-each-ref --sort -committerdate --format %(refname)%00%(objectname)%00%(*objectname) [3ms]
2025-08-09 14:12:28.517 [info] > git status -z -uall [15ms]
2025-08-09 14:12:48.177 [info] > git for-each-ref --format=%(refname)%00%(upstream:short)%00%(objectname)%00%(upstream:track)%00%(upstream:remotename)%00%(upstream:remoteref) refs/heads/main refs/remotes/main [5ms]
2025-08-09 14:12:48.178 [info] > git config --get commit.template [99ms]
2025-08-09 14:12:48.278 [info] > git for-each-ref --sort -committerdate --format %(refname)%00%(objectname)%00%(*objectname) [8ms]
2025-08-09 14:12:48.281 [info] > git status -z -uall [89ms]
2025-08-09 14:12:53.310 [info] > git config --get commit.template [11ms]
2025-08-09 14:12:53.312 [info] > git for-each-ref --format=%(refname)%00%(upstream:short)%00%(objectname)%00%(upstream:track)%00%(upstream:remotename)%00%(upstream:remoteref) refs/heads/main refs/remotes/main [3ms]
2025-08-09 14:12:53.335 [info] > git for-each-ref --sort -committerdate --format %(refname)%00%(objectname)%00%(*objectname) [3ms]
2025-08-09 14:12:53.338 [info] > git status -z -uall [15ms]
2025-08-09 14:12:58.368 [info] > git config --get commit.template [11ms]
2025-08-09 14:12:58.369 [info] > git for-each-ref --format=%(refname)%00%(upstream:short)%00%(objectname)%00%(upstream:track)%00%(upstream:remotename)%00%(upstream:remoteref) refs/heads/main refs/remotes/main [3ms]
2025-08-09 14:12:58.397 [info] > git status -z -uall [16ms]
2025-08-09 14:12:58.398 [info] > git for-each-ref --sort -committerdate --format %(refname)%00%(objectname)%00%(*objectname) [4ms]
2025-08-09 14:13:03.416 [info] > git config --get commit.template [2ms]
2025-08-09 14:13:03.426 [info] > git for-each-ref --format=%(refname)%00%(upstream:short)%00%(objectname)%00%(upstream:track)%00%(upstream:remotename)%00%(upstream:remoteref) refs/heads/main refs/remotes/main [3ms]
2025-08-09 14:13:03.445 [info] > git for-each-ref --sort -committerdate --format %(refname)%00%(objectname)%00%(*objectname) [3ms]
2025-08-09 14:13:03.449 [info] > git status -z -uall [15ms]
2025-08-09 14:13:09.167 [info] > git for-each-ref --format=%(refname)%00%(upstream:short)%00%(objectname)%00%(upstream:track)%00%(upstream:remotename)%00%(upstream:remoteref) refs/heads/main refs/remotes/main [3ms]
2025-08-09 14:13:09.167 [info] > git config --get commit.template [75ms]
2025-08-09 14:13:09.195 [info] > git status -z -uall [15ms]
2025-08-09 14:13:09.196 [info] > git for-each-ref --sort -committerdate --format %(refname)%00%(objectname)%00%(*objectname) [4ms]
2025-08-09 14:13:15.599 [info] > git for-each-ref --format=%(refname)%00%(upstream:short)%00%(objectname)%00%(upstream:track)%00%(upstream:remotename)%00%(upstream:remoteref) refs/heads/main refs/remotes/main [6ms]
2025-08-09 14:13:15.599 [info] > git config --get commit.template [16ms]
2025-08-09 14:13:15.621 [info] > git for-each-ref --sort -committerdate --format %(refname)%00%(objectname)%00%(*objectname) [3ms]
2025-08-09 14:13:15.624 [info] > git status -z -uall [15ms]
2025-08-09 14:13:22.421 [info] > git config --get commit.template [10ms]
2025-08-09 14:13:22.422 [info] > git for-each-ref --format=%(refname)%00%(upstream:short)%00%(objectname)%00%(upstream:track)%00%(upstream:remotename)%00%(upstream:remoteref) refs/heads/main refs/remotes/main [2ms]
2025-08-09 14:13:22.443 [info] > git for-each-ref --sort -committerdate --format %(refname)%00%(objectname)%00%(*objectname) [3ms]
2025-08-09 14:13:22.448 [info] > git status -z -uall [18ms]
2025-08-09 14:13:41.555 [info] > git config --get commit.template [11ms]
2025-08-09 14:13:41.556 [info] > git for-each-ref --format=%(refname)%00%(upstream:short)%00%(objectname)%00%(upstream:track)%00%(upstream:remotename)%00%(upstream:remoteref) refs/heads/main refs/remotes/main [2ms]
2025-08-09 14:13:41.577 [info] > git for-each-ref --sort -committerdate --format %(refname)%00%(objectname)%00%(*objectname) [3ms]
2025-08-09 14:13:41.581 [info] > git status -z -uall [15ms]
2025-08-09 14:13:46.607 [info] > git config --get commit.template [12ms]
2025-08-09 14:13:46.609 [info] > git for-each-ref --format=%(refname)%00%(upstream:short)%00%(objectname)%00%(upstream:track)%00%(upstream:remotename)%00%(upstream:remoteref) refs/heads/main refs/remotes/main [3ms]
2025-08-09 14:13:46.630 [info] > git for-each-ref --sort -committerdate --format %(refname)%00%(objectname)%00%(*objectname) [3ms]
2025-08-09 14:13:46.633 [info] > git status -z -uall [15ms]
2025-08-09 14:14:12.019 [info] > git config --get commit.template [9ms]
2025-08-09 14:14:12.021 [info] > git for-each-ref --format=%(refname)%00%(upstream:short)%00%(objectname)%00%(upstream:track)%00%(upstream:remotename)%00%(upstream:remoteref) refs/heads/main refs/remotes/main [3ms]
2025-08-09 14:14:12.041 [info] > git for-each-ref --sort -committerdate --format %(refname)%00%(objectname)%00%(*objectname) [4ms]
2025-08-09 14:14:12.044 [info] > git status -z -uall [15ms]
2025-08-09 14:14:18.091 [info] > git config --get commit.template [10ms]
2025-08-09 14:14:18.092 [info] > git for-each-ref --format=%(refname)%00%(upstream:short)%00%(objectname)%00%(upstream:track)%00%(upstream:remotename)%00%(upstream:remoteref) refs/heads/main refs/remotes/main [3ms]
2025-08-09 14:14:18.114 [info] > git for-each-ref --sort -committerdate --format %(refname)%00%(objectname)%00%(*objectname) [3ms]
2025-08-09 14:14:18.118 [info] > git status -z -uall [15ms]
2025-08-09 14:14:23.142 [info] > git config --get commit.template [8ms]
2025-08-09 14:14:23.144 [info] > git for-each-ref --format=%(refname)%00%(upstream:short)%00%(objectname)%00%(upstream:track)%00%(upstream:remotename)%00%(upstream:remoteref) refs/heads/main refs/remotes/main [3ms]
2025-08-09 14:14:23.160 [info] > git for-each-ref --sort -committerdate --format %(refname)%00%(objectname)%00%(*objectname) [2ms]
2025-08-09 14:14:23.166 [info] > git status -z -uall [15ms]
2025-08-09 14:14:31.411 [info] > git config --get commit.template [11ms]
2025-08-09 14:14:31.412 [info] > git for-each-ref --format=%(refname)%00%(upstream:short)%00%(objectname)%00%(upstream:track)%00%(upstream:remotename)%00%(upstream:remoteref) refs/heads/main refs/remotes/main [3ms]
2025-08-09 14:14:31.436 [info] > git for-each-ref --sort -committerdate --format %(refname)%00%(objectname)%00%(*objectname) [4ms]
2025-08-09 14:14:31.439 [info] > git status -z -uall [15ms]
2025-08-09 14:14:32.834 [info] > git fetch [324ms]
2025-08-09 14:14:32.855 [info] > git config --get commit.template [9ms]
2025-08-09 14:14:32.856 [info] > git for-each-ref --format=%(refname)%00%(upstream:short)%00%(objectname)%00%(upstream:track)%00%(upstream:remotename)%00%(upstream:remoteref) refs/heads/main refs/remotes/main [2ms]
2025-08-09 14:14:32.879 [info] > git for-each-ref --sort -committerdate --format %(refname)%00%(objectname)%00%(*objectname) [3ms]
2025-08-09 14:14:32.882 [info] > git status -z -uall [16ms]
2025-08-09 14:14:36.462 [info] > git config --get commit.template [9ms]
2025-08-09 14:14:36.464 [info] > git for-each-ref --format=%(refname)%00%(upstream:short)%00%(objectname)%00%(upstream:track)%00%(upstream:remotename)%00%(upstream:remoteref) refs/heads/main refs/remotes/main [2ms]
2025-08-09 14:14:36.482 [info] > git for-each-ref --sort -committerdate --format %(refname)%00%(objectname)%00%(*objectname) [4ms]
2025-08-09 14:14:36.487 [info] > git status -z -uall [16ms]
2025-08-09 14:14:41.511 [info] > git config --get commit.template [10ms]
2025-08-09 14:14:41.513 [info] > git for-each-ref --format=%(refname)%00%(upstream:short)%00%(objectname)%00%(upstream:track)%00%(upstream:remotename)%00%(upstream:remoteref) refs/heads/main refs/remotes/main [2ms]
2025-08-09 14:14:41.537 [info] > git for-each-ref --sort -committerdate --format %(refname)%00%(objectname)%00%(*objectname) [3ms]
2025-08-09 14:14:41.539 [info] > git status -z -uall [15ms]
2025-08-09 14:14:46.564 [info] > git config --get commit.template [9ms]
2025-08-09 14:14:46.566 [info] > git for-each-ref --format=%(refname)%00%(upstream:short)%00%(objectname)%00%(upstream:track)%00%(upstream:remotename)%00%(upstream:remoteref) refs/heads/main refs/remotes/main [2ms]
2025-08-09 14:14:46.592 [info] > git status -z -uall [16ms]
2025-08-09 14:14:46.593 [info] > git for-each-ref --sort -committerdate --format %(refname)%00%(objectname)%00%(*objectname) [5ms]
2025-08-09 14:14:51.615 [info] > git config --get commit.template [8ms]
2025-08-09 14:14:51.617 [info] > git for-each-ref --format=%(refname)%00%(upstream:short)%00%(objectname)%00%(upstream:track)%00%(upstream:remotename)%00%(upstream:remoteref) refs/heads/main refs/remotes/main [3ms]
2025-08-09 14:14:51.637 [info] > git for-each-ref --sort -committerdate --format %(refname)%00%(objectname)%00%(*objectname) [3ms]
2025-08-09 14:14:51.641 [info] > git status -z -uall [15ms]
2025-08-09 14:14:56.664 [info] > git config --get commit.template [10ms]
2025-08-09 14:14:56.666 [info] > git for-each-ref --format=%(refname)%00%(upstream:short)%00%(objectname)%00%(upstream:track)%00%(upstream:remotename)%00%(upstream:remoteref) refs/heads/main refs/remotes/main [3ms]
2025-08-09 14:14:56.685 [info] > git for-each-ref --sort -committerdate --format %(refname)%00%(objectname)%00%(*objectname) [2ms]
2025-08-09 14:14:56.690 [info] > git status -z -uall [15ms]
2025-08-09 14:15:03.314 [info] > git config --get commit.template [8ms]
2025-08-09 14:15:03.315 [info] > git for-each-ref --format=%(refname)%00%(upstream:short)%00%(objectname)%00%(upstream:track)%00%(upstream:remotename)%00%(upstream:remoteref) refs/heads/main refs/remotes/main [2ms]
2025-08-09 14:15:03.332 [info] > git for-each-ref --sort -committerdate --format %(refname)%00%(objectname)%00%(*objectname) [2ms]
2025-08-09 14:15:03.337 [info] > git status -z -uall [14ms]
2025-08-09 14:15:08.362 [info] > git config --get commit.template [11ms]
2025-08-09 14:15:08.364 [info] > git for-each-ref --format=%(refname)%00%(upstream:short)%00%(objectname)%00%(upstream:track)%00%(upstream:remotename)%00%(upstream:remoteref) refs/heads/main refs/remotes/main [2ms]
2025-08-09 14:15:08.382 [info] > git for-each-ref --sort -committerdate --format %(refname)%00%(objectname)%00%(*objectname) [2ms]
2025-08-09 14:15:08.393 [info] > git status -z -uall [20ms]
2025-08-09 14:15:13.418 [info] > git config --get commit.template [10ms]
2025-08-09 14:15:13.420 [info] > git for-each-ref --format=%(refname)%00%(upstream:short)%00%(objectname)%00%(upstream:track)%00%(upstream:remotename)%00%(upstream:remoteref) refs/heads/main refs/remotes/main [2ms]
2025-08-09 14:15:13.441 [info] > git for-each-ref --sort -committerdate --format %(refname)%00%(objectname)%00%(*objectname) [2ms]
2025-08-09 14:15:13.444 [info] > git status -z -uall [15ms]
2025-08-09 14:15:19.327 [info] > git config --get commit.template [8ms]
2025-08-09 14:15:19.328 [info] > git for-each-ref --format=%(refname)%00%(upstream:short)%00%(objectname)%00%(upstream:track)%00%(upstream:remotename)%00%(upstream:remoteref) refs/heads/main refs/remotes/main [2ms]
2025-08-09 14:15:19.348 [info] > git for-each-ref --sort -committerdate --format %(refname)%00%(objectname)%00%(*objectname) [3ms]
2025-08-09 14:15:19.351 [info] > git status -z -uall [15ms]
2025-08-09 14:15:36.640 [info] > git config --get commit.template [9ms]
2025-08-09 14:15:36.642 [info] > git for-each-ref --format=%(refname)%00%(upstream:short)%00%(objectname)%00%(upstream:track)%00%(upstream:remotename)%00%(upstream:remoteref) refs/heads/main refs/remotes/main [3ms]
2025-08-09 14:15:36.659 [info] > git for-each-ref --sort -committerdate --format %(refname)%00%(objectname)%00%(*objectname) [3ms]
2025-08-09 14:15:36.664 [info] > git status -z -uall [15ms]
2025-08-09 14:15:45.840 [info] > git config --get commit.template [9ms]
2025-08-09 14:15:45.842 [info] > git for-each-ref --format=%(refname)%00%(upstream:short)%00%(objectname)%00%(upstream:track)%00%(upstream:remotename)%00%(upstream:remoteref) refs/heads/main refs/remotes/main [3ms]
2025-08-09 14:15:45.863 [info] > git for-each-ref --sort -committerdate --format %(refname)%00%(objectname)%00%(*objectname) [3ms]
2025-08-09 14:15:45.865 [info] > git status -z -uall [14ms]
2025-08-09 14:15:50.888 [info] > git config --get commit.template [9ms]
2025-08-09 14:15:50.890 [info] > git for-each-ref --format=%(refname)%00%(upstream:short)%00%(objectname)%00%(upstream:track)%00%(upstream:remotename)%00%(upstream:remoteref) refs/heads/main refs/remotes/main [2ms]
2025-08-09 14:15:50.910 [info] > git for-each-ref --sort -committerdate --format %(refname)%00%(objectname)%00%(*objectname) [3ms]
2025-08-09 14:15:50.914 [info] > git status -z -uall [15ms]
2025-08-09 14:15:51.205 [info] > git check-ignore -v -z --stdin [2ms]
2025-08-09 14:15:55.937 [info] > git config --get commit.template [9ms]
2025-08-09 14:15:55.939 [info] > git for-each-ref --format=%(refname)%00%(upstream:short)%00%(objectname)%00%(upstream:track)%00%(upstream:remotename)%00%(upstream:remoteref) refs/heads/main refs/remotes/main [3ms]
2025-08-09 14:15:55.962 [info] > git for-each-ref --sort -committerdate --format %(refname)%00%(objectname)%00%(*objectname) [4ms]
2025-08-09 14:15:55.965 [info] > git status -z -uall [17ms]
2025-08-09 14:16:00.988 [info] > git config --get commit.template [10ms]
2025-08-09 14:16:00.992 [info] > git for-each-ref --format=%(refname)%00%(upstream:short)%00%(objectname)%00%(upstream:track)%00%(upstream:remotename)%00%(upstream:remoteref) refs/heads/main refs/remotes/main [4ms]
2025-08-09 14:16:01.012 [info] > git for-each-ref --sort -committerdate --format %(refname)%00%(objectname)%00%(*objectname) [3ms]
2025-08-09 14:16:01.016 [info] > git status -z -uall [14ms]
2025-08-09 14:16:11.180 [info] > git config --get commit.template [15ms]
2025-08-09 14:16:11.182 [info] > git for-each-ref --format=%(refname)%00%(upstream:short)%00%(objectname)%00%(upstream:track)%00%(upstream:remotename)%00%(upstream:remoteref) refs/heads/main refs/remotes/main [4ms]
2025-08-09 14:16:11.205 [info] > git for-each-ref --sort -committerdate --format %(refname)%00%(objectname)%00%(*objectname) [3ms]
2025-08-09 14:16:11.209 [info] > git status -z -uall [15ms]
2025-08-09 14:16:16.232 [info] > git config --get commit.template [8ms]
2025-08-09 14:16:16.234 [info] > git for-each-ref --format=%(refname)%00%(upstream:short)%00%(objectname)%00%(upstream:track)%00%(upstream:remotename)%00%(upstream:remoteref) refs/heads/main refs/remotes/main [2ms]
2025-08-09 14:16:16.253 [info] > git for-each-ref --sort -committerdate --format %(refname)%00%(objectname)%00%(*objectname) [3ms]
2025-08-09 14:16:16.257 [info] > git status -z -uall [15ms]
2025-08-09 14:16:21.285 [info] > git config --get commit.template [12ms]
2025-08-09 14:16:21.288 [info] > git for-each-ref --format=%(refname)%00%(upstream:short)%00%(objectname)%00%(upstream:track)%00%(upstream:remotename)%00%(upstream:remoteref) refs/heads/main refs/remotes/main [4ms]
2025-08-09 14:16:21.313 [info] > git for-each-ref --sort -committerdate --format %(refname)%00%(objectname)%00%(*objectname) [3ms]
2025-08-09 14:16:21.316 [info] > git status -z -uall [17ms]
2025-08-09 14:16:26.341 [info] > git config --get commit.template [10ms]
2025-08-09 14:16:26.343 [info] > git for-each-ref --format=%(refname)%00%(upstream:short)%00%(objectname)%00%(upstream:track)%00%(upstream:remotename)%00%(upstream:remoteref) refs/heads/main refs/remotes/main [3ms]
2025-08-09 14:16:26.365 [info] > git for-each-ref --sort -committerdate --format %(refname)%00%(objectname)%00%(*objectname) [3ms]
2025-08-09 14:16:26.367 [info] > git status -z -uall [14ms]
2025-08-09 14:16:34.170 [info] > git config --get commit.template [2ms]
2025-08-09 14:16:34.182 [info] > git for-each-ref --format=%(refname)%00%(upstream:short)%00%(objectname)%00%(upstream:track)%00%(upstream:remotename)%00%(upstream:remoteref) refs/heads/main refs/remotes/main [2ms]
2025-08-09 14:16:34.204 [info] > git for-each-ref --sort -committerdate --format %(refname)%00%(objectname)%00%(*objectname) [3ms]
2025-08-09 14:16:34.207 [info] > git status -z -uall [15ms]
2025-08-09 14:16:39.234 [info] > git config --get commit.template [12ms]
2025-08-09 14:16:39.236 [info] > git for-each-ref --format=%(refname)%00%(upstream:short)%00%(objectname)%00%(upstream:track)%00%(upstream:remotename)%00%(upstream:remoteref) refs/heads/main refs/remotes/main [3ms]
2025-08-09 14:16:39.263 [info] > git for-each-ref --sort -committerdate --format %(refname)%00%(objectname)%00%(*objectname) [3ms]
2025-08-09 14:16:39.264 [info] > git status -z -uall [15ms]
2025-08-09 14:16:44.286 [info] > git config --get commit.template [8ms]
2025-08-09 14:16:44.288 [info] > git for-each-ref --format=%(refname)%00%(upstream:short)%00%(objectname)%00%(upstream:track)%00%(upstream:remotename)%00%(upstream:remoteref) refs/heads/main refs/remotes/main [3ms]
2025-08-09 14:16:44.304 [info] > git for-each-ref --sort -committerdate --format %(refname)%00%(objectname)%00%(*objectname) [3ms]
2025-08-09 14:16:44.309 [info] > git status -z -uall [14ms]
2025-08-09 14:16:49.331 [info] > git config --get commit.template [8ms]
2025-08-09 14:16:49.333 [info] > git for-each-ref --format=%(refname)%00%(upstream:short)%00%(objectname)%00%(upstream:track)%00%(upstream:remotename)%00%(upstream:remoteref) refs/heads/main refs/remotes/main [2ms]
2025-08-09 14:16:49.356 [info] > git for-each-ref --sort -committerdate --format %(refname)%00%(objectname)%00%(*objectname) [3ms]
2025-08-09 14:16:49.358 [info] > git status -z -uall [14ms]
2025-08-09 14:16:54.382 [info] > git config --get commit.template [10ms]
2025-08-09 14:16:54.384 [info] > git for-each-ref --format=%(refname)%00%(upstream:short)%00%(objectname)%00%(upstream:track)%00%(upstream:remotename)%00%(upstream:remoteref) refs/heads/main refs/remotes/main [3ms]
2025-08-09 14:16:54.406 [info] > git for-each-ref --sort -committerdate --format %(refname)%00%(objectname)%00%(*objectname) [3ms]
2025-08-09 14:16:54.408 [info] > git status -z -uall [15ms]
2025-08-09 14:16:59.432 [info] > git config --get commit.template [11ms]
2025-08-09 14:16:59.433 [info] > git for-each-ref --format=%(refname)%00%(upstream:short)%00%(objectname)%00%(upstream:track)%00%(upstream:remotename)%00%(upstream:remoteref) refs/heads/main refs/remotes/main [2ms]
2025-08-09 14:16:59.456 [info] > git for-each-ref --sort -committerdate --format %(refname)%00%(objectname)%00%(*objectname) [3ms]
2025-08-09 14:16:59.460 [info] > git status -z -uall [16ms]
2025-08-09 14:17:17.369 [info] > git show --textconv :src/assets/styles/global.css [8ms]
2025-08-09 14:17:17.371 [info] > git ls-files --stage -- src/assets/styles/global.css [3ms]
2025-08-09 14:17:17.380 [info] > git cat-file -s 50bf8db4d56518176564a94ccf94019947884767 [2ms]
2025-08-09 14:17:18.529 [info] > git blame --root --incremental 0d7a3a898007be1d8200d8db99d59472a2da8d06 -- src/assets/styles/global.css [3ms]
2025-08-09 14:17:18.882 [info] > git check-ignore -v -z --stdin [2ms]
2025-08-09 14:17:28.114 [info] > git config --get commit.template [11ms]
2025-08-09 14:17:28.116 [info] > git for-each-ref --format=%(refname)%00%(upstream:short)%00%(objectname)%00%(upstream:track)%00%(upstream:remotename)%00%(upstream:remoteref) refs/heads/main refs/remotes/main [3ms]
2025-08-09 14:17:28.142 [info] > git for-each-ref --sort -committerdate --format %(refname)%00%(objectname)%00%(*objectname) [4ms]
2025-08-09 14:17:28.145 [info] > git status -z -uall [16ms]
2025-08-09 14:17:33.209 [info] > git fetch [311ms]
2025-08-09 14:17:33.230 [info] > git config --get commit.template [10ms]
2025-08-09 14:17:33.232 [info] > git for-each-ref --format=%(refname)%00%(upstream:short)%00%(objectname)%00%(upstream:track)%00%(upstream:remotename)%00%(upstream:remoteref) refs/heads/main refs/remotes/main [3ms]
2025-08-09 14:17:33.249 [info] > git for-each-ref --sort -committerdate --format %(refname)%00%(objectname)%00%(*objectname) [3ms]
2025-08-09 14:17:33.253 [info] > git status -z -uall [14ms]
2025-08-09 14:17:34.977 [info] > git config --get commit.template [12ms]
2025-08-09 14:17:34.978 [info] > git for-each-ref --format=%(refname)%00%(upstream:short)%00%(objectname)%00%(upstream:track)%00%(upstream:remotename)%00%(upstream:remoteref) refs/heads/main refs/remotes/main [2ms]
2025-08-09 14:17:35.004 [info] > git for-each-ref --sort -committerdate --format %(refname)%00%(objectname)%00%(*objectname) [4ms]
2025-08-09 14:17:35.006 [info] > git status -z -uall [16ms]
2025-08-09 14:17:35.160 [info] > git ls-files --stage -- src/assets/styles/global.css [3ms]
2025-08-09 14:17:35.177 [info] > git cat-file -s 50bf8db4d56518176564a94ccf94019947884767 [3ms]
2025-08-09 14:17:35.285 [info] > git show --textconv :src/assets/styles/global.css [2ms]
2025-08-09 14:17:52.421 [info] > git config --get commit.template [2ms]
2025-08-09 14:17:52.430 [info] > git for-each-ref --format=%(refname)%00%(upstream:short)%00%(objectname)%00%(upstream:track)%00%(upstream:remotename)%00%(upstream:remoteref) refs/heads/main refs/remotes/main [2ms]
2025-08-09 14:17:52.447 [info] > git for-each-ref --sort -committerdate --format %(refname)%00%(objectname)%00%(*objectname) [2ms]
2025-08-09 14:17:52.452 [info] > git status -z -uall [14ms]
2025-08-09 14:17:57.485 [info] > git config --get commit.template [13ms]
2025-08-09 14:17:57.487 [info] > git for-each-ref --format=%(refname)%00%(upstream:short)%00%(objectname)%00%(upstream:track)%00%(upstream:remotename)%00%(upstream:remoteref) refs/heads/main refs/remotes/main [3ms]
2025-08-09 14:17:57.514 [info] > git status -z -uall [16ms]
2025-08-09 14:17:57.516 [info] > git for-each-ref --sort -committerdate --format %(refname)%00%(objectname)%00%(*objectname) [5ms]
2025-08-09 14:18:02.542 [info] > git config --get commit.template [10ms]
2025-08-09 14:18:02.545 [info] > git for-each-ref --format=%(refname)%00%(upstream:short)%00%(objectname)%00%(upstream:track)%00%(upstream:remotename)%00%(upstream:remoteref) refs/heads/main refs/remotes/main [4ms]
2025-08-09 14:18:02.574 [info] > git status -z -uall [17ms]
2025-08-09 14:18:02.574 [info] > git for-each-ref --sort -committerdate --format %(refname)%00%(objectname)%00%(*objectname) [7ms]
2025-08-09 14:18:07.602 [info] > git config --get commit.template [12ms]
2025-08-09 14:18:07.604 [info] > git for-each-ref --format=%(refname)%00%(upstream:short)%00%(objectname)%00%(upstream:track)%00%(upstream:remotename)%00%(upstream:remoteref) refs/heads/main refs/remotes/main [3ms]
2025-08-09 14:18:07.630 [info] > git for-each-ref --sort -committerdate --format %(refname)%00%(objectname)%00%(*objectname) [3ms]
2025-08-09 14:18:07.632 [info] > git status -z -uall [16ms]
2025-08-09 14:18:32.052 [info] > git config --get commit.template [11ms]
2025-08-09 14:18:32.053 [info] > git for-each-ref --format=%(refname)%00%(upstream:short)%00%(objectname)%00%(upstream:track)%00%(upstream:remotename)%00%(upstream:remoteref) refs/heads/main refs/remotes/main [2ms]
2025-08-09 14:18:32.074 [info] > git for-each-ref --sort -committerdate --format %(refname)%00%(objectname)%00%(*objectname) [3ms]
2025-08-09 14:18:32.077 [info] > git status -z -uall [14ms]
2025-08-09 14:18:40.588 [info] > git config --get commit.template [3ms]
2025-08-09 14:18:40.602 [info] > git for-each-ref --format=%(refname)%00%(upstream:short)%00%(objectname)%00%(upstream:track)%00%(upstream:remotename)%00%(upstream:remoteref) refs/heads/main refs/remotes/main [3ms]
2025-08-09 14:18:40.624 [info] > git for-each-ref --sort -committerdate --format %(refname)%00%(objectname)%00%(*objectname) [3ms]
2025-08-09 14:18:40.628 [info] > git status -z -uall [16ms]
2025-08-09 14:18:58.448 [info] > git show --textconv :src/components/sections/landing/HeroSection.astro [19ms]
2025-08-09 14:18:58.450 [info] > git ls-files --stage -- src/components/sections/landing/HeroSection.astro [2ms]
2025-08-09 14:18:58.464 [info] > git cat-file -s 651d4ec772e9f1908a9a04cbe4abb909827b9701 [2ms]
2025-08-09 14:18:58.843 [info] > git blame --root --incremental 0d7a3a898007be1d8200d8db99d59472a2da8d06 -- src/components/sections/landing/HeroSection.astro [4ms]
2025-08-09 14:19:29.524 [info] > git show --textconv :src/assets/styles/global.css [23ms]
2025-08-09 14:19:29.525 [info] > git ls-files --stage -- src/assets/styles/global.css [9ms]
2025-08-09 14:19:29.542 [info] > git cat-file -s 50bf8db4d56518176564a94ccf94019947884767 [4ms]
2025-08-09 14:19:38.101 [info] > git config --get commit.template [21ms]
2025-08-09 14:19:38.166 [info] > git for-each-ref --format=%(refname)%00%(upstream:short)%00%(objectname)%00%(upstream:track)%00%(upstream:remotename)%00%(upstream:remoteref) refs/heads/main refs/remotes/main [68ms]
2025-08-09 14:19:38.201 [info] > git for-each-ref --sort -committerdate --format %(refname)%00%(objectname)%00%(*objectname) [6ms]
2025-08-09 14:19:38.203 [info] > git status -z -uall [22ms]
2025-08-09 14:19:50.509 [info] > git config --get commit.template [8ms]
2025-08-09 14:19:50.511 [info] > git for-each-ref --format=%(refname)%00%(upstream:short)%00%(objectname)%00%(upstream:track)%00%(upstream:remotename)%00%(upstream:remoteref) refs/heads/main refs/remotes/main [2ms]
2025-08-09 14:19:50.530 [info] > git for-each-ref --sort -committerdate --format %(refname)%00%(objectname)%00%(*objectname) [3ms]
2025-08-09 14:19:50.533 [info] > git status -z -uall [14ms]
2025-08-09 14:21:31.936 [info] > git config --get commit.template [10ms]
2025-08-09 14:21:31.937 [info] > git for-each-ref --format=%(refname)%00%(upstream:short)%00%(objectname)%00%(upstream:track)%00%(upstream:remotename)%00%(upstream:remoteref) refs/heads/main refs/remotes/main [3ms]
2025-08-09 14:21:31.955 [info] > git for-each-ref --sort -committerdate --format %(refname)%00%(objectname)%00%(*objectname) [3ms]
2025-08-09 14:21:31.960 [info] > git status -z -uall [15ms]
2025-08-09 14:21:32.258 [info] > git fetch [341ms]
2025-08-09 14:21:32.277 [info] > git config --get commit.template [9ms]
2025-08-09 14:21:32.279 [info] > git for-each-ref --format=%(refname)%00%(upstream:short)%00%(objectname)%00%(upstream:track)%00%(upstream:remotename)%00%(upstream:remoteref) refs/heads/main refs/remotes/main [3ms]
2025-08-09 14:21:32.297 [info] > git for-each-ref --sort -committerdate --format %(refname)%00%(objectname)%00%(*objectname) [3ms]
2025-08-09 14:21:32.302 [info] > git status -z -uall [16ms]
2025-08-09 14:21:33.781 [info] > git ls-files --stage -- src/assets/styles/global.css [3ms]
2025-08-09 14:21:33.796 [info] > git cat-file -s 50bf8db4d56518176564a94ccf94019947884767 [2ms]
2025-08-09 14:21:33.902 [info] > git show --textconv :src/assets/styles/global.css [4ms]
2025-08-09 14:21:36.982 [info] > git config --get commit.template [8ms]
2025-08-09 14:21:36.984 [info] > git for-each-ref --format=%(refname)%00%(upstream:short)%00%(objectname)%00%(upstream:track)%00%(upstream:remotename)%00%(upstream:remoteref) refs/heads/main refs/remotes/main [3ms]
2025-08-09 14:21:37.005 [info] > git for-each-ref --sort -committerdate --format %(refname)%00%(objectname)%00%(*objectname) [3ms]
2025-08-09 14:21:37.006 [info] > git status -z -uall [15ms]
2025-08-09 14:22:05.878 [info] > git config --get commit.template [3ms]
2025-08-09 14:22:05.890 [info] > git for-each-ref --format=%(refname)%00%(upstream:short)%00%(objectname)%00%(upstream:track)%00%(upstream:remotename)%00%(upstream:remoteref) refs/heads/main refs/remotes/main [2ms]
2025-08-09 14:22:05.964 [info] > git for-each-ref --sort -committerdate --format %(refname)%00%(objectname)%00%(*objectname) [55ms]
2025-08-09 14:22:05.967 [info] > git status -z -uall [68ms]
2025-08-09 14:22:11.634 [info] > git config --get commit.template [10ms]
2025-08-09 14:22:11.636 [info] > git for-each-ref --format=%(refname)%00%(upstream:short)%00%(objectname)%00%(upstream:track)%00%(upstream:remotename)%00%(upstream:remoteref) refs/heads/main refs/remotes/main [2ms]
2025-08-09 14:22:11.657 [info] > git for-each-ref --sort -committerdate --format %(refname)%00%(objectname)%00%(*objectname) [3ms]
2025-08-09 14:22:11.661 [info] > git status -z -uall [15ms]
2025-08-09 14:22:18.719 [info] > git show --textconv :src/components/sections/landing/HeroSection.astro [11ms]
2025-08-09 14:22:18.721 [info] > git ls-files --stage -- src/components/sections/landing/HeroSection.astro [4ms]
2025-08-09 14:22:18.735 [info] > git cat-file -s 651d4ec772e9f1908a9a04cbe4abb909827b9701 [2ms]
2025-08-09 14:22:30.911 [info] > git check-ignore -v -z --stdin [2ms]
2025-08-09 14:22:30.930 [info] > git show --textconv :src/components/sections/landing/HeroSection.astro [8ms]
2025-08-09 14:22:30.931 [info] > git ls-files --stage -- src/components/sections/landing/HeroSection.astro [2ms]
2025-08-09 14:22:30.941 [info] > git cat-file -s 651d4ec772e9f1908a9a04cbe4abb909827b9701 [3ms]
2025-08-09 14:22:54.985 [info] > git check-ignore -v -z --stdin [2ms]
2025-08-09 14:22:57.242 [info] > git check-ignore -v -z --stdin [2ms]
2025-08-09 14:23:53.609 [info] > git config --get commit.template [2ms]
2025-08-09 14:23:53.622 [info] > git for-each-ref --format=%(refname)%00%(upstream:short)%00%(objectname)%00%(upstream:track)%00%(upstream:remotename)%00%(upstream:remoteref) refs/heads/main refs/remotes/main [3ms]
2025-08-09 14:23:53.646 [info] > git for-each-ref --sort -committerdate --format %(refname)%00%(objectname)%00%(*objectname) [4ms]
2025-08-09 14:23:53.647 [info] > git status -z -uall [15ms]
2025-08-09 14:24:17.235 [info] > git config --get commit.template [13ms]
2025-08-09 14:24:17.237 [info] > git for-each-ref --format=%(refname)%00%(upstream:short)%00%(objectname)%00%(upstream:track)%00%(upstream:remotename)%00%(upstream:remoteref) refs/heads/main refs/remotes/main [3ms]
2025-08-09 14:24:17.288 [info] > git status -z -uall [18ms]
2025-08-09 14:24:17.288 [info] > git for-each-ref --sort -committerdate --format %(refname)%00%(objectname)%00%(*objectname) [5ms]
2025-08-09 14:24:22.319 [info] > git config --get commit.template [12ms]
2025-08-09 14:24:22.320 [info] > git for-each-ref --format=%(refname)%00%(upstream:short)%00%(objectname)%00%(upstream:track)%00%(upstream:remotename)%00%(upstream:remoteref) refs/heads/main refs/remotes/main [2ms]
2025-08-09 14:24:22.343 [info] > git for-each-ref --sort -committerdate --format %(refname)%00%(objectname)%00%(*objectname) [3ms]
2025-08-09 14:24:22.345 [info] > git status -z -uall [15ms]
2025-08-09 14:24:27.370 [info] > git config --get commit.template [10ms]
2025-08-09 14:24:27.372 [info] > git for-each-ref --format=%(refname)%00%(upstream:short)%00%(objectname)%00%(upstream:track)%00%(upstream:remotename)%00%(upstream:remoteref) refs/heads/main refs/remotes/main [2ms]
2025-08-09 14:24:27.396 [info] > git status -z -uall [16ms]
2025-08-09 14:24:27.397 [info] > git for-each-ref --sort -committerdate --format %(refname)%00%(objectname)%00%(*objectname) [6ms]
2025-08-09 14:24:32.659 [info] > git fetch [343ms]
2025-08-09 14:24:32.678 [info] > git config --get commit.template [8ms]
2025-08-09 14:24:32.680 [info] > git for-each-ref --format=%(refname)%00%(upstream:short)%00%(objectname)%00%(upstream:track)%00%(upstream:remotename)%00%(upstream:remoteref) refs/heads/main refs/remotes/main [3ms]
2025-08-09 14:24:32.698 [info] > git for-each-ref --sort -committerdate --format %(refname)%00%(objectname)%00%(*objectname) [3ms]
2025-08-09 14:24:32.702 [info] > git status -z -uall [15ms]
2025-08-09 14:24:32.720 [info] > git config --get commit.template [3ms]
2025-08-09 14:24:32.730 [info] > git for-each-ref --format=%(refname)%00%(upstream:short)%00%(objectname)%00%(upstream:track)%00%(upstream:remotename)%00%(upstream:remoteref) refs/heads/main refs/remotes/main [2ms]
2025-08-09 14:24:32.747 [info] > git for-each-ref --sort -committerdate --format %(refname)%00%(objectname)%00%(*objectname) [2ms]
2025-08-09 14:24:32.752 [info] > git status -z -uall [14ms]
2025-08-09 14:24:56.415 [info] > git config --get commit.template [10ms]
2025-08-09 14:24:56.417 [info] > git for-each-ref --format=%(refname)%00%(upstream:short)%00%(objectname)%00%(upstream:track)%00%(upstream:remotename)%00%(upstream:remoteref) refs/heads/main refs/remotes/main [2ms]
2025-08-09 14:24:56.441 [info] > git for-each-ref --sort -committerdate --format %(refname)%00%(objectname)%00%(*objectname) [3ms]
2025-08-09 14:24:56.444 [info] > git status -z -uall [17ms]
2025-08-09 14:25:04.157 [info] > git config --get commit.template [10ms]
2025-08-09 14:25:04.159 [info] > git for-each-ref --format=%(refname)%00%(upstream:short)%00%(objectname)%00%(upstream:track)%00%(upstream:remotename)%00%(upstream:remoteref) refs/heads/main refs/remotes/main [3ms]
2025-08-09 14:25:04.178 [info] > git for-each-ref --sort -committerdate --format %(refname)%00%(objectname)%00%(*objectname) [3ms]
2025-08-09 14:25:04.183 [info] > git status -z -uall [16ms]
2025-08-09 14:25:09.207 [info] > git config --get commit.template [10ms]
2025-08-09 14:25:09.209 [info] > git for-each-ref --format=%(refname)%00%(upstream:short)%00%(objectname)%00%(upstream:track)%00%(upstream:remotename)%00%(upstream:remoteref) refs/heads/main refs/remotes/main [3ms]
2025-08-09 14:25:09.229 [info] > git for-each-ref --sort -committerdate --format %(refname)%00%(objectname)%00%(*objectname) [3ms]
2025-08-09 14:25:09.235 [info] > git status -z -uall [17ms]
2025-08-09 14:25:14.265 [info] > git config --get commit.template [13ms]
2025-08-09 14:25:14.269 [info] > git for-each-ref --format=%(refname)%00%(upstream:short)%00%(objectname)%00%(upstream:track)%00%(upstream:remotename)%00%(upstream:remoteref) refs/heads/main refs/remotes/main [5ms]
2025-08-09 14:25:14.297 [info] > git for-each-ref --sort -committerdate --format %(refname)%00%(objectname)%00%(*objectname) [4ms]
2025-08-09 14:25:14.300 [info] > git status -z -uall [17ms]
2025-08-09 14:25:21.948 [info] > git config --get commit.template [11ms]
2025-08-09 14:25:21.950 [info] > git for-each-ref --format=%(refname)%00%(upstream:short)%00%(objectname)%00%(upstream:track)%00%(upstream:remotename)%00%(upstream:remoteref) refs/heads/main refs/remotes/main [3ms]
2025-08-09 14:25:21.973 [info] > git for-each-ref --sort -committerdate --format %(refname)%00%(objectname)%00%(*objectname) [3ms]
2025-08-09 14:25:21.974 [info] > git status -z -uall [15ms]
2025-08-09 14:25:37.283 [info] > git config --get commit.template [9ms]
2025-08-09 14:25:37.285 [info] > git for-each-ref --format=%(refname)%00%(upstream:short)%00%(objectname)%00%(upstream:track)%00%(upstream:remotename)%00%(upstream:remoteref) refs/heads/main refs/remotes/main [3ms]
2025-08-09 14:25:37.302 [info] > git for-each-ref --sort -committerdate --format %(refname)%00%(objectname)%00%(*objectname) [2ms]
2025-08-09 14:25:37.307 [info] > git status -z -uall [15ms]
2025-08-09 14:25:54.238 [info] > git config --get commit.template [2ms]
2025-08-09 14:25:54.249 [info] > git for-each-ref --format=%(refname)%00%(upstream:short)%00%(objectname)%00%(upstream:track)%00%(upstream:remotename)%00%(upstream:remoteref) refs/heads/main refs/remotes/main [3ms]
2025-08-09 14:25:54.267 [info] > git for-each-ref --sort -committerdate --format %(refname)%00%(objectname)%00%(*objectname) [3ms]
2025-08-09 14:25:54.273 [info] > git status -z -uall [16ms]
2025-08-09 14:26:11.162 [info] > git config --get commit.template [7ms]
2025-08-09 14:26:11.165 [info] > git for-each-ref --format=%(refname)%00%(upstream:short)%00%(objectname)%00%(upstream:track)%00%(upstream:remotename)%00%(upstream:remoteref) refs/heads/main refs/remotes/main [3ms]
2025-08-09 14:26:11.183 [info] > git for-each-ref --sort -committerdate --format %(refname)%00%(objectname)%00%(*objectname) [3ms]
2025-08-09 14:26:11.188 [info] > git status -z -uall [16ms]
2025-08-09 14:26:20.292 [info] > git show --textconv :src/components/sections/landing/HeroSection.astro [9ms]
2025-08-09 14:26:20.293 [info] > git ls-files --stage -- src/components/sections/landing/HeroSection.astro [3ms]
2025-08-09 14:26:20.304 [info] > git cat-file -s 651d4ec772e9f1908a9a04cbe4abb909827b9701 [2ms]
2025-08-09 14:26:38.792 [info] > git config --get commit.template [8ms]
2025-08-09 14:26:38.794 [info] > git for-each-ref --format=%(refname)%00%(upstream:short)%00%(objectname)%00%(upstream:track)%00%(upstream:remotename)%00%(upstream:remoteref) refs/heads/main refs/remotes/main [3ms]
2025-08-09 14:26:38.816 [info] > git for-each-ref --sort -committerdate --format %(refname)%00%(objectname)%00%(*objectname) [3ms]
2025-08-09 14:26:38.818 [info] > git status -z -uall [15ms]
2025-08-09 14:26:43.836 [info] > git config --get commit.template [2ms]
2025-08-09 14:26:43.849 [info] > git for-each-ref --format=%(refname)%00%(upstream:short)%00%(objectname)%00%(upstream:track)%00%(upstream:remotename)%00%(upstream:remoteref) refs/heads/main refs/remotes/main [3ms]
2025-08-09 14:26:43.880 [info] > git for-each-ref --sort -committerdate --format %(refname)%00%(objectname)%00%(*objectname) [6ms]
2025-08-09 14:26:43.883 [info] > git status -z -uall [23ms]
2025-08-09 14:26:48.916 [info] > git config --get commit.template [13ms]
2025-08-09 14:26:48.917 [info] > git for-each-ref --format=%(refname)%00%(upstream:short)%00%(objectname)%00%(upstream:track)%00%(upstream:remotename)%00%(upstream:remoteref) refs/heads/main refs/remotes/main [3ms]
2025-08-09 14:26:48.937 [info] > git for-each-ref --sort -committerdate --format %(refname)%00%(objectname)%00%(*objectname) [3ms]
2025-08-09 14:26:48.942 [info] > git status -z -uall [15ms]
2025-08-09 14:26:54.932 [info] > git config --get commit.template [13ms]
2025-08-09 14:26:54.934 [info] > git for-each-ref --format=%(refname)%00%(upstream:short)%00%(objectname)%00%(upstream:track)%00%(upstream:remotename)%00%(upstream:remoteref) refs/heads/main refs/remotes/main [3ms]
2025-08-09 14:26:54.958 [info] > git for-each-ref --sort -committerdate --format %(refname)%00%(objectname)%00%(*objectname) [3ms]
2025-08-09 14:26:54.962 [info] > git status -z -uall [17ms]
2025-08-09 14:26:59.980 [info] > git config --get commit.template [4ms]
2025-08-09 14:26:59.995 [info] > git for-each-ref --format=%(refname)%00%(upstream:short)%00%(objectname)%00%(upstream:track)%00%(upstream:remotename)%00%(upstream:remoteref) refs/heads/main refs/remotes/main [3ms]
2025-08-09 14:27:00.017 [info] > git for-each-ref --sort -committerdate --format %(refname)%00%(objectname)%00%(*objectname) [3ms]
2025-08-09 14:27:00.021 [info] > git status -z -uall [15ms]
2025-08-09 14:27:13.786 [info] > git config --get commit.template [11ms]
2025-08-09 14:27:13.788 [info] > git for-each-ref --format=%(refname)%00%(upstream:short)%00%(objectname)%00%(upstream:track)%00%(upstream:remotename)%00%(upstream:remoteref) refs/heads/main refs/remotes/main [2ms]
2025-08-09 14:27:13.813 [info] > git for-each-ref --sort -committerdate --format %(refname)%00%(objectname)%00%(*objectname) [4ms]
2025-08-09 14:27:13.814 [info] > git status -z -uall [15ms]
2025-08-09 14:27:21.741 [info] > git config --get commit.template [12ms]
2025-08-09 14:27:21.742 [info] > git for-each-ref --format=%(refname)%00%(upstream:short)%00%(objectname)%00%(upstream:track)%00%(upstream:remotename)%00%(upstream:remoteref) refs/heads/main refs/remotes/main [2ms]
2025-08-09 14:27:21.768 [info] > git for-each-ref --sort -committerdate --format %(refname)%00%(objectname)%00%(*objectname) [3ms]
2025-08-09 14:27:21.774 [info] > git status -z -uall [20ms]
2025-08-09 14:27:47.512 [info] > git fetch [343ms]
2025-08-09 14:27:47.536 [info] > git config --get commit.template [10ms]
2025-08-09 14:27:47.538 [info] > git for-each-ref --format=%(refname)%00%(upstream:short)%00%(objectname)%00%(upstream:track)%00%(upstream:remotename)%00%(upstream:remoteref) refs/heads/main refs/remotes/main [3ms]
2025-08-09 14:27:47.561 [info] > git for-each-ref --sort -committerdate --format %(refname)%00%(objectname)%00%(*objectname) [3ms]
2025-08-09 14:27:47.565 [info] > git status -z -uall [16ms]
2025-08-09 14:27:48.803 [info] > git config --get commit.template [3ms]
2025-08-09 14:27:48.816 [info] > git for-each-ref --format=%(refname)%00%(upstream:short)%00%(objectname)%00%(upstream:track)%00%(upstream:remotename)%00%(upstream:remoteref) refs/heads/main refs/remotes/main [3ms]
2025-08-09 14:27:48.837 [info] > git for-each-ref --sort -committerdate --format %(refname)%00%(objectname)%00%(*objectname) [4ms]
2025-08-09 14:27:48.841 [info] > git status -z -uall [15ms]
2025-08-09 14:27:53.963 [info] > git config --get commit.template [10ms]
2025-08-09 14:27:53.965 [info] > git for-each-ref --format=%(refname)%00%(upstream:short)%00%(objectname)%00%(upstream:track)%00%(upstream:remotename)%00%(upstream:remoteref) refs/heads/main refs/remotes/main [3ms]
2025-08-09 14:27:53.990 [info] > git for-each-ref --sort -committerdate --format %(refname)%00%(objectname)%00%(*objectname) [4ms]
2025-08-09 14:27:53.999 [info] > git status -z -uall [23ms]
2025-08-09 14:28:39.996 [info] > git config --get commit.template [11ms]
2025-08-09 14:28:39.997 [info] > git for-each-ref --format=%(refname)%00%(upstream:short)%00%(objectname)%00%(upstream:track)%00%(upstream:remotename)%00%(upstream:remoteref) refs/heads/main refs/remotes/main [2ms]
2025-08-09 14:28:40.020 [info] > git for-each-ref --sort -committerdate --format %(refname)%00%(objectname)%00%(*objectname) [3ms]
2025-08-09 14:28:40.024 [info] > git status -z -uall [15ms]
2025-08-09 14:29:07.681 [info] > git config --get commit.template [3ms]
2025-08-09 14:29:07.695 [info] > git for-each-ref --format=%(refname)%00%(upstream:short)%00%(objectname)%00%(upstream:track)%00%(upstream:remotename)%00%(upstream:remoteref) refs/heads/main refs/remotes/main [3ms]
2025-08-09 14:29:07.721 [info] > git for-each-ref --sort -committerdate --format %(refname)%00%(objectname)%00%(*objectname) [4ms]
2025-08-09 14:29:07.722 [info] > git status -z -uall [15ms]
2025-08-09 14:29:29.243 [info] > git config --get commit.template [17ms]
2025-08-09 14:29:29.246 [info] > git for-each-ref --format=%(refname)%00%(upstream:short)%00%(objectname)%00%(upstream:track)%00%(upstream:remotename)%00%(upstream:remoteref) refs/heads/main refs/remotes/main [4ms]
2025-08-09 14:29:29.274 [info] > git status -z -uall [16ms]
2025-08-09 14:29:29.276 [info] > git for-each-ref --sort -committerdate --format %(refname)%00%(objectname)%00%(*objectname) [4ms]
2025-08-09 14:29:35.112 [info] > git config --get commit.template [4ms]
2025-08-09 14:29:35.128 [info] > git for-each-ref --format=%(refname)%00%(upstream:short)%00%(objectname)%00%(upstream:track)%00%(upstream:remotename)%00%(upstream:remoteref) refs/heads/main refs/remotes/main [4ms]
2025-08-09 14:29:35.152 [info] > git for-each-ref --sort -committerdate --format %(refname)%00%(objectname)%00%(*objectname) [3ms]
2025-08-09 14:29:35.153 [info] > git status -z -uall [14ms]
2025-08-09 14:29:58.876 [info] > git config --get commit.template [59ms]
2025-08-09 14:29:58.877 [info] > git for-each-ref --format=%(refname)%00%(upstream:short)%00%(objectname)%00%(upstream:track)%00%(upstream:remotename)%00%(upstream:remoteref) refs/heads/main refs/remotes/main [3ms]
2025-08-09 14:29:58.965 [info] > git for-each-ref --sort -committerdate --format %(refname)%00%(objectname)%00%(*objectname) [60ms]
2025-08-09 14:29:58.978 [info] > git status -z -uall [86ms]
2025-08-09 14:30:04.002 [info] > git config --get commit.template [10ms]
2025-08-09 14:30:04.003 [info] > git for-each-ref --format=%(refname)%00%(upstream:short)%00%(objectname)%00%(upstream:track)%00%(upstream:remotename)%00%(upstream:remoteref) refs/heads/main refs/remotes/main [2ms]
2025-08-09 14:30:04.022 [info] > git for-each-ref --sort -committerdate --format %(refname)%00%(objectname)%00%(*objectname) [3ms]
2025-08-09 14:30:04.027 [info] > git status -z -uall [14ms]
2025-08-09 14:30:04.572 [info] > git show --textconv :src/components/sections/landing/HeroSection.astro [13ms]
2025-08-09 14:30:04.574 [info] > git ls-files --stage -- src/components/sections/landing/HeroSection.astro [4ms]
2025-08-09 14:30:04.588 [info] > git cat-file -s 651d4ec772e9f1908a9a04cbe4abb909827b9701 [3ms]
2025-08-09 14:30:10.367 [info] > git config --get commit.template [11ms]
2025-08-09 14:30:10.370 [info] > git for-each-ref --format=%(refname)%00%(upstream:short)%00%(objectname)%00%(upstream:track)%00%(upstream:remotename)%00%(upstream:remoteref) refs/heads/main refs/remotes/main [4ms]
2025-08-09 14:30:10.396 [info] > git for-each-ref --sort -committerdate --format %(refname)%00%(objectname)%00%(*objectname) [4ms]
2025-08-09 14:30:10.398 [info] > git status -z -uall [17ms]
2025-08-09 14:30:15.420 [info] > git config --get commit.template [8ms]
2025-08-09 14:30:15.422 [info] > git for-each-ref --format=%(refname)%00%(upstream:short)%00%(objectname)%00%(upstream:track)%00%(upstream:remotename)%00%(upstream:remoteref) refs/heads/main refs/remotes/main [3ms]
2025-08-09 14:30:15.439 [info] > git for-each-ref --sort -committerdate --format %(refname)%00%(objectname)%00%(*objectname) [3ms]
2025-08-09 14:30:15.444 [info] > git status -z -uall [15ms]
2025-08-09 14:30:31.176 [info] > git config --get commit.template [10ms]
2025-08-09 14:30:31.178 [info] > git for-each-ref --format=%(refname)%00%(upstream:short)%00%(objectname)%00%(upstream:track)%00%(upstream:remotename)%00%(upstream:remoteref) refs/heads/main refs/remotes/main [3ms]
2025-08-09 14:30:31.202 [info] > git for-each-ref --sort -committerdate --format %(refname)%00%(objectname)%00%(*objectname) [4ms]
2025-08-09 14:30:31.205 [info] > git status -z -uall [18ms]
2025-08-09 14:30:47.957 [info] > git fetch [376ms]
2025-08-09 14:30:47.980 [info] > git config --get commit.template [10ms]
2025-08-09 14:30:47.982 [info] > git for-each-ref --format=%(refname)%00%(upstream:short)%00%(objectname)%00%(upstream:track)%00%(upstream:remotename)%00%(upstream:remoteref) refs/heads/main refs/remotes/main [3ms]
2025-08-09 14:30:48.009 [info] > git for-each-ref --sort -committerdate --format %(refname)%00%(objectname)%00%(*objectname) [4ms]
2025-08-09 14:30:48.010 [info] > git status -z -uall [17ms]
2025-08-09 14:30:49.218 [info] > git config --get commit.template [13ms]
2025-08-09 14:30:49.220 [info] > git for-each-ref --format=%(refname)%00%(upstream:short)%00%(objectname)%00%(upstream:track)%00%(upstream:remotename)%00%(upstream:remoteref) refs/heads/main refs/remotes/main [3ms]
2025-08-09 14:30:49.238 [info] > git for-each-ref --sort -committerdate --format %(refname)%00%(objectname)%00%(*objectname) [3ms]
2025-08-09 14:30:49.243 [info] > git status -z -uall [14ms]
2025-08-09 14:30:49.673 [info] > git ls-files --stage -- src/components/sections/landing/HeroSection.astro [2ms]
2025-08-09 14:30:49.685 [info] > git cat-file -s 651d4ec772e9f1908a9a04cbe4abb909827b9701 [2ms]
2025-08-09 14:30:49.872 [info] > git show --textconv :src/components/sections/landing/HeroSection.astro [3ms]
2025-08-09 14:31:21.585 [info] > git show --textconv :src/components/sections/landing/HeroSection.astro [12ms]
2025-08-09 14:31:21.586 [info] > git ls-files --stage -- src/components/sections/landing/HeroSection.astro [2ms]
2025-08-09 14:31:21.596 [info] > git cat-file -s 651d4ec772e9f1908a9a04cbe4abb909827b9701 [2ms]
2025-08-09 14:31:29.806 [info] > git show --textconv :src/components/sections/landing/HeroSection.astro [8ms]
2025-08-09 14:31:29.807 [info] > git ls-files --stage -- src/components/sections/landing/HeroSection.astro [2ms]
2025-08-09 14:31:29.816 [info] > git cat-file -s 651d4ec772e9f1908a9a04cbe4abb909827b9701 [2ms]
2025-08-09 14:32:08.572 [info] > git config --get commit.template [11ms]
2025-08-09 14:32:08.574 [info] > git for-each-ref --format=%(refname)%00%(upstream:short)%00%(objectname)%00%(upstream:track)%00%(upstream:remotename)%00%(upstream:remoteref) refs/heads/main refs/remotes/main [2ms]
2025-08-09 14:32:08.595 [info] > git for-each-ref --sort -committerdate --format %(refname)%00%(objectname)%00%(*objectname) [3ms]
2025-08-09 14:32:08.598 [info] > git status -z -uall [14ms]
2025-08-09 14:33:04.079 [info] > git config --get commit.template [15ms]
2025-08-09 14:33:04.081 [info] > git for-each-ref --format=%(refname)%00%(upstream:short)%00%(objectname)%00%(upstream:track)%00%(upstream:remotename)%00%(upstream:remoteref) refs/heads/main refs/remotes/main [4ms]
2025-08-09 14:33:04.111 [info] > git for-each-ref --sort -committerdate --format %(refname)%00%(objectname)%00%(*objectname) [4ms]
2025-08-09 14:33:04.112 [info] > git status -z -uall [18ms]
2025-08-09 14:33:11.177 [info] > git check-ignore -v -z --stdin [2ms]
2025-08-09 14:33:11.540 [info] > git show --textconv :src/components/ui/stars/FullStar.astro [11ms]
2025-08-09 14:33:11.542 [info] > git ls-files --stage -- src/components/ui/stars/FullStar.astro [3ms]
2025-08-09 14:33:11.555 [info] > git cat-file -s 43034437dc0a9297e24e16c4ce8676d3e87f0723 [3ms]
2025-08-09 14:33:12.046 [info] > git blame --root --incremental 0d7a3a898007be1d8200d8db99d59472a2da8d06 -- src/components/ui/stars/FullStar.astro [4ms]
2025-08-09 14:33:12.479 [info] > git check-ignore -v -z --stdin [2ms]
2025-08-09 14:33:17.296 [info] > git config --get commit.template [12ms]
2025-08-09 14:33:17.299 [info] > git for-each-ref --format=%(refname)%00%(upstream:short)%00%(objectname)%00%(upstream:track)%00%(upstream:remotename)%00%(upstream:remoteref) refs/heads/main refs/remotes/main [4ms]
2025-08-09 14:33:17.319 [info] > git for-each-ref --sort -committerdate --format %(refname)%00%(objectname)%00%(*objectname) [3ms]
2025-08-09 14:33:17.323 [info] > git status -z -uall [15ms]
2025-08-09 14:33:35.288 [info] > git config --get commit.template [11ms]
2025-08-09 14:33:35.290 [info] > git for-each-ref --format=%(refname)%00%(upstream:short)%00%(objectname)%00%(upstream:track)%00%(upstream:remotename)%00%(upstream:remoteref) refs/heads/main refs/remotes/main [3ms]
2025-08-09 14:33:35.314 [info] > git for-each-ref --sort -committerdate --format %(refname)%00%(objectname)%00%(*objectname) [2ms]
2025-08-09 14:33:35.317 [info] > git status -z -uall [15ms]
2025-08-09 14:33:41.370 [info] > git config --get commit.template [13ms]
2025-08-09 14:33:41.371 [info] > git for-each-ref --format=%(refname)%00%(upstream:short)%00%(objectname)%00%(upstream:track)%00%(upstream:remotename)%00%(upstream:remoteref) refs/heads/main refs/remotes/main [2ms]
2025-08-09 14:33:41.395 [info] > git for-each-ref --sort -committerdate --format %(refname)%00%(objectname)%00%(*objectname) [3ms]
2025-08-09 14:33:41.396 [info] > git status -z -uall [14ms]
2025-08-09 14:33:47.426 [info] > git show --textconv :src/components/ui/stars/HalfStar.astro [10ms]
2025-08-09 14:33:47.427 [info] > git ls-files --stage -- src/components/ui/stars/HalfStar.astro [2ms]
2025-08-09 14:33:47.437 [info] > git cat-file -s 7b9c8040d92369ff866cb66966ca3b31b0bf69dd [2ms]
2025-08-09 14:33:47.689 [info] > git blame --root --incremental 0d7a3a898007be1d8200d8db99d59472a2da8d06 -- src/components/ui/stars/HalfStar.astro [5ms]
2025-08-09 14:33:48.360 [info] > git fetch [334ms]
2025-08-09 14:33:48.380 [info] > git config --get commit.template [9ms]
2025-08-09 14:33:48.381 [info] > git for-each-ref --format=%(refname)%00%(upstream:short)%00%(objectname)%00%(upstream:track)%00%(upstream:remotename)%00%(upstream:remoteref) refs/heads/main refs/remotes/main [2ms]
2025-08-09 14:33:48.403 [info] > git for-each-ref --sort -committerdate --format %(refname)%00%(objectname)%00%(*objectname) [4ms]
2025-08-09 14:33:48.405 [info] > git status -z -uall [15ms]
2025-08-09 14:33:49.675 [info] > git config --get commit.template [11ms]
2025-08-09 14:33:49.678 [info] > git for-each-ref --format=%(refname)%00%(upstream:short)%00%(objectname)%00%(upstream:track)%00%(upstream:remotename)%00%(upstream:remoteref) refs/heads/main refs/remotes/main [3ms]
2025-08-09 14:33:49.696 [info] > git for-each-ref --sort -committerdate --format %(refname)%00%(objectname)%00%(*objectname) [3ms]
2025-08-09 14:33:49.701 [info] > git status -z -uall [15ms]
2025-08-09 14:33:49.914 [info] > git ls-files --stage -- src/components/ui/stars/HalfStar.astro [2ms]
2025-08-09 14:33:49.924 [info] > git cat-file -s 7b9c8040d92369ff866cb66966ca3b31b0bf69dd [2ms]
2025-08-09 14:33:50.103 [info] > git show --textconv :src/components/ui/stars/HalfStar.astro [2ms]
2025-08-09 14:34:42.777 [info] > git config --get commit.template [2ms]
2025-08-09 14:34:42.788 [info] > git for-each-ref --format=%(refname)%00%(upstream:short)%00%(objectname)%00%(upstream:track)%00%(upstream:remotename)%00%(upstream:remoteref) refs/heads/main refs/remotes/main [3ms]
2025-08-09 14:34:42.809 [info] > git for-each-ref --sort -committerdate --format %(refname)%00%(objectname)%00%(*objectname) [3ms]
2025-08-09 14:34:42.812 [info] > git status -z -uall [15ms]
2025-08-09 14:34:48.023 [info] > git show --textconv :src/components/sections/landing/HeroSection.astro [12ms]
2025-08-09 14:34:48.025 [info] > git ls-files --stage -- src/components/sections/landing/HeroSection.astro [3ms]
2025-08-09 14:34:48.039 [info] > git cat-file -s 651d4ec772e9f1908a9a04cbe4abb909827b9701 [3ms]
2025-08-09 14:34:51.978 [info] > git check-ignore -v -z --stdin [2ms]
2025-08-09 14:34:53.739 [info] > git show --textconv :src/components/sections/navbar&footer/Navbar.astro [11ms]
2025-08-09 14:34:53.740 [info] > git ls-files --stage -- src/components/sections/navbar&footer/Navbar.astro [2ms]
2025-08-09 14:34:53.753 [info] > git cat-file -s eb9d9599af5d808707e41aea9e1ed5ed1ddac9a8 [2ms]
2025-08-09 14:34:53.852 [info] > git check-ignore -v -z --stdin [2ms]
2025-08-09 14:34:54.170 [info] > git blame --root --incremental 0d7a3a898007be1d8200d8db99d59472a2da8d06 -- src/components/sections/navbar&footer/Navbar.astro [5ms]
2025-08-09 14:35:04.168 [info] > git check-ignore -v -z --stdin [2ms]
2025-08-09 14:35:05.099 [info] > git show --textconv :src/components/ui/links/NavLink.astro [13ms]
2025-08-09 14:35:05.100 [info] > git ls-files --stage -- src/components/ui/links/NavLink.astro [2ms]
2025-08-09 14:35:05.113 [info] > git cat-file -s 2021605ab19c0b7524b76143da11c8e3b374c46b [3ms]
2025-08-09 14:35:05.530 [info] > git blame --root --incremental 0d7a3a898007be1d8200d8db99d59472a2da8d06 -- src/components/ui/links/NavLink.astro [4ms]
2025-08-09 14:35:06.376 [info] > git check-ignore -v -z --stdin [2ms]
2025-08-09 14:35:25.570 [info] > git config --get commit.template [12ms]
2025-08-09 14:35:25.570 [info] > git for-each-ref --format=%(refname)%00%(upstream:short)%00%(objectname)%00%(upstream:track)%00%(upstream:remotename)%00%(upstream:remoteref) refs/heads/main refs/remotes/main [2ms]
2025-08-09 14:35:25.596 [info] > git for-each-ref --sort -committerdate --format %(refname)%00%(objectname)%00%(*objectname) [3ms]
2025-08-09 14:35:25.596 [info] > git status -z -uall [15ms]
2025-08-09 14:35:43.035 [info] > git show --textconv :src/components/sections/navbar&footer/Navbar.astro [9ms]
2025-08-09 14:35:43.036 [info] > git ls-files --stage -- src/components/sections/navbar&footer/Navbar.astro [2ms]
2025-08-09 14:35:43.048 [info] > git cat-file -s eb9d9599af5d808707e41aea9e1ed5ed1ddac9a8 [3ms]
2025-08-09 14:35:43.581 [info] > git show --textconv :src/components/sections/landing/HeroSection.astro [8ms]
2025-08-09 14:35:43.583 [info] > git ls-files --stage -- src/components/sections/landing/HeroSection.astro [2ms]
2025-08-09 14:35:43.592 [info] > git cat-file -s 651d4ec772e9f1908a9a04cbe4abb909827b9701 [2ms]
2025-08-09 14:35:54.420 [info] > git check-ignore -v -z --stdin [2ms]
2025-08-09 14:35:57.509 [info] > git check-ignore -v -z --stdin [2ms]
2025-08-09 14:35:59.186 [info] > git check-ignore -v -z --stdin [2ms]
2025-08-09 14:36:00.977 [info] > git check-ignore -v -z --stdin [3ms]
2025-08-09 14:36:02.159 [info] > git check-ignore -v -z --stdin [3ms]
2025-08-09 14:36:41.025 [info] > git config --get commit.template [2ms]
2025-08-09 14:36:41.038 [info] > git for-each-ref --format=%(refname)%00%(upstream:short)%00%(objectname)%00%(upstream:track)%00%(upstream:remotename)%00%(upstream:remoteref) refs/heads/main refs/remotes/main [3ms]
2025-08-09 14:36:41.059 [info] > git for-each-ref --sort -committerdate --format %(refname)%00%(objectname)%00%(*objectname) [3ms]
2025-08-09 14:36:41.062 [info] > git status -z -uall [15ms]
2025-08-09 14:36:46.091 [info] > git config --get commit.template [12ms]
2025-08-09 14:36:46.093 [info] > git for-each-ref --format=%(refname)%00%(upstream:short)%00%(objectname)%00%(upstream:track)%00%(upstream:remotename)%00%(upstream:remoteref) refs/heads/main refs/remotes/main [4ms]
2025-08-09 14:36:46.119 [info] > git for-each-ref --sort -committerdate --format %(refname)%00%(objectname)%00%(*objectname) [4ms]
2025-08-09 14:36:46.120 [info] > git status -z -uall [16ms]
2025-08-09 14:36:48.753 [info] > git fetch [332ms]
2025-08-09 14:36:48.772 [info] > git config --get commit.template [8ms]
2025-08-09 14:36:48.777 [info] > git for-each-ref --format=%(refname)%00%(upstream:short)%00%(objectname)%00%(upstream:track)%00%(upstream:remotename)%00%(upstream:remoteref) refs/heads/main refs/remotes/main [5ms]
2025-08-09 14:36:48.797 [info] > git for-each-ref --sort -committerdate --format %(refname)%00%(objectname)%00%(*objectname) [4ms]
2025-08-09 14:36:48.801 [info] > git status -z -uall [15ms]
2025-08-09 14:36:51.144 [info] > git config --get commit.template [9ms]
2025-08-09 14:36:51.148 [info] > git for-each-ref --format=%(refname)%00%(upstream:short)%00%(objectname)%00%(upstream:track)%00%(upstream:remotename)%00%(upstream:remoteref) refs/heads/main refs/remotes/main [4ms]
2025-08-09 14:36:51.167 [info] > git for-each-ref --sort -committerdate --format %(refname)%00%(objectname)%00%(*objectname) [3ms]
2025-08-09 14:36:51.171 [info] > git status -z -uall [14ms]
2025-08-09 14:36:56.193 [info] > git config --get commit.template [8ms]
2025-08-09 14:36:56.195 [info] > git for-each-ref --format=%(refname)%00%(upstream:short)%00%(objectname)%00%(upstream:track)%00%(upstream:remotename)%00%(upstream:remoteref) refs/heads/main refs/remotes/main [2ms]
2025-08-09 14:36:56.216 [info] > git for-each-ref --sort -committerdate --format %(refname)%00%(objectname)%00%(*objectname) [3ms]
2025-08-09 14:36:56.217 [info] > git status -z -uall [14ms]
2025-08-09 14:37:01.240 [info] > git config --get commit.template [9ms]
2025-08-09 14:37:01.241 [info] > git for-each-ref --format=%(refname)%00%(upstream:short)%00%(objectname)%00%(upstream:track)%00%(upstream:remotename)%00%(upstream:remoteref) refs/heads/main refs/remotes/main [2ms]
2025-08-09 14:37:01.259 [info] > git for-each-ref --sort -committerdate --format %(refname)%00%(objectname)%00%(*objectname) [3ms]
2025-08-09 14:37:01.263 [info] > git status -z -uall [14ms]
2025-08-09 14:37:06.285 [info] > git config --get commit.template [8ms]
2025-08-09 14:37:06.287 [info] > git for-each-ref --format=%(refname)%00%(upstream:short)%00%(objectname)%00%(upstream:track)%00%(upstream:remotename)%00%(upstream:remoteref) refs/heads/main refs/remotes/main [3ms]
2025-08-09 14:37:06.304 [info] > git for-each-ref --sort -committerdate --format %(refname)%00%(objectname)%00%(*objectname) [3ms]
2025-08-09 14:37:06.309 [info] > git status -z -uall [14ms]
2025-08-09 14:37:11.334 [info] > git config --get commit.template [10ms]
2025-08-09 14:37:11.336 [info] > git for-each-ref --format=%(refname)%00%(upstream:short)%00%(objectname)%00%(upstream:track)%00%(upstream:remotename)%00%(upstream:remoteref) refs/heads/main refs/remotes/main [3ms]
2025-08-09 14:37:11.357 [info] > git for-each-ref --sort -committerdate --format %(refname)%00%(objectname)%00%(*objectname) [3ms]
2025-08-09 14:37:11.360 [info] > git status -z -uall [15ms]
2025-08-09 14:37:15.726 [info] > git show --textconv :src/components/sections/landing/HeroSection.astro [9ms]
2025-08-09 14:37:15.728 [info] > git ls-files --stage -- src/components/sections/landing/HeroSection.astro [2ms]
2025-08-09 14:37:15.738 [info] > git cat-file -s 651d4ec772e9f1908a9a04cbe4abb909827b9701 [2ms]
2025-08-09 14:37:16.386 [info] > git config --get commit.template [11ms]
2025-08-09 14:37:16.389 [info] > git for-each-ref --format=%(refname)%00%(upstream:short)%00%(objectname)%00%(upstream:track)%00%(upstream:remotename)%00%(upstream:remoteref) refs/heads/main refs/remotes/main [3ms]
2025-08-09 14:37:16.411 [info] > git for-each-ref --sort -committerdate --format %(refname)%00%(objectname)%00%(*objectname) [3ms]
2025-08-09 14:37:16.413 [info] > git status -z -uall [14ms]
2025-08-09 14:37:37.343 [info] > git config --get commit.template [8ms]
2025-08-09 14:37:37.345 [info] > git for-each-ref --format=%(refname)%00%(upstream:short)%00%(objectname)%00%(upstream:track)%00%(upstream:remotename)%00%(upstream:remoteref) refs/heads/main refs/remotes/main [2ms]
2025-08-09 14:37:37.367 [info] > git for-each-ref --sort -committerdate --format %(refname)%00%(objectname)%00%(*objectname) [3ms]
2025-08-09 14:37:37.369 [info] > git status -z -uall [15ms]
2025-08-09 14:37:51.073 [info] > git config --get commit.template [12ms]
2025-08-09 14:37:51.075 [info] > git for-each-ref --format=%(refname)%00%(upstream:short)%00%(objectname)%00%(upstream:track)%00%(upstream:remotename)%00%(upstream:remoteref) refs/heads/main refs/remotes/main [3ms]
2025-08-09 14:37:51.098 [info] > git for-each-ref --sort -committerdate --format %(refname)%00%(objectname)%00%(*objectname) [3ms]
2025-08-09 14:37:51.101 [info] > git status -z -uall [15ms]
2025-08-09 14:38:02.880 [info] > git config --get commit.template [3ms]
2025-08-09 14:38:02.890 [info] > git for-each-ref --format=%(refname)%00%(upstream:short)%00%(objectname)%00%(upstream:track)%00%(upstream:remotename)%00%(upstream:remoteref) refs/heads/main refs/remotes/main [3ms]
2025-08-09 14:38:02.918 [info] > git status -z -uall [15ms]
2025-08-09 14:38:02.918 [info] > git for-each-ref --sort -committerdate --format %(refname)%00%(objectname)%00%(*objectname) [5ms]
2025-08-09 14:38:07.950 [info] > git config --get commit.template [14ms]
2025-08-09 14:38:07.952 [info] > git for-each-ref --format=%(refname)%00%(upstream:short)%00%(objectname)%00%(upstream:track)%00%(upstream:remotename)%00%(upstream:remoteref) refs/heads/main refs/remotes/main [4ms]
2025-08-09 14:38:07.984 [info] > git status -z -uall [18ms]
2025-08-09 14:38:07.985 [info] > git for-each-ref --sort -committerdate --format %(refname)%00%(objectname)%00%(*objectname) [4ms]
2025-08-09 14:38:30.516 [info] > git config --get commit.template [9ms]
2025-08-09 14:38:30.518 [info] > git for-each-ref --format=%(refname)%00%(upstream:short)%00%(objectname)%00%(upstream:track)%00%(upstream:remotename)%00%(upstream:remoteref) refs/heads/main refs/remotes/main [3ms]
2025-08-09 14:38:30.535 [info] > git for-each-ref --sort -committerdate --format %(refname)%00%(objectname)%00%(*objectname) [3ms]
2025-08-09 14:38:30.539 [info] > git status -z -uall [14ms]
2025-08-09 14:38:49.132 [info] > git config --get commit.template [3ms]
2025-08-09 14:38:49.147 [info] > git for-each-ref --format=%(refname)%00%(upstream:short)%00%(objectname)%00%(upstream:track)%00%(upstream:remotename)%00%(upstream:remoteref) refs/heads/main refs/remotes/main [3ms]
2025-08-09 14:38:49.172 [info] > git for-each-ref --sort -committerdate --format %(refname)%00%(objectname)%00%(*objectname) [3ms]
2025-08-09 14:38:49.174 [info] > git status -z -uall [15ms]
2025-08-09 14:38:51.210 [info] > git show --textconv :src/components/sections/landing/HeroSection.astro [13ms]
2025-08-09 14:38:51.211 [info] > git ls-files --stage -- src/components/sections/landing/HeroSection.astro [3ms]
2025-08-09 14:38:51.224 [info] > git cat-file -s 651d4ec772e9f1908a9a04cbe4abb909827b9701 [2ms]
2025-08-09 14:39:56.004 [info] > git config --get commit.template [9ms]
2025-08-09 14:39:56.005 [info] > git for-each-ref --format=%(refname)%00%(upstream:short)%00%(objectname)%00%(upstream:track)%00%(upstream:remotename)%00%(upstream:remoteref) refs/heads/main refs/remotes/main [2ms]
2025-08-09 14:39:56.022 [info] > git for-each-ref --sort -committerdate --format %(refname)%00%(objectname)%00%(*objectname) [3ms]
2025-08-09 14:39:56.027 [info] > git status -z -uall [15ms]
2025-08-09 14:39:56.310 [info] > git fetch [324ms]
2025-08-09 14:39:56.331 [info] > git config --get commit.template [11ms]
2025-08-09 14:39:56.334 [info] > git for-each-ref --format=%(refname)%00%(upstream:short)%00%(objectname)%00%(upstream:track)%00%(upstream:remotename)%00%(upstream:remoteref) refs/heads/main refs/remotes/main [3ms]
2025-08-09 14:39:56.355 [info] > git for-each-ref --sort -committerdate --format %(refname)%00%(objectname)%00%(*objectname) [4ms]
2025-08-09 14:39:56.359 [info] > git status -z -uall [15ms]
2025-08-09 14:40:01.047 [info] > git config --get commit.template [7ms]
2025-08-09 14:40:01.049 [info] > git for-each-ref --format=%(refname)%00%(upstream:short)%00%(objectname)%00%(upstream:track)%00%(upstream:remotename)%00%(upstream:remoteref) refs/heads/main refs/remotes/main [2ms]
2025-08-09 14:40:01.065 [info] > git for-each-ref --sort -committerdate --format %(refname)%00%(objectname)%00%(*objectname) [3ms]
2025-08-09 14:40:01.073 [info] > git status -z -uall [17ms]
2025-08-09 14:40:16.052 [info] > git config --get commit.template [12ms]
2025-08-09 14:40:16.054 [info] > git for-each-ref --format=%(refname)%00%(upstream:short)%00%(objectname)%00%(upstream:track)%00%(upstream:remotename)%00%(upstream:remoteref) refs/heads/main refs/remotes/main [3ms]
2025-08-09 14:40:16.073 [info] > git for-each-ref --sort -committerdate --format %(refname)%00%(objectname)%00%(*objectname) [3ms]
2025-08-09 14:40:16.077 [info] > git status -z -uall [14ms]
2025-08-09 14:40:21.101 [info] > git config --get commit.template [10ms]
2025-08-09 14:40:21.102 [info] > git for-each-ref --format=%(refname)%00%(upstream:short)%00%(objectname)%00%(upstream:track)%00%(upstream:remotename)%00%(upstream:remoteref) refs/heads/main refs/remotes/main [2ms]
2025-08-09 14:40:21.120 [info] > git for-each-ref --sort -committerdate --format %(refname)%00%(objectname)%00%(*objectname) [3ms]
2025-08-09 14:40:21.124 [info] > git status -z -uall [14ms]
2025-08-09 14:40:30.178 [info] > git config --get commit.template [12ms]
2025-08-09 14:40:30.180 [info] > git for-each-ref --format=%(refname)%00%(upstream:short)%00%(objectname)%00%(upstream:track)%00%(upstream:remotename)%00%(upstream:remoteref) refs/heads/main refs/remotes/main [3ms]
2025-08-09 14:40:30.202 [info] > git for-each-ref --sort -committerdate --format %(refname)%00%(objectname)%00%(*objectname) [4ms]
2025-08-09 14:40:30.205 [info] > git status -z -uall [15ms]
2025-08-09 14:40:47.482 [info] > git config --get commit.template [11ms]
2025-08-09 14:40:47.483 [info] > git for-each-ref --format=%(refname)%00%(upstream:short)%00%(objectname)%00%(upstream:track)%00%(upstream:remotename)%00%(upstream:remoteref) refs/heads/main refs/remotes/main [3ms]
2025-08-09 14:40:47.501 [info] > git for-each-ref --sort -committerdate --format %(refname)%00%(objectname)%00%(*objectname) [3ms]
2025-08-09 14:40:47.505 [info] > git status -z -uall [15ms]
2025-08-09 14:40:48.981 [info] > git show --textconv :src/components/sections/landing/HeroSection.astro [9ms]
2025-08-09 14:40:48.984 [info] > git ls-files --stage -- src/components/sections/landing/HeroSection.astro [3ms]
2025-08-09 14:40:48.994 [info] > git cat-file -s 651d4ec772e9f1908a9a04cbe4abb909827b9701 [2ms]
2025-08-09 14:41:05.917 [info] > git config --get commit.template [8ms]
2025-08-09 14:41:05.919 [info] > git for-each-ref --format=%(refname)%00%(upstream:short)%00%(objectname)%00%(upstream:track)%00%(upstream:remotename)%00%(upstream:remoteref) refs/heads/main refs/remotes/main [2ms]
2025-08-09 14:41:05.938 [info] > git for-each-ref --sort -committerdate --format %(refname)%00%(objectname)%00%(*objectname) [5ms]
2025-08-09 14:41:05.941 [info] > git status -z -uall [15ms]
2025-08-09 14:41:10.965 [info] > git config --get commit.template [10ms]
2025-08-09 14:41:10.967 [info] > git for-each-ref --format=%(refname)%00%(upstream:short)%00%(objectname)%00%(upstream:track)%00%(upstream:remotename)%00%(upstream:remoteref) refs/heads/main refs/remotes/main [3ms]
2025-08-09 14:41:10.990 [info] > git for-each-ref --sort -committerdate --format %(refname)%00%(objectname)%00%(*objectname) [3ms]
2025-08-09 14:41:10.992 [info] > git status -z -uall [15ms]
2025-08-09 14:41:16.014 [info] > git config --get commit.template [9ms]
2025-08-09 14:41:16.015 [info] > git for-each-ref --format=%(refname)%00%(upstream:short)%00%(objectname)%00%(upstream:track)%00%(upstream:remotename)%00%(upstream:remoteref) refs/heads/main refs/remotes/main [2ms]
2025-08-09 14:41:16.040 [info] > git status -z -uall [15ms]
2025-08-09 14:41:16.041 [info] > git for-each-ref --sort -committerdate --format %(refname)%00%(objectname)%00%(*objectname) [4ms]
2025-08-09 14:41:27.526 [info] > git config --get commit.template [12ms]
2025-08-09 14:41:27.527 [info] > git for-each-ref --format=%(refname)%00%(upstream:short)%00%(objectname)%00%(upstream:track)%00%(upstream:remotename)%00%(upstream:remoteref) refs/heads/main refs/remotes/main [2ms]
2025-08-09 14:41:27.550 [info] > git for-each-ref --sort -committerdate --format %(refname)%00%(objectname)%00%(*objectname) [3ms]
2025-08-09 14:41:27.553 [info] > git status -z -uall [15ms]
2025-08-09 14:41:33.892 [info] > git config --get commit.template [12ms]
2025-08-09 14:41:33.894 [info] > git for-each-ref --format=%(refname)%00%(upstream:short)%00%(objectname)%00%(upstream:track)%00%(upstream:remotename)%00%(upstream:remoteref) refs/heads/main refs/remotes/main [3ms]
2025-08-09 14:41:33.921 [info] > git status -z -uall [15ms]
2025-08-09 14:41:33.922 [info] > git for-each-ref --sort -committerdate --format %(refname)%00%(objectname)%00%(*objectname) [4ms]
2025-08-09 14:43:29.534 [info] > git config --get commit.template [10ms]
2025-08-09 14:43:29.536 [info] > git for-each-ref --format=%(refname)%00%(upstream:short)%00%(objectname)%00%(upstream:track)%00%(upstream:remotename)%00%(upstream:remoteref) refs/heads/main refs/remotes/main [3ms]
2025-08-09 14:43:29.557 [info] > git for-each-ref --sort -committerdate --format %(refname)%00%(objectname)%00%(*objectname) [3ms]
2025-08-09 14:43:29.559 [info] > git status -z -uall [14ms]
2025-08-09 14:43:29.857 [info] > git fetch [342ms]
2025-08-09 14:43:29.881 [info] > git config --get commit.template [12ms]
2025-08-09 14:43:29.884 [info] > git for-each-ref --format=%(refname)%00%(upstream:short)%00%(objectname)%00%(upstream:track)%00%(upstream:remotename)%00%(upstream:remoteref) refs/heads/main refs/remotes/main [4ms]
2025-08-09 14:43:29.910 [info] > git for-each-ref --sort -committerdate --format %(refname)%00%(objectname)%00%(*objectname) [3ms]
2025-08-09 14:43:29.910 [info] > git status -z -uall [15ms]
2025-08-09 14:43:31.364 [info] > git ls-files --stage -- src/components/sections/landing/HeroSection.astro [2ms]
2025-08-09 14:43:31.373 [info] > git cat-file -s 651d4ec772e9f1908a9a04cbe4abb909827b9701 [2ms]
2025-08-09 14:43:31.496 [info] > git show --textconv :src/components/sections/landing/HeroSection.astro [2ms]
2025-08-09 14:43:34.590 [info] > git config --get commit.template [14ms]
2025-08-09 14:43:34.592 [info] > git for-each-ref --format=%(refname)%00%(upstream:short)%00%(objectname)%00%(upstream:track)%00%(upstream:remotename)%00%(upstream:remoteref) refs/heads/main refs/remotes/main [3ms]
2025-08-09 14:43:34.617 [info] > git for-each-ref --sort -committerdate --format %(refname)%00%(objectname)%00%(*objectname) [3ms]
2025-08-09 14:43:34.619 [info] > git status -z -uall [15ms]
2025-08-09 14:43:39.638 [info] > git config --get commit.template [2ms]
2025-08-09 14:43:39.650 [info] > git for-each-ref --format=%(refname)%00%(upstream:short)%00%(objectname)%00%(upstream:track)%00%(upstream:remotename)%00%(upstream:remoteref) refs/heads/main refs/remotes/main [3ms]
2025-08-09 14:43:39.668 [info] > git for-each-ref --sort -committerdate --format %(refname)%00%(objectname)%00%(*objectname) [3ms]
2025-08-09 14:43:39.673 [info] > git status -z -uall [15ms]
