2025-08-09 15:42:50.008 [info] Log level: Info
2025-08-09 15:42:50.008 [info] VSCODE_MACHINE_ID: 10d3d877-fe56-442f-a117-f9035039c6e9
2025-08-09 15:42:50.008 [info] VSCODE_SESSION_ID: fe64beb9-0ca2-4f01-9d03-c555d4095ea31754754158351
2025-08-09 15:42:50.008 [info] VSCODE_VERSION: 1.102.3
2025-08-09 15:42:50.008 [info] VSCODE_APP_NAME: Gitpod Code
2025-08-09 15:42:50.008 [info] VSCODE_APP_HOST: Gitpod
2025-08-09 15:42:50.008 [info] VSCODE_UI_KIND: web
2025-08-09 15:42:50.008 [info] GITPOD_WORKSPACE_CONTEXT_URL: https://github.com/Abdallah-Develop/Website-starter
2025-08-09 15:42:50.008 [info] GITPOD_INSTANCE_ID: b59029ac-1008-4582-9739-2f9f6ca07115
2025-08-09 15:42:50.008 [info] GITPOD_WORKSPACE_URL: https://abdallahdev-websitestar-esjdme0laxn.ws-eu120.gitpod.io
2025-08-09 15:42:50.008 [info] Gitpod Web 3953e81
2025-08-09 15:42:50.008 [info] Reading sessions from keychain...
2025-08-09 15:42:50.319 [info] Got stored sessions!
2025-08-09 15:42:50.320 [info] Getting sessions for all scopes...
2025-08-09 15:42:50.320 [info] Getting GitHub sessions for all scopes...
2025-08-09 15:42:50.405 [info] Verified session with the following scopes: function:accessCodeSyncStorage function:closePort function:controlAdmission function:deleteEnvVar function:generateNewGitpodToken function:getDefaultWorkspaceImage function:getGitpodTokenScopes function:getIDToken function:getLoggedInUser function:getOpenPorts function:getSupportedWorkspaceClasses function:getTeams function:getToken function:getWorkspace function:getWorkspaceEnvVars function:getWorkspaceOwner function:getWorkspaceTimeout function:getWorkspaceUsers function:guessGitTokenScopes function:isWorkspaceOwner function:openPort function:sendHeartBeat function:setEnvVar function:setWorkspaceTimeout function:stopWorkspace function:takeSnapshot function:trackEvent function:updateGitStatus function:waitForSnapshot resource:contentBlob::*::create/get resource:envVar::*/**::update resource:envVar::*/*::update resource:envVar::Abdallah-Develop/Website-starter::create/get/update/delete resource:gitpodToken::*::create resource:snapshot::ws-abdallahdev-websitestar-esjdme0laxn::create resource:token::*::get resource:userStorage::*::create/get/update resource:workspace::abdallahdev-websitestar-esjdme0laxn::get/update resource:workspaceInstance::b59029ac-1008-4582-9739-2f9f6ca07115::get/update/delete
2025-08-09 15:42:50.405 [info] Got 1 verified sessions.
2025-08-09 15:42:50.405 [info] Got 1 sessions for all scopes...
2025-08-09 15:42:50.405 [info] Getting sessions for all scopes...
2025-08-09 15:42:50.405 [info] Got 1 sessions for all scopes...
2025-08-09 15:42:50.405 [info] Getting sessions for all scopes...
2025-08-09 15:42:50.405 [info] Got 1 sessions for all scopes...
2025-08-09 15:42:50.405 [info] Getting sessions for function:accessCodeSyncStorage...
2025-08-09 15:42:50.405 [info] Got 1 sessions for function:accessCodeSyncStorage...
2025-08-09 15:42:53.377 [info] Getting sessions for all scopes...
2025-08-09 15:42:53.377 [info] Got 1 sessions for all scopes...
2025-08-09 15:42:56.520 [info] Getting sessions for all scopes...
2025-08-09 15:42:56.520 [info] Got 1 sessions for all scopes...
2025-08-09 15:42:56.954 [info] Getting sessions for all scopes...
2025-08-09 15:42:56.955 [info] Got 1 sessions for all scopes...
2025-08-09 15:42:58.821 [info] Getting sessions for all scopes...
2025-08-09 15:42:58.821 [info] Got 1 sessions for all scopes...
2025-08-09 15:42:59.144 [info] Getting sessions for all scopes...
2025-08-09 15:42:59.144 [info] Got 1 sessions for all scopes...
2025-08-09 15:42:59.558 [info] Getting sessions for all scopes...
2025-08-09 15:42:59.558 [info] Got 1 sessions for all scopes...
2025-08-09 15:42:59.743 [info] Getting sessions for all scopes...
2025-08-09 15:42:59.743 [info] Got 1 sessions for all scopes...
2025-08-09 15:43:00.477 [info] Getting sessions for all scopes...
2025-08-09 15:43:00.477 [info] Got 1 sessions for all scopes...
2025-08-09 15:43:00.477 [info] Getting sessions for all scopes...
2025-08-09 15:43:00.477 [info] Got 1 sessions for all scopes...
2025-08-09 15:43:18.801 [info] Got 1 GitHub sessions for all scopes...
2025-08-09 15:43:18.804 [info] Getting GitHub sessions for all scopes...
2025-08-09 15:43:18.804 [info] Got 1 GitHub sessions for all scopes...
2025-08-09 15:43:18.804 [info] Getting GitHub sessions for all scopes...
2025-08-09 15:43:18.804 [info] Got 1 GitHub sessions for all scopes...
2025-08-09 15:43:18.804 [info] Getting GitHub sessions for read:user,repo,user:email,workflow...
2025-08-09 15:43:18.804 [info] Got 0 GitHub sessions for read:user,repo,user:email,workflow...
2025-08-09 15:43:18.804 [info] Getting GitHub sessions for all scopes...
2025-08-09 15:43:18.804 [info] Got 1 GitHub sessions for all scopes...
2025-08-09 15:43:18.804 [info] Getting GitHub sessions for project,read:org,read:user,repo,user:email,workflow...
2025-08-09 15:43:18.804 [info] Got 0 GitHub sessions for project,read:org,read:user,repo,user:email,workflow...
2025-08-09 15:43:18.804 [info] Getting GitHub sessions for all scopes...
2025-08-09 15:43:18.804 [info] Got 1 GitHub sessions for all scopes...
2025-08-09 15:43:18.804 [info] Getting GitHub sessions for all scopes...
2025-08-09 15:43:18.804 [info] Got 1 GitHub sessions for all scopes...
2025-08-09 15:43:18.804 [info] Getting GitHub sessions for all scopes...
2025-08-09 15:43:18.804 [info] Got 1 GitHub sessions for all scopes...
2025-08-09 15:43:18.804 [info] Getting GitHub sessions for all scopes...
2025-08-09 15:43:18.804 [info] Got 1 GitHub sessions for all scopes...
2025-08-09 15:43:19.070 [info] Getting GitHub sessions for all scopes...
2025-08-09 15:43:19.070 [info] Got 1 GitHub sessions for all scopes...
2025-08-09 15:43:19.070 [info] Getting GitHub sessions for all scopes...
2025-08-09 15:43:19.070 [info] Got 1 GitHub sessions for all scopes...
2025-08-09 15:43:19.070 [info] Getting GitHub sessions for all scopes...
2025-08-09 15:43:19.070 [info] Got 1 GitHub sessions for all scopes...
2025-08-09 15:43:19.070 [info] Getting GitHub sessions for all scopes...
2025-08-09 15:43:19.070 [info] Got 1 GitHub sessions for all scopes...
2025-08-09 15:43:19.441 [info] Getting GitHub sessions for read:user,repo,user:email,workflow...
2025-08-09 15:43:19.441 [info] Got 0 GitHub sessions for read:user,repo,user:email,workflow...
2025-08-09 15:43:19.471 [info] Getting sessions for all scopes...
2025-08-09 15:43:19.471 [info] Getting GitHub sessions for all scopes...
2025-08-09 15:43:19.471 [info] Got 1 sessions for all scopes...
2025-08-09 15:43:19.471 [info] Got 1 GitHub sessions for all scopes...
2025-08-09 15:43:19.993 [info] Getting GitHub sessions for read:user,repo,user:email...
2025-08-09 15:43:19.994 [info] Got 0 GitHub sessions for read:user,repo,user:email...
2025-08-09 15:43:21.020 [info] Getting GitHub sessions for read:user,repo,user:email,workflow...
2025-08-09 15:43:21.020 [info] Got 0 GitHub sessions for read:user,repo,user:email,workflow...
2025-08-09 15:44:34.551 [info] Getting sessions for all scopes...
2025-08-09 15:44:34.551 [info] Getting GitHub sessions for all scopes...
2025-08-09 15:44:34.551 [info] Got 1 sessions for all scopes...
2025-08-09 15:44:34.551 [info] Got 1 GitHub sessions for all scopes...
2025-08-09 15:44:34.715 [info] Getting sessions for all scopes...
2025-08-09 15:44:34.715 [info] Getting GitHub sessions for all scopes...
2025-08-09 15:44:34.715 [info] Got 1 sessions for all scopes...
2025-08-09 15:44:34.715 [info] Got 1 GitHub sessions for all scopes...
