2025-08-09 19:58:11.592 [info] [main] Log level: Info
2025-08-09 19:58:11.592 [info] [main] Validating found git in: "git"
2025-08-09 19:58:11.592 [info] [main] Using git "2.49.0" from "git"
2025-08-09 19:58:11.592 [info] [Model][doInitialScan] Initial repository scan started
2025-08-09 19:58:11.592 [info] > git rev-parse --show-toplevel [2ms]
2025-08-09 19:58:11.592 [info] > git rev-parse --git-dir --git-common-dir [1ms]
2025-08-09 19:58:11.592 [info] [Model][openRepository] Opened repository (path): /workspace/Website-starter
2025-08-09 19:58:11.592 [info] [Model][openRepository] Opened repository (real path): /workspace/Website-starter
2025-08-09 19:58:11.592 [info] > git config --get commit.template [5ms]
2025-08-09 19:58:11.592 [info] > git rev-parse --show-toplevel [7ms]
2025-08-09 19:58:11.592 [info] > git for-each-ref --format=%(refname)%00%(upstream:short)%00%(objectname)%00%(upstream:track)%00%(upstream:remotename)%00%(upstream:remoteref) refs/heads/main refs/remotes/main [32ms]
2025-08-09 19:58:11.592 [info] > git rev-parse --show-toplevel [10ms]
2025-08-09 19:58:11.592 [info] > git for-each-ref --sort -committerdate --format %(refname)%00%(objectname)%00%(*objectname) [4ms]
2025-08-09 19:58:11.592 [info] > git rev-parse --show-toplevel [45ms]
2025-08-09 19:58:11.592 [info] > git status -z -uall [45ms]
2025-08-09 19:58:11.592 [info] > git rev-parse --show-toplevel [32ms]
2025-08-09 19:58:11.592 [info] > git for-each-ref --format=%(refname)%00%(upstream:short)%00%(objectname)%00%(upstream:track)%00%(upstream:remotename)%00%(upstream:remoteref) refs/heads/main refs/remotes/main [8ms]
2025-08-09 19:58:11.592 [info] > git config --get commit.template [11ms]
2025-08-09 19:58:11.592 [info] > git config --get --local branch.main.vscode-merge-base [11ms]
2025-08-09 19:58:11.592 [info] > git for-each-ref --format=%(refname)%00%(upstream:short)%00%(objectname)%00%(upstream:track)%00%(upstream:remotename)%00%(upstream:remoteref) refs/heads/main refs/remotes/main [48ms]
2025-08-09 19:58:11.592 [info] > git rev-parse --show-toplevel [53ms]
2025-08-09 19:58:11.592 [info] > git for-each-ref --format=%(refname)%00%(upstream:short)%00%(objectname)%00%(upstream:track)%00%(upstream:remotename)%00%(upstream:remoteref) refs/heads/origin/main refs/remotes/origin/main [2ms]
2025-08-09 19:58:11.592 [info] > git rev-parse --show-toplevel [25ms]
2025-08-09 19:58:11.592 [info] > git merge-base refs/heads/main refs/remotes/origin/main [30ms]
2025-08-09 19:58:11.592 [info] > git for-each-ref --sort -committerdate --format %(refname)%00%(objectname)%00%(*objectname) [5ms]
2025-08-09 19:58:11.592 [info] > git diff --name-status -z --diff-filter=ADMR 0d7a3a898007be1d8200d8db99d59472a2da8d06...refs/remotes/origin/main [16ms]
2025-08-09 19:58:11.593 [info] > git rev-parse --show-toplevel [1ms]
2025-08-09 19:58:11.593 [info] [Model][doInitialScan] Initial repository scan completed - repositories (1), closed repositories (0), parent repositories (0), unsafe repositories (0)
2025-08-09 19:58:11.593 [info] > git status -z -uall [14ms]
2025-08-09 19:58:11.593 [info] > git fetch [928ms]
2025-08-09 19:58:11.593 [info] > git config --get commit.template [4ms]
2025-08-09 19:58:11.593 [info] > git for-each-ref --format=%(refname)%00%(upstream:short)%00%(objectname)%00%(upstream:track)%00%(upstream:remotename)%00%(upstream:remoteref) refs/heads/main refs/remotes/main [2ms]
2025-08-09 19:58:11.593 [info] > git for-each-ref --sort -committerdate --format %(refname)%00%(objectname)%00%(*objectname) [7ms]
2025-08-09 19:58:11.599 [info] > git status -z -uall [42ms]
2025-08-09 19:58:12.096 [info] > git check-ignore -v -z --stdin [1ms]
2025-08-09 19:58:17.001 [info] > git show --textconv :src/components/sections/landing/HeroSection.astro [7ms]
2025-08-09 19:58:17.003 [info] > git ls-files --stage -- src/components/sections/landing/HeroSection.astro [2ms]
2025-08-09 19:58:17.010 [info] > git cat-file -s 651d4ec772e9f1908a9a04cbe4abb909827b9701 [2ms]
2025-08-09 19:58:24.710 [info] > git config --get --local branch.main.github-pr-owner-number [3ms]
2025-08-09 19:58:24.710 [warning] [Git][config] git config failed: Failed to execute git
2025-08-09 19:58:37.869 [info] > git blame --root --incremental 0d7a3a898007be1d8200d8db99d59472a2da8d06 -- src/components/sections/landing/HeroSection.astro [4ms]
2025-08-09 19:58:49.038 [info] > git config --get commit.template [2ms]
2025-08-09 19:58:49.048 [info] > git for-each-ref --format=%(refname)%00%(upstream:short)%00%(objectname)%00%(upstream:track)%00%(upstream:remotename)%00%(upstream:remoteref) refs/heads/main refs/remotes/main [2ms]
2025-08-09 19:58:49.067 [info] > git for-each-ref --sort -committerdate --format %(refname)%00%(objectname)%00%(*objectname) [3ms]
2025-08-09 19:58:49.071 [info] > git status -z -uall [15ms]
2025-08-09 19:58:54.101 [info] > git config --get commit.template [9ms]
2025-08-09 19:58:54.102 [info] > git for-each-ref --format=%(refname)%00%(upstream:short)%00%(objectname)%00%(upstream:track)%00%(upstream:remotename)%00%(upstream:remoteref) refs/heads/main refs/remotes/main [2ms]
2025-08-09 19:58:54.120 [info] > git for-each-ref --sort -committerdate --format %(refname)%00%(objectname)%00%(*objectname) [2ms]
2025-08-09 19:58:54.124 [info] > git status -z -uall [14ms]
2025-08-09 19:58:59.140 [info] > git config --get commit.template [3ms]
2025-08-09 19:58:59.151 [info] > git for-each-ref --format=%(refname)%00%(upstream:short)%00%(objectname)%00%(upstream:track)%00%(upstream:remotename)%00%(upstream:remoteref) refs/heads/main refs/remotes/main [3ms]
2025-08-09 19:58:59.171 [info] > git for-each-ref --sort -committerdate --format %(refname)%00%(objectname)%00%(*objectname) [3ms]
2025-08-09 19:58:59.174 [info] > git status -z -uall [14ms]
2025-08-09 19:59:04.201 [info] > git config --get commit.template [9ms]
2025-08-09 19:59:04.203 [info] > git for-each-ref --format=%(refname)%00%(upstream:short)%00%(objectname)%00%(upstream:track)%00%(upstream:remotename)%00%(upstream:remoteref) refs/heads/main refs/remotes/main [2ms]
2025-08-09 19:59:04.223 [info] > git for-each-ref --sort -committerdate --format %(refname)%00%(objectname)%00%(*objectname) [2ms]
2025-08-09 19:59:04.226 [info] > git status -z -uall [14ms]
2025-08-09 19:59:13.102 [info] > git config --get commit.template [10ms]
2025-08-09 19:59:13.103 [info] > git for-each-ref --format=%(refname)%00%(upstream:short)%00%(objectname)%00%(upstream:track)%00%(upstream:remotename)%00%(upstream:remoteref) refs/heads/main refs/remotes/main [2ms]
2025-08-09 19:59:13.121 [info] > git for-each-ref --sort -committerdate --format %(refname)%00%(objectname)%00%(*objectname) [2ms]
2025-08-09 19:59:13.124 [info] > git status -z -uall [13ms]
2025-08-09 19:59:18.145 [info] > git config --get commit.template [8ms]
2025-08-09 19:59:18.146 [info] > git for-each-ref --format=%(refname)%00%(upstream:short)%00%(objectname)%00%(upstream:track)%00%(upstream:remotename)%00%(upstream:remoteref) refs/heads/main refs/remotes/main [2ms]
2025-08-09 19:59:18.164 [info] > git for-each-ref --sort -committerdate --format %(refname)%00%(objectname)%00%(*objectname) [2ms]
2025-08-09 19:59:18.169 [info] > git status -z -uall [15ms]
2025-08-09 19:59:23.191 [info] > git config --get commit.template [9ms]
2025-08-09 19:59:23.193 [info] > git for-each-ref --format=%(refname)%00%(upstream:short)%00%(objectname)%00%(upstream:track)%00%(upstream:remotename)%00%(upstream:remoteref) refs/heads/main refs/remotes/main [3ms]
2025-08-09 19:59:23.212 [info] > git for-each-ref --sort -committerdate --format %(refname)%00%(objectname)%00%(*objectname) [3ms]
2025-08-09 19:59:23.216 [info] > git status -z -uall [15ms]
2025-08-09 19:59:32.059 [info] > git config --get commit.template [9ms]
2025-08-09 19:59:32.061 [info] > git for-each-ref --format=%(refname)%00%(upstream:short)%00%(objectname)%00%(upstream:track)%00%(upstream:remotename)%00%(upstream:remoteref) refs/heads/main refs/remotes/main [2ms]
2025-08-09 19:59:32.086 [info] > git status -z -uall [16ms]
2025-08-09 19:59:32.087 [info] > git for-each-ref --sort -committerdate --format %(refname)%00%(objectname)%00%(*objectname) [3ms]
2025-08-09 19:59:37.107 [info] > git config --get commit.template [9ms]
2025-08-09 19:59:37.108 [info] > git for-each-ref --format=%(refname)%00%(upstream:short)%00%(objectname)%00%(upstream:track)%00%(upstream:remotename)%00%(upstream:remoteref) refs/heads/main refs/remotes/main [2ms]
2025-08-09 19:59:37.127 [info] > git for-each-ref --sort -committerdate --format %(refname)%00%(objectname)%00%(*objectname) [3ms]
2025-08-09 19:59:37.130 [info] > git status -z -uall [14ms]
2025-08-09 19:59:56.566 [info] > git config --get commit.template [9ms]
2025-08-09 19:59:56.568 [info] > git for-each-ref --format=%(refname)%00%(upstream:short)%00%(objectname)%00%(upstream:track)%00%(upstream:remotename)%00%(upstream:remoteref) refs/heads/main refs/remotes/main [3ms]
2025-08-09 19:59:56.587 [info] > git for-each-ref --sort -committerdate --format %(refname)%00%(objectname)%00%(*objectname) [3ms]
2025-08-09 19:59:56.590 [info] > git status -z -uall [14ms]
2025-08-09 20:00:01.611 [info] > git config --get commit.template [8ms]
2025-08-09 20:00:01.613 [info] > git for-each-ref --format=%(refname)%00%(upstream:short)%00%(objectname)%00%(upstream:track)%00%(upstream:remotename)%00%(upstream:remoteref) refs/heads/main refs/remotes/main [2ms]
2025-08-09 20:00:01.631 [info] > git for-each-ref --sort -committerdate --format %(refname)%00%(objectname)%00%(*objectname) [3ms]
2025-08-09 20:00:01.635 [info] > git status -z -uall [14ms]
2025-08-09 20:00:06.655 [info] > git config --get commit.template [8ms]
2025-08-09 20:00:06.656 [info] > git for-each-ref --format=%(refname)%00%(upstream:short)%00%(objectname)%00%(upstream:track)%00%(upstream:remotename)%00%(upstream:remoteref) refs/heads/main refs/remotes/main [2ms]
2025-08-09 20:00:06.675 [info] > git for-each-ref --sort -committerdate --format %(refname)%00%(objectname)%00%(*objectname) [3ms]
2025-08-09 20:00:06.678 [info] > git status -z -uall [14ms]
2025-08-09 20:00:11.699 [info] > git config --get commit.template [9ms]
2025-08-09 20:00:11.702 [info] > git for-each-ref --format=%(refname)%00%(upstream:short)%00%(objectname)%00%(upstream:track)%00%(upstream:remotename)%00%(upstream:remoteref) refs/heads/main refs/remotes/main [3ms]
2025-08-09 20:00:11.720 [info] > git for-each-ref --sort -committerdate --format %(refname)%00%(objectname)%00%(*objectname) [2ms]
2025-08-09 20:00:11.724 [info] > git status -z -uall [14ms]
2025-08-09 20:00:26.854 [info] > git config --get commit.template [8ms]
2025-08-09 20:00:26.856 [info] > git for-each-ref --format=%(refname)%00%(upstream:short)%00%(objectname)%00%(upstream:track)%00%(upstream:remotename)%00%(upstream:remoteref) refs/heads/main refs/remotes/main [3ms]
2025-08-09 20:00:26.873 [info] > git for-each-ref --sort -committerdate --format %(refname)%00%(objectname)%00%(*objectname) [2ms]
2025-08-09 20:00:26.878 [info] > git status -z -uall [15ms]
2025-08-09 20:00:31.898 [info] > git config --get commit.template [9ms]
2025-08-09 20:00:31.899 [info] > git for-each-ref --format=%(refname)%00%(upstream:short)%00%(objectname)%00%(upstream:track)%00%(upstream:remotename)%00%(upstream:remoteref) refs/heads/main refs/remotes/main [2ms]
2025-08-09 20:00:31.917 [info] > git for-each-ref --sort -committerdate --format %(refname)%00%(objectname)%00%(*objectname) [3ms]
2025-08-09 20:00:31.925 [info] > git status -z -uall [18ms]
2025-08-09 20:00:36.949 [info] > git config --get commit.template [10ms]
2025-08-09 20:00:36.951 [info] > git for-each-ref --format=%(refname)%00%(upstream:short)%00%(objectname)%00%(upstream:track)%00%(upstream:remotename)%00%(upstream:remoteref) refs/heads/main refs/remotes/main [3ms]
2025-08-09 20:00:36.971 [info] > git for-each-ref --sort -committerdate --format %(refname)%00%(objectname)%00%(*objectname) [3ms]
2025-08-09 20:00:36.973 [info] > git status -z -uall [13ms]
2025-08-09 20:00:41.995 [info] > git config --get commit.template [10ms]
2025-08-09 20:00:41.996 [info] > git for-each-ref --format=%(refname)%00%(upstream:short)%00%(objectname)%00%(upstream:track)%00%(upstream:remotename)%00%(upstream:remoteref) refs/heads/main refs/remotes/main [3ms]
2025-08-09 20:00:42.015 [info] > git for-each-ref --sort -committerdate --format %(refname)%00%(objectname)%00%(*objectname) [3ms]
2025-08-09 20:00:42.020 [info] > git status -z -uall [16ms]
2025-08-09 20:00:47.042 [info] > git config --get commit.template [10ms]
2025-08-09 20:00:47.044 [info] > git for-each-ref --format=%(refname)%00%(upstream:short)%00%(objectname)%00%(upstream:track)%00%(upstream:remotename)%00%(upstream:remoteref) refs/heads/main refs/remotes/main [3ms]
2025-08-09 20:00:47.064 [info] > git for-each-ref --sort -committerdate --format %(refname)%00%(objectname)%00%(*objectname) [3ms]
2025-08-09 20:00:47.066 [info] > git status -z -uall [13ms]
2025-08-09 20:00:53.099 [info] > git config --get commit.template [9ms]
2025-08-09 20:00:53.100 [info] > git for-each-ref --format=%(refname)%00%(upstream:short)%00%(objectname)%00%(upstream:track)%00%(upstream:remotename)%00%(upstream:remoteref) refs/heads/main refs/remotes/main [2ms]
2025-08-09 20:00:53.120 [info] > git for-each-ref --sort -committerdate --format %(refname)%00%(objectname)%00%(*objectname) [4ms]
2025-08-09 20:00:53.123 [info] > git status -z -uall [14ms]
2025-08-09 20:00:58.147 [info] > git config --get commit.template [11ms]
2025-08-09 20:00:58.150 [info] > git for-each-ref --format=%(refname)%00%(upstream:short)%00%(objectname)%00%(upstream:track)%00%(upstream:remotename)%00%(upstream:remoteref) refs/heads/main refs/remotes/main [4ms]
2025-08-09 20:00:58.168 [info] > git for-each-ref --sort -committerdate --format %(refname)%00%(objectname)%00%(*objectname) [2ms]
2025-08-09 20:00:58.172 [info] > git status -z -uall [14ms]
2025-08-09 20:01:03.191 [info] > git config --get commit.template [8ms]
2025-08-09 20:01:03.193 [info] > git for-each-ref --format=%(refname)%00%(upstream:short)%00%(objectname)%00%(upstream:track)%00%(upstream:remotename)%00%(upstream:remoteref) refs/heads/main refs/remotes/main [2ms]
2025-08-09 20:01:03.213 [info] > git for-each-ref --sort -committerdate --format %(refname)%00%(objectname)%00%(*objectname) [2ms]
2025-08-09 20:01:03.216 [info] > git status -z -uall [14ms]
2025-08-09 20:01:08.240 [info] > git config --get commit.template [11ms]
2025-08-09 20:01:08.241 [info] > git for-each-ref --format=%(refname)%00%(upstream:short)%00%(objectname)%00%(upstream:track)%00%(upstream:remotename)%00%(upstream:remoteref) refs/heads/main refs/remotes/main [3ms]
2025-08-09 20:01:08.260 [info] > git for-each-ref --sort -committerdate --format %(refname)%00%(objectname)%00%(*objectname) [3ms]
2025-08-09 20:01:08.263 [info] > git status -z -uall [14ms]
2025-08-09 20:01:11.944 [info] > git fetch [331ms]
2025-08-09 20:01:11.963 [info] > git config --get commit.template [9ms]
2025-08-09 20:01:11.965 [info] > git for-each-ref --format=%(refname)%00%(upstream:short)%00%(objectname)%00%(upstream:track)%00%(upstream:remotename)%00%(upstream:remoteref) refs/heads/main refs/remotes/main [2ms]
2025-08-09 20:01:11.986 [info] > git for-each-ref --sort -committerdate --format %(refname)%00%(objectname)%00%(*objectname) [2ms]
2025-08-09 20:01:11.988 [info] > git status -z -uall [14ms]
2025-08-09 20:01:13.287 [info] > git config --get commit.template [10ms]
2025-08-09 20:01:13.289 [info] > git for-each-ref --format=%(refname)%00%(upstream:short)%00%(objectname)%00%(upstream:track)%00%(upstream:remotename)%00%(upstream:remoteref) refs/heads/main refs/remotes/main [2ms]
2025-08-09 20:01:13.307 [info] > git for-each-ref --sort -committerdate --format %(refname)%00%(objectname)%00%(*objectname) [2ms]
2025-08-09 20:01:13.311 [info] > git status -z -uall [14ms]
2025-08-09 20:01:13.592 [info] > git ls-files --stage -- src/components/sections/landing/HeroSection.astro [2ms]
2025-08-09 20:01:13.602 [info] > git cat-file -s 651d4ec772e9f1908a9a04cbe4abb909827b9701 [2ms]
2025-08-09 20:01:14.038 [info] > git show --textconv :src/components/sections/landing/HeroSection.astro [3ms]
2025-08-09 20:01:18.331 [info] > git config --get commit.template [9ms]
2025-08-09 20:01:18.332 [info] > git for-each-ref --format=%(refname)%00%(upstream:short)%00%(objectname)%00%(upstream:track)%00%(upstream:remotename)%00%(upstream:remoteref) refs/heads/main refs/remotes/main [2ms]
2025-08-09 20:01:18.350 [info] > git for-each-ref --sort -committerdate --format %(refname)%00%(objectname)%00%(*objectname) [2ms]
2025-08-09 20:01:18.354 [info] > git status -z -uall [14ms]
2025-08-09 20:01:23.374 [info] > git config --get commit.template [9ms]
2025-08-09 20:01:23.376 [info] > git for-each-ref --format=%(refname)%00%(upstream:short)%00%(objectname)%00%(upstream:track)%00%(upstream:remotename)%00%(upstream:remoteref) refs/heads/main refs/remotes/main [2ms]
2025-08-09 20:01:23.393 [info] > git for-each-ref --sort -committerdate --format %(refname)%00%(objectname)%00%(*objectname) [3ms]
2025-08-09 20:01:23.398 [info] > git status -z -uall [14ms]
2025-08-09 20:01:28.418 [info] > git config --get commit.template [9ms]
2025-08-09 20:01:28.419 [info] > git for-each-ref --format=%(refname)%00%(upstream:short)%00%(objectname)%00%(upstream:track)%00%(upstream:remotename)%00%(upstream:remoteref) refs/heads/main refs/remotes/main [2ms]
2025-08-09 20:01:28.437 [info] > git for-each-ref --sort -committerdate --format %(refname)%00%(objectname)%00%(*objectname) [3ms]
2025-08-09 20:01:28.441 [info] > git status -z -uall [14ms]
2025-08-09 20:01:44.108 [info] > git config --get commit.template [9ms]
2025-08-09 20:01:44.109 [info] > git for-each-ref --format=%(refname)%00%(upstream:short)%00%(objectname)%00%(upstream:track)%00%(upstream:remotename)%00%(upstream:remoteref) refs/heads/main refs/remotes/main [2ms]
2025-08-09 20:01:44.128 [info] > git for-each-ref --sort -committerdate --format %(refname)%00%(objectname)%00%(*objectname) [3ms]
2025-08-09 20:01:44.132 [info] > git status -z -uall [14ms]
2025-08-09 20:01:50.208 [info] > git config --get commit.template [10ms]
2025-08-09 20:01:50.209 [info] > git for-each-ref --format=%(refname)%00%(upstream:short)%00%(objectname)%00%(upstream:track)%00%(upstream:remotename)%00%(upstream:remoteref) refs/heads/main refs/remotes/main [2ms]
2025-08-09 20:01:50.229 [info] > git for-each-ref --sort -committerdate --format %(refname)%00%(objectname)%00%(*objectname) [3ms]
2025-08-09 20:01:50.233 [info] > git status -z -uall [15ms]
2025-08-09 20:02:02.366 [info] > git config --get commit.template [10ms]
2025-08-09 20:02:02.368 [info] > git for-each-ref --format=%(refname)%00%(upstream:short)%00%(objectname)%00%(upstream:track)%00%(upstream:remotename)%00%(upstream:remoteref) refs/heads/main refs/remotes/main [3ms]
2025-08-09 20:02:02.403 [info] > git for-each-ref --sort -committerdate --format %(refname)%00%(objectname)%00%(*objectname) [4ms]
2025-08-09 20:02:02.406 [info] > git status -z -uall [16ms]
2025-08-09 20:02:07.499 [info] > git config --get commit.template [9ms]
2025-08-09 20:02:07.501 [info] > git for-each-ref --format=%(refname)%00%(upstream:short)%00%(objectname)%00%(upstream:track)%00%(upstream:remotename)%00%(upstream:remoteref) refs/heads/main refs/remotes/main [3ms]
2025-08-09 20:02:07.519 [info] > git for-each-ref --sort -committerdate --format %(refname)%00%(objectname)%00%(*objectname) [3ms]
2025-08-09 20:02:07.522 [info] > git status -z -uall [13ms]
2025-08-09 20:02:28.356 [info] > git config --get commit.template [12ms]
2025-08-09 20:02:28.356 [info] > git for-each-ref --format=%(refname)%00%(upstream:short)%00%(objectname)%00%(upstream:track)%00%(upstream:remotename)%00%(upstream:remoteref) refs/heads/main refs/remotes/main [3ms]
2025-08-09 20:02:28.375 [info] > git for-each-ref --sort -committerdate --format %(refname)%00%(objectname)%00%(*objectname) [2ms]
2025-08-09 20:02:28.379 [info] > git status -z -uall [15ms]
2025-08-09 20:02:33.394 [info] > git config --get commit.template [2ms]
2025-08-09 20:02:33.404 [info] > git for-each-ref --format=%(refname)%00%(upstream:short)%00%(objectname)%00%(upstream:track)%00%(upstream:remotename)%00%(upstream:remoteref) refs/heads/main refs/remotes/main [2ms]
2025-08-09 20:02:33.423 [info] > git for-each-ref --sort -committerdate --format %(refname)%00%(objectname)%00%(*objectname) [3ms]
2025-08-09 20:02:33.426 [info] > git status -z -uall [13ms]
2025-08-09 20:03:45.921 [info] > git config --get commit.template [10ms]
2025-08-09 20:03:45.922 [info] > git for-each-ref --format=%(refname)%00%(upstream:short)%00%(objectname)%00%(upstream:track)%00%(upstream:remotename)%00%(upstream:remoteref) refs/heads/main refs/remotes/main [2ms]
2025-08-09 20:03:45.943 [info] > git for-each-ref --sort -committerdate --format %(refname)%00%(objectname)%00%(*objectname) [3ms]
2025-08-09 20:03:45.946 [info] > git status -z -uall [14ms]
2025-08-09 20:04:00.469 [info] > git config --get commit.template [11ms]
2025-08-09 20:04:00.470 [info] > git for-each-ref --format=%(refname)%00%(upstream:short)%00%(objectname)%00%(upstream:track)%00%(upstream:remotename)%00%(upstream:remoteref) refs/heads/main refs/remotes/main [2ms]
2025-08-09 20:04:00.494 [info] > git for-each-ref --sort -committerdate --format %(refname)%00%(objectname)%00%(*objectname) [2ms]
2025-08-09 20:04:00.496 [info] > git status -z -uall [15ms]
2025-08-09 20:04:05.518 [info] > git config --get commit.template [9ms]
2025-08-09 20:04:05.520 [info] > git for-each-ref --format=%(refname)%00%(upstream:short)%00%(objectname)%00%(upstream:track)%00%(upstream:remotename)%00%(upstream:remoteref) refs/heads/main refs/remotes/main [3ms]
2025-08-09 20:04:05.540 [info] > git for-each-ref --sort -committerdate --format %(refname)%00%(objectname)%00%(*objectname) [3ms]
2025-08-09 20:04:05.543 [info] > git status -z -uall [14ms]
2025-08-09 20:04:19.444 [info] > git config --get commit.template [9ms]
2025-08-09 20:04:19.446 [info] > git for-each-ref --format=%(refname)%00%(upstream:short)%00%(objectname)%00%(upstream:track)%00%(upstream:remotename)%00%(upstream:remoteref) refs/heads/main refs/remotes/main [3ms]
2025-08-09 20:04:19.463 [info] > git for-each-ref --sort -committerdate --format %(refname)%00%(objectname)%00%(*objectname) [2ms]
2025-08-09 20:04:19.467 [info] > git status -z -uall [14ms]
2025-08-09 20:04:19.761 [info] > git fetch [334ms]
2025-08-09 20:04:19.778 [info] > git config --get commit.template [9ms]
2025-08-09 20:04:19.780 [info] > git for-each-ref --format=%(refname)%00%(upstream:short)%00%(objectname)%00%(upstream:track)%00%(upstream:remotename)%00%(upstream:remoteref) refs/heads/main refs/remotes/main [3ms]
2025-08-09 20:04:19.798 [info] > git for-each-ref --sort -committerdate --format %(refname)%00%(objectname)%00%(*objectname) [3ms]
2025-08-09 20:04:19.802 [info] > git status -z -uall [14ms]
2025-08-09 20:04:21.306 [info] > git ls-files --stage -- src/components/sections/landing/HeroSection.astro [2ms]
2025-08-09 20:04:21.317 [info] > git cat-file -s 651d4ec772e9f1908a9a04cbe4abb909827b9701 [2ms]
2025-08-09 20:04:21.485 [info] > git show --textconv :src/components/sections/landing/HeroSection.astro [2ms]
2025-08-09 20:04:24.489 [info] > git config --get commit.template [9ms]
2025-08-09 20:04:24.490 [info] > git for-each-ref --format=%(refname)%00%(upstream:short)%00%(objectname)%00%(upstream:track)%00%(upstream:remotename)%00%(upstream:remoteref) refs/heads/main refs/remotes/main [2ms]
2025-08-09 20:04:24.509 [info] > git for-each-ref --sort -committerdate --format %(refname)%00%(objectname)%00%(*objectname) [2ms]
2025-08-09 20:04:24.512 [info] > git status -z -uall [13ms]
2025-08-09 20:04:29.533 [info] > git config --get commit.template [8ms]
2025-08-09 20:04:29.534 [info] > git for-each-ref --format=%(refname)%00%(upstream:short)%00%(objectname)%00%(upstream:track)%00%(upstream:remotename)%00%(upstream:remoteref) refs/heads/main refs/remotes/main [2ms]
2025-08-09 20:04:29.553 [info] > git for-each-ref --sort -committerdate --format %(refname)%00%(objectname)%00%(*objectname) [3ms]
2025-08-09 20:04:29.557 [info] > git status -z -uall [14ms]
2025-08-09 20:05:23.339 [info] > git config --get commit.template [8ms]
2025-08-09 20:05:23.341 [info] > git for-each-ref --format=%(refname)%00%(upstream:short)%00%(objectname)%00%(upstream:track)%00%(upstream:remotename)%00%(upstream:remoteref) refs/heads/main refs/remotes/main [3ms]
2025-08-09 20:05:23.357 [info] > git for-each-ref --sort -committerdate --format %(refname)%00%(objectname)%00%(*objectname) [2ms]
2025-08-09 20:05:23.362 [info] > git status -z -uall [14ms]
2025-08-09 20:05:28.382 [info] > git config --get commit.template [9ms]
2025-08-09 20:05:28.384 [info] > git for-each-ref --format=%(refname)%00%(upstream:short)%00%(objectname)%00%(upstream:track)%00%(upstream:remotename)%00%(upstream:remoteref) refs/heads/main refs/remotes/main [3ms]
2025-08-09 20:05:28.402 [info] > git for-each-ref --sort -committerdate --format %(refname)%00%(objectname)%00%(*objectname) [3ms]
2025-08-09 20:05:28.406 [info] > git status -z -uall [15ms]
2025-08-09 20:05:33.427 [info] > git config --get commit.template [10ms]
2025-08-09 20:05:33.428 [info] > git for-each-ref --format=%(refname)%00%(upstream:short)%00%(objectname)%00%(upstream:track)%00%(upstream:remotename)%00%(upstream:remoteref) refs/heads/main refs/remotes/main [3ms]
2025-08-09 20:05:33.448 [info] > git for-each-ref --sort -committerdate --format %(refname)%00%(objectname)%00%(*objectname) [2ms]
2025-08-09 20:05:33.451 [info] > git status -z -uall [14ms]
2025-08-09 20:05:38.472 [info] > git config --get commit.template [9ms]
2025-08-09 20:05:38.474 [info] > git for-each-ref --format=%(refname)%00%(upstream:short)%00%(objectname)%00%(upstream:track)%00%(upstream:remotename)%00%(upstream:remoteref) refs/heads/main refs/remotes/main [2ms]
2025-08-09 20:05:38.493 [info] > git for-each-ref --sort -committerdate --format %(refname)%00%(objectname)%00%(*objectname) [2ms]
2025-08-09 20:05:38.497 [info] > git status -z -uall [14ms]
2025-08-09 20:06:15.186 [info] > git config --get commit.template [8ms]
2025-08-09 20:06:15.188 [info] > git for-each-ref --format=%(refname)%00%(upstream:short)%00%(objectname)%00%(upstream:track)%00%(upstream:remotename)%00%(upstream:remoteref) refs/heads/main refs/remotes/main [2ms]
2025-08-09 20:06:15.206 [info] > git for-each-ref --sort -committerdate --format %(refname)%00%(objectname)%00%(*objectname) [2ms]
2025-08-09 20:06:15.210 [info] > git status -z -uall [14ms]
2025-08-09 20:06:23.887 [info] > git config --get commit.template [9ms]
2025-08-09 20:06:23.889 [info] > git for-each-ref --format=%(refname)%00%(upstream:short)%00%(objectname)%00%(upstream:track)%00%(upstream:remotename)%00%(upstream:remoteref) refs/heads/main refs/remotes/main [3ms]
2025-08-09 20:06:23.908 [info] > git for-each-ref --sort -committerdate --format %(refname)%00%(objectname)%00%(*objectname) [3ms]
2025-08-09 20:06:23.911 [info] > git status -z -uall [14ms]
2025-08-09 20:06:28.932 [info] > git config --get commit.template [9ms]
2025-08-09 20:06:28.934 [info] > git for-each-ref --format=%(refname)%00%(upstream:short)%00%(objectname)%00%(upstream:track)%00%(upstream:remotename)%00%(upstream:remoteref) refs/heads/main refs/remotes/main [3ms]
2025-08-09 20:06:28.954 [info] > git for-each-ref --sort -committerdate --format %(refname)%00%(objectname)%00%(*objectname) [3ms]
2025-08-09 20:06:28.956 [info] > git status -z -uall [14ms]
2025-08-09 20:06:33.978 [info] > git config --get commit.template [10ms]
2025-08-09 20:06:33.980 [info] > git for-each-ref --format=%(refname)%00%(upstream:short)%00%(objectname)%00%(upstream:track)%00%(upstream:remotename)%00%(upstream:remoteref) refs/heads/main refs/remotes/main [2ms]
2025-08-09 20:06:34.001 [info] > git for-each-ref --sort -committerdate --format %(refname)%00%(objectname)%00%(*objectname) [3ms]
2025-08-09 20:06:34.004 [info] > git status -z -uall [15ms]
2025-08-09 20:06:39.142 [info] > git config --get commit.template [9ms]
2025-08-09 20:06:39.144 [info] > git for-each-ref --format=%(refname)%00%(upstream:short)%00%(objectname)%00%(upstream:track)%00%(upstream:remotename)%00%(upstream:remoteref) refs/heads/main refs/remotes/main [3ms]
2025-08-09 20:06:39.167 [info] > git for-each-ref --sort -committerdate --format %(refname)%00%(objectname)%00%(*objectname) [3ms]
2025-08-09 20:06:39.169 [info] > git status -z -uall [15ms]
2025-08-09 20:06:49.501 [info] > git config --get commit.template [10ms]
2025-08-09 20:06:49.505 [info] > git for-each-ref --format=%(refname)%00%(upstream:short)%00%(objectname)%00%(upstream:track)%00%(upstream:remotename)%00%(upstream:remoteref) refs/heads/main refs/remotes/main [4ms]
2025-08-09 20:06:49.526 [info] > git for-each-ref --sort -committerdate --format %(refname)%00%(objectname)%00%(*objectname) [2ms]
2025-08-09 20:06:49.529 [info] > git status -z -uall [14ms]
2025-08-09 20:06:54.552 [info] > git for-each-ref --format=%(refname)%00%(upstream:short)%00%(objectname)%00%(upstream:track)%00%(upstream:remotename)%00%(upstream:remoteref) refs/heads/main refs/remotes/main [3ms]
2025-08-09 20:06:54.552 [info] > git config --get commit.template [11ms]
2025-08-09 20:06:54.571 [info] > git for-each-ref --sort -committerdate --format %(refname)%00%(objectname)%00%(*objectname) [3ms]
2025-08-09 20:06:54.574 [info] > git status -z -uall [14ms]
2025-08-09 20:07:07.456 [info] > git config --get commit.template [10ms]
2025-08-09 20:07:07.458 [info] > git for-each-ref --format=%(refname)%00%(upstream:short)%00%(objectname)%00%(upstream:track)%00%(upstream:remotename)%00%(upstream:remoteref) refs/heads/main refs/remotes/main [2ms]
2025-08-09 20:07:07.477 [info] > git for-each-ref --sort -committerdate --format %(refname)%00%(objectname)%00%(*objectname) [3ms]
2025-08-09 20:07:07.480 [info] > git status -z -uall [14ms]
2025-08-09 20:07:20.141 [info] > git fetch [326ms]
2025-08-09 20:07:20.159 [info] > git config --get commit.template [8ms]
2025-08-09 20:07:20.161 [info] > git for-each-ref --format=%(refname)%00%(upstream:short)%00%(objectname)%00%(upstream:track)%00%(upstream:remotename)%00%(upstream:remoteref) refs/heads/main refs/remotes/main [3ms]
2025-08-09 20:07:20.179 [info] > git for-each-ref --sort -committerdate --format %(refname)%00%(objectname)%00%(*objectname) [3ms]
2025-08-09 20:07:20.183 [info] > git status -z -uall [15ms]
2025-08-09 20:07:21.440 [info] > git config --get commit.template [9ms]
2025-08-09 20:07:21.442 [info] > git for-each-ref --format=%(refname)%00%(upstream:short)%00%(objectname)%00%(upstream:track)%00%(upstream:remotename)%00%(upstream:remoteref) refs/heads/main refs/remotes/main [2ms]
2025-08-09 20:07:21.460 [info] > git for-each-ref --sort -committerdate --format %(refname)%00%(objectname)%00%(*objectname) [2ms]
2025-08-09 20:07:21.464 [info] > git status -z -uall [14ms]
2025-08-09 20:07:22.246 [info] > git ls-files --stage -- src/components/sections/landing/HeroSection.astro [2ms]
2025-08-09 20:07:22.256 [info] > git cat-file -s 651d4ec772e9f1908a9a04cbe4abb909827b9701 [2ms]
2025-08-09 20:07:22.454 [info] > git show --textconv :src/components/sections/landing/HeroSection.astro [3ms]
2025-08-09 20:07:31.032 [info] > git config --get commit.template [9ms]
2025-08-09 20:07:31.036 [info] > git for-each-ref --format=%(refname)%00%(upstream:short)%00%(objectname)%00%(upstream:track)%00%(upstream:remotename)%00%(upstream:remoteref) refs/heads/main refs/remotes/main [5ms]
2025-08-09 20:07:31.057 [info] > git for-each-ref --sort -committerdate --format %(refname)%00%(objectname)%00%(*objectname) [3ms]
2025-08-09 20:07:31.060 [info] > git status -z -uall [14ms]
2025-08-09 20:07:36.083 [info] > git config --get commit.template [9ms]
2025-08-09 20:07:36.084 [info] > git for-each-ref --format=%(refname)%00%(upstream:short)%00%(objectname)%00%(upstream:track)%00%(upstream:remotename)%00%(upstream:remoteref) refs/heads/main refs/remotes/main [2ms]
2025-08-09 20:07:36.103 [info] > git for-each-ref --sort -committerdate --format %(refname)%00%(objectname)%00%(*objectname) [3ms]
2025-08-09 20:07:36.107 [info] > git status -z -uall [15ms]
2025-08-09 20:07:43.654 [info] > git config --get commit.template [11ms]
2025-08-09 20:07:43.655 [info] > git for-each-ref --format=%(refname)%00%(upstream:short)%00%(objectname)%00%(upstream:track)%00%(upstream:remotename)%00%(upstream:remoteref) refs/heads/main refs/remotes/main [2ms]
2025-08-09 20:07:43.676 [info] > git for-each-ref --sort -committerdate --format %(refname)%00%(objectname)%00%(*objectname) [3ms]
2025-08-09 20:07:43.678 [info] > git status -z -uall [14ms]
2025-08-09 20:07:48.700 [info] > git config --get commit.template [9ms]
2025-08-09 20:07:48.701 [info] > git for-each-ref --format=%(refname)%00%(upstream:short)%00%(objectname)%00%(upstream:track)%00%(upstream:remotename)%00%(upstream:remoteref) refs/heads/main refs/remotes/main [2ms]
2025-08-09 20:07:48.720 [info] > git for-each-ref --sort -committerdate --format %(refname)%00%(objectname)%00%(*objectname) [3ms]
2025-08-09 20:07:48.723 [info] > git status -z -uall [14ms]
2025-08-09 20:07:58.110 [info] > git config --get commit.template [10ms]
2025-08-09 20:07:58.110 [info] > git for-each-ref --format=%(refname)%00%(upstream:short)%00%(objectname)%00%(upstream:track)%00%(upstream:remotename)%00%(upstream:remoteref) refs/heads/main refs/remotes/main [2ms]
2025-08-09 20:07:58.129 [info] > git for-each-ref --sort -committerdate --format %(refname)%00%(objectname)%00%(*objectname) [3ms]
2025-08-09 20:07:58.132 [info] > git status -z -uall [14ms]
2025-08-09 20:08:13.988 [info] > git config --get commit.template [9ms]
2025-08-09 20:08:13.989 [info] > git for-each-ref --format=%(refname)%00%(upstream:short)%00%(objectname)%00%(upstream:track)%00%(upstream:remotename)%00%(upstream:remoteref) refs/heads/main refs/remotes/main [2ms]
2025-08-09 20:08:14.010 [info] > git for-each-ref --sort -committerdate --format %(refname)%00%(objectname)%00%(*objectname) [3ms]
2025-08-09 20:08:14.012 [info] > git status -z -uall [14ms]
2025-08-09 20:08:25.585 [info] > git config --get commit.template [8ms]
2025-08-09 20:08:25.586 [info] > git for-each-ref --format=%(refname)%00%(upstream:short)%00%(objectname)%00%(upstream:track)%00%(upstream:remotename)%00%(upstream:remoteref) refs/heads/main refs/remotes/main [2ms]
2025-08-09 20:08:25.606 [info] > git for-each-ref --sort -committerdate --format %(refname)%00%(objectname)%00%(*objectname) [3ms]
2025-08-09 20:08:25.609 [info] > git status -z -uall [14ms]
2025-08-09 20:11:03.205 [info] > git fetch [321ms]
2025-08-09 20:11:03.224 [info] > git config --get commit.template [8ms]
2025-08-09 20:11:03.226 [info] > git for-each-ref --format=%(refname)%00%(upstream:short)%00%(objectname)%00%(upstream:track)%00%(upstream:remotename)%00%(upstream:remoteref) refs/heads/main refs/remotes/main [2ms]
2025-08-09 20:11:03.246 [info] > git for-each-ref --sort -committerdate --format %(refname)%00%(objectname)%00%(*objectname) [3ms]
2025-08-09 20:11:03.248 [info] > git status -z -uall [14ms]
2025-08-09 20:11:05.059 [info] > git config --get commit.template [11ms]
2025-08-09 20:11:05.061 [info] > git for-each-ref --format=%(refname)%00%(upstream:short)%00%(objectname)%00%(upstream:track)%00%(upstream:remotename)%00%(upstream:remoteref) refs/heads/main refs/remotes/main [2ms]
2025-08-09 20:11:05.081 [info] > git for-each-ref --sort -committerdate --format %(refname)%00%(objectname)%00%(*objectname) [3ms]
2025-08-09 20:11:05.085 [info] > git status -z -uall [14ms]
2025-08-09 20:11:35.595 [info] > git config --get commit.template [2ms]
2025-08-09 20:11:35.608 [info] > git for-each-ref --format=%(refname)%00%(upstream:short)%00%(objectname)%00%(upstream:track)%00%(upstream:remotename)%00%(upstream:remoteref) refs/heads/main refs/remotes/main [3ms]
2025-08-09 20:11:35.702 [info] > git status -z -uall [15ms]
2025-08-09 20:11:35.782 [info] > git for-each-ref --sort -committerdate --format %(refname)%00%(objectname)%00%(*objectname) [83ms]
2025-08-09 20:11:46.869 [info] > git config --get commit.template [9ms]
2025-08-09 20:11:46.871 [info] > git for-each-ref --format=%(refname)%00%(upstream:short)%00%(objectname)%00%(upstream:track)%00%(upstream:remotename)%00%(upstream:remoteref) refs/heads/main refs/remotes/main [2ms]
2025-08-09 20:11:46.890 [info] > git for-each-ref --sort -committerdate --format %(refname)%00%(objectname)%00%(*objectname) [2ms]
2025-08-09 20:11:46.895 [info] > git status -z -uall [15ms]
2025-08-09 20:11:52.721 [info] > git config --get commit.template [9ms]
2025-08-09 20:11:52.723 [info] > git for-each-ref --format=%(refname)%00%(upstream:short)%00%(objectname)%00%(upstream:track)%00%(upstream:remotename)%00%(upstream:remoteref) refs/heads/main refs/remotes/main [3ms]
2025-08-09 20:11:52.742 [info] > git for-each-ref --sort -committerdate --format %(refname)%00%(objectname)%00%(*objectname) [3ms]
2025-08-09 20:11:52.745 [info] > git status -z -uall [14ms]
2025-08-09 20:12:20.416 [info] > git config --get commit.template [12ms]
2025-08-09 20:12:20.420 [info] > git for-each-ref --format=%(refname)%00%(upstream:short)%00%(objectname)%00%(upstream:track)%00%(upstream:remotename)%00%(upstream:remoteref) refs/heads/main refs/remotes/main [5ms]
2025-08-09 20:12:20.442 [info] > git for-each-ref --sort -committerdate --format %(refname)%00%(objectname)%00%(*objectname) [2ms]
2025-08-09 20:12:20.445 [info] > git status -z -uall [14ms]
2025-08-09 20:13:40.660 [info] > git config --get commit.template [9ms]
2025-08-09 20:13:40.662 [info] > git for-each-ref --format=%(refname)%00%(upstream:short)%00%(objectname)%00%(upstream:track)%00%(upstream:remotename)%00%(upstream:remoteref) refs/heads/main refs/remotes/main [2ms]
2025-08-09 20:13:40.682 [info] > git for-each-ref --sort -committerdate --format %(refname)%00%(objectname)%00%(*objectname) [3ms]
2025-08-09 20:13:40.686 [info] > git status -z -uall [13ms]
2025-08-09 20:13:45.707 [info] > git config --get commit.template [9ms]
2025-08-09 20:13:45.709 [info] > git for-each-ref --format=%(refname)%00%(upstream:short)%00%(objectname)%00%(upstream:track)%00%(upstream:remotename)%00%(upstream:remoteref) refs/heads/main refs/remotes/main [3ms]
2025-08-09 20:13:45.727 [info] > git for-each-ref --sort -committerdate --format %(refname)%00%(objectname)%00%(*objectname) [2ms]
2025-08-09 20:13:45.731 [info] > git status -z -uall [14ms]
2025-08-09 20:13:50.835 [info] > git config --get commit.template [8ms]
2025-08-09 20:13:50.836 [info] > git for-each-ref --format=%(refname)%00%(upstream:short)%00%(objectname)%00%(upstream:track)%00%(upstream:remotename)%00%(upstream:remoteref) refs/heads/main refs/remotes/main [2ms]
2025-08-09 20:13:50.855 [info] > git for-each-ref --sort -committerdate --format %(refname)%00%(objectname)%00%(*objectname) [3ms]
2025-08-09 20:13:50.858 [info] > git status -z -uall [14ms]
2025-08-09 20:13:56.508 [info] > git config --get commit.template [10ms]
2025-08-09 20:13:56.509 [info] > git for-each-ref --format=%(refname)%00%(upstream:short)%00%(objectname)%00%(upstream:track)%00%(upstream:remotename)%00%(upstream:remoteref) refs/heads/main refs/remotes/main [2ms]
2025-08-09 20:13:56.531 [info] > git for-each-ref --sort -committerdate --format %(refname)%00%(objectname)%00%(*objectname) [3ms]
2025-08-09 20:13:56.533 [info] > git status -z -uall [14ms]
2025-08-09 20:14:02.444 [info] > git config --get commit.template [10ms]
2025-08-09 20:14:02.446 [info] > git for-each-ref --format=%(refname)%00%(upstream:short)%00%(objectname)%00%(upstream:track)%00%(upstream:remotename)%00%(upstream:remoteref) refs/heads/main refs/remotes/main [3ms]
2025-08-09 20:14:02.468 [info] > git for-each-ref --sort -committerdate --format %(refname)%00%(objectname)%00%(*objectname) [3ms]
2025-08-09 20:14:02.481 [info] > git status -z -uall [25ms]
2025-08-09 20:14:03.597 [info] > git fetch [338ms]
2025-08-09 20:14:03.614 [info] > git config --get commit.template [8ms]
2025-08-09 20:14:03.616 [info] > git for-each-ref --format=%(refname)%00%(upstream:short)%00%(objectname)%00%(upstream:track)%00%(upstream:remotename)%00%(upstream:remoteref) refs/heads/main refs/remotes/main [2ms]
2025-08-09 20:14:03.634 [info] > git for-each-ref --sort -committerdate --format %(refname)%00%(objectname)%00%(*objectname) [2ms]
2025-08-09 20:14:03.638 [info] > git status -z -uall [14ms]
2025-08-09 20:14:07.502 [info] > git config --get commit.template [8ms]
2025-08-09 20:14:07.504 [info] > git for-each-ref --format=%(refname)%00%(upstream:short)%00%(objectname)%00%(upstream:track)%00%(upstream:remotename)%00%(upstream:remoteref) refs/heads/main refs/remotes/main [3ms]
2025-08-09 20:14:07.522 [info] > git for-each-ref --sort -committerdate --format %(refname)%00%(objectname)%00%(*objectname) [3ms]
2025-08-09 20:14:07.525 [info] > git status -z -uall [13ms]
2025-08-09 20:15:07.918 [info] > git config --get commit.template [11ms]
2025-08-09 20:15:07.919 [info] > git for-each-ref --format=%(refname)%00%(upstream:short)%00%(objectname)%00%(upstream:track)%00%(upstream:remotename)%00%(upstream:remoteref) refs/heads/main refs/remotes/main [3ms]
2025-08-09 20:15:07.989 [info] > git for-each-ref --sort -committerdate --format %(refname)%00%(objectname)%00%(*objectname) [3ms]
2025-08-09 20:15:07.991 [info] > git status -z -uall [63ms]
2025-08-09 20:15:13.012 [info] > git config --get commit.template [9ms]
2025-08-09 20:15:13.014 [info] > git for-each-ref --format=%(refname)%00%(upstream:short)%00%(objectname)%00%(upstream:track)%00%(upstream:remotename)%00%(upstream:remoteref) refs/heads/main refs/remotes/main [3ms]
2025-08-09 20:15:13.034 [info] > git for-each-ref --sort -committerdate --format %(refname)%00%(objectname)%00%(*objectname) [3ms]
2025-08-09 20:15:13.037 [info] > git status -z -uall [14ms]
2025-08-09 20:15:18.058 [info] > git config --get commit.template [9ms]
2025-08-09 20:15:18.060 [info] > git for-each-ref --format=%(refname)%00%(upstream:short)%00%(objectname)%00%(upstream:track)%00%(upstream:remotename)%00%(upstream:remoteref) refs/heads/main refs/remotes/main [2ms]
2025-08-09 20:15:18.078 [info] > git for-each-ref --sort -committerdate --format %(refname)%00%(objectname)%00%(*objectname) [2ms]
2025-08-09 20:15:18.082 [info] > git status -z -uall [14ms]
2025-08-09 20:15:45.822 [info] > git config --get commit.template [10ms]
2025-08-09 20:15:45.823 [info] > git for-each-ref --format=%(refname)%00%(upstream:short)%00%(objectname)%00%(upstream:track)%00%(upstream:remotename)%00%(upstream:remoteref) refs/heads/main refs/remotes/main [3ms]
2025-08-09 20:15:45.843 [info] > git for-each-ref --sort -committerdate --format %(refname)%00%(objectname)%00%(*objectname) [3ms]
2025-08-09 20:15:45.846 [info] > git status -z -uall [14ms]
2025-08-09 20:15:50.978 [info] > git config --get commit.template [11ms]
2025-08-09 20:15:50.979 [info] > git for-each-ref --format=%(refname)%00%(upstream:short)%00%(objectname)%00%(upstream:track)%00%(upstream:remotename)%00%(upstream:remoteref) refs/heads/main refs/remotes/main [2ms]
2025-08-09 20:15:51.001 [info] > git for-each-ref --sort -committerdate --format %(refname)%00%(objectname)%00%(*objectname) [3ms]
2025-08-09 20:15:51.003 [info] > git status -z -uall [15ms]
2025-08-09 20:15:56.026 [info] > git config --get commit.template [10ms]
2025-08-09 20:15:56.028 [info] > git for-each-ref --format=%(refname)%00%(upstream:short)%00%(objectname)%00%(upstream:track)%00%(upstream:remotename)%00%(upstream:remoteref) refs/heads/main refs/remotes/main [3ms]
2025-08-09 20:15:56.048 [info] > git for-each-ref --sort -committerdate --format %(refname)%00%(objectname)%00%(*objectname) [2ms]
2025-08-09 20:15:56.051 [info] > git status -z -uall [14ms]
2025-08-09 20:16:14.388 [info] > git config --get commit.template [10ms]
2025-08-09 20:16:14.390 [info] > git for-each-ref --format=%(refname)%00%(upstream:short)%00%(objectname)%00%(upstream:track)%00%(upstream:remotename)%00%(upstream:remoteref) refs/heads/main refs/remotes/main [3ms]
2025-08-09 20:16:14.411 [info] > git for-each-ref --sort -committerdate --format %(refname)%00%(objectname)%00%(*objectname) [3ms]
2025-08-09 20:16:14.415 [info] > git status -z -uall [14ms]
2025-08-09 20:16:19.437 [info] > git config --get commit.template [11ms]
2025-08-09 20:16:19.438 [info] > git for-each-ref --format=%(refname)%00%(upstream:short)%00%(objectname)%00%(upstream:track)%00%(upstream:remotename)%00%(upstream:remoteref) refs/heads/main refs/remotes/main [3ms]
2025-08-09 20:16:19.456 [info] > git for-each-ref --sort -committerdate --format %(refname)%00%(objectname)%00%(*objectname) [2ms]
2025-08-09 20:16:19.460 [info] > git status -z -uall [14ms]
2025-08-09 20:16:41.926 [info] > git config --get commit.template [11ms]
2025-08-09 20:16:41.928 [info] > git for-each-ref --format=%(refname)%00%(upstream:short)%00%(objectname)%00%(upstream:track)%00%(upstream:remotename)%00%(upstream:remoteref) refs/heads/main refs/remotes/main [3ms]
2025-08-09 20:16:41.949 [info] > git for-each-ref --sort -committerdate --format %(refname)%00%(objectname)%00%(*objectname) [2ms]
2025-08-09 20:16:41.952 [info] > git status -z -uall [14ms]
2025-08-09 20:16:46.977 [info] > git config --get commit.template [11ms]
2025-08-09 20:16:46.979 [info] > git for-each-ref --format=%(refname)%00%(upstream:short)%00%(objectname)%00%(upstream:track)%00%(upstream:remotename)%00%(upstream:remoteref) refs/heads/main refs/remotes/main [3ms]
2025-08-09 20:16:46.999 [info] > git for-each-ref --sort -committerdate --format %(refname)%00%(objectname)%00%(*objectname) [3ms]
2025-08-09 20:16:47.003 [info] > git status -z -uall [15ms]
2025-08-09 20:16:52.025 [info] > git config --get commit.template [9ms]
2025-08-09 20:16:52.028 [info] > git for-each-ref --format=%(refname)%00%(upstream:short)%00%(objectname)%00%(upstream:track)%00%(upstream:remotename)%00%(upstream:remoteref) refs/heads/main refs/remotes/main [3ms]
2025-08-09 20:16:52.050 [info] > git for-each-ref --sort -committerdate --format %(refname)%00%(objectname)%00%(*objectname) [3ms]
2025-08-09 20:16:52.054 [info] > git status -z -uall [16ms]
2025-08-09 20:16:57.074 [info] > git config --get commit.template [9ms]
2025-08-09 20:16:57.076 [info] > git for-each-ref --format=%(refname)%00%(upstream:short)%00%(objectname)%00%(upstream:track)%00%(upstream:remotename)%00%(upstream:remoteref) refs/heads/main refs/remotes/main [2ms]
2025-08-09 20:16:57.096 [info] > git for-each-ref --sort -committerdate --format %(refname)%00%(objectname)%00%(*objectname) [3ms]
2025-08-09 20:16:57.100 [info] > git status -z -uall [15ms]
2025-08-09 20:17:02.122 [info] > git config --get commit.template [10ms]
2025-08-09 20:17:02.123 [info] > git for-each-ref --format=%(refname)%00%(upstream:short)%00%(objectname)%00%(upstream:track)%00%(upstream:remotename)%00%(upstream:remoteref) refs/heads/main refs/remotes/main [2ms]
2025-08-09 20:17:02.142 [info] > git for-each-ref --sort -committerdate --format %(refname)%00%(objectname)%00%(*objectname) [3ms]
2025-08-09 20:17:02.146 [info] > git status -z -uall [15ms]
2025-08-09 20:17:03.981 [info] > git fetch [331ms]
2025-08-09 20:17:04.000 [info] > git config --get commit.template [8ms]
2025-08-09 20:17:04.002 [info] > git for-each-ref --format=%(refname)%00%(upstream:short)%00%(objectname)%00%(upstream:track)%00%(upstream:remotename)%00%(upstream:remoteref) refs/heads/main refs/remotes/main [2ms]
2025-08-09 20:17:04.021 [info] > git for-each-ref --sort -committerdate --format %(refname)%00%(objectname)%00%(*objectname) [3ms]
2025-08-09 20:17:04.024 [info] > git status -z -uall [14ms]
2025-08-09 20:17:07.168 [info] > git config --get commit.template [9ms]
2025-08-09 20:17:07.169 [info] > git for-each-ref --format=%(refname)%00%(upstream:short)%00%(objectname)%00%(upstream:track)%00%(upstream:remotename)%00%(upstream:remoteref) refs/heads/main refs/remotes/main [2ms]
2025-08-09 20:17:07.191 [info] > git for-each-ref --sort -committerdate --format %(refname)%00%(objectname)%00%(*objectname) [3ms]
2025-08-09 20:17:07.193 [info] > git status -z -uall [15ms]
2025-08-09 20:17:13.299 [info] > git config --get commit.template [9ms]
2025-08-09 20:17:13.302 [info] > git for-each-ref --format=%(refname)%00%(upstream:short)%00%(objectname)%00%(upstream:track)%00%(upstream:remotename)%00%(upstream:remoteref) refs/heads/main refs/remotes/main [3ms]
2025-08-09 20:17:13.322 [info] > git for-each-ref --sort -committerdate --format %(refname)%00%(objectname)%00%(*objectname) [3ms]
2025-08-09 20:17:13.325 [info] > git status -z -uall [14ms]
2025-08-09 20:17:18.349 [info] > git config --get commit.template [11ms]
2025-08-09 20:17:18.350 [info] > git for-each-ref --format=%(refname)%00%(upstream:short)%00%(objectname)%00%(upstream:track)%00%(upstream:remotename)%00%(upstream:remoteref) refs/heads/main refs/remotes/main [2ms]
2025-08-09 20:17:18.373 [info] > git for-each-ref --sort -committerdate --format %(refname)%00%(objectname)%00%(*objectname) [3ms]
2025-08-09 20:17:18.375 [info] > git status -z -uall [15ms]
2025-08-09 20:17:23.399 [info] > git config --get commit.template [10ms]
2025-08-09 20:17:23.401 [info] > git for-each-ref --format=%(refname)%00%(upstream:short)%00%(objectname)%00%(upstream:track)%00%(upstream:remotename)%00%(upstream:remoteref) refs/heads/main refs/remotes/main [3ms]
2025-08-09 20:17:23.419 [info] > git for-each-ref --sort -committerdate --format %(refname)%00%(objectname)%00%(*objectname) [2ms]
2025-08-09 20:17:23.423 [info] > git status -z -uall [14ms]
2025-08-09 20:17:51.344 [info] > git config --get commit.template [10ms]
2025-08-09 20:17:51.345 [info] > git for-each-ref --format=%(refname)%00%(upstream:short)%00%(objectname)%00%(upstream:track)%00%(upstream:remotename)%00%(upstream:remoteref) refs/heads/main refs/remotes/main [2ms]
2025-08-09 20:17:51.367 [info] > git for-each-ref --sort -committerdate --format %(refname)%00%(objectname)%00%(*objectname) [3ms]
2025-08-09 20:17:51.369 [info] > git status -z -uall [14ms]
2025-08-09 20:17:56.389 [info] > git config --get commit.template [9ms]
2025-08-09 20:17:56.391 [info] > git for-each-ref --format=%(refname)%00%(upstream:short)%00%(objectname)%00%(upstream:track)%00%(upstream:remotename)%00%(upstream:remoteref) refs/heads/main refs/remotes/main [3ms]
2025-08-09 20:17:56.409 [info] > git for-each-ref --sort -committerdate --format %(refname)%00%(objectname)%00%(*objectname) [3ms]
2025-08-09 20:17:56.413 [info] > git status -z -uall [14ms]
2025-08-09 20:18:01.435 [info] > git config --get commit.template [10ms]
2025-08-09 20:18:01.437 [info] > git for-each-ref --format=%(refname)%00%(upstream:short)%00%(objectname)%00%(upstream:track)%00%(upstream:remotename)%00%(upstream:remoteref) refs/heads/main refs/remotes/main [2ms]
2025-08-09 20:18:01.458 [info] > git for-each-ref --sort -committerdate --format %(refname)%00%(objectname)%00%(*objectname) [3ms]
2025-08-09 20:18:01.460 [info] > git status -z -uall [14ms]
2025-08-09 20:18:31.816 [info] > git config --get commit.template [10ms]
2025-08-09 20:18:31.818 [info] > git for-each-ref --format=%(refname)%00%(upstream:short)%00%(objectname)%00%(upstream:track)%00%(upstream:remotename)%00%(upstream:remoteref) refs/heads/main refs/remotes/main [3ms]
2025-08-09 20:18:31.839 [info] > git for-each-ref --sort -committerdate --format %(refname)%00%(objectname)%00%(*objectname) [3ms]
2025-08-09 20:18:31.848 [info] > git status -z -uall [21ms]
2025-08-09 20:18:38.741 [info] > git config --get commit.template [9ms]
2025-08-09 20:18:38.743 [info] > git for-each-ref --format=%(refname)%00%(upstream:short)%00%(objectname)%00%(upstream:track)%00%(upstream:remotename)%00%(upstream:remoteref) refs/heads/main refs/remotes/main [3ms]
2025-08-09 20:18:38.761 [info] > git for-each-ref --sort -committerdate --format %(refname)%00%(objectname)%00%(*objectname) [3ms]
2025-08-09 20:18:38.767 [info] > git status -z -uall [16ms]
2025-08-09 20:18:46.167 [info] > git config --get commit.template [11ms]
2025-08-09 20:18:46.169 [info] > git for-each-ref --format=%(refname)%00%(upstream:short)%00%(objectname)%00%(upstream:track)%00%(upstream:remotename)%00%(upstream:remoteref) refs/heads/main refs/remotes/main [2ms]
2025-08-09 20:18:46.188 [info] > git for-each-ref --sort -committerdate --format %(refname)%00%(objectname)%00%(*objectname) [3ms]
2025-08-09 20:18:46.192 [info] > git status -z -uall [15ms]
2025-08-09 20:19:06.173 [info] > git config --get commit.template [9ms]
2025-08-09 20:19:06.175 [info] > git for-each-ref --format=%(refname)%00%(upstream:short)%00%(objectname)%00%(upstream:track)%00%(upstream:remotename)%00%(upstream:remoteref) refs/heads/main refs/remotes/main [2ms]
2025-08-09 20:19:06.196 [info] > git for-each-ref --sort -committerdate --format %(refname)%00%(objectname)%00%(*objectname) [3ms]
2025-08-09 20:19:06.199 [info] > git status -z -uall [15ms]
2025-08-09 20:19:16.846 [info] > git config --get commit.template [11ms]
2025-08-09 20:19:16.847 [info] > git for-each-ref --format=%(refname)%00%(upstream:short)%00%(objectname)%00%(upstream:track)%00%(upstream:remotename)%00%(upstream:remoteref) refs/heads/main refs/remotes/main [2ms]
2025-08-09 20:19:16.866 [info] > git for-each-ref --sort -committerdate --format %(refname)%00%(objectname)%00%(*objectname) [2ms]
2025-08-09 20:19:16.870 [info] > git status -z -uall [14ms]
2025-08-09 20:20:04.371 [info] > git fetch [334ms]
2025-08-09 20:20:04.390 [info] > git config --get commit.template [9ms]
2025-08-09 20:20:04.392 [info] > git for-each-ref --format=%(refname)%00%(upstream:short)%00%(objectname)%00%(upstream:track)%00%(upstream:remotename)%00%(upstream:remoteref) refs/heads/main refs/remotes/main [2ms]
2025-08-09 20:20:04.411 [info] > git for-each-ref --sort -committerdate --format %(refname)%00%(objectname)%00%(*objectname) [3ms]
2025-08-09 20:20:04.415 [info] > git status -z -uall [15ms]
2025-08-09 20:20:06.235 [info] > git config --get commit.template [12ms]
2025-08-09 20:20:06.237 [info] > git for-each-ref --format=%(refname)%00%(upstream:short)%00%(objectname)%00%(upstream:track)%00%(upstream:remotename)%00%(upstream:remoteref) refs/heads/main refs/remotes/main [3ms]
2025-08-09 20:20:06.256 [info] > git for-each-ref --sort -committerdate --format %(refname)%00%(objectname)%00%(*objectname) [3ms]
2025-08-09 20:20:06.259 [info] > git status -z -uall [14ms]
2025-08-09 20:20:27.225 [info] > git config --get commit.template [10ms]
2025-08-09 20:20:27.226 [info] > git for-each-ref --format=%(refname)%00%(upstream:short)%00%(objectname)%00%(upstream:track)%00%(upstream:remotename)%00%(upstream:remoteref) refs/heads/main refs/remotes/main [2ms]
2025-08-09 20:20:27.246 [info] > git for-each-ref --sort -committerdate --format %(refname)%00%(objectname)%00%(*objectname) [3ms]
2025-08-09 20:20:27.250 [info] > git status -z -uall [14ms]
2025-08-09 20:20:36.957 [info] > git config --get commit.template [10ms]
2025-08-09 20:20:36.959 [info] > git for-each-ref --format=%(refname)%00%(upstream:short)%00%(objectname)%00%(upstream:track)%00%(upstream:remotename)%00%(upstream:remoteref) refs/heads/main refs/remotes/main [3ms]
2025-08-09 20:20:36.978 [info] > git for-each-ref --sort -committerdate --format %(refname)%00%(objectname)%00%(*objectname) [3ms]
2025-08-09 20:20:36.982 [info] > git status -z -uall [14ms]
2025-08-09 20:21:41.303 [info] > git config --get commit.template [10ms]
2025-08-09 20:21:41.304 [info] > git for-each-ref --format=%(refname)%00%(upstream:short)%00%(objectname)%00%(upstream:track)%00%(upstream:remotename)%00%(upstream:remoteref) refs/heads/main refs/remotes/main [2ms]
2025-08-09 20:21:41.323 [info] > git for-each-ref --sort -committerdate --format %(refname)%00%(objectname)%00%(*objectname) [3ms]
2025-08-09 20:21:41.326 [info] > git status -z -uall [14ms]
2025-08-09 20:22:31.381 [info] > git config --get commit.template [9ms]
2025-08-09 20:22:31.382 [info] > git for-each-ref --format=%(refname)%00%(upstream:short)%00%(objectname)%00%(upstream:track)%00%(upstream:remotename)%00%(upstream:remoteref) refs/heads/main refs/remotes/main [2ms]
2025-08-09 20:22:31.401 [info] > git for-each-ref --sort -committerdate --format %(refname)%00%(objectname)%00%(*objectname) [3ms]
2025-08-09 20:22:31.404 [info] > git status -z -uall [14ms]
2025-08-09 20:22:47.008 [info] > git config --get commit.template [11ms]
2025-08-09 20:22:47.009 [info] > git for-each-ref --format=%(refname)%00%(upstream:short)%00%(objectname)%00%(upstream:track)%00%(upstream:remotename)%00%(upstream:remoteref) refs/heads/main refs/remotes/main [2ms]
2025-08-09 20:22:47.028 [info] > git for-each-ref --sort -committerdate --format %(refname)%00%(objectname)%00%(*objectname) [3ms]
2025-08-09 20:22:47.033 [info] > git status -z -uall [16ms]
2025-08-09 20:23:09.843 [info] > git config --get commit.template [11ms]
2025-08-09 20:23:09.845 [info] > git for-each-ref --format=%(refname)%00%(upstream:short)%00%(objectname)%00%(upstream:track)%00%(upstream:remotename)%00%(upstream:remoteref) refs/heads/main refs/remotes/main [3ms]
2025-08-09 20:23:09.865 [info] > git for-each-ref --sort -committerdate --format %(refname)%00%(objectname)%00%(*objectname) [3ms]
2025-08-09 20:23:09.868 [info] > git status -z -uall [14ms]
2025-08-09 20:23:10.157 [info] > git fetch [337ms]
2025-08-09 20:23:10.174 [info] > git config --get commit.template [8ms]
2025-08-09 20:23:10.176 [info] > git for-each-ref --format=%(refname)%00%(upstream:short)%00%(objectname)%00%(upstream:track)%00%(upstream:remotename)%00%(upstream:remoteref) refs/heads/main refs/remotes/main [2ms]
2025-08-09 20:23:10.194 [info] > git for-each-ref --sort -committerdate --format %(refname)%00%(objectname)%00%(*objectname) [3ms]
2025-08-09 20:23:10.198 [info] > git status -z -uall [14ms]
2025-08-09 20:23:14.889 [info] > git config --get commit.template [8ms]
2025-08-09 20:23:14.891 [info] > git for-each-ref --format=%(refname)%00%(upstream:short)%00%(objectname)%00%(upstream:track)%00%(upstream:remotename)%00%(upstream:remoteref) refs/heads/main refs/remotes/main [2ms]
2025-08-09 20:23:14.909 [info] > git for-each-ref --sort -committerdate --format %(refname)%00%(objectname)%00%(*objectname) [2ms]
2025-08-09 20:23:14.913 [info] > git status -z -uall [14ms]
2025-08-09 20:23:40.388 [info] > git config --get commit.template [3ms]
2025-08-09 20:23:40.402 [info] > git for-each-ref --format=%(refname)%00%(upstream:short)%00%(objectname)%00%(upstream:track)%00%(upstream:remotename)%00%(upstream:remoteref) refs/heads/main refs/remotes/main [3ms]
2025-08-09 20:23:40.506 [info] > git for-each-ref --sort -committerdate --format %(refname)%00%(objectname)%00%(*objectname) [3ms]
2025-08-09 20:23:40.588 [info] > git status -z -uall [96ms]
2025-08-09 20:26:07.752 [info] > git config --get commit.template [10ms]
2025-08-09 20:26:07.753 [info] > git for-each-ref --format=%(refname)%00%(upstream:short)%00%(objectname)%00%(upstream:track)%00%(upstream:remotename)%00%(upstream:remoteref) refs/heads/main refs/remotes/main [2ms]
2025-08-09 20:26:07.773 [info] > git for-each-ref --sort -committerdate --format %(refname)%00%(objectname)%00%(*objectname) [3ms]
2025-08-09 20:26:07.776 [info] > git status -z -uall [14ms]
2025-08-09 20:26:10.536 [info] > git fetch [323ms]
2025-08-09 20:26:10.555 [info] > git config --get commit.template [9ms]
2025-08-09 20:26:10.557 [info] > git for-each-ref --format=%(refname)%00%(upstream:short)%00%(objectname)%00%(upstream:track)%00%(upstream:remotename)%00%(upstream:remoteref) refs/heads/main refs/remotes/main [3ms]
2025-08-09 20:26:10.576 [info] > git for-each-ref --sort -committerdate --format %(refname)%00%(objectname)%00%(*objectname) [3ms]
2025-08-09 20:26:10.579 [info] > git status -z -uall [14ms]
2025-08-09 20:26:12.802 [info] > git config --get commit.template [10ms]
2025-08-09 20:26:12.804 [info] > git for-each-ref --format=%(refname)%00%(upstream:short)%00%(objectname)%00%(upstream:track)%00%(upstream:remotename)%00%(upstream:remoteref) refs/heads/main refs/remotes/main [3ms]
2025-08-09 20:26:12.825 [info] > git for-each-ref --sort -committerdate --format %(refname)%00%(objectname)%00%(*objectname) [3ms]
2025-08-09 20:26:12.828 [info] > git status -z -uall [14ms]
2025-08-09 20:26:19.185 [info] > git config --get commit.template [9ms]
2025-08-09 20:26:19.187 [info] > git for-each-ref --format=%(refname)%00%(upstream:short)%00%(objectname)%00%(upstream:track)%00%(upstream:remotename)%00%(upstream:remoteref) refs/heads/main refs/remotes/main [3ms]
2025-08-09 20:26:19.205 [info] > git for-each-ref --sort -committerdate --format %(refname)%00%(objectname)%00%(*objectname) [2ms]
2025-08-09 20:26:19.209 [info] > git status -z -uall [14ms]
