2025-08-09 12:34:00.714 [info] [main] Log level: Info
2025-08-09 12:34:00.714 [info] [main] Validating found git in: "git"
2025-08-09 12:34:00.714 [info] [main] Using git "2.49.0" from "git"
2025-08-09 12:34:00.714 [info] [Model][doInitialScan] Initial repository scan started
2025-08-09 12:34:00.714 [info] > git rev-parse --show-toplevel [4ms]
2025-08-09 12:34:00.714 [info] > git rev-parse --git-dir --git-common-dir [3ms]
2025-08-09 12:34:00.714 [info] [Model][openRepository] Opened repository (path): /workspace/Website-starter
2025-08-09 12:34:00.714 [info] [Model][openRepository] Opened repository (real path): /workspace/Website-starter
2025-08-09 12:34:00.714 [info] > git rev-parse --show-toplevel [93ms]
2025-08-09 12:34:00.714 [info] > git config --get commit.template [99ms]
2025-08-09 12:34:00.714 [info] > git for-each-ref --format=%(refname)%00%(upstream:short)%00%(objectname)%00%(upstream:track)%00%(upstream:remotename)%00%(upstream:remoteref) refs/heads/main refs/remotes/main [15ms]
2025-08-09 12:34:00.714 [info] > git rev-parse --show-toplevel [45ms]
2025-08-09 12:34:00.714 [info] > git rev-parse --show-toplevel [6ms]
2025-08-09 12:34:00.715 [info] > git for-each-ref --sort -committerdate --format %(refname)%00%(objectname)%00%(*objectname) [27ms]
2025-08-09 12:34:00.715 [info] > git rev-parse --show-toplevel [51ms]
2025-08-09 12:34:00.715 [info] > git fetch [455ms]
2025-08-09 12:34:00.715 [info] > git status -z -uall [119ms] (cancelled)
2025-08-09 12:34:00.715 [info] > git config --get commit.template [4ms]
2025-08-09 12:34:00.715 [info] > git config --get commit.template [10ms]
2025-08-09 12:34:00.715 [info] > git rev-parse --show-toplevel [18ms]
2025-08-09 12:34:00.715 [info] > git for-each-ref --format=%(refname)%00%(upstream:short)%00%(objectname)%00%(upstream:track)%00%(upstream:remotename)%00%(upstream:remoteref) refs/heads/main refs/remotes/main [39ms]
2025-08-09 12:34:00.715 [info] > git config --get --local branch.main.vscode-merge-base [40ms]
2025-08-09 12:34:00.715 [info] > git rev-parse --show-toplevel [31ms]
2025-08-09 12:34:00.715 [info] > git for-each-ref --format=%(refname)%00%(upstream:short)%00%(objectname)%00%(upstream:track)%00%(upstream:remotename)%00%(upstream:remoteref) refs/heads/main refs/remotes/main [8ms]
2025-08-09 12:34:00.715 [info] > git for-each-ref --format=%(refname)%00%(upstream:short)%00%(objectname)%00%(upstream:track)%00%(upstream:remotename)%00%(upstream:remoteref) refs/heads/origin/main refs/remotes/origin/main [16ms]
2025-08-09 12:34:00.715 [info] > git merge-base refs/heads/main refs/remotes/origin/main [21ms]
2025-08-09 12:34:00.715 [info] > git for-each-ref --format=%(refname)%00%(upstream:short)%00%(objectname)%00%(upstream:track)%00%(upstream:remotename)%00%(upstream:remoteref) refs/heads/main refs/remotes/main [60ms]
2025-08-09 12:34:00.715 [info] > git rev-parse --show-toplevel [14ms]
2025-08-09 12:34:00.715 [info] [Model][doInitialScan] Initial repository scan completed - repositories (1), closed repositories (0), parent repositories (0), unsafe repositories (0)
2025-08-09 12:34:00.715 [info] > git diff --name-status -z --diff-filter=ADMR 0d7a3a898007be1d8200d8db99d59472a2da8d06...refs/remotes/origin/main [14ms]
2025-08-09 12:34:00.715 [info] > git merge-base refs/heads/main refs/remotes/origin/main [19ms]
2025-08-09 12:34:00.715 [info] > git for-each-ref --sort -committerdate --format %(refname)%00%(objectname)%00%(*objectname) [26ms]
2025-08-09 12:34:00.715 [info] > git status -z -uall [49ms]
2025-08-09 12:34:00.715 [info] > git diff --name-status -z --diff-filter=ADMR 0d7a3a898007be1d8200d8db99d59472a2da8d06...refs/remotes/origin/main [18ms]
2025-08-09 12:34:03.532 [info] > git check-ignore -v -z --stdin [52ms]
2025-08-09 12:34:04.160 [info] > git check-ignore -v -z --stdin [3ms]
2025-08-09 12:34:05.674 [info] > git show --textconv :src/components/ui/blocks/ReviewComponent.astro [43ms]
2025-08-09 12:34:05.681 [info] > git ls-files --stage -- src/components/ui/blocks/ReviewComponent.astro [20ms]
2025-08-09 12:34:05.764 [info] > git cat-file -s c79d645cf5b06f7d8d738a8f647f2d1cf0f0fd49 [19ms]
2025-08-09 12:34:07.160 [info] > git blame --root --incremental 0d7a3a898007be1d8200d8db99d59472a2da8d06 -- src/components/ui/blocks/ReviewComponent.astro [30ms]
2025-08-09 12:34:10.034 [info] > git config --get --local branch.main.github-pr-owner-number [16ms]
2025-08-09 12:34:10.034 [warning] [Git][config] git config failed: Failed to execute git
2025-08-09 12:34:16.133 [info] > git config --get commit.template [2ms]
2025-08-09 12:34:16.174 [info] > git for-each-ref --format=%(refname)%00%(upstream:short)%00%(objectname)%00%(upstream:track)%00%(upstream:remotename)%00%(upstream:remoteref) refs/heads/main refs/remotes/main [3ms]
2025-08-09 12:34:16.280 [info] > git status -z -uall [44ms]
2025-08-09 12:34:16.280 [info] > git for-each-ref --sort -committerdate --format %(refname)%00%(objectname)%00%(*objectname) [7ms]
2025-08-09 12:34:21.424 [info] > git config --get commit.template [38ms]
2025-08-09 12:34:21.430 [info] > git for-each-ref --format=%(refname)%00%(upstream:short)%00%(objectname)%00%(upstream:track)%00%(upstream:remotename)%00%(upstream:remoteref) refs/heads/main refs/remotes/main [9ms]
2025-08-09 12:34:21.504 [info] > git status -z -uall [39ms]
2025-08-09 12:34:21.508 [info] > git for-each-ref --sort -committerdate --format %(refname)%00%(objectname)%00%(*objectname) [7ms]
2025-08-09 12:35:19.090 [info] > git config --get commit.template [17ms]
2025-08-09 12:35:19.092 [info] > git for-each-ref --format=%(refname)%00%(upstream:short)%00%(objectname)%00%(upstream:track)%00%(upstream:remotename)%00%(upstream:remoteref) refs/heads/main refs/remotes/main [3ms]
2025-08-09 12:35:19.162 [info] > git for-each-ref --sort -committerdate --format %(refname)%00%(objectname)%00%(*objectname) [3ms]
2025-08-09 12:35:19.164 [info] > git status -z -uall [27ms]
2025-08-09 12:35:27.368 [info] > git config --get commit.template [4ms]
2025-08-09 12:35:27.429 [info] > git for-each-ref --format=%(refname)%00%(upstream:short)%00%(objectname)%00%(upstream:track)%00%(upstream:remotename)%00%(upstream:remoteref) refs/heads/main refs/remotes/main [4ms]
2025-08-09 12:35:27.483 [info] > git for-each-ref --sort -committerdate --format %(refname)%00%(objectname)%00%(*objectname) [5ms]
2025-08-09 12:35:27.521 [info] > git status -z -uall [57ms]
2025-08-09 12:35:51.750 [info] > git config --get commit.template [9ms]
2025-08-09 12:35:51.775 [info] > git for-each-ref --format=%(refname)%00%(upstream:short)%00%(objectname)%00%(upstream:track)%00%(upstream:remotename)%00%(upstream:remoteref) refs/heads/main refs/remotes/main [4ms]
2025-08-09 12:35:51.811 [info] > git status -z -uall [19ms]
2025-08-09 12:35:51.811 [info] > git for-each-ref --sort -committerdate --format %(refname)%00%(objectname)%00%(*objectname) [5ms]
2025-08-09 12:36:05.207 [info] > git config --get commit.template [10ms]
2025-08-09 12:36:05.209 [info] > git for-each-ref --format=%(refname)%00%(upstream:short)%00%(objectname)%00%(upstream:track)%00%(upstream:remotename)%00%(upstream:remoteref) refs/heads/main refs/remotes/main [3ms]
2025-08-09 12:36:05.262 [info] > git for-each-ref --sort -committerdate --format %(refname)%00%(objectname)%00%(*objectname) [6ms]
2025-08-09 12:36:05.263 [info] > git status -z -uall [25ms]
2025-08-09 12:36:38.380 [info] > git config --get commit.template [3ms]
2025-08-09 12:36:38.398 [info] > git for-each-ref --format=%(refname)%00%(upstream:short)%00%(objectname)%00%(upstream:track)%00%(upstream:remotename)%00%(upstream:remoteref) refs/heads/main refs/remotes/main [4ms]
2025-08-09 12:36:38.457 [info] > git status -z -uall [24ms]
2025-08-09 12:36:38.459 [info] > git for-each-ref --sort -committerdate --format %(refname)%00%(objectname)%00%(*objectname) [3ms]
2025-08-09 12:36:46.265 [info] > git config --get commit.template [89ms]
2025-08-09 12:36:46.402 [info] > git for-each-ref --format=%(refname)%00%(upstream:short)%00%(objectname)%00%(upstream:track)%00%(upstream:remotename)%00%(upstream:remoteref) refs/heads/main refs/remotes/main [160ms]
2025-08-09 12:36:46.530 [info] > git for-each-ref --sort -committerdate --format %(refname)%00%(objectname)%00%(*objectname) [14ms]
2025-08-09 12:36:46.551 [info] > git status -z -uall [110ms]
2025-08-09 12:37:01.111 [info] > git config --get commit.template [3ms]
2025-08-09 12:37:01.160 [info] > git for-each-ref --format=%(refname)%00%(upstream:short)%00%(objectname)%00%(upstream:track)%00%(upstream:remotename)%00%(upstream:remoteref) refs/heads/main refs/remotes/main [7ms]
2025-08-09 12:37:01.189 [info] > git for-each-ref --sort -committerdate --format %(refname)%00%(objectname)%00%(*objectname) [6ms]
2025-08-09 12:37:01.190 [info] > git status -z -uall [18ms]
2025-08-09 12:37:01.478 [info] > git fetch [382ms]
2025-08-09 12:37:01.503 [info] > git config --get commit.template [12ms]
2025-08-09 12:37:01.505 [info] > git for-each-ref --format=%(refname)%00%(upstream:short)%00%(objectname)%00%(upstream:track)%00%(upstream:remotename)%00%(upstream:remoteref) refs/heads/main refs/remotes/main [3ms]
2025-08-09 12:37:01.565 [info] > git for-each-ref --sort -committerdate --format %(refname)%00%(objectname)%00%(*objectname) [6ms]
2025-08-09 12:37:01.618 [info] > git status -z -uall [96ms]
2025-08-09 12:37:03.081 [info] > git ls-files --stage -- src/components/ui/blocks/ReviewComponent.astro [3ms]
2025-08-09 12:37:03.096 [info] > git cat-file -s c79d645cf5b06f7d8d738a8f647f2d1cf0f0fd49 [3ms]
2025-08-09 12:37:03.194 [info] > git show --textconv :src/components/ui/blocks/ReviewComponent.astro [4ms]
2025-08-09 12:37:06.212 [info] > git config --get commit.template [2ms]
2025-08-09 12:37:06.237 [info] > git for-each-ref --format=%(refname)%00%(upstream:short)%00%(objectname)%00%(upstream:track)%00%(upstream:remotename)%00%(upstream:remoteref) refs/heads/main refs/remotes/main [5ms]
2025-08-09 12:37:06.290 [info] > git status -z -uall [22ms]
2025-08-09 12:37:06.291 [info] > git for-each-ref --sort -committerdate --format %(refname)%00%(objectname)%00%(*objectname) [4ms]
2025-08-09 12:37:33.233 [info] > git config --get commit.template [1ms]
2025-08-09 12:37:33.283 [info] > git for-each-ref --format=%(refname)%00%(upstream:short)%00%(objectname)%00%(upstream:track)%00%(upstream:remotename)%00%(upstream:remoteref) refs/heads/main refs/remotes/main [3ms]
2025-08-09 12:37:33.343 [info] > git status -z -uall [46ms]
2025-08-09 12:37:33.344 [info] > git for-each-ref --sort -committerdate --format %(refname)%00%(objectname)%00%(*objectname) [34ms]
2025-08-09 12:37:40.506 [info] > git config --get commit.template [3ms]
2025-08-09 12:37:40.585 [info] > git for-each-ref --format=%(refname)%00%(upstream:short)%00%(objectname)%00%(upstream:track)%00%(upstream:remotename)%00%(upstream:remoteref) refs/heads/main refs/remotes/main [51ms]
2025-08-09 12:37:40.691 [info] > git for-each-ref --sort -committerdate --format %(refname)%00%(objectname)%00%(*objectname) [5ms]
2025-08-09 12:37:40.694 [info] > git status -z -uall [80ms]
2025-08-09 12:37:45.767 [info] > git config --get commit.template [44ms]
2025-08-09 12:37:45.782 [info] > git for-each-ref --format=%(refname)%00%(upstream:short)%00%(objectname)%00%(upstream:track)%00%(upstream:remotename)%00%(upstream:remoteref) refs/heads/main refs/remotes/main [17ms]
2025-08-09 12:37:45.831 [info] > git status -z -uall [32ms]
2025-08-09 12:37:45.831 [info] > git for-each-ref --sort -committerdate --format %(refname)%00%(objectname)%00%(*objectname) [18ms]
2025-08-09 12:37:53.692 [info] > git config --get commit.template [6ms]
2025-08-09 12:37:53.707 [info] > git for-each-ref --format=%(refname)%00%(upstream:short)%00%(objectname)%00%(upstream:track)%00%(upstream:remotename)%00%(upstream:remoteref) refs/heads/main refs/remotes/main [3ms]
2025-08-09 12:37:53.760 [info] > git status -z -uall [23ms]
2025-08-09 12:37:53.762 [info] > git for-each-ref --sort -committerdate --format %(refname)%00%(objectname)%00%(*objectname) [4ms]
2025-08-09 12:38:03.994 [info] > git config --get commit.template [16ms]
2025-08-09 12:38:03.997 [info] > git for-each-ref --format=%(refname)%00%(upstream:short)%00%(objectname)%00%(upstream:track)%00%(upstream:remotename)%00%(upstream:remoteref) refs/heads/main refs/remotes/main [4ms]
2025-08-09 12:38:04.052 [info] > git status -z -uall [41ms]
2025-08-09 12:38:04.052 [info] > git for-each-ref --sort -committerdate --format %(refname)%00%(objectname)%00%(*objectname) [3ms]
2025-08-09 12:38:20.250 [info] > git config --get commit.template [46ms]
2025-08-09 12:38:20.255 [info] > git for-each-ref --format=%(refname)%00%(upstream:short)%00%(objectname)%00%(upstream:track)%00%(upstream:remotename)%00%(upstream:remoteref) refs/heads/main refs/remotes/main [6ms]
2025-08-09 12:38:20.294 [info] > git for-each-ref --sort -committerdate --format %(refname)%00%(objectname)%00%(*objectname) [4ms]
2025-08-09 12:38:20.299 [info] > git status -z -uall [20ms]
2025-08-09 12:38:33.985 [info] > git config --get commit.template [27ms]
2025-08-09 12:38:33.986 [info] > git for-each-ref --format=%(refname)%00%(upstream:short)%00%(objectname)%00%(upstream:track)%00%(upstream:remotename)%00%(upstream:remoteref) refs/heads/main refs/remotes/main [4ms]
2025-08-09 12:38:34.040 [info] > git status -z -uall [37ms]
2025-08-09 12:38:34.041 [info] > git for-each-ref --sort -committerdate --format %(refname)%00%(objectname)%00%(*objectname) [4ms]
2025-08-09 12:39:03.655 [info] > git check-ignore -v -z --stdin [2ms]
2025-08-09 12:39:04.300 [info] > git show --textconv :src/components/sections/landing/HeroSection.astro [22ms]
2025-08-09 12:39:04.301 [info] > git ls-files --stage -- src/components/sections/landing/HeroSection.astro [4ms]
2025-08-09 12:39:04.430 [info] > git check-ignore -v -z --stdin [36ms]
2025-08-09 12:39:04.430 [info] > git cat-file -s 651d4ec772e9f1908a9a04cbe4abb909827b9701 [83ms]
2025-08-09 12:39:04.889 [info] > git blame --root --incremental 0d7a3a898007be1d8200d8db99d59472a2da8d06 -- src/components/sections/landing/HeroSection.astro [5ms]
2025-08-09 12:39:24.576 [info] > git config --get commit.template [2ms]
2025-08-09 12:39:24.603 [info] > git for-each-ref --format=%(refname)%00%(upstream:short)%00%(objectname)%00%(upstream:track)%00%(upstream:remotename)%00%(upstream:remoteref) refs/heads/main refs/remotes/main [10ms]
2025-08-09 12:39:24.677 [info] > git status -z -uall [23ms]
2025-08-09 12:39:24.678 [info] > git for-each-ref --sort -committerdate --format %(refname)%00%(objectname)%00%(*objectname) [4ms]
2025-08-09 12:39:29.721 [info] > git config --get commit.template [18ms]
2025-08-09 12:39:29.729 [info] > git for-each-ref --format=%(refname)%00%(upstream:short)%00%(objectname)%00%(upstream:track)%00%(upstream:remotename)%00%(upstream:remoteref) refs/heads/main refs/remotes/main [9ms]
2025-08-09 12:39:29.782 [info] > git status -z -uall [29ms]
2025-08-09 12:39:29.784 [info] > git for-each-ref --sort -committerdate --format %(refname)%00%(objectname)%00%(*objectname) [4ms]
2025-08-09 12:39:43.843 [info] > git config --get commit.template [3ms]
2025-08-09 12:39:43.863 [info] > git for-each-ref --format=%(refname)%00%(upstream:short)%00%(objectname)%00%(upstream:track)%00%(upstream:remotename)%00%(upstream:remoteref) refs/heads/main refs/remotes/main [4ms]
2025-08-09 12:39:43.894 [info] > git for-each-ref --sort -committerdate --format %(refname)%00%(objectname)%00%(*objectname) [3ms]
2025-08-09 12:39:43.897 [info] > git status -z -uall [20ms]
2025-08-09 12:39:51.354 [info] > git check-ignore -v -z --stdin [2ms]
2025-08-09 12:39:52.360 [info] > git check-ignore -v -z --stdin [3ms]
2025-08-09 12:40:02.026 [info] > git fetch [353ms]
2025-08-09 12:40:02.058 [info] > git config --get commit.template [3ms]
2025-08-09 12:40:02.074 [info] > git for-each-ref --format=%(refname)%00%(upstream:short)%00%(objectname)%00%(upstream:track)%00%(upstream:remotename)%00%(upstream:remoteref) refs/heads/main refs/remotes/main [3ms]
2025-08-09 12:40:02.106 [info] > git for-each-ref --sort -committerdate --format %(refname)%00%(objectname)%00%(*objectname) [5ms]
2025-08-09 12:40:02.108 [info] > git status -z -uall [19ms]
2025-08-09 12:40:03.309 [info] > git config --get commit.template [12ms]
2025-08-09 12:40:03.311 [info] > git for-each-ref --format=%(refname)%00%(upstream:short)%00%(objectname)%00%(upstream:track)%00%(upstream:remotename)%00%(upstream:remoteref) refs/heads/main refs/remotes/main [3ms]
2025-08-09 12:40:03.348 [info] > git for-each-ref --sort -committerdate --format %(refname)%00%(objectname)%00%(*objectname) [2ms]
2025-08-09 12:40:03.351 [info] > git status -z -uall [25ms]
2025-08-09 12:40:13.678 [info] > git show --textconv :src/components/sections/landing/HeroSection.astro [12ms]
2025-08-09 12:40:13.679 [info] > git ls-files --stage -- src/components/sections/landing/HeroSection.astro [2ms]
2025-08-09 12:40:13.693 [info] > git cat-file -s 651d4ec772e9f1908a9a04cbe4abb909827b9701 [2ms]
2025-08-09 12:40:23.054 [info] > git config --get commit.template [2ms]
2025-08-09 12:40:23.069 [info] > git for-each-ref --format=%(refname)%00%(upstream:short)%00%(objectname)%00%(upstream:track)%00%(upstream:remotename)%00%(upstream:remoteref) refs/heads/main refs/remotes/main [2ms]
2025-08-09 12:40:23.129 [info] > git status -z -uall [46ms]
2025-08-09 12:40:23.133 [info] > git for-each-ref --sort -committerdate --format %(refname)%00%(objectname)%00%(*objectname) [5ms]
2025-08-09 12:40:28.165 [info] > git config --get commit.template [13ms]
2025-08-09 12:40:28.167 [info] > git for-each-ref --format=%(refname)%00%(upstream:short)%00%(objectname)%00%(upstream:track)%00%(upstream:remotename)%00%(upstream:remoteref) refs/heads/main refs/remotes/main [3ms]
2025-08-09 12:40:28.193 [info] > git status -z -uall [16ms]
2025-08-09 12:40:28.194 [info] > git for-each-ref --sort -committerdate --format %(refname)%00%(objectname)%00%(*objectname) [5ms]
2025-08-09 12:40:53.846 [info] > git show --textconv :src/components/sections/landing/HeroSection.astro [14ms]
2025-08-09 12:40:53.848 [info] > git ls-files --stage -- src/components/sections/landing/HeroSection.astro [3ms]
2025-08-09 12:40:53.860 [info] > git cat-file -s 651d4ec772e9f1908a9a04cbe4abb909827b9701 [2ms]
2025-08-09 12:41:11.080 [info] > git config --get commit.template [10ms]
2025-08-09 12:41:11.082 [info] > git for-each-ref --format=%(refname)%00%(upstream:short)%00%(objectname)%00%(upstream:track)%00%(upstream:remotename)%00%(upstream:remoteref) refs/heads/main refs/remotes/main [2ms]
2025-08-09 12:41:11.110 [info] > git for-each-ref --sort -committerdate --format %(refname)%00%(objectname)%00%(*objectname) [4ms]
2025-08-09 12:41:11.111 [info] > git status -z -uall [17ms]
2025-08-09 12:42:11.706 [info] > git check-ignore -v -z --stdin [2ms]
2025-08-09 12:42:12.958 [info] > git show --textconv :src/components/ui/buttons/LoginBtn.astro [38ms]
2025-08-09 12:42:12.960 [info] > git ls-files --stage -- src/components/ui/buttons/LoginBtn.astro [7ms]
2025-08-09 12:42:12.976 [info] > git cat-file -s 7c9f78a55151d967b7f6a7c592810fa787194393 [3ms]
2025-08-09 12:42:13.869 [info] > git check-ignore -v -z --stdin [4ms]
2025-08-09 12:42:59.824 [info] > git config --get commit.template [15ms]
2025-08-09 12:42:59.873 [info] > git for-each-ref --format=%(refname)%00%(upstream:short)%00%(objectname)%00%(upstream:track)%00%(upstream:remotename)%00%(upstream:remoteref) refs/heads/main refs/remotes/main [25ms]
2025-08-09 12:43:00.044 [info] > git status -z -uall [75ms]
2025-08-09 12:43:00.045 [info] > git for-each-ref --sort -committerdate --format %(refname)%00%(objectname)%00%(*objectname) [32ms]
2025-08-09 12:43:02.493 [info] > git fetch [363ms]
2025-08-09 12:43:02.526 [info] > git config --get commit.template [21ms]
2025-08-09 12:43:02.529 [info] > git for-each-ref --format=%(refname)%00%(upstream:short)%00%(objectname)%00%(upstream:track)%00%(upstream:remotename)%00%(upstream:remoteref) refs/heads/main refs/remotes/main [4ms]
2025-08-09 12:43:02.566 [info] > git status -z -uall [19ms]
2025-08-09 12:43:02.568 [info] > git for-each-ref --sort -committerdate --format %(refname)%00%(objectname)%00%(*objectname) [5ms]
2025-08-09 12:43:13.099 [info] > git config --get commit.template [11ms]
2025-08-09 12:43:13.100 [info] > git for-each-ref --format=%(refname)%00%(upstream:short)%00%(objectname)%00%(upstream:track)%00%(upstream:remotename)%00%(upstream:remoteref) refs/heads/main refs/remotes/main [2ms]
2025-08-09 12:43:13.134 [info] > git for-each-ref --sort -committerdate --format %(refname)%00%(objectname)%00%(*objectname) [6ms]
2025-08-09 12:43:13.136 [info] > git status -z -uall [25ms]
2025-08-09 12:43:20.478 [info] > git config --get commit.template [17ms]
2025-08-09 12:43:20.480 [info] > git for-each-ref --format=%(refname)%00%(upstream:short)%00%(objectname)%00%(upstream:track)%00%(upstream:remotename)%00%(upstream:remoteref) refs/heads/main refs/remotes/main [3ms]
2025-08-09 12:43:20.508 [info] > git for-each-ref --sort -committerdate --format %(refname)%00%(objectname)%00%(*objectname) [4ms]
2025-08-09 12:43:20.511 [info] > git status -z -uall [18ms]
2025-08-09 12:43:33.226 [info] > git show --textconv :src/assets/styles/global.css [18ms]
2025-08-09 12:43:33.227 [info] > git ls-files --stage -- src/assets/styles/global.css [6ms]
2025-08-09 12:43:33.248 [info] > git cat-file -s 50bf8db4d56518176564a94ccf94019947884767 [5ms]
2025-08-09 12:43:33.364 [info] > git check-ignore -v -z --stdin [3ms]
2025-08-09 12:43:33.817 [info] > git blame --root --incremental 0d7a3a898007be1d8200d8db99d59472a2da8d06 -- src/assets/styles/global.css [7ms]
2025-08-09 12:43:56.129 [info] > git config --get commit.template [3ms]
2025-08-09 12:43:56.149 [info] > git for-each-ref --format=%(refname)%00%(upstream:short)%00%(objectname)%00%(upstream:track)%00%(upstream:remotename)%00%(upstream:remoteref) refs/heads/main refs/remotes/main [4ms]
2025-08-09 12:43:56.183 [info] > git for-each-ref --sort -committerdate --format %(refname)%00%(objectname)%00%(*objectname) [4ms]
2025-08-09 12:43:56.185 [info] > git status -z -uall [21ms]
2025-08-09 12:44:26.206 [info] > git config --get commit.template [14ms]
2025-08-09 12:44:26.208 [info] > git for-each-ref --format=%(refname)%00%(upstream:short)%00%(objectname)%00%(upstream:track)%00%(upstream:remotename)%00%(upstream:remoteref) refs/heads/main refs/remotes/main [3ms]
2025-08-09 12:44:26.243 [info] > git for-each-ref --sort -committerdate --format %(refname)%00%(objectname)%00%(*objectname) [4ms]
2025-08-09 12:44:26.246 [info] > git status -z -uall [23ms]
2025-08-09 12:44:33.174 [info] > git config --get commit.template [16ms]
2025-08-09 12:44:33.177 [info] > git for-each-ref --format=%(refname)%00%(upstream:short)%00%(objectname)%00%(upstream:track)%00%(upstream:remotename)%00%(upstream:remoteref) refs/heads/main refs/remotes/main [4ms]
2025-08-09 12:44:33.250 [info] > git for-each-ref --sort -committerdate --format %(refname)%00%(objectname)%00%(*objectname) [4ms]
2025-08-09 12:44:33.251 [info] > git status -z -uall [19ms]
2025-08-09 12:44:41.741 [info] > git config --get commit.template [3ms]
2025-08-09 12:44:41.755 [info] > git for-each-ref --format=%(refname)%00%(upstream:short)%00%(objectname)%00%(upstream:track)%00%(upstream:remotename)%00%(upstream:remoteref) refs/heads/main refs/remotes/main [3ms]
2025-08-09 12:44:41.780 [info] > git for-each-ref --sort -committerdate --format %(refname)%00%(objectname)%00%(*objectname) [3ms]
2025-08-09 12:44:41.780 [info] > git status -z -uall [14ms]
2025-08-09 12:44:54.466 [info] > git config --get commit.template [10ms]
2025-08-09 12:44:54.466 [info] > git for-each-ref --format=%(refname)%00%(upstream:short)%00%(objectname)%00%(upstream:track)%00%(upstream:remotename)%00%(upstream:remoteref) refs/heads/main refs/remotes/main [2ms]
2025-08-09 12:44:54.491 [info] > git for-each-ref --sort -committerdate --format %(refname)%00%(objectname)%00%(*objectname) [3ms]
2025-08-09 12:44:54.495 [info] > git status -z -uall [17ms]
2025-08-09 12:45:04.885 [info] > git config --get commit.template [2ms]
2025-08-09 12:45:04.902 [info] > git for-each-ref --format=%(refname)%00%(upstream:short)%00%(objectname)%00%(upstream:track)%00%(upstream:remotename)%00%(upstream:remoteref) refs/heads/main refs/remotes/main [2ms]
2025-08-09 12:45:04.933 [info] > git status -z -uall [18ms]
2025-08-09 12:45:04.934 [info] > git for-each-ref --sort -committerdate --format %(refname)%00%(objectname)%00%(*objectname) [5ms]
2025-08-09 12:45:11.458 [info] > git config --get commit.template [13ms]
2025-08-09 12:45:11.459 [info] > git for-each-ref --format=%(refname)%00%(upstream:short)%00%(objectname)%00%(upstream:track)%00%(upstream:remotename)%00%(upstream:remoteref) refs/heads/main refs/remotes/main [2ms]
2025-08-09 12:45:11.514 [info] > git status -z -uall [43ms]
2025-08-09 12:45:11.514 [info] > git for-each-ref --sort -committerdate --format %(refname)%00%(objectname)%00%(*objectname) [31ms]
2025-08-09 12:45:28.984 [info] > git config --get commit.template [9ms]
2025-08-09 12:45:28.986 [info] > git for-each-ref --format=%(refname)%00%(upstream:short)%00%(objectname)%00%(upstream:track)%00%(upstream:remotename)%00%(upstream:remoteref) refs/heads/main refs/remotes/main [2ms]
2025-08-09 12:45:29.005 [info] > git for-each-ref --sort -committerdate --format %(refname)%00%(objectname)%00%(*objectname) [3ms]
2025-08-09 12:45:29.009 [info] > git status -z -uall [14ms]
2025-08-09 12:46:02.953 [info] > git fetch [363ms]
2025-08-09 12:46:02.975 [info] > git config --get commit.template [5ms]
2025-08-09 12:46:02.991 [info] > git for-each-ref --format=%(refname)%00%(upstream:short)%00%(objectname)%00%(upstream:track)%00%(upstream:remotename)%00%(upstream:remoteref) refs/heads/main refs/remotes/main [3ms]
2025-08-09 12:46:03.019 [info] > git for-each-ref --sort -committerdate --format %(refname)%00%(objectname)%00%(*objectname) [5ms]
2025-08-09 12:46:03.021 [info] > git status -z -uall [18ms]
2025-08-09 12:46:04.192 [info] > git config --get commit.template [2ms]
2025-08-09 12:46:04.206 [info] > git for-each-ref --format=%(refname)%00%(upstream:short)%00%(objectname)%00%(upstream:track)%00%(upstream:remotename)%00%(upstream:remoteref) refs/heads/main refs/remotes/main [3ms]
2025-08-09 12:46:04.240 [info] > git for-each-ref --sort -committerdate --format %(refname)%00%(objectname)%00%(*objectname) [4ms]
2025-08-09 12:46:04.244 [info] > git status -z -uall [23ms]
2025-08-09 12:47:35.821 [info] > git show --textconv :src/assets/styles/global.css [13ms]
2025-08-09 12:47:35.822 [info] > git ls-files --stage -- src/assets/styles/global.css [2ms]
2025-08-09 12:47:35.842 [info] > git cat-file -s 50bf8db4d56518176564a94ccf94019947884767 [5ms]
2025-08-09 12:48:15.997 [info] > git config --get commit.template [13ms]
2025-08-09 12:48:15.998 [info] > git for-each-ref --format=%(refname)%00%(upstream:short)%00%(objectname)%00%(upstream:track)%00%(upstream:remotename)%00%(upstream:remoteref) refs/heads/main refs/remotes/main [3ms]
2025-08-09 12:48:16.036 [info] > git status -z -uall [26ms]
2025-08-09 12:48:16.043 [info] > git for-each-ref --sort -committerdate --format %(refname)%00%(objectname)%00%(*objectname) [8ms]
2025-08-09 12:48:34.162 [info] > git config --get commit.template [15ms]
2025-08-09 12:48:34.164 [info] > git for-each-ref --format=%(refname)%00%(upstream:short)%00%(objectname)%00%(upstream:track)%00%(upstream:remotename)%00%(upstream:remoteref) refs/heads/main refs/remotes/main [3ms]
2025-08-09 12:48:34.188 [info] > git for-each-ref --sort -committerdate --format %(refname)%00%(objectname)%00%(*objectname) [3ms]
2025-08-09 12:48:34.191 [info] > git status -z -uall [15ms]
2025-08-09 12:49:00.253 [info] > git config --get commit.template [16ms]
2025-08-09 12:49:00.256 [info] > git for-each-ref --format=%(refname)%00%(upstream:short)%00%(objectname)%00%(upstream:track)%00%(upstream:remotename)%00%(upstream:remoteref) refs/heads/main refs/remotes/main [4ms]
2025-08-09 12:49:00.282 [info] > git for-each-ref --sort -committerdate --format %(refname)%00%(objectname)%00%(*objectname) [4ms]
2025-08-09 12:49:00.283 [info] > git status -z -uall [15ms]
2025-08-09 12:49:03.383 [info] > git fetch [338ms]
2025-08-09 12:49:03.406 [info] > git config --get commit.template [9ms]
2025-08-09 12:49:03.408 [info] > git for-each-ref --format=%(refname)%00%(upstream:short)%00%(objectname)%00%(upstream:track)%00%(upstream:remotename)%00%(upstream:remoteref) refs/heads/main refs/remotes/main [3ms]
2025-08-09 12:49:03.440 [info] > git status -z -uall [22ms]
2025-08-09 12:49:03.444 [info] > git for-each-ref --sort -committerdate --format %(refname)%00%(objectname)%00%(*objectname) [8ms]
2025-08-09 12:49:09.043 [info] > git config --get commit.template [3ms]
2025-08-09 12:49:09.066 [info] > git for-each-ref --format=%(refname)%00%(upstream:short)%00%(objectname)%00%(upstream:track)%00%(upstream:remotename)%00%(upstream:remoteref) refs/heads/main refs/remotes/main [5ms]
2025-08-09 12:49:09.101 [info] > git for-each-ref --sort -committerdate --format %(refname)%00%(objectname)%00%(*objectname) [5ms]
2025-08-09 12:49:09.102 [info] > git status -z -uall [19ms]
2025-08-09 12:49:16.199 [info] > git config --get commit.template [15ms]
2025-08-09 12:49:16.200 [info] > git for-each-ref --format=%(refname)%00%(upstream:short)%00%(objectname)%00%(upstream:track)%00%(upstream:remotename)%00%(upstream:remoteref) refs/heads/main refs/remotes/main [3ms]
2025-08-09 12:49:16.235 [info] > git for-each-ref --sort -committerdate --format %(refname)%00%(objectname)%00%(*objectname) [4ms]
2025-08-09 12:49:16.236 [info] > git status -z -uall [22ms]
2025-08-09 12:49:21.988 [info] > git config --get commit.template [14ms]
2025-08-09 12:49:21.990 [info] > git for-each-ref --format=%(refname)%00%(upstream:short)%00%(objectname)%00%(upstream:track)%00%(upstream:remotename)%00%(upstream:remoteref) refs/heads/main refs/remotes/main [3ms]
2025-08-09 12:49:22.025 [info] > git status -z -uall [20ms]
2025-08-09 12:49:22.026 [info] > git for-each-ref --sort -committerdate --format %(refname)%00%(objectname)%00%(*objectname) [5ms]
2025-08-09 12:49:33.888 [info] > git config --get commit.template [16ms]
2025-08-09 12:49:33.890 [info] > git for-each-ref --format=%(refname)%00%(upstream:short)%00%(objectname)%00%(upstream:track)%00%(upstream:remotename)%00%(upstream:remoteref) refs/heads/main refs/remotes/main [3ms]
2025-08-09 12:49:33.938 [info] > git for-each-ref --sort -committerdate --format %(refname)%00%(objectname)%00%(*objectname) [21ms]
2025-08-09 12:49:33.945 [info] > git status -z -uall [41ms]
2025-08-09 12:49:46.470 [info] > git config --get commit.template [2ms]
2025-08-09 12:49:46.492 [info] > git for-each-ref --format=%(refname)%00%(upstream:short)%00%(objectname)%00%(upstream:track)%00%(upstream:remotename)%00%(upstream:remoteref) refs/heads/main refs/remotes/main [5ms]
2025-08-09 12:49:46.521 [info] > git for-each-ref --sort -committerdate --format %(refname)%00%(objectname)%00%(*objectname) [4ms]
2025-08-09 12:49:46.527 [info] > git status -z -uall [22ms]
2025-08-09 12:49:56.611 [info] > git config --get commit.template [13ms]
2025-08-09 12:49:56.612 [info] > git for-each-ref --format=%(refname)%00%(upstream:short)%00%(objectname)%00%(upstream:track)%00%(upstream:remotename)%00%(upstream:remoteref) refs/heads/main refs/remotes/main [2ms]
2025-08-09 12:49:56.652 [info] > git status -z -uall [25ms]
2025-08-09 12:49:56.654 [info] > git for-each-ref --sort -committerdate --format %(refname)%00%(objectname)%00%(*objectname) [3ms]
2025-08-09 12:50:08.362 [info] > git config --get commit.template [17ms]
2025-08-09 12:50:08.414 [info] > git for-each-ref --format=%(refname)%00%(upstream:short)%00%(objectname)%00%(upstream:track)%00%(upstream:remotename)%00%(upstream:remoteref) refs/heads/main refs/remotes/main [53ms]
2025-08-09 12:50:08.452 [info] > git for-each-ref --sort -committerdate --format %(refname)%00%(objectname)%00%(*objectname) [3ms]
2025-08-09 12:50:08.456 [info] > git status -z -uall [25ms]
