2025-08-10 10:34:56.469 [info] Log level: Info
2025-08-10 10:34:56.533 [info] VSCODE_MACHINE_ID: 10d3d877-fe56-442f-a117-f9035039c6e9
2025-08-10 10:34:56.533 [info] VSCODE_SESSION_ID: 99286fd6-8005-4f69-8f57-61b1dae1627c1754822089302
2025-08-10 10:34:56.533 [info] VSCODE_VERSION: 1.102.3
2025-08-10 10:34:56.533 [info] VSCODE_APP_NAME: Gitpod Code
2025-08-10 10:34:56.533 [info] VSCODE_APP_HOST: Gitpod
2025-08-10 10:34:56.533 [info] VSCODE_UI_KIND: web
2025-08-10 10:34:56.533 [info] GITPOD_WORKSPACE_CONTEXT_URL: https://github.com/Abdallah-Develop/Website-starter
2025-08-10 10:34:56.533 [info] GITPOD_INSTANCE_ID: ca23dfbd-9ee2-47a7-b45d-42083e4f2a87
2025-08-10 10:34:56.533 [info] GITPOD_WORKSPACE_URL: https://abdallahdev-websitestar-esjdme0laxn.ws-eu120.gitpod.io
2025-08-10 10:34:56.539 [info] Gitpod Web 3953e81
2025-08-10 10:34:56.539 [info] Reading sessions from keychain...
2025-08-10 10:34:58.067 [info] Got stored sessions!
2025-08-10 10:34:58.068 [info] Getting sessions for all scopes...
2025-08-10 10:34:58.068 [info] Getting GitHub sessions for all scopes...
2025-08-10 10:34:58.121 [info] Verified session with the following scopes: function:accessCodeSyncStorage function:closePort function:controlAdmission function:deleteEnvVar function:generateNewGitpodToken function:getDefaultWorkspaceImage function:getGitpodTokenScopes function:getIDToken function:getLoggedInUser function:getOpenPorts function:getSupportedWorkspaceClasses function:getTeams function:getToken function:getWorkspace function:getWorkspaceEnvVars function:getWorkspaceOwner function:getWorkspaceTimeout function:getWorkspaceUsers function:guessGitTokenScopes function:isWorkspaceOwner function:openPort function:sendHeartBeat function:setEnvVar function:setWorkspaceTimeout function:stopWorkspace function:takeSnapshot function:trackEvent function:updateGitStatus function:waitForSnapshot resource:contentBlob::*::create/get resource:envVar::*/**::update resource:envVar::*/*::update resource:envVar::Abdallah-Develop/Website-starter::create/get/update/delete resource:gitpodToken::*::create resource:snapshot::ws-abdallahdev-websitestar-esjdme0laxn::create resource:token::*::get resource:userStorage::*::create/get/update resource:workspace::abdallahdev-websitestar-esjdme0laxn::get/update resource:workspaceInstance::ca23dfbd-9ee2-47a7-b45d-42083e4f2a87::get/update/delete
2025-08-10 10:34:58.121 [info] Got 1 verified sessions.
2025-08-10 10:34:58.122 [info] Got 1 sessions for all scopes...
2025-08-10 10:34:58.724 [info] Got 1 GitHub sessions for all scopes...
2025-08-10 10:34:58.997 [info] Getting GitHub sessions for read:user,repo,user:email,workflow...
2025-08-10 10:34:58.999 [info] Got 0 GitHub sessions for read:user,repo,user:email,workflow...
2025-08-10 10:34:59.035 [info] Getting sessions for all scopes...
2025-08-10 10:34:59.035 [info] Got 1 sessions for all scopes...
2025-08-10 10:34:59.669 [info] Getting GitHub sessions for all scopes...
2025-08-10 10:34:59.669 [info] Got 1 GitHub sessions for all scopes...
2025-08-10 10:34:59.680 [info] Getting sessions for all scopes...
2025-08-10 10:34:59.680 [info] Getting GitHub sessions for all scopes...
2025-08-10 10:34:59.680 [info] Got 1 sessions for all scopes...
2025-08-10 10:34:59.680 [info] Got 1 GitHub sessions for all scopes...
2025-08-10 10:34:59.936 [info] Getting sessions for all scopes...
2025-08-10 10:34:59.936 [info] Getting GitHub sessions for all scopes...
2025-08-10 10:34:59.936 [info] Got 1 sessions for all scopes...
2025-08-10 10:34:59.936 [info] Got 1 GitHub sessions for all scopes...
2025-08-10 10:34:59.975 [info] Getting GitHub sessions for project,read:org,read:user,repo,user:email,workflow...
2025-08-10 10:34:59.975 [info] Got 0 GitHub sessions for project,read:org,read:user,repo,user:email,workflow...
2025-08-10 10:35:00.457 [info] Getting sessions for all scopes...
2025-08-10 10:35:00.457 [info] Getting GitHub sessions for all scopes...
2025-08-10 10:35:00.457 [info] Got 1 sessions for all scopes...
2025-08-10 10:35:00.457 [info] Got 1 GitHub sessions for all scopes...
2025-08-10 10:35:00.548 [info] Getting GitHub sessions for read:user,repo,user:email,workflow...
2025-08-10 10:35:00.548 [info] Got 0 GitHub sessions for read:user,repo,user:email,workflow...
2025-08-10 10:35:00.562 [info] Getting sessions for all scopes...
2025-08-10 10:35:00.562 [info] Getting GitHub sessions for all scopes...
2025-08-10 10:35:00.562 [info] Got 1 sessions for all scopes...
2025-08-10 10:35:00.562 [info] Got 1 GitHub sessions for all scopes...
2025-08-10 10:35:01.031 [info] Getting GitHub sessions for read:user,repo,user:email...
2025-08-10 10:35:01.032 [info] Got 0 GitHub sessions for read:user,repo,user:email...
2025-08-10 10:35:01.196 [info] Getting sessions for function:accessCodeSyncStorage...
2025-08-10 10:35:01.196 [info] Got 1 sessions for function:accessCodeSyncStorage...
2025-08-10 10:35:01.735 [info] Getting GitHub sessions for read:user,repo,user:email,workflow...
2025-08-10 10:35:01.735 [info] Got 0 GitHub sessions for read:user,repo,user:email,workflow...
2025-08-10 10:35:04.412 [info] Getting sessions for all scopes...
2025-08-10 10:35:04.412 [info] Getting GitHub sessions for all scopes...
2025-08-10 10:35:04.412 [info] Got 1 sessions for all scopes...
2025-08-10 10:35:04.412 [info] Got 1 GitHub sessions for all scopes...
2025-08-10 10:35:04.928 [info] Getting sessions for all scopes...
2025-08-10 10:35:04.928 [info] Getting GitHub sessions for all scopes...
2025-08-10 10:35:04.928 [info] Got 1 sessions for all scopes...
2025-08-10 10:35:04.928 [info] Got 1 GitHub sessions for all scopes...
2025-08-10 10:35:06.373 [info] Getting sessions for all scopes...
2025-08-10 10:35:06.373 [info] Getting GitHub sessions for all scopes...
2025-08-10 10:35:06.373 [info] Got 1 sessions for all scopes...
2025-08-10 10:35:06.373 [info] Got 1 GitHub sessions for all scopes...
2025-08-10 10:35:06.504 [info] Getting sessions for all scopes...
2025-08-10 10:35:06.504 [info] Getting GitHub sessions for all scopes...
2025-08-10 10:35:06.504 [info] Got 1 sessions for all scopes...
2025-08-10 10:35:06.504 [info] Got 1 GitHub sessions for all scopes...
2025-08-10 10:35:07.147 [info] Getting sessions for all scopes...
2025-08-10 10:35:07.147 [info] Getting GitHub sessions for all scopes...
2025-08-10 10:35:07.147 [info] Got 1 sessions for all scopes...
2025-08-10 10:35:07.147 [info] Got 1 GitHub sessions for all scopes...
2025-08-10 10:35:07.316 [info] Getting sessions for all scopes...
2025-08-10 10:35:07.316 [info] Getting GitHub sessions for all scopes...
2025-08-10 10:35:07.316 [info] Got 1 sessions for all scopes...
2025-08-10 10:35:07.316 [info] Got 1 GitHub sessions for all scopes...
2025-08-10 10:35:07.385 [info] Getting sessions for all scopes...
2025-08-10 10:35:07.385 [info] Getting GitHub sessions for all scopes...
2025-08-10 10:35:07.385 [info] Got 1 sessions for all scopes...
2025-08-10 10:35:07.385 [info] Got 1 GitHub sessions for all scopes...
2025-08-10 10:35:07.386 [info] Getting sessions for all scopes...
2025-08-10 10:35:07.386 [info] Getting GitHub sessions for all scopes...
2025-08-10 10:35:07.386 [info] Got 1 sessions for all scopes...
2025-08-10 10:35:07.386 [info] Got 1 GitHub sessions for all scopes...
2025-08-10 10:35:07.386 [info] Getting sessions for all scopes...
2025-08-10 10:35:07.386 [info] Getting GitHub sessions for all scopes...
2025-08-10 10:35:07.386 [info] Got 1 sessions for all scopes...
2025-08-10 10:35:07.386 [info] Got 1 GitHub sessions for all scopes...
2025-08-10 10:35:22.717 [info] Getting sessions for all scopes...
2025-08-10 10:35:22.717 [info] Getting GitHub sessions for all scopes...
2025-08-10 10:35:22.717 [info] Got 1 sessions for all scopes...
2025-08-10 10:35:22.717 [info] Got 1 GitHub sessions for all scopes...
2025-08-10 10:35:22.861 [info] Getting sessions for all scopes...
2025-08-10 10:35:22.861 [info] Getting GitHub sessions for all scopes...
2025-08-10 10:35:22.861 [info] Got 1 sessions for all scopes...
2025-08-10 10:35:22.861 [info] Got 1 GitHub sessions for all scopes...
