2025-08-07 22:45:39.083 [info] [main] Log level: Info
2025-08-07 22:45:39.083 [info] [main] Validating found git in: "git"
2025-08-07 22:45:39.083 [info] [main] Using git "2.49.0" from "git"
2025-08-07 22:45:39.083 [info] [Model][doInitialScan] Initial repository scan started
2025-08-07 22:45:39.083 [info] > git rev-parse --show-toplevel [7ms]
2025-08-07 22:45:39.083 [info] > git rev-parse --git-dir --git-common-dir [3ms]
2025-08-07 22:45:39.083 [info] [Model][openRepository] Opened repository (path): /workspace/Website-starter
2025-08-07 22:45:39.083 [info] [Model][openRepository] Opened repository (real path): /workspace/Website-starter
2025-08-07 22:45:39.083 [info] > git config --get commit.template [8ms]
2025-08-07 22:45:39.083 [info] > git rev-parse --show-toplevel [2ms]
2025-08-07 22:45:39.083 [info] > git for-each-ref --format=%(refname)%00%(upstream:short)%00%(objectname)%00%(upstream:track)%00%(upstream:remotename)%00%(upstream:remoteref) refs/heads/main refs/remotes/main [10ms]
2025-08-07 22:45:39.083 [info] > git rev-parse --show-toplevel [3ms]
2025-08-07 22:45:39.083 [info] > git rev-parse --show-toplevel [24ms]
2025-08-07 22:45:39.083 [info] > git status -z -uall [25ms]
2025-08-07 22:45:39.083 [info] > git for-each-ref --sort -committerdate --format %(refname)%00%(objectname)%00%(*objectname) [16ms]
2025-08-07 22:45:39.083 [info] > git rev-parse --show-toplevel [5ms]
2025-08-07 22:45:39.083 [info] > git config --get commit.template [12ms]
2025-08-07 22:45:39.083 [info] > git rev-parse --show-toplevel [19ms]
2025-08-07 22:45:39.083 [info] > git for-each-ref --format=%(refname)%00%(upstream:short)%00%(objectname)%00%(upstream:track)%00%(upstream:remotename)%00%(upstream:remoteref) refs/heads/main refs/remotes/main [27ms]
2025-08-07 22:45:39.083 [info] > git config --get --local branch.main.vscode-merge-base [24ms]
2025-08-07 22:45:39.083 [info] > git rev-parse --show-toplevel [38ms]
2025-08-07 22:45:39.083 [info] > git for-each-ref --format=%(refname)%00%(upstream:short)%00%(objectname)%00%(upstream:track)%00%(upstream:remotename)%00%(upstream:remoteref) refs/heads/origin/main refs/remotes/origin/main [8ms]
2025-08-07 22:45:39.083 [info] > git for-each-ref --format=%(refname)%00%(upstream:short)%00%(objectname)%00%(upstream:track)%00%(upstream:remotename)%00%(upstream:remoteref) refs/heads/main refs/remotes/main [17ms]
2025-08-07 22:45:39.083 [info] > git rev-parse --show-toplevel [4ms]
2025-08-07 22:45:39.083 [info] [Model][doInitialScan] Initial repository scan completed - repositories (1), closed repositories (0), parent repositories (0), unsafe repositories (0)
2025-08-07 22:45:39.083 [info] > git merge-base refs/heads/main refs/remotes/origin/main [10ms]
2025-08-07 22:45:39.083 [info] > git diff --name-status -z --diff-filter=ADMR 0d7a3a898007be1d8200d8db99d59472a2da8d06...refs/remotes/origin/main [62ms]
2025-08-07 22:45:39.083 [info] > git status -z -uall [62ms]
2025-08-07 22:45:39.083 [info] > git for-each-ref --sort -committerdate --format %(refname)%00%(objectname)%00%(*objectname) [57ms]
2025-08-07 22:45:39.083 [info] > git fetch [411ms]
2025-08-07 22:45:39.083 [info] > git config --get commit.template [6ms]
2025-08-07 22:45:39.083 [info] > git for-each-ref --format=%(refname)%00%(upstream:short)%00%(objectname)%00%(upstream:track)%00%(upstream:remotename)%00%(upstream:remoteref) refs/heads/main refs/remotes/main [3ms]
2025-08-07 22:45:39.083 [info] > git for-each-ref --sort -committerdate --format %(refname)%00%(objectname)%00%(*objectname) [3ms]
2025-08-07 22:45:39.083 [info] > git status -z -uall [15ms]
2025-08-07 22:45:39.874 [info] > git check-ignore -v -z --stdin [6ms]
2025-08-07 22:45:42.272 [info] > git show --textconv :src/components/sections/navbar&footer/Navbar.astro [95ms]
2025-08-07 22:45:42.273 [info] > git ls-files --stage -- src/components/sections/navbar&footer/Navbar.astro [88ms]
2025-08-07 22:45:42.287 [info] > git cat-file -s eb9d9599af5d808707e41aea9e1ed5ed1ddac9a8 [4ms]
2025-08-07 22:45:50.992 [info] > git config --get --local branch.main.github-pr-owner-number [3ms]
2025-08-07 22:45:50.992 [warning] [Git][config] git config failed: Failed to execute git
2025-08-07 22:46:05.183 [info] > git check-ignore -v -z --stdin [3ms]
2025-08-07 22:46:16.457 [info] > git show --textconv :src/components/ui/buttons/PrimaryCTA.astro [10ms]
2025-08-07 22:46:16.458 [info] > git ls-files --stage -- src/components/ui/buttons/PrimaryCTA.astro [2ms]
2025-08-07 22:46:16.470 [info] > git cat-file -s 17596086970dc70a2bdadfcfeb7c314eb7060c29 [3ms]
2025-08-07 22:46:17.595 [info] > git blame --root --incremental 0d7a3a898007be1d8200d8db99d59472a2da8d06 -- src/components/ui/buttons/PrimaryCTA.astro [6ms]
2025-08-07 22:46:53.896 [info] > git config --get commit.template [18ms]
2025-08-07 22:46:53.899 [info] > git for-each-ref --format=%(refname)%00%(upstream:short)%00%(objectname)%00%(upstream:track)%00%(upstream:remotename)%00%(upstream:remoteref) refs/heads/main refs/remotes/main [6ms]
2025-08-07 22:46:53.992 [info] > git status -z -uall [17ms]
2025-08-07 22:46:53.996 [info] > git for-each-ref --sort -committerdate --format %(refname)%00%(objectname)%00%(*objectname) [5ms]
2025-08-07 22:47:13.723 [info] > git config --get commit.template [11ms]
2025-08-07 22:47:13.725 [info] > git for-each-ref --format=%(refname)%00%(upstream:short)%00%(objectname)%00%(upstream:track)%00%(upstream:remotename)%00%(upstream:remoteref) refs/heads/main refs/remotes/main [3ms]
2025-08-07 22:47:13.746 [info] > git for-each-ref --sort -committerdate --format %(refname)%00%(objectname)%00%(*objectname) [2ms]
2025-08-07 22:47:13.748 [info] > git status -z -uall [14ms]
2025-08-07 22:47:26.088 [info] > git config --get commit.template [11ms]
2025-08-07 22:47:26.089 [info] > git for-each-ref --format=%(refname)%00%(upstream:short)%00%(objectname)%00%(upstream:track)%00%(upstream:remotename)%00%(upstream:remoteref) refs/heads/main refs/remotes/main [2ms]
2025-08-07 22:47:26.111 [info] > git for-each-ref --sort -committerdate --format %(refname)%00%(objectname)%00%(*objectname) [3ms]
2025-08-07 22:47:26.113 [info] > git status -z -uall [14ms]
2025-08-07 22:47:31.139 [info] > git config --get commit.template [11ms]
2025-08-07 22:47:31.141 [info] > git for-each-ref --format=%(refname)%00%(upstream:short)%00%(objectname)%00%(upstream:track)%00%(upstream:remotename)%00%(upstream:remoteref) refs/heads/main refs/remotes/main [2ms]
2025-08-07 22:47:31.167 [info] > git status -z -uall [15ms]
2025-08-07 22:47:31.167 [info] > git for-each-ref --sort -committerdate --format %(refname)%00%(objectname)%00%(*objectname) [4ms]
2025-08-07 22:47:44.438 [info] > git config --get commit.template [11ms]
2025-08-07 22:47:44.439 [info] > git for-each-ref --format=%(refname)%00%(upstream:short)%00%(objectname)%00%(upstream:track)%00%(upstream:remotename)%00%(upstream:remoteref) refs/heads/main refs/remotes/main [3ms]
2025-08-07 22:47:44.460 [info] > git for-each-ref --sort -committerdate --format %(refname)%00%(objectname)%00%(*objectname) [3ms]
2025-08-07 22:47:44.462 [info] > git status -z -uall [14ms]
2025-08-07 22:47:49.485 [info] > git config --get commit.template [9ms]
2025-08-07 22:47:49.487 [info] > git for-each-ref --format=%(refname)%00%(upstream:short)%00%(objectname)%00%(upstream:track)%00%(upstream:remotename)%00%(upstream:remoteref) refs/heads/main refs/remotes/main [3ms]
2025-08-07 22:47:49.508 [info] > git for-each-ref --sort -committerdate --format %(refname)%00%(objectname)%00%(*objectname) [3ms]
2025-08-07 22:47:49.511 [info] > git status -z -uall [15ms]
2025-08-07 22:47:56.110 [info] > git config --get commit.template [3ms]
2025-08-07 22:47:56.124 [info] > git for-each-ref --format=%(refname)%00%(upstream:short)%00%(objectname)%00%(upstream:track)%00%(upstream:remotename)%00%(upstream:remoteref) refs/heads/main refs/remotes/main [3ms]
2025-08-07 22:47:56.152 [info] > git status -z -uall [16ms]
2025-08-07 22:47:56.155 [info] > git for-each-ref --sort -committerdate --format %(refname)%00%(objectname)%00%(*objectname) [3ms]
2025-08-07 22:48:36.703 [info] > git fetch [336ms]
2025-08-07 22:48:36.722 [info] > git config --get commit.template [9ms]
2025-08-07 22:48:36.725 [info] > git for-each-ref --format=%(refname)%00%(upstream:short)%00%(objectname)%00%(upstream:track)%00%(upstream:remotename)%00%(upstream:remoteref) refs/heads/main refs/remotes/main [3ms]
2025-08-07 22:48:36.748 [info] > git for-each-ref --sort -committerdate --format %(refname)%00%(objectname)%00%(*objectname) [4ms]
2025-08-07 22:48:36.749 [info] > git status -z -uall [14ms]
2025-08-07 22:48:38.046 [info] > git config --get commit.template [10ms]
2025-08-07 22:48:38.049 [info] > git for-each-ref --format=%(refname)%00%(upstream:short)%00%(objectname)%00%(upstream:track)%00%(upstream:remotename)%00%(upstream:remoteref) refs/heads/main refs/remotes/main [2ms]
2025-08-07 22:48:38.075 [info] > git status -z -uall [15ms]
2025-08-07 22:48:38.077 [info] > git for-each-ref --sort -committerdate --format %(refname)%00%(objectname)%00%(*objectname) [4ms]
2025-08-07 22:48:38.251 [info] > git ls-files --stage -- src/components/ui/buttons/PrimaryCTA.astro [2ms]
2025-08-07 22:48:38.263 [info] > git cat-file -s 17596086970dc70a2bdadfcfeb7c314eb7060c29 [2ms]
2025-08-07 22:48:38.386 [info] > git show --textconv :src/components/ui/buttons/PrimaryCTA.astro [2ms]
2025-08-07 22:49:33.077 [info] > git show --textconv :src/components/sections/navbar&footer/Navbar.astro [10ms]
2025-08-07 22:49:33.078 [info] > git ls-files --stage -- src/components/sections/navbar&footer/Navbar.astro [1ms]
2025-08-07 22:49:33.089 [info] > git cat-file -s eb9d9599af5d808707e41aea9e1ed5ed1ddac9a8 [2ms]
2025-08-07 22:49:38.934 [info] > git blame --root --incremental 0d7a3a898007be1d8200d8db99d59472a2da8d06 -- src/components/sections/navbar&footer/Navbar.astro [5ms]
2025-08-07 22:49:41.375 [info] > git config --get commit.template [10ms]
2025-08-07 22:49:41.377 [info] > git for-each-ref --format=%(refname)%00%(upstream:short)%00%(objectname)%00%(upstream:track)%00%(upstream:remotename)%00%(upstream:remoteref) refs/heads/main refs/remotes/main [3ms]
2025-08-07 22:49:41.400 [info] > git for-each-ref --sort -committerdate --format %(refname)%00%(objectname)%00%(*objectname) [4ms]
2025-08-07 22:49:41.400 [info] > git status -z -uall [14ms]
2025-08-07 22:49:46.428 [info] > git config --get commit.template [15ms]
2025-08-07 22:49:46.429 [info] > git for-each-ref --format=%(refname)%00%(upstream:short)%00%(objectname)%00%(upstream:track)%00%(upstream:remotename)%00%(upstream:remoteref) refs/heads/main refs/remotes/main [3ms]
2025-08-07 22:49:46.454 [info] > git for-each-ref --sort -committerdate --format %(refname)%00%(objectname)%00%(*objectname) [3ms]
2025-08-07 22:49:46.455 [info] > git status -z -uall [15ms]
2025-08-07 22:50:31.597 [info] > git config --get commit.template [14ms]
2025-08-07 22:50:31.598 [info] > git for-each-ref --format=%(refname)%00%(upstream:short)%00%(objectname)%00%(upstream:track)%00%(upstream:remotename)%00%(upstream:remoteref) refs/heads/main refs/remotes/main [2ms]
2025-08-07 22:50:31.620 [info] > git for-each-ref --sort -committerdate --format %(refname)%00%(objectname)%00%(*objectname) [3ms]
2025-08-07 22:50:31.623 [info] > git status -z -uall [15ms]
2025-08-07 22:50:54.822 [info] > git config --get commit.template [2ms]
2025-08-07 22:50:54.835 [info] > git for-each-ref --format=%(refname)%00%(upstream:short)%00%(objectname)%00%(upstream:track)%00%(upstream:remotename)%00%(upstream:remoteref) refs/heads/main refs/remotes/main [3ms]
2025-08-07 22:50:54.860 [info] > git for-each-ref --sort -committerdate --format %(refname)%00%(objectname)%00%(*objectname) [3ms]
2025-08-07 22:50:54.861 [info] > git status -z -uall [15ms]
2025-08-07 22:50:59.880 [info] > git config --get commit.template [3ms]
2025-08-07 22:50:59.893 [info] > git for-each-ref --format=%(refname)%00%(upstream:short)%00%(objectname)%00%(upstream:track)%00%(upstream:remotename)%00%(upstream:remoteref) refs/heads/main refs/remotes/main [3ms]
2025-08-07 22:50:59.914 [info] > git for-each-ref --sort -committerdate --format %(refname)%00%(objectname)%00%(*objectname) [3ms]
2025-08-07 22:50:59.917 [info] > git status -z -uall [15ms]
2025-08-07 22:51:09.388 [info] > git check-ignore -v -z --stdin [1ms]
2025-08-07 22:51:11.217 [info] > git show --textconv :src/assets/styles/global.css [11ms]
2025-08-07 22:51:11.219 [info] > git ls-files --stage -- src/assets/styles/global.css [2ms]
2025-08-07 22:51:11.231 [info] > git cat-file -s 50bf8db4d56518176564a94ccf94019947884767 [2ms]
2025-08-07 22:51:11.995 [info] > git blame --root --incremental 0d7a3a898007be1d8200d8db99d59472a2da8d06 -- src/assets/styles/global.css [4ms]
2025-08-07 22:51:18.578 [info] > git config --get commit.template [2ms]
2025-08-07 22:51:18.590 [info] > git for-each-ref --format=%(refname)%00%(upstream:short)%00%(objectname)%00%(upstream:track)%00%(upstream:remotename)%00%(upstream:remoteref) refs/heads/main refs/remotes/main [2ms]
2025-08-07 22:51:18.611 [info] > git for-each-ref --sort -committerdate --format %(refname)%00%(objectname)%00%(*objectname) [3ms]
2025-08-07 22:51:18.615 [info] > git status -z -uall [16ms]
2025-08-07 22:51:23.638 [info] > git config --get commit.template [9ms]
2025-08-07 22:51:23.640 [info] > git for-each-ref --format=%(refname)%00%(upstream:short)%00%(objectname)%00%(upstream:track)%00%(upstream:remotename)%00%(upstream:remoteref) refs/heads/main refs/remotes/main [2ms]
2025-08-07 22:51:23.660 [info] > git for-each-ref --sort -committerdate --format %(refname)%00%(objectname)%00%(*objectname) [3ms]
2025-08-07 22:51:23.663 [info] > git status -z -uall [14ms]
2025-08-07 22:51:28.679 [info] > git config --get commit.template [2ms]
2025-08-07 22:51:28.692 [info] > git for-each-ref --format=%(refname)%00%(upstream:short)%00%(objectname)%00%(upstream:track)%00%(upstream:remotename)%00%(upstream:remoteref) refs/heads/main refs/remotes/main [3ms]
2025-08-07 22:51:28.712 [info] > git for-each-ref --sort -committerdate --format %(refname)%00%(objectname)%00%(*objectname) [2ms]
2025-08-07 22:51:28.715 [info] > git status -z -uall [14ms]
2025-08-07 22:51:33.738 [info] > git config --get commit.template [9ms]
2025-08-07 22:51:33.740 [info] > git for-each-ref --format=%(refname)%00%(upstream:short)%00%(objectname)%00%(upstream:track)%00%(upstream:remotename)%00%(upstream:remoteref) refs/heads/main refs/remotes/main [2ms]
2025-08-07 22:51:33.759 [info] > git for-each-ref --sort -committerdate --format %(refname)%00%(objectname)%00%(*objectname) [2ms]
2025-08-07 22:51:33.763 [info] > git status -z -uall [15ms]
2025-08-07 22:51:37.118 [info] > git fetch [354ms]
2025-08-07 22:51:37.137 [info] > git config --get commit.template [9ms]
2025-08-07 22:51:37.139 [info] > git for-each-ref --format=%(refname)%00%(upstream:short)%00%(objectname)%00%(upstream:track)%00%(upstream:remotename)%00%(upstream:remoteref) refs/heads/main refs/remotes/main [2ms]
2025-08-07 22:51:37.161 [info] > git for-each-ref --sort -committerdate --format %(refname)%00%(objectname)%00%(*objectname) [3ms]
2025-08-07 22:51:37.162 [info] > git status -z -uall [14ms]
2025-08-07 22:51:38.793 [info] > git config --get commit.template [13ms]
2025-08-07 22:51:38.795 [info] > git for-each-ref --format=%(refname)%00%(upstream:short)%00%(objectname)%00%(upstream:track)%00%(upstream:remotename)%00%(upstream:remoteref) refs/heads/main refs/remotes/main [3ms]
2025-08-07 22:51:38.820 [info] > git for-each-ref --sort -committerdate --format %(refname)%00%(objectname)%00%(*objectname) [3ms]
2025-08-07 22:51:38.821 [info] > git status -z -uall [15ms]
2025-08-07 22:51:39.386 [info] > git ls-files --stage -- src/assets/styles/global.css [2ms]
2025-08-07 22:51:39.399 [info] > git cat-file -s 50bf8db4d56518176564a94ccf94019947884767 [2ms]
2025-08-07 22:51:40.297 [info] > git show --textconv :src/assets/styles/global.css [2ms]
2025-08-07 22:51:43.845 [info] > git config --get commit.template [10ms]
2025-08-07 22:51:43.847 [info] > git for-each-ref --format=%(refname)%00%(upstream:short)%00%(objectname)%00%(upstream:track)%00%(upstream:remotename)%00%(upstream:remoteref) refs/heads/main refs/remotes/main [3ms]
2025-08-07 22:51:43.867 [info] > git for-each-ref --sort -committerdate --format %(refname)%00%(objectname)%00%(*objectname) [2ms]
2025-08-07 22:51:43.869 [info] > git status -z -uall [14ms]
2025-08-07 22:51:48.895 [info] > git config --get commit.template [10ms]
2025-08-07 22:51:48.897 [info] > git for-each-ref --format=%(refname)%00%(upstream:short)%00%(objectname)%00%(upstream:track)%00%(upstream:remotename)%00%(upstream:remoteref) refs/heads/main refs/remotes/main [3ms]
2025-08-07 22:51:48.917 [info] > git for-each-ref --sort -committerdate --format %(refname)%00%(objectname)%00%(*objectname) [3ms]
2025-08-07 22:51:48.921 [info] > git status -z -uall [15ms]
2025-08-07 22:51:53.942 [info] > git config --get commit.template [3ms]
2025-08-07 22:51:53.958 [info] > git for-each-ref --format=%(refname)%00%(upstream:short)%00%(objectname)%00%(upstream:track)%00%(upstream:remotename)%00%(upstream:remoteref) refs/heads/main refs/remotes/main [3ms]
2025-08-07 22:51:53.985 [info] > git for-each-ref --sort -committerdate --format %(refname)%00%(objectname)%00%(*objectname) [3ms]
2025-08-07 22:51:53.985 [info] > git status -z -uall [15ms]
2025-08-07 22:51:59.018 [info] > git config --get commit.template [16ms]
2025-08-07 22:51:59.069 [info] > git for-each-ref --format=%(refname)%00%(upstream:short)%00%(objectname)%00%(upstream:track)%00%(upstream:remotename)%00%(upstream:remoteref) refs/heads/main refs/remotes/main [52ms]
2025-08-07 22:51:59.097 [info] > git for-each-ref --sort -committerdate --format %(refname)%00%(objectname)%00%(*objectname) [4ms]
2025-08-07 22:51:59.098 [info] > git status -z -uall [17ms]
2025-08-07 22:52:04.123 [info] > git config --get commit.template [10ms]
2025-08-07 22:52:04.125 [info] > git for-each-ref --format=%(refname)%00%(upstream:short)%00%(objectname)%00%(upstream:track)%00%(upstream:remotename)%00%(upstream:remoteref) refs/heads/main refs/remotes/main [2ms]
2025-08-07 22:52:04.176 [info] > git for-each-ref --sort -committerdate --format %(refname)%00%(objectname)%00%(*objectname) [3ms]
2025-08-07 22:52:04.179 [info] > git status -z -uall [45ms]
2025-08-07 22:52:10.273 [info] > git config --get commit.template [10ms]
2025-08-07 22:52:10.277 [info] > git for-each-ref --format=%(refname)%00%(upstream:short)%00%(objectname)%00%(upstream:track)%00%(upstream:remotename)%00%(upstream:remoteref) refs/heads/main refs/remotes/main [4ms]
2025-08-07 22:52:10.299 [info] > git for-each-ref --sort -committerdate --format %(refname)%00%(objectname)%00%(*objectname) [3ms]
2025-08-07 22:52:10.302 [info] > git status -z -uall [15ms]
2025-08-07 22:52:29.704 [info] > git show --textconv :src/components/sections/navbar&footer/Navbar.astro [10ms]
2025-08-07 22:52:29.706 [info] > git ls-files --stage -- src/components/sections/navbar&footer/Navbar.astro [2ms]
2025-08-07 22:52:29.720 [info] > git cat-file -s eb9d9599af5d808707e41aea9e1ed5ed1ddac9a8 [3ms]
2025-08-07 22:52:34.789 [info] > git config --get commit.template [20ms]
2025-08-07 22:52:34.792 [info] > git for-each-ref --format=%(refname)%00%(upstream:short)%00%(objectname)%00%(upstream:track)%00%(upstream:remotename)%00%(upstream:remoteref) refs/heads/main refs/remotes/main [4ms]
2025-08-07 22:52:34.977 [info] > git status -z -uall [98ms]
2025-08-07 22:52:34.980 [info] > git for-each-ref --sort -committerdate --format %(refname)%00%(objectname)%00%(*objectname) [7ms]
2025-08-07 22:52:37.170 [info] > git show --textconv :src/components/ui/buttons/PrimaryCTA.astro [11ms]
2025-08-07 22:52:37.171 [info] > git ls-files --stage -- src/components/ui/buttons/PrimaryCTA.astro [2ms]
2025-08-07 22:52:37.184 [info] > git cat-file -s 17596086970dc70a2bdadfcfeb7c314eb7060c29 [2ms]
2025-08-07 22:52:40.010 [info] > git config --get commit.template [13ms]
2025-08-07 22:52:40.013 [info] > git for-each-ref --format=%(refname)%00%(upstream:short)%00%(objectname)%00%(upstream:track)%00%(upstream:remotename)%00%(upstream:remoteref) refs/heads/main refs/remotes/main [3ms]
2025-08-07 22:52:40.036 [info] > git for-each-ref --sort -committerdate --format %(refname)%00%(objectname)%00%(*objectname) [3ms]
2025-08-07 22:52:40.042 [info] > git status -z -uall [18ms]
2025-08-07 22:52:46.351 [info] > git config --get commit.template [14ms]
2025-08-07 22:52:46.353 [info] > git for-each-ref --format=%(refname)%00%(upstream:short)%00%(objectname)%00%(upstream:track)%00%(upstream:remotename)%00%(upstream:remoteref) refs/heads/main refs/remotes/main [3ms]
2025-08-07 22:52:46.378 [info] > git for-each-ref --sort -committerdate --format %(refname)%00%(objectname)%00%(*objectname) [3ms]
2025-08-07 22:52:46.379 [info] > git status -z -uall [15ms]
2025-08-07 22:53:01.005 [info] > git config --get commit.template [11ms]
2025-08-07 22:53:01.007 [info] > git for-each-ref --format=%(refname)%00%(upstream:short)%00%(objectname)%00%(upstream:track)%00%(upstream:remotename)%00%(upstream:remoteref) refs/heads/main refs/remotes/main [2ms]
2025-08-07 22:53:01.032 [info] > git for-each-ref --sort -committerdate --format %(refname)%00%(objectname)%00%(*objectname) [3ms]
2025-08-07 22:53:01.037 [info] > git status -z -uall [19ms]
2025-08-07 22:53:08.956 [info] > git config --get commit.template [14ms]
2025-08-07 22:53:08.957 [info] > git for-each-ref --format=%(refname)%00%(upstream:short)%00%(objectname)%00%(upstream:track)%00%(upstream:remotename)%00%(upstream:remoteref) refs/heads/main refs/remotes/main [2ms]
2025-08-07 22:53:08.982 [info] > git for-each-ref --sort -committerdate --format %(refname)%00%(objectname)%00%(*objectname) [4ms]
2025-08-07 22:53:08.984 [info] > git status -z -uall [16ms]
2025-08-07 22:53:14.011 [info] > git config --get commit.template [12ms]
2025-08-07 22:53:14.014 [info] > git for-each-ref --format=%(refname)%00%(upstream:short)%00%(objectname)%00%(upstream:track)%00%(upstream:remotename)%00%(upstream:remoteref) refs/heads/main refs/remotes/main [3ms]
2025-08-07 22:53:14.041 [info] > git status -z -uall [15ms]
2025-08-07 22:53:14.041 [info] > git for-each-ref --sort -committerdate --format %(refname)%00%(objectname)%00%(*objectname) [3ms]
2025-08-07 22:53:19.070 [info] > git config --get commit.template [13ms]
2025-08-07 22:53:19.071 [info] > git for-each-ref --format=%(refname)%00%(upstream:short)%00%(objectname)%00%(upstream:track)%00%(upstream:remotename)%00%(upstream:remoteref) refs/heads/main refs/remotes/main [3ms]
2025-08-07 22:53:19.094 [info] > git for-each-ref --sort -committerdate --format %(refname)%00%(objectname)%00%(*objectname) [3ms]
2025-08-07 22:53:19.096 [info] > git status -z -uall [14ms]
2025-08-07 22:53:27.432 [info] > git show --textconv :src/assets/styles/global.css [13ms]
2025-08-07 22:53:27.434 [info] > git ls-files --stage -- src/assets/styles/global.css [2ms]
2025-08-07 22:53:27.446 [info] > git cat-file -s 50bf8db4d56518176564a94ccf94019947884767 [2ms]
2025-08-07 22:53:35.637 [info] > git config --get commit.template [12ms]
2025-08-07 22:53:35.639 [info] > git for-each-ref --format=%(refname)%00%(upstream:short)%00%(objectname)%00%(upstream:track)%00%(upstream:remotename)%00%(upstream:remoteref) refs/heads/main refs/remotes/main [3ms]
2025-08-07 22:53:35.664 [info] > git for-each-ref --sort -committerdate --format %(refname)%00%(objectname)%00%(*objectname) [3ms]
2025-08-07 22:53:35.665 [info] > git status -z -uall [14ms]
2025-08-07 22:53:50.497 [info] > git config --get commit.template [2ms]
2025-08-07 22:53:50.511 [info] > git for-each-ref --format=%(refname)%00%(upstream:short)%00%(objectname)%00%(upstream:track)%00%(upstream:remotename)%00%(upstream:remoteref) refs/heads/main refs/remotes/main [3ms]
2025-08-07 22:53:50.539 [info] > git for-each-ref --sort -committerdate --format %(refname)%00%(objectname)%00%(*objectname) [4ms]
2025-08-07 22:53:50.542 [info] > git status -z -uall [19ms]
2025-08-07 22:53:56.920 [info] > git config --get commit.template [13ms]
2025-08-07 22:53:56.922 [info] > git for-each-ref --format=%(refname)%00%(upstream:short)%00%(objectname)%00%(upstream:track)%00%(upstream:remotename)%00%(upstream:remoteref) refs/heads/main refs/remotes/main [3ms]
2025-08-07 22:53:56.950 [info] > git status -z -uall [15ms]
2025-08-07 22:53:56.952 [info] > git for-each-ref --sort -committerdate --format %(refname)%00%(objectname)%00%(*objectname) [4ms]
2025-08-07 22:54:01.981 [info] > git config --get commit.template [11ms]
2025-08-07 22:54:01.983 [info] > git for-each-ref --format=%(refname)%00%(upstream:short)%00%(objectname)%00%(upstream:track)%00%(upstream:remotename)%00%(upstream:remoteref) refs/heads/main refs/remotes/main [3ms]
2025-08-07 22:54:02.011 [info] > git for-each-ref --sort -committerdate --format %(refname)%00%(objectname)%00%(*objectname) [5ms]
2025-08-07 22:54:02.014 [info] > git status -z -uall [17ms]
2025-08-07 22:54:07.036 [info] > git config --get commit.template [9ms]
2025-08-07 22:54:07.038 [info] > git for-each-ref --format=%(refname)%00%(upstream:short)%00%(objectname)%00%(upstream:track)%00%(upstream:remotename)%00%(upstream:remoteref) refs/heads/main refs/remotes/main [2ms]
2025-08-07 22:54:07.062 [info] > git for-each-ref --sort -committerdate --format %(refname)%00%(objectname)%00%(*objectname) [4ms]
2025-08-07 22:54:07.066 [info] > git status -z -uall [18ms]
2025-08-07 22:54:12.093 [info] > git config --get commit.template [13ms]
2025-08-07 22:54:12.095 [info] > git for-each-ref --format=%(refname)%00%(upstream:short)%00%(objectname)%00%(upstream:track)%00%(upstream:remotename)%00%(upstream:remoteref) refs/heads/main refs/remotes/main [3ms]
2025-08-07 22:54:12.122 [info] > git status -z -uall [15ms]
2025-08-07 22:54:12.123 [info] > git for-each-ref --sort -committerdate --format %(refname)%00%(objectname)%00%(*objectname) [3ms]
2025-08-07 22:54:17.147 [info] > git config --get commit.template [9ms]
2025-08-07 22:54:17.149 [info] > git for-each-ref --format=%(refname)%00%(upstream:short)%00%(objectname)%00%(upstream:track)%00%(upstream:remotename)%00%(upstream:remoteref) refs/heads/main refs/remotes/main [3ms]
2025-08-07 22:54:17.170 [info] > git for-each-ref --sort -committerdate --format %(refname)%00%(objectname)%00%(*objectname) [3ms]
2025-08-07 22:54:17.172 [info] > git status -z -uall [14ms]
2025-08-07 22:54:22.204 [info] > git config --get commit.template [13ms]
2025-08-07 22:54:22.205 [info] > git for-each-ref --format=%(refname)%00%(upstream:short)%00%(objectname)%00%(upstream:track)%00%(upstream:remotename)%00%(upstream:remoteref) refs/heads/main refs/remotes/main [3ms]
2025-08-07 22:54:22.226 [info] > git for-each-ref --sort -committerdate --format %(refname)%00%(objectname)%00%(*objectname) [3ms]
2025-08-07 22:54:22.230 [info] > git status -z -uall [15ms]
2025-08-07 22:54:27.258 [info] > git config --get commit.template [12ms]
2025-08-07 22:54:27.260 [info] > git for-each-ref --format=%(refname)%00%(upstream:short)%00%(objectname)%00%(upstream:track)%00%(upstream:remotename)%00%(upstream:remoteref) refs/heads/main refs/remotes/main [3ms]
2025-08-07 22:54:27.283 [info] > git for-each-ref --sort -committerdate --format %(refname)%00%(objectname)%00%(*objectname) [3ms]
2025-08-07 22:54:27.285 [info] > git status -z -uall [14ms]
2025-08-07 22:54:34.626 [info] > git config --get commit.template [13ms]
2025-08-07 22:54:34.628 [info] > git for-each-ref --format=%(refname)%00%(upstream:short)%00%(objectname)%00%(upstream:track)%00%(upstream:remotename)%00%(upstream:remoteref) refs/heads/main refs/remotes/main [2ms]
2025-08-07 22:54:34.654 [info] > git for-each-ref --sort -committerdate --format %(refname)%00%(objectname)%00%(*objectname) [4ms]
2025-08-07 22:54:34.656 [info] > git status -z -uall [18ms]
2025-08-07 22:54:37.554 [info] > git fetch [377ms]
2025-08-07 22:54:37.580 [info] > git config --get commit.template [11ms]
2025-08-07 22:54:37.582 [info] > git for-each-ref --format=%(refname)%00%(upstream:short)%00%(objectname)%00%(upstream:track)%00%(upstream:remotename)%00%(upstream:remoteref) refs/heads/main refs/remotes/main [3ms]
2025-08-07 22:54:37.610 [info] > git for-each-ref --sort -committerdate --format %(refname)%00%(objectname)%00%(*objectname) [3ms]
2025-08-07 22:54:37.611 [info] > git status -z -uall [17ms]
2025-08-07 22:54:39.020 [info] > git ls-files --stage -- src/assets/styles/global.css [3ms]
2025-08-07 22:54:39.034 [info] > git cat-file -s 50bf8db4d56518176564a94ccf94019947884767 [3ms]
2025-08-07 22:54:39.518 [info] > git show --textconv :src/assets/styles/global.css [3ms]
2025-08-07 22:54:39.681 [info] > git config --get commit.template [9ms]
2025-08-07 22:54:39.684 [info] > git for-each-ref --format=%(refname)%00%(upstream:short)%00%(objectname)%00%(upstream:track)%00%(upstream:remotename)%00%(upstream:remoteref) refs/heads/main refs/remotes/main [3ms]
2025-08-07 22:54:39.705 [info] > git for-each-ref --sort -committerdate --format %(refname)%00%(objectname)%00%(*objectname) [3ms]
2025-08-07 22:54:39.709 [info] > git status -z -uall [15ms]
2025-08-07 22:54:44.734 [info] > git config --get commit.template [12ms]
2025-08-07 22:54:44.736 [info] > git for-each-ref --format=%(refname)%00%(upstream:short)%00%(objectname)%00%(upstream:track)%00%(upstream:remotename)%00%(upstream:remoteref) refs/heads/main refs/remotes/main [3ms]
2025-08-07 22:54:44.756 [info] > git for-each-ref --sort -committerdate --format %(refname)%00%(objectname)%00%(*objectname) [2ms]
2025-08-07 22:54:44.759 [info] > git status -z -uall [14ms]
2025-08-07 22:54:54.461 [info] > git config --get commit.template [12ms]
2025-08-07 22:54:54.462 [info] > git for-each-ref --format=%(refname)%00%(upstream:short)%00%(objectname)%00%(upstream:track)%00%(upstream:remotename)%00%(upstream:remoteref) refs/heads/main refs/remotes/main [3ms]
2025-08-07 22:54:54.486 [info] > git for-each-ref --sort -committerdate --format %(refname)%00%(objectname)%00%(*objectname) [3ms]
2025-08-07 22:54:54.488 [info] > git status -z -uall [15ms]
2025-08-07 22:54:59.734 [info] > git config --get commit.template [12ms]
2025-08-07 22:54:59.737 [info] > git for-each-ref --format=%(refname)%00%(upstream:short)%00%(objectname)%00%(upstream:track)%00%(upstream:remotename)%00%(upstream:remoteref) refs/heads/main refs/remotes/main [3ms]
2025-08-07 22:54:59.764 [info] > git for-each-ref --sort -committerdate --format %(refname)%00%(objectname)%00%(*objectname) [3ms]
2025-08-07 22:54:59.765 [info] > git status -z -uall [15ms]
2025-08-07 22:55:04.793 [info] > git config --get commit.template [12ms]
2025-08-07 22:55:04.795 [info] > git for-each-ref --format=%(refname)%00%(upstream:short)%00%(objectname)%00%(upstream:track)%00%(upstream:remotename)%00%(upstream:remoteref) refs/heads/main refs/remotes/main [3ms]
2025-08-07 22:55:04.817 [info] > git for-each-ref --sort -committerdate --format %(refname)%00%(objectname)%00%(*objectname) [2ms]
2025-08-07 22:55:04.820 [info] > git status -z -uall [15ms]
2025-08-07 22:55:13.662 [info] > git config --get commit.template [13ms]
2025-08-07 22:55:13.664 [info] > git for-each-ref --format=%(refname)%00%(upstream:short)%00%(objectname)%00%(upstream:track)%00%(upstream:remotename)%00%(upstream:remoteref) refs/heads/main refs/remotes/main [2ms]
2025-08-07 22:55:13.691 [info] > git for-each-ref --sort -committerdate --format %(refname)%00%(objectname)%00%(*objectname) [3ms]
2025-08-07 22:55:13.695 [info] > git status -z -uall [19ms]
2025-08-07 22:55:23.363 [info] > git config --get commit.template [11ms]
2025-08-07 22:55:23.365 [info] > git for-each-ref --format=%(refname)%00%(upstream:short)%00%(objectname)%00%(upstream:track)%00%(upstream:remotename)%00%(upstream:remoteref) refs/heads/main refs/remotes/main [3ms]
2025-08-07 22:55:23.386 [info] > git for-each-ref --sort -committerdate --format %(refname)%00%(objectname)%00%(*objectname) [2ms]
2025-08-07 22:55:23.388 [info] > git status -z -uall [14ms]
2025-08-07 22:55:32.296 [info] > git config --get commit.template [12ms]
2025-08-07 22:55:32.297 [info] > git for-each-ref --format=%(refname)%00%(upstream:short)%00%(objectname)%00%(upstream:track)%00%(upstream:remotename)%00%(upstream:remoteref) refs/heads/main refs/remotes/main [2ms]
2025-08-07 22:55:32.323 [info] > git for-each-ref --sort -committerdate --format %(refname)%00%(objectname)%00%(*objectname) [3ms]
2025-08-07 22:55:32.324 [info] > git status -z -uall [15ms]
2025-08-07 22:55:37.350 [info] > git config --get commit.template [12ms]
2025-08-07 22:55:37.352 [info] > git for-each-ref --format=%(refname)%00%(upstream:short)%00%(objectname)%00%(upstream:track)%00%(upstream:remotename)%00%(upstream:remoteref) refs/heads/main refs/remotes/main [3ms]
2025-08-07 22:55:37.376 [info] > git for-each-ref --sort -committerdate --format %(refname)%00%(objectname)%00%(*objectname) [3ms]
2025-08-07 22:55:37.377 [info] > git status -z -uall [15ms]
2025-08-07 22:55:42.401 [info] > git config --get commit.template [10ms]
2025-08-07 22:55:42.403 [info] > git for-each-ref --format=%(refname)%00%(upstream:short)%00%(objectname)%00%(upstream:track)%00%(upstream:remotename)%00%(upstream:remoteref) refs/heads/main refs/remotes/main [2ms]
2025-08-07 22:55:42.425 [info] > git for-each-ref --sort -committerdate --format %(refname)%00%(objectname)%00%(*objectname) [3ms]
2025-08-07 22:55:42.428 [info] > git status -z -uall [16ms]
2025-08-07 22:57:10.901 [info] > git config --get commit.template [12ms]
2025-08-07 22:57:10.903 [info] > git for-each-ref --format=%(refname)%00%(upstream:short)%00%(objectname)%00%(upstream:track)%00%(upstream:remotename)%00%(upstream:remoteref) refs/heads/main refs/remotes/main [3ms]
2025-08-07 22:57:10.927 [info] > git for-each-ref --sort -committerdate --format %(refname)%00%(objectname)%00%(*objectname) [3ms]
2025-08-07 22:57:10.928 [info] > git status -z -uall [15ms]
2025-08-07 22:57:15.953 [info] > git config --get commit.template [10ms]
2025-08-07 22:57:15.955 [info] > git for-each-ref --format=%(refname)%00%(upstream:short)%00%(objectname)%00%(upstream:track)%00%(upstream:remotename)%00%(upstream:remoteref) refs/heads/main refs/remotes/main [3ms]
2025-08-07 22:57:15.975 [info] > git for-each-ref --sort -committerdate --format %(refname)%00%(objectname)%00%(*objectname) [3ms]
2025-08-07 22:57:15.978 [info] > git status -z -uall [14ms]
2025-08-07 22:57:37.960 [info] > git fetch [335ms]
2025-08-07 22:57:37.985 [info] > git config --get commit.template [12ms]
2025-08-07 22:57:37.987 [info] > git for-each-ref --format=%(refname)%00%(upstream:short)%00%(objectname)%00%(upstream:track)%00%(upstream:remotename)%00%(upstream:remoteref) refs/heads/main refs/remotes/main [3ms]
2025-08-07 22:57:38.013 [info] > git for-each-ref --sort -committerdate --format %(refname)%00%(objectname)%00%(*objectname) [3ms]
2025-08-07 22:57:38.014 [info] > git status -z -uall [15ms]
2025-08-07 22:57:39.322 [info] > git config --get commit.template [9ms]
2025-08-07 22:57:39.324 [info] > git for-each-ref --format=%(refname)%00%(upstream:short)%00%(objectname)%00%(upstream:track)%00%(upstream:remotename)%00%(upstream:remoteref) refs/heads/main refs/remotes/main [2ms]
2025-08-07 22:57:39.345 [info] > git for-each-ref --sort -committerdate --format %(refname)%00%(objectname)%00%(*objectname) [3ms]
2025-08-07 22:57:39.348 [info] > git status -z -uall [15ms]
2025-08-07 22:57:39.752 [info] > git ls-files --stage -- src/assets/styles/global.css [2ms]
2025-08-07 22:57:39.763 [info] > git cat-file -s 50bf8db4d56518176564a94ccf94019947884767 [2ms]
2025-08-07 22:57:39.928 [info] > git show --textconv :src/assets/styles/global.css [3ms]
2025-08-07 22:59:17.807 [info] > git show --textconv :src/components/ui/buttons/PrimaryCTA.astro [16ms]
2025-08-07 22:59:17.808 [info] > git ls-files --stage -- src/components/ui/buttons/PrimaryCTA.astro [3ms]
2025-08-07 22:59:17.819 [info] > git cat-file -s 17596086970dc70a2bdadfcfeb7c314eb7060c29 [2ms]
2025-08-07 22:59:35.084 [info] > git config --get commit.template [3ms]
2025-08-07 22:59:35.097 [info] > git for-each-ref --format=%(refname)%00%(upstream:short)%00%(objectname)%00%(upstream:track)%00%(upstream:remotename)%00%(upstream:remoteref) refs/heads/main refs/remotes/main [3ms]
2025-08-07 22:59:35.126 [info] > git for-each-ref --sort -committerdate --format %(refname)%00%(objectname)%00%(*objectname) [10ms]
2025-08-07 22:59:35.128 [info] > git status -z -uall [21ms]
2025-08-07 22:59:40.155 [info] > git config --get commit.template [11ms]
2025-08-07 22:59:40.156 [info] > git for-each-ref --format=%(refname)%00%(upstream:short)%00%(objectname)%00%(upstream:track)%00%(upstream:remotename)%00%(upstream:remoteref) refs/heads/main refs/remotes/main [2ms]
2025-08-07 22:59:40.190 [info] > git status -z -uall [19ms]
2025-08-07 22:59:40.190 [info] > git for-each-ref --sort -committerdate --format %(refname)%00%(objectname)%00%(*objectname) [3ms]
2025-08-07 22:59:45.221 [info] > git config --get commit.template [13ms]
2025-08-07 22:59:45.222 [info] > git for-each-ref --format=%(refname)%00%(upstream:short)%00%(objectname)%00%(upstream:track)%00%(upstream:remotename)%00%(upstream:remoteref) refs/heads/main refs/remotes/main [3ms]
2025-08-07 22:59:45.248 [info] > git for-each-ref --sort -committerdate --format %(refname)%00%(objectname)%00%(*objectname) [3ms]
2025-08-07 22:59:45.249 [info] > git status -z -uall [15ms]
2025-08-07 23:00:31.895 [info] > git show --textconv :src/assets/styles/global.css [29ms]
2025-08-07 23:00:31.896 [info] > git ls-files --stage -- src/assets/styles/global.css [2ms]
2025-08-07 23:00:31.908 [info] > git cat-file -s 50bf8db4d56518176564a94ccf94019947884767 [2ms]
2025-08-07 23:00:36.121 [info] > git check-ignore -v -z --stdin [2ms]
2025-08-07 23:00:36.828 [info] > git show --textconv :src/components/sections/landing/HeroSection.astro [9ms]
2025-08-07 23:00:36.830 [info] > git ls-files --stage -- src/components/sections/landing/HeroSection.astro [2ms]
2025-08-07 23:00:36.840 [info] > git cat-file -s 651d4ec772e9f1908a9a04cbe4abb909827b9701 [2ms]
2025-08-07 23:00:38.056 [info] > git blame --root --incremental 0d7a3a898007be1d8200d8db99d59472a2da8d06 -- src/components/sections/landing/HeroSection.astro [4ms]
2025-08-07 23:00:38.380 [info] > git fetch [352ms]
2025-08-07 23:00:38.410 [info] > git config --get commit.template [11ms]
2025-08-07 23:00:38.413 [info] > git for-each-ref --format=%(refname)%00%(upstream:short)%00%(objectname)%00%(upstream:track)%00%(upstream:remotename)%00%(upstream:remoteref) refs/heads/main refs/remotes/main [3ms]
2025-08-07 23:00:38.435 [info] > git for-each-ref --sort -committerdate --format %(refname)%00%(objectname)%00%(*objectname) [3ms]
2025-08-07 23:00:38.436 [info] > git status -z -uall [14ms]
2025-08-07 23:00:39.732 [info] > git config --get commit.template [12ms]
2025-08-07 23:00:39.733 [info] > git for-each-ref --format=%(refname)%00%(upstream:short)%00%(objectname)%00%(upstream:track)%00%(upstream:remotename)%00%(upstream:remoteref) refs/heads/main refs/remotes/main [2ms]
2025-08-07 23:00:39.755 [info] > git for-each-ref --sort -committerdate --format %(refname)%00%(objectname)%00%(*objectname) [2ms]
2025-08-07 23:00:39.758 [info] > git status -z -uall [15ms]
2025-08-07 23:00:41.347 [info] > git ls-files --stage -- src/components/sections/landing/HeroSection.astro [2ms]
2025-08-07 23:00:41.362 [info] > git cat-file -s 651d4ec772e9f1908a9a04cbe4abb909827b9701 [2ms]
2025-08-07 23:00:41.865 [info] > git show --textconv :src/components/sections/landing/HeroSection.astro [3ms]
2025-08-07 23:00:44.782 [info] > git config --get commit.template [2ms]
2025-08-07 23:00:44.802 [info] > git for-each-ref --format=%(refname)%00%(upstream:short)%00%(objectname)%00%(upstream:track)%00%(upstream:remotename)%00%(upstream:remoteref) refs/heads/main refs/remotes/main [2ms]
2025-08-07 23:00:44.824 [info] > git for-each-ref --sort -committerdate --format %(refname)%00%(objectname)%00%(*objectname) [3ms]
2025-08-07 23:00:44.833 [info] > git status -z -uall [21ms]
2025-08-07 23:01:01.880 [info] > git config --get commit.template [4ms]
2025-08-07 23:01:01.894 [info] > git for-each-ref --format=%(refname)%00%(upstream:short)%00%(objectname)%00%(upstream:track)%00%(upstream:remotename)%00%(upstream:remoteref) refs/heads/main refs/remotes/main [3ms]
2025-08-07 23:01:01.923 [info] > git for-each-ref --sort -committerdate --format %(refname)%00%(objectname)%00%(*objectname) [4ms]
2025-08-07 23:01:01.924 [info] > git status -z -uall [16ms]
2025-08-07 23:01:10.266 [info] > git config --get commit.template [10ms]
2025-08-07 23:01:10.268 [info] > git for-each-ref --format=%(refname)%00%(upstream:short)%00%(objectname)%00%(upstream:track)%00%(upstream:remotename)%00%(upstream:remoteref) refs/heads/main refs/remotes/main [3ms]
2025-08-07 23:01:10.314 [info] > git for-each-ref --sort -committerdate --format %(refname)%00%(objectname)%00%(*objectname) [4ms]
2025-08-07 23:01:10.314 [info] > git status -z -uall [18ms]
2025-08-07 23:02:11.841 [info] > git check-ignore -v -z --stdin [2ms]
2025-08-07 23:02:15.839 [info] > git show --textconv :src/components/ui/icons/icons.ts [11ms]
2025-08-07 23:02:15.840 [info] > git ls-files --stage -- src/components/ui/icons/icons.ts [3ms]
2025-08-07 23:02:15.850 [info] > git cat-file -s 4d8da5dfc3ea0ca53c34f9b9e9a55446fbdcd0c3 [2ms]
2025-08-07 23:02:19.250 [info] > git show --textconv :src/components/ui/icons/Icon.astro [12ms]
2025-08-07 23:02:19.251 [info] > git ls-files --stage -- src/components/ui/icons/Icon.astro [2ms]
2025-08-07 23:02:19.265 [info] > git cat-file -s 67a96541a0ca20634afbe6121befbe7f5aa02c76 [3ms]
2025-08-07 23:02:19.421 [info] > git blame --root --incremental 0d7a3a898007be1d8200d8db99d59472a2da8d06 -- src/components/ui/icons/Icon.astro [3ms]
2025-08-07 23:02:37.090 [info] > git config --get commit.template [10ms]
2025-08-07 23:02:37.091 [info] > git for-each-ref --format=%(refname)%00%(upstream:short)%00%(objectname)%00%(upstream:track)%00%(upstream:remotename)%00%(upstream:remoteref) refs/heads/main refs/remotes/main [2ms]
2025-08-07 23:02:37.112 [info] > git for-each-ref --sort -committerdate --format %(refname)%00%(objectname)%00%(*objectname) [3ms]
2025-08-07 23:02:37.115 [info] > git status -z -uall [15ms]
2025-08-07 23:02:42.140 [info] > git config --get commit.template [11ms]
2025-08-07 23:02:42.142 [info] > git for-each-ref --format=%(refname)%00%(upstream:short)%00%(objectname)%00%(upstream:track)%00%(upstream:remotename)%00%(upstream:remoteref) refs/heads/main refs/remotes/main [4ms]
2025-08-07 23:02:42.165 [info] > git for-each-ref --sort -committerdate --format %(refname)%00%(objectname)%00%(*objectname) [3ms]
2025-08-07 23:02:42.167 [info] > git status -z -uall [15ms]
2025-08-07 23:02:47.193 [info] > git config --get commit.template [11ms]
2025-08-07 23:02:47.194 [info] > git for-each-ref --format=%(refname)%00%(upstream:short)%00%(objectname)%00%(upstream:track)%00%(upstream:remotename)%00%(upstream:remoteref) refs/heads/main refs/remotes/main [2ms]
2025-08-07 23:02:47.222 [info] > git status -z -uall [16ms]
2025-08-07 23:02:47.222 [info] > git for-each-ref --sort -committerdate --format %(refname)%00%(objectname)%00%(*objectname) [5ms]
2025-08-07 23:02:52.250 [info] > git config --get commit.template [12ms]
2025-08-07 23:02:52.251 [info] > git for-each-ref --format=%(refname)%00%(upstream:short)%00%(objectname)%00%(upstream:track)%00%(upstream:remotename)%00%(upstream:remoteref) refs/heads/main refs/remotes/main [3ms]
2025-08-07 23:02:52.280 [info] > git for-each-ref --sort -committerdate --format %(refname)%00%(objectname)%00%(*objectname) [4ms]
2025-08-07 23:02:52.281 [info] > git status -z -uall [17ms]
2025-08-07 23:03:03.646 [info] > git config --get commit.template [11ms]
2025-08-07 23:03:03.648 [info] > git for-each-ref --format=%(refname)%00%(upstream:short)%00%(objectname)%00%(upstream:track)%00%(upstream:remotename)%00%(upstream:remoteref) refs/heads/main refs/remotes/main [3ms]
2025-08-07 23:03:03.673 [info] > git for-each-ref --sort -committerdate --format %(refname)%00%(objectname)%00%(*objectname) [1ms]
2025-08-07 23:03:03.680 [info] > git status -z -uall [23ms]
2025-08-07 23:03:24.820 [info] > git config --get commit.template [15ms]
2025-08-07 23:03:24.821 [info] > git for-each-ref --format=%(refname)%00%(upstream:short)%00%(objectname)%00%(upstream:track)%00%(upstream:remotename)%00%(upstream:remoteref) refs/heads/main refs/remotes/main [3ms]
2025-08-07 23:03:24.844 [info] > git for-each-ref --sort -committerdate --format %(refname)%00%(objectname)%00%(*objectname) [2ms]
2025-08-07 23:03:24.847 [info] > git status -z -uall [14ms]
2025-08-07 23:03:29.879 [info] > git config --get commit.template [16ms]
2025-08-07 23:03:29.884 [info] > git for-each-ref --format=%(refname)%00%(upstream:short)%00%(objectname)%00%(upstream:track)%00%(upstream:remotename)%00%(upstream:remoteref) refs/heads/main refs/remotes/main [6ms]
2025-08-07 23:03:29.916 [info] > git for-each-ref --sort -committerdate --format %(refname)%00%(objectname)%00%(*objectname) [3ms]
2025-08-07 23:03:29.917 [info] > git status -z -uall [15ms]
2025-08-07 23:03:38.810 [info] > git fetch [359ms]
2025-08-07 23:03:38.832 [info] > git config --get commit.template [11ms]
2025-08-07 23:03:38.834 [info] > git for-each-ref --format=%(refname)%00%(upstream:short)%00%(objectname)%00%(upstream:track)%00%(upstream:remotename)%00%(upstream:remoteref) refs/heads/main refs/remotes/main [2ms]
2025-08-07 23:03:38.854 [info] > git for-each-ref --sort -committerdate --format %(refname)%00%(objectname)%00%(*objectname) [3ms]
2025-08-07 23:03:38.857 [info] > git status -z -uall [14ms]
2025-08-07 23:03:40.051 [info] > git config --get commit.template [14ms]
2025-08-07 23:03:40.051 [info] > git for-each-ref --format=%(refname)%00%(upstream:short)%00%(objectname)%00%(upstream:track)%00%(upstream:remotename)%00%(upstream:remoteref) refs/heads/main refs/remotes/main [3ms]
2025-08-07 23:03:40.105 [info] > git status -z -uall [39ms]
2025-08-07 23:03:40.106 [info] > git for-each-ref --sort -committerdate --format %(refname)%00%(objectname)%00%(*objectname) [5ms]
2025-08-07 23:03:40.293 [info] > git ls-files --stage -- src/components/ui/icons/Icon.astro [4ms]
2025-08-07 23:03:40.310 [info] > git cat-file -s 67a96541a0ca20634afbe6121befbe7f5aa02c76 [3ms]
2025-08-07 23:03:40.576 [info] > git show --textconv :src/components/ui/icons/Icon.astro [9ms]
2025-08-07 23:03:54.028 [info] > git show --textconv :src/components/ui/icons/icons.ts [12ms]
2025-08-07 23:03:54.029 [info] > git ls-files --stage -- src/components/ui/icons/icons.ts [3ms]
2025-08-07 23:03:54.041 [info] > git cat-file -s 4d8da5dfc3ea0ca53c34f9b9e9a55446fbdcd0c3 [2ms]
2025-08-07 23:03:55.338 [info] > git blame --root --incremental 0d7a3a898007be1d8200d8db99d59472a2da8d06 -- src/components/ui/icons/icons.ts [4ms]
2025-08-07 23:04:01.565 [info] > git check-ignore -v -z --stdin [2ms]
2025-08-07 23:04:03.058 [info] > git show --textconv :src/components/ui/blocks/ReviewComponent.astro [9ms]
2025-08-07 23:04:03.060 [info] > git ls-files --stage -- src/components/ui/blocks/ReviewComponent.astro [2ms]
2025-08-07 23:04:03.072 [info] > git cat-file -s c79d645cf5b06f7d8d738a8f647f2d1cf0f0fd49 [1ms]
2025-08-07 23:04:03.655 [info] > git blame --root --incremental 0d7a3a898007be1d8200d8db99d59472a2da8d06 -- src/components/ui/blocks/ReviewComponent.astro [4ms]
2025-08-07 23:04:26.005 [info] > git check-ignore -v -z --stdin [2ms]
2025-08-07 23:04:28.026 [info] > git show --textconv :src/components/ui/stars/FullStar.astro [13ms]
2025-08-07 23:04:28.027 [info] > git ls-files --stage -- src/components/ui/stars/FullStar.astro [2ms]
2025-08-07 23:04:28.041 [info] > git cat-file -s 43034437dc0a9297e24e16c4ce8676d3e87f0723 [3ms]
2025-08-07 23:04:28.228 [info] > git blame --root --incremental 0d7a3a898007be1d8200d8db99d59472a2da8d06 -- src/components/ui/stars/FullStar.astro [4ms]
2025-08-07 23:04:41.917 [info] > git config --get commit.template [9ms]
2025-08-07 23:04:41.918 [info] > git for-each-ref --format=%(refname)%00%(upstream:short)%00%(objectname)%00%(upstream:track)%00%(upstream:remotename)%00%(upstream:remoteref) refs/heads/main refs/remotes/main [2ms]
2025-08-07 23:04:41.944 [info] > git for-each-ref --sort -committerdate --format %(refname)%00%(objectname)%00%(*objectname) [3ms]
2025-08-07 23:04:41.946 [info] > git status -z -uall [15ms]
2025-08-07 23:04:53.056 [info] > git config --get commit.template [11ms]
2025-08-07 23:04:53.058 [info] > git for-each-ref --format=%(refname)%00%(upstream:short)%00%(objectname)%00%(upstream:track)%00%(upstream:remotename)%00%(upstream:remoteref) refs/heads/main refs/remotes/main [2ms]
2025-08-07 23:04:53.098 [info] > git status -z -uall [27ms]
2025-08-07 23:04:53.102 [info] > git for-each-ref --sort -committerdate --format %(refname)%00%(objectname)%00%(*objectname) [3ms]
2025-08-07 23:05:08.045 [info] > git show --textconv :src/components/ui/blocks/ReviewComponent.astro [10ms]
2025-08-07 23:05:08.046 [info] > git ls-files --stage -- src/components/ui/blocks/ReviewComponent.astro [1ms]
2025-08-07 23:05:08.057 [info] > git cat-file -s c79d645cf5b06f7d8d738a8f647f2d1cf0f0fd49 [2ms]
2025-08-07 23:05:13.308 [info] > git check-ignore -v -z --stdin [2ms]
2025-08-07 23:05:14.415 [info] > git show --textconv :src/components/ui/stars/HalfStar.astro [9ms]
2025-08-07 23:05:14.417 [info] > git ls-files --stage -- src/components/ui/stars/HalfStar.astro [1ms]
2025-08-07 23:05:14.428 [info] > git cat-file -s 7b9c8040d92369ff866cb66966ca3b31b0bf69dd [2ms]
2025-08-07 23:05:14.572 [info] > git blame --root --incremental 0d7a3a898007be1d8200d8db99d59472a2da8d06 -- src/components/ui/stars/HalfStar.astro [6ms]
2025-08-07 23:05:22.019 [info] > git config --get commit.template [11ms]
2025-08-07 23:05:22.021 [info] > git for-each-ref --format=%(refname)%00%(upstream:short)%00%(objectname)%00%(upstream:track)%00%(upstream:remotename)%00%(upstream:remoteref) refs/heads/main refs/remotes/main [3ms]
2025-08-07 23:05:22.045 [info] > git for-each-ref --sort -committerdate --format %(refname)%00%(objectname)%00%(*objectname) [3ms]
2025-08-07 23:05:22.046 [info] > git status -z -uall [14ms]
2025-08-07 23:05:27.074 [info] > git config --get commit.template [13ms]
2025-08-07 23:05:27.080 [info] > git for-each-ref --format=%(refname)%00%(upstream:short)%00%(objectname)%00%(upstream:track)%00%(upstream:remotename)%00%(upstream:remoteref) refs/heads/main refs/remotes/main [8ms]
2025-08-07 23:05:27.106 [info] > git for-each-ref --sort -committerdate --format %(refname)%00%(objectname)%00%(*objectname) [3ms]
2025-08-07 23:05:27.108 [info] > git status -z -uall [16ms]
2025-08-07 23:05:30.664 [info] > git show --textconv :src/components/ui/blocks/ReviewComponent.astro [10ms]
2025-08-07 23:05:30.666 [info] > git ls-files --stage -- src/components/ui/blocks/ReviewComponent.astro [2ms]
2025-08-07 23:05:30.688 [info] > git cat-file -s c79d645cf5b06f7d8d738a8f647f2d1cf0f0fd49 [2ms]
2025-08-07 23:05:34.994 [info] > git check-ignore -v -z --stdin [2ms]
2025-08-07 23:05:35.337 [info] > git show --textconv :src/components/ui/avatars/Avatar.astro [19ms]
2025-08-07 23:05:35.337 [info] > git ls-files --stage -- src/components/ui/avatars/Avatar.astro [6ms]
2025-08-07 23:05:35.351 [info] > git cat-file -s 109939d1dfaff31e8d60f8908329287e4ffcd2b1 [2ms]
2025-08-07 23:05:35.697 [info] > git blame --root --incremental 0d7a3a898007be1d8200d8db99d59472a2da8d06 -- src/components/ui/avatars/Avatar.astro [3ms]
2025-08-07 23:05:55.347 [info] > git config --get commit.template [12ms]
2025-08-07 23:05:55.348 [info] > git for-each-ref --format=%(refname)%00%(upstream:short)%00%(objectname)%00%(upstream:track)%00%(upstream:remotename)%00%(upstream:remoteref) refs/heads/main refs/remotes/main [3ms]
2025-08-07 23:05:55.372 [info] > git for-each-ref --sort -committerdate --format %(refname)%00%(objectname)%00%(*objectname) [5ms]
2025-08-07 23:05:55.380 [info] > git status -z -uall [23ms]
2025-08-07 23:06:00.420 [info] > git config --get commit.template [11ms]
2025-08-07 23:06:00.421 [info] > git for-each-ref --format=%(refname)%00%(upstream:short)%00%(objectname)%00%(upstream:track)%00%(upstream:remotename)%00%(upstream:remoteref) refs/heads/main refs/remotes/main [2ms]
2025-08-07 23:06:00.446 [info] > git status -z -uall [14ms]
2025-08-07 23:06:00.449 [info] > git for-each-ref --sort -committerdate --format %(refname)%00%(objectname)%00%(*objectname) [4ms]
2025-08-07 23:06:05.477 [info] > git config --get commit.template [13ms]
2025-08-07 23:06:05.482 [info] > git for-each-ref --format=%(refname)%00%(upstream:short)%00%(objectname)%00%(upstream:track)%00%(upstream:remotename)%00%(upstream:remoteref) refs/heads/main refs/remotes/main [7ms]
2025-08-07 23:06:05.513 [info] > git for-each-ref --sort -committerdate --format %(refname)%00%(objectname)%00%(*objectname) [3ms]
2025-08-07 23:06:05.515 [info] > git status -z -uall [14ms]
2025-08-07 23:06:17.734 [info] > git show --textconv :src/components/ui/blocks/ReviewComponent.astro [17ms]
2025-08-07 23:06:17.737 [info] > git ls-files --stage -- src/components/ui/blocks/ReviewComponent.astro [4ms]
2025-08-07 23:06:17.756 [info] > git cat-file -s c79d645cf5b06f7d8d738a8f647f2d1cf0f0fd49 [3ms]
2025-08-07 23:06:30.616 [info] > git config --get commit.template [13ms]
2025-08-07 23:06:30.618 [info] > git for-each-ref --format=%(refname)%00%(upstream:short)%00%(objectname)%00%(upstream:track)%00%(upstream:remotename)%00%(upstream:remoteref) refs/heads/main refs/remotes/main [3ms]
2025-08-07 23:06:30.645 [info] > git status -z -uall [14ms]
2025-08-07 23:06:30.646 [info] > git for-each-ref --sort -committerdate --format %(refname)%00%(objectname)%00%(*objectname) [3ms]
2025-08-07 23:06:35.688 [info] > git config --get commit.template [28ms]
2025-08-07 23:06:35.689 [info] > git for-each-ref --format=%(refname)%00%(upstream:short)%00%(objectname)%00%(upstream:track)%00%(upstream:remotename)%00%(upstream:remoteref) refs/heads/main refs/remotes/main [6ms]
2025-08-07 23:06:35.722 [info] > git status -z -uall [14ms]
2025-08-07 23:06:35.722 [info] > git for-each-ref --sort -committerdate --format %(refname)%00%(objectname)%00%(*objectname) [3ms]
2025-08-07 23:06:39.220 [info] > git fetch [343ms]
2025-08-07 23:06:39.246 [info] > git config --get commit.template [12ms]
2025-08-07 23:06:39.248 [info] > git for-each-ref --format=%(refname)%00%(upstream:short)%00%(objectname)%00%(upstream:track)%00%(upstream:remotename)%00%(upstream:remoteref) refs/heads/main refs/remotes/main [3ms]
2025-08-07 23:06:39.281 [info] > git status -z -uall [20ms]
2025-08-07 23:06:39.283 [info] > git for-each-ref --sort -committerdate --format %(refname)%00%(objectname)%00%(*objectname) [5ms]
2025-08-07 23:06:40.748 [info] > git config --get commit.template [11ms]
2025-08-07 23:06:40.749 [info] > git for-each-ref --format=%(refname)%00%(upstream:short)%00%(objectname)%00%(upstream:track)%00%(upstream:remotename)%00%(upstream:remoteref) refs/heads/main refs/remotes/main [2ms]
2025-08-07 23:06:40.774 [info] > git status -z -uall [15ms]
2025-08-07 23:06:40.775 [info] > git for-each-ref --sort -committerdate --format %(refname)%00%(objectname)%00%(*objectname) [4ms]
2025-08-07 23:06:40.923 [info] > git ls-files --stage -- src/components/ui/blocks/ReviewComponent.astro [4ms]
2025-08-07 23:06:40.938 [info] > git cat-file -s c79d645cf5b06f7d8d738a8f647f2d1cf0f0fd49 [2ms]
2025-08-07 23:06:41.077 [info] > git show --textconv :src/components/ui/blocks/ReviewComponent.astro [3ms]
2025-08-07 23:06:45.809 [info] > git config --get commit.template [10ms]
2025-08-07 23:06:45.810 [info] > git for-each-ref --format=%(refname)%00%(upstream:short)%00%(objectname)%00%(upstream:track)%00%(upstream:remotename)%00%(upstream:remoteref) refs/heads/main refs/remotes/main [2ms]
2025-08-07 23:06:45.832 [info] > git for-each-ref --sort -committerdate --format %(refname)%00%(objectname)%00%(*objectname) [3ms]
2025-08-07 23:06:45.834 [info] > git status -z -uall [14ms]
2025-08-07 23:07:01.698 [info] > git config --get commit.template [19ms]
2025-08-07 23:07:01.702 [info] > git for-each-ref --format=%(refname)%00%(upstream:short)%00%(objectname)%00%(upstream:track)%00%(upstream:remotename)%00%(upstream:remoteref) refs/heads/main refs/remotes/main [5ms]
2025-08-07 23:07:01.737 [info] > git for-each-ref --sort -committerdate --format %(refname)%00%(objectname)%00%(*objectname) [4ms]
2025-08-07 23:07:01.741 [info] > git status -z -uall [24ms]
2025-08-07 23:08:00.360 [info] > git config --get commit.template [11ms]
2025-08-07 23:08:00.361 [info] > git for-each-ref --format=%(refname)%00%(upstream:short)%00%(objectname)%00%(upstream:track)%00%(upstream:remotename)%00%(upstream:remoteref) refs/heads/main refs/remotes/main [2ms]
2025-08-07 23:08:00.383 [info] > git for-each-ref --sort -committerdate --format %(refname)%00%(objectname)%00%(*objectname) [3ms]
2025-08-07 23:08:00.386 [info] > git status -z -uall [16ms]
2025-08-07 23:08:05.416 [info] > git config --get commit.template [13ms]
2025-08-07 23:08:05.417 [info] > git for-each-ref --format=%(refname)%00%(upstream:short)%00%(objectname)%00%(upstream:track)%00%(upstream:remotename)%00%(upstream:remoteref) refs/heads/main refs/remotes/main [2ms]
2025-08-07 23:08:05.442 [info] > git for-each-ref --sort -committerdate --format %(refname)%00%(objectname)%00%(*objectname) [3ms]
2025-08-07 23:08:05.443 [info] > git status -z -uall [14ms]
2025-08-07 23:08:27.785 [info] > git config --get commit.template [11ms]
2025-08-07 23:08:27.788 [info] > git for-each-ref --format=%(refname)%00%(upstream:short)%00%(objectname)%00%(upstream:track)%00%(upstream:remotename)%00%(upstream:remoteref) refs/heads/main refs/remotes/main [2ms]
2025-08-07 23:08:27.808 [info] > git for-each-ref --sort -committerdate --format %(refname)%00%(objectname)%00%(*objectname) [3ms]
2025-08-07 23:08:27.811 [info] > git status -z -uall [14ms]
2025-08-07 23:08:32.835 [info] > git config --get commit.template [10ms]
2025-08-07 23:08:32.837 [info] > git for-each-ref --format=%(refname)%00%(upstream:short)%00%(objectname)%00%(upstream:track)%00%(upstream:remotename)%00%(upstream:remoteref) refs/heads/main refs/remotes/main [2ms]
2025-08-07 23:08:32.857 [info] > git for-each-ref --sort -committerdate --format %(refname)%00%(objectname)%00%(*objectname) [3ms]
2025-08-07 23:08:32.859 [info] > git status -z -uall [14ms]
2025-08-07 23:08:37.884 [info] > git config --get commit.template [11ms]
2025-08-07 23:08:37.886 [info] > git for-each-ref --format=%(refname)%00%(upstream:short)%00%(objectname)%00%(upstream:track)%00%(upstream:remotename)%00%(upstream:remoteref) refs/heads/main refs/remotes/main [3ms]
2025-08-07 23:08:37.912 [info] > git for-each-ref --sort -committerdate --format %(refname)%00%(objectname)%00%(*objectname) [4ms]
2025-08-07 23:08:37.913 [info] > git status -z -uall [15ms]
2025-08-07 23:08:42.936 [info] > git config --get commit.template [9ms]
2025-08-07 23:08:42.940 [info] > git for-each-ref --format=%(refname)%00%(upstream:short)%00%(objectname)%00%(upstream:track)%00%(upstream:remotename)%00%(upstream:remoteref) refs/heads/main refs/remotes/main [4ms]
2025-08-07 23:08:42.962 [info] > git for-each-ref --sort -committerdate --format %(refname)%00%(objectname)%00%(*objectname) [3ms]
2025-08-07 23:08:42.965 [info] > git status -z -uall [15ms]
2025-08-07 23:08:47.991 [info] > git config --get commit.template [11ms]
2025-08-07 23:08:47.993 [info] > git for-each-ref --format=%(refname)%00%(upstream:short)%00%(objectname)%00%(upstream:track)%00%(upstream:remotename)%00%(upstream:remoteref) refs/heads/main refs/remotes/main [3ms]
2025-08-07 23:08:48.012 [info] > git for-each-ref --sort -committerdate --format %(refname)%00%(objectname)%00%(*objectname) [2ms]
2025-08-07 23:08:48.015 [info] > git status -z -uall [14ms]
2025-08-07 23:08:54.908 [info] > git config --get commit.template [2ms]
2025-08-07 23:08:54.925 [info] > git for-each-ref --format=%(refname)%00%(upstream:short)%00%(objectname)%00%(upstream:track)%00%(upstream:remotename)%00%(upstream:remoteref) refs/heads/main refs/remotes/main [2ms]
2025-08-07 23:08:54.953 [info] > git status -z -uall [15ms]
2025-08-07 23:08:54.955 [info] > git for-each-ref --sort -committerdate --format %(refname)%00%(objectname)%00%(*objectname) [3ms]
2025-08-07 23:09:00.004 [info] > git config --get commit.template [25ms]
2025-08-07 23:09:00.005 [info] > git for-each-ref --format=%(refname)%00%(upstream:short)%00%(objectname)%00%(upstream:track)%00%(upstream:remotename)%00%(upstream:remoteref) refs/heads/main refs/remotes/main [5ms]
2025-08-07 23:09:00.050 [info] > git status -z -uall [24ms]
2025-08-07 23:09:00.053 [info] > git for-each-ref --sort -committerdate --format %(refname)%00%(objectname)%00%(*objectname) [7ms]
2025-08-07 23:09:05.082 [info] > git for-each-ref --format=%(refname)%00%(upstream:short)%00%(objectname)%00%(upstream:track)%00%(upstream:remotename)%00%(upstream:remoteref) refs/heads/main refs/remotes/main [3ms]
2025-08-07 23:09:05.082 [info] > git config --get commit.template [13ms]
2025-08-07 23:09:05.103 [info] > git for-each-ref --sort -committerdate --format %(refname)%00%(objectname)%00%(*objectname) [3ms]
2025-08-07 23:09:05.106 [info] > git status -z -uall [14ms]
2025-08-07 23:09:10.132 [info] > git config --get commit.template [11ms]
2025-08-07 23:09:10.134 [info] > git for-each-ref --format=%(refname)%00%(upstream:short)%00%(objectname)%00%(upstream:track)%00%(upstream:remotename)%00%(upstream:remoteref) refs/heads/main refs/remotes/main [2ms]
2025-08-07 23:09:10.157 [info] > git status -z -uall [14ms]
2025-08-07 23:09:10.158 [info] > git for-each-ref --sort -committerdate --format %(refname)%00%(objectname)%00%(*objectname) [4ms]
2025-08-07 23:09:39.633 [info] > git fetch [336ms]
2025-08-07 23:09:39.657 [info] > git config --get commit.template [12ms]
2025-08-07 23:09:39.659 [info] > git for-each-ref --format=%(refname)%00%(upstream:short)%00%(objectname)%00%(upstream:track)%00%(upstream:remotename)%00%(upstream:remoteref) refs/heads/main refs/remotes/main [2ms]
2025-08-07 23:09:39.685 [info] > git for-each-ref --sort -committerdate --format %(refname)%00%(objectname)%00%(*objectname) [3ms]
2025-08-07 23:09:39.685 [info] > git status -z -uall [14ms]
2025-08-07 23:09:41.308 [info] > git config --get commit.template [2ms]
2025-08-07 23:09:41.322 [info] > git for-each-ref --format=%(refname)%00%(upstream:short)%00%(objectname)%00%(upstream:track)%00%(upstream:remotename)%00%(upstream:remoteref) refs/heads/main refs/remotes/main [2ms]
2025-08-07 23:09:41.349 [info] > git status -z -uall [14ms]
2025-08-07 23:09:41.350 [info] > git for-each-ref --sort -committerdate --format %(refname)%00%(objectname)%00%(*objectname) [3ms]
2025-08-07 23:09:41.518 [info] > git ls-files --stage -- src/components/ui/blocks/ReviewComponent.astro [2ms]
2025-08-07 23:09:41.529 [info] > git cat-file -s c79d645cf5b06f7d8d738a8f647f2d1cf0f0fd49 [2ms]
2025-08-07 23:09:41.643 [info] > git show --textconv :src/components/ui/blocks/ReviewComponent.astro [2ms]
2025-08-07 23:09:55.578 [info] > git config --get commit.template [25ms]
2025-08-07 23:09:55.579 [info] > git for-each-ref --format=%(refname)%00%(upstream:short)%00%(objectname)%00%(upstream:track)%00%(upstream:remotename)%00%(upstream:remoteref) refs/heads/main refs/remotes/main [4ms]
2025-08-07 23:09:55.601 [info] > git for-each-ref --sort -committerdate --format %(refname)%00%(objectname)%00%(*objectname) [3ms]
2025-08-07 23:09:55.602 [info] > git status -z -uall [14ms]
2025-08-07 23:10:00.628 [info] > git config --get commit.template [10ms]
2025-08-07 23:10:00.630 [info] > git for-each-ref --format=%(refname)%00%(upstream:short)%00%(objectname)%00%(upstream:track)%00%(upstream:remotename)%00%(upstream:remoteref) refs/heads/main refs/remotes/main [2ms]
2025-08-07 23:10:00.651 [info] > git for-each-ref --sort -committerdate --format %(refname)%00%(objectname)%00%(*objectname) [3ms]
2025-08-07 23:10:00.653 [info] > git status -z -uall [14ms]
2025-08-07 23:10:28.803 [info] > git config --get commit.template [10ms]
2025-08-07 23:10:28.805 [info] > git for-each-ref --format=%(refname)%00%(upstream:short)%00%(objectname)%00%(upstream:track)%00%(upstream:remotename)%00%(upstream:remoteref) refs/heads/main refs/remotes/main [3ms]
2025-08-07 23:10:28.830 [info] > git status -z -uall [14ms]
2025-08-07 23:10:28.831 [info] > git for-each-ref --sort -committerdate --format %(refname)%00%(objectname)%00%(*objectname) [4ms]
2025-08-07 23:10:33.857 [info] > git config --get commit.template [11ms]
2025-08-07 23:10:33.858 [info] > git for-each-ref --format=%(refname)%00%(upstream:short)%00%(objectname)%00%(upstream:track)%00%(upstream:remotename)%00%(upstream:remoteref) refs/heads/main refs/remotes/main [2ms]
2025-08-07 23:10:33.879 [info] > git for-each-ref --sort -committerdate --format %(refname)%00%(objectname)%00%(*objectname) [3ms]
2025-08-07 23:10:33.881 [info] > git status -z -uall [14ms]
2025-08-07 23:10:39.166 [info] > git config --get commit.template [13ms]
2025-08-07 23:10:39.169 [info] > git for-each-ref --format=%(refname)%00%(upstream:short)%00%(objectname)%00%(upstream:track)%00%(upstream:remotename)%00%(upstream:remoteref) refs/heads/main refs/remotes/main [2ms]
2025-08-07 23:10:39.195 [info] > git status -z -uall [14ms]
2025-08-07 23:10:39.197 [info] > git for-each-ref --sort -committerdate --format %(refname)%00%(objectname)%00%(*objectname) [4ms]
2025-08-07 23:10:47.818 [info] > git config --get commit.template [12ms]
2025-08-07 23:10:47.820 [info] > git for-each-ref --format=%(refname)%00%(upstream:short)%00%(objectname)%00%(upstream:track)%00%(upstream:remotename)%00%(upstream:remoteref) refs/heads/main refs/remotes/main [2ms]
2025-08-07 23:10:47.842 [info] > git for-each-ref --sort -committerdate --format %(refname)%00%(objectname)%00%(*objectname) [3ms]
2025-08-07 23:10:47.844 [info] > git status -z -uall [14ms]
2025-08-07 23:11:08.777 [info] > git config --get commit.template [12ms]
2025-08-07 23:11:08.778 [info] > git for-each-ref --format=%(refname)%00%(upstream:short)%00%(objectname)%00%(upstream:track)%00%(upstream:remotename)%00%(upstream:remoteref) refs/heads/main refs/remotes/main [3ms]
2025-08-07 23:11:08.799 [info] > git for-each-ref --sort -committerdate --format %(refname)%00%(objectname)%00%(*objectname) [3ms]
2025-08-07 23:11:08.801 [info] > git status -z -uall [14ms]
2025-08-07 23:11:51.787 [info] > git show --textconv :src/components/ui/icons/icons.ts [9ms]
2025-08-07 23:11:51.789 [info] > git ls-files --stage -- src/components/ui/icons/icons.ts [2ms]
2025-08-07 23:11:51.799 [info] > git cat-file -s 4d8da5dfc3ea0ca53c34f9b9e9a55446fbdcd0c3 [2ms]
2025-08-07 23:12:41.186 [info] > git fetch [324ms]
2025-08-07 23:12:41.212 [info] > git config --get commit.template [12ms]
2025-08-07 23:12:41.214 [info] > git for-each-ref --format=%(refname)%00%(upstream:short)%00%(objectname)%00%(upstream:track)%00%(upstream:remotename)%00%(upstream:remoteref) refs/heads/main refs/remotes/main [2ms]
2025-08-07 23:12:41.240 [info] > git status -z -uall [15ms]
2025-08-07 23:12:41.241 [info] > git for-each-ref --sort -committerdate --format %(refname)%00%(objectname)%00%(*objectname) [3ms]
2025-08-07 23:12:50.417 [info] > git config --get commit.template [10ms]
2025-08-07 23:12:50.419 [info] > git for-each-ref --format=%(refname)%00%(upstream:short)%00%(objectname)%00%(upstream:track)%00%(upstream:remotename)%00%(upstream:remoteref) refs/heads/main refs/remotes/main [2ms]
2025-08-07 23:12:50.440 [info] > git for-each-ref --sort -committerdate --format %(refname)%00%(objectname)%00%(*objectname) [3ms]
2025-08-07 23:12:50.442 [info] > git status -z -uall [14ms]
2025-08-07 23:12:50.621 [info] > git ls-files --stage -- src/components/ui/icons/icons.ts [1ms]
2025-08-07 23:12:50.632 [info] > git cat-file -s 4d8da5dfc3ea0ca53c34f9b9e9a55446fbdcd0c3 [2ms]
2025-08-07 23:12:51.182 [info] > git show --textconv :src/components/ui/icons/icons.ts [3ms]
2025-08-07 23:13:46.758 [info] > git check-ignore -v -z --stdin [2ms]
