2025-08-09 14:58:08.753 [info] Extension host with pid 4318 started
2025-08-09 14:58:08.753 [info] Lock '/workspace/.vscode-remote/data/User/workspaceStorage/1cafd87f/vscode.lock': Lock acquired.
2025-08-09 14:58:10.254 [info] ExtensionService#_doActivateExtension vscode.simple-browser, startup: false, activationEvent: 'onWebviewPanel:simpleBrowser.view'
2025-08-09 14:58:10.255 [info] ExtensionService#_doActivateExtension astro-build.astro-vscode, startup: false, activationEvent: 'onLanguage:astro'
2025-08-09 14:58:10.255 [info] ExtensionService#_doActivateExtension vscode.emmet, startup: false, activationEvent: 'onLanguage'
2025-08-09 14:58:11.257 [info] ExtensionService#_doActivateExtension vscode.git-base, startup: true, activationEvent: '*', root cause: vscode.git
2025-08-09 14:58:11.258 [info] ExtensionService#_doActivateExtension gitpod.gitpod-web, startup: true, activationEvent: '*'
2025-08-09 14:58:11.392 [info] ExtensionService#_doActivateExtension vscode.npm, startup: true, activationEvent: 'workspaceContains:package.json'
2025-08-09 14:58:15.107 [info] ExtensionService#_doActivateExtension vscode.git, startup: true, activationEvent: '*'
2025-08-09 14:58:15.107 [info] ExtensionService#_doActivateExtension vscode.github, startup: true, activationEvent: '*'
2025-08-09 14:58:15.833 [warning] [Decorations] CAPPING events from decorations provider vscode.git 263
2025-08-09 14:58:16.006 [warning] [Decorations] CAPPING events from decorations provider vscode.git 263
2025-08-09 14:58:16.216 [info] Eager extensions activated
2025-08-09 14:58:16.217 [info] ExtensionService#_doActivateExtension vscode.debug-auto-launch, startup: false, activationEvent: 'onStartupFinished'
2025-08-09 14:58:16.217 [info] ExtensionService#_doActivateExtension vscode.merge-conflict, startup: false, activationEvent: 'onStartupFinished'
2025-08-09 14:58:16.218 [info] ExtensionService#_doActivateExtension bradlc.vscode-tailwindcss, startup: false, activationEvent: 'onStartupFinished'
2025-08-09 14:58:16.218 [info] ExtensionService#_doActivateExtension Codeium.codeium, startup: false, activationEvent: 'onStartupFinished'
2025-08-09 14:58:16.218 [info] ExtensionService#_doActivateExtension esbenp.prettier-vscode, startup: false, activationEvent: 'onStartupFinished'
2025-08-09 14:58:16.218 [info] ExtensionService#_doActivateExtension vscode.github-authentication, startup: false, activationEvent: 'onStartupFinished', root cause: GitHub.vscode-pull-request-github
2025-08-09 14:58:16.218 [info] ExtensionService#_doActivateExtension PKief.material-icon-theme, startup: false, activationEvent: 'onStartupFinished'
2025-08-09 14:58:17.664 [warning] [Decorations] CAPPING events from decorations provider vscode.git 263
2025-08-09 14:58:18.213 [info] ExtensionService#_doActivateExtension redhat.vscode-yaml, startup: false, activationEvent: 'onLanguage:yaml'
2025-08-09 14:58:18.694 [info] ExtensionService#_doActivateExtension GitHub.vscode-pull-request-github, startup: false, activationEvent: 'onStartupFinished'
2025-08-09 14:58:19.276 [warning] [Decorations] CAPPING events from decorations provider vscode.git 263
2025-08-09 14:58:21.196 [warning] [redhat.vscode-yaml] Accessing a resource scoped configuration without providing a resource is not expected. To get the effective value for '[yaml]', provide the URI of a resource or 'null' for any resource.
2025-08-09 14:58:21.197 [warning] [redhat.vscode-yaml] Accessing a resource scoped configuration without providing a resource is not expected. To get the effective value for '[yaml]', provide the URI of a resource or 'null' for any resource.
2025-08-09 14:58:23.765 [warning] [redhat.vscode-yaml] Accessing a resource scoped configuration without providing a resource is not expected. To get the effective value for '[yaml]', provide the URI of a resource or 'null' for any resource.
2025-08-09 14:58:23.902 [info] ExtensionService#_doActivateExtension vscode.configuration-editing, startup: false, activationEvent: 'onLanguage:json'
2025-08-09 14:58:23.902 [info] ExtensionService#_doActivateExtension vscode.extension-editing, startup: false, activationEvent: 'onLanguage:json'
2025-08-09 14:58:23.902 [info] ExtensionService#_doActivateExtension vscode.json-language-features, startup: false, activationEvent: 'onLanguage:json'
2025-08-09 14:58:25.139 [warning] [redhat.vscode-yaml] Accessing a resource scoped configuration without providing a resource is not expected. To get the effective value for '[yaml]', provide the URI of a resource or 'null' for any resource.
2025-08-09 14:58:25.251 [warning] [redhat.vscode-yaml] Accessing a resource scoped configuration without providing a resource is not expected. To get the effective value for '[yaml]', provide the URI of a resource or 'null' for any resource.
2025-08-09 14:58:25.377 [warning] [redhat.vscode-yaml] Accessing a resource scoped configuration without providing a resource is not expected. To get the effective value for '[yaml]', provide the URI of a resource or 'null' for any resource.
2025-08-09 14:58:25.482 [warning] [redhat.vscode-yaml] Accessing a resource scoped configuration without providing a resource is not expected. To get the effective value for '[yaml]', provide the URI of a resource or 'null' for any resource.
2025-08-09 14:58:25.507 [warning] [redhat.vscode-yaml] Accessing a resource scoped configuration without providing a resource is not expected. To get the effective value for '[yaml]', provide the URI of a resource or 'null' for any resource.
2025-08-09 14:58:26.847 [info] ExtensionService#_doActivateExtension vscode.typescript-language-features, startup: false, activationEvent: 'onLanguage:jsonc'
2025-08-09 14:58:28.450 [warning] [redhat.vscode-yaml] Accessing a resource scoped configuration without providing a resource is not expected. To get the effective value for '[yaml]', provide the URI of a resource or 'null' for any resource.
2025-08-09 14:58:28.985 [info] ExtensionService#_doActivateExtension vscode.css-language-features, startup: false, activationEvent: 'onLanguage:css'
2025-08-09 14:58:31.321 [warning] [redhat.vscode-yaml] Accessing a resource scoped configuration without providing a resource is not expected. To get the effective value for '[yaml]', provide the URI of a resource or 'null' for any resource.
2025-08-09 14:58:54.715 [warning] [Decorations] CAPPING events from decorations provider vscode.git 264
2025-08-09 14:59:33.705 [warning] [Decorations] CAPPING events from decorations provider vscode.git 265
2025-08-09 15:00:00.662 [warning] [Decorations] CAPPING events from decorations provider vscode.git 266
2025-08-09 15:00:28.369 [warning] [Decorations] CAPPING events from decorations provider vscode.git 266
2025-08-09 15:01:18.062 [warning] [Decorations] CAPPING events from decorations provider vscode.git 266
2025-08-09 15:01:20.600 [warning] [Decorations] CAPPING events from decorations provider vscode.git 266
2025-08-09 15:01:25.666 [warning] [Decorations] CAPPING events from decorations provider vscode.git 266
2025-08-09 15:01:30.715 [warning] [Decorations] CAPPING events from decorations provider vscode.git 266
2025-08-09 15:01:37.940 [warning] [Decorations] CAPPING events from decorations provider vscode.git 266
2025-08-09 15:01:42.991 [warning] [Decorations] CAPPING events from decorations provider vscode.git 266
2025-08-09 15:02:23.662 [warning] [Decorations] CAPPING events from decorations provider vscode.git 266
2025-08-09 15:03:41.461 [warning] [Decorations] CAPPING events from decorations provider vscode.git 266
2025-08-09 15:04:00.733 [warning] [Decorations] CAPPING events from decorations provider vscode.git 265
2025-08-09 15:04:09.334 [warning] [Decorations] CAPPING events from decorations provider vscode.git 265
2025-08-09 15:04:14.383 [warning] [Decorations] CAPPING events from decorations provider vscode.git 265
2025-08-09 15:04:18.499 [warning] [Decorations] CAPPING events from decorations provider vscode.git 265
2025-08-09 15:04:19.477 [warning] [Decorations] CAPPING events from decorations provider vscode.git 265
2025-08-09 15:04:24.524 [warning] [Decorations] CAPPING events from decorations provider vscode.git 265
2025-08-09 15:04:37.553 [warning] [Decorations] CAPPING events from decorations provider vscode.git 265
2025-08-09 15:04:42.604 [warning] [Decorations] CAPPING events from decorations provider vscode.git 265
2025-08-09 15:04:56.073 [warning] [Decorations] CAPPING events from decorations provider vscode.git 265
2025-08-09 15:05:01.125 [warning] [Decorations] CAPPING events from decorations provider vscode.git 265
2025-08-09 15:05:11.022 [warning] [Decorations] CAPPING events from decorations provider vscode.git 265
2025-08-09 15:05:16.079 [warning] [Decorations] CAPPING events from decorations provider vscode.git 265
2025-08-09 15:05:21.135 [warning] [Decorations] CAPPING events from decorations provider vscode.git 265
2025-08-09 15:05:26.192 [warning] [Decorations] CAPPING events from decorations provider vscode.git 265
2025-08-09 15:05:39.475 [warning] [Decorations] CAPPING events from decorations provider vscode.git 265
2025-08-09 15:05:44.540 [warning] [Decorations] CAPPING events from decorations provider vscode.git 265
2025-08-09 15:05:49.593 [warning] [Decorations] CAPPING events from decorations provider vscode.git 265
2025-08-09 15:06:09.225 [warning] Illegal argument: TextEditor(vs.editor.ICodeEditor:1,$model1)
2025-08-09 15:06:10.593 [warning] [Decorations] CAPPING events from decorations provider vscode.git 265
2025-08-09 15:06:19.487 [warning] [Decorations] CAPPING events from decorations provider vscode.git 265
2025-08-09 15:06:27.660 [warning] [Decorations] CAPPING events from decorations provider vscode.git 265
2025-08-09 15:06:32.718 [warning] [Decorations] CAPPING events from decorations provider vscode.git 265
2025-08-09 15:06:37.768 [warning] [Decorations] CAPPING events from decorations provider vscode.git 265
2025-08-09 15:06:42.822 [warning] [Decorations] CAPPING events from decorations provider vscode.git 265
2025-08-09 15:06:52.769 [warning] [Decorations] CAPPING events from decorations provider vscode.git 265
2025-08-09 15:07:07.813 [warning] [Decorations] CAPPING events from decorations provider vscode.git 265
2025-08-09 15:07:35.953 [warning] [Decorations] CAPPING events from decorations provider vscode.git 265
2025-08-09 15:07:36.298 [warning] [Decorations] CAPPING events from decorations provider vscode.git 265
2025-08-09 15:07:41.035 [warning] [Decorations] CAPPING events from decorations provider vscode.git 265
2025-08-09 15:07:59.574 [warning] [Decorations] CAPPING events from decorations provider vscode.git 265
2025-08-09 15:09:24.970 [warning] [Decorations] CAPPING events from decorations provider vscode.git 265
2025-08-09 15:16:21.823 [info] Extension host terminating: renderer disconnected for too long (2)
2025-08-09 15:16:21.826 [info] Lock '/workspace/.vscode-remote/data/User/workspaceStorage/1cafd87f/vscode.lock': Marking the lockfile as scheduled to be released in 6000 ms.
2025-08-09 15:16:21.854 [error] ProxyResolver#resolveProxy undefined Canceled: Canceled
	at el (file:///ide/out/vs/workbench/api/node/extensionHostProcess.js:7:1556)
	at file:///ide/out/vs/workbench/api/node/extensionHostProcess.js:29:138942
	at Array.forEach (<anonymous>)
	at cS.dispose (file:///ide/out/vs/workbench/api/node/extensionHostProcess.js:29:138848)
	at KG.terminate (file:///ide/out/vs/workbench/api/node/extensionHostProcess.js:117:12333)
	at Y8.terminate (file:///ide/out/vs/workbench/api/node/extensionHostProcess.js:119:1082)
	at us (file:///ide/out/vs/workbench/api/node/extensionHostProcess.js:356:10566)
	at cE.runner (file:///ide/out/vs/workbench/api/node/extensionHostProcess.js:356:7378)
	at cE.onInterval (file:///ide/out/vs/workbench/api/node/extensionHostProcess.js:28:78950)
	at listOnTimeout (node:internal/timers:588:17)
	at process.processTimers (node:internal/timers:523:7) 
2025-08-09 15:16:21.855 [error] ProxyResolver#resolveProxy undefined Canceled: Canceled
	at el (file:///ide/out/vs/workbench/api/node/extensionHostProcess.js:7:1556)
	at file:///ide/out/vs/workbench/api/node/extensionHostProcess.js:29:138942
	at Array.forEach (<anonymous>)
	at cS.dispose (file:///ide/out/vs/workbench/api/node/extensionHostProcess.js:29:138848)
	at KG.terminate (file:///ide/out/vs/workbench/api/node/extensionHostProcess.js:117:12333)
	at Y8.terminate (file:///ide/out/vs/workbench/api/node/extensionHostProcess.js:119:1082)
	at us (file:///ide/out/vs/workbench/api/node/extensionHostProcess.js:356:10566)
	at cE.runner (file:///ide/out/vs/workbench/api/node/extensionHostProcess.js:356:7378)
	at cE.onInterval (file:///ide/out/vs/workbench/api/node/extensionHostProcess.js:28:78950)
	at listOnTimeout (node:internal/timers:588:17)
	at process.processTimers (node:internal/timers:523:7) 
2025-08-09 15:16:21.927 [error] Error: Channel has been closed
	at n (file:///ide/out/vs/workbench/api/node/extensionHostProcess.js:120:3673)
	at Object.info (file:///ide/out/vs/workbench/api/node/extensionHostProcess.js:120:4043)
	at T.info (/ide/extensions/json-language-features/client/dist/node/jsonClientMain.js:2:291132)
	at ChildProcess.<anonymous> (/ide/extensions/json-language-features/client/dist/node/jsonClientMain.js:2:514778)
	at ChildProcess.emit (node:events:518:28)
	at ChildProcess.emit (node:domain:489:12)
	at ChildProcess._handle.onexit (node:internal/child_process:293:12)
2025-08-09 15:16:21.929 [info] Extension host with pid 4318 exiting with code 0
