2025-08-10 13:47:44.849 [info] Log level: Info
2025-08-10 13:47:44.849 [info] VSCODE_MACHINE_ID: 10d3d877-fe56-442f-a117-f9035039c6e9
2025-08-10 13:47:44.849 [info] VSCODE_SESSION_ID: 32707d68-c741-47c1-ba49-25266c88e9601754833656376
2025-08-10 13:47:44.849 [info] VSCODE_VERSION: 1.102.3
2025-08-10 13:47:44.849 [info] VSCODE_APP_NAME: Gitpod Code
2025-08-10 13:47:44.849 [info] VSCODE_APP_HOST: Gitpod
2025-08-10 13:47:44.849 [info] VSCODE_UI_KIND: web
2025-08-10 13:47:44.849 [info] GITPOD_WORKSPACE_CONTEXT_URL: https://github.com/Abdallah-Develop/Website-starter
2025-08-10 13:47:44.849 [info] GITPOD_INSTANCE_ID: ca23dfbd-9ee2-47a7-b45d-42083e4f2a87
2025-08-10 13:47:44.849 [info] GITPOD_WORKSPACE_URL: https://abdallahdev-websitestar-esjdme0laxn.ws-eu120.gitpod.io
2025-08-10 13:47:44.849 [info] Gitpod Web 3953e81
2025-08-10 13:47:44.849 [info] Reading sessions from keychain...
2025-08-10 13:47:47.015 [info] Got stored sessions!
2025-08-10 13:47:47.015 [info] Verified session with the following scopes: function:accessCodeSyncStorage function:closePort function:controlAdmission function:deleteEnvVar function:generateNewGitpodToken function:getDefaultWorkspaceImage function:getGitpodTokenScopes function:getIDToken function:getLoggedInUser function:getOpenPorts function:getSupportedWorkspaceClasses function:getTeams function:getToken function:getWorkspace function:getWorkspaceEnvVars function:getWorkspaceOwner function:getWorkspaceTimeout function:getWorkspaceUsers function:guessGitTokenScopes function:isWorkspaceOwner function:openPort function:sendHeartBeat function:setEnvVar function:setWorkspaceTimeout function:stopWorkspace function:takeSnapshot function:trackEvent function:updateGitStatus function:waitForSnapshot resource:contentBlob::*::create/get resource:envVar::*/**::update resource:envVar::*/*::update resource:envVar::Abdallah-Develop/Website-starter::create/get/update/delete resource:gitpodToken::*::create resource:snapshot::ws-abdallahdev-websitestar-esjdme0laxn::create resource:token::*::get resource:userStorage::*::create/get/update resource:workspace::abdallahdev-websitestar-esjdme0laxn::get/update resource:workspaceInstance::ca23dfbd-9ee2-47a7-b45d-42083e4f2a87::get/update/delete
2025-08-10 13:47:47.015 [info] Got 1 verified sessions.
2025-08-10 13:47:47.015 [info] Getting sessions for all scopes...
2025-08-10 13:47:47.015 [info] Getting GitHub sessions for all scopes...
2025-08-10 13:47:47.015 [info] Got 1 sessions for all scopes...
2025-08-10 13:47:47.015 [info] Getting sessions for all scopes...
2025-08-10 13:47:47.015 [info] Got 1 sessions for all scopes...
2025-08-10 13:47:47.015 [info] Getting sessions for all scopes...
2025-08-10 13:47:47.015 [info] Got 1 sessions for all scopes...
2025-08-10 13:47:47.543 [info] Getting sessions for all scopes...
2025-08-10 13:47:47.544 [info] Got 1 sessions for all scopes...
2025-08-10 13:47:47.552 [info] Getting sessions for all scopes...
2025-08-10 13:47:47.552 [info] Got 1 sessions for all scopes...
2025-08-10 13:47:47.652 [info] Got 1 GitHub sessions for all scopes...
2025-08-10 13:47:47.652 [info] Getting GitHub sessions for all scopes...
2025-08-10 13:47:47.652 [info] Got 1 GitHub sessions for all scopes...
2025-08-10 13:47:47.652 [info] Getting GitHub sessions for all scopes...
2025-08-10 13:47:47.652 [info] Got 1 GitHub sessions for all scopes...
2025-08-10 13:47:47.652 [info] Getting GitHub sessions for all scopes...
2025-08-10 13:47:47.652 [info] Got 1 GitHub sessions for all scopes...
2025-08-10 13:47:48.878 [info] Getting GitHub sessions for read:user,repo,user:email,workflow...
2025-08-10 13:47:48.879 [info] Got 0 GitHub sessions for read:user,repo,user:email,workflow...
2025-08-10 13:47:50.086 [info] Getting sessions for all scopes...
2025-08-10 13:47:50.086 [info] Got 1 sessions for all scopes...
2025-08-10 13:47:50.446 [info] Getting GitHub sessions for all scopes...
2025-08-10 13:47:50.446 [info] Got 1 GitHub sessions for all scopes...
2025-08-10 13:47:50.446 [info] Getting GitHub sessions for all scopes...
2025-08-10 13:47:50.446 [info] Got 1 GitHub sessions for all scopes...
2025-08-10 13:47:51.426 [info] Getting sessions for function:accessCodeSyncStorage...
2025-08-10 13:47:51.426 [info] Got 1 sessions for function:accessCodeSyncStorage...
2025-08-10 13:47:53.901 [info] Getting sessions for all scopes...
2025-08-10 13:47:53.901 [info] Getting GitHub sessions for all scopes...
2025-08-10 13:47:53.901 [info] Got 1 sessions for all scopes...
2025-08-10 13:47:53.901 [info] Got 1 GitHub sessions for all scopes...
2025-08-10 13:47:54.052 [info] Getting GitHub sessions for project,read:org,read:user,repo,user:email,workflow...
2025-08-10 13:47:54.053 [info] Got 0 GitHub sessions for project,read:org,read:user,repo,user:email,workflow...
2025-08-10 13:47:54.209 [info] Getting sessions for all scopes...
2025-08-10 13:47:54.209 [info] Getting GitHub sessions for all scopes...
2025-08-10 13:47:54.210 [info] Got 1 sessions for all scopes...
2025-08-10 13:47:54.210 [info] Got 1 GitHub sessions for all scopes...
2025-08-10 13:47:54.296 [info] Getting sessions for all scopes...
2025-08-10 13:47:54.296 [info] Getting GitHub sessions for all scopes...
2025-08-10 13:47:54.296 [info] Got 1 sessions for all scopes...
2025-08-10 13:47:54.296 [info] Got 1 GitHub sessions for all scopes...
2025-08-10 13:47:54.474 [info] Getting sessions for all scopes...
2025-08-10 13:47:54.474 [info] Getting GitHub sessions for all scopes...
2025-08-10 13:47:54.474 [info] Got 1 sessions for all scopes...
2025-08-10 13:47:54.474 [info] Got 1 GitHub sessions for all scopes...
2025-08-10 13:47:54.562 [info] Getting GitHub sessions for read:user,repo,user:email,workflow...
2025-08-10 13:47:54.562 [info] Got 0 GitHub sessions for read:user,repo,user:email,workflow...
2025-08-10 13:47:55.073 [info] Getting GitHub sessions for read:user,repo,user:email...
2025-08-10 13:47:55.073 [info] Got 0 GitHub sessions for read:user,repo,user:email...
2025-08-10 13:47:55.488 [info] Getting GitHub sessions for read:user,repo,user:email,workflow...
2025-08-10 13:47:55.488 [info] Got 0 GitHub sessions for read:user,repo,user:email,workflow...
2025-08-10 13:47:55.851 [info] Getting sessions for all scopes...
2025-08-10 13:47:55.851 [info] Getting GitHub sessions for all scopes...
2025-08-10 13:47:55.851 [info] Got 1 sessions for all scopes...
2025-08-10 13:47:55.851 [info] Got 1 GitHub sessions for all scopes...
2025-08-10 13:47:56.376 [info] Getting sessions for all scopes...
2025-08-10 13:47:56.376 [info] Getting GitHub sessions for all scopes...
2025-08-10 13:47:56.376 [info] Got 1 sessions for all scopes...
2025-08-10 13:47:56.376 [info] Got 1 GitHub sessions for all scopes...
2025-08-10 13:47:57.001 [info] Getting sessions for all scopes...
2025-08-10 13:47:57.001 [info] Getting GitHub sessions for all scopes...
2025-08-10 13:47:57.001 [info] Got 1 sessions for all scopes...
2025-08-10 13:47:57.001 [info] Got 1 GitHub sessions for all scopes...
2025-08-10 13:47:57.190 [info] Getting sessions for all scopes...
2025-08-10 13:47:57.190 [info] Getting GitHub sessions for all scopes...
2025-08-10 13:47:57.190 [info] Got 1 sessions for all scopes...
2025-08-10 13:47:57.190 [info] Got 1 GitHub sessions for all scopes...
2025-08-10 13:47:57.333 [info] Getting sessions for all scopes...
2025-08-10 13:47:57.333 [info] Getting GitHub sessions for all scopes...
2025-08-10 13:47:57.333 [info] Got 1 sessions for all scopes...
2025-08-10 13:47:57.334 [info] Got 1 GitHub sessions for all scopes...
2025-08-10 13:47:57.335 [info] Getting sessions for all scopes...
2025-08-10 13:47:57.335 [info] Getting GitHub sessions for all scopes...
2025-08-10 13:47:57.335 [info] Got 1 sessions for all scopes...
2025-08-10 13:47:57.335 [info] Got 1 GitHub sessions for all scopes...
2025-08-10 13:47:57.335 [info] Getting sessions for all scopes...
2025-08-10 13:47:57.335 [info] Getting GitHub sessions for all scopes...
2025-08-10 13:47:57.335 [info] Got 1 sessions for all scopes...
2025-08-10 13:47:57.335 [info] Got 1 GitHub sessions for all scopes...
